[2024-04-16T09:38:19.698+0000] {local_task_job_runner.py:120} INFO - ::group::Pre task execution logs
[2024-04-16T09:38:19.723+0000] {taskinstance.py:2073} INFO - Dependencies all met for dep_context=non-requeueable deps ti=<TaskInstance: spotify_final_dag.hello2 scheduled__2024-04-16T00:52:00+00:00 [queued]>
[2024-04-16T09:38:19.732+0000] {taskinstance.py:2073} INFO - Dependencies all met for dep_context=requeueable deps ti=<TaskInstance: spotify_final_dag.hello2 scheduled__2024-04-16T00:52:00+00:00 [queued]>
[2024-04-16T09:38:19.733+0000] {taskinstance.py:2303} INFO - Starting attempt 1 of 2
[2024-04-16T09:38:19.747+0000] {taskinstance.py:2327} INFO - Executing <Task(PythonOperator): hello2> on 2024-04-16 00:52:00+00:00
[2024-04-16T09:38:19.759+0000] {warnings.py:110} WARNING - /home/***/.local/lib/python3.12/site-packages/***/task/task_runner/standard_task_runner.py:61: DeprecationWarning: This process (pid=1483) is multi-threaded, use of fork() may lead to deadlocks in the child.
  pid = os.fork()

[2024-04-16T09:38:19.761+0000] {standard_task_runner.py:63} INFO - Started process 1509 to run task
[2024-04-16T09:38:19.762+0000] {standard_task_runner.py:90} INFO - Running: ['***', 'tasks', 'run', 'spotify_final_dag', 'hello2', 'scheduled__2024-04-16T00:52:00+00:00', '--job-id', '228', '--raw', '--subdir', 'DAGS_FOLDER/dag.py', '--cfg-path', '/tmp/tmphza_endh']
[2024-04-16T09:38:19.763+0000] {standard_task_runner.py:91} INFO - Job 228: Subtask hello2
[2024-04-16T09:38:19.811+0000] {task_command.py:426} INFO - Running <TaskInstance: spotify_final_dag.hello2 scheduled__2024-04-16T00:52:00+00:00 [running]> on host 52651c1f9987
[2024-04-16T09:38:19.917+0000] {taskinstance.py:2644} INFO - Exporting env vars: AIRFLOW_CTX_DAG_OWNER='***' AIRFLOW_CTX_DAG_ID='spotify_final_dag' AIRFLOW_CTX_TASK_ID='hello2' AIRFLOW_CTX_EXECUTION_DATE='2024-04-16T00:52:00+00:00' AIRFLOW_CTX_TRY_NUMBER='1' AIRFLOW_CTX_DAG_RUN_ID='scheduled__2024-04-16T00:52:00+00:00'
[2024-04-16T09:38:19.919+0000] {taskinstance.py:430} INFO - ::endgroup::
[2024-04-16T09:38:20.350+0000] {logging_mixin.py:188} INFO - Connection successful
[2024-04-16T09:38:20.842+0000] {logging_mixin.py:188} INFO - Connection successful
[2024-04-16T09:38:21.272+0000] {logging_mixin.py:188} INFO - Connection successful
[2024-04-16T09:38:21.276+0000] {logging_mixin.py:188} INFO - Null Not Found
[2024-04-16T09:38:21.277+0000] {logging_mixin.py:188} INFO - Null Not Found
[2024-04-16T09:38:21.288+0000] {logging_mixin.py:188} INFO - Null Not Found
[2024-04-16T09:38:21.288+0000] {logging_mixin.py:188} INFO - Null Not Found
[2024-04-16T09:38:21.290+0000] {logging_mixin.py:188} INFO - Null Not Found
[2024-04-16T09:38:21.291+0000] {logging_mixin.py:188} INFO - Null Not Found
[2024-04-16T09:38:21.292+0000] {python.py:237} INFO - Done. Returned value was: None
[2024-04-16T09:38:21.293+0000] {taskinstance.py:441} INFO - ::group::Post task execution logs
[2024-04-16T09:38:21.302+0000] {taskinstance.py:1205} INFO - Marking task as SUCCESS. dag_id=spotify_final_dag, task_id=hello2, execution_date=20240416T005200, start_date=20240416T093819, end_date=20240416T093821
[2024-04-16T09:38:21.342+0000] {local_task_job_runner.py:240} INFO - Task exited with return code 0
[2024-04-16T09:38:21.357+0000] {taskinstance.py:3482} INFO - 0 downstream tasks scheduled from follow-on schedule check
[2024-04-16T09:38:21.359+0000] {local_task_job_runner.py:222} INFO - ::endgroup::
[2024-04-16T09:46:58.217+0000] {local_task_job_runner.py:120} INFO - ::group::Pre task execution logs
[2024-04-16T09:46:58.235+0000] {taskinstance.py:2073} INFO - Dependencies all met for dep_context=non-requeueable deps ti=<TaskInstance: spotify_final_dag.hello2 scheduled__2024-04-16T00:52:00+00:00 [queued]>
[2024-04-16T09:46:58.244+0000] {taskinstance.py:2073} INFO - Dependencies all met for dep_context=requeueable deps ti=<TaskInstance: spotify_final_dag.hello2 scheduled__2024-04-16T00:52:00+00:00 [queued]>
[2024-04-16T09:46:58.245+0000] {taskinstance.py:2303} INFO - Starting attempt 1 of 2
[2024-04-16T09:46:58.259+0000] {taskinstance.py:2327} INFO - Executing <Task(PythonOperator): hello2> on 2024-04-16 00:52:00+00:00
[2024-04-16T09:46:58.269+0000] {warnings.py:110} WARNING - /home/***/.local/lib/python3.12/site-packages/***/task/task_runner/standard_task_runner.py:61: DeprecationWarning: This process (pid=3908) is multi-threaded, use of fork() may lead to deadlocks in the child.
  pid = os.fork()

[2024-04-16T09:46:58.271+0000] {standard_task_runner.py:63} INFO - Started process 3934 to run task
[2024-04-16T09:46:58.271+0000] {standard_task_runner.py:90} INFO - Running: ['***', 'tasks', 'run', 'spotify_final_dag', 'hello2', 'scheduled__2024-04-16T00:52:00+00:00', '--job-id', '1002', '--raw', '--subdir', 'DAGS_FOLDER/dag.py', '--cfg-path', '/tmp/tmp7f6du13b']
[2024-04-16T09:46:58.273+0000] {standard_task_runner.py:91} INFO - Job 1002: Subtask hello2
[2024-04-16T09:46:58.317+0000] {task_command.py:426} INFO - Running <TaskInstance: spotify_final_dag.hello2 scheduled__2024-04-16T00:52:00+00:00 [running]> on host 52651c1f9987
[2024-04-16T09:46:58.397+0000] {taskinstance.py:2644} INFO - Exporting env vars: AIRFLOW_CTX_DAG_OWNER='***' AIRFLOW_CTX_DAG_ID='spotify_final_dag' AIRFLOW_CTX_TASK_ID='hello2' AIRFLOW_CTX_EXECUTION_DATE='2024-04-16T00:52:00+00:00' AIRFLOW_CTX_TRY_NUMBER='1' AIRFLOW_CTX_DAG_RUN_ID='scheduled__2024-04-16T00:52:00+00:00'
[2024-04-16T09:46:58.398+0000] {taskinstance.py:430} INFO - ::endgroup::
[2024-04-16T09:46:58.930+0000] {logging_mixin.py:188} INFO - Connection successful
[2024-04-16T09:46:59.315+0000] {logging_mixin.py:188} INFO - Connection successful
[2024-04-16T09:46:59.714+0000] {logging_mixin.py:188} INFO - Connection successful
[2024-04-16T09:46:59.719+0000] {logging_mixin.py:188} INFO - Null Not Found
[2024-04-16T09:46:59.720+0000] {logging_mixin.py:188} INFO - Null Not Found
[2024-04-16T09:46:59.730+0000] {logging_mixin.py:188} INFO - Null Not Found
[2024-04-16T09:46:59.730+0000] {logging_mixin.py:188} INFO - Null Not Found
[2024-04-16T09:46:59.732+0000] {logging_mixin.py:188} INFO - Null Not Found
[2024-04-16T09:46:59.732+0000] {logging_mixin.py:188} INFO - Null Not Found
[2024-04-16T09:46:59.734+0000] {python.py:237} INFO - Done. Returned value was: None
[2024-04-16T09:46:59.734+0000] {taskinstance.py:441} INFO - ::group::Post task execution logs
[2024-04-16T09:46:59.742+0000] {taskinstance.py:1205} INFO - Marking task as SUCCESS. dag_id=spotify_final_dag, task_id=hello2, execution_date=20240416T005200, start_date=20240416T094658, end_date=20240416T094659
[2024-04-16T09:46:59.769+0000] {local_task_job_runner.py:240} INFO - Task exited with return code 0
[2024-04-16T09:46:59.780+0000] {taskinstance.py:3482} INFO - 0 downstream tasks scheduled from follow-on schedule check
[2024-04-16T09:46:59.782+0000] {local_task_job_runner.py:222} INFO - ::endgroup::
