[2024-04-16T09:41:26.133+0000] {local_task_job_runner.py:120} INFO - ::group::Pre task execution logs
[2024-04-16T09:41:26.160+0000] {taskinstance.py:2073} INFO - Dependencies all met for dep_context=non-requeueable deps ti=<TaskInstance: spotify_final_dag.hello2 scheduled__2024-04-16T05:34:00+00:00 [queued]>
[2024-04-16T09:41:26.172+0000] {taskinstance.py:2073} INFO - Dependencies all met for dep_context=requeueable deps ti=<TaskInstance: spotify_final_dag.hello2 scheduled__2024-04-16T05:34:00+00:00 [queued]>
[2024-04-16T09:41:26.173+0000] {taskinstance.py:2303} INFO - Starting attempt 1 of 2
[2024-04-16T09:41:26.190+0000] {taskinstance.py:2327} INFO - Executing <Task(PythonOperator): hello2> on 2024-04-16 05:34:00+00:00
[2024-04-16T09:41:26.201+0000] {warnings.py:110} WARNING - /home/***/.local/lib/python3.12/site-packages/***/task/task_runner/standard_task_runner.py:61: DeprecationWarning: This process (pid=3210) is multi-threaded, use of fork() may lead to deadlocks in the child.
  pid = os.fork()

[2024-04-16T09:41:26.203+0000] {standard_task_runner.py:63} INFO - Started process 3236 to run task
[2024-04-16T09:41:26.204+0000] {standard_task_runner.py:90} INFO - Running: ['***', 'tasks', 'run', 'spotify_final_dag', 'hello2', 'scheduled__2024-04-16T05:34:00+00:00', '--job-id', '792', '--raw', '--subdir', 'DAGS_FOLDER/dag.py', '--cfg-path', '/tmp/tmppacvnkcl']
[2024-04-16T09:41:26.205+0000] {standard_task_runner.py:91} INFO - Job 792: Subtask hello2
[2024-04-16T09:41:26.257+0000] {task_command.py:426} INFO - Running <TaskInstance: spotify_final_dag.hello2 scheduled__2024-04-16T05:34:00+00:00 [running]> on host 52651c1f9987
[2024-04-16T09:41:26.364+0000] {taskinstance.py:2644} INFO - Exporting env vars: AIRFLOW_CTX_DAG_OWNER='***' AIRFLOW_CTX_DAG_ID='spotify_final_dag' AIRFLOW_CTX_TASK_ID='hello2' AIRFLOW_CTX_EXECUTION_DATE='2024-04-16T05:34:00+00:00' AIRFLOW_CTX_TRY_NUMBER='1' AIRFLOW_CTX_DAG_RUN_ID='scheduled__2024-04-16T05:34:00+00:00'
[2024-04-16T09:41:26.365+0000] {taskinstance.py:430} INFO - ::endgroup::
[2024-04-16T09:41:26.862+0000] {logging_mixin.py:188} INFO - Connection successful
[2024-04-16T09:41:27.343+0000] {logging_mixin.py:188} INFO - Connection successful
[2024-04-16T09:41:27.824+0000] {logging_mixin.py:188} INFO - Connection successful
[2024-04-16T09:41:27.828+0000] {logging_mixin.py:188} INFO - Null Not Found
[2024-04-16T09:41:27.829+0000] {logging_mixin.py:188} INFO - Null Not Found
[2024-04-16T09:41:27.838+0000] {logging_mixin.py:188} INFO - Null Not Found
[2024-04-16T09:41:27.838+0000] {logging_mixin.py:188} INFO - Null Not Found
[2024-04-16T09:41:27.840+0000] {logging_mixin.py:188} INFO - Null Not Found
[2024-04-16T09:41:27.840+0000] {logging_mixin.py:188} INFO - Null Not Found
[2024-04-16T09:41:27.841+0000] {python.py:237} INFO - Done. Returned value was: None
[2024-04-16T09:41:27.842+0000] {taskinstance.py:441} INFO - ::group::Post task execution logs
[2024-04-16T09:41:27.849+0000] {taskinstance.py:1205} INFO - Marking task as SUCCESS. dag_id=spotify_final_dag, task_id=hello2, execution_date=20240416T053400, start_date=20240416T094126, end_date=20240416T094127
[2024-04-16T09:41:27.902+0000] {local_task_job_runner.py:240} INFO - Task exited with return code 0
[2024-04-16T09:41:27.916+0000] {taskinstance.py:3482} INFO - 0 downstream tasks scheduled from follow-on schedule check
[2024-04-16T09:41:27.918+0000] {local_task_job_runner.py:222} INFO - ::endgroup::
[2024-04-16T09:48:29.309+0000] {local_task_job_runner.py:120} INFO - ::group::Pre task execution logs
[2024-04-16T09:48:29.331+0000] {taskinstance.py:2073} INFO - Dependencies all met for dep_context=non-requeueable deps ti=<TaskInstance: spotify_final_dag.hello2 scheduled__2024-04-16T05:34:00+00:00 [queued]>
[2024-04-16T09:48:29.341+0000] {taskinstance.py:2073} INFO - Dependencies all met for dep_context=requeueable deps ti=<TaskInstance: spotify_final_dag.hello2 scheduled__2024-04-16T05:34:00+00:00 [queued]>
[2024-04-16T09:48:29.342+0000] {taskinstance.py:2303} INFO - Starting attempt 1 of 2
[2024-04-16T09:48:29.357+0000] {taskinstance.py:2327} INFO - Executing <Task(PythonOperator): hello2> on 2024-04-16 05:34:00+00:00
[2024-04-16T09:48:29.365+0000] {warnings.py:110} WARNING - /home/***/.local/lib/python3.12/site-packages/***/task/task_runner/standard_task_runner.py:61: DeprecationWarning: This process (pid=4788) is multi-threaded, use of fork() may lead to deadlocks in the child.
  pid = os.fork()

[2024-04-16T09:48:29.367+0000] {standard_task_runner.py:63} INFO - Started process 4815 to run task
[2024-04-16T09:48:29.368+0000] {standard_task_runner.py:90} INFO - Running: ['***', 'tasks', 'run', 'spotify_final_dag', 'hello2', 'scheduled__2024-04-16T05:34:00+00:00', '--job-id', '1288', '--raw', '--subdir', 'DAGS_FOLDER/dag.py', '--cfg-path', '/tmp/tmp55qqevag']
[2024-04-16T09:48:29.369+0000] {standard_task_runner.py:91} INFO - Job 1288: Subtask hello2
[2024-04-16T09:48:29.417+0000] {task_command.py:426} INFO - Running <TaskInstance: spotify_final_dag.hello2 scheduled__2024-04-16T05:34:00+00:00 [running]> on host 52651c1f9987
[2024-04-16T09:48:29.508+0000] {taskinstance.py:2644} INFO - Exporting env vars: AIRFLOW_CTX_DAG_OWNER='***' AIRFLOW_CTX_DAG_ID='spotify_final_dag' AIRFLOW_CTX_TASK_ID='hello2' AIRFLOW_CTX_EXECUTION_DATE='2024-04-16T05:34:00+00:00' AIRFLOW_CTX_TRY_NUMBER='1' AIRFLOW_CTX_DAG_RUN_ID='scheduled__2024-04-16T05:34:00+00:00'
[2024-04-16T09:48:29.509+0000] {taskinstance.py:430} INFO - ::endgroup::
[2024-04-16T09:48:29.996+0000] {logging_mixin.py:188} INFO - Connection successful
[2024-04-16T09:48:30.434+0000] {logging_mixin.py:188} INFO - Connection successful
[2024-04-16T09:48:30.902+0000] {logging_mixin.py:188} INFO - Connection successful
[2024-04-16T09:48:30.906+0000] {logging_mixin.py:188} INFO - Null Not Found
[2024-04-16T09:48:30.907+0000] {logging_mixin.py:188} INFO - Null Not Found
[2024-04-16T09:48:30.916+0000] {logging_mixin.py:188} INFO - Null Not Found
[2024-04-16T09:48:30.917+0000] {logging_mixin.py:188} INFO - Null Not Found
[2024-04-16T09:48:30.918+0000] {logging_mixin.py:188} INFO - Null Not Found
[2024-04-16T09:48:30.919+0000] {logging_mixin.py:188} INFO - Null Not Found
[2024-04-16T09:48:30.920+0000] {python.py:237} INFO - Done. Returned value was: None
[2024-04-16T09:48:30.920+0000] {taskinstance.py:441} INFO - ::group::Post task execution logs
[2024-04-16T09:48:30.929+0000] {taskinstance.py:1205} INFO - Marking task as SUCCESS. dag_id=spotify_final_dag, task_id=hello2, execution_date=20240416T053400, start_date=20240416T094829, end_date=20240416T094830
[2024-04-16T09:48:30.985+0000] {local_task_job_runner.py:240} INFO - Task exited with return code 0
[2024-04-16T09:48:30.997+0000] {taskinstance.py:3482} INFO - 0 downstream tasks scheduled from follow-on schedule check
[2024-04-16T09:48:30.999+0000] {local_task_job_runner.py:222} INFO - ::endgroup::
