[2024-04-16T09:38:20.908+0000] {local_task_job_runner.py:120} INFO - ::group::Pre task execution logs
[2024-04-16T09:38:20.925+0000] {taskinstance.py:2073} INFO - Dependencies all met for dep_context=non-requeueable deps ti=<TaskInstance: spotify_final_dag.hello2 scheduled__2024-04-16T00:58:00+00:00 [queued]>
[2024-04-16T09:38:20.932+0000] {taskinstance.py:2073} INFO - Dependencies all met for dep_context=requeueable deps ti=<TaskInstance: spotify_final_dag.hello2 scheduled__2024-04-16T00:58:00+00:00 [queued]>
[2024-04-16T09:38:20.932+0000] {taskinstance.py:2303} INFO - Starting attempt 1 of 2
[2024-04-16T09:38:20.943+0000] {taskinstance.py:2327} INFO - Executing <Task(PythonOperator): hello2> on 2024-04-16 00:58:00+00:00
[2024-04-16T09:38:20.951+0000] {warnings.py:110} WARNING - /home/***/.local/lib/python3.12/site-packages/***/task/task_runner/standard_task_runner.py:61: DeprecationWarning: This process (pid=1504) is multi-threaded, use of fork() may lead to deadlocks in the child.
  pid = os.fork()

[2024-04-16T09:38:20.953+0000] {standard_task_runner.py:63} INFO - Started process 1519 to run task
[2024-04-16T09:38:20.953+0000] {standard_task_runner.py:90} INFO - Running: ['***', 'tasks', 'run', 'spotify_final_dag', 'hello2', 'scheduled__2024-04-16T00:58:00+00:00', '--job-id', '237', '--raw', '--subdir', 'DAGS_FOLDER/dag.py', '--cfg-path', '/tmp/tmpwosc82mf']
[2024-04-16T09:38:20.954+0000] {standard_task_runner.py:91} INFO - Job 237: Subtask hello2
[2024-04-16T09:38:20.995+0000] {task_command.py:426} INFO - Running <TaskInstance: spotify_final_dag.hello2 scheduled__2024-04-16T00:58:00+00:00 [running]> on host 52651c1f9987
[2024-04-16T09:38:21.138+0000] {taskinstance.py:2644} INFO - Exporting env vars: AIRFLOW_CTX_DAG_OWNER='***' AIRFLOW_CTX_DAG_ID='spotify_final_dag' AIRFLOW_CTX_TASK_ID='hello2' AIRFLOW_CTX_EXECUTION_DATE='2024-04-16T00:58:00+00:00' AIRFLOW_CTX_TRY_NUMBER='1' AIRFLOW_CTX_DAG_RUN_ID='scheduled__2024-04-16T00:58:00+00:00'
[2024-04-16T09:38:21.140+0000] {taskinstance.py:430} INFO - ::endgroup::
[2024-04-16T09:38:21.514+0000] {logging_mixin.py:188} INFO - Connection successful
[2024-04-16T09:38:21.927+0000] {logging_mixin.py:188} INFO - Connection successful
[2024-04-16T09:38:22.312+0000] {logging_mixin.py:188} INFO - Connection successful
[2024-04-16T09:38:22.318+0000] {logging_mixin.py:188} INFO - Null Not Found
[2024-04-16T09:38:22.319+0000] {logging_mixin.py:188} INFO - Null Not Found
[2024-04-16T09:38:22.329+0000] {logging_mixin.py:188} INFO - Null Not Found
[2024-04-16T09:38:22.329+0000] {logging_mixin.py:188} INFO - Null Not Found
[2024-04-16T09:38:22.331+0000] {logging_mixin.py:188} INFO - Null Not Found
[2024-04-16T09:38:22.332+0000] {logging_mixin.py:188} INFO - Null Not Found
[2024-04-16T09:38:22.334+0000] {python.py:237} INFO - Done. Returned value was: None
[2024-04-16T09:38:22.334+0000] {taskinstance.py:441} INFO - ::group::Post task execution logs
[2024-04-16T09:38:22.343+0000] {taskinstance.py:1205} INFO - Marking task as SUCCESS. dag_id=spotify_final_dag, task_id=hello2, execution_date=20240416T005800, start_date=20240416T093820, end_date=20240416T093822
[2024-04-16T09:38:22.491+0000] {local_task_job_runner.py:240} INFO - Task exited with return code 0
[2024-04-16T09:38:22.509+0000] {taskinstance.py:3482} INFO - 0 downstream tasks scheduled from follow-on schedule check
[2024-04-16T09:38:22.511+0000] {local_task_job_runner.py:222} INFO - ::endgroup::
[2024-04-16T09:46:58.834+0000] {local_task_job_runner.py:120} INFO - ::group::Pre task execution logs
[2024-04-16T09:46:58.852+0000] {taskinstance.py:2073} INFO - Dependencies all met for dep_context=non-requeueable deps ti=<TaskInstance: spotify_final_dag.hello2 scheduled__2024-04-16T00:58:00+00:00 [queued]>
[2024-04-16T09:46:58.859+0000] {taskinstance.py:2073} INFO - Dependencies all met for dep_context=requeueable deps ti=<TaskInstance: spotify_final_dag.hello2 scheduled__2024-04-16T00:58:00+00:00 [queued]>
[2024-04-16T09:46:58.860+0000] {taskinstance.py:2303} INFO - Starting attempt 1 of 2
[2024-04-16T09:46:58.872+0000] {taskinstance.py:2327} INFO - Executing <Task(PythonOperator): hello2> on 2024-04-16 00:58:00+00:00
[2024-04-16T09:46:58.879+0000] {warnings.py:110} WARNING - /home/***/.local/lib/python3.12/site-packages/***/task/task_runner/standard_task_runner.py:61: DeprecationWarning: This process (pid=3924) is multi-threaded, use of fork() may lead to deadlocks in the child.
  pid = os.fork()

[2024-04-16T09:46:58.880+0000] {standard_task_runner.py:63} INFO - Started process 3938 to run task
[2024-04-16T09:46:58.881+0000] {standard_task_runner.py:90} INFO - Running: ['***', 'tasks', 'run', 'spotify_final_dag', 'hello2', 'scheduled__2024-04-16T00:58:00+00:00', '--job-id', '1006', '--raw', '--subdir', 'DAGS_FOLDER/dag.py', '--cfg-path', '/tmp/tmp800mwce3']
[2024-04-16T09:46:58.882+0000] {standard_task_runner.py:91} INFO - Job 1006: Subtask hello2
[2024-04-16T09:46:58.915+0000] {task_command.py:426} INFO - Running <TaskInstance: spotify_final_dag.hello2 scheduled__2024-04-16T00:58:00+00:00 [running]> on host 52651c1f9987
[2024-04-16T09:46:58.985+0000] {taskinstance.py:2644} INFO - Exporting env vars: AIRFLOW_CTX_DAG_OWNER='***' AIRFLOW_CTX_DAG_ID='spotify_final_dag' AIRFLOW_CTX_TASK_ID='hello2' AIRFLOW_CTX_EXECUTION_DATE='2024-04-16T00:58:00+00:00' AIRFLOW_CTX_TRY_NUMBER='1' AIRFLOW_CTX_DAG_RUN_ID='scheduled__2024-04-16T00:58:00+00:00'
[2024-04-16T09:46:58.986+0000] {taskinstance.py:430} INFO - ::endgroup::
[2024-04-16T09:46:59.390+0000] {logging_mixin.py:188} INFO - Connection successful
[2024-04-16T09:46:59.856+0000] {logging_mixin.py:188} INFO - Connection successful
[2024-04-16T09:47:00.287+0000] {logging_mixin.py:188} INFO - Connection successful
[2024-04-16T09:47:00.291+0000] {logging_mixin.py:188} INFO - Null Not Found
[2024-04-16T09:47:00.292+0000] {logging_mixin.py:188} INFO - Null Not Found
[2024-04-16T09:47:00.301+0000] {logging_mixin.py:188} INFO - Null Not Found
[2024-04-16T09:47:00.301+0000] {logging_mixin.py:188} INFO - Null Not Found
[2024-04-16T09:47:00.303+0000] {logging_mixin.py:188} INFO - Null Not Found
[2024-04-16T09:47:00.304+0000] {logging_mixin.py:188} INFO - Null Not Found
[2024-04-16T09:47:00.305+0000] {python.py:237} INFO - Done. Returned value was: None
[2024-04-16T09:47:00.306+0000] {taskinstance.py:441} INFO - ::group::Post task execution logs
[2024-04-16T09:47:00.313+0000] {taskinstance.py:1205} INFO - Marking task as SUCCESS. dag_id=spotify_final_dag, task_id=hello2, execution_date=20240416T005800, start_date=20240416T094658, end_date=20240416T094700
[2024-04-16T09:47:00.339+0000] {local_task_job_runner.py:240} INFO - Task exited with return code 0
[2024-04-16T09:47:00.350+0000] {taskinstance.py:3482} INFO - 0 downstream tasks scheduled from follow-on schedule check
[2024-04-16T09:47:00.352+0000] {local_task_job_runner.py:222} INFO - ::endgroup::
