[2024-04-16T09:40:16.890+0000] {local_task_job_runner.py:120} INFO - ::group::Pre task execution logs
[2024-04-16T09:40:16.915+0000] {taskinstance.py:2073} INFO - Dependencies all met for dep_context=non-requeueable deps ti=<TaskInstance: spotify_final_dag.hello2 scheduled__2024-04-16T03:40:00+00:00 [queued]>
[2024-04-16T09:40:16.926+0000] {taskinstance.py:2073} INFO - Dependencies all met for dep_context=requeueable deps ti=<TaskInstance: spotify_final_dag.hello2 scheduled__2024-04-16T03:40:00+00:00 [queued]>
[2024-04-16T09:40:16.926+0000] {taskinstance.py:2303} INFO - Starting attempt 1 of 2
[2024-04-16T09:40:16.941+0000] {taskinstance.py:2327} INFO - Executing <Task(PythonOperator): hello2> on 2024-04-16 03:40:00+00:00
[2024-04-16T09:40:16.953+0000] {warnings.py:110} WARNING - /home/***/.local/lib/python3.12/site-packages/***/task/task_runner/standard_task_runner.py:61: DeprecationWarning: This process (pid=2533) is multi-threaded, use of fork() may lead to deadlocks in the child.
  pid = os.fork()

[2024-04-16T09:40:16.955+0000] {standard_task_runner.py:63} INFO - Started process 2560 to run task
[2024-04-16T09:40:16.955+0000] {standard_task_runner.py:90} INFO - Running: ['***', 'tasks', 'run', 'spotify_final_dag', 'hello2', 'scheduled__2024-04-16T03:40:00+00:00', '--job-id', '570', '--raw', '--subdir', 'DAGS_FOLDER/dag.py', '--cfg-path', '/tmp/tmpu2vjq54h']
[2024-04-16T09:40:16.957+0000] {standard_task_runner.py:91} INFO - Job 570: Subtask hello2
[2024-04-16T09:40:17.013+0000] {task_command.py:426} INFO - Running <TaskInstance: spotify_final_dag.hello2 scheduled__2024-04-16T03:40:00+00:00 [running]> on host 52651c1f9987
[2024-04-16T09:40:17.123+0000] {taskinstance.py:2644} INFO - Exporting env vars: AIRFLOW_CTX_DAG_OWNER='***' AIRFLOW_CTX_DAG_ID='spotify_final_dag' AIRFLOW_CTX_TASK_ID='hello2' AIRFLOW_CTX_EXECUTION_DATE='2024-04-16T03:40:00+00:00' AIRFLOW_CTX_TRY_NUMBER='1' AIRFLOW_CTX_DAG_RUN_ID='scheduled__2024-04-16T03:40:00+00:00'
[2024-04-16T09:40:17.125+0000] {taskinstance.py:430} INFO - ::endgroup::
[2024-04-16T09:40:17.639+0000] {logging_mixin.py:188} INFO - Connection successful
[2024-04-16T09:40:18.092+0000] {logging_mixin.py:188} INFO - Connection successful
[2024-04-16T09:40:18.524+0000] {logging_mixin.py:188} INFO - Connection successful
[2024-04-16T09:40:18.527+0000] {logging_mixin.py:188} INFO - Null Not Found
[2024-04-16T09:40:18.528+0000] {logging_mixin.py:188} INFO - Null Not Found
[2024-04-16T09:40:18.537+0000] {logging_mixin.py:188} INFO - Null Not Found
[2024-04-16T09:40:18.538+0000] {logging_mixin.py:188} INFO - Null Not Found
[2024-04-16T09:40:18.540+0000] {logging_mixin.py:188} INFO - Null Not Found
[2024-04-16T09:40:18.540+0000] {logging_mixin.py:188} INFO - Null Not Found
[2024-04-16T09:40:18.541+0000] {python.py:237} INFO - Done. Returned value was: None
[2024-04-16T09:40:18.542+0000] {taskinstance.py:441} INFO - ::group::Post task execution logs
[2024-04-16T09:40:18.550+0000] {taskinstance.py:1205} INFO - Marking task as SUCCESS. dag_id=spotify_final_dag, task_id=hello2, execution_date=20240416T034000, start_date=20240416T094016, end_date=20240416T094018
[2024-04-16T09:40:18.578+0000] {local_task_job_runner.py:240} INFO - Task exited with return code 0
[2024-04-16T09:40:18.593+0000] {taskinstance.py:3482} INFO - 0 downstream tasks scheduled from follow-on schedule check
[2024-04-16T09:40:18.594+0000] {local_task_job_runner.py:222} INFO - ::endgroup::
[2024-04-16T09:47:50.645+0000] {local_task_job_runner.py:120} INFO - ::group::Pre task execution logs
[2024-04-16T09:47:50.660+0000] {taskinstance.py:2073} INFO - Dependencies all met for dep_context=non-requeueable deps ti=<TaskInstance: spotify_final_dag.hello2 scheduled__2024-04-16T03:40:00+00:00 [queued]>
[2024-04-16T09:47:50.666+0000] {taskinstance.py:2073} INFO - Dependencies all met for dep_context=requeueable deps ti=<TaskInstance: spotify_final_dag.hello2 scheduled__2024-04-16T03:40:00+00:00 [queued]>
[2024-04-16T09:47:50.667+0000] {taskinstance.py:2303} INFO - Starting attempt 1 of 2
[2024-04-16T09:47:50.676+0000] {taskinstance.py:2327} INFO - Executing <Task(PythonOperator): hello2> on 2024-04-16 03:40:00+00:00
[2024-04-16T09:47:50.681+0000] {warnings.py:110} WARNING - /home/***/.local/lib/python3.12/site-packages/***/task/task_runner/standard_task_runner.py:61: DeprecationWarning: This process (pid=4423) is multi-threaded, use of fork() may lead to deadlocks in the child.
  pid = os.fork()

[2024-04-16T09:47:50.683+0000] {standard_task_runner.py:63} INFO - Started process 4433 to run task
[2024-04-16T09:47:50.683+0000] {standard_task_runner.py:90} INFO - Running: ['***', 'tasks', 'run', 'spotify_final_dag', 'hello2', 'scheduled__2024-04-16T03:40:00+00:00', '--job-id', '1167', '--raw', '--subdir', 'DAGS_FOLDER/dag.py', '--cfg-path', '/tmp/tmp3xjt0w7t']
[2024-04-16T09:47:50.684+0000] {standard_task_runner.py:91} INFO - Job 1167: Subtask hello2
[2024-04-16T09:47:50.720+0000] {task_command.py:426} INFO - Running <TaskInstance: spotify_final_dag.hello2 scheduled__2024-04-16T03:40:00+00:00 [running]> on host 52651c1f9987
[2024-04-16T09:47:50.797+0000] {taskinstance.py:2644} INFO - Exporting env vars: AIRFLOW_CTX_DAG_OWNER='***' AIRFLOW_CTX_DAG_ID='spotify_final_dag' AIRFLOW_CTX_TASK_ID='hello2' AIRFLOW_CTX_EXECUTION_DATE='2024-04-16T03:40:00+00:00' AIRFLOW_CTX_TRY_NUMBER='1' AIRFLOW_CTX_DAG_RUN_ID='scheduled__2024-04-16T03:40:00+00:00'
[2024-04-16T09:47:50.799+0000] {taskinstance.py:430} INFO - ::endgroup::
[2024-04-16T09:47:51.278+0000] {logging_mixin.py:188} INFO - Connection successful
[2024-04-16T09:47:51.690+0000] {logging_mixin.py:188} INFO - Connection successful
[2024-04-16T09:47:52.173+0000] {logging_mixin.py:188} INFO - Connection successful
[2024-04-16T09:47:52.178+0000] {logging_mixin.py:188} INFO - Null Not Found
[2024-04-16T09:47:52.179+0000] {logging_mixin.py:188} INFO - Null Not Found
[2024-04-16T09:47:52.186+0000] {logging_mixin.py:188} INFO - Null Not Found
[2024-04-16T09:47:52.187+0000] {logging_mixin.py:188} INFO - Null Not Found
[2024-04-16T09:47:52.188+0000] {logging_mixin.py:188} INFO - Null Not Found
[2024-04-16T09:47:52.188+0000] {logging_mixin.py:188} INFO - Null Not Found
[2024-04-16T09:47:52.189+0000] {python.py:237} INFO - Done. Returned value was: None
[2024-04-16T09:47:52.190+0000] {taskinstance.py:441} INFO - ::group::Post task execution logs
[2024-04-16T09:47:52.197+0000] {taskinstance.py:1205} INFO - Marking task as SUCCESS. dag_id=spotify_final_dag, task_id=hello2, execution_date=20240416T034000, start_date=20240416T094750, end_date=20240416T094752
[2024-04-16T09:47:52.221+0000] {local_task_job_runner.py:240} INFO - Task exited with return code 0
[2024-04-16T09:47:52.232+0000] {taskinstance.py:3482} INFO - 0 downstream tasks scheduled from follow-on schedule check
[2024-04-16T09:47:52.234+0000] {local_task_job_runner.py:222} INFO - ::endgroup::
