[2024-04-16T09:40:36.882+0000] {local_task_job_runner.py:120} INFO - ::group::Pre task execution logs
[2024-04-16T09:40:36.912+0000] {taskinstance.py:2073} INFO - Dependencies all met for dep_context=non-requeueable deps ti=<TaskInstance: spotify_final_dag.hello2 scheduled__2024-04-16T04:12:00+00:00 [queued]>
[2024-04-16T09:40:36.924+0000] {taskinstance.py:2073} INFO - Dependencies all met for dep_context=requeueable deps ti=<TaskInstance: spotify_final_dag.hello2 scheduled__2024-04-16T04:12:00+00:00 [queued]>
[2024-04-16T09:40:36.925+0000] {taskinstance.py:2303} INFO - Starting attempt 1 of 2
[2024-04-16T09:40:36.948+0000] {taskinstance.py:2327} INFO - Executing <Task(PythonOperator): hello2> on 2024-04-16 04:12:00+00:00
[2024-04-16T09:40:36.960+0000] {warnings.py:110} WARNING - /home/***/.local/lib/python3.12/site-packages/***/task/task_runner/standard_task_runner.py:61: DeprecationWarning: This process (pid=2720) is multi-threaded, use of fork() may lead to deadlocks in the child.
  pid = os.fork()

[2024-04-16T09:40:36.962+0000] {standard_task_runner.py:63} INFO - Started process 2749 to run task
[2024-04-16T09:40:36.962+0000] {standard_task_runner.py:90} INFO - Running: ['***', 'tasks', 'run', 'spotify_final_dag', 'hello2', 'scheduled__2024-04-16T04:12:00+00:00', '--job-id', '633', '--raw', '--subdir', 'DAGS_FOLDER/dag.py', '--cfg-path', '/tmp/tmpopx3giwx']
[2024-04-16T09:40:36.963+0000] {standard_task_runner.py:91} INFO - Job 633: Subtask hello2
[2024-04-16T09:40:37.024+0000] {task_command.py:426} INFO - Running <TaskInstance: spotify_final_dag.hello2 scheduled__2024-04-16T04:12:00+00:00 [running]> on host 52651c1f9987
[2024-04-16T09:40:37.136+0000] {taskinstance.py:2644} INFO - Exporting env vars: AIRFLOW_CTX_DAG_OWNER='***' AIRFLOW_CTX_DAG_ID='spotify_final_dag' AIRFLOW_CTX_TASK_ID='hello2' AIRFLOW_CTX_EXECUTION_DATE='2024-04-16T04:12:00+00:00' AIRFLOW_CTX_TRY_NUMBER='1' AIRFLOW_CTX_DAG_RUN_ID='scheduled__2024-04-16T04:12:00+00:00'
[2024-04-16T09:40:37.138+0000] {taskinstance.py:430} INFO - ::endgroup::
[2024-04-16T09:40:37.566+0000] {logging_mixin.py:188} INFO - Connection successful
[2024-04-16T09:40:37.963+0000] {logging_mixin.py:188} INFO - Connection successful
[2024-04-16T09:40:38.382+0000] {logging_mixin.py:188} INFO - Connection successful
[2024-04-16T09:40:38.388+0000] {logging_mixin.py:188} INFO - Null Not Found
[2024-04-16T09:40:38.390+0000] {logging_mixin.py:188} INFO - Null Not Found
[2024-04-16T09:40:38.403+0000] {logging_mixin.py:188} INFO - Null Not Found
[2024-04-16T09:40:38.404+0000] {logging_mixin.py:188} INFO - Null Not Found
[2024-04-16T09:40:38.405+0000] {logging_mixin.py:188} INFO - Null Not Found
[2024-04-16T09:40:38.406+0000] {logging_mixin.py:188} INFO - Null Not Found
[2024-04-16T09:40:38.408+0000] {python.py:237} INFO - Done. Returned value was: None
[2024-04-16T09:40:38.409+0000] {taskinstance.py:441} INFO - ::group::Post task execution logs
[2024-04-16T09:40:38.420+0000] {taskinstance.py:1205} INFO - Marking task as SUCCESS. dag_id=spotify_final_dag, task_id=hello2, execution_date=20240416T041200, start_date=20240416T094036, end_date=20240416T094038
[2024-04-16T09:40:38.464+0000] {local_task_job_runner.py:240} INFO - Task exited with return code 0
[2024-04-16T09:40:38.478+0000] {taskinstance.py:3482} INFO - 0 downstream tasks scheduled from follow-on schedule check
[2024-04-16T09:40:38.480+0000] {local_task_job_runner.py:222} INFO - ::endgroup::
[2024-04-16T09:48:00.532+0000] {local_task_job_runner.py:120} INFO - ::group::Pre task execution logs
[2024-04-16T09:48:00.548+0000] {taskinstance.py:2073} INFO - Dependencies all met for dep_context=non-requeueable deps ti=<TaskInstance: spotify_final_dag.hello2 scheduled__2024-04-16T04:12:00+00:00 [queued]>
[2024-04-16T09:48:00.555+0000] {taskinstance.py:2073} INFO - Dependencies all met for dep_context=requeueable deps ti=<TaskInstance: spotify_final_dag.hello2 scheduled__2024-04-16T04:12:00+00:00 [queued]>
[2024-04-16T09:48:00.555+0000] {taskinstance.py:2303} INFO - Starting attempt 1 of 2
[2024-04-16T09:48:00.565+0000] {taskinstance.py:2327} INFO - Executing <Task(PythonOperator): hello2> on 2024-04-16 04:12:00+00:00
[2024-04-16T09:48:00.572+0000] {warnings.py:110} WARNING - /home/***/.local/lib/python3.12/site-packages/***/task/task_runner/standard_task_runner.py:61: DeprecationWarning: This process (pid=4519) is multi-threaded, use of fork() may lead to deadlocks in the child.
  pid = os.fork()

[2024-04-16T09:48:00.574+0000] {standard_task_runner.py:63} INFO - Started process 4531 to run task
[2024-04-16T09:48:00.574+0000] {standard_task_runner.py:90} INFO - Running: ['***', 'tasks', 'run', 'spotify_final_dag', 'hello2', 'scheduled__2024-04-16T04:12:00+00:00', '--job-id', '1199', '--raw', '--subdir', 'DAGS_FOLDER/dag.py', '--cfg-path', '/tmp/tmpxrzgsn4d']
[2024-04-16T09:48:00.575+0000] {standard_task_runner.py:91} INFO - Job 1199: Subtask hello2
[2024-04-16T09:48:00.613+0000] {task_command.py:426} INFO - Running <TaskInstance: spotify_final_dag.hello2 scheduled__2024-04-16T04:12:00+00:00 [running]> on host 52651c1f9987
[2024-04-16T09:48:00.688+0000] {taskinstance.py:2644} INFO - Exporting env vars: AIRFLOW_CTX_DAG_OWNER='***' AIRFLOW_CTX_DAG_ID='spotify_final_dag' AIRFLOW_CTX_TASK_ID='hello2' AIRFLOW_CTX_EXECUTION_DATE='2024-04-16T04:12:00+00:00' AIRFLOW_CTX_TRY_NUMBER='1' AIRFLOW_CTX_DAG_RUN_ID='scheduled__2024-04-16T04:12:00+00:00'
[2024-04-16T09:48:00.690+0000] {taskinstance.py:430} INFO - ::endgroup::
[2024-04-16T09:48:01.116+0000] {logging_mixin.py:188} INFO - Connection successful
[2024-04-16T09:48:01.561+0000] {logging_mixin.py:188} INFO - Connection successful
[2024-04-16T09:48:01.938+0000] {logging_mixin.py:188} INFO - Connection successful
[2024-04-16T09:48:01.942+0000] {logging_mixin.py:188} INFO - Null Not Found
[2024-04-16T09:48:01.943+0000] {logging_mixin.py:188} INFO - Null Not Found
[2024-04-16T09:48:01.950+0000] {logging_mixin.py:188} INFO - Null Not Found
[2024-04-16T09:48:01.951+0000] {logging_mixin.py:188} INFO - Null Not Found
[2024-04-16T09:48:01.952+0000] {logging_mixin.py:188} INFO - Null Not Found
[2024-04-16T09:48:01.953+0000] {logging_mixin.py:188} INFO - Null Not Found
[2024-04-16T09:48:01.954+0000] {python.py:237} INFO - Done. Returned value was: None
[2024-04-16T09:48:01.954+0000] {taskinstance.py:441} INFO - ::group::Post task execution logs
[2024-04-16T09:48:01.961+0000] {taskinstance.py:1205} INFO - Marking task as SUCCESS. dag_id=spotify_final_dag, task_id=hello2, execution_date=20240416T041200, start_date=20240416T094800, end_date=20240416T094801
[2024-04-16T09:48:01.992+0000] {local_task_job_runner.py:240} INFO - Task exited with return code 0
[2024-04-16T09:48:02.004+0000] {taskinstance.py:3482} INFO - 0 downstream tasks scheduled from follow-on schedule check
[2024-04-16T09:48:02.006+0000] {local_task_job_runner.py:222} INFO - ::endgroup::
