[2024-04-16T09:49:22.151+0000] {local_task_job_runner.py:120} INFO - ::group::Pre task execution logs
[2024-04-16T09:49:22.168+0000] {taskinstance.py:2073} INFO - Dependencies all met for dep_context=non-requeueable deps ti=<TaskInstance: spotify_final_dag.hello2 scheduled__2024-04-16T08:26:00+00:00 [queued]>
[2024-04-16T09:49:22.176+0000] {taskinstance.py:2073} INFO - Dependencies all met for dep_context=requeueable deps ti=<TaskInstance: spotify_final_dag.hello2 scheduled__2024-04-16T08:26:00+00:00 [queued]>
[2024-04-16T09:49:22.176+0000] {taskinstance.py:2303} INFO - Starting attempt 1 of 2
[2024-04-16T09:49:22.188+0000] {taskinstance.py:2327} INFO - Executing <Task(PythonOperator): hello2> on 2024-04-16 08:26:00+00:00
[2024-04-16T09:49:22.196+0000] {warnings.py:110} WARNING - /home/***/.local/lib/python3.12/site-packages/***/task/task_runner/standard_task_runner.py:61: DeprecationWarning: This process (pid=5314) is multi-threaded, use of fork() may lead to deadlocks in the child.
  pid = os.fork()

[2024-04-16T09:49:22.198+0000] {standard_task_runner.py:63} INFO - Started process 5320 to run task
[2024-04-16T09:49:22.198+0000] {standard_task_runner.py:90} INFO - Running: ['***', 'tasks', 'run', 'spotify_final_dag', 'hello2', 'scheduled__2024-04-16T08:26:00+00:00', '--job-id', '1455', '--raw', '--subdir', 'DAGS_FOLDER/dag.py', '--cfg-path', '/tmp/tmp5o87n2_j']
[2024-04-16T09:49:22.199+0000] {standard_task_runner.py:91} INFO - Job 1455: Subtask hello2
[2024-04-16T09:49:22.236+0000] {task_command.py:426} INFO - Running <TaskInstance: spotify_final_dag.hello2 scheduled__2024-04-16T08:26:00+00:00 [running]> on host 52651c1f9987
[2024-04-16T09:49:22.322+0000] {taskinstance.py:2644} INFO - Exporting env vars: AIRFLOW_CTX_DAG_OWNER='***' AIRFLOW_CTX_DAG_ID='spotify_final_dag' AIRFLOW_CTX_TASK_ID='hello2' AIRFLOW_CTX_EXECUTION_DATE='2024-04-16T08:26:00+00:00' AIRFLOW_CTX_TRY_NUMBER='1' AIRFLOW_CTX_DAG_RUN_ID='scheduled__2024-04-16T08:26:00+00:00'
[2024-04-16T09:49:22.324+0000] {taskinstance.py:430} INFO - ::endgroup::
[2024-04-16T09:49:22.745+0000] {logging_mixin.py:188} INFO - Connection successful
[2024-04-16T09:49:23.161+0000] {logging_mixin.py:188} INFO - Connection successful
[2024-04-16T09:49:23.600+0000] {logging_mixin.py:188} INFO - Connection successful
[2024-04-16T09:49:23.604+0000] {logging_mixin.py:188} INFO - Null Not Found
[2024-04-16T09:49:23.606+0000] {logging_mixin.py:188} INFO - Null Not Found
[2024-04-16T09:49:23.614+0000] {logging_mixin.py:188} INFO - Null Not Found
[2024-04-16T09:49:23.615+0000] {logging_mixin.py:188} INFO - Null Not Found
[2024-04-16T09:49:23.616+0000] {logging_mixin.py:188} INFO - Null Not Found
[2024-04-16T09:49:23.617+0000] {logging_mixin.py:188} INFO - Null Not Found
[2024-04-16T09:49:23.618+0000] {python.py:237} INFO - Done. Returned value was: None
[2024-04-16T09:49:23.619+0000] {taskinstance.py:441} INFO - ::group::Post task execution logs
[2024-04-16T09:49:23.625+0000] {taskinstance.py:1205} INFO - Marking task as SUCCESS. dag_id=spotify_final_dag, task_id=hello2, execution_date=20240416T082600, start_date=20240416T094922, end_date=20240416T094923
[2024-04-16T09:49:23.657+0000] {local_task_job_runner.py:240} INFO - Task exited with return code 0
[2024-04-16T09:49:23.668+0000] {taskinstance.py:3482} INFO - 0 downstream tasks scheduled from follow-on schedule check
[2024-04-16T09:49:23.670+0000] {local_task_job_runner.py:222} INFO - ::endgroup::
