[2024-04-16T09:39:45.768+0000] {local_task_job_runner.py:120} INFO - ::group::Pre task execution logs
[2024-04-16T09:39:45.800+0000] {taskinstance.py:2073} INFO - Dependencies all met for dep_context=non-requeueable deps ti=<TaskInstance: spotify_final_dag.hello2 scheduled__2024-04-16T02:50:00+00:00 [queued]>
[2024-04-16T09:39:45.818+0000] {taskinstance.py:2073} INFO - Dependencies all met for dep_context=requeueable deps ti=<TaskInstance: spotify_final_dag.hello2 scheduled__2024-04-16T02:50:00+00:00 [queued]>
[2024-04-16T09:39:45.819+0000] {taskinstance.py:2303} INFO - Starting attempt 1 of 2
[2024-04-16T09:39:45.841+0000] {taskinstance.py:2327} INFO - Executing <Task(PythonOperator): hello2> on 2024-04-16 02:50:00+00:00
[2024-04-16T09:39:45.855+0000] {warnings.py:110} WARNING - /home/***/.local/lib/python3.12/site-packages/***/task/task_runner/standard_task_runner.py:61: DeprecationWarning: This process (pid=2224) is multi-threaded, use of fork() may lead to deadlocks in the child.
  pid = os.fork()

[2024-04-16T09:39:45.857+0000] {standard_task_runner.py:63} INFO - Started process 2255 to run task
[2024-04-16T09:39:45.858+0000] {standard_task_runner.py:90} INFO - Running: ['***', 'tasks', 'run', 'spotify_final_dag', 'hello2', 'scheduled__2024-04-16T02:50:00+00:00', '--job-id', '469', '--raw', '--subdir', 'DAGS_FOLDER/dag.py', '--cfg-path', '/tmp/tmpu84hf1gi']
[2024-04-16T09:39:45.860+0000] {standard_task_runner.py:91} INFO - Job 469: Subtask hello2
[2024-04-16T09:39:45.919+0000] {task_command.py:426} INFO - Running <TaskInstance: spotify_final_dag.hello2 scheduled__2024-04-16T02:50:00+00:00 [running]> on host 52651c1f9987
[2024-04-16T09:39:46.043+0000] {taskinstance.py:2644} INFO - Exporting env vars: AIRFLOW_CTX_DAG_OWNER='***' AIRFLOW_CTX_DAG_ID='spotify_final_dag' AIRFLOW_CTX_TASK_ID='hello2' AIRFLOW_CTX_EXECUTION_DATE='2024-04-16T02:50:00+00:00' AIRFLOW_CTX_TRY_NUMBER='1' AIRFLOW_CTX_DAG_RUN_ID='scheduled__2024-04-16T02:50:00+00:00'
[2024-04-16T09:39:46.045+0000] {taskinstance.py:430} INFO - ::endgroup::
[2024-04-16T09:39:46.511+0000] {logging_mixin.py:188} INFO - Connection successful
[2024-04-16T09:39:46.935+0000] {logging_mixin.py:188} INFO - Connection successful
[2024-04-16T09:39:47.396+0000] {logging_mixin.py:188} INFO - Connection successful
[2024-04-16T09:39:47.401+0000] {logging_mixin.py:188} INFO - Null Not Found
[2024-04-16T09:39:47.403+0000] {logging_mixin.py:188} INFO - Null Not Found
[2024-04-16T09:39:47.415+0000] {logging_mixin.py:188} INFO - Null Not Found
[2024-04-16T09:39:47.416+0000] {logging_mixin.py:188} INFO - Null Not Found
[2024-04-16T09:39:47.418+0000] {logging_mixin.py:188} INFO - Null Not Found
[2024-04-16T09:39:47.419+0000] {logging_mixin.py:188} INFO - Null Not Found
[2024-04-16T09:39:47.421+0000] {python.py:237} INFO - Done. Returned value was: None
[2024-04-16T09:39:47.422+0000] {taskinstance.py:441} INFO - ::group::Post task execution logs
[2024-04-16T09:39:47.433+0000] {taskinstance.py:1205} INFO - Marking task as SUCCESS. dag_id=spotify_final_dag, task_id=hello2, execution_date=20240416T025000, start_date=20240416T093945, end_date=20240416T093947
[2024-04-16T09:39:47.477+0000] {local_task_job_runner.py:240} INFO - Task exited with return code 0
[2024-04-16T09:39:47.505+0000] {taskinstance.py:3482} INFO - 0 downstream tasks scheduled from follow-on schedule check
[2024-04-16T09:39:47.510+0000] {local_task_job_runner.py:222} INFO - ::endgroup::
[2024-04-16T09:47:38.308+0000] {local_task_job_runner.py:120} INFO - ::group::Pre task execution logs
[2024-04-16T09:47:38.331+0000] {taskinstance.py:2073} INFO - Dependencies all met for dep_context=non-requeueable deps ti=<TaskInstance: spotify_final_dag.hello2 scheduled__2024-04-16T02:50:00+00:00 [queued]>
[2024-04-16T09:47:38.342+0000] {taskinstance.py:2073} INFO - Dependencies all met for dep_context=requeueable deps ti=<TaskInstance: spotify_final_dag.hello2 scheduled__2024-04-16T02:50:00+00:00 [queued]>
[2024-04-16T09:47:38.342+0000] {taskinstance.py:2303} INFO - Starting attempt 1 of 2
[2024-04-16T09:47:38.365+0000] {taskinstance.py:2327} INFO - Executing <Task(PythonOperator): hello2> on 2024-04-16 02:50:00+00:00
[2024-04-16T09:47:38.374+0000] {warnings.py:110} WARNING - /home/***/.local/lib/python3.12/site-packages/***/task/task_runner/standard_task_runner.py:61: DeprecationWarning: This process (pid=4290) is multi-threaded, use of fork() may lead to deadlocks in the child.
  pid = os.fork()

[2024-04-16T09:47:38.375+0000] {standard_task_runner.py:63} INFO - Started process 4315 to run task
[2024-04-16T09:47:38.376+0000] {standard_task_runner.py:90} INFO - Running: ['***', 'tasks', 'run', 'spotify_final_dag', 'hello2', 'scheduled__2024-04-16T02:50:00+00:00', '--job-id', '1126', '--raw', '--subdir', 'DAGS_FOLDER/dag.py', '--cfg-path', '/tmp/tmpohvw5353']
[2024-04-16T09:47:38.377+0000] {standard_task_runner.py:91} INFO - Job 1126: Subtask hello2
[2024-04-16T09:47:38.432+0000] {task_command.py:426} INFO - Running <TaskInstance: spotify_final_dag.hello2 scheduled__2024-04-16T02:50:00+00:00 [running]> on host 52651c1f9987
[2024-04-16T09:47:38.540+0000] {taskinstance.py:2644} INFO - Exporting env vars: AIRFLOW_CTX_DAG_OWNER='***' AIRFLOW_CTX_DAG_ID='spotify_final_dag' AIRFLOW_CTX_TASK_ID='hello2' AIRFLOW_CTX_EXECUTION_DATE='2024-04-16T02:50:00+00:00' AIRFLOW_CTX_TRY_NUMBER='1' AIRFLOW_CTX_DAG_RUN_ID='scheduled__2024-04-16T02:50:00+00:00'
[2024-04-16T09:47:38.541+0000] {taskinstance.py:430} INFO - ::endgroup::
[2024-04-16T09:47:38.965+0000] {logging_mixin.py:188} INFO - Connection successful
[2024-04-16T09:47:39.409+0000] {logging_mixin.py:188} INFO - Connection successful
[2024-04-16T09:47:39.863+0000] {logging_mixin.py:188} INFO - Connection successful
[2024-04-16T09:47:39.867+0000] {logging_mixin.py:188} INFO - Null Not Found
[2024-04-16T09:47:39.868+0000] {logging_mixin.py:188} INFO - Null Not Found
[2024-04-16T09:47:39.877+0000] {logging_mixin.py:188} INFO - Null Not Found
[2024-04-16T09:47:39.878+0000] {logging_mixin.py:188} INFO - Null Not Found
[2024-04-16T09:47:39.880+0000] {logging_mixin.py:188} INFO - Null Not Found
[2024-04-16T09:47:39.880+0000] {logging_mixin.py:188} INFO - Null Not Found
[2024-04-16T09:47:39.882+0000] {python.py:237} INFO - Done. Returned value was: None
[2024-04-16T09:47:39.882+0000] {taskinstance.py:441} INFO - ::group::Post task execution logs
[2024-04-16T09:47:39.890+0000] {taskinstance.py:1205} INFO - Marking task as SUCCESS. dag_id=spotify_final_dag, task_id=hello2, execution_date=20240416T025000, start_date=20240416T094738, end_date=20240416T094739
[2024-04-16T09:47:39.914+0000] {local_task_job_runner.py:240} INFO - Task exited with return code 0
[2024-04-16T09:47:39.928+0000] {taskinstance.py:3482} INFO - 0 downstream tasks scheduled from follow-on schedule check
[2024-04-16T09:47:39.930+0000] {local_task_job_runner.py:222} INFO - ::endgroup::
