[2024-04-16T09:41:39.032+0000] {local_task_job_runner.py:120} INFO - ::group::Pre task execution logs
[2024-04-16T09:41:39.046+0000] {taskinstance.py:2073} INFO - Dependencies all met for dep_context=non-requeueable deps ti=<TaskInstance: spotify_final_dag.hello2 scheduled__2024-04-16T05:58:00+00:00 [queued]>
[2024-04-16T09:41:39.051+0000] {taskinstance.py:2073} INFO - Dependencies all met for dep_context=requeueable deps ti=<TaskInstance: spotify_final_dag.hello2 scheduled__2024-04-16T05:58:00+00:00 [queued]>
[2024-04-16T09:41:39.052+0000] {taskinstance.py:2303} INFO - Starting attempt 1 of 2
[2024-04-16T09:41:39.061+0000] {taskinstance.py:2327} INFO - Executing <Task(PythonOperator): hello2> on 2024-04-16 05:58:00+00:00
[2024-04-16T09:41:39.068+0000] {warnings.py:110} WARNING - /home/***/.local/lib/python3.12/site-packages/***/task/task_runner/standard_task_runner.py:61: DeprecationWarning: This process (pid=3341) is multi-threaded, use of fork() may lead to deadlocks in the child.
  pid = os.fork()

[2024-04-16T09:41:39.069+0000] {standard_task_runner.py:63} INFO - Started process 3343 to run task
[2024-04-16T09:41:39.069+0000] {standard_task_runner.py:90} INFO - Running: ['***', 'tasks', 'run', 'spotify_final_dag', 'hello2', 'scheduled__2024-04-16T05:58:00+00:00', '--job-id', '832', '--raw', '--subdir', 'DAGS_FOLDER/dag.py', '--cfg-path', '/tmp/tmp0iekl942']
[2024-04-16T09:41:39.070+0000] {standard_task_runner.py:91} INFO - Job 832: Subtask hello2
[2024-04-16T09:41:39.102+0000] {task_command.py:426} INFO - Running <TaskInstance: spotify_final_dag.hello2 scheduled__2024-04-16T05:58:00+00:00 [running]> on host 52651c1f9987
[2024-04-16T09:41:39.177+0000] {taskinstance.py:2644} INFO - Exporting env vars: AIRFLOW_CTX_DAG_OWNER='***' AIRFLOW_CTX_DAG_ID='spotify_final_dag' AIRFLOW_CTX_TASK_ID='hello2' AIRFLOW_CTX_EXECUTION_DATE='2024-04-16T05:58:00+00:00' AIRFLOW_CTX_TRY_NUMBER='1' AIRFLOW_CTX_DAG_RUN_ID='scheduled__2024-04-16T05:58:00+00:00'
[2024-04-16T09:41:39.178+0000] {taskinstance.py:430} INFO - ::endgroup::
[2024-04-16T09:41:39.592+0000] {logging_mixin.py:188} INFO - Connection successful
[2024-04-16T09:41:40.093+0000] {logging_mixin.py:188} INFO - Connection successful
[2024-04-16T09:41:40.481+0000] {logging_mixin.py:188} INFO - Connection successful
[2024-04-16T09:41:40.484+0000] {logging_mixin.py:188} INFO - Null Not Found
[2024-04-16T09:41:40.486+0000] {logging_mixin.py:188} INFO - Null Not Found
[2024-04-16T09:41:40.494+0000] {logging_mixin.py:188} INFO - Null Not Found
[2024-04-16T09:41:40.495+0000] {logging_mixin.py:188} INFO - Null Not Found
[2024-04-16T09:41:40.496+0000] {logging_mixin.py:188} INFO - Null Not Found
[2024-04-16T09:41:40.496+0000] {logging_mixin.py:188} INFO - Null Not Found
[2024-04-16T09:41:40.497+0000] {python.py:237} INFO - Done. Returned value was: None
[2024-04-16T09:41:40.498+0000] {taskinstance.py:441} INFO - ::group::Post task execution logs
[2024-04-16T09:41:40.505+0000] {taskinstance.py:1205} INFO - Marking task as SUCCESS. dag_id=spotify_final_dag, task_id=hello2, execution_date=20240416T055800, start_date=20240416T094139, end_date=20240416T094140
[2024-04-16T09:41:40.529+0000] {local_task_job_runner.py:240} INFO - Task exited with return code 0
[2024-04-16T09:41:40.539+0000] {taskinstance.py:3482} INFO - 0 downstream tasks scheduled from follow-on schedule check
[2024-04-16T09:41:40.541+0000] {local_task_job_runner.py:222} INFO - ::endgroup::
[2024-04-16T09:48:39.023+0000] {local_task_job_runner.py:120} INFO - ::group::Pre task execution logs
[2024-04-16T09:48:39.048+0000] {taskinstance.py:2073} INFO - Dependencies all met for dep_context=non-requeueable deps ti=<TaskInstance: spotify_final_dag.hello2 scheduled__2024-04-16T05:58:00+00:00 [queued]>
[2024-04-16T09:48:39.056+0000] {taskinstance.py:2073} INFO - Dependencies all met for dep_context=requeueable deps ti=<TaskInstance: spotify_final_dag.hello2 scheduled__2024-04-16T05:58:00+00:00 [queued]>
[2024-04-16T09:48:39.057+0000] {taskinstance.py:2303} INFO - Starting attempt 1 of 2
[2024-04-16T09:48:39.072+0000] {taskinstance.py:2327} INFO - Executing <Task(PythonOperator): hello2> on 2024-04-16 05:58:00+00:00
[2024-04-16T09:48:39.083+0000] {warnings.py:110} WARNING - /home/***/.local/lib/python3.12/site-packages/***/task/task_runner/standard_task_runner.py:61: DeprecationWarning: This process (pid=4874) is multi-threaded, use of fork() may lead to deadlocks in the child.
  pid = os.fork()

[2024-04-16T09:48:39.085+0000] {standard_task_runner.py:63} INFO - Started process 4902 to run task
[2024-04-16T09:48:39.088+0000] {standard_task_runner.py:90} INFO - Running: ['***', 'tasks', 'run', 'spotify_final_dag', 'hello2', 'scheduled__2024-04-16T05:58:00+00:00', '--job-id', '1316', '--raw', '--subdir', 'DAGS_FOLDER/dag.py', '--cfg-path', '/tmp/tmpc2f7n_qf']
[2024-04-16T09:48:39.089+0000] {standard_task_runner.py:91} INFO - Job 1316: Subtask hello2
[2024-04-16T09:48:39.147+0000] {task_command.py:426} INFO - Running <TaskInstance: spotify_final_dag.hello2 scheduled__2024-04-16T05:58:00+00:00 [running]> on host 52651c1f9987
[2024-04-16T09:48:39.260+0000] {taskinstance.py:2644} INFO - Exporting env vars: AIRFLOW_CTX_DAG_OWNER='***' AIRFLOW_CTX_DAG_ID='spotify_final_dag' AIRFLOW_CTX_TASK_ID='hello2' AIRFLOW_CTX_EXECUTION_DATE='2024-04-16T05:58:00+00:00' AIRFLOW_CTX_TRY_NUMBER='1' AIRFLOW_CTX_DAG_RUN_ID='scheduled__2024-04-16T05:58:00+00:00'
[2024-04-16T09:48:39.262+0000] {taskinstance.py:430} INFO - ::endgroup::
[2024-04-16T09:48:39.669+0000] {logging_mixin.py:188} INFO - Connection successful
[2024-04-16T09:48:40.106+0000] {logging_mixin.py:188} INFO - Connection successful
[2024-04-16T09:48:40.502+0000] {logging_mixin.py:188} INFO - Connection successful
[2024-04-16T09:48:40.508+0000] {logging_mixin.py:188} INFO - Null Not Found
[2024-04-16T09:48:40.509+0000] {logging_mixin.py:188} INFO - Null Not Found
[2024-04-16T09:48:40.520+0000] {logging_mixin.py:188} INFO - Null Not Found
[2024-04-16T09:48:40.521+0000] {logging_mixin.py:188} INFO - Null Not Found
[2024-04-16T09:48:40.522+0000] {logging_mixin.py:188} INFO - Null Not Found
[2024-04-16T09:48:40.523+0000] {logging_mixin.py:188} INFO - Null Not Found
[2024-04-16T09:48:40.525+0000] {python.py:237} INFO - Done. Returned value was: None
[2024-04-16T09:48:40.525+0000] {taskinstance.py:441} INFO - ::group::Post task execution logs
[2024-04-16T09:48:40.533+0000] {taskinstance.py:1205} INFO - Marking task as SUCCESS. dag_id=spotify_final_dag, task_id=hello2, execution_date=20240416T055800, start_date=20240416T094839, end_date=20240416T094840
[2024-04-16T09:48:40.585+0000] {local_task_job_runner.py:240} INFO - Task exited with return code 0
[2024-04-16T09:48:40.640+0000] {taskinstance.py:3482} INFO - 0 downstream tasks scheduled from follow-on schedule check
[2024-04-16T09:48:40.643+0000] {local_task_job_runner.py:222} INFO - ::endgroup::
