[2024-04-16T09:39:54.951+0000] {local_task_job_runner.py:120} INFO - ::group::Pre task execution logs
[2024-04-16T09:39:54.985+0000] {taskinstance.py:2073} INFO - Dependencies all met for dep_context=non-requeueable deps ti=<TaskInstance: spotify_final_dag.hello2 scheduled__2024-04-16T03:06:00+00:00 [queued]>
[2024-04-16T09:39:54.996+0000] {taskinstance.py:2073} INFO - Dependencies all met for dep_context=requeueable deps ti=<TaskInstance: spotify_final_dag.hello2 scheduled__2024-04-16T03:06:00+00:00 [queued]>
[2024-04-16T09:39:54.997+0000] {taskinstance.py:2303} INFO - Starting attempt 1 of 2
[2024-04-16T09:39:55.016+0000] {taskinstance.py:2327} INFO - Executing <Task(PythonOperator): hello2> on 2024-04-16 03:06:00+00:00
[2024-04-16T09:39:55.032+0000] {warnings.py:110} WARNING - /home/***/.local/lib/python3.12/site-packages/***/task/task_runner/standard_task_runner.py:61: DeprecationWarning: This process (pid=2303) is multi-threaded, use of fork() may lead to deadlocks in the child.
  pid = os.fork()

[2024-04-16T09:39:55.035+0000] {standard_task_runner.py:63} INFO - Started process 2329 to run task
[2024-04-16T09:39:55.034+0000] {standard_task_runner.py:90} INFO - Running: ['***', 'tasks', 'run', 'spotify_final_dag', 'hello2', 'scheduled__2024-04-16T03:06:00+00:00', '--job-id', '497', '--raw', '--subdir', 'DAGS_FOLDER/dag.py', '--cfg-path', '/tmp/tmp3j3i941h']
[2024-04-16T09:39:55.036+0000] {standard_task_runner.py:91} INFO - Job 497: Subtask hello2
[2024-04-16T09:39:55.099+0000] {task_command.py:426} INFO - Running <TaskInstance: spotify_final_dag.hello2 scheduled__2024-04-16T03:06:00+00:00 [running]> on host 52651c1f9987
[2024-04-16T09:39:55.302+0000] {taskinstance.py:2644} INFO - Exporting env vars: AIRFLOW_CTX_DAG_OWNER='***' AIRFLOW_CTX_DAG_ID='spotify_final_dag' AIRFLOW_CTX_TASK_ID='hello2' AIRFLOW_CTX_EXECUTION_DATE='2024-04-16T03:06:00+00:00' AIRFLOW_CTX_TRY_NUMBER='1' AIRFLOW_CTX_DAG_RUN_ID='scheduled__2024-04-16T03:06:00+00:00'
[2024-04-16T09:39:55.304+0000] {taskinstance.py:430} INFO - ::endgroup::
[2024-04-16T09:39:55.797+0000] {logging_mixin.py:188} INFO - Connection successful
[2024-04-16T09:39:56.222+0000] {logging_mixin.py:188} INFO - Connection successful
[2024-04-16T09:39:56.653+0000] {logging_mixin.py:188} INFO - Connection successful
[2024-04-16T09:39:56.659+0000] {logging_mixin.py:188} INFO - Null Not Found
[2024-04-16T09:39:56.661+0000] {logging_mixin.py:188} INFO - Null Not Found
[2024-04-16T09:39:56.676+0000] {logging_mixin.py:188} INFO - Null Not Found
[2024-04-16T09:39:56.677+0000] {logging_mixin.py:188} INFO - Null Not Found
[2024-04-16T09:39:56.679+0000] {logging_mixin.py:188} INFO - Null Not Found
[2024-04-16T09:39:56.680+0000] {logging_mixin.py:188} INFO - Null Not Found
[2024-04-16T09:39:56.681+0000] {python.py:237} INFO - Done. Returned value was: None
[2024-04-16T09:39:56.682+0000] {taskinstance.py:441} INFO - ::group::Post task execution logs
[2024-04-16T09:39:56.693+0000] {taskinstance.py:1205} INFO - Marking task as SUCCESS. dag_id=spotify_final_dag, task_id=hello2, execution_date=20240416T030600, start_date=20240416T093954, end_date=20240416T093956
[2024-04-16T09:39:56.783+0000] {local_task_job_runner.py:240} INFO - Task exited with return code 0
[2024-04-16T09:39:56.810+0000] {taskinstance.py:3482} INFO - 0 downstream tasks scheduled from follow-on schedule check
[2024-04-16T09:39:56.816+0000] {local_task_job_runner.py:222} INFO - ::endgroup::
[2024-04-16T09:47:39.806+0000] {local_task_job_runner.py:120} INFO - ::group::Pre task execution logs
[2024-04-16T09:47:39.827+0000] {taskinstance.py:2073} INFO - Dependencies all met for dep_context=non-requeueable deps ti=<TaskInstance: spotify_final_dag.hello2 scheduled__2024-04-16T03:06:00+00:00 [queued]>
[2024-04-16T09:47:39.833+0000] {taskinstance.py:2073} INFO - Dependencies all met for dep_context=requeueable deps ti=<TaskInstance: spotify_final_dag.hello2 scheduled__2024-04-16T03:06:00+00:00 [queued]>
[2024-04-16T09:47:39.834+0000] {taskinstance.py:2303} INFO - Starting attempt 1 of 2
[2024-04-16T09:47:39.844+0000] {taskinstance.py:2327} INFO - Executing <Task(PythonOperator): hello2> on 2024-04-16 03:06:00+00:00
[2024-04-16T09:47:39.850+0000] {warnings.py:110} WARNING - /home/***/.local/lib/python3.12/site-packages/***/task/task_runner/standard_task_runner.py:61: DeprecationWarning: This process (pid=4316) is multi-threaded, use of fork() may lead to deadlocks in the child.
  pid = os.fork()

[2024-04-16T09:47:39.851+0000] {standard_task_runner.py:63} INFO - Started process 4338 to run task
[2024-04-16T09:47:39.851+0000] {standard_task_runner.py:90} INFO - Running: ['***', 'tasks', 'run', 'spotify_final_dag', 'hello2', 'scheduled__2024-04-16T03:06:00+00:00', '--job-id', '1134', '--raw', '--subdir', 'DAGS_FOLDER/dag.py', '--cfg-path', '/tmp/tmpok2dk5fq']
[2024-04-16T09:47:39.852+0000] {standard_task_runner.py:91} INFO - Job 1134: Subtask hello2
[2024-04-16T09:47:39.896+0000] {task_command.py:426} INFO - Running <TaskInstance: spotify_final_dag.hello2 scheduled__2024-04-16T03:06:00+00:00 [running]> on host 52651c1f9987
[2024-04-16T09:47:39.978+0000] {taskinstance.py:2644} INFO - Exporting env vars: AIRFLOW_CTX_DAG_OWNER='***' AIRFLOW_CTX_DAG_ID='spotify_final_dag' AIRFLOW_CTX_TASK_ID='hello2' AIRFLOW_CTX_EXECUTION_DATE='2024-04-16T03:06:00+00:00' AIRFLOW_CTX_TRY_NUMBER='1' AIRFLOW_CTX_DAG_RUN_ID='scheduled__2024-04-16T03:06:00+00:00'
[2024-04-16T09:47:39.979+0000] {taskinstance.py:430} INFO - ::endgroup::
[2024-04-16T09:47:40.466+0000] {logging_mixin.py:188} INFO - Connection successful
[2024-04-16T09:47:40.898+0000] {logging_mixin.py:188} INFO - Connection successful
[2024-04-16T09:47:41.349+0000] {logging_mixin.py:188} INFO - Connection successful
[2024-04-16T09:47:41.353+0000] {logging_mixin.py:188} INFO - Null Not Found
[2024-04-16T09:47:41.354+0000] {logging_mixin.py:188} INFO - Null Not Found
[2024-04-16T09:47:41.362+0000] {logging_mixin.py:188} INFO - Null Not Found
[2024-04-16T09:47:41.363+0000] {logging_mixin.py:188} INFO - Null Not Found
[2024-04-16T09:47:41.364+0000] {logging_mixin.py:188} INFO - Null Not Found
[2024-04-16T09:47:41.365+0000] {logging_mixin.py:188} INFO - Null Not Found
[2024-04-16T09:47:41.366+0000] {python.py:237} INFO - Done. Returned value was: None
[2024-04-16T09:47:41.366+0000] {taskinstance.py:441} INFO - ::group::Post task execution logs
[2024-04-16T09:47:41.373+0000] {taskinstance.py:1205} INFO - Marking task as SUCCESS. dag_id=spotify_final_dag, task_id=hello2, execution_date=20240416T030600, start_date=20240416T094739, end_date=20240416T094741
[2024-04-16T09:47:41.389+0000] {local_task_job_runner.py:240} INFO - Task exited with return code 0
[2024-04-16T09:47:41.401+0000] {taskinstance.py:3482} INFO - 0 downstream tasks scheduled from follow-on schedule check
[2024-04-16T09:47:41.403+0000] {local_task_job_runner.py:222} INFO - ::endgroup::
