[2024-04-17T05:28:34.028+0000] {local_task_job_runner.py:120} INFO - ::group::Pre task execution logs
[2024-04-17T05:28:34.050+0000] {taskinstance.py:2073} INFO - Dependencies all met for dep_context=non-requeueable deps ti=<TaskInstance: spotify_final_dag.hello2 scheduled__2024-04-17T02:10:00+00:00 [queued]>
[2024-04-17T05:28:34.057+0000] {taskinstance.py:2073} INFO - Dependencies all met for dep_context=requeueable deps ti=<TaskInstance: spotify_final_dag.hello2 scheduled__2024-04-17T02:10:00+00:00 [queued]>
[2024-04-17T05:28:34.058+0000] {taskinstance.py:2303} INFO - Starting attempt 1 of 2
[2024-04-17T05:28:34.073+0000] {taskinstance.py:2327} INFO - Executing <Task(PythonOperator): hello2> on 2024-04-17 02:10:00+00:00
[2024-04-17T05:28:34.082+0000] {warnings.py:110} WARNING - /home/***/.local/lib/python3.12/site-packages/***/task/task_runner/standard_task_runner.py:61: DeprecationWarning: This process (pid=3120) is multi-threaded, use of fork() may lead to deadlocks in the child.
  pid = os.fork()

[2024-04-17T05:28:34.083+0000] {standard_task_runner.py:63} INFO - Started process 3137 to run task
[2024-04-17T05:28:34.084+0000] {standard_task_runner.py:90} INFO - Running: ['***', 'tasks', 'run', 'spotify_final_dag', 'hello2', 'scheduled__2024-04-17T02:10:00+00:00', '--job-id', '2555', '--raw', '--subdir', 'DAGS_FOLDER/dag.py', '--cfg-path', '/tmp/tmp3qfnx63e']
[2024-04-17T05:28:34.085+0000] {standard_task_runner.py:91} INFO - Job 2555: Subtask hello2
[2024-04-17T05:28:34.141+0000] {task_command.py:426} INFO - Running <TaskInstance: spotify_final_dag.hello2 scheduled__2024-04-17T02:10:00+00:00 [running]> on host 52651c1f9987
[2024-04-17T05:28:34.291+0000] {taskinstance.py:2644} INFO - Exporting env vars: AIRFLOW_CTX_DAG_OWNER='***' AIRFLOW_CTX_DAG_ID='spotify_final_dag' AIRFLOW_CTX_TASK_ID='hello2' AIRFLOW_CTX_EXECUTION_DATE='2024-04-17T02:10:00+00:00' AIRFLOW_CTX_TRY_NUMBER='1' AIRFLOW_CTX_DAG_RUN_ID='scheduled__2024-04-17T02:10:00+00:00'
[2024-04-17T05:28:34.293+0000] {taskinstance.py:430} INFO - ::endgroup::
[2024-04-17T05:28:34.754+0000] {logging_mixin.py:188} INFO - Connection successful
[2024-04-17T05:28:35.238+0000] {logging_mixin.py:188} INFO - Connection successful
[2024-04-17T05:28:35.783+0000] {logging_mixin.py:188} INFO - Connection successful
[2024-04-17T05:28:35.787+0000] {logging_mixin.py:188} INFO - Null Not Found
[2024-04-17T05:28:35.788+0000] {logging_mixin.py:188} INFO - Null Not Found
[2024-04-17T05:28:35.797+0000] {logging_mixin.py:188} INFO - Null Not Found
[2024-04-17T05:28:35.798+0000] {logging_mixin.py:188} INFO - Null Not Found
[2024-04-17T05:28:35.799+0000] {logging_mixin.py:188} INFO - Null Not Found
[2024-04-17T05:28:35.799+0000] {logging_mixin.py:188} INFO - Null Not Found
[2024-04-17T05:28:35.800+0000] {python.py:237} INFO - Done. Returned value was: None
[2024-04-17T05:28:35.800+0000] {taskinstance.py:441} INFO - ::group::Post task execution logs
[2024-04-17T05:28:35.806+0000] {taskinstance.py:1205} INFO - Marking task as SUCCESS. dag_id=spotify_final_dag, task_id=hello2, execution_date=20240417T021000, start_date=20240417T052834, end_date=20240417T052835
[2024-04-17T05:28:35.826+0000] {local_task_job_runner.py:240} INFO - Task exited with return code 0
[2024-04-17T05:28:35.839+0000] {taskinstance.py:3482} INFO - 0 downstream tasks scheduled from follow-on schedule check
[2024-04-17T05:28:35.841+0000] {local_task_job_runner.py:222} INFO - ::endgroup::
