[2024-04-16T08:57:04.876+0000] {local_task_job_runner.py:120} INFO - ::group::Pre task execution logs
[2024-04-16T08:57:04.894+0000] {taskinstance.py:2073} INFO - Dependencies all met for dep_context=non-requeueable deps ti=<TaskInstance: spotify_final_dag.hello2 scheduled__2024-04-16T05:50:00+00:00 [queued]>
[2024-04-16T08:57:04.899+0000] {taskinstance.py:2073} INFO - Dependencies all met for dep_context=requeueable deps ti=<TaskInstance: spotify_final_dag.hello2 scheduled__2024-04-16T05:50:00+00:00 [queued]>
[2024-04-16T08:57:04.900+0000] {taskinstance.py:2303} INFO - Starting attempt 1 of 2
[2024-04-16T08:57:04.911+0000] {taskinstance.py:2327} INFO - Executing <Task(PythonOperator): hello2> on 2024-04-16 05:50:00+00:00
[2024-04-16T08:57:04.918+0000] {warnings.py:110} WARNING - /home/***/.local/lib/python3.12/site-packages/***/task/task_runner/standard_task_runner.py:61: DeprecationWarning: This process (pid=435) is multi-threaded, use of fork() may lead to deadlocks in the child.
  pid = os.fork()

[2024-04-16T08:57:04.920+0000] {standard_task_runner.py:63} INFO - Started process 449 to run task
[2024-04-16T08:57:04.920+0000] {standard_task_runner.py:90} INFO - Running: ['***', 'tasks', 'run', 'spotify_final_dag', 'hello2', 'scheduled__2024-04-16T05:50:00+00:00', '--job-id', '62', '--raw', '--subdir', 'DAGS_FOLDER/dag.py', '--cfg-path', '/tmp/tmpmrfjm7xd']
[2024-04-16T08:57:04.921+0000] {standard_task_runner.py:91} INFO - Job 62: Subtask hello2
[2024-04-16T08:57:04.966+0000] {task_command.py:426} INFO - Running <TaskInstance: spotify_final_dag.hello2 scheduled__2024-04-16T05:50:00+00:00 [running]> on host 52651c1f9987
[2024-04-16T08:57:05.029+0000] {taskinstance.py:2644} INFO - Exporting env vars: AIRFLOW_CTX_DAG_OWNER='***' AIRFLOW_CTX_DAG_ID='spotify_final_dag' AIRFLOW_CTX_TASK_ID='hello2' AIRFLOW_CTX_EXECUTION_DATE='2024-04-16T05:50:00+00:00' AIRFLOW_CTX_TRY_NUMBER='1' AIRFLOW_CTX_DAG_RUN_ID='scheduled__2024-04-16T05:50:00+00:00'
[2024-04-16T08:57:05.030+0000] {taskinstance.py:430} INFO - ::endgroup::
[2024-04-16T08:57:05.438+0000] {logging_mixin.py:188} INFO - Connection successful
[2024-04-16T08:57:05.836+0000] {logging_mixin.py:188} INFO - Connection successful
[2024-04-16T08:57:06.226+0000] {logging_mixin.py:188} INFO - Connection successful
[2024-04-16T08:57:06.231+0000] {logging_mixin.py:188} INFO - Null Not Found
[2024-04-16T08:57:06.232+0000] {logging_mixin.py:188} INFO - Null Not Found
[2024-04-16T08:57:06.244+0000] {logging_mixin.py:188} INFO - Null Not Found
[2024-04-16T08:57:06.245+0000] {logging_mixin.py:188} INFO - Null Not Found
[2024-04-16T08:57:06.246+0000] {logging_mixin.py:188} INFO - Null Not Found
[2024-04-16T08:57:06.247+0000] {logging_mixin.py:188} INFO - Null Not Found
[2024-04-16T08:57:06.249+0000] {python.py:237} INFO - Done. Returned value was: None
[2024-04-16T08:57:06.250+0000] {taskinstance.py:441} INFO - ::group::Post task execution logs
[2024-04-16T08:57:06.258+0000] {taskinstance.py:1205} INFO - Marking task as SUCCESS. dag_id=spotify_final_dag, task_id=hello2, execution_date=20240416T055000, start_date=20240416T085704, end_date=20240416T085706
[2024-04-16T08:57:06.298+0000] {local_task_job_runner.py:240} INFO - Task exited with return code 0
[2024-04-16T08:57:06.317+0000] {taskinstance.py:3482} INFO - 0 downstream tasks scheduled from follow-on schedule check
[2024-04-16T08:57:06.319+0000] {local_task_job_runner.py:222} INFO - ::endgroup::
[2024-04-16T09:21:43.042+0000] {local_task_job_runner.py:120} INFO - ::group::Pre task execution logs
[2024-04-16T09:21:43.064+0000] {taskinstance.py:2073} INFO - Dependencies all met for dep_context=non-requeueable deps ti=<TaskInstance: spotify_final_dag.hello2 scheduled__2024-04-16T05:50:00+00:00 [queued]>
[2024-04-16T09:21:43.073+0000] {taskinstance.py:2073} INFO - Dependencies all met for dep_context=requeueable deps ti=<TaskInstance: spotify_final_dag.hello2 scheduled__2024-04-16T05:50:00+00:00 [queued]>
[2024-04-16T09:21:43.073+0000] {taskinstance.py:2303} INFO - Starting attempt 1 of 2
[2024-04-16T09:21:43.085+0000] {taskinstance.py:2327} INFO - Executing <Task(PythonOperator): hello2> on 2024-04-16 05:50:00+00:00
[2024-04-16T09:21:43.091+0000] {warnings.py:110} WARNING - /home/***/.local/lib/python3.12/site-packages/***/task/task_runner/standard_task_runner.py:61: DeprecationWarning: This process (pid=839) is multi-threaded, use of fork() may lead to deadlocks in the child.
  pid = os.fork()

[2024-04-16T09:21:43.092+0000] {standard_task_runner.py:63} INFO - Started process 861 to run task
[2024-04-16T09:21:43.092+0000] {standard_task_runner.py:90} INFO - Running: ['***', 'tasks', 'run', 'spotify_final_dag', 'hello2', 'scheduled__2024-04-16T05:50:00+00:00', '--job-id', '88', '--raw', '--subdir', 'DAGS_FOLDER/dag.py', '--cfg-path', '/tmp/tmp2ks27qax']
[2024-04-16T09:21:43.093+0000] {standard_task_runner.py:91} INFO - Job 88: Subtask hello2
[2024-04-16T09:21:43.133+0000] {task_command.py:426} INFO - Running <TaskInstance: spotify_final_dag.hello2 scheduled__2024-04-16T05:50:00+00:00 [running]> on host 52651c1f9987
[2024-04-16T09:21:43.207+0000] {taskinstance.py:2644} INFO - Exporting env vars: AIRFLOW_CTX_DAG_OWNER='***' AIRFLOW_CTX_DAG_ID='spotify_final_dag' AIRFLOW_CTX_TASK_ID='hello2' AIRFLOW_CTX_EXECUTION_DATE='2024-04-16T05:50:00+00:00' AIRFLOW_CTX_TRY_NUMBER='1' AIRFLOW_CTX_DAG_RUN_ID='scheduled__2024-04-16T05:50:00+00:00'
[2024-04-16T09:21:43.208+0000] {taskinstance.py:430} INFO - ::endgroup::
[2024-04-16T09:21:43.630+0000] {logging_mixin.py:188} INFO - Connection successful
[2024-04-16T09:21:44.092+0000] {logging_mixin.py:188} INFO - Connection successful
[2024-04-16T09:21:44.524+0000] {logging_mixin.py:188} INFO - Connection successful
[2024-04-16T09:21:44.527+0000] {logging_mixin.py:188} INFO - Null Not Found
[2024-04-16T09:21:44.528+0000] {logging_mixin.py:188} INFO - Null Not Found
[2024-04-16T09:21:44.537+0000] {logging_mixin.py:188} INFO - Null Not Found
[2024-04-16T09:21:44.538+0000] {logging_mixin.py:188} INFO - Null Not Found
[2024-04-16T09:21:44.539+0000] {logging_mixin.py:188} INFO - Null Not Found
[2024-04-16T09:21:44.539+0000] {logging_mixin.py:188} INFO - Null Not Found
[2024-04-16T09:21:44.541+0000] {python.py:237} INFO - Done. Returned value was: None
[2024-04-16T09:21:44.541+0000] {taskinstance.py:441} INFO - ::group::Post task execution logs
[2024-04-16T09:21:44.548+0000] {taskinstance.py:1205} INFO - Marking task as SUCCESS. dag_id=spotify_final_dag, task_id=hello2, execution_date=20240416T055000, start_date=20240416T092143, end_date=20240416T092144
[2024-04-16T09:21:44.590+0000] {local_task_job_runner.py:240} INFO - Task exited with return code 0
[2024-04-16T09:21:44.603+0000] {taskinstance.py:3482} INFO - 0 downstream tasks scheduled from follow-on schedule check
[2024-04-16T09:21:44.605+0000] {local_task_job_runner.py:222} INFO - ::endgroup::
[2024-04-16T09:32:58.750+0000] {local_task_job_runner.py:120} INFO - ::group::Pre task execution logs
[2024-04-16T09:32:58.772+0000] {taskinstance.py:2073} INFO - Dependencies all met for dep_context=non-requeueable deps ti=<TaskInstance: spotify_final_dag.hello2 scheduled__2024-04-16T05:50:00+00:00 [queued]>
[2024-04-16T09:32:58.781+0000] {taskinstance.py:2073} INFO - Dependencies all met for dep_context=requeueable deps ti=<TaskInstance: spotify_final_dag.hello2 scheduled__2024-04-16T05:50:00+00:00 [queued]>
[2024-04-16T09:32:58.782+0000] {taskinstance.py:2303} INFO - Starting attempt 1 of 2
[2024-04-16T09:32:58.796+0000] {taskinstance.py:2327} INFO - Executing <Task(PythonOperator): hello2> on 2024-04-16 05:50:00+00:00
[2024-04-16T09:32:58.803+0000] {warnings.py:110} WARNING - /home/***/.local/lib/python3.12/site-packages/***/task/task_runner/standard_task_runner.py:61: DeprecationWarning: This process (pid=1062) is multi-threaded, use of fork() may lead to deadlocks in the child.
  pid = os.fork()

[2024-04-16T09:32:58.805+0000] {standard_task_runner.py:63} INFO - Started process 1077 to run task
[2024-04-16T09:32:58.805+0000] {standard_task_runner.py:90} INFO - Running: ['***', 'tasks', 'run', 'spotify_final_dag', 'hello2', 'scheduled__2024-04-16T05:50:00+00:00', '--job-id', '113', '--raw', '--subdir', 'DAGS_FOLDER/dag.py', '--cfg-path', '/tmp/tmpaft7xt5j']
[2024-04-16T09:32:58.806+0000] {standard_task_runner.py:91} INFO - Job 113: Subtask hello2
[2024-04-16T09:32:58.860+0000] {task_command.py:426} INFO - Running <TaskInstance: spotify_final_dag.hello2 scheduled__2024-04-16T05:50:00+00:00 [running]> on host 52651c1f9987
[2024-04-16T09:32:58.952+0000] {taskinstance.py:2644} INFO - Exporting env vars: AIRFLOW_CTX_DAG_OWNER='***' AIRFLOW_CTX_DAG_ID='spotify_final_dag' AIRFLOW_CTX_TASK_ID='hello2' AIRFLOW_CTX_EXECUTION_DATE='2024-04-16T05:50:00+00:00' AIRFLOW_CTX_TRY_NUMBER='1' AIRFLOW_CTX_DAG_RUN_ID='scheduled__2024-04-16T05:50:00+00:00'
[2024-04-16T09:32:58.954+0000] {taskinstance.py:430} INFO - ::endgroup::
[2024-04-16T09:32:59.345+0000] {logging_mixin.py:188} INFO - Connection successful
[2024-04-16T09:32:59.834+0000] {logging_mixin.py:188} INFO - Connection successful
[2024-04-16T09:33:00.250+0000] {logging_mixin.py:188} INFO - Connection successful
[2024-04-16T09:33:00.256+0000] {logging_mixin.py:188} INFO - Null Not Found
[2024-04-16T09:33:00.257+0000] {logging_mixin.py:188} INFO - Null Not Found
[2024-04-16T09:33:00.268+0000] {logging_mixin.py:188} INFO - Null Not Found
[2024-04-16T09:33:00.269+0000] {logging_mixin.py:188} INFO - Null Not Found
[2024-04-16T09:33:00.270+0000] {logging_mixin.py:188} INFO - Null Not Found
[2024-04-16T09:33:00.271+0000] {logging_mixin.py:188} INFO - Null Not Found
[2024-04-16T09:33:00.273+0000] {python.py:237} INFO - Done. Returned value was: None
[2024-04-16T09:33:00.273+0000] {taskinstance.py:441} INFO - ::group::Post task execution logs
[2024-04-16T09:33:00.282+0000] {taskinstance.py:1205} INFO - Marking task as SUCCESS. dag_id=spotify_final_dag, task_id=hello2, execution_date=20240416T055000, start_date=20240416T093258, end_date=20240416T093300
[2024-04-16T09:33:00.303+0000] {local_task_job_runner.py:240} INFO - Task exited with return code 0
[2024-04-16T09:33:00.316+0000] {taskinstance.py:3482} INFO - 0 downstream tasks scheduled from follow-on schedule check
[2024-04-16T09:33:00.318+0000] {local_task_job_runner.py:222} INFO - ::endgroup::
[2024-04-16T09:41:36.756+0000] {local_task_job_runner.py:120} INFO - ::group::Pre task execution logs
[2024-04-16T09:41:36.781+0000] {taskinstance.py:2073} INFO - Dependencies all met for dep_context=non-requeueable deps ti=<TaskInstance: spotify_final_dag.hello2 scheduled__2024-04-16T05:50:00+00:00 [queued]>
[2024-04-16T09:41:36.794+0000] {taskinstance.py:2073} INFO - Dependencies all met for dep_context=requeueable deps ti=<TaskInstance: spotify_final_dag.hello2 scheduled__2024-04-16T05:50:00+00:00 [queued]>
[2024-04-16T09:41:36.795+0000] {taskinstance.py:2303} INFO - Starting attempt 1 of 2
[2024-04-16T09:41:36.895+0000] {taskinstance.py:2327} INFO - Executing <Task(PythonOperator): hello2> on 2024-04-16 05:50:00+00:00
[2024-04-16T09:41:36.905+0000] {warnings.py:110} WARNING - /home/***/.local/lib/python3.12/site-packages/***/task/task_runner/standard_task_runner.py:61: DeprecationWarning: This process (pid=3307) is multi-threaded, use of fork() may lead to deadlocks in the child.
  pid = os.fork()

[2024-04-16T09:41:36.908+0000] {standard_task_runner.py:63} INFO - Started process 3332 to run task
[2024-04-16T09:41:36.908+0000] {standard_task_runner.py:90} INFO - Running: ['***', 'tasks', 'run', 'spotify_final_dag', 'hello2', 'scheduled__2024-04-16T05:50:00+00:00', '--job-id', '825', '--raw', '--subdir', 'DAGS_FOLDER/dag.py', '--cfg-path', '/tmp/tmpwpnrhfub']
[2024-04-16T09:41:36.909+0000] {standard_task_runner.py:91} INFO - Job 825: Subtask hello2
[2024-04-16T09:41:36.955+0000] {task_command.py:426} INFO - Running <TaskInstance: spotify_final_dag.hello2 scheduled__2024-04-16T05:50:00+00:00 [running]> on host 52651c1f9987
[2024-04-16T09:41:37.045+0000] {taskinstance.py:2644} INFO - Exporting env vars: AIRFLOW_CTX_DAG_OWNER='***' AIRFLOW_CTX_DAG_ID='spotify_final_dag' AIRFLOW_CTX_TASK_ID='hello2' AIRFLOW_CTX_EXECUTION_DATE='2024-04-16T05:50:00+00:00' AIRFLOW_CTX_TRY_NUMBER='1' AIRFLOW_CTX_DAG_RUN_ID='scheduled__2024-04-16T05:50:00+00:00'
[2024-04-16T09:41:37.046+0000] {taskinstance.py:430} INFO - ::endgroup::
[2024-04-16T09:41:37.470+0000] {logging_mixin.py:188} INFO - Connection successful
[2024-04-16T09:41:37.897+0000] {logging_mixin.py:188} INFO - Connection successful
[2024-04-16T09:41:38.305+0000] {logging_mixin.py:188} INFO - Connection successful
[2024-04-16T09:41:38.309+0000] {logging_mixin.py:188} INFO - Null Not Found
[2024-04-16T09:41:38.310+0000] {logging_mixin.py:188} INFO - Null Not Found
[2024-04-16T09:41:38.318+0000] {logging_mixin.py:188} INFO - Null Not Found
[2024-04-16T09:41:38.318+0000] {logging_mixin.py:188} INFO - Null Not Found
[2024-04-16T09:41:38.320+0000] {logging_mixin.py:188} INFO - Null Not Found
[2024-04-16T09:41:38.320+0000] {logging_mixin.py:188} INFO - Null Not Found
[2024-04-16T09:41:38.321+0000] {python.py:237} INFO - Done. Returned value was: None
[2024-04-16T09:41:38.322+0000] {taskinstance.py:441} INFO - ::group::Post task execution logs
[2024-04-16T09:41:38.329+0000] {taskinstance.py:1205} INFO - Marking task as SUCCESS. dag_id=spotify_final_dag, task_id=hello2, execution_date=20240416T055000, start_date=20240416T094136, end_date=20240416T094138
[2024-04-16T09:41:38.366+0000] {local_task_job_runner.py:240} INFO - Task exited with return code 0
[2024-04-16T09:41:38.379+0000] {taskinstance.py:3482} INFO - 0 downstream tasks scheduled from follow-on schedule check
[2024-04-16T09:41:38.381+0000] {local_task_job_runner.py:222} INFO - ::endgroup::
[2024-04-16T09:48:31.329+0000] {local_task_job_runner.py:120} INFO - ::group::Pre task execution logs
[2024-04-16T09:48:31.344+0000] {taskinstance.py:2073} INFO - Dependencies all met for dep_context=non-requeueable deps ti=<TaskInstance: spotify_final_dag.hello2 scheduled__2024-04-16T05:50:00+00:00 [queued]>
[2024-04-16T09:48:31.349+0000] {taskinstance.py:2073} INFO - Dependencies all met for dep_context=requeueable deps ti=<TaskInstance: spotify_final_dag.hello2 scheduled__2024-04-16T05:50:00+00:00 [queued]>
[2024-04-16T09:48:31.349+0000] {taskinstance.py:2303} INFO - Starting attempt 1 of 2
[2024-04-16T09:48:31.358+0000] {taskinstance.py:2327} INFO - Executing <Task(PythonOperator): hello2> on 2024-04-16 05:50:00+00:00
[2024-04-16T09:48:31.365+0000] {warnings.py:110} WARNING - /home/***/.local/lib/python3.12/site-packages/***/task/task_runner/standard_task_runner.py:61: DeprecationWarning: This process (pid=4823) is multi-threaded, use of fork() may lead to deadlocks in the child.
  pid = os.fork()

[2024-04-16T09:48:31.367+0000] {standard_task_runner.py:63} INFO - Started process 4826 to run task
[2024-04-16T09:48:31.367+0000] {standard_task_runner.py:90} INFO - Running: ['***', 'tasks', 'run', 'spotify_final_dag', 'hello2', 'scheduled__2024-04-16T05:50:00+00:00', '--job-id', '1295', '--raw', '--subdir', 'DAGS_FOLDER/dag.py', '--cfg-path', '/tmp/tmphhkcn9n0']
[2024-04-16T09:48:31.368+0000] {standard_task_runner.py:91} INFO - Job 1295: Subtask hello2
[2024-04-16T09:48:31.405+0000] {task_command.py:426} INFO - Running <TaskInstance: spotify_final_dag.hello2 scheduled__2024-04-16T05:50:00+00:00 [running]> on host 52651c1f9987
[2024-04-16T09:48:31.474+0000] {taskinstance.py:2644} INFO - Exporting env vars: AIRFLOW_CTX_DAG_OWNER='***' AIRFLOW_CTX_DAG_ID='spotify_final_dag' AIRFLOW_CTX_TASK_ID='hello2' AIRFLOW_CTX_EXECUTION_DATE='2024-04-16T05:50:00+00:00' AIRFLOW_CTX_TRY_NUMBER='1' AIRFLOW_CTX_DAG_RUN_ID='scheduled__2024-04-16T05:50:00+00:00'
[2024-04-16T09:48:31.475+0000] {taskinstance.py:430} INFO - ::endgroup::
[2024-04-16T09:48:31.915+0000] {logging_mixin.py:188} INFO - Connection successful
[2024-04-16T09:48:32.304+0000] {logging_mixin.py:188} INFO - Connection successful
[2024-04-16T09:48:32.725+0000] {logging_mixin.py:188} INFO - Connection successful
[2024-04-16T09:48:32.728+0000] {logging_mixin.py:188} INFO - Null Not Found
[2024-04-16T09:48:32.729+0000] {logging_mixin.py:188} INFO - Null Not Found
[2024-04-16T09:48:32.737+0000] {logging_mixin.py:188} INFO - Null Not Found
[2024-04-16T09:48:32.737+0000] {logging_mixin.py:188} INFO - Null Not Found
[2024-04-16T09:48:32.738+0000] {logging_mixin.py:188} INFO - Null Not Found
[2024-04-16T09:48:32.739+0000] {logging_mixin.py:188} INFO - Null Not Found
[2024-04-16T09:48:32.740+0000] {python.py:237} INFO - Done. Returned value was: None
[2024-04-16T09:48:32.740+0000] {taskinstance.py:441} INFO - ::group::Post task execution logs
[2024-04-16T09:48:32.747+0000] {taskinstance.py:1205} INFO - Marking task as SUCCESS. dag_id=spotify_final_dag, task_id=hello2, execution_date=20240416T055000, start_date=20240416T094831, end_date=20240416T094832
[2024-04-16T09:48:32.788+0000] {local_task_job_runner.py:240} INFO - Task exited with return code 0
[2024-04-16T09:48:32.801+0000] {taskinstance.py:3482} INFO - 0 downstream tasks scheduled from follow-on schedule check
[2024-04-16T09:48:32.803+0000] {local_task_job_runner.py:222} INFO - ::endgroup::
