[2024-04-17T07:36:13.379+0000] {local_task_job_runner.py:120} INFO - ::group::Pre task execution logs
[2024-04-17T07:36:13.396+0000] {taskinstance.py:2073} INFO - Dependencies all met for dep_context=non-requeueable deps ti=<TaskInstance: etl_for_spotify.processes scheduled__2024-04-16T20:54:00+00:00 [queued]>
[2024-04-17T07:36:13.402+0000] {taskinstance.py:2073} INFO - Dependencies all met for dep_context=requeueable deps ti=<TaskInstance: etl_for_spotify.processes scheduled__2024-04-16T20:54:00+00:00 [queued]>
[2024-04-17T07:36:13.403+0000] {taskinstance.py:2303} INFO - Starting attempt 1 of 2
[2024-04-17T07:36:13.413+0000] {taskinstance.py:2327} INFO - Executing <Task(PythonOperator): processes> on 2024-04-16 20:54:00+00:00
[2024-04-17T07:36:13.419+0000] {warnings.py:110} WARNING - /home/***/.local/lib/python3.12/site-packages/***/task/task_runner/standard_task_runner.py:61: DeprecationWarning: This process (pid=9291) is multi-threaded, use of fork() may lead to deadlocks in the child.
  pid = os.fork()

[2024-04-17T07:36:13.420+0000] {standard_task_runner.py:63} INFO - Started process 9301 to run task
[2024-04-17T07:36:13.420+0000] {standard_task_runner.py:90} INFO - Running: ['***', 'tasks', 'run', 'etl_for_spotify', 'processes', 'scheduled__2024-04-16T20:54:00+00:00', '--job-id', '4042', '--raw', '--subdir', 'DAGS_FOLDER/dag.py', '--cfg-path', '/tmp/tmp0gd4jp0j']
[2024-04-17T07:36:13.421+0000] {standard_task_runner.py:91} INFO - Job 4042: Subtask processes
[2024-04-17T07:36:13.458+0000] {task_command.py:426} INFO - Running <TaskInstance: etl_for_spotify.processes scheduled__2024-04-16T20:54:00+00:00 [running]> on host 52651c1f9987
[2024-04-17T07:36:13.536+0000] {taskinstance.py:2644} INFO - Exporting env vars: AIRFLOW_CTX_DAG_OWNER='***' AIRFLOW_CTX_DAG_ID='etl_for_spotify' AIRFLOW_CTX_TASK_ID='processes' AIRFLOW_CTX_EXECUTION_DATE='2024-04-16T20:54:00+00:00' AIRFLOW_CTX_TRY_NUMBER='1' AIRFLOW_CTX_DAG_RUN_ID='scheduled__2024-04-16T20:54:00+00:00'
[2024-04-17T07:36:13.537+0000] {taskinstance.py:430} INFO - ::endgroup::
[2024-04-17T07:36:13.989+0000] {logging_mixin.py:188} INFO - Connection successful
[2024-04-17T07:36:14.430+0000] {logging_mixin.py:188} INFO - Connection successful
[2024-04-17T07:36:14.872+0000] {logging_mixin.py:188} INFO - Connection successful
[2024-04-17T07:36:14.876+0000] {logging_mixin.py:188} INFO - Null Not Found
[2024-04-17T07:36:14.877+0000] {logging_mixin.py:188} INFO - Null Not Found
[2024-04-17T07:36:14.886+0000] {logging_mixin.py:188} INFO - Null Not Found
[2024-04-17T07:36:14.886+0000] {logging_mixin.py:188} INFO - Null Not Found
[2024-04-17T07:36:14.887+0000] {logging_mixin.py:188} INFO - Null Not Found
[2024-04-17T07:36:14.888+0000] {logging_mixin.py:188} INFO - Null Not Found
[2024-04-17T07:36:14.889+0000] {python.py:237} INFO - Done. Returned value was: None
[2024-04-17T07:36:14.889+0000] {taskinstance.py:441} INFO - ::group::Post task execution logs
[2024-04-17T07:36:14.896+0000] {taskinstance.py:1205} INFO - Marking task as SUCCESS. dag_id=etl_for_spotify, task_id=processes, execution_date=20240416T205400, start_date=20240417T073613, end_date=20240417T073614
[2024-04-17T07:36:14.918+0000] {local_task_job_runner.py:240} INFO - Task exited with return code 0
[2024-04-17T07:36:14.930+0000] {taskinstance.py:3482} INFO - 0 downstream tasks scheduled from follow-on schedule check
[2024-04-17T07:36:14.932+0000] {local_task_job_runner.py:222} INFO - ::endgroup::
