[2024-04-16T09:38:09.946+0000] {local_task_job_runner.py:120} INFO - ::group::Pre task execution logs
[2024-04-16T09:38:09.967+0000] {taskinstance.py:2073} INFO - Dependencies all met for dep_context=non-requeueable deps ti=<TaskInstance: spotify_final_dag.hello2 scheduled__2024-04-16T00:40:00+00:00 [queued]>
[2024-04-16T09:38:09.975+0000] {taskinstance.py:2073} INFO - Dependencies all met for dep_context=requeueable deps ti=<TaskInstance: spotify_final_dag.hello2 scheduled__2024-04-16T00:40:00+00:00 [queued]>
[2024-04-16T09:38:09.975+0000] {taskinstance.py:2303} INFO - Starting attempt 1 of 2
[2024-04-16T09:38:09.990+0000] {taskinstance.py:2327} INFO - Executing <Task(PythonOperator): hello2> on 2024-04-16 00:40:00+00:00
[2024-04-16T09:38:09.999+0000] {warnings.py:110} WARNING - /home/***/.local/lib/python3.12/site-packages/***/task/task_runner/standard_task_runner.py:61: DeprecationWarning: This process (pid=1402) is multi-threaded, use of fork() may lead to deadlocks in the child.
  pid = os.fork()

[2024-04-16T09:38:10.001+0000] {standard_task_runner.py:63} INFO - Started process 1427 to run task
[2024-04-16T09:38:10.001+0000] {standard_task_runner.py:90} INFO - Running: ['***', 'tasks', 'run', 'spotify_final_dag', 'hello2', 'scheduled__2024-04-16T00:40:00+00:00', '--job-id', '204', '--raw', '--subdir', 'DAGS_FOLDER/dag.py', '--cfg-path', '/tmp/tmpa0mzh0id']
[2024-04-16T09:38:10.002+0000] {standard_task_runner.py:91} INFO - Job 204: Subtask hello2
[2024-04-16T09:38:10.045+0000] {task_command.py:426} INFO - Running <TaskInstance: spotify_final_dag.hello2 scheduled__2024-04-16T00:40:00+00:00 [running]> on host 52651c1f9987
[2024-04-16T09:38:10.222+0000] {taskinstance.py:2644} INFO - Exporting env vars: AIRFLOW_CTX_DAG_OWNER='***' AIRFLOW_CTX_DAG_ID='spotify_final_dag' AIRFLOW_CTX_TASK_ID='hello2' AIRFLOW_CTX_EXECUTION_DATE='2024-04-16T00:40:00+00:00' AIRFLOW_CTX_TRY_NUMBER='1' AIRFLOW_CTX_DAG_RUN_ID='scheduled__2024-04-16T00:40:00+00:00'
[2024-04-16T09:38:10.224+0000] {taskinstance.py:430} INFO - ::endgroup::
[2024-04-16T09:38:10.624+0000] {logging_mixin.py:188} INFO - Connection successful
[2024-04-16T09:38:11.070+0000] {logging_mixin.py:188} INFO - Connection successful
[2024-04-16T09:38:11.490+0000] {logging_mixin.py:188} INFO - Connection successful
[2024-04-16T09:38:11.494+0000] {logging_mixin.py:188} INFO - Null Not Found
[2024-04-16T09:38:11.495+0000] {logging_mixin.py:188} INFO - Null Not Found
[2024-04-16T09:38:11.503+0000] {logging_mixin.py:188} INFO - Null Not Found
[2024-04-16T09:38:11.503+0000] {logging_mixin.py:188} INFO - Null Not Found
[2024-04-16T09:38:11.504+0000] {logging_mixin.py:188} INFO - Null Not Found
[2024-04-16T09:38:11.505+0000] {logging_mixin.py:188} INFO - Null Not Found
[2024-04-16T09:38:11.506+0000] {python.py:237} INFO - Done. Returned value was: None
[2024-04-16T09:38:11.507+0000] {taskinstance.py:441} INFO - ::group::Post task execution logs
[2024-04-16T09:38:11.515+0000] {taskinstance.py:1205} INFO - Marking task as SUCCESS. dag_id=spotify_final_dag, task_id=hello2, execution_date=20240416T004000, start_date=20240416T093809, end_date=20240416T093811
[2024-04-16T09:38:11.539+0000] {local_task_job_runner.py:240} INFO - Task exited with return code 0
[2024-04-16T09:38:11.552+0000] {taskinstance.py:3482} INFO - 0 downstream tasks scheduled from follow-on schedule check
[2024-04-16T09:38:11.555+0000] {local_task_job_runner.py:222} INFO - ::endgroup::
[2024-04-16T09:46:57.153+0000] {local_task_job_runner.py:120} INFO - ::group::Pre task execution logs
[2024-04-16T09:46:57.185+0000] {taskinstance.py:2073} INFO - Dependencies all met for dep_context=non-requeueable deps ti=<TaskInstance: spotify_final_dag.hello2 scheduled__2024-04-16T00:40:00+00:00 [queued]>
[2024-04-16T09:46:57.199+0000] {taskinstance.py:2073} INFO - Dependencies all met for dep_context=requeueable deps ti=<TaskInstance: spotify_final_dag.hello2 scheduled__2024-04-16T00:40:00+00:00 [queued]>
[2024-04-16T09:46:57.199+0000] {taskinstance.py:2303} INFO - Starting attempt 1 of 2
[2024-04-16T09:46:57.218+0000] {taskinstance.py:2327} INFO - Executing <Task(PythonOperator): hello2> on 2024-04-16 00:40:00+00:00
[2024-04-16T09:46:57.230+0000] {warnings.py:110} WARNING - /home/***/.local/lib/python3.12/site-packages/***/task/task_runner/standard_task_runner.py:61: DeprecationWarning: This process (pid=3891) is multi-threaded, use of fork() may lead to deadlocks in the child.
  pid = os.fork()

[2024-04-16T09:46:57.232+0000] {standard_task_runner.py:63} INFO - Started process 3919 to run task
[2024-04-16T09:46:57.233+0000] {standard_task_runner.py:90} INFO - Running: ['***', 'tasks', 'run', 'spotify_final_dag', 'hello2', 'scheduled__2024-04-16T00:40:00+00:00', '--job-id', '994', '--raw', '--subdir', 'DAGS_FOLDER/dag.py', '--cfg-path', '/tmp/tmpok89ea0u']
[2024-04-16T09:46:57.234+0000] {standard_task_runner.py:91} INFO - Job 994: Subtask hello2
[2024-04-16T09:46:57.309+0000] {task_command.py:426} INFO - Running <TaskInstance: spotify_final_dag.hello2 scheduled__2024-04-16T00:40:00+00:00 [running]> on host 52651c1f9987
[2024-04-16T09:46:57.415+0000] {taskinstance.py:2644} INFO - Exporting env vars: AIRFLOW_CTX_DAG_OWNER='***' AIRFLOW_CTX_DAG_ID='spotify_final_dag' AIRFLOW_CTX_TASK_ID='hello2' AIRFLOW_CTX_EXECUTION_DATE='2024-04-16T00:40:00+00:00' AIRFLOW_CTX_TRY_NUMBER='1' AIRFLOW_CTX_DAG_RUN_ID='scheduled__2024-04-16T00:40:00+00:00'
[2024-04-16T09:46:57.416+0000] {taskinstance.py:430} INFO - ::endgroup::
[2024-04-16T09:46:57.974+0000] {logging_mixin.py:188} INFO - Connection successful
[2024-04-16T09:46:58.380+0000] {logging_mixin.py:188} INFO - Connection successful
[2024-04-16T09:46:58.803+0000] {logging_mixin.py:188} INFO - Connection successful
[2024-04-16T09:46:58.807+0000] {logging_mixin.py:188} INFO - Null Not Found
[2024-04-16T09:46:58.808+0000] {logging_mixin.py:188} INFO - Null Not Found
[2024-04-16T09:46:58.817+0000] {logging_mixin.py:188} INFO - Null Not Found
[2024-04-16T09:46:58.818+0000] {logging_mixin.py:188} INFO - Null Not Found
[2024-04-16T09:46:58.819+0000] {logging_mixin.py:188} INFO - Null Not Found
[2024-04-16T09:46:58.820+0000] {logging_mixin.py:188} INFO - Null Not Found
[2024-04-16T09:46:58.821+0000] {python.py:237} INFO - Done. Returned value was: None
[2024-04-16T09:46:58.821+0000] {taskinstance.py:441} INFO - ::group::Post task execution logs
[2024-04-16T09:46:58.829+0000] {taskinstance.py:1205} INFO - Marking task as SUCCESS. dag_id=spotify_final_dag, task_id=hello2, execution_date=20240416T004000, start_date=20240416T094657, end_date=20240416T094658
[2024-04-16T09:46:58.853+0000] {local_task_job_runner.py:240} INFO - Task exited with return code 0
[2024-04-16T09:46:58.868+0000] {taskinstance.py:3482} INFO - 0 downstream tasks scheduled from follow-on schedule check
[2024-04-16T09:46:58.870+0000] {local_task_job_runner.py:222} INFO - ::endgroup::
