[2024-04-16T09:38:31.194+0000] {local_task_job_runner.py:120} INFO - ::group::Pre task execution logs
[2024-04-16T09:38:31.213+0000] {taskinstance.py:2073} INFO - Dependencies all met for dep_context=non-requeueable deps ti=<TaskInstance: spotify_final_dag.hello2 scheduled__2024-04-16T01:16:00+00:00 [queued]>
[2024-04-16T09:38:31.224+0000] {taskinstance.py:2073} INFO - Dependencies all met for dep_context=requeueable deps ti=<TaskInstance: spotify_final_dag.hello2 scheduled__2024-04-16T01:16:00+00:00 [queued]>
[2024-04-16T09:38:31.224+0000] {taskinstance.py:2303} INFO - Starting attempt 1 of 2
[2024-04-16T09:38:31.235+0000] {taskinstance.py:2327} INFO - Executing <Task(PythonOperator): hello2> on 2024-04-16 01:16:00+00:00
[2024-04-16T09:38:31.241+0000] {warnings.py:110} WARNING - /home/***/.local/lib/python3.12/site-packages/***/task/task_runner/standard_task_runner.py:61: DeprecationWarning: This process (pid=1614) is multi-threaded, use of fork() may lead to deadlocks in the child.
  pid = os.fork()

[2024-04-16T09:38:31.242+0000] {standard_task_runner.py:63} INFO - Started process 1624 to run task
[2024-04-16T09:38:31.243+0000] {standard_task_runner.py:90} INFO - Running: ['***', 'tasks', 'run', 'spotify_final_dag', 'hello2', 'scheduled__2024-04-16T01:16:00+00:00', '--job-id', '270', '--raw', '--subdir', 'DAGS_FOLDER/dag.py', '--cfg-path', '/tmp/tmp9wmv6n22']
[2024-04-16T09:38:31.245+0000] {standard_task_runner.py:91} INFO - Job 270: Subtask hello2
[2024-04-16T09:38:31.280+0000] {task_command.py:426} INFO - Running <TaskInstance: spotify_final_dag.hello2 scheduled__2024-04-16T01:16:00+00:00 [running]> on host 52651c1f9987
[2024-04-16T09:38:31.372+0000] {taskinstance.py:2644} INFO - Exporting env vars: AIRFLOW_CTX_DAG_OWNER='***' AIRFLOW_CTX_DAG_ID='spotify_final_dag' AIRFLOW_CTX_TASK_ID='hello2' AIRFLOW_CTX_EXECUTION_DATE='2024-04-16T01:16:00+00:00' AIRFLOW_CTX_TRY_NUMBER='1' AIRFLOW_CTX_DAG_RUN_ID='scheduled__2024-04-16T01:16:00+00:00'
[2024-04-16T09:38:31.373+0000] {taskinstance.py:430} INFO - ::endgroup::
[2024-04-16T09:38:31.865+0000] {logging_mixin.py:188} INFO - Connection successful
[2024-04-16T09:38:32.308+0000] {logging_mixin.py:188} INFO - Connection successful
[2024-04-16T09:38:32.719+0000] {logging_mixin.py:188} INFO - Connection successful
[2024-04-16T09:38:32.722+0000] {logging_mixin.py:188} INFO - Null Not Found
[2024-04-16T09:38:32.724+0000] {logging_mixin.py:188} INFO - Null Not Found
[2024-04-16T09:38:32.731+0000] {logging_mixin.py:188} INFO - Null Not Found
[2024-04-16T09:38:32.732+0000] {logging_mixin.py:188} INFO - Null Not Found
[2024-04-16T09:38:32.733+0000] {logging_mixin.py:188} INFO - Null Not Found
[2024-04-16T09:38:32.733+0000] {logging_mixin.py:188} INFO - Null Not Found
[2024-04-16T09:38:32.734+0000] {python.py:237} INFO - Done. Returned value was: None
[2024-04-16T09:38:32.735+0000] {taskinstance.py:441} INFO - ::group::Post task execution logs
[2024-04-16T09:38:32.742+0000] {taskinstance.py:1205} INFO - Marking task as SUCCESS. dag_id=spotify_final_dag, task_id=hello2, execution_date=20240416T011600, start_date=20240416T093831, end_date=20240416T093832
[2024-04-16T09:38:32.781+0000] {local_task_job_runner.py:240} INFO - Task exited with return code 0
[2024-04-16T09:38:32.794+0000] {taskinstance.py:3482} INFO - 0 downstream tasks scheduled from follow-on schedule check
[2024-04-16T09:38:32.796+0000] {local_task_job_runner.py:222} INFO - ::endgroup::
[2024-04-16T09:47:07.441+0000] {local_task_job_runner.py:120} INFO - ::group::Pre task execution logs
[2024-04-16T09:47:07.461+0000] {taskinstance.py:2073} INFO - Dependencies all met for dep_context=non-requeueable deps ti=<TaskInstance: spotify_final_dag.hello2 scheduled__2024-04-16T01:16:00+00:00 [queued]>
[2024-04-16T09:47:07.470+0000] {taskinstance.py:2073} INFO - Dependencies all met for dep_context=requeueable deps ti=<TaskInstance: spotify_final_dag.hello2 scheduled__2024-04-16T01:16:00+00:00 [queued]>
[2024-04-16T09:47:07.471+0000] {taskinstance.py:2303} INFO - Starting attempt 1 of 2
[2024-04-16T09:47:07.485+0000] {taskinstance.py:2327} INFO - Executing <Task(PythonOperator): hello2> on 2024-04-16 01:16:00+00:00
[2024-04-16T09:47:07.492+0000] {warnings.py:110} WARNING - /home/***/.local/lib/python3.12/site-packages/***/task/task_runner/standard_task_runner.py:61: DeprecationWarning: This process (pid=3994) is multi-threaded, use of fork() may lead to deadlocks in the child.
  pid = os.fork()

[2024-04-16T09:47:07.494+0000] {standard_task_runner.py:63} INFO - Started process 4027 to run task
[2024-04-16T09:47:07.494+0000] {standard_task_runner.py:90} INFO - Running: ['***', 'tasks', 'run', 'spotify_final_dag', 'hello2', 'scheduled__2024-04-16T01:16:00+00:00', '--job-id', '1030', '--raw', '--subdir', 'DAGS_FOLDER/dag.py', '--cfg-path', '/tmp/tmpc8kbdlgh']
[2024-04-16T09:47:07.495+0000] {standard_task_runner.py:91} INFO - Job 1030: Subtask hello2
[2024-04-16T09:47:07.540+0000] {task_command.py:426} INFO - Running <TaskInstance: spotify_final_dag.hello2 scheduled__2024-04-16T01:16:00+00:00 [running]> on host 52651c1f9987
[2024-04-16T09:47:07.642+0000] {taskinstance.py:2644} INFO - Exporting env vars: AIRFLOW_CTX_DAG_OWNER='***' AIRFLOW_CTX_DAG_ID='spotify_final_dag' AIRFLOW_CTX_TASK_ID='hello2' AIRFLOW_CTX_EXECUTION_DATE='2024-04-16T01:16:00+00:00' AIRFLOW_CTX_TRY_NUMBER='1' AIRFLOW_CTX_DAG_RUN_ID='scheduled__2024-04-16T01:16:00+00:00'
[2024-04-16T09:47:07.643+0000] {taskinstance.py:430} INFO - ::endgroup::
[2024-04-16T09:47:08.076+0000] {logging_mixin.py:188} INFO - Connection successful
[2024-04-16T09:47:08.534+0000] {logging_mixin.py:188} INFO - Connection successful
[2024-04-16T09:47:09.008+0000] {logging_mixin.py:188} INFO - Connection successful
[2024-04-16T09:47:09.013+0000] {logging_mixin.py:188} INFO - Null Not Found
[2024-04-16T09:47:09.014+0000] {logging_mixin.py:188} INFO - Null Not Found
[2024-04-16T09:47:09.023+0000] {logging_mixin.py:188} INFO - Null Not Found
[2024-04-16T09:47:09.024+0000] {logging_mixin.py:188} INFO - Null Not Found
[2024-04-16T09:47:09.026+0000] {logging_mixin.py:188} INFO - Null Not Found
[2024-04-16T09:47:09.026+0000] {logging_mixin.py:188} INFO - Null Not Found
[2024-04-16T09:47:09.028+0000] {python.py:237} INFO - Done. Returned value was: None
[2024-04-16T09:47:09.029+0000] {taskinstance.py:441} INFO - ::group::Post task execution logs
[2024-04-16T09:47:09.038+0000] {taskinstance.py:1205} INFO - Marking task as SUCCESS. dag_id=spotify_final_dag, task_id=hello2, execution_date=20240416T011600, start_date=20240416T094707, end_date=20240416T094709
[2024-04-16T09:47:09.073+0000] {local_task_job_runner.py:240} INFO - Task exited with return code 0
[2024-04-16T09:47:09.088+0000] {taskinstance.py:3482} INFO - 0 downstream tasks scheduled from follow-on schedule check
[2024-04-16T09:47:09.090+0000] {local_task_job_runner.py:222} INFO - ::endgroup::
