[2024-04-17T05:26:39.799+0000] {local_task_job_runner.py:120} INFO - ::group::Pre task execution logs
[2024-04-17T05:26:39.824+0000] {taskinstance.py:2073} INFO - Dependencies all met for dep_context=non-requeueable deps ti=<TaskInstance: spotify_final_dag.hello2 scheduled__2024-04-16T19:58:00+00:00 [queued]>
[2024-04-17T05:26:39.834+0000] {taskinstance.py:2073} INFO - Dependencies all met for dep_context=requeueable deps ti=<TaskInstance: spotify_final_dag.hello2 scheduled__2024-04-16T19:58:00+00:00 [queued]>
[2024-04-17T05:26:39.834+0000] {taskinstance.py:2303} INFO - Starting attempt 1 of 2
[2024-04-17T05:26:39.851+0000] {taskinstance.py:2327} INFO - Executing <Task(PythonOperator): hello2> on 2024-04-16 19:58:00+00:00
[2024-04-17T05:26:39.862+0000] {warnings.py:110} WARNING - /home/***/.local/lib/python3.12/site-packages/***/task/task_runner/standard_task_runner.py:61: DeprecationWarning: This process (pid=2011) is multi-threaded, use of fork() may lead to deadlocks in the child.
  pid = os.fork()

[2024-04-17T05:26:39.864+0000] {standard_task_runner.py:63} INFO - Started process 2039 to run task
[2024-04-17T05:26:39.864+0000] {standard_task_runner.py:90} INFO - Running: ['***', 'tasks', 'run', 'spotify_final_dag', 'hello2', 'scheduled__2024-04-16T19:58:00+00:00', '--job-id', '2193', '--raw', '--subdir', 'DAGS_FOLDER/dag.py', '--cfg-path', '/tmp/tmpjmogiz2x']
[2024-04-17T05:26:39.865+0000] {standard_task_runner.py:91} INFO - Job 2193: Subtask hello2
[2024-04-17T05:26:39.924+0000] {task_command.py:426} INFO - Running <TaskInstance: spotify_final_dag.hello2 scheduled__2024-04-16T19:58:00+00:00 [running]> on host 52651c1f9987
[2024-04-17T05:26:40.040+0000] {taskinstance.py:2644} INFO - Exporting env vars: AIRFLOW_CTX_DAG_OWNER='***' AIRFLOW_CTX_DAG_ID='spotify_final_dag' AIRFLOW_CTX_TASK_ID='hello2' AIRFLOW_CTX_EXECUTION_DATE='2024-04-16T19:58:00+00:00' AIRFLOW_CTX_TRY_NUMBER='1' AIRFLOW_CTX_DAG_RUN_ID='scheduled__2024-04-16T19:58:00+00:00'
[2024-04-17T05:26:40.044+0000] {taskinstance.py:430} INFO - ::endgroup::
[2024-04-17T05:26:40.481+0000] {logging_mixin.py:188} INFO - Connection successful
[2024-04-17T05:26:40.967+0000] {logging_mixin.py:188} INFO - Connection successful
[2024-04-17T05:26:41.423+0000] {logging_mixin.py:188} INFO - Connection successful
[2024-04-17T05:26:41.430+0000] {logging_mixin.py:188} INFO - Null Not Found
[2024-04-17T05:26:41.431+0000] {logging_mixin.py:188} INFO - Null Not Found
[2024-04-17T05:26:41.441+0000] {logging_mixin.py:188} INFO - Null Not Found
[2024-04-17T05:26:41.442+0000] {logging_mixin.py:188} INFO - Null Not Found
[2024-04-17T05:26:41.445+0000] {logging_mixin.py:188} INFO - Null Not Found
[2024-04-17T05:26:41.446+0000] {logging_mixin.py:188} INFO - Null Not Found
[2024-04-17T05:26:41.447+0000] {python.py:237} INFO - Done. Returned value was: None
[2024-04-17T05:26:41.448+0000] {taskinstance.py:441} INFO - ::group::Post task execution logs
[2024-04-17T05:26:41.457+0000] {taskinstance.py:1205} INFO - Marking task as SUCCESS. dag_id=spotify_final_dag, task_id=hello2, execution_date=20240416T195800, start_date=20240417T052639, end_date=20240417T052641
[2024-04-17T05:26:41.482+0000] {local_task_job_runner.py:240} INFO - Task exited with return code 0
[2024-04-17T05:26:41.498+0000] {taskinstance.py:3482} INFO - 0 downstream tasks scheduled from follow-on schedule check
[2024-04-17T05:26:41.501+0000] {local_task_job_runner.py:222} INFO - ::endgroup::
