[2024-04-16T09:41:46.792+0000] {local_task_job_runner.py:120} INFO - ::group::Pre task execution logs
[2024-04-16T09:41:46.810+0000] {taskinstance.py:2073} INFO - Dependencies all met for dep_context=non-requeueable deps ti=<TaskInstance: spotify_final_dag.hello2 scheduled__2024-04-16T06:08:00+00:00 [queued]>
[2024-04-16T09:41:46.818+0000] {taskinstance.py:2073} INFO - Dependencies all met for dep_context=requeueable deps ti=<TaskInstance: spotify_final_dag.hello2 scheduled__2024-04-16T06:08:00+00:00 [queued]>
[2024-04-16T09:41:46.819+0000] {taskinstance.py:2303} INFO - Starting attempt 1 of 2
[2024-04-16T09:41:46.830+0000] {taskinstance.py:2327} INFO - Executing <Task(PythonOperator): hello2> on 2024-04-16 06:08:00+00:00
[2024-04-16T09:41:46.840+0000] {warnings.py:110} WARNING - /home/***/.local/lib/python3.12/site-packages/***/task/task_runner/standard_task_runner.py:61: DeprecationWarning: This process (pid=3407) is multi-threaded, use of fork() may lead to deadlocks in the child.
  pid = os.fork()

[2024-04-16T09:41:46.842+0000] {standard_task_runner.py:63} INFO - Started process 3436 to run task
[2024-04-16T09:41:46.841+0000] {standard_task_runner.py:90} INFO - Running: ['***', 'tasks', 'run', 'spotify_final_dag', 'hello2', 'scheduled__2024-04-16T06:08:00+00:00', '--job-id', '858', '--raw', '--subdir', 'DAGS_FOLDER/dag.py', '--cfg-path', '/tmp/tmpf_nj7kdv']
[2024-04-16T09:41:46.842+0000] {standard_task_runner.py:91} INFO - Job 858: Subtask hello2
[2024-04-16T09:41:46.887+0000] {task_command.py:426} INFO - Running <TaskInstance: spotify_final_dag.hello2 scheduled__2024-04-16T06:08:00+00:00 [running]> on host 52651c1f9987
[2024-04-16T09:41:46.971+0000] {taskinstance.py:2644} INFO - Exporting env vars: AIRFLOW_CTX_DAG_OWNER='***' AIRFLOW_CTX_DAG_ID='spotify_final_dag' AIRFLOW_CTX_TASK_ID='hello2' AIRFLOW_CTX_EXECUTION_DATE='2024-04-16T06:08:00+00:00' AIRFLOW_CTX_TRY_NUMBER='1' AIRFLOW_CTX_DAG_RUN_ID='scheduled__2024-04-16T06:08:00+00:00'
[2024-04-16T09:41:46.973+0000] {taskinstance.py:430} INFO - ::endgroup::
[2024-04-16T09:41:47.369+0000] {logging_mixin.py:188} INFO - Connection successful
[2024-04-16T09:41:47.866+0000] {logging_mixin.py:188} INFO - Connection successful
[2024-04-16T09:41:48.258+0000] {logging_mixin.py:188} INFO - Connection successful
[2024-04-16T09:41:48.262+0000] {logging_mixin.py:188} INFO - Null Not Found
[2024-04-16T09:41:48.263+0000] {logging_mixin.py:188} INFO - Null Not Found
[2024-04-16T09:41:48.271+0000] {logging_mixin.py:188} INFO - Null Not Found
[2024-04-16T09:41:48.272+0000] {logging_mixin.py:188} INFO - Null Not Found
[2024-04-16T09:41:48.273+0000] {logging_mixin.py:188} INFO - Null Not Found
[2024-04-16T09:41:48.274+0000] {logging_mixin.py:188} INFO - Null Not Found
[2024-04-16T09:41:48.275+0000] {python.py:237} INFO - Done. Returned value was: None
[2024-04-16T09:41:48.275+0000] {taskinstance.py:441} INFO - ::group::Post task execution logs
[2024-04-16T09:41:48.282+0000] {taskinstance.py:1205} INFO - Marking task as SUCCESS. dag_id=spotify_final_dag, task_id=hello2, execution_date=20240416T060800, start_date=20240416T094146, end_date=20240416T094148
[2024-04-16T09:41:48.299+0000] {local_task_job_runner.py:240} INFO - Task exited with return code 0
[2024-04-16T09:41:48.311+0000] {taskinstance.py:3482} INFO - 0 downstream tasks scheduled from follow-on schedule check
[2024-04-16T09:41:48.313+0000] {local_task_job_runner.py:222} INFO - ::endgroup::
[2024-04-16T09:48:39.596+0000] {local_task_job_runner.py:120} INFO - ::group::Pre task execution logs
[2024-04-16T09:48:39.618+0000] {taskinstance.py:2073} INFO - Dependencies all met for dep_context=non-requeueable deps ti=<TaskInstance: spotify_final_dag.hello2 scheduled__2024-04-16T06:08:00+00:00 [queued]>
[2024-04-16T09:48:39.628+0000] {taskinstance.py:2073} INFO - Dependencies all met for dep_context=requeueable deps ti=<TaskInstance: spotify_final_dag.hello2 scheduled__2024-04-16T06:08:00+00:00 [queued]>
[2024-04-16T09:48:39.629+0000] {taskinstance.py:2303} INFO - Starting attempt 1 of 2
[2024-04-16T09:48:39.643+0000] {taskinstance.py:2327} INFO - Executing <Task(PythonOperator): hello2> on 2024-04-16 06:08:00+00:00
[2024-04-16T09:48:39.653+0000] {warnings.py:110} WARNING - /home/***/.local/lib/python3.12/site-packages/***/task/task_runner/standard_task_runner.py:61: DeprecationWarning: This process (pid=4886) is multi-threaded, use of fork() may lead to deadlocks in the child.
  pid = os.fork()

[2024-04-16T09:48:39.655+0000] {standard_task_runner.py:63} INFO - Started process 4912 to run task
[2024-04-16T09:48:39.655+0000] {standard_task_runner.py:90} INFO - Running: ['***', 'tasks', 'run', 'spotify_final_dag', 'hello2', 'scheduled__2024-04-16T06:08:00+00:00', '--job-id', '1321', '--raw', '--subdir', 'DAGS_FOLDER/dag.py', '--cfg-path', '/tmp/tmptdiitgun']
[2024-04-16T09:48:39.656+0000] {standard_task_runner.py:91} INFO - Job 1321: Subtask hello2
[2024-04-16T09:48:39.703+0000] {task_command.py:426} INFO - Running <TaskInstance: spotify_final_dag.hello2 scheduled__2024-04-16T06:08:00+00:00 [running]> on host 52651c1f9987
[2024-04-16T09:48:39.796+0000] {taskinstance.py:2644} INFO - Exporting env vars: AIRFLOW_CTX_DAG_OWNER='***' AIRFLOW_CTX_DAG_ID='spotify_final_dag' AIRFLOW_CTX_TASK_ID='hello2' AIRFLOW_CTX_EXECUTION_DATE='2024-04-16T06:08:00+00:00' AIRFLOW_CTX_TRY_NUMBER='1' AIRFLOW_CTX_DAG_RUN_ID='scheduled__2024-04-16T06:08:00+00:00'
[2024-04-16T09:48:39.797+0000] {taskinstance.py:430} INFO - ::endgroup::
[2024-04-16T09:48:40.218+0000] {logging_mixin.py:188} INFO - Connection successful
[2024-04-16T09:48:40.632+0000] {logging_mixin.py:188} INFO - Connection successful
[2024-04-16T09:48:41.078+0000] {logging_mixin.py:188} INFO - Connection successful
[2024-04-16T09:48:41.083+0000] {logging_mixin.py:188} INFO - Null Not Found
[2024-04-16T09:48:41.085+0000] {logging_mixin.py:188} INFO - Null Not Found
[2024-04-16T09:48:41.097+0000] {logging_mixin.py:188} INFO - Null Not Found
[2024-04-16T09:48:41.098+0000] {logging_mixin.py:188} INFO - Null Not Found
[2024-04-16T09:48:41.101+0000] {logging_mixin.py:188} INFO - Null Not Found
[2024-04-16T09:48:41.102+0000] {logging_mixin.py:188} INFO - Null Not Found
[2024-04-16T09:48:41.104+0000] {python.py:237} INFO - Done. Returned value was: None
[2024-04-16T09:48:41.104+0000] {taskinstance.py:441} INFO - ::group::Post task execution logs
[2024-04-16T09:48:41.113+0000] {taskinstance.py:1205} INFO - Marking task as SUCCESS. dag_id=spotify_final_dag, task_id=hello2, execution_date=20240416T060800, start_date=20240416T094839, end_date=20240416T094841
[2024-04-16T09:48:41.152+0000] {local_task_job_runner.py:240} INFO - Task exited with return code 0
[2024-04-16T09:48:41.165+0000] {taskinstance.py:3482} INFO - 0 downstream tasks scheduled from follow-on schedule check
[2024-04-16T09:48:41.167+0000] {local_task_job_runner.py:222} INFO - ::endgroup::
