[2024-04-16T09:39:25.614+0000] {local_task_job_runner.py:120} INFO - ::group::Pre task execution logs
[2024-04-16T09:39:25.651+0000] {taskinstance.py:2073} INFO - Dependencies all met for dep_context=non-requeueable deps ti=<TaskInstance: spotify_final_dag.hello2 scheduled__2024-04-16T02:18:00+00:00 [queued]>
[2024-04-16T09:39:25.665+0000] {taskinstance.py:2073} INFO - Dependencies all met for dep_context=requeueable deps ti=<TaskInstance: spotify_final_dag.hello2 scheduled__2024-04-16T02:18:00+00:00 [queued]>
[2024-04-16T09:39:25.666+0000] {taskinstance.py:2303} INFO - Starting attempt 1 of 2
[2024-04-16T09:39:25.692+0000] {taskinstance.py:2327} INFO - Executing <Task(PythonOperator): hello2> on 2024-04-16 02:18:00+00:00
[2024-04-16T09:39:25.705+0000] {warnings.py:110} WARNING - /home/***/.local/lib/python3.12/site-packages/***/task/task_runner/standard_task_runner.py:61: DeprecationWarning: This process (pid=2030) is multi-threaded, use of fork() may lead to deadlocks in the child.
  pid = os.fork()

[2024-04-16T09:39:25.708+0000] {standard_task_runner.py:63} INFO - Started process 2064 to run task
[2024-04-16T09:39:25.708+0000] {standard_task_runner.py:90} INFO - Running: ['***', 'tasks', 'run', 'spotify_final_dag', 'hello2', 'scheduled__2024-04-16T02:18:00+00:00', '--job-id', '407', '--raw', '--subdir', 'DAGS_FOLDER/dag.py', '--cfg-path', '/tmp/tmprw004mjt']
[2024-04-16T09:39:25.710+0000] {standard_task_runner.py:91} INFO - Job 407: Subtask hello2
[2024-04-16T09:39:25.780+0000] {task_command.py:426} INFO - Running <TaskInstance: spotify_final_dag.hello2 scheduled__2024-04-16T02:18:00+00:00 [running]> on host 52651c1f9987
[2024-04-16T09:39:25.916+0000] {taskinstance.py:2644} INFO - Exporting env vars: AIRFLOW_CTX_DAG_OWNER='***' AIRFLOW_CTX_DAG_ID='spotify_final_dag' AIRFLOW_CTX_TASK_ID='hello2' AIRFLOW_CTX_EXECUTION_DATE='2024-04-16T02:18:00+00:00' AIRFLOW_CTX_TRY_NUMBER='1' AIRFLOW_CTX_DAG_RUN_ID='scheduled__2024-04-16T02:18:00+00:00'
[2024-04-16T09:39:25.920+0000] {taskinstance.py:430} INFO - ::endgroup::
[2024-04-16T09:39:26.322+0000] {logging_mixin.py:188} INFO - Connection successful
[2024-04-16T09:39:26.720+0000] {logging_mixin.py:188} INFO - Connection successful
[2024-04-16T09:39:27.110+0000] {logging_mixin.py:188} INFO - Connection successful
[2024-04-16T09:39:27.114+0000] {logging_mixin.py:188} INFO - Null Not Found
[2024-04-16T09:39:27.115+0000] {logging_mixin.py:188} INFO - Null Not Found
[2024-04-16T09:39:27.125+0000] {logging_mixin.py:188} INFO - Null Not Found
[2024-04-16T09:39:27.126+0000] {logging_mixin.py:188} INFO - Null Not Found
[2024-04-16T09:39:27.127+0000] {logging_mixin.py:188} INFO - Null Not Found
[2024-04-16T09:39:27.128+0000] {logging_mixin.py:188} INFO - Null Not Found
[2024-04-16T09:39:27.130+0000] {python.py:237} INFO - Done. Returned value was: None
[2024-04-16T09:39:27.130+0000] {taskinstance.py:441} INFO - ::group::Post task execution logs
[2024-04-16T09:39:27.139+0000] {taskinstance.py:1205} INFO - Marking task as SUCCESS. dag_id=spotify_final_dag, task_id=hello2, execution_date=20240416T021800, start_date=20240416T093925, end_date=20240416T093927
[2024-04-16T09:39:27.173+0000] {local_task_job_runner.py:240} INFO - Task exited with return code 0
[2024-04-16T09:39:27.186+0000] {taskinstance.py:3482} INFO - 0 downstream tasks scheduled from follow-on schedule check
[2024-04-16T09:39:27.188+0000] {local_task_job_runner.py:222} INFO - ::endgroup::
[2024-04-16T09:47:28.518+0000] {local_task_job_runner.py:120} INFO - ::group::Pre task execution logs
[2024-04-16T09:47:28.536+0000] {taskinstance.py:2073} INFO - Dependencies all met for dep_context=non-requeueable deps ti=<TaskInstance: spotify_final_dag.hello2 scheduled__2024-04-16T02:18:00+00:00 [queued]>
[2024-04-16T09:47:28.546+0000] {taskinstance.py:2073} INFO - Dependencies all met for dep_context=requeueable deps ti=<TaskInstance: spotify_final_dag.hello2 scheduled__2024-04-16T02:18:00+00:00 [queued]>
[2024-04-16T09:47:28.547+0000] {taskinstance.py:2303} INFO - Starting attempt 1 of 2
[2024-04-16T09:47:28.564+0000] {taskinstance.py:2327} INFO - Executing <Task(PythonOperator): hello2> on 2024-04-16 02:18:00+00:00
[2024-04-16T09:47:28.571+0000] {warnings.py:110} WARNING - /home/***/.local/lib/python3.12/site-packages/***/task/task_runner/standard_task_runner.py:61: DeprecationWarning: This process (pid=4198) is multi-threaded, use of fork() may lead to deadlocks in the child.
  pid = os.fork()

[2024-04-16T09:47:28.572+0000] {standard_task_runner.py:63} INFO - Started process 4222 to run task
[2024-04-16T09:47:28.572+0000] {standard_task_runner.py:90} INFO - Running: ['***', 'tasks', 'run', 'spotify_final_dag', 'hello2', 'scheduled__2024-04-16T02:18:00+00:00', '--job-id', '1094', '--raw', '--subdir', 'DAGS_FOLDER/dag.py', '--cfg-path', '/tmp/tmpg8bq7q35']
[2024-04-16T09:47:28.573+0000] {standard_task_runner.py:91} INFO - Job 1094: Subtask hello2
[2024-04-16T09:47:28.624+0000] {task_command.py:426} INFO - Running <TaskInstance: spotify_final_dag.hello2 scheduled__2024-04-16T02:18:00+00:00 [running]> on host 52651c1f9987
[2024-04-16T09:47:28.715+0000] {taskinstance.py:2644} INFO - Exporting env vars: AIRFLOW_CTX_DAG_OWNER='***' AIRFLOW_CTX_DAG_ID='spotify_final_dag' AIRFLOW_CTX_TASK_ID='hello2' AIRFLOW_CTX_EXECUTION_DATE='2024-04-16T02:18:00+00:00' AIRFLOW_CTX_TRY_NUMBER='1' AIRFLOW_CTX_DAG_RUN_ID='scheduled__2024-04-16T02:18:00+00:00'
[2024-04-16T09:47:28.717+0000] {taskinstance.py:430} INFO - ::endgroup::
[2024-04-16T09:47:29.152+0000] {logging_mixin.py:188} INFO - Connection successful
[2024-04-16T09:47:29.581+0000] {logging_mixin.py:188} INFO - Connection successful
[2024-04-16T09:47:29.986+0000] {logging_mixin.py:188} INFO - Connection successful
[2024-04-16T09:47:29.990+0000] {logging_mixin.py:188} INFO - Null Not Found
[2024-04-16T09:47:29.991+0000] {logging_mixin.py:188} INFO - Null Not Found
[2024-04-16T09:47:29.999+0000] {logging_mixin.py:188} INFO - Null Not Found
[2024-04-16T09:47:30.000+0000] {logging_mixin.py:188} INFO - Null Not Found
[2024-04-16T09:47:30.001+0000] {logging_mixin.py:188} INFO - Null Not Found
[2024-04-16T09:47:30.002+0000] {logging_mixin.py:188} INFO - Null Not Found
[2024-04-16T09:47:30.003+0000] {python.py:237} INFO - Done. Returned value was: None
[2024-04-16T09:47:30.004+0000] {taskinstance.py:441} INFO - ::group::Post task execution logs
[2024-04-16T09:47:30.012+0000] {taskinstance.py:1205} INFO - Marking task as SUCCESS. dag_id=spotify_final_dag, task_id=hello2, execution_date=20240416T021800, start_date=20240416T094728, end_date=20240416T094730
[2024-04-16T09:47:30.070+0000] {local_task_job_runner.py:240} INFO - Task exited with return code 0
[2024-04-16T09:47:30.082+0000] {taskinstance.py:3482} INFO - 0 downstream tasks scheduled from follow-on schedule check
[2024-04-16T09:47:30.084+0000] {local_task_job_runner.py:222} INFO - ::endgroup::
