[2024-04-17T05:29:16.078+0000] {local_task_job_runner.py:120} INFO - ::group::Pre task execution logs
[2024-04-17T05:29:16.117+0000] {taskinstance.py:2073} INFO - Dependencies all met for dep_context=non-requeueable deps ti=<TaskInstance: spotify_final_dag.hello2 scheduled__2024-04-17T03:46:00+00:00 [queued]>
[2024-04-17T05:29:16.133+0000] {taskinstance.py:2073} INFO - Dependencies all met for dep_context=requeueable deps ti=<TaskInstance: spotify_final_dag.hello2 scheduled__2024-04-17T03:46:00+00:00 [queued]>
[2024-04-17T05:29:16.135+0000] {taskinstance.py:2303} INFO - Starting attempt 1 of 2
[2024-04-17T05:29:16.162+0000] {taskinstance.py:2327} INFO - Executing <Task(PythonOperator): hello2> on 2024-04-17 03:46:00+00:00
[2024-04-17T05:29:16.180+0000] {warnings.py:110} WARNING - /home/***/.local/lib/python3.12/site-packages/***/task/task_runner/standard_task_runner.py:61: DeprecationWarning: This process (pid=3440) is multi-threaded, use of fork() may lead to deadlocks in the child.
  pid = os.fork()

[2024-04-17T05:29:16.183+0000] {standard_task_runner.py:90} INFO - Running: ['***', 'tasks', 'run', 'spotify_final_dag', 'hello2', 'scheduled__2024-04-17T03:46:00+00:00', '--job-id', '2657', '--raw', '--subdir', 'DAGS_FOLDER/dag.py', '--cfg-path', '/tmp/tmpm5c0068z']
[2024-04-17T05:29:16.189+0000] {standard_task_runner.py:63} INFO - Started process 3465 to run task
[2024-04-17T05:29:16.190+0000] {standard_task_runner.py:91} INFO - Job 2657: Subtask hello2
[2024-04-17T05:29:16.266+0000] {task_command.py:426} INFO - Running <TaskInstance: spotify_final_dag.hello2 scheduled__2024-04-17T03:46:00+00:00 [running]> on host 52651c1f9987
[2024-04-17T05:29:16.418+0000] {taskinstance.py:2644} INFO - Exporting env vars: AIRFLOW_CTX_DAG_OWNER='***' AIRFLOW_CTX_DAG_ID='spotify_final_dag' AIRFLOW_CTX_TASK_ID='hello2' AIRFLOW_CTX_EXECUTION_DATE='2024-04-17T03:46:00+00:00' AIRFLOW_CTX_TRY_NUMBER='1' AIRFLOW_CTX_DAG_RUN_ID='scheduled__2024-04-17T03:46:00+00:00'
[2024-04-17T05:29:16.421+0000] {taskinstance.py:430} INFO - ::endgroup::
[2024-04-17T05:29:16.923+0000] {logging_mixin.py:188} INFO - Connection successful
[2024-04-17T05:29:17.362+0000] {logging_mixin.py:188} INFO - Connection successful
[2024-04-17T05:29:17.776+0000] {logging_mixin.py:188} INFO - Connection successful
[2024-04-17T05:29:17.780+0000] {logging_mixin.py:188} INFO - Null Not Found
[2024-04-17T05:29:17.781+0000] {logging_mixin.py:188} INFO - Null Not Found
[2024-04-17T05:29:17.790+0000] {logging_mixin.py:188} INFO - Null Not Found
[2024-04-17T05:29:17.790+0000] {logging_mixin.py:188} INFO - Null Not Found
[2024-04-17T05:29:17.792+0000] {logging_mixin.py:188} INFO - Null Not Found
[2024-04-17T05:29:17.793+0000] {logging_mixin.py:188} INFO - Null Not Found
[2024-04-17T05:29:17.794+0000] {python.py:237} INFO - Done. Returned value was: None
[2024-04-17T05:29:17.795+0000] {taskinstance.py:441} INFO - ::group::Post task execution logs
[2024-04-17T05:29:17.802+0000] {taskinstance.py:1205} INFO - Marking task as SUCCESS. dag_id=spotify_final_dag, task_id=hello2, execution_date=20240417T034600, start_date=20240417T052916, end_date=20240417T052917
[2024-04-17T05:29:17.852+0000] {local_task_job_runner.py:240} INFO - Task exited with return code 0
[2024-04-17T05:29:17.867+0000] {taskinstance.py:3482} INFO - 0 downstream tasks scheduled from follow-on schedule check
[2024-04-17T05:29:17.870+0000] {local_task_job_runner.py:222} INFO - ::endgroup::
