[2024-04-16T09:41:35.715+0000] {local_task_job_runner.py:120} INFO - ::group::Pre task execution logs
[2024-04-16T09:41:35.742+0000] {taskinstance.py:2073} INFO - Dependencies all met for dep_context=non-requeueable deps ti=<TaskInstance: spotify_final_dag.hello2 scheduled__2024-04-16T05:44:00+00:00 [queued]>
[2024-04-16T09:41:35.754+0000] {taskinstance.py:2073} INFO - Dependencies all met for dep_context=requeueable deps ti=<TaskInstance: spotify_final_dag.hello2 scheduled__2024-04-16T05:44:00+00:00 [queued]>
[2024-04-16T09:41:35.755+0000] {taskinstance.py:2303} INFO - Starting attempt 1 of 2
[2024-04-16T09:41:35.779+0000] {taskinstance.py:2327} INFO - Executing <Task(PythonOperator): hello2> on 2024-04-16 05:44:00+00:00
[2024-04-16T09:41:35.792+0000] {warnings.py:110} WARNING - /home/***/.local/lib/python3.12/site-packages/***/task/task_runner/standard_task_runner.py:61: DeprecationWarning: This process (pid=3284) is multi-threaded, use of fork() may lead to deadlocks in the child.
  pid = os.fork()

[2024-04-16T09:41:35.796+0000] {standard_task_runner.py:63} INFO - Started process 3315 to run task
[2024-04-16T09:41:35.795+0000] {standard_task_runner.py:90} INFO - Running: ['***', 'tasks', 'run', 'spotify_final_dag', 'hello2', 'scheduled__2024-04-16T05:44:00+00:00', '--job-id', '816', '--raw', '--subdir', 'DAGS_FOLDER/dag.py', '--cfg-path', '/tmp/tmpfuzf5iy5']
[2024-04-16T09:41:35.800+0000] {standard_task_runner.py:91} INFO - Job 816: Subtask hello2
[2024-04-16T09:41:35.865+0000] {task_command.py:426} INFO - Running <TaskInstance: spotify_final_dag.hello2 scheduled__2024-04-16T05:44:00+00:00 [running]> on host 52651c1f9987
[2024-04-16T09:41:35.971+0000] {taskinstance.py:2644} INFO - Exporting env vars: AIRFLOW_CTX_DAG_OWNER='***' AIRFLOW_CTX_DAG_ID='spotify_final_dag' AIRFLOW_CTX_TASK_ID='hello2' AIRFLOW_CTX_EXECUTION_DATE='2024-04-16T05:44:00+00:00' AIRFLOW_CTX_TRY_NUMBER='1' AIRFLOW_CTX_DAG_RUN_ID='scheduled__2024-04-16T05:44:00+00:00'
[2024-04-16T09:41:35.973+0000] {taskinstance.py:430} INFO - ::endgroup::
[2024-04-16T09:41:36.388+0000] {logging_mixin.py:188} INFO - Connection successful
[2024-04-16T09:41:36.832+0000] {logging_mixin.py:188} INFO - Connection successful
[2024-04-16T09:41:37.236+0000] {logging_mixin.py:188} INFO - Connection successful
[2024-04-16T09:41:37.241+0000] {logging_mixin.py:188} INFO - Null Not Found
[2024-04-16T09:41:37.242+0000] {logging_mixin.py:188} INFO - Null Not Found
[2024-04-16T09:41:37.253+0000] {logging_mixin.py:188} INFO - Null Not Found
[2024-04-16T09:41:37.254+0000] {logging_mixin.py:188} INFO - Null Not Found
[2024-04-16T09:41:37.256+0000] {logging_mixin.py:188} INFO - Null Not Found
[2024-04-16T09:41:37.257+0000] {logging_mixin.py:188} INFO - Null Not Found
[2024-04-16T09:41:37.258+0000] {python.py:237} INFO - Done. Returned value was: None
[2024-04-16T09:41:37.259+0000] {taskinstance.py:441} INFO - ::group::Post task execution logs
[2024-04-16T09:41:37.267+0000] {taskinstance.py:1205} INFO - Marking task as SUCCESS. dag_id=spotify_final_dag, task_id=hello2, execution_date=20240416T054400, start_date=20240416T094135, end_date=20240416T094137
[2024-04-16T09:41:37.309+0000] {local_task_job_runner.py:240} INFO - Task exited with return code 0
[2024-04-16T09:41:37.325+0000] {taskinstance.py:3482} INFO - 0 downstream tasks scheduled from follow-on schedule check
[2024-04-16T09:41:37.327+0000] {local_task_job_runner.py:222} INFO - ::endgroup::
[2024-04-16T09:48:30.054+0000] {local_task_job_runner.py:120} INFO - ::group::Pre task execution logs
[2024-04-16T09:48:30.070+0000] {taskinstance.py:2073} INFO - Dependencies all met for dep_context=non-requeueable deps ti=<TaskInstance: spotify_final_dag.hello2 scheduled__2024-04-16T05:44:00+00:00 [queued]>
[2024-04-16T09:48:30.077+0000] {taskinstance.py:2073} INFO - Dependencies all met for dep_context=requeueable deps ti=<TaskInstance: spotify_final_dag.hello2 scheduled__2024-04-16T05:44:00+00:00 [queued]>
[2024-04-16T09:48:30.078+0000] {taskinstance.py:2303} INFO - Starting attempt 1 of 2
[2024-04-16T09:48:30.089+0000] {taskinstance.py:2327} INFO - Executing <Task(PythonOperator): hello2> on 2024-04-16 05:44:00+00:00
[2024-04-16T09:48:30.096+0000] {warnings.py:110} WARNING - /home/***/.local/lib/python3.12/site-packages/***/task/task_runner/standard_task_runner.py:61: DeprecationWarning: This process (pid=4807) is multi-threaded, use of fork() may lead to deadlocks in the child.
  pid = os.fork()

[2024-04-16T09:48:30.097+0000] {standard_task_runner.py:63} INFO - Started process 4820 to run task
[2024-04-16T09:48:30.097+0000] {standard_task_runner.py:90} INFO - Running: ['***', 'tasks', 'run', 'spotify_final_dag', 'hello2', 'scheduled__2024-04-16T05:44:00+00:00', '--job-id', '1293', '--raw', '--subdir', 'DAGS_FOLDER/dag.py', '--cfg-path', '/tmp/tmpgf3lv39n']
[2024-04-16T09:48:30.098+0000] {standard_task_runner.py:91} INFO - Job 1293: Subtask hello2
[2024-04-16T09:48:30.131+0000] {task_command.py:426} INFO - Running <TaskInstance: spotify_final_dag.hello2 scheduled__2024-04-16T05:44:00+00:00 [running]> on host 52651c1f9987
[2024-04-16T09:48:30.205+0000] {taskinstance.py:2644} INFO - Exporting env vars: AIRFLOW_CTX_DAG_OWNER='***' AIRFLOW_CTX_DAG_ID='spotify_final_dag' AIRFLOW_CTX_TASK_ID='hello2' AIRFLOW_CTX_EXECUTION_DATE='2024-04-16T05:44:00+00:00' AIRFLOW_CTX_TRY_NUMBER='1' AIRFLOW_CTX_DAG_RUN_ID='scheduled__2024-04-16T05:44:00+00:00'
[2024-04-16T09:48:30.206+0000] {taskinstance.py:430} INFO - ::endgroup::
[2024-04-16T09:48:30.631+0000] {logging_mixin.py:188} INFO - Connection successful
[2024-04-16T09:48:31.046+0000] {logging_mixin.py:188} INFO - Connection successful
[2024-04-16T09:48:31.480+0000] {logging_mixin.py:188} INFO - Connection successful
[2024-04-16T09:48:31.485+0000] {logging_mixin.py:188} INFO - Null Not Found
[2024-04-16T09:48:31.487+0000] {logging_mixin.py:188} INFO - Null Not Found
[2024-04-16T09:48:31.498+0000] {logging_mixin.py:188} INFO - Null Not Found
[2024-04-16T09:48:31.499+0000] {logging_mixin.py:188} INFO - Null Not Found
[2024-04-16T09:48:31.500+0000] {logging_mixin.py:188} INFO - Null Not Found
[2024-04-16T09:48:31.501+0000] {logging_mixin.py:188} INFO - Null Not Found
[2024-04-16T09:48:31.502+0000] {python.py:237} INFO - Done. Returned value was: None
[2024-04-16T09:48:31.503+0000] {taskinstance.py:441} INFO - ::group::Post task execution logs
[2024-04-16T09:48:31.509+0000] {taskinstance.py:1205} INFO - Marking task as SUCCESS. dag_id=spotify_final_dag, task_id=hello2, execution_date=20240416T054400, start_date=20240416T094830, end_date=20240416T094831
[2024-04-16T09:48:31.595+0000] {local_task_job_runner.py:240} INFO - Task exited with return code 0
[2024-04-16T09:48:31.610+0000] {taskinstance.py:3482} INFO - 0 downstream tasks scheduled from follow-on schedule check
[2024-04-16T09:48:31.612+0000] {local_task_job_runner.py:222} INFO - ::endgroup::
