[2024-04-16T09:38:39.197+0000] {local_task_job_runner.py:120} INFO - ::group::Pre task execution logs
[2024-04-16T09:38:39.226+0000] {taskinstance.py:2073} INFO - Dependencies all met for dep_context=non-requeueable deps ti=<TaskInstance: spotify_final_dag.hello2 scheduled__2024-04-16T01:20:00+00:00 [queued]>
[2024-04-16T09:38:39.240+0000] {taskinstance.py:2073} INFO - Dependencies all met for dep_context=requeueable deps ti=<TaskInstance: spotify_final_dag.hello2 scheduled__2024-04-16T01:20:00+00:00 [queued]>
[2024-04-16T09:38:39.242+0000] {taskinstance.py:2303} INFO - Starting attempt 1 of 2
[2024-04-16T09:38:39.332+0000] {taskinstance.py:2327} INFO - Executing <Task(PythonOperator): hello2> on 2024-04-16 01:20:00+00:00
[2024-04-16T09:38:39.345+0000] {warnings.py:110} WARNING - /home/***/.local/lib/python3.12/site-packages/***/task/task_runner/standard_task_runner.py:61: DeprecationWarning: This process (pid=1671) is multi-threaded, use of fork() may lead to deadlocks in the child.
  pid = os.fork()

[2024-04-16T09:38:39.359+0000] {standard_task_runner.py:63} INFO - Started process 1702 to run task
[2024-04-16T09:38:39.348+0000] {standard_task_runner.py:90} INFO - Running: ['***', 'tasks', 'run', 'spotify_final_dag', 'hello2', 'scheduled__2024-04-16T01:20:00+00:00', '--job-id', '289', '--raw', '--subdir', 'DAGS_FOLDER/dag.py', '--cfg-path', '/tmp/tmplkqkbfpf']
[2024-04-16T09:38:39.362+0000] {standard_task_runner.py:91} INFO - Job 289: Subtask hello2
[2024-04-16T09:38:39.418+0000] {task_command.py:426} INFO - Running <TaskInstance: spotify_final_dag.hello2 scheduled__2024-04-16T01:20:00+00:00 [running]> on host 52651c1f9987
[2024-04-16T09:38:39.594+0000] {taskinstance.py:2644} INFO - Exporting env vars: AIRFLOW_CTX_DAG_OWNER='***' AIRFLOW_CTX_DAG_ID='spotify_final_dag' AIRFLOW_CTX_TASK_ID='hello2' AIRFLOW_CTX_EXECUTION_DATE='2024-04-16T01:20:00+00:00' AIRFLOW_CTX_TRY_NUMBER='1' AIRFLOW_CTX_DAG_RUN_ID='scheduled__2024-04-16T01:20:00+00:00'
[2024-04-16T09:38:39.596+0000] {taskinstance.py:430} INFO - ::endgroup::
[2024-04-16T09:38:40.066+0000] {logging_mixin.py:188} INFO - Connection successful
[2024-04-16T09:38:40.511+0000] {logging_mixin.py:188} INFO - Connection successful
[2024-04-16T09:38:40.944+0000] {logging_mixin.py:188} INFO - Connection successful
[2024-04-16T09:38:40.949+0000] {logging_mixin.py:188} INFO - Null Not Found
[2024-04-16T09:38:40.950+0000] {logging_mixin.py:188} INFO - Null Not Found
[2024-04-16T09:38:40.962+0000] {logging_mixin.py:188} INFO - Null Not Found
[2024-04-16T09:38:40.963+0000] {logging_mixin.py:188} INFO - Null Not Found
[2024-04-16T09:38:40.965+0000] {logging_mixin.py:188} INFO - Null Not Found
[2024-04-16T09:38:40.965+0000] {logging_mixin.py:188} INFO - Null Not Found
[2024-04-16T09:38:40.967+0000] {python.py:237} INFO - Done. Returned value was: None
[2024-04-16T09:38:40.968+0000] {taskinstance.py:441} INFO - ::group::Post task execution logs
[2024-04-16T09:38:40.979+0000] {taskinstance.py:1205} INFO - Marking task as SUCCESS. dag_id=spotify_final_dag, task_id=hello2, execution_date=20240416T012000, start_date=20240416T093839, end_date=20240416T093840
[2024-04-16T09:38:41.021+0000] {local_task_job_runner.py:240} INFO - Task exited with return code 0
[2024-04-16T09:38:41.034+0000] {taskinstance.py:3482} INFO - 0 downstream tasks scheduled from follow-on schedule check
[2024-04-16T09:38:41.036+0000] {local_task_job_runner.py:222} INFO - ::endgroup::
[2024-04-16T09:47:08.416+0000] {local_task_job_runner.py:120} INFO - ::group::Pre task execution logs
[2024-04-16T09:47:08.438+0000] {taskinstance.py:2073} INFO - Dependencies all met for dep_context=non-requeueable deps ti=<TaskInstance: spotify_final_dag.hello2 scheduled__2024-04-16T01:20:00+00:00 [queued]>
[2024-04-16T09:47:08.451+0000] {taskinstance.py:2073} INFO - Dependencies all met for dep_context=requeueable deps ti=<TaskInstance: spotify_final_dag.hello2 scheduled__2024-04-16T01:20:00+00:00 [queued]>
[2024-04-16T09:47:08.451+0000] {taskinstance.py:2303} INFO - Starting attempt 1 of 2
[2024-04-16T09:47:08.465+0000] {taskinstance.py:2327} INFO - Executing <Task(PythonOperator): hello2> on 2024-04-16 01:20:00+00:00
[2024-04-16T09:47:08.476+0000] {warnings.py:110} WARNING - /home/***/.local/lib/python3.12/site-packages/***/task/task_runner/standard_task_runner.py:61: DeprecationWarning: This process (pid=4018) is multi-threaded, use of fork() may lead to deadlocks in the child.
  pid = os.fork()

[2024-04-16T09:47:08.479+0000] {standard_task_runner.py:90} INFO - Running: ['***', 'tasks', 'run', 'spotify_final_dag', 'hello2', 'scheduled__2024-04-16T01:20:00+00:00', '--job-id', '1036', '--raw', '--subdir', 'DAGS_FOLDER/dag.py', '--cfg-path', '/tmp/tmptgcjkkr5']
[2024-04-16T09:47:08.481+0000] {standard_task_runner.py:63} INFO - Started process 4041 to run task
[2024-04-16T09:47:08.481+0000] {standard_task_runner.py:91} INFO - Job 1036: Subtask hello2
[2024-04-16T09:47:08.530+0000] {task_command.py:426} INFO - Running <TaskInstance: spotify_final_dag.hello2 scheduled__2024-04-16T01:20:00+00:00 [running]> on host 52651c1f9987
[2024-04-16T09:47:08.630+0000] {taskinstance.py:2644} INFO - Exporting env vars: AIRFLOW_CTX_DAG_OWNER='***' AIRFLOW_CTX_DAG_ID='spotify_final_dag' AIRFLOW_CTX_TASK_ID='hello2' AIRFLOW_CTX_EXECUTION_DATE='2024-04-16T01:20:00+00:00' AIRFLOW_CTX_TRY_NUMBER='1' AIRFLOW_CTX_DAG_RUN_ID='scheduled__2024-04-16T01:20:00+00:00'
[2024-04-16T09:47:08.631+0000] {taskinstance.py:430} INFO - ::endgroup::
[2024-04-16T09:47:09.059+0000] {logging_mixin.py:188} INFO - Connection successful
[2024-04-16T09:47:09.521+0000] {logging_mixin.py:188} INFO - Connection successful
[2024-04-16T09:47:09.939+0000] {logging_mixin.py:188} INFO - Connection successful
[2024-04-16T09:47:09.943+0000] {logging_mixin.py:188} INFO - Null Not Found
[2024-04-16T09:47:09.944+0000] {logging_mixin.py:188} INFO - Null Not Found
[2024-04-16T09:47:09.952+0000] {logging_mixin.py:188} INFO - Null Not Found
[2024-04-16T09:47:09.953+0000] {logging_mixin.py:188} INFO - Null Not Found
[2024-04-16T09:47:09.954+0000] {logging_mixin.py:188} INFO - Null Not Found
[2024-04-16T09:47:09.955+0000] {logging_mixin.py:188} INFO - Null Not Found
[2024-04-16T09:47:09.956+0000] {python.py:237} INFO - Done. Returned value was: None
[2024-04-16T09:47:09.957+0000] {taskinstance.py:441} INFO - ::group::Post task execution logs
[2024-04-16T09:47:09.964+0000] {taskinstance.py:1205} INFO - Marking task as SUCCESS. dag_id=spotify_final_dag, task_id=hello2, execution_date=20240416T012000, start_date=20240416T094708, end_date=20240416T094709
[2024-04-16T09:47:09.981+0000] {local_task_job_runner.py:240} INFO - Task exited with return code 0
[2024-04-16T09:47:10.042+0000] {taskinstance.py:3482} INFO - 0 downstream tasks scheduled from follow-on schedule check
[2024-04-16T09:47:10.044+0000] {local_task_job_runner.py:222} INFO - ::endgroup::
