[2024-04-16T09:39:37.325+0000] {local_task_job_runner.py:120} INFO - ::group::Pre task execution logs
[2024-04-16T09:39:37.345+0000] {taskinstance.py:2073} INFO - Dependencies all met for dep_context=non-requeueable deps ti=<TaskInstance: spotify_final_dag.hello2 scheduled__2024-04-16T02:44:00+00:00 [queued]>
[2024-04-16T09:39:37.354+0000] {taskinstance.py:2073} INFO - Dependencies all met for dep_context=requeueable deps ti=<TaskInstance: spotify_final_dag.hello2 scheduled__2024-04-16T02:44:00+00:00 [queued]>
[2024-04-16T09:39:37.355+0000] {taskinstance.py:2303} INFO - Starting attempt 1 of 2
[2024-04-16T09:39:37.370+0000] {taskinstance.py:2327} INFO - Executing <Task(PythonOperator): hello2> on 2024-04-16 02:44:00+00:00
[2024-04-16T09:39:37.378+0000] {warnings.py:110} WARNING - /home/***/.local/lib/python3.12/site-packages/***/task/task_runner/standard_task_runner.py:61: DeprecationWarning: This process (pid=2152) is multi-threaded, use of fork() may lead to deadlocks in the child.
  pid = os.fork()

[2024-04-16T09:39:37.380+0000] {standard_task_runner.py:63} INFO - Started process 2181 to run task
[2024-04-16T09:39:37.380+0000] {standard_task_runner.py:90} INFO - Running: ['***', 'tasks', 'run', 'spotify_final_dag', 'hello2', 'scheduled__2024-04-16T02:44:00+00:00', '--job-id', '449', '--raw', '--subdir', 'DAGS_FOLDER/dag.py', '--cfg-path', '/tmp/tmpxv11ggkn']
[2024-04-16T09:39:37.381+0000] {standard_task_runner.py:91} INFO - Job 449: Subtask hello2
[2024-04-16T09:39:37.436+0000] {task_command.py:426} INFO - Running <TaskInstance: spotify_final_dag.hello2 scheduled__2024-04-16T02:44:00+00:00 [running]> on host 52651c1f9987
[2024-04-16T09:39:37.535+0000] {taskinstance.py:2644} INFO - Exporting env vars: AIRFLOW_CTX_DAG_OWNER='***' AIRFLOW_CTX_DAG_ID='spotify_final_dag' AIRFLOW_CTX_TASK_ID='hello2' AIRFLOW_CTX_EXECUTION_DATE='2024-04-16T02:44:00+00:00' AIRFLOW_CTX_TRY_NUMBER='1' AIRFLOW_CTX_DAG_RUN_ID='scheduled__2024-04-16T02:44:00+00:00'
[2024-04-16T09:39:37.536+0000] {taskinstance.py:430} INFO - ::endgroup::
[2024-04-16T09:39:37.967+0000] {logging_mixin.py:188} INFO - Connection successful
[2024-04-16T09:39:38.397+0000] {logging_mixin.py:188} INFO - Connection successful
[2024-04-16T09:39:38.839+0000] {logging_mixin.py:188} INFO - Connection successful
[2024-04-16T09:39:38.843+0000] {logging_mixin.py:188} INFO - Null Not Found
[2024-04-16T09:39:38.844+0000] {logging_mixin.py:188} INFO - Null Not Found
[2024-04-16T09:39:38.855+0000] {logging_mixin.py:188} INFO - Null Not Found
[2024-04-16T09:39:38.856+0000] {logging_mixin.py:188} INFO - Null Not Found
[2024-04-16T09:39:38.858+0000] {logging_mixin.py:188} INFO - Null Not Found
[2024-04-16T09:39:38.859+0000] {logging_mixin.py:188} INFO - Null Not Found
[2024-04-16T09:39:38.861+0000] {python.py:237} INFO - Done. Returned value was: None
[2024-04-16T09:39:38.861+0000] {taskinstance.py:441} INFO - ::group::Post task execution logs
[2024-04-16T09:39:38.869+0000] {taskinstance.py:1205} INFO - Marking task as SUCCESS. dag_id=spotify_final_dag, task_id=hello2, execution_date=20240416T024400, start_date=20240416T093937, end_date=20240416T093938
[2024-04-16T09:39:38.919+0000] {local_task_job_runner.py:240} INFO - Task exited with return code 0
[2024-04-16T09:39:38.935+0000] {taskinstance.py:3482} INFO - 0 downstream tasks scheduled from follow-on schedule check
[2024-04-16T09:39:38.937+0000] {local_task_job_runner.py:222} INFO - ::endgroup::
[2024-04-16T09:47:38.000+0000] {local_task_job_runner.py:120} INFO - ::group::Pre task execution logs
[2024-04-16T09:47:38.025+0000] {taskinstance.py:2073} INFO - Dependencies all met for dep_context=non-requeueable deps ti=<TaskInstance: spotify_final_dag.hello2 scheduled__2024-04-16T02:44:00+00:00 [queued]>
[2024-04-16T09:47:38.036+0000] {taskinstance.py:2073} INFO - Dependencies all met for dep_context=requeueable deps ti=<TaskInstance: spotify_final_dag.hello2 scheduled__2024-04-16T02:44:00+00:00 [queued]>
[2024-04-16T09:47:38.037+0000] {taskinstance.py:2303} INFO - Starting attempt 1 of 2
[2024-04-16T09:47:38.052+0000] {taskinstance.py:2327} INFO - Executing <Task(PythonOperator): hello2> on 2024-04-16 02:44:00+00:00
[2024-04-16T09:47:38.063+0000] {warnings.py:110} WARNING - /home/***/.local/lib/python3.12/site-packages/***/task/task_runner/standard_task_runner.py:61: DeprecationWarning: This process (pid=4279) is multi-threaded, use of fork() may lead to deadlocks in the child.
  pid = os.fork()

[2024-04-16T09:47:38.064+0000] {standard_task_runner.py:63} INFO - Started process 4308 to run task
[2024-04-16T09:47:38.065+0000] {standard_task_runner.py:90} INFO - Running: ['***', 'tasks', 'run', 'spotify_final_dag', 'hello2', 'scheduled__2024-04-16T02:44:00+00:00', '--job-id', '1123', '--raw', '--subdir', 'DAGS_FOLDER/dag.py', '--cfg-path', '/tmp/tmpchxwr865']
[2024-04-16T09:47:38.066+0000] {standard_task_runner.py:91} INFO - Job 1123: Subtask hello2
[2024-04-16T09:47:38.107+0000] {task_command.py:426} INFO - Running <TaskInstance: spotify_final_dag.hello2 scheduled__2024-04-16T02:44:00+00:00 [running]> on host 52651c1f9987
[2024-04-16T09:47:38.206+0000] {taskinstance.py:2644} INFO - Exporting env vars: AIRFLOW_CTX_DAG_OWNER='***' AIRFLOW_CTX_DAG_ID='spotify_final_dag' AIRFLOW_CTX_TASK_ID='hello2' AIRFLOW_CTX_EXECUTION_DATE='2024-04-16T02:44:00+00:00' AIRFLOW_CTX_TRY_NUMBER='1' AIRFLOW_CTX_DAG_RUN_ID='scheduled__2024-04-16T02:44:00+00:00'
[2024-04-16T09:47:38.208+0000] {taskinstance.py:430} INFO - ::endgroup::
[2024-04-16T09:47:38.610+0000] {logging_mixin.py:188} INFO - Connection successful
[2024-04-16T09:47:39.120+0000] {logging_mixin.py:188} INFO - Connection successful
[2024-04-16T09:47:39.547+0000] {logging_mixin.py:188} INFO - Connection successful
[2024-04-16T09:47:39.553+0000] {logging_mixin.py:188} INFO - Null Not Found
[2024-04-16T09:47:39.554+0000] {logging_mixin.py:188} INFO - Null Not Found
[2024-04-16T09:47:39.564+0000] {logging_mixin.py:188} INFO - Null Not Found
[2024-04-16T09:47:39.565+0000] {logging_mixin.py:188} INFO - Null Not Found
[2024-04-16T09:47:39.567+0000] {logging_mixin.py:188} INFO - Null Not Found
[2024-04-16T09:47:39.567+0000] {logging_mixin.py:188} INFO - Null Not Found
[2024-04-16T09:47:39.569+0000] {python.py:237} INFO - Done. Returned value was: None
[2024-04-16T09:47:39.570+0000] {taskinstance.py:441} INFO - ::group::Post task execution logs
[2024-04-16T09:47:39.579+0000] {taskinstance.py:1205} INFO - Marking task as SUCCESS. dag_id=spotify_final_dag, task_id=hello2, execution_date=20240416T024400, start_date=20240416T094738, end_date=20240416T094739
[2024-04-16T09:47:39.642+0000] {local_task_job_runner.py:240} INFO - Task exited with return code 0
[2024-04-16T09:47:39.661+0000] {taskinstance.py:3482} INFO - 0 downstream tasks scheduled from follow-on schedule check
[2024-04-16T09:47:39.664+0000] {local_task_job_runner.py:222} INFO - ::endgroup::
