[2024-04-16T09:10:05.547+0000] {local_task_job_runner.py:120} INFO - ::group::Pre task execution logs
[2024-04-16T09:10:05.560+0000] {taskinstance.py:2073} INFO - Dependencies all met for dep_context=non-requeueable deps ti=<TaskInstance: spotify_final_dag.hello2 scheduled__2024-04-16T08:20:00+00:00 [queued]>
[2024-04-16T09:10:05.564+0000] {taskinstance.py:2073} INFO - Dependencies all met for dep_context=requeueable deps ti=<TaskInstance: spotify_final_dag.hello2 scheduled__2024-04-16T08:20:00+00:00 [queued]>
[2024-04-16T09:10:05.565+0000] {taskinstance.py:2303} INFO - Starting attempt 1 of 2
[2024-04-16T09:10:05.573+0000] {taskinstance.py:2327} INFO - Executing <Task(PythonOperator): hello2> on 2024-04-16 08:20:00+00:00
[2024-04-16T09:10:05.578+0000] {warnings.py:110} WARNING - /home/***/.local/lib/python3.12/site-packages/***/task/task_runner/standard_task_runner.py:61: DeprecationWarning: This process (pid=632) is multi-threaded, use of fork() may lead to deadlocks in the child.
  pid = os.fork()

[2024-04-16T09:10:05.579+0000] {standard_task_runner.py:63} INFO - Started process 634 to run task
[2024-04-16T09:10:05.579+0000] {standard_task_runner.py:90} INFO - Running: ['***', 'tasks', 'run', 'spotify_final_dag', 'hello2', 'scheduled__2024-04-16T08:20:00+00:00', '--job-id', '66', '--raw', '--subdir', 'DAGS_FOLDER/dag.py', '--cfg-path', '/tmp/tmpc5mvfdda']
[2024-04-16T09:10:05.580+0000] {standard_task_runner.py:91} INFO - Job 66: Subtask hello2
[2024-04-16T09:10:05.611+0000] {task_command.py:426} INFO - Running <TaskInstance: spotify_final_dag.hello2 scheduled__2024-04-16T08:20:00+00:00 [running]> on host 52651c1f9987
[2024-04-16T09:10:05.668+0000] {taskinstance.py:2644} INFO - Exporting env vars: AIRFLOW_CTX_DAG_OWNER='***' AIRFLOW_CTX_DAG_ID='spotify_final_dag' AIRFLOW_CTX_TASK_ID='hello2' AIRFLOW_CTX_EXECUTION_DATE='2024-04-16T08:20:00+00:00' AIRFLOW_CTX_TRY_NUMBER='1' AIRFLOW_CTX_DAG_RUN_ID='scheduled__2024-04-16T08:20:00+00:00'
[2024-04-16T09:10:05.669+0000] {taskinstance.py:430} INFO - ::endgroup::
[2024-04-16T09:10:06.127+0000] {logging_mixin.py:188} INFO - Connection successful
[2024-04-16T09:10:06.545+0000] {logging_mixin.py:188} INFO - Connection successful
[2024-04-16T09:10:06.979+0000] {logging_mixin.py:188} INFO - Connection successful
[2024-04-16T09:10:06.982+0000] {logging_mixin.py:188} INFO - Null Not Found
[2024-04-16T09:10:06.983+0000] {logging_mixin.py:188} INFO - Null Not Found
[2024-04-16T09:10:06.985+0000] {logging_mixin.py:188} INFO - Null Not Found
[2024-04-16T09:10:06.986+0000] {logging_mixin.py:188} INFO - Null Not Found
[2024-04-16T09:10:06.987+0000] {logging_mixin.py:188} INFO - Null Not Found
[2024-04-16T09:10:06.987+0000] {logging_mixin.py:188} INFO - Null Not Found
[2024-04-16T09:10:06.988+0000] {python.py:237} INFO - Done. Returned value was: None
[2024-04-16T09:10:06.988+0000] {taskinstance.py:441} INFO - ::group::Post task execution logs
[2024-04-16T09:10:06.994+0000] {taskinstance.py:1205} INFO - Marking task as SUCCESS. dag_id=spotify_final_dag, task_id=hello2, execution_date=20240416T082000, start_date=20240416T091005, end_date=20240416T091006
[2024-04-16T09:10:07.041+0000] {local_task_job_runner.py:240} INFO - Task exited with return code 0
[2024-04-16T09:10:07.051+0000] {taskinstance.py:3482} INFO - 0 downstream tasks scheduled from follow-on schedule check
[2024-04-16T09:10:07.054+0000] {local_task_job_runner.py:222} INFO - ::endgroup::
[2024-04-16T09:21:43.373+0000] {local_task_job_runner.py:120} INFO - ::group::Pre task execution logs
[2024-04-16T09:21:43.389+0000] {taskinstance.py:2073} INFO - Dependencies all met for dep_context=non-requeueable deps ti=<TaskInstance: spotify_final_dag.hello2 scheduled__2024-04-16T08:20:00+00:00 [queued]>
[2024-04-16T09:21:43.397+0000] {taskinstance.py:2073} INFO - Dependencies all met for dep_context=requeueable deps ti=<TaskInstance: spotify_final_dag.hello2 scheduled__2024-04-16T08:20:00+00:00 [queued]>
[2024-04-16T09:21:43.398+0000] {taskinstance.py:2303} INFO - Starting attempt 1 of 2
[2024-04-16T09:21:43.411+0000] {taskinstance.py:2327} INFO - Executing <Task(PythonOperator): hello2> on 2024-04-16 08:20:00+00:00
[2024-04-16T09:21:43.419+0000] {warnings.py:110} WARNING - /home/***/.local/lib/python3.12/site-packages/***/task/task_runner/standard_task_runner.py:61: DeprecationWarning: This process (pid=852) is multi-threaded, use of fork() may lead to deadlocks in the child.
  pid = os.fork()

[2024-04-16T09:21:43.420+0000] {standard_task_runner.py:63} INFO - Started process 865 to run task
[2024-04-16T09:21:43.420+0000] {standard_task_runner.py:90} INFO - Running: ['***', 'tasks', 'run', 'spotify_final_dag', 'hello2', 'scheduled__2024-04-16T08:20:00+00:00', '--job-id', '92', '--raw', '--subdir', 'DAGS_FOLDER/dag.py', '--cfg-path', '/tmp/tmp7065nu2c']
[2024-04-16T09:21:43.421+0000] {standard_task_runner.py:91} INFO - Job 92: Subtask hello2
[2024-04-16T09:21:43.464+0000] {task_command.py:426} INFO - Running <TaskInstance: spotify_final_dag.hello2 scheduled__2024-04-16T08:20:00+00:00 [running]> on host 52651c1f9987
[2024-04-16T09:21:43.529+0000] {taskinstance.py:2644} INFO - Exporting env vars: AIRFLOW_CTX_DAG_OWNER='***' AIRFLOW_CTX_DAG_ID='spotify_final_dag' AIRFLOW_CTX_TASK_ID='hello2' AIRFLOW_CTX_EXECUTION_DATE='2024-04-16T08:20:00+00:00' AIRFLOW_CTX_TRY_NUMBER='1' AIRFLOW_CTX_DAG_RUN_ID='scheduled__2024-04-16T08:20:00+00:00'
[2024-04-16T09:21:43.530+0000] {taskinstance.py:430} INFO - ::endgroup::
[2024-04-16T09:21:43.971+0000] {logging_mixin.py:188} INFO - Connection successful
[2024-04-16T09:21:44.375+0000] {logging_mixin.py:188} INFO - Connection successful
[2024-04-16T09:21:44.775+0000] {logging_mixin.py:188} INFO - Connection successful
[2024-04-16T09:21:44.778+0000] {logging_mixin.py:188} INFO - Null Not Found
[2024-04-16T09:21:44.779+0000] {logging_mixin.py:188} INFO - Null Not Found
[2024-04-16T09:21:44.787+0000] {logging_mixin.py:188} INFO - Null Not Found
[2024-04-16T09:21:44.788+0000] {logging_mixin.py:188} INFO - Null Not Found
[2024-04-16T09:21:44.789+0000] {logging_mixin.py:188} INFO - Null Not Found
[2024-04-16T09:21:44.789+0000] {logging_mixin.py:188} INFO - Null Not Found
[2024-04-16T09:21:44.790+0000] {python.py:237} INFO - Done. Returned value was: None
[2024-04-16T09:21:44.791+0000] {taskinstance.py:441} INFO - ::group::Post task execution logs
[2024-04-16T09:21:44.797+0000] {taskinstance.py:1205} INFO - Marking task as SUCCESS. dag_id=spotify_final_dag, task_id=hello2, execution_date=20240416T082000, start_date=20240416T092143, end_date=20240416T092144
[2024-04-16T09:21:44.839+0000] {local_task_job_runner.py:240} INFO - Task exited with return code 0
[2024-04-16T09:21:44.860+0000] {taskinstance.py:3482} INFO - 0 downstream tasks scheduled from follow-on schedule check
[2024-04-16T09:21:44.863+0000] {local_task_job_runner.py:222} INFO - ::endgroup::
[2024-04-16T09:32:58.730+0000] {local_task_job_runner.py:120} INFO - ::group::Pre task execution logs
[2024-04-16T09:32:58.752+0000] {taskinstance.py:2073} INFO - Dependencies all met for dep_context=non-requeueable deps ti=<TaskInstance: spotify_final_dag.hello2 scheduled__2024-04-16T08:20:00+00:00 [queued]>
[2024-04-16T09:32:58.763+0000] {taskinstance.py:2073} INFO - Dependencies all met for dep_context=requeueable deps ti=<TaskInstance: spotify_final_dag.hello2 scheduled__2024-04-16T08:20:00+00:00 [queued]>
[2024-04-16T09:32:58.763+0000] {taskinstance.py:2303} INFO - Starting attempt 1 of 2
[2024-04-16T09:32:58.777+0000] {taskinstance.py:2327} INFO - Executing <Task(PythonOperator): hello2> on 2024-04-16 08:20:00+00:00
[2024-04-16T09:32:58.784+0000] {warnings.py:110} WARNING - /home/***/.local/lib/python3.12/site-packages/***/task/task_runner/standard_task_runner.py:61: DeprecationWarning: This process (pid=1061) is multi-threaded, use of fork() may lead to deadlocks in the child.
  pid = os.fork()

[2024-04-16T09:32:58.787+0000] {standard_task_runner.py:63} INFO - Started process 1076 to run task
[2024-04-16T09:32:58.786+0000] {standard_task_runner.py:90} INFO - Running: ['***', 'tasks', 'run', 'spotify_final_dag', 'hello2', 'scheduled__2024-04-16T08:20:00+00:00', '--job-id', '112', '--raw', '--subdir', 'DAGS_FOLDER/dag.py', '--cfg-path', '/tmp/tmp8te6av37']
[2024-04-16T09:32:58.788+0000] {standard_task_runner.py:91} INFO - Job 112: Subtask hello2
[2024-04-16T09:32:58.837+0000] {task_command.py:426} INFO - Running <TaskInstance: spotify_final_dag.hello2 scheduled__2024-04-16T08:20:00+00:00 [running]> on host 52651c1f9987
[2024-04-16T09:32:58.930+0000] {taskinstance.py:2644} INFO - Exporting env vars: AIRFLOW_CTX_DAG_OWNER='***' AIRFLOW_CTX_DAG_ID='spotify_final_dag' AIRFLOW_CTX_TASK_ID='hello2' AIRFLOW_CTX_EXECUTION_DATE='2024-04-16T08:20:00+00:00' AIRFLOW_CTX_TRY_NUMBER='1' AIRFLOW_CTX_DAG_RUN_ID='scheduled__2024-04-16T08:20:00+00:00'
[2024-04-16T09:32:58.932+0000] {taskinstance.py:430} INFO - ::endgroup::
[2024-04-16T09:32:59.374+0000] {logging_mixin.py:188} INFO - Connection successful
[2024-04-16T09:32:59.826+0000] {logging_mixin.py:188} INFO - Connection successful
[2024-04-16T09:33:00.242+0000] {logging_mixin.py:188} INFO - Connection successful
[2024-04-16T09:33:00.247+0000] {logging_mixin.py:188} INFO - Null Not Found
[2024-04-16T09:33:00.248+0000] {logging_mixin.py:188} INFO - Null Not Found
[2024-04-16T09:33:00.260+0000] {logging_mixin.py:188} INFO - Null Not Found
[2024-04-16T09:33:00.261+0000] {logging_mixin.py:188} INFO - Null Not Found
[2024-04-16T09:33:00.263+0000] {logging_mixin.py:188} INFO - Null Not Found
[2024-04-16T09:33:00.264+0000] {logging_mixin.py:188} INFO - Null Not Found
[2024-04-16T09:33:00.266+0000] {python.py:237} INFO - Done. Returned value was: None
[2024-04-16T09:33:00.267+0000] {taskinstance.py:441} INFO - ::group::Post task execution logs
[2024-04-16T09:33:00.275+0000] {taskinstance.py:1205} INFO - Marking task as SUCCESS. dag_id=spotify_final_dag, task_id=hello2, execution_date=20240416T082000, start_date=20240416T093258, end_date=20240416T093300
[2024-04-16T09:33:00.326+0000] {local_task_job_runner.py:240} INFO - Task exited with return code 0
[2024-04-16T09:33:00.337+0000] {taskinstance.py:3482} INFO - 0 downstream tasks scheduled from follow-on schedule check
[2024-04-16T09:33:00.339+0000] {local_task_job_runner.py:222} INFO - ::endgroup::
[2024-04-16T09:49:20.620+0000] {local_task_job_runner.py:120} INFO - ::group::Pre task execution logs
[2024-04-16T09:49:20.636+0000] {taskinstance.py:2073} INFO - Dependencies all met for dep_context=non-requeueable deps ti=<TaskInstance: spotify_final_dag.hello2 scheduled__2024-04-16T08:20:00+00:00 [queued]>
[2024-04-16T09:49:20.643+0000] {taskinstance.py:2073} INFO - Dependencies all met for dep_context=requeueable deps ti=<TaskInstance: spotify_final_dag.hello2 scheduled__2024-04-16T08:20:00+00:00 [queued]>
[2024-04-16T09:49:20.643+0000] {taskinstance.py:2303} INFO - Starting attempt 1 of 2
[2024-04-16T09:49:20.652+0000] {taskinstance.py:2327} INFO - Executing <Task(PythonOperator): hello2> on 2024-04-16 08:20:00+00:00
[2024-04-16T09:49:20.658+0000] {warnings.py:110} WARNING - /home/***/.local/lib/python3.12/site-packages/***/task/task_runner/standard_task_runner.py:61: DeprecationWarning: This process (pid=5291) is multi-threaded, use of fork() may lead to deadlocks in the child.
  pid = os.fork()

[2024-04-16T09:49:20.660+0000] {standard_task_runner.py:63} INFO - Started process 5310 to run task
[2024-04-16T09:49:20.660+0000] {standard_task_runner.py:90} INFO - Running: ['***', 'tasks', 'run', 'spotify_final_dag', 'hello2', 'scheduled__2024-04-16T08:20:00+00:00', '--job-id', '1451', '--raw', '--subdir', 'DAGS_FOLDER/dag.py', '--cfg-path', '/tmp/tmputd806xx']
[2024-04-16T09:49:20.661+0000] {standard_task_runner.py:91} INFO - Job 1451: Subtask hello2
[2024-04-16T09:49:20.694+0000] {task_command.py:426} INFO - Running <TaskInstance: spotify_final_dag.hello2 scheduled__2024-04-16T08:20:00+00:00 [running]> on host 52651c1f9987
[2024-04-16T09:49:20.762+0000] {taskinstance.py:2644} INFO - Exporting env vars: AIRFLOW_CTX_DAG_OWNER='***' AIRFLOW_CTX_DAG_ID='spotify_final_dag' AIRFLOW_CTX_TASK_ID='hello2' AIRFLOW_CTX_EXECUTION_DATE='2024-04-16T08:20:00+00:00' AIRFLOW_CTX_TRY_NUMBER='1' AIRFLOW_CTX_DAG_RUN_ID='scheduled__2024-04-16T08:20:00+00:00'
[2024-04-16T09:49:20.764+0000] {taskinstance.py:430} INFO - ::endgroup::
[2024-04-16T09:49:21.152+0000] {logging_mixin.py:188} INFO - Connection successful
[2024-04-16T09:49:21.564+0000] {logging_mixin.py:188} INFO - Connection successful
[2024-04-16T09:49:22.098+0000] {logging_mixin.py:188} INFO - Connection successful
[2024-04-16T09:49:22.102+0000] {logging_mixin.py:188} INFO - Null Not Found
[2024-04-16T09:49:22.103+0000] {logging_mixin.py:188} INFO - Null Not Found
[2024-04-16T09:49:22.112+0000] {logging_mixin.py:188} INFO - Null Not Found
[2024-04-16T09:49:22.112+0000] {logging_mixin.py:188} INFO - Null Not Found
[2024-04-16T09:49:22.113+0000] {logging_mixin.py:188} INFO - Null Not Found
[2024-04-16T09:49:22.114+0000] {logging_mixin.py:188} INFO - Null Not Found
[2024-04-16T09:49:22.115+0000] {python.py:237} INFO - Done. Returned value was: None
[2024-04-16T09:49:22.115+0000] {taskinstance.py:441} INFO - ::group::Post task execution logs
[2024-04-16T09:49:22.123+0000] {taskinstance.py:1205} INFO - Marking task as SUCCESS. dag_id=spotify_final_dag, task_id=hello2, execution_date=20240416T082000, start_date=20240416T094920, end_date=20240416T094922
[2024-04-16T09:49:22.157+0000] {local_task_job_runner.py:240} INFO - Task exited with return code 0
[2024-04-16T09:49:22.170+0000] {taskinstance.py:3482} INFO - 0 downstream tasks scheduled from follow-on schedule check
[2024-04-16T09:49:22.172+0000] {local_task_job_runner.py:222} INFO - ::endgroup::
