[2024-04-16T09:40:28.089+0000] {local_task_job_runner.py:120} INFO - ::group::Pre task execution logs
[2024-04-16T09:40:28.106+0000] {taskinstance.py:2073} INFO - Dependencies all met for dep_context=non-requeueable deps ti=<TaskInstance: spotify_final_dag.hello2 scheduled__2024-04-16T04:04:00+00:00 [queued]>
[2024-04-16T09:40:28.112+0000] {taskinstance.py:2073} INFO - Dependencies all met for dep_context=requeueable deps ti=<TaskInstance: spotify_final_dag.hello2 scheduled__2024-04-16T04:04:00+00:00 [queued]>
[2024-04-16T09:40:28.113+0000] {taskinstance.py:2303} INFO - Starting attempt 1 of 2
[2024-04-16T09:40:28.125+0000] {taskinstance.py:2327} INFO - Executing <Task(PythonOperator): hello2> on 2024-04-16 04:04:00+00:00
[2024-04-16T09:40:28.133+0000] {warnings.py:110} WARNING - /home/***/.local/lib/python3.12/site-packages/***/task/task_runner/standard_task_runner.py:61: DeprecationWarning: This process (pid=2645) is multi-threaded, use of fork() may lead to deadlocks in the child.
  pid = os.fork()

[2024-04-16T09:40:28.135+0000] {standard_task_runner.py:63} INFO - Started process 2666 to run task
[2024-04-16T09:40:28.135+0000] {standard_task_runner.py:90} INFO - Running: ['***', 'tasks', 'run', 'spotify_final_dag', 'hello2', 'scheduled__2024-04-16T04:04:00+00:00', '--job-id', '609', '--raw', '--subdir', 'DAGS_FOLDER/dag.py', '--cfg-path', '/tmp/tmp_23wvvz0']
[2024-04-16T09:40:28.136+0000] {standard_task_runner.py:91} INFO - Job 609: Subtask hello2
[2024-04-16T09:40:28.187+0000] {task_command.py:426} INFO - Running <TaskInstance: spotify_final_dag.hello2 scheduled__2024-04-16T04:04:00+00:00 [running]> on host 52651c1f9987
[2024-04-16T09:40:28.282+0000] {taskinstance.py:2644} INFO - Exporting env vars: AIRFLOW_CTX_DAG_OWNER='***' AIRFLOW_CTX_DAG_ID='spotify_final_dag' AIRFLOW_CTX_TASK_ID='hello2' AIRFLOW_CTX_EXECUTION_DATE='2024-04-16T04:04:00+00:00' AIRFLOW_CTX_TRY_NUMBER='1' AIRFLOW_CTX_DAG_RUN_ID='scheduled__2024-04-16T04:04:00+00:00'
[2024-04-16T09:40:28.283+0000] {taskinstance.py:430} INFO - ::endgroup::
[2024-04-16T09:40:28.685+0000] {logging_mixin.py:188} INFO - Connection successful
[2024-04-16T09:40:29.116+0000] {logging_mixin.py:188} INFO - Connection successful
[2024-04-16T09:40:29.569+0000] {logging_mixin.py:188} INFO - Connection successful
[2024-04-16T09:40:29.572+0000] {logging_mixin.py:188} INFO - Null Not Found
[2024-04-16T09:40:29.573+0000] {logging_mixin.py:188} INFO - Null Not Found
[2024-04-16T09:40:29.580+0000] {logging_mixin.py:188} INFO - Null Not Found
[2024-04-16T09:40:29.581+0000] {logging_mixin.py:188} INFO - Null Not Found
[2024-04-16T09:40:29.582+0000] {logging_mixin.py:188} INFO - Null Not Found
[2024-04-16T09:40:29.582+0000] {logging_mixin.py:188} INFO - Null Not Found
[2024-04-16T09:40:29.584+0000] {python.py:237} INFO - Done. Returned value was: None
[2024-04-16T09:40:29.584+0000] {taskinstance.py:441} INFO - ::group::Post task execution logs
[2024-04-16T09:40:29.590+0000] {taskinstance.py:1205} INFO - Marking task as SUCCESS. dag_id=spotify_final_dag, task_id=hello2, execution_date=20240416T040400, start_date=20240416T094028, end_date=20240416T094029
[2024-04-16T09:40:29.633+0000] {local_task_job_runner.py:240} INFO - Task exited with return code 0
[2024-04-16T09:40:29.645+0000] {taskinstance.py:3482} INFO - 0 downstream tasks scheduled from follow-on schedule check
[2024-04-16T09:40:29.647+0000] {local_task_job_runner.py:222} INFO - ::endgroup::
[2024-04-16T09:47:59.846+0000] {local_task_job_runner.py:120} INFO - ::group::Pre task execution logs
[2024-04-16T09:47:59.867+0000] {taskinstance.py:2073} INFO - Dependencies all met for dep_context=non-requeueable deps ti=<TaskInstance: spotify_final_dag.hello2 scheduled__2024-04-16T04:04:00+00:00 [queued]>
[2024-04-16T09:47:59.877+0000] {taskinstance.py:2073} INFO - Dependencies all met for dep_context=requeueable deps ti=<TaskInstance: spotify_final_dag.hello2 scheduled__2024-04-16T04:04:00+00:00 [queued]>
[2024-04-16T09:47:59.877+0000] {taskinstance.py:2303} INFO - Starting attempt 1 of 2
[2024-04-16T09:47:59.889+0000] {taskinstance.py:2327} INFO - Executing <Task(PythonOperator): hello2> on 2024-04-16 04:04:00+00:00
[2024-04-16T09:47:59.897+0000] {warnings.py:110} WARNING - /home/***/.local/lib/python3.12/site-packages/***/task/task_runner/standard_task_runner.py:61: DeprecationWarning: This process (pid=4503) is multi-threaded, use of fork() may lead to deadlocks in the child.
  pid = os.fork()

[2024-04-16T09:47:59.899+0000] {standard_task_runner.py:63} INFO - Started process 4526 to run task
[2024-04-16T09:47:59.899+0000] {standard_task_runner.py:90} INFO - Running: ['***', 'tasks', 'run', 'spotify_final_dag', 'hello2', 'scheduled__2024-04-16T04:04:00+00:00', '--job-id', '1195', '--raw', '--subdir', 'DAGS_FOLDER/dag.py', '--cfg-path', '/tmp/tmpsy7ldh0e']
[2024-04-16T09:47:59.900+0000] {standard_task_runner.py:91} INFO - Job 1195: Subtask hello2
[2024-04-16T09:47:59.942+0000] {task_command.py:426} INFO - Running <TaskInstance: spotify_final_dag.hello2 scheduled__2024-04-16T04:04:00+00:00 [running]> on host 52651c1f9987
[2024-04-16T09:48:00.035+0000] {taskinstance.py:2644} INFO - Exporting env vars: AIRFLOW_CTX_DAG_OWNER='***' AIRFLOW_CTX_DAG_ID='spotify_final_dag' AIRFLOW_CTX_TASK_ID='hello2' AIRFLOW_CTX_EXECUTION_DATE='2024-04-16T04:04:00+00:00' AIRFLOW_CTX_TRY_NUMBER='1' AIRFLOW_CTX_DAG_RUN_ID='scheduled__2024-04-16T04:04:00+00:00'
[2024-04-16T09:48:00.037+0000] {taskinstance.py:430} INFO - ::endgroup::
[2024-04-16T09:48:00.430+0000] {logging_mixin.py:188} INFO - Connection successful
[2024-04-16T09:48:00.849+0000] {logging_mixin.py:188} INFO - Connection successful
[2024-04-16T09:48:01.249+0000] {logging_mixin.py:188} INFO - Connection successful
[2024-04-16T09:48:01.253+0000] {logging_mixin.py:188} INFO - Null Not Found
[2024-04-16T09:48:01.254+0000] {logging_mixin.py:188} INFO - Null Not Found
[2024-04-16T09:48:01.262+0000] {logging_mixin.py:188} INFO - Null Not Found
[2024-04-16T09:48:01.262+0000] {logging_mixin.py:188} INFO - Null Not Found
[2024-04-16T09:48:01.263+0000] {logging_mixin.py:188} INFO - Null Not Found
[2024-04-16T09:48:01.264+0000] {logging_mixin.py:188} INFO - Null Not Found
[2024-04-16T09:48:01.264+0000] {python.py:237} INFO - Done. Returned value was: None
[2024-04-16T09:48:01.265+0000] {taskinstance.py:441} INFO - ::group::Post task execution logs
[2024-04-16T09:48:01.271+0000] {taskinstance.py:1205} INFO - Marking task as SUCCESS. dag_id=spotify_final_dag, task_id=hello2, execution_date=20240416T040400, start_date=20240416T094759, end_date=20240416T094801
[2024-04-16T09:48:01.316+0000] {local_task_job_runner.py:240} INFO - Task exited with return code 0
[2024-04-16T09:48:01.327+0000] {taskinstance.py:3482} INFO - 0 downstream tasks scheduled from follow-on schedule check
[2024-04-16T09:48:01.329+0000] {local_task_job_runner.py:222} INFO - ::endgroup::
