[2024-04-16T09:40:58.075+0000] {local_task_job_runner.py:120} INFO - ::group::Pre task execution logs
[2024-04-16T09:40:58.095+0000] {taskinstance.py:2073} INFO - Dependencies all met for dep_context=non-requeueable deps ti=<TaskInstance: spotify_final_dag.hello2 scheduled__2024-04-16T04:52:00+00:00 [queued]>
[2024-04-16T09:40:58.106+0000] {taskinstance.py:2073} INFO - Dependencies all met for dep_context=requeueable deps ti=<TaskInstance: spotify_final_dag.hello2 scheduled__2024-04-16T04:52:00+00:00 [queued]>
[2024-04-16T09:40:58.107+0000] {taskinstance.py:2303} INFO - Starting attempt 1 of 2
[2024-04-16T09:40:58.120+0000] {taskinstance.py:2327} INFO - Executing <Task(PythonOperator): hello2> on 2024-04-16 04:52:00+00:00
[2024-04-16T09:40:58.129+0000] {warnings.py:110} WARNING - /home/***/.local/lib/python3.12/site-packages/***/task/task_runner/standard_task_runner.py:61: DeprecationWarning: This process (pid=2937) is multi-threaded, use of fork() may lead to deadlocks in the child.
  pid = os.fork()

[2024-04-16T09:40:58.131+0000] {standard_task_runner.py:63} INFO - Started process 2951 to run task
[2024-04-16T09:40:58.131+0000] {standard_task_runner.py:90} INFO - Running: ['***', 'tasks', 'run', 'spotify_final_dag', 'hello2', 'scheduled__2024-04-16T04:52:00+00:00', '--job-id', '703', '--raw', '--subdir', 'DAGS_FOLDER/dag.py', '--cfg-path', '/tmp/tmptq08zmku']
[2024-04-16T09:40:58.132+0000] {standard_task_runner.py:91} INFO - Job 703: Subtask hello2
[2024-04-16T09:40:58.177+0000] {task_command.py:426} INFO - Running <TaskInstance: spotify_final_dag.hello2 scheduled__2024-04-16T04:52:00+00:00 [running]> on host 52651c1f9987
[2024-04-16T09:40:58.257+0000] {taskinstance.py:2644} INFO - Exporting env vars: AIRFLOW_CTX_DAG_OWNER='***' AIRFLOW_CTX_DAG_ID='spotify_final_dag' AIRFLOW_CTX_TASK_ID='hello2' AIRFLOW_CTX_EXECUTION_DATE='2024-04-16T04:52:00+00:00' AIRFLOW_CTX_TRY_NUMBER='1' AIRFLOW_CTX_DAG_RUN_ID='scheduled__2024-04-16T04:52:00+00:00'
[2024-04-16T09:40:58.258+0000] {taskinstance.py:430} INFO - ::endgroup::
[2024-04-16T09:40:58.636+0000] {logging_mixin.py:188} INFO - Connection successful
[2024-04-16T09:40:59.062+0000] {logging_mixin.py:188} INFO - Connection successful
[2024-04-16T09:40:59.460+0000] {logging_mixin.py:188} INFO - Connection successful
[2024-04-16T09:40:59.463+0000] {logging_mixin.py:188} INFO - Null Not Found
[2024-04-16T09:40:59.464+0000] {logging_mixin.py:188} INFO - Null Not Found
[2024-04-16T09:40:59.473+0000] {logging_mixin.py:188} INFO - Null Not Found
[2024-04-16T09:40:59.474+0000] {logging_mixin.py:188} INFO - Null Not Found
[2024-04-16T09:40:59.475+0000] {logging_mixin.py:188} INFO - Null Not Found
[2024-04-16T09:40:59.475+0000] {logging_mixin.py:188} INFO - Null Not Found
[2024-04-16T09:40:59.477+0000] {python.py:237} INFO - Done. Returned value was: None
[2024-04-16T09:40:59.477+0000] {taskinstance.py:441} INFO - ::group::Post task execution logs
[2024-04-16T09:40:59.486+0000] {taskinstance.py:1205} INFO - Marking task as SUCCESS. dag_id=spotify_final_dag, task_id=hello2, execution_date=20240416T045200, start_date=20240416T094058, end_date=20240416T094059
[2024-04-16T09:40:59.510+0000] {local_task_job_runner.py:240} INFO - Task exited with return code 0
[2024-04-16T09:40:59.523+0000] {taskinstance.py:3482} INFO - 0 downstream tasks scheduled from follow-on schedule check
[2024-04-16T09:40:59.525+0000] {local_task_job_runner.py:222} INFO - ::endgroup::
[2024-04-16T09:48:18.944+0000] {local_task_job_runner.py:120} INFO - ::group::Pre task execution logs
[2024-04-16T09:48:18.974+0000] {taskinstance.py:2073} INFO - Dependencies all met for dep_context=non-requeueable deps ti=<TaskInstance: spotify_final_dag.hello2 scheduled__2024-04-16T04:52:00+00:00 [queued]>
[2024-04-16T09:48:18.988+0000] {taskinstance.py:2073} INFO - Dependencies all met for dep_context=requeueable deps ti=<TaskInstance: spotify_final_dag.hello2 scheduled__2024-04-16T04:52:00+00:00 [queued]>
[2024-04-16T09:48:18.989+0000] {taskinstance.py:2303} INFO - Starting attempt 1 of 2
[2024-04-16T09:48:19.040+0000] {taskinstance.py:2327} INFO - Executing <Task(PythonOperator): hello2> on 2024-04-16 04:52:00+00:00
[2024-04-16T09:48:19.053+0000] {warnings.py:110} WARNING - /home/***/.local/lib/python3.12/site-packages/***/task/task_runner/standard_task_runner.py:61: DeprecationWarning: This process (pid=4677) is multi-threaded, use of fork() may lead to deadlocks in the child.
  pid = os.fork()

[2024-04-16T09:48:19.058+0000] {standard_task_runner.py:90} INFO - Running: ['***', 'tasks', 'run', 'spotify_final_dag', 'hello2', 'scheduled__2024-04-16T04:52:00+00:00', '--job-id', '1252', '--raw', '--subdir', 'DAGS_FOLDER/dag.py', '--cfg-path', '/tmp/tmp8zfj46vo']
[2024-04-16T09:48:19.061+0000] {standard_task_runner.py:91} INFO - Job 1252: Subtask hello2
[2024-04-16T09:48:19.061+0000] {standard_task_runner.py:63} INFO - Started process 4708 to run task
[2024-04-16T09:48:19.129+0000] {task_command.py:426} INFO - Running <TaskInstance: spotify_final_dag.hello2 scheduled__2024-04-16T04:52:00+00:00 [running]> on host 52651c1f9987
[2024-04-16T09:48:19.244+0000] {taskinstance.py:2644} INFO - Exporting env vars: AIRFLOW_CTX_DAG_OWNER='***' AIRFLOW_CTX_DAG_ID='spotify_final_dag' AIRFLOW_CTX_TASK_ID='hello2' AIRFLOW_CTX_EXECUTION_DATE='2024-04-16T04:52:00+00:00' AIRFLOW_CTX_TRY_NUMBER='1' AIRFLOW_CTX_DAG_RUN_ID='scheduled__2024-04-16T04:52:00+00:00'
[2024-04-16T09:48:19.249+0000] {taskinstance.py:430} INFO - ::endgroup::
[2024-04-16T09:48:19.745+0000] {logging_mixin.py:188} INFO - Connection successful
[2024-04-16T09:48:20.223+0000] {logging_mixin.py:188} INFO - Connection successful
[2024-04-16T09:48:20.627+0000] {logging_mixin.py:188} INFO - Connection successful
[2024-04-16T09:48:20.633+0000] {logging_mixin.py:188} INFO - Null Not Found
[2024-04-16T09:48:20.634+0000] {logging_mixin.py:188} INFO - Null Not Found
[2024-04-16T09:48:20.646+0000] {logging_mixin.py:188} INFO - Null Not Found
[2024-04-16T09:48:20.647+0000] {logging_mixin.py:188} INFO - Null Not Found
[2024-04-16T09:48:20.649+0000] {logging_mixin.py:188} INFO - Null Not Found
[2024-04-16T09:48:20.649+0000] {logging_mixin.py:188} INFO - Null Not Found
[2024-04-16T09:48:20.651+0000] {python.py:237} INFO - Done. Returned value was: None
[2024-04-16T09:48:20.651+0000] {taskinstance.py:441} INFO - ::group::Post task execution logs
[2024-04-16T09:48:20.661+0000] {taskinstance.py:1205} INFO - Marking task as SUCCESS. dag_id=spotify_final_dag, task_id=hello2, execution_date=20240416T045200, start_date=20240416T094818, end_date=20240416T094820
[2024-04-16T09:48:20.693+0000] {local_task_job_runner.py:240} INFO - Task exited with return code 0
[2024-04-16T09:48:20.707+0000] {taskinstance.py:3482} INFO - 0 downstream tasks scheduled from follow-on schedule check
[2024-04-16T09:48:20.709+0000] {local_task_job_runner.py:222} INFO - ::endgroup::
