[2024-04-16T09:49:19.740+0000] {local_task_job_runner.py:120} INFO - ::group::Pre task execution logs
[2024-04-16T09:49:19.766+0000] {taskinstance.py:2073} INFO - Dependencies all met for dep_context=non-requeueable deps ti=<TaskInstance: spotify_final_dag.hello2 scheduled__2024-04-16T08:06:00+00:00 [queued]>
[2024-04-16T09:49:19.778+0000] {taskinstance.py:2073} INFO - Dependencies all met for dep_context=requeueable deps ti=<TaskInstance: spotify_final_dag.hello2 scheduled__2024-04-16T08:06:00+00:00 [queued]>
[2024-04-16T09:49:19.779+0000] {taskinstance.py:2303} INFO - Starting attempt 1 of 2
[2024-04-16T09:49:19.883+0000] {taskinstance.py:2327} INFO - Executing <Task(PythonOperator): hello2> on 2024-04-16 08:06:00+00:00
[2024-04-16T09:49:19.895+0000] {warnings.py:110} WARNING - /home/***/.local/lib/python3.12/site-packages/***/task/task_runner/standard_task_runner.py:61: DeprecationWarning: This process (pid=5270) is multi-threaded, use of fork() may lead to deadlocks in the child.
  pid = os.fork()

[2024-04-16T09:49:19.896+0000] {standard_task_runner.py:63} INFO - Started process 5303 to run task
[2024-04-16T09:49:19.897+0000] {standard_task_runner.py:90} INFO - Running: ['***', 'tasks', 'run', 'spotify_final_dag', 'hello2', 'scheduled__2024-04-16T08:06:00+00:00', '--job-id', '1443', '--raw', '--subdir', 'DAGS_FOLDER/dag.py', '--cfg-path', '/tmp/tmpj93bu_da']
[2024-04-16T09:49:19.898+0000] {standard_task_runner.py:91} INFO - Job 1443: Subtask hello2
[2024-04-16T09:49:19.950+0000] {task_command.py:426} INFO - Running <TaskInstance: spotify_final_dag.hello2 scheduled__2024-04-16T08:06:00+00:00 [running]> on host 52651c1f9987
[2024-04-16T09:49:20.073+0000] {taskinstance.py:2644} INFO - Exporting env vars: AIRFLOW_CTX_DAG_OWNER='***' AIRFLOW_CTX_DAG_ID='spotify_final_dag' AIRFLOW_CTX_TASK_ID='hello2' AIRFLOW_CTX_EXECUTION_DATE='2024-04-16T08:06:00+00:00' AIRFLOW_CTX_TRY_NUMBER='1' AIRFLOW_CTX_DAG_RUN_ID='scheduled__2024-04-16T08:06:00+00:00'
[2024-04-16T09:49:20.075+0000] {taskinstance.py:430} INFO - ::endgroup::
[2024-04-16T09:49:20.455+0000] {logging_mixin.py:188} INFO - Connection successful
[2024-04-16T09:49:20.837+0000] {logging_mixin.py:188} INFO - Connection successful
[2024-04-16T09:49:21.258+0000] {logging_mixin.py:188} INFO - Connection successful
[2024-04-16T09:49:21.262+0000] {logging_mixin.py:188} INFO - Null Not Found
[2024-04-16T09:49:21.263+0000] {logging_mixin.py:188} INFO - Null Not Found
[2024-04-16T09:49:21.273+0000] {logging_mixin.py:188} INFO - Null Not Found
[2024-04-16T09:49:21.273+0000] {logging_mixin.py:188} INFO - Null Not Found
[2024-04-16T09:49:21.275+0000] {logging_mixin.py:188} INFO - Null Not Found
[2024-04-16T09:49:21.276+0000] {logging_mixin.py:188} INFO - Null Not Found
[2024-04-16T09:49:21.277+0000] {python.py:237} INFO - Done. Returned value was: None
[2024-04-16T09:49:21.278+0000] {taskinstance.py:441} INFO - ::group::Post task execution logs
[2024-04-16T09:49:21.286+0000] {taskinstance.py:1205} INFO - Marking task as SUCCESS. dag_id=spotify_final_dag, task_id=hello2, execution_date=20240416T080600, start_date=20240416T094919, end_date=20240416T094921
[2024-04-16T09:49:21.361+0000] {local_task_job_runner.py:240} INFO - Task exited with return code 0
[2024-04-16T09:49:21.374+0000] {taskinstance.py:3482} INFO - 0 downstream tasks scheduled from follow-on schedule check
[2024-04-16T09:49:21.376+0000] {local_task_job_runner.py:222} INFO - ::endgroup::
