[2024-04-16T09:38:31.247+0000] {local_task_job_runner.py:120} INFO - ::group::Pre task execution logs
[2024-04-16T09:38:31.263+0000] {taskinstance.py:2073} INFO - Dependencies all met for dep_context=non-requeueable deps ti=<TaskInstance: spotify_final_dag.hello2 scheduled__2024-04-16T01:18:00+00:00 [queued]>
[2024-04-16T09:38:31.270+0000] {taskinstance.py:2073} INFO - Dependencies all met for dep_context=requeueable deps ti=<TaskInstance: spotify_final_dag.hello2 scheduled__2024-04-16T01:18:00+00:00 [queued]>
[2024-04-16T09:38:31.270+0000] {taskinstance.py:2303} INFO - Starting attempt 1 of 2
[2024-04-16T09:38:31.284+0000] {taskinstance.py:2327} INFO - Executing <Task(PythonOperator): hello2> on 2024-04-16 01:18:00+00:00
[2024-04-16T09:38:31.293+0000] {warnings.py:110} WARNING - /home/***/.local/lib/python3.12/site-packages/***/task/task_runner/standard_task_runner.py:61: DeprecationWarning: This process (pid=1613) is multi-threaded, use of fork() may lead to deadlocks in the child.
  pid = os.fork()

[2024-04-16T09:38:31.295+0000] {standard_task_runner.py:63} INFO - Started process 1626 to run task
[2024-04-16T09:38:31.295+0000] {standard_task_runner.py:90} INFO - Running: ['***', 'tasks', 'run', 'spotify_final_dag', 'hello2', 'scheduled__2024-04-16T01:18:00+00:00', '--job-id', '272', '--raw', '--subdir', 'DAGS_FOLDER/dag.py', '--cfg-path', '/tmp/tmp4eq7tb08']
[2024-04-16T09:38:31.296+0000] {standard_task_runner.py:91} INFO - Job 272: Subtask hello2
[2024-04-16T09:38:31.344+0000] {task_command.py:426} INFO - Running <TaskInstance: spotify_final_dag.hello2 scheduled__2024-04-16T01:18:00+00:00 [running]> on host 52651c1f9987
[2024-04-16T09:38:31.441+0000] {taskinstance.py:2644} INFO - Exporting env vars: AIRFLOW_CTX_DAG_OWNER='***' AIRFLOW_CTX_DAG_ID='spotify_final_dag' AIRFLOW_CTX_TASK_ID='hello2' AIRFLOW_CTX_EXECUTION_DATE='2024-04-16T01:18:00+00:00' AIRFLOW_CTX_TRY_NUMBER='1' AIRFLOW_CTX_DAG_RUN_ID='scheduled__2024-04-16T01:18:00+00:00'
[2024-04-16T09:38:31.442+0000] {taskinstance.py:430} INFO - ::endgroup::
[2024-04-16T09:38:31.937+0000] {logging_mixin.py:188} INFO - Connection successful
[2024-04-16T09:38:32.330+0000] {logging_mixin.py:188} INFO - Connection successful
[2024-04-16T09:38:32.743+0000] {logging_mixin.py:188} INFO - Connection successful
[2024-04-16T09:38:32.746+0000] {logging_mixin.py:188} INFO - Null Not Found
[2024-04-16T09:38:32.747+0000] {logging_mixin.py:188} INFO - Null Not Found
[2024-04-16T09:38:32.757+0000] {logging_mixin.py:188} INFO - Null Not Found
[2024-04-16T09:38:32.757+0000] {logging_mixin.py:188} INFO - Null Not Found
[2024-04-16T09:38:32.759+0000] {logging_mixin.py:188} INFO - Null Not Found
[2024-04-16T09:38:32.760+0000] {logging_mixin.py:188} INFO - Null Not Found
[2024-04-16T09:38:32.761+0000] {python.py:237} INFO - Done. Returned value was: None
[2024-04-16T09:38:32.762+0000] {taskinstance.py:441} INFO - ::group::Post task execution logs
[2024-04-16T09:38:32.769+0000] {taskinstance.py:1205} INFO - Marking task as SUCCESS. dag_id=spotify_final_dag, task_id=hello2, execution_date=20240416T011800, start_date=20240416T093831, end_date=20240416T093832
[2024-04-16T09:38:32.794+0000] {local_task_job_runner.py:240} INFO - Task exited with return code 0
[2024-04-16T09:38:32.807+0000] {taskinstance.py:3482} INFO - 0 downstream tasks scheduled from follow-on schedule check
[2024-04-16T09:38:32.809+0000] {local_task_job_runner.py:222} INFO - ::endgroup::
[2024-04-16T09:47:07.694+0000] {local_task_job_runner.py:120} INFO - ::group::Pre task execution logs
[2024-04-16T09:47:07.715+0000] {taskinstance.py:2073} INFO - Dependencies all met for dep_context=non-requeueable deps ti=<TaskInstance: spotify_final_dag.hello2 scheduled__2024-04-16T01:18:00+00:00 [queued]>
[2024-04-16T09:47:07.723+0000] {taskinstance.py:2073} INFO - Dependencies all met for dep_context=requeueable deps ti=<TaskInstance: spotify_final_dag.hello2 scheduled__2024-04-16T01:18:00+00:00 [queued]>
[2024-04-16T09:47:07.724+0000] {taskinstance.py:2303} INFO - Starting attempt 1 of 2
[2024-04-16T09:47:07.737+0000] {taskinstance.py:2327} INFO - Executing <Task(PythonOperator): hello2> on 2024-04-16 01:18:00+00:00
[2024-04-16T09:47:07.745+0000] {warnings.py:110} WARNING - /home/***/.local/lib/python3.12/site-packages/***/task/task_runner/standard_task_runner.py:61: DeprecationWarning: This process (pid=3998) is multi-threaded, use of fork() may lead to deadlocks in the child.
  pid = os.fork()

[2024-04-16T09:47:07.747+0000] {standard_task_runner.py:63} INFO - Started process 4029 to run task
[2024-04-16T09:47:07.748+0000] {standard_task_runner.py:90} INFO - Running: ['***', 'tasks', 'run', 'spotify_final_dag', 'hello2', 'scheduled__2024-04-16T01:18:00+00:00', '--job-id', '1032', '--raw', '--subdir', 'DAGS_FOLDER/dag.py', '--cfg-path', '/tmp/tmpo9iouk_p']
[2024-04-16T09:47:07.749+0000] {standard_task_runner.py:91} INFO - Job 1032: Subtask hello2
[2024-04-16T09:47:07.804+0000] {task_command.py:426} INFO - Running <TaskInstance: spotify_final_dag.hello2 scheduled__2024-04-16T01:18:00+00:00 [running]> on host 52651c1f9987
[2024-04-16T09:47:07.912+0000] {taskinstance.py:2644} INFO - Exporting env vars: AIRFLOW_CTX_DAG_OWNER='***' AIRFLOW_CTX_DAG_ID='spotify_final_dag' AIRFLOW_CTX_TASK_ID='hello2' AIRFLOW_CTX_EXECUTION_DATE='2024-04-16T01:18:00+00:00' AIRFLOW_CTX_TRY_NUMBER='1' AIRFLOW_CTX_DAG_RUN_ID='scheduled__2024-04-16T01:18:00+00:00'
[2024-04-16T09:47:07.914+0000] {taskinstance.py:430} INFO - ::endgroup::
[2024-04-16T09:47:08.406+0000] {logging_mixin.py:188} INFO - Connection successful
[2024-04-16T09:47:08.847+0000] {logging_mixin.py:188} INFO - Connection successful
[2024-04-16T09:47:09.272+0000] {logging_mixin.py:188} INFO - Connection successful
[2024-04-16T09:47:09.276+0000] {logging_mixin.py:188} INFO - Null Not Found
[2024-04-16T09:47:09.278+0000] {logging_mixin.py:188} INFO - Null Not Found
[2024-04-16T09:47:09.290+0000] {logging_mixin.py:188} INFO - Null Not Found
[2024-04-16T09:47:09.291+0000] {logging_mixin.py:188} INFO - Null Not Found
[2024-04-16T09:47:09.292+0000] {logging_mixin.py:188} INFO - Null Not Found
[2024-04-16T09:47:09.293+0000] {logging_mixin.py:188} INFO - Null Not Found
[2024-04-16T09:47:09.294+0000] {python.py:237} INFO - Done. Returned value was: None
[2024-04-16T09:47:09.295+0000] {taskinstance.py:441} INFO - ::group::Post task execution logs
[2024-04-16T09:47:09.303+0000] {taskinstance.py:1205} INFO - Marking task as SUCCESS. dag_id=spotify_final_dag, task_id=hello2, execution_date=20240416T011800, start_date=20240416T094707, end_date=20240416T094709
[2024-04-16T09:47:09.325+0000] {local_task_job_runner.py:240} INFO - Task exited with return code 0
[2024-04-16T09:47:09.339+0000] {taskinstance.py:3482} INFO - 0 downstream tasks scheduled from follow-on schedule check
[2024-04-16T09:47:09.341+0000] {local_task_job_runner.py:222} INFO - ::endgroup::
