[2024-04-16T09:40:58.053+0000] {local_task_job_runner.py:120} INFO - ::group::Pre task execution logs
[2024-04-16T09:40:58.073+0000] {taskinstance.py:2073} INFO - Dependencies all met for dep_context=non-requeueable deps ti=<TaskInstance: spotify_final_dag.hello2 scheduled__2024-04-16T04:50:00+00:00 [queued]>
[2024-04-16T09:40:58.082+0000] {taskinstance.py:2073} INFO - Dependencies all met for dep_context=requeueable deps ti=<TaskInstance: spotify_final_dag.hello2 scheduled__2024-04-16T04:50:00+00:00 [queued]>
[2024-04-16T09:40:58.083+0000] {taskinstance.py:2303} INFO - Starting attempt 1 of 2
[2024-04-16T09:40:58.102+0000] {taskinstance.py:2327} INFO - Executing <Task(PythonOperator): hello2> on 2024-04-16 04:50:00+00:00
[2024-04-16T09:40:58.112+0000] {warnings.py:110} WARNING - /home/***/.local/lib/python3.12/site-packages/***/task/task_runner/standard_task_runner.py:61: DeprecationWarning: This process (pid=2938) is multi-threaded, use of fork() may lead to deadlocks in the child.
  pid = os.fork()

[2024-04-16T09:40:58.113+0000] {standard_task_runner.py:63} INFO - Started process 2950 to run task
[2024-04-16T09:40:58.114+0000] {standard_task_runner.py:90} INFO - Running: ['***', 'tasks', 'run', 'spotify_final_dag', 'hello2', 'scheduled__2024-04-16T04:50:00+00:00', '--job-id', '702', '--raw', '--subdir', 'DAGS_FOLDER/dag.py', '--cfg-path', '/tmp/tmp223hsyzr']
[2024-04-16T09:40:58.115+0000] {standard_task_runner.py:91} INFO - Job 702: Subtask hello2
[2024-04-16T09:40:58.157+0000] {task_command.py:426} INFO - Running <TaskInstance: spotify_final_dag.hello2 scheduled__2024-04-16T04:50:00+00:00 [running]> on host 52651c1f9987
[2024-04-16T09:40:58.247+0000] {taskinstance.py:2644} INFO - Exporting env vars: AIRFLOW_CTX_DAG_OWNER='***' AIRFLOW_CTX_DAG_ID='spotify_final_dag' AIRFLOW_CTX_TASK_ID='hello2' AIRFLOW_CTX_EXECUTION_DATE='2024-04-16T04:50:00+00:00' AIRFLOW_CTX_TRY_NUMBER='1' AIRFLOW_CTX_DAG_RUN_ID='scheduled__2024-04-16T04:50:00+00:00'
[2024-04-16T09:40:58.248+0000] {taskinstance.py:430} INFO - ::endgroup::
[2024-04-16T09:40:58.671+0000] {logging_mixin.py:188} INFO - Connection successful
[2024-04-16T09:40:59.055+0000] {logging_mixin.py:188} INFO - Connection successful
[2024-04-16T09:40:59.461+0000] {logging_mixin.py:188} INFO - Connection successful
[2024-04-16T09:40:59.464+0000] {logging_mixin.py:188} INFO - Null Not Found
[2024-04-16T09:40:59.465+0000] {logging_mixin.py:188} INFO - Null Not Found
[2024-04-16T09:40:59.474+0000] {logging_mixin.py:188} INFO - Null Not Found
[2024-04-16T09:40:59.475+0000] {logging_mixin.py:188} INFO - Null Not Found
[2024-04-16T09:40:59.476+0000] {logging_mixin.py:188} INFO - Null Not Found
[2024-04-16T09:40:59.477+0000] {logging_mixin.py:188} INFO - Null Not Found
[2024-04-16T09:40:59.478+0000] {python.py:237} INFO - Done. Returned value was: None
[2024-04-16T09:40:59.478+0000] {taskinstance.py:441} INFO - ::group::Post task execution logs
[2024-04-16T09:40:59.487+0000] {taskinstance.py:1205} INFO - Marking task as SUCCESS. dag_id=spotify_final_dag, task_id=hello2, execution_date=20240416T045000, start_date=20240416T094058, end_date=20240416T094059
[2024-04-16T09:40:59.533+0000] {local_task_job_runner.py:240} INFO - Task exited with return code 0
[2024-04-16T09:40:59.548+0000] {taskinstance.py:3482} INFO - 0 downstream tasks scheduled from follow-on schedule check
[2024-04-16T09:40:59.550+0000] {local_task_job_runner.py:222} INFO - ::endgroup::
[2024-04-16T09:48:18.919+0000] {local_task_job_runner.py:120} INFO - ::group::Pre task execution logs
[2024-04-16T09:48:18.952+0000] {taskinstance.py:2073} INFO - Dependencies all met for dep_context=non-requeueable deps ti=<TaskInstance: spotify_final_dag.hello2 scheduled__2024-04-16T04:50:00+00:00 [queued]>
[2024-04-16T09:48:18.965+0000] {taskinstance.py:2073} INFO - Dependencies all met for dep_context=requeueable deps ti=<TaskInstance: spotify_final_dag.hello2 scheduled__2024-04-16T04:50:00+00:00 [queued]>
[2024-04-16T09:48:18.966+0000] {taskinstance.py:2303} INFO - Starting attempt 1 of 2
[2024-04-16T09:48:19.040+0000] {taskinstance.py:2327} INFO - Executing <Task(PythonOperator): hello2> on 2024-04-16 04:50:00+00:00
[2024-04-16T09:48:19.054+0000] {warnings.py:110} WARNING - /home/***/.local/lib/python3.12/site-packages/***/task/task_runner/standard_task_runner.py:61: DeprecationWarning: This process (pid=4676) is multi-threaded, use of fork() may lead to deadlocks in the child.
  pid = os.fork()

[2024-04-16T09:48:19.055+0000] {standard_task_runner.py:63} INFO - Started process 4709 to run task
[2024-04-16T09:48:19.060+0000] {standard_task_runner.py:90} INFO - Running: ['***', 'tasks', 'run', 'spotify_final_dag', 'hello2', 'scheduled__2024-04-16T04:50:00+00:00', '--job-id', '1250', '--raw', '--subdir', 'DAGS_FOLDER/dag.py', '--cfg-path', '/tmp/tmprc7pyeqs']
[2024-04-16T09:48:19.062+0000] {standard_task_runner.py:91} INFO - Job 1250: Subtask hello2
[2024-04-16T09:48:19.143+0000] {task_command.py:426} INFO - Running <TaskInstance: spotify_final_dag.hello2 scheduled__2024-04-16T04:50:00+00:00 [running]> on host 52651c1f9987
[2024-04-16T09:48:19.284+0000] {taskinstance.py:2644} INFO - Exporting env vars: AIRFLOW_CTX_DAG_OWNER='***' AIRFLOW_CTX_DAG_ID='spotify_final_dag' AIRFLOW_CTX_TASK_ID='hello2' AIRFLOW_CTX_EXECUTION_DATE='2024-04-16T04:50:00+00:00' AIRFLOW_CTX_TRY_NUMBER='1' AIRFLOW_CTX_DAG_RUN_ID='scheduled__2024-04-16T04:50:00+00:00'
[2024-04-16T09:48:19.286+0000] {taskinstance.py:430} INFO - ::endgroup::
[2024-04-16T09:48:19.761+0000] {logging_mixin.py:188} INFO - Connection successful
[2024-04-16T09:48:20.189+0000] {logging_mixin.py:188} INFO - Connection successful
[2024-04-16T09:48:20.634+0000] {logging_mixin.py:188} INFO - Connection successful
[2024-04-16T09:48:20.638+0000] {logging_mixin.py:188} INFO - Null Not Found
[2024-04-16T09:48:20.639+0000] {logging_mixin.py:188} INFO - Null Not Found
[2024-04-16T09:48:20.649+0000] {logging_mixin.py:188} INFO - Null Not Found
[2024-04-16T09:48:20.650+0000] {logging_mixin.py:188} INFO - Null Not Found
[2024-04-16T09:48:20.651+0000] {logging_mixin.py:188} INFO - Null Not Found
[2024-04-16T09:48:20.652+0000] {logging_mixin.py:188} INFO - Null Not Found
[2024-04-16T09:48:20.654+0000] {python.py:237} INFO - Done. Returned value was: None
[2024-04-16T09:48:20.655+0000] {taskinstance.py:441} INFO - ::group::Post task execution logs
[2024-04-16T09:48:20.665+0000] {taskinstance.py:1205} INFO - Marking task as SUCCESS. dag_id=spotify_final_dag, task_id=hello2, execution_date=20240416T045000, start_date=20240416T094818, end_date=20240416T094820
[2024-04-16T09:48:20.714+0000] {local_task_job_runner.py:240} INFO - Task exited with return code 0
[2024-04-16T09:48:20.731+0000] {taskinstance.py:3482} INFO - 0 downstream tasks scheduled from follow-on schedule check
[2024-04-16T09:48:20.733+0000] {local_task_job_runner.py:222} INFO - ::endgroup::
