[2024-04-17T05:24:52.906+0000] {local_task_job_runner.py:120} INFO - ::group::Pre task execution logs
[2024-04-17T05:24:52.930+0000] {taskinstance.py:2073} INFO - Dependencies all met for dep_context=non-requeueable deps ti=<TaskInstance: spotify_final_dag.hello2 scheduled__2024-04-16T14:38:00+00:00 [queued]>
[2024-04-17T05:24:52.943+0000] {taskinstance.py:2073} INFO - Dependencies all met for dep_context=requeueable deps ti=<TaskInstance: spotify_final_dag.hello2 scheduled__2024-04-16T14:38:00+00:00 [queued]>
[2024-04-17T05:24:52.945+0000] {taskinstance.py:2303} INFO - Starting attempt 1 of 2
[2024-04-17T05:24:52.963+0000] {taskinstance.py:2327} INFO - Executing <Task(PythonOperator): hello2> on 2024-04-16 14:38:00+00:00
[2024-04-17T05:24:52.974+0000] {warnings.py:110} WARNING - /home/***/.local/lib/python3.12/site-packages/***/task/task_runner/standard_task_runner.py:61: DeprecationWarning: This process (pid=1015) is multi-threaded, use of fork() may lead to deadlocks in the child.
  pid = os.fork()

[2024-04-17T05:24:52.976+0000] {standard_task_runner.py:63} INFO - Started process 1043 to run task
[2024-04-17T05:24:52.979+0000] {standard_task_runner.py:90} INFO - Running: ['***', 'tasks', 'run', 'spotify_final_dag', 'hello2', 'scheduled__2024-04-16T14:38:00+00:00', '--job-id', '1868', '--raw', '--subdir', 'DAGS_FOLDER/dag.py', '--cfg-path', '/tmp/tmp8h1ff5gu']
[2024-04-17T05:24:52.981+0000] {standard_task_runner.py:91} INFO - Job 1868: Subtask hello2
[2024-04-17T05:24:53.045+0000] {task_command.py:426} INFO - Running <TaskInstance: spotify_final_dag.hello2 scheduled__2024-04-16T14:38:00+00:00 [running]> on host 52651c1f9987
[2024-04-17T05:24:53.147+0000] {taskinstance.py:2644} INFO - Exporting env vars: AIRFLOW_CTX_DAG_OWNER='***' AIRFLOW_CTX_DAG_ID='spotify_final_dag' AIRFLOW_CTX_TASK_ID='hello2' AIRFLOW_CTX_EXECUTION_DATE='2024-04-16T14:38:00+00:00' AIRFLOW_CTX_TRY_NUMBER='1' AIRFLOW_CTX_DAG_RUN_ID='scheduled__2024-04-16T14:38:00+00:00'
[2024-04-17T05:24:53.148+0000] {taskinstance.py:430} INFO - ::endgroup::
[2024-04-17T05:24:53.625+0000] {logging_mixin.py:188} INFO - Connection successful
[2024-04-17T05:24:54.077+0000] {logging_mixin.py:188} INFO - Connection successful
[2024-04-17T05:24:54.528+0000] {logging_mixin.py:188} INFO - Connection successful
[2024-04-17T05:24:54.532+0000] {logging_mixin.py:188} INFO - Null Not Found
[2024-04-17T05:24:54.533+0000] {logging_mixin.py:188} INFO - Null Not Found
[2024-04-17T05:24:54.542+0000] {logging_mixin.py:188} INFO - Null Not Found
[2024-04-17T05:24:54.543+0000] {logging_mixin.py:188} INFO - Null Not Found
[2024-04-17T05:24:54.545+0000] {logging_mixin.py:188} INFO - Null Not Found
[2024-04-17T05:24:54.546+0000] {logging_mixin.py:188} INFO - Null Not Found
[2024-04-17T05:24:54.548+0000] {python.py:237} INFO - Done. Returned value was: None
[2024-04-17T05:24:54.548+0000] {taskinstance.py:441} INFO - ::group::Post task execution logs
[2024-04-17T05:24:54.558+0000] {taskinstance.py:1205} INFO - Marking task as SUCCESS. dag_id=spotify_final_dag, task_id=hello2, execution_date=20240416T143800, start_date=20240417T052452, end_date=20240417T052454
[2024-04-17T05:24:54.598+0000] {local_task_job_runner.py:240} INFO - Task exited with return code 0
[2024-04-17T05:24:54.616+0000] {taskinstance.py:3482} INFO - 0 downstream tasks scheduled from follow-on schedule check
[2024-04-17T05:24:54.618+0000] {local_task_job_runner.py:222} INFO - ::endgroup::
