[2024-04-16T09:40:56.345+0000] {local_task_job_runner.py:120} INFO - ::group::Pre task execution logs
[2024-04-16T09:40:56.367+0000] {taskinstance.py:2073} INFO - Dependencies all met for dep_context=non-requeueable deps ti=<TaskInstance: spotify_final_dag.hello2 scheduled__2024-04-16T04:46:00+00:00 [queued]>
[2024-04-16T09:40:56.376+0000] {taskinstance.py:2073} INFO - Dependencies all met for dep_context=requeueable deps ti=<TaskInstance: spotify_final_dag.hello2 scheduled__2024-04-16T04:46:00+00:00 [queued]>
[2024-04-16T09:40:56.377+0000] {taskinstance.py:2303} INFO - Starting attempt 1 of 2
[2024-04-16T09:40:56.390+0000] {taskinstance.py:2327} INFO - Executing <Task(PythonOperator): hello2> on 2024-04-16 04:46:00+00:00
[2024-04-16T09:40:56.397+0000] {warnings.py:110} WARNING - /home/***/.local/lib/python3.12/site-packages/***/task/task_runner/standard_task_runner.py:61: DeprecationWarning: This process (pid=2909) is multi-threaded, use of fork() may lead to deadlocks in the child.
  pid = os.fork()

[2024-04-16T09:40:56.398+0000] {standard_task_runner.py:63} INFO - Started process 2934 to run task
[2024-04-16T09:40:56.398+0000] {standard_task_runner.py:90} INFO - Running: ['***', 'tasks', 'run', 'spotify_final_dag', 'hello2', 'scheduled__2024-04-16T04:46:00+00:00', '--job-id', '696', '--raw', '--subdir', 'DAGS_FOLDER/dag.py', '--cfg-path', '/tmp/tmplbq_ioy7']
[2024-04-16T09:40:56.399+0000] {standard_task_runner.py:91} INFO - Job 696: Subtask hello2
[2024-04-16T09:40:56.434+0000] {task_command.py:426} INFO - Running <TaskInstance: spotify_final_dag.hello2 scheduled__2024-04-16T04:46:00+00:00 [running]> on host 52651c1f9987
[2024-04-16T09:40:56.511+0000] {taskinstance.py:2644} INFO - Exporting env vars: AIRFLOW_CTX_DAG_OWNER='***' AIRFLOW_CTX_DAG_ID='spotify_final_dag' AIRFLOW_CTX_TASK_ID='hello2' AIRFLOW_CTX_EXECUTION_DATE='2024-04-16T04:46:00+00:00' AIRFLOW_CTX_TRY_NUMBER='1' AIRFLOW_CTX_DAG_RUN_ID='scheduled__2024-04-16T04:46:00+00:00'
[2024-04-16T09:40:56.513+0000] {taskinstance.py:430} INFO - ::endgroup::
[2024-04-16T09:40:56.949+0000] {logging_mixin.py:188} INFO - Connection successful
[2024-04-16T09:40:57.381+0000] {logging_mixin.py:188} INFO - Connection successful
[2024-04-16T09:40:57.821+0000] {logging_mixin.py:188} INFO - Connection successful
[2024-04-16T09:40:57.827+0000] {logging_mixin.py:188} INFO - Null Not Found
[2024-04-16T09:40:57.828+0000] {logging_mixin.py:188} INFO - Null Not Found
[2024-04-16T09:40:57.840+0000] {logging_mixin.py:188} INFO - Null Not Found
[2024-04-16T09:40:57.841+0000] {logging_mixin.py:188} INFO - Null Not Found
[2024-04-16T09:40:57.842+0000] {logging_mixin.py:188} INFO - Null Not Found
[2024-04-16T09:40:57.843+0000] {logging_mixin.py:188} INFO - Null Not Found
[2024-04-16T09:40:57.845+0000] {python.py:237} INFO - Done. Returned value was: None
[2024-04-16T09:40:57.845+0000] {taskinstance.py:441} INFO - ::group::Post task execution logs
[2024-04-16T09:40:57.854+0000] {taskinstance.py:1205} INFO - Marking task as SUCCESS. dag_id=spotify_final_dag, task_id=hello2, execution_date=20240416T044600, start_date=20240416T094056, end_date=20240416T094057
[2024-04-16T09:40:57.896+0000] {local_task_job_runner.py:240} INFO - Task exited with return code 0
[2024-04-16T09:40:57.909+0000] {taskinstance.py:3482} INFO - 0 downstream tasks scheduled from follow-on schedule check
[2024-04-16T09:40:57.911+0000] {local_task_job_runner.py:222} INFO - ::endgroup::
[2024-04-16T09:48:11.177+0000] {local_task_job_runner.py:120} INFO - ::group::Pre task execution logs
[2024-04-16T09:48:11.192+0000] {taskinstance.py:2073} INFO - Dependencies all met for dep_context=non-requeueable deps ti=<TaskInstance: spotify_final_dag.hello2 scheduled__2024-04-16T04:46:00+00:00 [queued]>
[2024-04-16T09:48:11.199+0000] {taskinstance.py:2073} INFO - Dependencies all met for dep_context=requeueable deps ti=<TaskInstance: spotify_final_dag.hello2 scheduled__2024-04-16T04:46:00+00:00 [queued]>
[2024-04-16T09:48:11.199+0000] {taskinstance.py:2303} INFO - Starting attempt 1 of 2
[2024-04-16T09:48:11.209+0000] {taskinstance.py:2327} INFO - Executing <Task(PythonOperator): hello2> on 2024-04-16 04:46:00+00:00
[2024-04-16T09:48:11.215+0000] {warnings.py:110} WARNING - /home/***/.local/lib/python3.12/site-packages/***/task/task_runner/standard_task_runner.py:61: DeprecationWarning: This process (pid=4614) is multi-threaded, use of fork() may lead to deadlocks in the child.
  pid = os.fork()

[2024-04-16T09:48:11.216+0000] {standard_task_runner.py:63} INFO - Started process 4628 to run task
[2024-04-16T09:48:11.216+0000] {standard_task_runner.py:90} INFO - Running: ['***', 'tasks', 'run', 'spotify_final_dag', 'hello2', 'scheduled__2024-04-16T04:46:00+00:00', '--job-id', '1232', '--raw', '--subdir', 'DAGS_FOLDER/dag.py', '--cfg-path', '/tmp/tmp1m99yn13']
[2024-04-16T09:48:11.217+0000] {standard_task_runner.py:91} INFO - Job 1232: Subtask hello2
[2024-04-16T09:48:11.249+0000] {task_command.py:426} INFO - Running <TaskInstance: spotify_final_dag.hello2 scheduled__2024-04-16T04:46:00+00:00 [running]> on host 52651c1f9987
[2024-04-16T09:48:11.315+0000] {taskinstance.py:2644} INFO - Exporting env vars: AIRFLOW_CTX_DAG_OWNER='***' AIRFLOW_CTX_DAG_ID='spotify_final_dag' AIRFLOW_CTX_TASK_ID='hello2' AIRFLOW_CTX_EXECUTION_DATE='2024-04-16T04:46:00+00:00' AIRFLOW_CTX_TRY_NUMBER='1' AIRFLOW_CTX_DAG_RUN_ID='scheduled__2024-04-16T04:46:00+00:00'
[2024-04-16T09:48:11.316+0000] {taskinstance.py:430} INFO - ::endgroup::
[2024-04-16T09:48:11.766+0000] {logging_mixin.py:188} INFO - Connection successful
[2024-04-16T09:48:12.159+0000] {logging_mixin.py:188} INFO - Connection successful
[2024-04-16T09:48:12.573+0000] {logging_mixin.py:188} INFO - Connection successful
[2024-04-16T09:48:12.577+0000] {logging_mixin.py:188} INFO - Null Not Found
[2024-04-16T09:48:12.578+0000] {logging_mixin.py:188} INFO - Null Not Found
[2024-04-16T09:48:12.585+0000] {logging_mixin.py:188} INFO - Null Not Found
[2024-04-16T09:48:12.586+0000] {logging_mixin.py:188} INFO - Null Not Found
[2024-04-16T09:48:12.587+0000] {logging_mixin.py:188} INFO - Null Not Found
[2024-04-16T09:48:12.588+0000] {logging_mixin.py:188} INFO - Null Not Found
[2024-04-16T09:48:12.588+0000] {python.py:237} INFO - Done. Returned value was: None
[2024-04-16T09:48:12.589+0000] {taskinstance.py:441} INFO - ::group::Post task execution logs
[2024-04-16T09:48:12.595+0000] {taskinstance.py:1205} INFO - Marking task as SUCCESS. dag_id=spotify_final_dag, task_id=hello2, execution_date=20240416T044600, start_date=20240416T094811, end_date=20240416T094812
[2024-04-16T09:48:12.634+0000] {local_task_job_runner.py:240} INFO - Task exited with return code 0
[2024-04-16T09:48:12.646+0000] {taskinstance.py:3482} INFO - 0 downstream tasks scheduled from follow-on schedule check
[2024-04-16T09:48:12.648+0000] {local_task_job_runner.py:222} INFO - ::endgroup::
