[2024-04-17T07:34:38.808+0000] {local_task_job_runner.py:120} INFO - ::group::Pre task execution logs
[2024-04-17T07:34:38.845+0000] {taskinstance.py:2073} INFO - Dependencies all met for dep_context=non-requeueable deps ti=<TaskInstance: etl_for_spotify.processes scheduled__2024-04-16T15:46:00+00:00 [queued]>
[2024-04-17T07:34:38.866+0000] {taskinstance.py:2073} INFO - Dependencies all met for dep_context=requeueable deps ti=<TaskInstance: etl_for_spotify.processes scheduled__2024-04-16T15:46:00+00:00 [queued]>
[2024-04-17T07:34:38.868+0000] {taskinstance.py:2303} INFO - Starting attempt 1 of 2
[2024-04-17T07:34:38.900+0000] {taskinstance.py:2327} INFO - Executing <Task(PythonOperator): processes> on 2024-04-16 15:46:00+00:00
[2024-04-17T07:34:38.918+0000] {warnings.py:110} WARNING - /home/***/.local/lib/python3.12/site-packages/***/task/task_runner/standard_task_runner.py:61: DeprecationWarning: This process (pid=8371) is multi-threaded, use of fork() may lead to deadlocks in the child.
  pid = os.fork()

[2024-04-17T07:34:38.920+0000] {standard_task_runner.py:63} INFO - Started process 8399 to run task
[2024-04-17T07:34:38.920+0000] {standard_task_runner.py:90} INFO - Running: ['***', 'tasks', 'run', 'etl_for_spotify', 'processes', 'scheduled__2024-04-16T15:46:00+00:00', '--job-id', '3744', '--raw', '--subdir', 'DAGS_FOLDER/dag.py', '--cfg-path', '/tmp/tmpt4maxqul']
[2024-04-17T07:34:38.921+0000] {standard_task_runner.py:91} INFO - Job 3744: Subtask processes
[2024-04-17T07:34:39.003+0000] {task_command.py:426} INFO - Running <TaskInstance: etl_for_spotify.processes scheduled__2024-04-16T15:46:00+00:00 [running]> on host 52651c1f9987
[2024-04-17T07:34:39.193+0000] {taskinstance.py:2644} INFO - Exporting env vars: AIRFLOW_CTX_DAG_OWNER='***' AIRFLOW_CTX_DAG_ID='etl_for_spotify' AIRFLOW_CTX_TASK_ID='processes' AIRFLOW_CTX_EXECUTION_DATE='2024-04-16T15:46:00+00:00' AIRFLOW_CTX_TRY_NUMBER='1' AIRFLOW_CTX_DAG_RUN_ID='scheduled__2024-04-16T15:46:00+00:00'
[2024-04-17T07:34:39.196+0000] {taskinstance.py:430} INFO - ::endgroup::
[2024-04-17T07:34:39.644+0000] {logging_mixin.py:188} INFO - Connection successful
[2024-04-17T07:34:40.106+0000] {logging_mixin.py:188} INFO - Connection successful
[2024-04-17T07:34:40.547+0000] {logging_mixin.py:188} INFO - Connection successful
[2024-04-17T07:34:40.551+0000] {logging_mixin.py:188} INFO - Null Not Found
[2024-04-17T07:34:40.553+0000] {logging_mixin.py:188} INFO - Null Not Found
[2024-04-17T07:34:40.561+0000] {logging_mixin.py:188} INFO - Null Not Found
[2024-04-17T07:34:40.562+0000] {logging_mixin.py:188} INFO - Null Not Found
[2024-04-17T07:34:40.563+0000] {logging_mixin.py:188} INFO - Null Not Found
[2024-04-17T07:34:40.563+0000] {logging_mixin.py:188} INFO - Null Not Found
[2024-04-17T07:34:40.564+0000] {python.py:237} INFO - Done. Returned value was: None
[2024-04-17T07:34:40.565+0000] {taskinstance.py:441} INFO - ::group::Post task execution logs
[2024-04-17T07:34:40.572+0000] {taskinstance.py:1205} INFO - Marking task as SUCCESS. dag_id=etl_for_spotify, task_id=processes, execution_date=20240416T154600, start_date=20240417T073438, end_date=20240417T073440
[2024-04-17T07:34:40.629+0000] {local_task_job_runner.py:240} INFO - Task exited with return code 0
[2024-04-17T07:34:40.641+0000] {taskinstance.py:3482} INFO - 0 downstream tasks scheduled from follow-on schedule check
[2024-04-17T07:34:40.643+0000] {local_task_job_runner.py:222} INFO - ::endgroup::
