[2024-04-16T09:39:38.078+0000] {local_task_job_runner.py:120} INFO - ::group::Pre task execution logs
[2024-04-16T09:39:38.094+0000] {taskinstance.py:2073} INFO - Dependencies all met for dep_context=non-requeueable deps ti=<TaskInstance: spotify_final_dag.hello2 scheduled__2024-04-16T02:48:00+00:00 [queued]>
[2024-04-16T09:39:38.101+0000] {taskinstance.py:2073} INFO - Dependencies all met for dep_context=requeueable deps ti=<TaskInstance: spotify_final_dag.hello2 scheduled__2024-04-16T02:48:00+00:00 [queued]>
[2024-04-16T09:39:38.102+0000] {taskinstance.py:2303} INFO - Starting attempt 1 of 2
[2024-04-16T09:39:38.112+0000] {taskinstance.py:2327} INFO - Executing <Task(PythonOperator): hello2> on 2024-04-16 02:48:00+00:00
[2024-04-16T09:39:38.119+0000] {warnings.py:110} WARNING - /home/***/.local/lib/python3.12/site-packages/***/task/task_runner/standard_task_runner.py:61: DeprecationWarning: This process (pid=2174) is multi-threaded, use of fork() may lead to deadlocks in the child.
  pid = os.fork()

[2024-04-16T09:39:38.121+0000] {standard_task_runner.py:63} INFO - Started process 2186 to run task
[2024-04-16T09:39:38.121+0000] {standard_task_runner.py:90} INFO - Running: ['***', 'tasks', 'run', 'spotify_final_dag', 'hello2', 'scheduled__2024-04-16T02:48:00+00:00', '--job-id', '453', '--raw', '--subdir', 'DAGS_FOLDER/dag.py', '--cfg-path', '/tmp/tmp4zfciwyk']
[2024-04-16T09:39:38.122+0000] {standard_task_runner.py:91} INFO - Job 453: Subtask hello2
[2024-04-16T09:39:38.159+0000] {task_command.py:426} INFO - Running <TaskInstance: spotify_final_dag.hello2 scheduled__2024-04-16T02:48:00+00:00 [running]> on host 52651c1f9987
[2024-04-16T09:39:38.224+0000] {taskinstance.py:2644} INFO - Exporting env vars: AIRFLOW_CTX_DAG_OWNER='***' AIRFLOW_CTX_DAG_ID='spotify_final_dag' AIRFLOW_CTX_TASK_ID='hello2' AIRFLOW_CTX_EXECUTION_DATE='2024-04-16T02:48:00+00:00' AIRFLOW_CTX_TRY_NUMBER='1' AIRFLOW_CTX_DAG_RUN_ID='scheduled__2024-04-16T02:48:00+00:00'
[2024-04-16T09:39:38.225+0000] {taskinstance.py:430} INFO - ::endgroup::
[2024-04-16T09:39:38.650+0000] {logging_mixin.py:188} INFO - Connection successful
[2024-04-16T09:39:39.048+0000] {logging_mixin.py:188} INFO - Connection successful
[2024-04-16T09:39:39.439+0000] {logging_mixin.py:188} INFO - Connection successful
[2024-04-16T09:39:39.442+0000] {logging_mixin.py:188} INFO - Null Not Found
[2024-04-16T09:39:39.443+0000] {logging_mixin.py:188} INFO - Null Not Found
[2024-04-16T09:39:39.451+0000] {logging_mixin.py:188} INFO - Null Not Found
[2024-04-16T09:39:39.452+0000] {logging_mixin.py:188} INFO - Null Not Found
[2024-04-16T09:39:39.453+0000] {logging_mixin.py:188} INFO - Null Not Found
[2024-04-16T09:39:39.453+0000] {logging_mixin.py:188} INFO - Null Not Found
[2024-04-16T09:39:39.454+0000] {python.py:237} INFO - Done. Returned value was: None
[2024-04-16T09:39:39.454+0000] {taskinstance.py:441} INFO - ::group::Post task execution logs
[2024-04-16T09:39:39.461+0000] {taskinstance.py:1205} INFO - Marking task as SUCCESS. dag_id=spotify_final_dag, task_id=hello2, execution_date=20240416T024800, start_date=20240416T093938, end_date=20240416T093939
[2024-04-16T09:39:39.498+0000] {local_task_job_runner.py:240} INFO - Task exited with return code 0
[2024-04-16T09:39:39.509+0000] {taskinstance.py:3482} INFO - 0 downstream tasks scheduled from follow-on schedule check
[2024-04-16T09:39:39.511+0000] {local_task_job_runner.py:222} INFO - ::endgroup::
[2024-04-16T09:47:38.311+0000] {local_task_job_runner.py:120} INFO - ::group::Pre task execution logs
[2024-04-16T09:47:38.334+0000] {taskinstance.py:2073} INFO - Dependencies all met for dep_context=non-requeueable deps ti=<TaskInstance: spotify_final_dag.hello2 scheduled__2024-04-16T02:48:00+00:00 [queued]>
[2024-04-16T09:47:38.345+0000] {taskinstance.py:2073} INFO - Dependencies all met for dep_context=requeueable deps ti=<TaskInstance: spotify_final_dag.hello2 scheduled__2024-04-16T02:48:00+00:00 [queued]>
[2024-04-16T09:47:38.345+0000] {taskinstance.py:2303} INFO - Starting attempt 1 of 2
[2024-04-16T09:47:38.361+0000] {taskinstance.py:2327} INFO - Executing <Task(PythonOperator): hello2> on 2024-04-16 02:48:00+00:00
[2024-04-16T09:47:38.369+0000] {warnings.py:110} WARNING - /home/***/.local/lib/python3.12/site-packages/***/task/task_runner/standard_task_runner.py:61: DeprecationWarning: This process (pid=4286) is multi-threaded, use of fork() may lead to deadlocks in the child.
  pid = os.fork()

[2024-04-16T09:47:38.371+0000] {standard_task_runner.py:63} INFO - Started process 4314 to run task
[2024-04-16T09:47:38.371+0000] {standard_task_runner.py:90} INFO - Running: ['***', 'tasks', 'run', 'spotify_final_dag', 'hello2', 'scheduled__2024-04-16T02:48:00+00:00', '--job-id', '1127', '--raw', '--subdir', 'DAGS_FOLDER/dag.py', '--cfg-path', '/tmp/tmpg4as75lg']
[2024-04-16T09:47:38.372+0000] {standard_task_runner.py:91} INFO - Job 1127: Subtask hello2
[2024-04-16T09:47:38.419+0000] {task_command.py:426} INFO - Running <TaskInstance: spotify_final_dag.hello2 scheduled__2024-04-16T02:48:00+00:00 [running]> on host 52651c1f9987
[2024-04-16T09:47:38.522+0000] {taskinstance.py:2644} INFO - Exporting env vars: AIRFLOW_CTX_DAG_OWNER='***' AIRFLOW_CTX_DAG_ID='spotify_final_dag' AIRFLOW_CTX_TASK_ID='hello2' AIRFLOW_CTX_EXECUTION_DATE='2024-04-16T02:48:00+00:00' AIRFLOW_CTX_TRY_NUMBER='1' AIRFLOW_CTX_DAG_RUN_ID='scheduled__2024-04-16T02:48:00+00:00'
[2024-04-16T09:47:38.524+0000] {taskinstance.py:430} INFO - ::endgroup::
[2024-04-16T09:47:38.993+0000] {logging_mixin.py:188} INFO - Connection successful
[2024-04-16T09:47:39.425+0000] {logging_mixin.py:188} INFO - Connection successful
[2024-04-16T09:47:39.867+0000] {logging_mixin.py:188} INFO - Connection successful
[2024-04-16T09:47:39.870+0000] {logging_mixin.py:188} INFO - Null Not Found
[2024-04-16T09:47:39.871+0000] {logging_mixin.py:188} INFO - Null Not Found
[2024-04-16T09:47:39.880+0000] {logging_mixin.py:188} INFO - Null Not Found
[2024-04-16T09:47:39.880+0000] {logging_mixin.py:188} INFO - Null Not Found
[2024-04-16T09:47:39.882+0000] {logging_mixin.py:188} INFO - Null Not Found
[2024-04-16T09:47:39.882+0000] {logging_mixin.py:188} INFO - Null Not Found
[2024-04-16T09:47:39.883+0000] {python.py:237} INFO - Done. Returned value was: None
[2024-04-16T09:47:39.884+0000] {taskinstance.py:441} INFO - ::group::Post task execution logs
[2024-04-16T09:47:39.892+0000] {taskinstance.py:1205} INFO - Marking task as SUCCESS. dag_id=spotify_final_dag, task_id=hello2, execution_date=20240416T024800, start_date=20240416T094738, end_date=20240416T094739
[2024-04-16T09:47:39.912+0000] {local_task_job_runner.py:240} INFO - Task exited with return code 0
[2024-04-16T09:47:39.928+0000] {taskinstance.py:3482} INFO - 0 downstream tasks scheduled from follow-on schedule check
[2024-04-16T09:47:39.929+0000] {local_task_job_runner.py:222} INFO - ::endgroup::
