[2024-04-17T07:34:17.332+0000] {local_task_job_runner.py:120} INFO - ::group::Pre task execution logs
[2024-04-17T07:34:17.353+0000] {taskinstance.py:2073} INFO - Dependencies all met for dep_context=non-requeueable deps ti=<TaskInstance: etl_for_spotify.processes scheduled__2024-04-16T14:34:00+00:00 [queued]>
[2024-04-17T07:34:17.365+0000] {taskinstance.py:2073} INFO - Dependencies all met for dep_context=requeueable deps ti=<TaskInstance: etl_for_spotify.processes scheduled__2024-04-16T14:34:00+00:00 [queued]>
[2024-04-17T07:34:17.366+0000] {taskinstance.py:2303} INFO - Starting attempt 1 of 2
[2024-04-17T07:34:17.387+0000] {taskinstance.py:2327} INFO - Executing <Task(PythonOperator): processes> on 2024-04-16 14:34:00+00:00
[2024-04-17T07:34:17.396+0000] {warnings.py:110} WARNING - /home/***/.local/lib/python3.12/site-packages/***/task/task_runner/standard_task_runner.py:61: DeprecationWarning: This process (pid=8159) is multi-threaded, use of fork() may lead to deadlocks in the child.
  pid = os.fork()

[2024-04-17T07:34:17.398+0000] {standard_task_runner.py:63} INFO - Started process 8188 to run task
[2024-04-17T07:34:17.398+0000] {standard_task_runner.py:90} INFO - Running: ['***', 'tasks', 'run', 'etl_for_spotify', 'processes', 'scheduled__2024-04-16T14:34:00+00:00', '--job-id', '3672', '--raw', '--subdir', 'DAGS_FOLDER/dag.py', '--cfg-path', '/tmp/tmpyfpvz9z5']
[2024-04-17T07:34:17.400+0000] {standard_task_runner.py:91} INFO - Job 3672: Subtask processes
[2024-04-17T07:34:17.466+0000] {task_command.py:426} INFO - Running <TaskInstance: etl_for_spotify.processes scheduled__2024-04-16T14:34:00+00:00 [running]> on host 52651c1f9987
[2024-04-17T07:34:17.588+0000] {taskinstance.py:2644} INFO - Exporting env vars: AIRFLOW_CTX_DAG_OWNER='***' AIRFLOW_CTX_DAG_ID='etl_for_spotify' AIRFLOW_CTX_TASK_ID='processes' AIRFLOW_CTX_EXECUTION_DATE='2024-04-16T14:34:00+00:00' AIRFLOW_CTX_TRY_NUMBER='1' AIRFLOW_CTX_DAG_RUN_ID='scheduled__2024-04-16T14:34:00+00:00'
[2024-04-17T07:34:17.591+0000] {taskinstance.py:430} INFO - ::endgroup::
[2024-04-17T07:34:18.030+0000] {logging_mixin.py:188} INFO - Connection successful
[2024-04-17T07:34:18.555+0000] {logging_mixin.py:188} INFO - Connection successful
[2024-04-17T07:34:19.015+0000] {logging_mixin.py:188} INFO - Connection successful
[2024-04-17T07:34:19.019+0000] {logging_mixin.py:188} INFO - Null Not Found
[2024-04-17T07:34:19.021+0000] {logging_mixin.py:188} INFO - Null Not Found
[2024-04-17T07:34:19.032+0000] {logging_mixin.py:188} INFO - Null Not Found
[2024-04-17T07:34:19.033+0000] {logging_mixin.py:188} INFO - Null Not Found
[2024-04-17T07:34:19.034+0000] {logging_mixin.py:188} INFO - Null Not Found
[2024-04-17T07:34:19.035+0000] {logging_mixin.py:188} INFO - Null Not Found
[2024-04-17T07:34:19.037+0000] {python.py:237} INFO - Done. Returned value was: None
[2024-04-17T07:34:19.037+0000] {taskinstance.py:441} INFO - ::group::Post task execution logs
[2024-04-17T07:34:19.047+0000] {taskinstance.py:1205} INFO - Marking task as SUCCESS. dag_id=etl_for_spotify, task_id=processes, execution_date=20240416T143400, start_date=20240417T073417, end_date=20240417T073419
[2024-04-17T07:34:19.100+0000] {local_task_job_runner.py:240} INFO - Task exited with return code 0
[2024-04-17T07:34:19.117+0000] {taskinstance.py:3482} INFO - 0 downstream tasks scheduled from follow-on schedule check
[2024-04-17T07:34:19.119+0000] {local_task_job_runner.py:222} INFO - ::endgroup::
