[2024-04-17T07:38:03.874+0000] {local_task_job_runner.py:120} INFO - ::group::Pre task execution logs
[2024-04-17T07:38:03.892+0000] {taskinstance.py:2073} INFO - Dependencies all met for dep_context=non-requeueable deps ti=<TaskInstance: etl_for_spotify.processes scheduled__2024-04-17T02:34:00+00:00 [queued]>
[2024-04-17T07:38:03.901+0000] {taskinstance.py:2073} INFO - Dependencies all met for dep_context=requeueable deps ti=<TaskInstance: etl_for_spotify.processes scheduled__2024-04-17T02:34:00+00:00 [queued]>
[2024-04-17T07:38:03.901+0000] {taskinstance.py:2303} INFO - Starting attempt 1 of 2
[2024-04-17T07:38:03.913+0000] {taskinstance.py:2327} INFO - Executing <Task(PythonOperator): processes> on 2024-04-17 02:34:00+00:00
[2024-04-17T07:38:03.921+0000] {warnings.py:110} WARNING - /home/***/.local/lib/python3.12/site-packages/***/task/task_runner/standard_task_runner.py:61: DeprecationWarning: This process (pid=10350) is multi-threaded, use of fork() may lead to deadlocks in the child.
  pid = os.fork()

[2024-04-17T07:38:03.923+0000] {standard_task_runner.py:63} INFO - Started process 10369 to run task
[2024-04-17T07:38:03.923+0000] {standard_task_runner.py:90} INFO - Running: ['***', 'tasks', 'run', 'etl_for_spotify', 'processes', 'scheduled__2024-04-17T02:34:00+00:00', '--job-id', '4388', '--raw', '--subdir', 'DAGS_FOLDER/dag.py', '--cfg-path', '/tmp/tmppovnag2f']
[2024-04-17T07:38:03.925+0000] {standard_task_runner.py:91} INFO - Job 4388: Subtask processes
[2024-04-17T07:38:03.962+0000] {task_command.py:426} INFO - Running <TaskInstance: etl_for_spotify.processes scheduled__2024-04-17T02:34:00+00:00 [running]> on host 52651c1f9987
[2024-04-17T07:38:04.057+0000] {taskinstance.py:2644} INFO - Exporting env vars: AIRFLOW_CTX_DAG_OWNER='***' AIRFLOW_CTX_DAG_ID='etl_for_spotify' AIRFLOW_CTX_TASK_ID='processes' AIRFLOW_CTX_EXECUTION_DATE='2024-04-17T02:34:00+00:00' AIRFLOW_CTX_TRY_NUMBER='1' AIRFLOW_CTX_DAG_RUN_ID='scheduled__2024-04-17T02:34:00+00:00'
[2024-04-17T07:38:04.059+0000] {taskinstance.py:430} INFO - ::endgroup::
[2024-04-17T07:38:04.491+0000] {logging_mixin.py:188} INFO - Connection successful
[2024-04-17T07:38:04.940+0000] {logging_mixin.py:188} INFO - Connection successful
[2024-04-17T07:38:05.389+0000] {logging_mixin.py:188} INFO - Connection successful
[2024-04-17T07:38:05.393+0000] {logging_mixin.py:188} INFO - Null Not Found
[2024-04-17T07:38:05.395+0000] {logging_mixin.py:188} INFO - Null Not Found
[2024-04-17T07:38:05.405+0000] {logging_mixin.py:188} INFO - Null Not Found
[2024-04-17T07:38:05.406+0000] {logging_mixin.py:188} INFO - Null Not Found
[2024-04-17T07:38:05.407+0000] {logging_mixin.py:188} INFO - Null Not Found
[2024-04-17T07:38:05.408+0000] {logging_mixin.py:188} INFO - Null Not Found
[2024-04-17T07:38:05.410+0000] {python.py:237} INFO - Done. Returned value was: None
[2024-04-17T07:38:05.410+0000] {taskinstance.py:441} INFO - ::group::Post task execution logs
[2024-04-17T07:38:05.419+0000] {taskinstance.py:1205} INFO - Marking task as SUCCESS. dag_id=etl_for_spotify, task_id=processes, execution_date=20240417T023400, start_date=20240417T073803, end_date=20240417T073805
[2024-04-17T07:38:05.461+0000] {local_task_job_runner.py:240} INFO - Task exited with return code 0
[2024-04-17T07:38:05.477+0000] {taskinstance.py:3482} INFO - 0 downstream tasks scheduled from follow-on schedule check
[2024-04-17T07:38:05.478+0000] {local_task_job_runner.py:222} INFO - ::endgroup::
