[2024-04-16T09:40:26.617+0000] {local_task_job_runner.py:120} INFO - ::group::Pre task execution logs
[2024-04-16T09:40:26.644+0000] {taskinstance.py:2073} INFO - Dependencies all met for dep_context=non-requeueable deps ti=<TaskInstance: spotify_final_dag.hello2 scheduled__2024-04-16T03:54:00+00:00 [queued]>
[2024-04-16T09:40:26.657+0000] {taskinstance.py:2073} INFO - Dependencies all met for dep_context=requeueable deps ti=<TaskInstance: spotify_final_dag.hello2 scheduled__2024-04-16T03:54:00+00:00 [queued]>
[2024-04-16T09:40:26.658+0000] {taskinstance.py:2303} INFO - Starting attempt 1 of 2
[2024-04-16T09:40:26.822+0000] {taskinstance.py:2327} INFO - Executing <Task(PythonOperator): hello2> on 2024-04-16 03:54:00+00:00
[2024-04-16T09:40:26.838+0000] {warnings.py:110} WARNING - /home/***/.local/lib/python3.12/site-packages/***/task/task_runner/standard_task_runner.py:61: DeprecationWarning: This process (pid=2615) is multi-threaded, use of fork() may lead to deadlocks in the child.
  pid = os.fork()

[2024-04-16T09:40:26.840+0000] {standard_task_runner.py:63} INFO - Started process 2649 to run task
[2024-04-16T09:40:26.841+0000] {standard_task_runner.py:90} INFO - Running: ['***', 'tasks', 'run', 'spotify_final_dag', 'hello2', 'scheduled__2024-04-16T03:54:00+00:00', '--job-id', '599', '--raw', '--subdir', 'DAGS_FOLDER/dag.py', '--cfg-path', '/tmp/tmpmzvtwo9c']
[2024-04-16T09:40:26.842+0000] {standard_task_runner.py:91} INFO - Job 599: Subtask hello2
[2024-04-16T09:40:26.903+0000] {task_command.py:426} INFO - Running <TaskInstance: spotify_final_dag.hello2 scheduled__2024-04-16T03:54:00+00:00 [running]> on host 52651c1f9987
[2024-04-16T09:40:27.024+0000] {taskinstance.py:2644} INFO - Exporting env vars: AIRFLOW_CTX_DAG_OWNER='***' AIRFLOW_CTX_DAG_ID='spotify_final_dag' AIRFLOW_CTX_TASK_ID='hello2' AIRFLOW_CTX_EXECUTION_DATE='2024-04-16T03:54:00+00:00' AIRFLOW_CTX_TRY_NUMBER='1' AIRFLOW_CTX_DAG_RUN_ID='scheduled__2024-04-16T03:54:00+00:00'
[2024-04-16T09:40:27.027+0000] {taskinstance.py:430} INFO - ::endgroup::
[2024-04-16T09:40:27.487+0000] {logging_mixin.py:188} INFO - Connection successful
[2024-04-16T09:40:27.936+0000] {logging_mixin.py:188} INFO - Connection successful
[2024-04-16T09:40:28.338+0000] {logging_mixin.py:188} INFO - Connection successful
[2024-04-16T09:40:28.342+0000] {logging_mixin.py:188} INFO - Null Not Found
[2024-04-16T09:40:28.343+0000] {logging_mixin.py:188} INFO - Null Not Found
[2024-04-16T09:40:28.352+0000] {logging_mixin.py:188} INFO - Null Not Found
[2024-04-16T09:40:28.353+0000] {logging_mixin.py:188} INFO - Null Not Found
[2024-04-16T09:40:28.354+0000] {logging_mixin.py:188} INFO - Null Not Found
[2024-04-16T09:40:28.355+0000] {logging_mixin.py:188} INFO - Null Not Found
[2024-04-16T09:40:28.356+0000] {python.py:237} INFO - Done. Returned value was: None
[2024-04-16T09:40:28.356+0000] {taskinstance.py:441} INFO - ::group::Post task execution logs
[2024-04-16T09:40:28.363+0000] {taskinstance.py:1205} INFO - Marking task as SUCCESS. dag_id=spotify_final_dag, task_id=hello2, execution_date=20240416T035400, start_date=20240416T094026, end_date=20240416T094028
[2024-04-16T09:40:28.387+0000] {local_task_job_runner.py:240} INFO - Task exited with return code 0
[2024-04-16T09:40:28.399+0000] {taskinstance.py:3482} INFO - 0 downstream tasks scheduled from follow-on schedule check
[2024-04-16T09:40:28.400+0000] {local_task_job_runner.py:222} INFO - ::endgroup::
[2024-04-16T09:47:59.163+0000] {local_task_job_runner.py:120} INFO - ::group::Pre task execution logs
[2024-04-16T09:47:59.187+0000] {taskinstance.py:2073} INFO - Dependencies all met for dep_context=non-requeueable deps ti=<TaskInstance: spotify_final_dag.hello2 scheduled__2024-04-16T03:54:00+00:00 [queued]>
[2024-04-16T09:47:59.197+0000] {taskinstance.py:2073} INFO - Dependencies all met for dep_context=requeueable deps ti=<TaskInstance: spotify_final_dag.hello2 scheduled__2024-04-16T03:54:00+00:00 [queued]>
[2024-04-16T09:47:59.198+0000] {taskinstance.py:2303} INFO - Starting attempt 1 of 2
[2024-04-16T09:47:59.285+0000] {taskinstance.py:2327} INFO - Executing <Task(PythonOperator): hello2> on 2024-04-16 03:54:00+00:00
[2024-04-16T09:47:59.295+0000] {warnings.py:110} WARNING - /home/***/.local/lib/python3.12/site-packages/***/task/task_runner/standard_task_runner.py:61: DeprecationWarning: This process (pid=4491) is multi-threaded, use of fork() may lead to deadlocks in the child.
  pid = os.fork()

[2024-04-16T09:47:59.297+0000] {standard_task_runner.py:63} INFO - Started process 4518 to run task
[2024-04-16T09:47:59.297+0000] {standard_task_runner.py:90} INFO - Running: ['***', 'tasks', 'run', 'spotify_final_dag', 'hello2', 'scheduled__2024-04-16T03:54:00+00:00', '--job-id', '1191', '--raw', '--subdir', 'DAGS_FOLDER/dag.py', '--cfg-path', '/tmp/tmpyu9x4bso']
[2024-04-16T09:47:59.299+0000] {standard_task_runner.py:91} INFO - Job 1191: Subtask hello2
[2024-04-16T09:47:59.344+0000] {task_command.py:426} INFO - Running <TaskInstance: spotify_final_dag.hello2 scheduled__2024-04-16T03:54:00+00:00 [running]> on host 52651c1f9987
[2024-04-16T09:47:59.434+0000] {taskinstance.py:2644} INFO - Exporting env vars: AIRFLOW_CTX_DAG_OWNER='***' AIRFLOW_CTX_DAG_ID='spotify_final_dag' AIRFLOW_CTX_TASK_ID='hello2' AIRFLOW_CTX_EXECUTION_DATE='2024-04-16T03:54:00+00:00' AIRFLOW_CTX_TRY_NUMBER='1' AIRFLOW_CTX_DAG_RUN_ID='scheduled__2024-04-16T03:54:00+00:00'
[2024-04-16T09:47:59.436+0000] {taskinstance.py:430} INFO - ::endgroup::
[2024-04-16T09:47:59.864+0000] {logging_mixin.py:188} INFO - Connection successful
[2024-04-16T09:48:00.280+0000] {logging_mixin.py:188} INFO - Connection successful
[2024-04-16T09:48:00.706+0000] {logging_mixin.py:188} INFO - Connection successful
[2024-04-16T09:48:00.709+0000] {logging_mixin.py:188} INFO - Null Not Found
[2024-04-16T09:48:00.710+0000] {logging_mixin.py:188} INFO - Null Not Found
[2024-04-16T09:48:00.718+0000] {logging_mixin.py:188} INFO - Null Not Found
[2024-04-16T09:48:00.719+0000] {logging_mixin.py:188} INFO - Null Not Found
[2024-04-16T09:48:00.720+0000] {logging_mixin.py:188} INFO - Null Not Found
[2024-04-16T09:48:00.720+0000] {logging_mixin.py:188} INFO - Null Not Found
[2024-04-16T09:48:00.721+0000] {python.py:237} INFO - Done. Returned value was: None
[2024-04-16T09:48:00.721+0000] {taskinstance.py:441} INFO - ::group::Post task execution logs
[2024-04-16T09:48:00.728+0000] {taskinstance.py:1205} INFO - Marking task as SUCCESS. dag_id=spotify_final_dag, task_id=hello2, execution_date=20240416T035400, start_date=20240416T094759, end_date=20240416T094800
[2024-04-16T09:48:00.754+0000] {local_task_job_runner.py:240} INFO - Task exited with return code 0
[2024-04-16T09:48:00.765+0000] {taskinstance.py:3482} INFO - 0 downstream tasks scheduled from follow-on schedule check
[2024-04-16T09:48:00.767+0000] {local_task_job_runner.py:222} INFO - ::endgroup::
