[2024-04-16T09:40:26.996+0000] {local_task_job_runner.py:120} INFO - ::group::Pre task execution logs
[2024-04-16T09:40:27.036+0000] {taskinstance.py:2073} INFO - Dependencies all met for dep_context=non-requeueable deps ti=<TaskInstance: spotify_final_dag.hello2 scheduled__2024-04-16T03:56:00+00:00 [queued]>
[2024-04-16T09:40:27.047+0000] {taskinstance.py:2073} INFO - Dependencies all met for dep_context=requeueable deps ti=<TaskInstance: spotify_final_dag.hello2 scheduled__2024-04-16T03:56:00+00:00 [queued]>
[2024-04-16T09:40:27.048+0000] {taskinstance.py:2303} INFO - Starting attempt 1 of 2
[2024-04-16T09:40:27.063+0000] {taskinstance.py:2327} INFO - Executing <Task(PythonOperator): hello2> on 2024-04-16 03:56:00+00:00
[2024-04-16T09:40:27.075+0000] {warnings.py:110} WARNING - /home/***/.local/lib/python3.12/site-packages/***/task/task_runner/standard_task_runner.py:61: DeprecationWarning: This process (pid=2624) is multi-threaded, use of fork() may lead to deadlocks in the child.
  pid = os.fork()

[2024-04-16T09:40:27.077+0000] {standard_task_runner.py:63} INFO - Started process 2653 to run task
[2024-04-16T09:40:27.078+0000] {standard_task_runner.py:90} INFO - Running: ['***', 'tasks', 'run', 'spotify_final_dag', 'hello2', 'scheduled__2024-04-16T03:56:00+00:00', '--job-id', '601', '--raw', '--subdir', 'DAGS_FOLDER/dag.py', '--cfg-path', '/tmp/tmp6by2i0g6']
[2024-04-16T09:40:27.080+0000] {standard_task_runner.py:91} INFO - Job 601: Subtask hello2
[2024-04-16T09:40:27.154+0000] {task_command.py:426} INFO - Running <TaskInstance: spotify_final_dag.hello2 scheduled__2024-04-16T03:56:00+00:00 [running]> on host 52651c1f9987
[2024-04-16T09:40:27.263+0000] {taskinstance.py:2644} INFO - Exporting env vars: AIRFLOW_CTX_DAG_OWNER='***' AIRFLOW_CTX_DAG_ID='spotify_final_dag' AIRFLOW_CTX_TASK_ID='hello2' AIRFLOW_CTX_EXECUTION_DATE='2024-04-16T03:56:00+00:00' AIRFLOW_CTX_TRY_NUMBER='1' AIRFLOW_CTX_DAG_RUN_ID='scheduled__2024-04-16T03:56:00+00:00'
[2024-04-16T09:40:27.265+0000] {taskinstance.py:430} INFO - ::endgroup::
[2024-04-16T09:40:27.686+0000] {logging_mixin.py:188} INFO - Connection successful
[2024-04-16T09:40:28.125+0000] {logging_mixin.py:188} INFO - Connection successful
[2024-04-16T09:40:28.513+0000] {logging_mixin.py:188} INFO - Connection successful
[2024-04-16T09:40:28.518+0000] {logging_mixin.py:188} INFO - Null Not Found
[2024-04-16T09:40:28.519+0000] {logging_mixin.py:188} INFO - Null Not Found
[2024-04-16T09:40:28.529+0000] {logging_mixin.py:188} INFO - Null Not Found
[2024-04-16T09:40:28.529+0000] {logging_mixin.py:188} INFO - Null Not Found
[2024-04-16T09:40:28.531+0000] {logging_mixin.py:188} INFO - Null Not Found
[2024-04-16T09:40:28.531+0000] {logging_mixin.py:188} INFO - Null Not Found
[2024-04-16T09:40:28.533+0000] {python.py:237} INFO - Done. Returned value was: None
[2024-04-16T09:40:28.534+0000] {taskinstance.py:441} INFO - ::group::Post task execution logs
[2024-04-16T09:40:28.543+0000] {taskinstance.py:1205} INFO - Marking task as SUCCESS. dag_id=spotify_final_dag, task_id=hello2, execution_date=20240416T035600, start_date=20240416T094027, end_date=20240416T094028
[2024-04-16T09:40:28.657+0000] {local_task_job_runner.py:240} INFO - Task exited with return code 0
[2024-04-16T09:40:28.675+0000] {taskinstance.py:3482} INFO - 0 downstream tasks scheduled from follow-on schedule check
[2024-04-16T09:40:28.678+0000] {local_task_job_runner.py:222} INFO - ::endgroup::
[2024-04-16T09:47:59.116+0000] {local_task_job_runner.py:120} INFO - ::group::Pre task execution logs
[2024-04-16T09:47:59.140+0000] {taskinstance.py:2073} INFO - Dependencies all met for dep_context=non-requeueable deps ti=<TaskInstance: spotify_final_dag.hello2 scheduled__2024-04-16T03:56:00+00:00 [queued]>
[2024-04-16T09:47:59.151+0000] {taskinstance.py:2073} INFO - Dependencies all met for dep_context=requeueable deps ti=<TaskInstance: spotify_final_dag.hello2 scheduled__2024-04-16T03:56:00+00:00 [queued]>
[2024-04-16T09:47:59.152+0000] {taskinstance.py:2303} INFO - Starting attempt 1 of 2
[2024-04-16T09:47:59.168+0000] {taskinstance.py:2327} INFO - Executing <Task(PythonOperator): hello2> on 2024-04-16 03:56:00+00:00
[2024-04-16T09:47:59.178+0000] {warnings.py:110} WARNING - /home/***/.local/lib/python3.12/site-packages/***/task/task_runner/standard_task_runner.py:61: DeprecationWarning: This process (pid=4490) is multi-threaded, use of fork() may lead to deadlocks in the child.
  pid = os.fork()

[2024-04-16T09:47:59.180+0000] {standard_task_runner.py:63} INFO - Started process 4516 to run task
[2024-04-16T09:47:59.180+0000] {standard_task_runner.py:90} INFO - Running: ['***', 'tasks', 'run', 'spotify_final_dag', 'hello2', 'scheduled__2024-04-16T03:56:00+00:00', '--job-id', '1190', '--raw', '--subdir', 'DAGS_FOLDER/dag.py', '--cfg-path', '/tmp/tmp01ajm62m']
[2024-04-16T09:47:59.181+0000] {standard_task_runner.py:91} INFO - Job 1190: Subtask hello2
[2024-04-16T09:47:59.232+0000] {task_command.py:426} INFO - Running <TaskInstance: spotify_final_dag.hello2 scheduled__2024-04-16T03:56:00+00:00 [running]> on host 52651c1f9987
[2024-04-16T09:47:59.319+0000] {taskinstance.py:2644} INFO - Exporting env vars: AIRFLOW_CTX_DAG_OWNER='***' AIRFLOW_CTX_DAG_ID='spotify_final_dag' AIRFLOW_CTX_TASK_ID='hello2' AIRFLOW_CTX_EXECUTION_DATE='2024-04-16T03:56:00+00:00' AIRFLOW_CTX_TRY_NUMBER='1' AIRFLOW_CTX_DAG_RUN_ID='scheduled__2024-04-16T03:56:00+00:00'
[2024-04-16T09:47:59.320+0000] {taskinstance.py:430} INFO - ::endgroup::
[2024-04-16T09:47:59.766+0000] {logging_mixin.py:188} INFO - Connection successful
[2024-04-16T09:48:00.185+0000] {logging_mixin.py:188} INFO - Connection successful
[2024-04-16T09:48:00.589+0000] {logging_mixin.py:188} INFO - Connection successful
[2024-04-16T09:48:00.593+0000] {logging_mixin.py:188} INFO - Null Not Found
[2024-04-16T09:48:00.594+0000] {logging_mixin.py:188} INFO - Null Not Found
[2024-04-16T09:48:00.602+0000] {logging_mixin.py:188} INFO - Null Not Found
[2024-04-16T09:48:00.603+0000] {logging_mixin.py:188} INFO - Null Not Found
[2024-04-16T09:48:00.604+0000] {logging_mixin.py:188} INFO - Null Not Found
[2024-04-16T09:48:00.604+0000] {logging_mixin.py:188} INFO - Null Not Found
[2024-04-16T09:48:00.605+0000] {python.py:237} INFO - Done. Returned value was: None
[2024-04-16T09:48:00.606+0000] {taskinstance.py:441} INFO - ::group::Post task execution logs
[2024-04-16T09:48:00.612+0000] {taskinstance.py:1205} INFO - Marking task as SUCCESS. dag_id=spotify_final_dag, task_id=hello2, execution_date=20240416T035600, start_date=20240416T094759, end_date=20240416T094800
[2024-04-16T09:48:00.637+0000] {local_task_job_runner.py:240} INFO - Task exited with return code 0
[2024-04-16T09:48:00.649+0000] {taskinstance.py:3482} INFO - 0 downstream tasks scheduled from follow-on schedule check
[2024-04-16T09:48:00.651+0000] {local_task_job_runner.py:222} INFO - ::endgroup::
