[2024-04-16T09:41:36.148+0000] {local_task_job_runner.py:120} INFO - ::group::Pre task execution logs
[2024-04-16T09:41:36.172+0000] {taskinstance.py:2073} INFO - Dependencies all met for dep_context=non-requeueable deps ti=<TaskInstance: spotify_final_dag.hello2 scheduled__2024-04-16T05:48:00+00:00 [queued]>
[2024-04-16T09:41:36.183+0000] {taskinstance.py:2073} INFO - Dependencies all met for dep_context=requeueable deps ti=<TaskInstance: spotify_final_dag.hello2 scheduled__2024-04-16T05:48:00+00:00 [queued]>
[2024-04-16T09:41:36.184+0000] {taskinstance.py:2303} INFO - Starting attempt 1 of 2
[2024-04-16T09:41:36.200+0000] {taskinstance.py:2327} INFO - Executing <Task(PythonOperator): hello2> on 2024-04-16 05:48:00+00:00
[2024-04-16T09:41:36.211+0000] {warnings.py:110} WARNING - /home/***/.local/lib/python3.12/site-packages/***/task/task_runner/standard_task_runner.py:61: DeprecationWarning: This process (pid=3295) is multi-threaded, use of fork() may lead to deadlocks in the child.
  pid = os.fork()

[2024-04-16T09:41:36.213+0000] {standard_task_runner.py:63} INFO - Started process 3324 to run task
[2024-04-16T09:41:36.213+0000] {standard_task_runner.py:90} INFO - Running: ['***', 'tasks', 'run', 'spotify_final_dag', 'hello2', 'scheduled__2024-04-16T05:48:00+00:00', '--job-id', '822', '--raw', '--subdir', 'DAGS_FOLDER/dag.py', '--cfg-path', '/tmp/tmpvfvuhxqs']
[2024-04-16T09:41:36.215+0000] {standard_task_runner.py:91} INFO - Job 822: Subtask hello2
[2024-04-16T09:41:36.273+0000] {task_command.py:426} INFO - Running <TaskInstance: spotify_final_dag.hello2 scheduled__2024-04-16T05:48:00+00:00 [running]> on host 52651c1f9987
[2024-04-16T09:41:36.397+0000] {taskinstance.py:2644} INFO - Exporting env vars: AIRFLOW_CTX_DAG_OWNER='***' AIRFLOW_CTX_DAG_ID='spotify_final_dag' AIRFLOW_CTX_TASK_ID='hello2' AIRFLOW_CTX_EXECUTION_DATE='2024-04-16T05:48:00+00:00' AIRFLOW_CTX_TRY_NUMBER='1' AIRFLOW_CTX_DAG_RUN_ID='scheduled__2024-04-16T05:48:00+00:00'
[2024-04-16T09:41:36.400+0000] {taskinstance.py:430} INFO - ::endgroup::
[2024-04-16T09:41:36.908+0000] {logging_mixin.py:188} INFO - Connection successful
[2024-04-16T09:41:37.383+0000] {logging_mixin.py:188} INFO - Connection successful
[2024-04-16T09:41:37.798+0000] {logging_mixin.py:188} INFO - Connection successful
[2024-04-16T09:41:37.803+0000] {logging_mixin.py:188} INFO - Null Not Found
[2024-04-16T09:41:37.804+0000] {logging_mixin.py:188} INFO - Null Not Found
[2024-04-16T09:41:37.815+0000] {logging_mixin.py:188} INFO - Null Not Found
[2024-04-16T09:41:37.816+0000] {logging_mixin.py:188} INFO - Null Not Found
[2024-04-16T09:41:37.818+0000] {logging_mixin.py:188} INFO - Null Not Found
[2024-04-16T09:41:37.818+0000] {logging_mixin.py:188} INFO - Null Not Found
[2024-04-16T09:41:37.820+0000] {python.py:237} INFO - Done. Returned value was: None
[2024-04-16T09:41:37.820+0000] {taskinstance.py:441} INFO - ::group::Post task execution logs
[2024-04-16T09:41:37.828+0000] {taskinstance.py:1205} INFO - Marking task as SUCCESS. dag_id=spotify_final_dag, task_id=hello2, execution_date=20240416T054800, start_date=20240416T094136, end_date=20240416T094137
[2024-04-16T09:41:37.874+0000] {local_task_job_runner.py:240} INFO - Task exited with return code 0
[2024-04-16T09:41:37.886+0000] {taskinstance.py:3482} INFO - 0 downstream tasks scheduled from follow-on schedule check
[2024-04-16T09:41:37.888+0000] {local_task_job_runner.py:222} INFO - ::endgroup::
[2024-04-16T09:48:31.336+0000] {local_task_job_runner.py:120} INFO - ::group::Pre task execution logs
[2024-04-16T09:48:31.350+0000] {taskinstance.py:2073} INFO - Dependencies all met for dep_context=non-requeueable deps ti=<TaskInstance: spotify_final_dag.hello2 scheduled__2024-04-16T05:48:00+00:00 [queued]>
[2024-04-16T09:48:31.355+0000] {taskinstance.py:2073} INFO - Dependencies all met for dep_context=requeueable deps ti=<TaskInstance: spotify_final_dag.hello2 scheduled__2024-04-16T05:48:00+00:00 [queued]>
[2024-04-16T09:48:31.356+0000] {taskinstance.py:2303} INFO - Starting attempt 1 of 2
[2024-04-16T09:48:31.366+0000] {taskinstance.py:2327} INFO - Executing <Task(PythonOperator): hello2> on 2024-04-16 05:48:00+00:00
[2024-04-16T09:48:31.373+0000] {warnings.py:110} WARNING - /home/***/.local/lib/python3.12/site-packages/***/task/task_runner/standard_task_runner.py:61: DeprecationWarning: This process (pid=4822) is multi-threaded, use of fork() may lead to deadlocks in the child.
  pid = os.fork()

[2024-04-16T09:48:31.375+0000] {standard_task_runner.py:63} INFO - Started process 4827 to run task
[2024-04-16T09:48:31.375+0000] {standard_task_runner.py:90} INFO - Running: ['***', 'tasks', 'run', 'spotify_final_dag', 'hello2', 'scheduled__2024-04-16T05:48:00+00:00', '--job-id', '1296', '--raw', '--subdir', 'DAGS_FOLDER/dag.py', '--cfg-path', '/tmp/tmptg36j3w7']
[2024-04-16T09:48:31.376+0000] {standard_task_runner.py:91} INFO - Job 1296: Subtask hello2
[2024-04-16T09:48:31.413+0000] {task_command.py:426} INFO - Running <TaskInstance: spotify_final_dag.hello2 scheduled__2024-04-16T05:48:00+00:00 [running]> on host 52651c1f9987
[2024-04-16T09:48:31.482+0000] {taskinstance.py:2644} INFO - Exporting env vars: AIRFLOW_CTX_DAG_OWNER='***' AIRFLOW_CTX_DAG_ID='spotify_final_dag' AIRFLOW_CTX_TASK_ID='hello2' AIRFLOW_CTX_EXECUTION_DATE='2024-04-16T05:48:00+00:00' AIRFLOW_CTX_TRY_NUMBER='1' AIRFLOW_CTX_DAG_RUN_ID='scheduled__2024-04-16T05:48:00+00:00'
[2024-04-16T09:48:31.483+0000] {taskinstance.py:430} INFO - ::endgroup::
[2024-04-16T09:48:31.879+0000] {logging_mixin.py:188} INFO - Connection successful
[2024-04-16T09:48:32.291+0000] {logging_mixin.py:188} INFO - Connection successful
[2024-04-16T09:48:32.799+0000] {logging_mixin.py:188} INFO - Connection successful
[2024-04-16T09:48:32.802+0000] {logging_mixin.py:188} INFO - Null Not Found
[2024-04-16T09:48:32.803+0000] {logging_mixin.py:188} INFO - Null Not Found
[2024-04-16T09:48:32.811+0000] {logging_mixin.py:188} INFO - Null Not Found
[2024-04-16T09:48:32.812+0000] {logging_mixin.py:188} INFO - Null Not Found
[2024-04-16T09:48:32.813+0000] {logging_mixin.py:188} INFO - Null Not Found
[2024-04-16T09:48:32.814+0000] {logging_mixin.py:188} INFO - Null Not Found
[2024-04-16T09:48:32.815+0000] {python.py:237} INFO - Done. Returned value was: None
[2024-04-16T09:48:32.815+0000] {taskinstance.py:441} INFO - ::group::Post task execution logs
[2024-04-16T09:48:32.823+0000] {taskinstance.py:1205} INFO - Marking task as SUCCESS. dag_id=spotify_final_dag, task_id=hello2, execution_date=20240416T054800, start_date=20240416T094831, end_date=20240416T094832
[2024-04-16T09:48:32.875+0000] {local_task_job_runner.py:240} INFO - Task exited with return code 0
[2024-04-16T09:48:32.888+0000] {taskinstance.py:3482} INFO - 0 downstream tasks scheduled from follow-on schedule check
[2024-04-16T09:48:32.891+0000] {local_task_job_runner.py:222} INFO - ::endgroup::
