[2024-04-16T09:40:36.868+0000] {local_task_job_runner.py:120} INFO - ::group::Pre task execution logs
[2024-04-16T09:40:36.900+0000] {taskinstance.py:2073} INFO - Dependencies all met for dep_context=non-requeueable deps ti=<TaskInstance: spotify_final_dag.hello2 scheduled__2024-04-16T04:13:00+00:00 [queued]>
[2024-04-16T09:40:36.914+0000] {taskinstance.py:2073} INFO - Dependencies all met for dep_context=requeueable deps ti=<TaskInstance: spotify_final_dag.hello2 scheduled__2024-04-16T04:13:00+00:00 [queued]>
[2024-04-16T09:40:36.915+0000] {taskinstance.py:2303} INFO - Starting attempt 1 of 2
[2024-04-16T09:40:36.934+0000] {taskinstance.py:2327} INFO - Executing <Task(PythonOperator): hello2> on 2024-04-16 04:13:00+00:00
[2024-04-16T09:40:36.946+0000] {warnings.py:110} WARNING - /home/***/.local/lib/python3.12/site-packages/***/task/task_runner/standard_task_runner.py:61: DeprecationWarning: This process (pid=2719) is multi-threaded, use of fork() may lead to deadlocks in the child.
  pid = os.fork()

[2024-04-16T09:40:36.948+0000] {standard_task_runner.py:90} INFO - Running: ['***', 'tasks', 'run', 'spotify_final_dag', 'hello2', 'scheduled__2024-04-16T04:13:00+00:00', '--job-id', '632', '--raw', '--subdir', 'DAGS_FOLDER/dag.py', '--cfg-path', '/tmp/tmpanzv2evz']
[2024-04-16T09:40:36.951+0000] {standard_task_runner.py:63} INFO - Started process 2748 to run task
[2024-04-16T09:40:36.951+0000] {standard_task_runner.py:91} INFO - Job 632: Subtask hello2
[2024-04-16T09:40:37.007+0000] {task_command.py:426} INFO - Running <TaskInstance: spotify_final_dag.hello2 scheduled__2024-04-16T04:13:00+00:00 [running]> on host 52651c1f9987
[2024-04-16T09:40:37.123+0000] {taskinstance.py:2644} INFO - Exporting env vars: AIRFLOW_CTX_DAG_OWNER='***' AIRFLOW_CTX_DAG_ID='spotify_final_dag' AIRFLOW_CTX_TASK_ID='hello2' AIRFLOW_CTX_EXECUTION_DATE='2024-04-16T04:13:00+00:00' AIRFLOW_CTX_TRY_NUMBER='1' AIRFLOW_CTX_DAG_RUN_ID='scheduled__2024-04-16T04:13:00+00:00'
[2024-04-16T09:40:37.126+0000] {taskinstance.py:430} INFO - ::endgroup::
[2024-04-16T09:40:37.574+0000] {logging_mixin.py:188} INFO - Connection successful
[2024-04-16T09:40:38.022+0000] {logging_mixin.py:188} INFO - Connection successful
[2024-04-16T09:40:38.491+0000] {logging_mixin.py:188} INFO - Connection successful
[2024-04-16T09:40:38.495+0000] {logging_mixin.py:188} INFO - Null Not Found
[2024-04-16T09:40:38.496+0000] {logging_mixin.py:188} INFO - Null Not Found
[2024-04-16T09:40:38.506+0000] {logging_mixin.py:188} INFO - Null Not Found
[2024-04-16T09:40:38.507+0000] {logging_mixin.py:188} INFO - Null Not Found
[2024-04-16T09:40:38.508+0000] {logging_mixin.py:188} INFO - Null Not Found
[2024-04-16T09:40:38.509+0000] {logging_mixin.py:188} INFO - Null Not Found
[2024-04-16T09:40:38.511+0000] {python.py:237} INFO - Done. Returned value was: None
[2024-04-16T09:40:38.511+0000] {taskinstance.py:441} INFO - ::group::Post task execution logs
[2024-04-16T09:40:38.519+0000] {taskinstance.py:1205} INFO - Marking task as SUCCESS. dag_id=spotify_final_dag, task_id=hello2, execution_date=20240416T041300, start_date=20240416T094036, end_date=20240416T094038
[2024-04-16T09:40:38.571+0000] {local_task_job_runner.py:240} INFO - Task exited with return code 0
[2024-04-16T09:40:38.586+0000] {taskinstance.py:3482} INFO - 0 downstream tasks scheduled from follow-on schedule check
[2024-04-16T09:40:38.588+0000] {local_task_job_runner.py:222} INFO - ::endgroup::
