[2024-04-16T09:40:17.277+0000] {local_task_job_runner.py:120} INFO - ::group::Pre task execution logs
[2024-04-16T09:40:17.301+0000] {taskinstance.py:2073} INFO - Dependencies all met for dep_context=non-requeueable deps ti=<TaskInstance: spotify_final_dag.hello2 scheduled__2024-04-16T03:44:00+00:00 [queued]>
[2024-04-16T09:40:17.310+0000] {taskinstance.py:2073} INFO - Dependencies all met for dep_context=requeueable deps ti=<TaskInstance: spotify_final_dag.hello2 scheduled__2024-04-16T03:44:00+00:00 [queued]>
[2024-04-16T09:40:17.310+0000] {taskinstance.py:2303} INFO - Starting attempt 1 of 2
[2024-04-16T09:40:17.390+0000] {taskinstance.py:2327} INFO - Executing <Task(PythonOperator): hello2> on 2024-04-16 03:44:00+00:00
[2024-04-16T09:40:17.402+0000] {warnings.py:110} WARNING - /home/***/.local/lib/python3.12/site-packages/***/task/task_runner/standard_task_runner.py:61: DeprecationWarning: This process (pid=2538) is multi-threaded, use of fork() may lead to deadlocks in the child.
  pid = os.fork()

[2024-04-16T09:40:17.403+0000] {standard_task_runner.py:63} INFO - Started process 2567 to run task
[2024-04-16T09:40:17.405+0000] {standard_task_runner.py:90} INFO - Running: ['***', 'tasks', 'run', 'spotify_final_dag', 'hello2', 'scheduled__2024-04-16T03:44:00+00:00', '--job-id', '575', '--raw', '--subdir', 'DAGS_FOLDER/dag.py', '--cfg-path', '/tmp/tmpuvz_r4cv']
[2024-04-16T09:40:17.406+0000] {standard_task_runner.py:91} INFO - Job 575: Subtask hello2
[2024-04-16T09:40:17.465+0000] {task_command.py:426} INFO - Running <TaskInstance: spotify_final_dag.hello2 scheduled__2024-04-16T03:44:00+00:00 [running]> on host 52651c1f9987
[2024-04-16T09:40:17.571+0000] {taskinstance.py:2644} INFO - Exporting env vars: AIRFLOW_CTX_DAG_OWNER='***' AIRFLOW_CTX_DAG_ID='spotify_final_dag' AIRFLOW_CTX_TASK_ID='hello2' AIRFLOW_CTX_EXECUTION_DATE='2024-04-16T03:44:00+00:00' AIRFLOW_CTX_TRY_NUMBER='1' AIRFLOW_CTX_DAG_RUN_ID='scheduled__2024-04-16T03:44:00+00:00'
[2024-04-16T09:40:17.573+0000] {taskinstance.py:430} INFO - ::endgroup::
[2024-04-16T09:40:18.122+0000] {logging_mixin.py:188} INFO - Connection successful
[2024-04-16T09:40:18.544+0000] {logging_mixin.py:188} INFO - Connection successful
[2024-04-16T09:40:18.964+0000] {logging_mixin.py:188} INFO - Connection successful
[2024-04-16T09:40:18.967+0000] {logging_mixin.py:188} INFO - Null Not Found
[2024-04-16T09:40:18.968+0000] {logging_mixin.py:188} INFO - Null Not Found
[2024-04-16T09:40:18.977+0000] {logging_mixin.py:188} INFO - Null Not Found
[2024-04-16T09:40:18.978+0000] {logging_mixin.py:188} INFO - Null Not Found
[2024-04-16T09:40:18.980+0000] {logging_mixin.py:188} INFO - Null Not Found
[2024-04-16T09:40:18.981+0000] {logging_mixin.py:188} INFO - Null Not Found
[2024-04-16T09:40:18.982+0000] {python.py:237} INFO - Done. Returned value was: None
[2024-04-16T09:40:18.983+0000] {taskinstance.py:441} INFO - ::group::Post task execution logs
[2024-04-16T09:40:18.991+0000] {taskinstance.py:1205} INFO - Marking task as SUCCESS. dag_id=spotify_final_dag, task_id=hello2, execution_date=20240416T034400, start_date=20240416T094017, end_date=20240416T094018
[2024-04-16T09:40:19.024+0000] {local_task_job_runner.py:240} INFO - Task exited with return code 0
[2024-04-16T09:40:19.037+0000] {taskinstance.py:3482} INFO - 0 downstream tasks scheduled from follow-on schedule check
[2024-04-16T09:40:19.039+0000] {local_task_job_runner.py:222} INFO - ::endgroup::
[2024-04-16T09:47:58.041+0000] {local_task_job_runner.py:120} INFO - ::group::Pre task execution logs
[2024-04-16T09:47:58.064+0000] {taskinstance.py:2073} INFO - Dependencies all met for dep_context=non-requeueable deps ti=<TaskInstance: spotify_final_dag.hello2 scheduled__2024-04-16T03:44:00+00:00 [queued]>
[2024-04-16T09:47:58.073+0000] {taskinstance.py:2073} INFO - Dependencies all met for dep_context=requeueable deps ti=<TaskInstance: spotify_final_dag.hello2 scheduled__2024-04-16T03:44:00+00:00 [queued]>
[2024-04-16T09:47:58.073+0000] {taskinstance.py:2303} INFO - Starting attempt 1 of 2
[2024-04-16T09:47:58.087+0000] {taskinstance.py:2327} INFO - Executing <Task(PythonOperator): hello2> on 2024-04-16 03:44:00+00:00
[2024-04-16T09:47:58.096+0000] {warnings.py:110} WARNING - /home/***/.local/lib/python3.12/site-packages/***/task/task_runner/standard_task_runner.py:61: DeprecationWarning: This process (pid=4468) is multi-threaded, use of fork() may lead to deadlocks in the child.
  pid = os.fork()

[2024-04-16T09:47:58.097+0000] {standard_task_runner.py:63} INFO - Started process 4498 to run task
[2024-04-16T09:47:58.098+0000] {standard_task_runner.py:90} INFO - Running: ['***', 'tasks', 'run', 'spotify_final_dag', 'hello2', 'scheduled__2024-04-16T03:44:00+00:00', '--job-id', '1182', '--raw', '--subdir', 'DAGS_FOLDER/dag.py', '--cfg-path', '/tmp/tmptu_u3m4_']
[2024-04-16T09:47:58.100+0000] {standard_task_runner.py:91} INFO - Job 1182: Subtask hello2
[2024-04-16T09:47:58.155+0000] {task_command.py:426} INFO - Running <TaskInstance: spotify_final_dag.hello2 scheduled__2024-04-16T03:44:00+00:00 [running]> on host 52651c1f9987
[2024-04-16T09:47:58.301+0000] {taskinstance.py:2644} INFO - Exporting env vars: AIRFLOW_CTX_DAG_OWNER='***' AIRFLOW_CTX_DAG_ID='spotify_final_dag' AIRFLOW_CTX_TASK_ID='hello2' AIRFLOW_CTX_EXECUTION_DATE='2024-04-16T03:44:00+00:00' AIRFLOW_CTX_TRY_NUMBER='1' AIRFLOW_CTX_DAG_RUN_ID='scheduled__2024-04-16T03:44:00+00:00'
[2024-04-16T09:47:58.303+0000] {taskinstance.py:430} INFO - ::endgroup::
[2024-04-16T09:47:58.791+0000] {logging_mixin.py:188} INFO - Connection successful
[2024-04-16T09:47:59.205+0000] {logging_mixin.py:188} INFO - Connection successful
[2024-04-16T09:47:59.672+0000] {logging_mixin.py:188} INFO - Connection successful
[2024-04-16T09:47:59.677+0000] {logging_mixin.py:188} INFO - Null Not Found
[2024-04-16T09:47:59.678+0000] {logging_mixin.py:188} INFO - Null Not Found
[2024-04-16T09:47:59.690+0000] {logging_mixin.py:188} INFO - Null Not Found
[2024-04-16T09:47:59.691+0000] {logging_mixin.py:188} INFO - Null Not Found
[2024-04-16T09:47:59.692+0000] {logging_mixin.py:188} INFO - Null Not Found
[2024-04-16T09:47:59.692+0000] {logging_mixin.py:188} INFO - Null Not Found
[2024-04-16T09:47:59.693+0000] {python.py:237} INFO - Done. Returned value was: None
[2024-04-16T09:47:59.694+0000] {taskinstance.py:441} INFO - ::group::Post task execution logs
[2024-04-16T09:47:59.704+0000] {taskinstance.py:1205} INFO - Marking task as SUCCESS. dag_id=spotify_final_dag, task_id=hello2, execution_date=20240416T034400, start_date=20240416T094758, end_date=20240416T094759
[2024-04-16T09:47:59.798+0000] {local_task_job_runner.py:240} INFO - Task exited with return code 0
[2024-04-16T09:47:59.813+0000] {taskinstance.py:3482} INFO - 0 downstream tasks scheduled from follow-on schedule check
[2024-04-16T09:47:59.816+0000] {local_task_job_runner.py:222} INFO - ::endgroup::
