[2024-04-17T07:30:30.556+0000] {local_task_job_runner.py:120} INFO - ::group::Pre task execution logs
[2024-04-17T07:30:30.582+0000] {taskinstance.py:2073} INFO - Dependencies all met for dep_context=non-requeueable deps ti=<TaskInstance: etl_for_spotify.hello2 scheduled__2024-04-16T04:04:00+00:00 [queued]>
[2024-04-17T07:30:30.595+0000] {taskinstance.py:2073} INFO - Dependencies all met for dep_context=requeueable deps ti=<TaskInstance: etl_for_spotify.hello2 scheduled__2024-04-16T04:04:00+00:00 [queued]>
[2024-04-17T07:30:30.596+0000] {taskinstance.py:2303} INFO - Starting attempt 1 of 2
[2024-04-17T07:30:30.615+0000] {taskinstance.py:2327} INFO - Executing <Task(PythonOperator): hello2> on 2024-04-16 04:04:00+00:00
[2024-04-17T07:30:30.628+0000] {warnings.py:110} WARNING - /home/***/.local/lib/python3.12/site-packages/***/task/task_runner/standard_task_runner.py:61: DeprecationWarning: This process (pid=6131) is multi-threaded, use of fork() may lead to deadlocks in the child.
  pid = os.fork()

[2024-04-17T07:30:30.629+0000] {standard_task_runner.py:90} INFO - Running: ['***', 'tasks', 'run', 'etl_for_spotify', 'hello2', 'scheduled__2024-04-16T04:04:00+00:00', '--job-id', '3021', '--raw', '--subdir', 'DAGS_FOLDER/dag.py', '--cfg-path', '/tmp/tmp5j93os_6']
[2024-04-17T07:30:30.631+0000] {standard_task_runner.py:63} INFO - Started process 6150 to run task
[2024-04-17T07:30:30.631+0000] {standard_task_runner.py:91} INFO - Job 3021: Subtask hello2
[2024-04-17T07:30:30.694+0000] {task_command.py:426} INFO - Running <TaskInstance: etl_for_spotify.hello2 scheduled__2024-04-16T04:04:00+00:00 [running]> on host 52651c1f9987
[2024-04-17T07:30:30.825+0000] {taskinstance.py:2644} INFO - Exporting env vars: AIRFLOW_CTX_DAG_OWNER='***' AIRFLOW_CTX_DAG_ID='etl_for_spotify' AIRFLOW_CTX_TASK_ID='hello2' AIRFLOW_CTX_EXECUTION_DATE='2024-04-16T04:04:00+00:00' AIRFLOW_CTX_TRY_NUMBER='1' AIRFLOW_CTX_DAG_RUN_ID='scheduled__2024-04-16T04:04:00+00:00'
[2024-04-17T07:30:30.829+0000] {taskinstance.py:430} INFO - ::endgroup::
[2024-04-17T07:30:31.295+0000] {logging_mixin.py:188} INFO - Connection successful
[2024-04-17T07:30:31.763+0000] {logging_mixin.py:188} INFO - Connection successful
[2024-04-17T07:30:32.199+0000] {logging_mixin.py:188} INFO - Connection successful
[2024-04-17T07:30:32.205+0000] {logging_mixin.py:188} INFO - Null Not Found
[2024-04-17T07:30:32.206+0000] {logging_mixin.py:188} INFO - Null Not Found
[2024-04-17T07:30:32.221+0000] {logging_mixin.py:188} INFO - Null Not Found
[2024-04-17T07:30:32.222+0000] {logging_mixin.py:188} INFO - Null Not Found
[2024-04-17T07:30:32.224+0000] {logging_mixin.py:188} INFO - Null Not Found
[2024-04-17T07:30:32.225+0000] {logging_mixin.py:188} INFO - Null Not Found
[2024-04-17T07:30:32.228+0000] {python.py:237} INFO - Done. Returned value was: None
[2024-04-17T07:30:32.229+0000] {taskinstance.py:441} INFO - ::group::Post task execution logs
[2024-04-17T07:30:32.238+0000] {taskinstance.py:1205} INFO - Marking task as SUCCESS. dag_id=etl_for_spotify, task_id=hello2, execution_date=20240416T040400, start_date=20240417T073030, end_date=20240417T073032
[2024-04-17T07:30:32.292+0000] {local_task_job_runner.py:240} INFO - Task exited with return code 0
[2024-04-17T07:30:32.304+0000] {taskinstance.py:3482} INFO - 0 downstream tasks scheduled from follow-on schedule check
[2024-04-17T07:30:32.306+0000] {local_task_job_runner.py:222} INFO - ::endgroup::
