[2024-04-16T09:37:49.945+0000] {local_task_job_runner.py:120} INFO - ::group::Pre task execution logs
[2024-04-16T09:37:49.961+0000] {taskinstance.py:2073} INFO - Dependencies all met for dep_context=non-requeueable deps ti=<TaskInstance: spotify_final_dag.hello2 scheduled__2024-04-16T00:14:00+00:00 [queued]>
[2024-04-16T09:37:49.967+0000] {taskinstance.py:2073} INFO - Dependencies all met for dep_context=requeueable deps ti=<TaskInstance: spotify_final_dag.hello2 scheduled__2024-04-16T00:14:00+00:00 [queued]>
[2024-04-16T09:37:49.968+0000] {taskinstance.py:2303} INFO - Starting attempt 1 of 2
[2024-04-16T09:37:49.983+0000] {taskinstance.py:2327} INFO - Executing <Task(PythonOperator): hello2> on 2024-04-16 00:14:00+00:00
[2024-04-16T09:37:49.993+0000] {warnings.py:110} WARNING - /home/***/.local/lib/python3.12/site-packages/***/task/task_runner/standard_task_runner.py:61: DeprecationWarning: This process (pid=1222) is multi-threaded, use of fork() may lead to deadlocks in the child.
  pid = os.fork()

[2024-04-16T09:37:49.994+0000] {standard_task_runner.py:63} INFO - Started process 1235 to run task
[2024-04-16T09:37:49.995+0000] {standard_task_runner.py:90} INFO - Running: ['***', 'tasks', 'run', 'spotify_final_dag', 'hello2', 'scheduled__2024-04-16T00:14:00+00:00', '--job-id', '144', '--raw', '--subdir', 'DAGS_FOLDER/dag.py', '--cfg-path', '/tmp/tmp6wnzqivk']
[2024-04-16T09:37:49.997+0000] {standard_task_runner.py:91} INFO - Job 144: Subtask hello2
[2024-04-16T09:37:50.040+0000] {task_command.py:426} INFO - Running <TaskInstance: spotify_final_dag.hello2 scheduled__2024-04-16T00:14:00+00:00 [running]> on host 52651c1f9987
[2024-04-16T09:37:50.140+0000] {taskinstance.py:2644} INFO - Exporting env vars: AIRFLOW_CTX_DAG_OWNER='***' AIRFLOW_CTX_DAG_ID='spotify_final_dag' AIRFLOW_CTX_TASK_ID='hello2' AIRFLOW_CTX_EXECUTION_DATE='2024-04-16T00:14:00+00:00' AIRFLOW_CTX_TRY_NUMBER='1' AIRFLOW_CTX_DAG_RUN_ID='scheduled__2024-04-16T00:14:00+00:00'
[2024-04-16T09:37:50.141+0000] {taskinstance.py:430} INFO - ::endgroup::
[2024-04-16T09:37:50.549+0000] {logging_mixin.py:188} INFO - Connection successful
[2024-04-16T09:37:51.012+0000] {logging_mixin.py:188} INFO - Connection successful
[2024-04-16T09:37:51.407+0000] {logging_mixin.py:188} INFO - Connection successful
[2024-04-16T09:37:51.413+0000] {logging_mixin.py:188} INFO - Null Not Found
[2024-04-16T09:37:51.414+0000] {logging_mixin.py:188} INFO - Null Not Found
[2024-04-16T09:37:51.424+0000] {logging_mixin.py:188} INFO - Null Not Found
[2024-04-16T09:37:51.425+0000] {logging_mixin.py:188} INFO - Null Not Found
[2024-04-16T09:37:51.427+0000] {logging_mixin.py:188} INFO - Null Not Found
[2024-04-16T09:37:51.428+0000] {logging_mixin.py:188} INFO - Null Not Found
[2024-04-16T09:37:51.429+0000] {python.py:237} INFO - Done. Returned value was: None
[2024-04-16T09:37:51.430+0000] {taskinstance.py:441} INFO - ::group::Post task execution logs
[2024-04-16T09:37:51.438+0000] {taskinstance.py:1205} INFO - Marking task as SUCCESS. dag_id=spotify_final_dag, task_id=hello2, execution_date=20240416T001400, start_date=20240416T093749, end_date=20240416T093751
[2024-04-16T09:37:51.492+0000] {local_task_job_runner.py:240} INFO - Task exited with return code 0
[2024-04-16T09:37:51.505+0000] {taskinstance.py:3482} INFO - 0 downstream tasks scheduled from follow-on schedule check
[2024-04-16T09:37:51.507+0000] {local_task_job_runner.py:222} INFO - ::endgroup::
[2024-04-16T09:44:32.169+0000] {local_task_job_runner.py:120} INFO - ::group::Pre task execution logs
[2024-04-16T09:44:32.191+0000] {taskinstance.py:2073} INFO - Dependencies all met for dep_context=non-requeueable deps ti=<TaskInstance: spotify_final_dag.hello2 scheduled__2024-04-16T00:14:00+00:00 [queued]>
[2024-04-16T09:44:32.199+0000] {taskinstance.py:2073} INFO - Dependencies all met for dep_context=requeueable deps ti=<TaskInstance: spotify_final_dag.hello2 scheduled__2024-04-16T00:14:00+00:00 [queued]>
[2024-04-16T09:44:32.200+0000] {taskinstance.py:2303} INFO - Starting attempt 1 of 2
[2024-04-16T09:44:32.211+0000] {taskinstance.py:2327} INFO - Executing <Task(PythonOperator): hello2> on 2024-04-16 00:14:00+00:00
[2024-04-16T09:44:32.218+0000] {warnings.py:110} WARNING - /home/***/.local/lib/python3.12/site-packages/***/task/task_runner/standard_task_runner.py:61: DeprecationWarning: This process (pid=3635) is multi-threaded, use of fork() may lead to deadlocks in the child.
  pid = os.fork()

[2024-04-16T09:44:32.219+0000] {standard_task_runner.py:63} INFO - Started process 3663 to run task
[2024-04-16T09:44:32.219+0000] {standard_task_runner.py:90} INFO - Running: ['***', 'tasks', 'run', 'spotify_final_dag', 'hello2', 'scheduled__2024-04-16T00:14:00+00:00', '--job-id', '922', '--raw', '--subdir', 'DAGS_FOLDER/dag.py', '--cfg-path', '/tmp/tmpdfcrobb6']
[2024-04-16T09:44:32.220+0000] {standard_task_runner.py:91} INFO - Job 922: Subtask hello2
[2024-04-16T09:44:32.258+0000] {task_command.py:426} INFO - Running <TaskInstance: spotify_final_dag.hello2 scheduled__2024-04-16T00:14:00+00:00 [running]> on host 52651c1f9987
[2024-04-16T09:44:32.335+0000] {taskinstance.py:2644} INFO - Exporting env vars: AIRFLOW_CTX_DAG_OWNER='***' AIRFLOW_CTX_DAG_ID='spotify_final_dag' AIRFLOW_CTX_TASK_ID='hello2' AIRFLOW_CTX_EXECUTION_DATE='2024-04-16T00:14:00+00:00' AIRFLOW_CTX_TRY_NUMBER='1' AIRFLOW_CTX_DAG_RUN_ID='scheduled__2024-04-16T00:14:00+00:00'
[2024-04-16T09:44:32.337+0000] {taskinstance.py:430} INFO - ::endgroup::
[2024-04-16T09:44:35.888+0000] {logging_mixin.py:188} INFO - There was a problem with the connection. Trial number 1, Status Code: 401
[2024-04-16T09:44:39.166+0000] {logging_mixin.py:188} INFO - There was a problem with the connection. Trial number 2, Status Code: 401
[2024-04-16T09:44:39.169+0000] {taskinstance.py:441} INFO - ::group::Post task execution logs
[2024-04-16T09:44:39.169+0000] {taskinstance.py:2890} ERROR - Task failed with exception
Traceback (most recent call last):
  File "/home/airflow/.local/lib/python3.12/site-packages/airflow/models/taskinstance.py", line 465, in _execute_task
    result = _execute_callable(context=context, **execute_callable_kwargs)
             ^^^^^^^^^^^^^^^^^^^^^^^^^^^^^^^^^^^^^^^^^^^^^^^^^^^^^^^^^^^^^
  File "/home/airflow/.local/lib/python3.12/site-packages/airflow/models/taskinstance.py", line 432, in _execute_callable
    return execute_callable(context=context, **execute_callable_kwargs)
           ^^^^^^^^^^^^^^^^^^^^^^^^^^^^^^^^^^^^^^^^^^^^^^^^^^^^^^^^^^^^
  File "/home/airflow/.local/lib/python3.12/site-packages/airflow/models/baseoperator.py", line 400, in wrapper
    return func(self, *args, **kwargs)
           ^^^^^^^^^^^^^^^^^^^^^^^^^^^
  File "/home/airflow/.local/lib/python3.12/site-packages/airflow/operators/python.py", line 235, in execute
    return_value = self.execute_callable()
                   ^^^^^^^^^^^^^^^^^^^^^^^
  File "/home/airflow/.local/lib/python3.12/site-packages/airflow/operators/python.py", line 252, in execute_callable
    return self.python_callable(*self.op_args, **self.op_kwargs)
           ^^^^^^^^^^^^^^^^^^^^^^^^^^^^^^^^^^^^^^^^^^^^^^^^^^^^^
  File "/opt/airflow/dags/get_data.py", line 95, in processes
    album_data = get_album(connection())
                 ^^^^^^^^^^^^^^^^^^^^^^^
  File "/opt/airflow/dags/get_data.py", line 11, in get_album
    for album in data["items"]:
                 ~~~~^^^^^^^^^
TypeError: 'NoneType' object is not subscriptable
[2024-04-16T09:44:39.178+0000] {taskinstance.py:1205} INFO - Marking task as UP_FOR_RETRY. dag_id=spotify_final_dag, task_id=hello2, execution_date=20240416T001400, start_date=20240416T094432, end_date=20240416T094439
[2024-04-16T09:44:39.203+0000] {standard_task_runner.py:110} ERROR - Failed to execute job 922 for task hello2 ('NoneType' object is not subscriptable; 3663)
[2024-04-16T09:44:39.225+0000] {local_task_job_runner.py:240} INFO - Task exited with return code 1
[2024-04-16T09:44:39.238+0000] {taskinstance.py:3482} INFO - 0 downstream tasks scheduled from follow-on schedule check
[2024-04-16T09:44:39.240+0000] {local_task_job_runner.py:222} INFO - ::endgroup::
[2024-04-16T09:46:46.831+0000] {local_task_job_runner.py:120} INFO - ::group::Pre task execution logs
[2024-04-16T09:46:46.863+0000] {taskinstance.py:2073} INFO - Dependencies all met for dep_context=non-requeueable deps ti=<TaskInstance: spotify_final_dag.hello2 scheduled__2024-04-16T00:14:00+00:00 [queued]>
[2024-04-16T09:46:46.876+0000] {taskinstance.py:2073} INFO - Dependencies all met for dep_context=requeueable deps ti=<TaskInstance: spotify_final_dag.hello2 scheduled__2024-04-16T00:14:00+00:00 [queued]>
[2024-04-16T09:46:46.877+0000] {taskinstance.py:2303} INFO - Starting attempt 1 of 2
[2024-04-16T09:46:46.898+0000] {taskinstance.py:2327} INFO - Executing <Task(PythonOperator): hello2> on 2024-04-16 00:14:00+00:00
[2024-04-16T09:46:46.907+0000] {warnings.py:110} WARNING - /home/***/.local/lib/python3.12/site-packages/***/task/task_runner/standard_task_runner.py:61: DeprecationWarning: This process (pid=3806) is multi-threaded, use of fork() may lead to deadlocks in the child.
  pid = os.fork()

[2024-04-16T09:46:46.908+0000] {standard_task_runner.py:63} INFO - Started process 3835 to run task
[2024-04-16T09:46:46.908+0000] {standard_task_runner.py:90} INFO - Running: ['***', 'tasks', 'run', 'spotify_final_dag', 'hello2', 'scheduled__2024-04-16T00:14:00+00:00', '--job-id', '969', '--raw', '--subdir', 'DAGS_FOLDER/dag.py', '--cfg-path', '/tmp/tmp6xx99wiq']
[2024-04-16T09:46:46.910+0000] {standard_task_runner.py:91} INFO - Job 969: Subtask hello2
[2024-04-16T09:46:46.959+0000] {task_command.py:426} INFO - Running <TaskInstance: spotify_final_dag.hello2 scheduled__2024-04-16T00:14:00+00:00 [running]> on host 52651c1f9987
[2024-04-16T09:46:47.052+0000] {taskinstance.py:2644} INFO - Exporting env vars: AIRFLOW_CTX_DAG_OWNER='***' AIRFLOW_CTX_DAG_ID='spotify_final_dag' AIRFLOW_CTX_TASK_ID='hello2' AIRFLOW_CTX_EXECUTION_DATE='2024-04-16T00:14:00+00:00' AIRFLOW_CTX_TRY_NUMBER='1' AIRFLOW_CTX_DAG_RUN_ID='scheduled__2024-04-16T00:14:00+00:00'
[2024-04-16T09:46:47.053+0000] {taskinstance.py:430} INFO - ::endgroup::
[2024-04-16T09:46:47.533+0000] {logging_mixin.py:188} INFO - Connection successful
[2024-04-16T09:46:48.016+0000] {logging_mixin.py:188} INFO - Connection successful
[2024-04-16T09:46:48.455+0000] {logging_mixin.py:188} INFO - Connection successful
[2024-04-16T09:46:48.458+0000] {logging_mixin.py:188} INFO - Null Not Found
[2024-04-16T09:46:48.460+0000] {logging_mixin.py:188} INFO - Null Not Found
[2024-04-16T09:46:48.469+0000] {logging_mixin.py:188} INFO - Null Not Found
[2024-04-16T09:46:48.470+0000] {logging_mixin.py:188} INFO - Null Not Found
[2024-04-16T09:46:48.472+0000] {logging_mixin.py:188} INFO - Null Not Found
[2024-04-16T09:46:48.472+0000] {logging_mixin.py:188} INFO - Null Not Found
[2024-04-16T09:46:48.474+0000] {python.py:237} INFO - Done. Returned value was: None
[2024-04-16T09:46:48.475+0000] {taskinstance.py:441} INFO - ::group::Post task execution logs
[2024-04-16T09:46:48.483+0000] {taskinstance.py:1205} INFO - Marking task as SUCCESS. dag_id=spotify_final_dag, task_id=hello2, execution_date=20240416T001400, start_date=20240416T094646, end_date=20240416T094648
[2024-04-16T09:46:48.526+0000] {local_task_job_runner.py:240} INFO - Task exited with return code 0
[2024-04-16T09:46:48.542+0000] {taskinstance.py:3482} INFO - 0 downstream tasks scheduled from follow-on schedule check
[2024-04-16T09:46:48.544+0000] {local_task_job_runner.py:222} INFO - ::endgroup::
