[2024-04-16T09:41:25.528+0000] {local_task_job_runner.py:120} INFO - ::group::Pre task execution logs
[2024-04-16T09:41:25.561+0000] {taskinstance.py:2073} INFO - Dependencies all met for dep_context=non-requeueable deps ti=<TaskInstance: spotify_final_dag.hello2 scheduled__2024-04-16T05:30:00+00:00 [queued]>
[2024-04-16T09:41:25.574+0000] {taskinstance.py:2073} INFO - Dependencies all met for dep_context=requeueable deps ti=<TaskInstance: spotify_final_dag.hello2 scheduled__2024-04-16T05:30:00+00:00 [queued]>
[2024-04-16T09:41:25.576+0000] {taskinstance.py:2303} INFO - Starting attempt 1 of 2
[2024-04-16T09:41:25.594+0000] {taskinstance.py:2327} INFO - Executing <Task(PythonOperator): hello2> on 2024-04-16 05:30:00+00:00
[2024-04-16T09:41:25.606+0000] {warnings.py:110} WARNING - /home/***/.local/lib/python3.12/site-packages/***/task/task_runner/standard_task_runner.py:61: DeprecationWarning: This process (pid=3199) is multi-threaded, use of fork() may lead to deadlocks in the child.
  pid = os.fork()

[2024-04-16T09:41:25.608+0000] {standard_task_runner.py:63} INFO - Started process 3228 to run task
[2024-04-16T09:41:25.608+0000] {standard_task_runner.py:90} INFO - Running: ['***', 'tasks', 'run', 'spotify_final_dag', 'hello2', 'scheduled__2024-04-16T05:30:00+00:00', '--job-id', '789', '--raw', '--subdir', 'DAGS_FOLDER/dag.py', '--cfg-path', '/tmp/tmp6ks0rf43']
[2024-04-16T09:41:25.610+0000] {standard_task_runner.py:91} INFO - Job 789: Subtask hello2
[2024-04-16T09:41:25.667+0000] {task_command.py:426} INFO - Running <TaskInstance: spotify_final_dag.hello2 scheduled__2024-04-16T05:30:00+00:00 [running]> on host 52651c1f9987
[2024-04-16T09:41:25.791+0000] {taskinstance.py:2644} INFO - Exporting env vars: AIRFLOW_CTX_DAG_OWNER='***' AIRFLOW_CTX_DAG_ID='spotify_final_dag' AIRFLOW_CTX_TASK_ID='hello2' AIRFLOW_CTX_EXECUTION_DATE='2024-04-16T05:30:00+00:00' AIRFLOW_CTX_TRY_NUMBER='1' AIRFLOW_CTX_DAG_RUN_ID='scheduled__2024-04-16T05:30:00+00:00'
[2024-04-16T09:41:25.793+0000] {taskinstance.py:430} INFO - ::endgroup::
[2024-04-16T09:41:26.250+0000] {logging_mixin.py:188} INFO - Connection successful
[2024-04-16T09:41:26.700+0000] {logging_mixin.py:188} INFO - Connection successful
[2024-04-16T09:41:27.152+0000] {logging_mixin.py:188} INFO - Connection successful
[2024-04-16T09:41:27.156+0000] {logging_mixin.py:188} INFO - Null Not Found
[2024-04-16T09:41:27.157+0000] {logging_mixin.py:188} INFO - Null Not Found
[2024-04-16T09:41:27.167+0000] {logging_mixin.py:188} INFO - Null Not Found
[2024-04-16T09:41:27.167+0000] {logging_mixin.py:188} INFO - Null Not Found
[2024-04-16T09:41:27.169+0000] {logging_mixin.py:188} INFO - Null Not Found
[2024-04-16T09:41:27.169+0000] {logging_mixin.py:188} INFO - Null Not Found
[2024-04-16T09:41:27.170+0000] {python.py:237} INFO - Done. Returned value was: None
[2024-04-16T09:41:27.171+0000] {taskinstance.py:441} INFO - ::group::Post task execution logs
[2024-04-16T09:41:27.179+0000] {taskinstance.py:1205} INFO - Marking task as SUCCESS. dag_id=spotify_final_dag, task_id=hello2, execution_date=20240416T053000, start_date=20240416T094125, end_date=20240416T094127
[2024-04-16T09:41:27.231+0000] {local_task_job_runner.py:240} INFO - Task exited with return code 0
[2024-04-16T09:41:27.244+0000] {taskinstance.py:3482} INFO - 0 downstream tasks scheduled from follow-on schedule check
[2024-04-16T09:41:27.247+0000] {local_task_job_runner.py:222} INFO - ::endgroup::
[2024-04-16T09:48:29.079+0000] {local_task_job_runner.py:120} INFO - ::group::Pre task execution logs
[2024-04-16T09:48:29.102+0000] {taskinstance.py:2073} INFO - Dependencies all met for dep_context=non-requeueable deps ti=<TaskInstance: spotify_final_dag.hello2 scheduled__2024-04-16T05:30:00+00:00 [queued]>
[2024-04-16T09:48:29.112+0000] {taskinstance.py:2073} INFO - Dependencies all met for dep_context=requeueable deps ti=<TaskInstance: spotify_final_dag.hello2 scheduled__2024-04-16T05:30:00+00:00 [queued]>
[2024-04-16T09:48:29.113+0000] {taskinstance.py:2303} INFO - Starting attempt 1 of 2
[2024-04-16T09:48:29.206+0000] {taskinstance.py:2327} INFO - Executing <Task(PythonOperator): hello2> on 2024-04-16 05:30:00+00:00
[2024-04-16T09:48:29.216+0000] {warnings.py:110} WARNING - /home/***/.local/lib/python3.12/site-packages/***/task/task_runner/standard_task_runner.py:61: DeprecationWarning: This process (pid=4781) is multi-threaded, use of fork() may lead to deadlocks in the child.
  pid = os.fork()

[2024-04-16T09:48:29.218+0000] {standard_task_runner.py:63} INFO - Started process 4813 to run task
[2024-04-16T09:48:29.219+0000] {standard_task_runner.py:90} INFO - Running: ['***', 'tasks', 'run', 'spotify_final_dag', 'hello2', 'scheduled__2024-04-16T05:30:00+00:00', '--job-id', '1287', '--raw', '--subdir', 'DAGS_FOLDER/dag.py', '--cfg-path', '/tmp/tmp8j46m515']
[2024-04-16T09:48:29.220+0000] {standard_task_runner.py:91} INFO - Job 1287: Subtask hello2
[2024-04-16T09:48:29.270+0000] {task_command.py:426} INFO - Running <TaskInstance: spotify_final_dag.hello2 scheduled__2024-04-16T05:30:00+00:00 [running]> on host 52651c1f9987
[2024-04-16T09:48:29.363+0000] {taskinstance.py:2644} INFO - Exporting env vars: AIRFLOW_CTX_DAG_OWNER='***' AIRFLOW_CTX_DAG_ID='spotify_final_dag' AIRFLOW_CTX_TASK_ID='hello2' AIRFLOW_CTX_EXECUTION_DATE='2024-04-16T05:30:00+00:00' AIRFLOW_CTX_TRY_NUMBER='1' AIRFLOW_CTX_DAG_RUN_ID='scheduled__2024-04-16T05:30:00+00:00'
[2024-04-16T09:48:29.365+0000] {taskinstance.py:430} INFO - ::endgroup::
[2024-04-16T09:48:29.819+0000] {logging_mixin.py:188} INFO - Connection successful
[2024-04-16T09:48:30.308+0000] {logging_mixin.py:188} INFO - Connection successful
[2024-04-16T09:48:30.735+0000] {logging_mixin.py:188} INFO - Connection successful
[2024-04-16T09:48:30.738+0000] {logging_mixin.py:188} INFO - Null Not Found
[2024-04-16T09:48:30.739+0000] {logging_mixin.py:188} INFO - Null Not Found
[2024-04-16T09:48:30.747+0000] {logging_mixin.py:188} INFO - Null Not Found
[2024-04-16T09:48:30.748+0000] {logging_mixin.py:188} INFO - Null Not Found
[2024-04-16T09:48:30.749+0000] {logging_mixin.py:188} INFO - Null Not Found
[2024-04-16T09:48:30.749+0000] {logging_mixin.py:188} INFO - Null Not Found
[2024-04-16T09:48:30.750+0000] {python.py:237} INFO - Done. Returned value was: None
[2024-04-16T09:48:30.751+0000] {taskinstance.py:441} INFO - ::group::Post task execution logs
[2024-04-16T09:48:30.758+0000] {taskinstance.py:1205} INFO - Marking task as SUCCESS. dag_id=spotify_final_dag, task_id=hello2, execution_date=20240416T053000, start_date=20240416T094829, end_date=20240416T094830
[2024-04-16T09:48:30.796+0000] {local_task_job_runner.py:240} INFO - Task exited with return code 0
[2024-04-16T09:48:30.808+0000] {taskinstance.py:3482} INFO - 0 downstream tasks scheduled from follow-on schedule check
[2024-04-16T09:48:30.810+0000] {local_task_job_runner.py:222} INFO - ::endgroup::
