[2024-04-16T09:41:06.704+0000] {local_task_job_runner.py:120} INFO - ::group::Pre task execution logs
[2024-04-16T09:41:06.724+0000] {taskinstance.py:2073} INFO - Dependencies all met for dep_context=non-requeueable deps ti=<TaskInstance: spotify_final_dag.hello2 scheduled__2024-04-16T05:04:00+00:00 [queued]>
[2024-04-16T09:41:06.731+0000] {taskinstance.py:2073} INFO - Dependencies all met for dep_context=requeueable deps ti=<TaskInstance: spotify_final_dag.hello2 scheduled__2024-04-16T05:04:00+00:00 [queued]>
[2024-04-16T09:41:06.731+0000] {taskinstance.py:2303} INFO - Starting attempt 1 of 2
[2024-04-16T09:41:06.746+0000] {taskinstance.py:2327} INFO - Executing <Task(PythonOperator): hello2> on 2024-04-16 05:04:00+00:00
[2024-04-16T09:41:06.755+0000] {warnings.py:110} WARNING - /home/***/.local/lib/python3.12/site-packages/***/task/task_runner/standard_task_runner.py:61: DeprecationWarning: This process (pid=3015) is multi-threaded, use of fork() may lead to deadlocks in the child.
  pid = os.fork()

[2024-04-16T09:41:06.756+0000] {standard_task_runner.py:63} INFO - Started process 3040 to run task
[2024-04-16T09:41:06.756+0000] {standard_task_runner.py:90} INFO - Running: ['***', 'tasks', 'run', 'spotify_final_dag', 'hello2', 'scheduled__2024-04-16T05:04:00+00:00', '--job-id', '730', '--raw', '--subdir', 'DAGS_FOLDER/dag.py', '--cfg-path', '/tmp/tmps3njvyez']
[2024-04-16T09:41:06.757+0000] {standard_task_runner.py:91} INFO - Job 730: Subtask hello2
[2024-04-16T09:41:06.801+0000] {task_command.py:426} INFO - Running <TaskInstance: spotify_final_dag.hello2 scheduled__2024-04-16T05:04:00+00:00 [running]> on host 52651c1f9987
[2024-04-16T09:41:06.896+0000] {taskinstance.py:2644} INFO - Exporting env vars: AIRFLOW_CTX_DAG_OWNER='***' AIRFLOW_CTX_DAG_ID='spotify_final_dag' AIRFLOW_CTX_TASK_ID='hello2' AIRFLOW_CTX_EXECUTION_DATE='2024-04-16T05:04:00+00:00' AIRFLOW_CTX_TRY_NUMBER='1' AIRFLOW_CTX_DAG_RUN_ID='scheduled__2024-04-16T05:04:00+00:00'
[2024-04-16T09:41:06.897+0000] {taskinstance.py:430} INFO - ::endgroup::
[2024-04-16T09:41:07.327+0000] {logging_mixin.py:188} INFO - Connection successful
[2024-04-16T09:41:07.743+0000] {logging_mixin.py:188} INFO - Connection successful
[2024-04-16T09:41:08.211+0000] {logging_mixin.py:188} INFO - Connection successful
[2024-04-16T09:41:08.215+0000] {logging_mixin.py:188} INFO - Null Not Found
[2024-04-16T09:41:08.216+0000] {logging_mixin.py:188} INFO - Null Not Found
[2024-04-16T09:41:08.224+0000] {logging_mixin.py:188} INFO - Null Not Found
[2024-04-16T09:41:08.225+0000] {logging_mixin.py:188} INFO - Null Not Found
[2024-04-16T09:41:08.226+0000] {logging_mixin.py:188} INFO - Null Not Found
[2024-04-16T09:41:08.226+0000] {logging_mixin.py:188} INFO - Null Not Found
[2024-04-16T09:41:08.227+0000] {python.py:237} INFO - Done. Returned value was: None
[2024-04-16T09:41:08.228+0000] {taskinstance.py:441} INFO - ::group::Post task execution logs
[2024-04-16T09:41:08.235+0000] {taskinstance.py:1205} INFO - Marking task as SUCCESS. dag_id=spotify_final_dag, task_id=hello2, execution_date=20240416T050400, start_date=20240416T094106, end_date=20240416T094108
[2024-04-16T09:41:08.334+0000] {local_task_job_runner.py:240} INFO - Task exited with return code 0
[2024-04-16T09:41:08.348+0000] {taskinstance.py:3482} INFO - 0 downstream tasks scheduled from follow-on schedule check
[2024-04-16T09:41:08.350+0000] {local_task_job_runner.py:222} INFO - ::endgroup::
[2024-04-16T09:48:19.585+0000] {local_task_job_runner.py:120} INFO - ::group::Pre task execution logs
[2024-04-16T09:48:19.604+0000] {taskinstance.py:2073} INFO - Dependencies all met for dep_context=non-requeueable deps ti=<TaskInstance: spotify_final_dag.hello2 scheduled__2024-04-16T05:04:00+00:00 [queued]>
[2024-04-16T09:48:19.613+0000] {taskinstance.py:2073} INFO - Dependencies all met for dep_context=requeueable deps ti=<TaskInstance: spotify_final_dag.hello2 scheduled__2024-04-16T05:04:00+00:00 [queued]>
[2024-04-16T09:48:19.613+0000] {taskinstance.py:2303} INFO - Starting attempt 1 of 2
[2024-04-16T09:48:19.726+0000] {taskinstance.py:2327} INFO - Executing <Task(PythonOperator): hello2> on 2024-04-16 05:04:00+00:00
[2024-04-16T09:48:19.735+0000] {warnings.py:110} WARNING - /home/***/.local/lib/python3.12/site-packages/***/task/task_runner/standard_task_runner.py:61: DeprecationWarning: This process (pid=4691) is multi-threaded, use of fork() may lead to deadlocks in the child.
  pid = os.fork()

[2024-04-16T09:48:19.737+0000] {standard_task_runner.py:63} INFO - Started process 4720 to run task
[2024-04-16T09:48:19.737+0000] {standard_task_runner.py:90} INFO - Running: ['***', 'tasks', 'run', 'spotify_final_dag', 'hello2', 'scheduled__2024-04-16T05:04:00+00:00', '--job-id', '1256', '--raw', '--subdir', 'DAGS_FOLDER/dag.py', '--cfg-path', '/tmp/tmpcdkarxwq']
[2024-04-16T09:48:19.738+0000] {standard_task_runner.py:91} INFO - Job 1256: Subtask hello2
[2024-04-16T09:48:19.792+0000] {task_command.py:426} INFO - Running <TaskInstance: spotify_final_dag.hello2 scheduled__2024-04-16T05:04:00+00:00 [running]> on host 52651c1f9987
[2024-04-16T09:48:19.892+0000] {taskinstance.py:2644} INFO - Exporting env vars: AIRFLOW_CTX_DAG_OWNER='***' AIRFLOW_CTX_DAG_ID='spotify_final_dag' AIRFLOW_CTX_TASK_ID='hello2' AIRFLOW_CTX_EXECUTION_DATE='2024-04-16T05:04:00+00:00' AIRFLOW_CTX_TRY_NUMBER='1' AIRFLOW_CTX_DAG_RUN_ID='scheduled__2024-04-16T05:04:00+00:00'
[2024-04-16T09:48:19.894+0000] {taskinstance.py:430} INFO - ::endgroup::
[2024-04-16T09:48:20.365+0000] {logging_mixin.py:188} INFO - Connection successful
[2024-04-16T09:48:20.818+0000] {logging_mixin.py:188} INFO - Connection successful
[2024-04-16T09:48:21.270+0000] {logging_mixin.py:188} INFO - Connection successful
[2024-04-16T09:48:21.273+0000] {logging_mixin.py:188} INFO - Null Not Found
[2024-04-16T09:48:21.274+0000] {logging_mixin.py:188} INFO - Null Not Found
[2024-04-16T09:48:21.283+0000] {logging_mixin.py:188} INFO - Null Not Found
[2024-04-16T09:48:21.284+0000] {logging_mixin.py:188} INFO - Null Not Found
[2024-04-16T09:48:21.285+0000] {logging_mixin.py:188} INFO - Null Not Found
[2024-04-16T09:48:21.286+0000] {logging_mixin.py:188} INFO - Null Not Found
[2024-04-16T09:48:21.287+0000] {python.py:237} INFO - Done. Returned value was: None
[2024-04-16T09:48:21.287+0000] {taskinstance.py:441} INFO - ::group::Post task execution logs
[2024-04-16T09:48:21.296+0000] {taskinstance.py:1205} INFO - Marking task as SUCCESS. dag_id=spotify_final_dag, task_id=hello2, execution_date=20240416T050400, start_date=20240416T094819, end_date=20240416T094821
[2024-04-16T09:48:21.396+0000] {local_task_job_runner.py:240} INFO - Task exited with return code 0
[2024-04-16T09:48:21.409+0000] {taskinstance.py:3482} INFO - 0 downstream tasks scheduled from follow-on schedule check
[2024-04-16T09:48:21.411+0000] {local_task_job_runner.py:222} INFO - ::endgroup::
