[2024-04-16T09:39:58.338+0000] {local_task_job_runner.py:120} INFO - ::group::Pre task execution logs
[2024-04-16T09:39:58.359+0000] {taskinstance.py:2073} INFO - Dependencies all met for dep_context=non-requeueable deps ti=<TaskInstance: spotify_final_dag.hello2 scheduled__2024-04-16T03:18:00+00:00 [queued]>
[2024-04-16T09:39:58.369+0000] {taskinstance.py:2073} INFO - Dependencies all met for dep_context=requeueable deps ti=<TaskInstance: spotify_final_dag.hello2 scheduled__2024-04-16T03:18:00+00:00 [queued]>
[2024-04-16T09:39:58.370+0000] {taskinstance.py:2303} INFO - Starting attempt 1 of 2
[2024-04-16T09:39:58.387+0000] {taskinstance.py:2327} INFO - Executing <Task(PythonOperator): hello2> on 2024-04-16 03:18:00+00:00
[2024-04-16T09:39:58.396+0000] {warnings.py:110} WARNING - /home/***/.local/lib/python3.12/site-packages/***/task/task_runner/standard_task_runner.py:61: DeprecationWarning: This process (pid=2362) is multi-threaded, use of fork() may lead to deadlocks in the child.
  pid = os.fork()

[2024-04-16T09:39:58.398+0000] {standard_task_runner.py:63} INFO - Started process 2374 to run task
[2024-04-16T09:39:58.398+0000] {standard_task_runner.py:90} INFO - Running: ['***', 'tasks', 'run', 'spotify_final_dag', 'hello2', 'scheduled__2024-04-16T03:18:00+00:00', '--job-id', '515', '--raw', '--subdir', 'DAGS_FOLDER/dag.py', '--cfg-path', '/tmp/tmpqwyqx59x']
[2024-04-16T09:39:58.399+0000] {standard_task_runner.py:91} INFO - Job 515: Subtask hello2
[2024-04-16T09:39:58.437+0000] {task_command.py:426} INFO - Running <TaskInstance: spotify_final_dag.hello2 scheduled__2024-04-16T03:18:00+00:00 [running]> on host 52651c1f9987
[2024-04-16T09:39:58.524+0000] {taskinstance.py:2644} INFO - Exporting env vars: AIRFLOW_CTX_DAG_OWNER='***' AIRFLOW_CTX_DAG_ID='spotify_final_dag' AIRFLOW_CTX_TASK_ID='hello2' AIRFLOW_CTX_EXECUTION_DATE='2024-04-16T03:18:00+00:00' AIRFLOW_CTX_TRY_NUMBER='1' AIRFLOW_CTX_DAG_RUN_ID='scheduled__2024-04-16T03:18:00+00:00'
[2024-04-16T09:39:58.526+0000] {taskinstance.py:430} INFO - ::endgroup::
[2024-04-16T09:39:58.963+0000] {logging_mixin.py:188} INFO - Connection successful
[2024-04-16T09:39:59.385+0000] {logging_mixin.py:188} INFO - Connection successful
[2024-04-16T09:39:59.837+0000] {logging_mixin.py:188} INFO - Connection successful
[2024-04-16T09:39:59.841+0000] {logging_mixin.py:188} INFO - Null Not Found
[2024-04-16T09:39:59.842+0000] {logging_mixin.py:188} INFO - Null Not Found
[2024-04-16T09:39:59.850+0000] {logging_mixin.py:188} INFO - Null Not Found
[2024-04-16T09:39:59.851+0000] {logging_mixin.py:188} INFO - Null Not Found
[2024-04-16T09:39:59.852+0000] {logging_mixin.py:188} INFO - Null Not Found
[2024-04-16T09:39:59.853+0000] {logging_mixin.py:188} INFO - Null Not Found
[2024-04-16T09:39:59.854+0000] {python.py:237} INFO - Done. Returned value was: None
[2024-04-16T09:39:59.854+0000] {taskinstance.py:441} INFO - ::group::Post task execution logs
[2024-04-16T09:39:59.861+0000] {taskinstance.py:1205} INFO - Marking task as SUCCESS. dag_id=spotify_final_dag, task_id=hello2, execution_date=20240416T031800, start_date=20240416T093958, end_date=20240416T093959
[2024-04-16T09:39:59.896+0000] {local_task_job_runner.py:240} INFO - Task exited with return code 0
[2024-04-16T09:39:59.908+0000] {taskinstance.py:3482} INFO - 0 downstream tasks scheduled from follow-on schedule check
[2024-04-16T09:39:59.910+0000] {local_task_job_runner.py:222} INFO - ::endgroup::
[2024-04-16T09:47:48.882+0000] {local_task_job_runner.py:120} INFO - ::group::Pre task execution logs
[2024-04-16T09:47:48.911+0000] {taskinstance.py:2073} INFO - Dependencies all met for dep_context=non-requeueable deps ti=<TaskInstance: spotify_final_dag.hello2 scheduled__2024-04-16T03:18:00+00:00 [queued]>
[2024-04-16T09:47:48.921+0000] {taskinstance.py:2073} INFO - Dependencies all met for dep_context=requeueable deps ti=<TaskInstance: spotify_final_dag.hello2 scheduled__2024-04-16T03:18:00+00:00 [queued]>
[2024-04-16T09:47:48.922+0000] {taskinstance.py:2303} INFO - Starting attempt 1 of 2
[2024-04-16T09:47:48.948+0000] {taskinstance.py:2327} INFO - Executing <Task(PythonOperator): hello2> on 2024-04-16 03:18:00+00:00
[2024-04-16T09:47:48.961+0000] {warnings.py:110} WARNING - /home/***/.local/lib/python3.12/site-packages/***/task/task_runner/standard_task_runner.py:61: DeprecationWarning: This process (pid=4385) is multi-threaded, use of fork() may lead to deadlocks in the child.
  pid = os.fork()

[2024-04-16T09:47:48.962+0000] {standard_task_runner.py:63} INFO - Started process 4413 to run task
[2024-04-16T09:47:48.963+0000] {standard_task_runner.py:90} INFO - Running: ['***', 'tasks', 'run', 'spotify_final_dag', 'hello2', 'scheduled__2024-04-16T03:18:00+00:00', '--job-id', '1154', '--raw', '--subdir', 'DAGS_FOLDER/dag.py', '--cfg-path', '/tmp/tmpzntlvuhp']
[2024-04-16T09:47:48.965+0000] {standard_task_runner.py:91} INFO - Job 1154: Subtask hello2
[2024-04-16T09:47:49.026+0000] {task_command.py:426} INFO - Running <TaskInstance: spotify_final_dag.hello2 scheduled__2024-04-16T03:18:00+00:00 [running]> on host 52651c1f9987
[2024-04-16T09:47:49.137+0000] {taskinstance.py:2644} INFO - Exporting env vars: AIRFLOW_CTX_DAG_OWNER='***' AIRFLOW_CTX_DAG_ID='spotify_final_dag' AIRFLOW_CTX_TASK_ID='hello2' AIRFLOW_CTX_EXECUTION_DATE='2024-04-16T03:18:00+00:00' AIRFLOW_CTX_TRY_NUMBER='1' AIRFLOW_CTX_DAG_RUN_ID='scheduled__2024-04-16T03:18:00+00:00'
[2024-04-16T09:47:49.140+0000] {taskinstance.py:430} INFO - ::endgroup::
[2024-04-16T09:47:49.584+0000] {logging_mixin.py:188} INFO - Connection successful
[2024-04-16T09:47:50.059+0000] {logging_mixin.py:188} INFO - Connection successful
[2024-04-16T09:47:50.489+0000] {logging_mixin.py:188} INFO - Connection successful
[2024-04-16T09:47:50.493+0000] {logging_mixin.py:188} INFO - Null Not Found
[2024-04-16T09:47:50.494+0000] {logging_mixin.py:188} INFO - Null Not Found
[2024-04-16T09:47:50.503+0000] {logging_mixin.py:188} INFO - Null Not Found
[2024-04-16T09:47:50.504+0000] {logging_mixin.py:188} INFO - Null Not Found
[2024-04-16T09:47:50.505+0000] {logging_mixin.py:188} INFO - Null Not Found
[2024-04-16T09:47:50.506+0000] {logging_mixin.py:188} INFO - Null Not Found
[2024-04-16T09:47:50.507+0000] {python.py:237} INFO - Done. Returned value was: None
[2024-04-16T09:47:50.507+0000] {taskinstance.py:441} INFO - ::group::Post task execution logs
[2024-04-16T09:47:50.515+0000] {taskinstance.py:1205} INFO - Marking task as SUCCESS. dag_id=spotify_final_dag, task_id=hello2, execution_date=20240416T031800, start_date=20240416T094748, end_date=20240416T094750
[2024-04-16T09:47:50.544+0000] {local_task_job_runner.py:240} INFO - Task exited with return code 0
[2024-04-16T09:47:50.558+0000] {taskinstance.py:3482} INFO - 0 downstream tasks scheduled from follow-on schedule check
[2024-04-16T09:47:50.560+0000] {local_task_job_runner.py:222} INFO - ::endgroup::
