[2024-04-16T09:40:56.145+0000] {local_task_job_runner.py:120} INFO - ::group::Pre task execution logs
[2024-04-16T09:40:56.175+0000] {taskinstance.py:2073} INFO - Dependencies all met for dep_context=non-requeueable deps ti=<TaskInstance: spotify_final_dag.hello2 scheduled__2024-04-16T04:44:00+00:00 [queued]>
[2024-04-16T09:40:56.187+0000] {taskinstance.py:2073} INFO - Dependencies all met for dep_context=requeueable deps ti=<TaskInstance: spotify_final_dag.hello2 scheduled__2024-04-16T04:44:00+00:00 [queued]>
[2024-04-16T09:40:56.187+0000] {taskinstance.py:2303} INFO - Starting attempt 1 of 2
[2024-04-16T09:40:56.204+0000] {taskinstance.py:2327} INFO - Executing <Task(PythonOperator): hello2> on 2024-04-16 04:44:00+00:00
[2024-04-16T09:40:56.215+0000] {warnings.py:110} WARNING - /home/***/.local/lib/python3.12/site-packages/***/task/task_runner/standard_task_runner.py:61: DeprecationWarning: This process (pid=2907) is multi-threaded, use of fork() may lead to deadlocks in the child.
  pid = os.fork()

[2024-04-16T09:40:56.216+0000] {standard_task_runner.py:63} INFO - Started process 2933 to run task
[2024-04-16T09:40:56.217+0000] {standard_task_runner.py:90} INFO - Running: ['***', 'tasks', 'run', 'spotify_final_dag', 'hello2', 'scheduled__2024-04-16T04:44:00+00:00', '--job-id', '695', '--raw', '--subdir', 'DAGS_FOLDER/dag.py', '--cfg-path', '/tmp/tmpkwdmu8h2']
[2024-04-16T09:40:56.218+0000] {standard_task_runner.py:91} INFO - Job 695: Subtask hello2
[2024-04-16T09:40:56.266+0000] {task_command.py:426} INFO - Running <TaskInstance: spotify_final_dag.hello2 scheduled__2024-04-16T04:44:00+00:00 [running]> on host 52651c1f9987
[2024-04-16T09:40:56.372+0000] {taskinstance.py:2644} INFO - Exporting env vars: AIRFLOW_CTX_DAG_OWNER='***' AIRFLOW_CTX_DAG_ID='spotify_final_dag' AIRFLOW_CTX_TASK_ID='hello2' AIRFLOW_CTX_EXECUTION_DATE='2024-04-16T04:44:00+00:00' AIRFLOW_CTX_TRY_NUMBER='1' AIRFLOW_CTX_DAG_RUN_ID='scheduled__2024-04-16T04:44:00+00:00'
[2024-04-16T09:40:56.374+0000] {taskinstance.py:430} INFO - ::endgroup::
[2024-04-16T09:40:56.836+0000] {logging_mixin.py:188} INFO - Connection successful
[2024-04-16T09:40:57.288+0000] {logging_mixin.py:188} INFO - Connection successful
[2024-04-16T09:40:57.709+0000] {logging_mixin.py:188} INFO - Connection successful
[2024-04-16T09:40:57.715+0000] {logging_mixin.py:188} INFO - Null Not Found
[2024-04-16T09:40:57.717+0000] {logging_mixin.py:188} INFO - Null Not Found
[2024-04-16T09:40:57.730+0000] {logging_mixin.py:188} INFO - Null Not Found
[2024-04-16T09:40:57.730+0000] {logging_mixin.py:188} INFO - Null Not Found
[2024-04-16T09:40:57.732+0000] {logging_mixin.py:188} INFO - Null Not Found
[2024-04-16T09:40:57.733+0000] {logging_mixin.py:188} INFO - Null Not Found
[2024-04-16T09:40:57.735+0000] {python.py:237} INFO - Done. Returned value was: None
[2024-04-16T09:40:57.736+0000] {taskinstance.py:441} INFO - ::group::Post task execution logs
[2024-04-16T09:40:57.746+0000] {taskinstance.py:1205} INFO - Marking task as SUCCESS. dag_id=spotify_final_dag, task_id=hello2, execution_date=20240416T044400, start_date=20240416T094056, end_date=20240416T094057
[2024-04-16T09:40:57.794+0000] {local_task_job_runner.py:240} INFO - Task exited with return code 0
[2024-04-16T09:40:57.809+0000] {taskinstance.py:3482} INFO - 0 downstream tasks scheduled from follow-on schedule check
[2024-04-16T09:40:57.811+0000] {local_task_job_runner.py:222} INFO - ::endgroup::
[2024-04-16T09:48:10.943+0000] {local_task_job_runner.py:120} INFO - ::group::Pre task execution logs
[2024-04-16T09:48:10.963+0000] {taskinstance.py:2073} INFO - Dependencies all met for dep_context=non-requeueable deps ti=<TaskInstance: spotify_final_dag.hello2 scheduled__2024-04-16T04:44:00+00:00 [queued]>
[2024-04-16T09:48:10.974+0000] {taskinstance.py:2073} INFO - Dependencies all met for dep_context=requeueable deps ti=<TaskInstance: spotify_final_dag.hello2 scheduled__2024-04-16T04:44:00+00:00 [queued]>
[2024-04-16T09:48:10.975+0000] {taskinstance.py:2303} INFO - Starting attempt 1 of 2
[2024-04-16T09:48:10.990+0000] {taskinstance.py:2327} INFO - Executing <Task(PythonOperator): hello2> on 2024-04-16 04:44:00+00:00
[2024-04-16T09:48:11.001+0000] {warnings.py:110} WARNING - /home/***/.local/lib/python3.12/site-packages/***/task/task_runner/standard_task_runner.py:61: DeprecationWarning: This process (pid=4609) is multi-threaded, use of fork() may lead to deadlocks in the child.
  pid = os.fork()

[2024-04-16T09:48:11.003+0000] {standard_task_runner.py:63} INFO - Started process 4625 to run task
[2024-04-16T09:48:11.003+0000] {standard_task_runner.py:90} INFO - Running: ['***', 'tasks', 'run', 'spotify_final_dag', 'hello2', 'scheduled__2024-04-16T04:44:00+00:00', '--job-id', '1229', '--raw', '--subdir', 'DAGS_FOLDER/dag.py', '--cfg-path', '/tmp/tmpfgkfvhof']
[2024-04-16T09:48:11.005+0000] {standard_task_runner.py:91} INFO - Job 1229: Subtask hello2
[2024-04-16T09:48:11.052+0000] {task_command.py:426} INFO - Running <TaskInstance: spotify_final_dag.hello2 scheduled__2024-04-16T04:44:00+00:00 [running]> on host 52651c1f9987
[2024-04-16T09:48:11.144+0000] {taskinstance.py:2644} INFO - Exporting env vars: AIRFLOW_CTX_DAG_OWNER='***' AIRFLOW_CTX_DAG_ID='spotify_final_dag' AIRFLOW_CTX_TASK_ID='hello2' AIRFLOW_CTX_EXECUTION_DATE='2024-04-16T04:44:00+00:00' AIRFLOW_CTX_TRY_NUMBER='1' AIRFLOW_CTX_DAG_RUN_ID='scheduled__2024-04-16T04:44:00+00:00'
[2024-04-16T09:48:11.146+0000] {taskinstance.py:430} INFO - ::endgroup::
[2024-04-16T09:48:11.571+0000] {logging_mixin.py:188} INFO - Connection successful
[2024-04-16T09:48:12.009+0000] {logging_mixin.py:188} INFO - Connection successful
[2024-04-16T09:48:12.410+0000] {logging_mixin.py:188} INFO - Connection successful
[2024-04-16T09:48:12.414+0000] {logging_mixin.py:188} INFO - Null Not Found
[2024-04-16T09:48:12.415+0000] {logging_mixin.py:188} INFO - Null Not Found
[2024-04-16T09:48:12.425+0000] {logging_mixin.py:188} INFO - Null Not Found
[2024-04-16T09:48:12.426+0000] {logging_mixin.py:188} INFO - Null Not Found
[2024-04-16T09:48:12.428+0000] {logging_mixin.py:188} INFO - Null Not Found
[2024-04-16T09:48:12.428+0000] {logging_mixin.py:188} INFO - Null Not Found
[2024-04-16T09:48:12.430+0000] {python.py:237} INFO - Done. Returned value was: None
[2024-04-16T09:48:12.431+0000] {taskinstance.py:441} INFO - ::group::Post task execution logs
[2024-04-16T09:48:12.439+0000] {taskinstance.py:1205} INFO - Marking task as SUCCESS. dag_id=spotify_final_dag, task_id=hello2, execution_date=20240416T044400, start_date=20240416T094810, end_date=20240416T094812
[2024-04-16T09:48:12.462+0000] {local_task_job_runner.py:240} INFO - Task exited with return code 0
[2024-04-16T09:48:12.478+0000] {taskinstance.py:3482} INFO - 0 downstream tasks scheduled from follow-on schedule check
[2024-04-16T09:48:12.480+0000] {local_task_job_runner.py:222} INFO - ::endgroup::
