[2024-04-16T09:39:26.838+0000] {local_task_job_runner.py:120} INFO - ::group::Pre task execution logs
[2024-04-16T09:39:26.856+0000] {taskinstance.py:2073} INFO - Dependencies all met for dep_context=non-requeueable deps ti=<TaskInstance: spotify_final_dag.hello2 scheduled__2024-04-16T02:28:00+00:00 [queued]>
[2024-04-16T09:39:26.864+0000] {taskinstance.py:2073} INFO - Dependencies all met for dep_context=requeueable deps ti=<TaskInstance: spotify_final_dag.hello2 scheduled__2024-04-16T02:28:00+00:00 [queued]>
[2024-04-16T09:39:26.865+0000] {taskinstance.py:2303} INFO - Starting attempt 1 of 2
[2024-04-16T09:39:26.878+0000] {taskinstance.py:2327} INFO - Executing <Task(PythonOperator): hello2> on 2024-04-16 02:28:00+00:00
[2024-04-16T09:39:26.885+0000] {warnings.py:110} WARNING - /home/***/.local/lib/python3.12/site-packages/***/task/task_runner/standard_task_runner.py:61: DeprecationWarning: This process (pid=2057) is multi-threaded, use of fork() may lead to deadlocks in the child.
  pid = os.fork()

[2024-04-16T09:39:26.886+0000] {standard_task_runner.py:63} INFO - Started process 2080 to run task
[2024-04-16T09:39:26.887+0000] {standard_task_runner.py:90} INFO - Running: ['***', 'tasks', 'run', 'spotify_final_dag', 'hello2', 'scheduled__2024-04-16T02:28:00+00:00', '--job-id', '417', '--raw', '--subdir', 'DAGS_FOLDER/dag.py', '--cfg-path', '/tmp/tmpa6hwts5n']
[2024-04-16T09:39:26.888+0000] {standard_task_runner.py:91} INFO - Job 417: Subtask hello2
[2024-04-16T09:39:26.926+0000] {task_command.py:426} INFO - Running <TaskInstance: spotify_final_dag.hello2 scheduled__2024-04-16T02:28:00+00:00 [running]> on host 52651c1f9987
[2024-04-16T09:39:27.011+0000] {taskinstance.py:2644} INFO - Exporting env vars: AIRFLOW_CTX_DAG_OWNER='***' AIRFLOW_CTX_DAG_ID='spotify_final_dag' AIRFLOW_CTX_TASK_ID='hello2' AIRFLOW_CTX_EXECUTION_DATE='2024-04-16T02:28:00+00:00' AIRFLOW_CTX_TRY_NUMBER='1' AIRFLOW_CTX_DAG_RUN_ID='scheduled__2024-04-16T02:28:00+00:00'
[2024-04-16T09:39:27.013+0000] {taskinstance.py:430} INFO - ::endgroup::
[2024-04-16T09:39:27.425+0000] {logging_mixin.py:188} INFO - Connection successful
[2024-04-16T09:39:27.997+0000] {logging_mixin.py:188} INFO - Connection successful
[2024-04-16T09:39:28.404+0000] {logging_mixin.py:188} INFO - Connection successful
[2024-04-16T09:39:28.408+0000] {logging_mixin.py:188} INFO - Null Not Found
[2024-04-16T09:39:28.408+0000] {logging_mixin.py:188} INFO - Null Not Found
[2024-04-16T09:39:28.417+0000] {logging_mixin.py:188} INFO - Null Not Found
[2024-04-16T09:39:28.417+0000] {logging_mixin.py:188} INFO - Null Not Found
[2024-04-16T09:39:28.419+0000] {logging_mixin.py:188} INFO - Null Not Found
[2024-04-16T09:39:28.420+0000] {logging_mixin.py:188} INFO - Null Not Found
[2024-04-16T09:39:28.422+0000] {python.py:237} INFO - Done. Returned value was: None
[2024-04-16T09:39:28.422+0000] {taskinstance.py:441} INFO - ::group::Post task execution logs
[2024-04-16T09:39:28.429+0000] {taskinstance.py:1205} INFO - Marking task as SUCCESS. dag_id=spotify_final_dag, task_id=hello2, execution_date=20240416T022800, start_date=20240416T093926, end_date=20240416T093928
[2024-04-16T09:39:28.465+0000] {local_task_job_runner.py:240} INFO - Task exited with return code 0
[2024-04-16T09:39:28.476+0000] {taskinstance.py:3482} INFO - 0 downstream tasks scheduled from follow-on schedule check
[2024-04-16T09:39:28.478+0000] {local_task_job_runner.py:222} INFO - ::endgroup::
[2024-04-16T09:47:29.254+0000] {local_task_job_runner.py:120} INFO - ::group::Pre task execution logs
[2024-04-16T09:47:29.275+0000] {taskinstance.py:2073} INFO - Dependencies all met for dep_context=non-requeueable deps ti=<TaskInstance: spotify_final_dag.hello2 scheduled__2024-04-16T02:28:00+00:00 [queued]>
[2024-04-16T09:47:29.284+0000] {taskinstance.py:2073} INFO - Dependencies all met for dep_context=requeueable deps ti=<TaskInstance: spotify_final_dag.hello2 scheduled__2024-04-16T02:28:00+00:00 [queued]>
[2024-04-16T09:47:29.284+0000] {taskinstance.py:2303} INFO - Starting attempt 1 of 2
[2024-04-16T09:47:29.301+0000] {taskinstance.py:2327} INFO - Executing <Task(PythonOperator): hello2> on 2024-04-16 02:28:00+00:00
[2024-04-16T09:47:29.308+0000] {warnings.py:110} WARNING - /home/***/.local/lib/python3.12/site-packages/***/task/task_runner/standard_task_runner.py:61: DeprecationWarning: This process (pid=4209) is multi-threaded, use of fork() may lead to deadlocks in the child.
  pid = os.fork()

[2024-04-16T09:47:29.310+0000] {standard_task_runner.py:63} INFO - Started process 4230 to run task
[2024-04-16T09:47:29.310+0000] {standard_task_runner.py:90} INFO - Running: ['***', 'tasks', 'run', 'spotify_final_dag', 'hello2', 'scheduled__2024-04-16T02:28:00+00:00', '--job-id', '1099', '--raw', '--subdir', 'DAGS_FOLDER/dag.py', '--cfg-path', '/tmp/tmpi4i0rhbu']
[2024-04-16T09:47:29.311+0000] {standard_task_runner.py:91} INFO - Job 1099: Subtask hello2
[2024-04-16T09:47:29.349+0000] {task_command.py:426} INFO - Running <TaskInstance: spotify_final_dag.hello2 scheduled__2024-04-16T02:28:00+00:00 [running]> on host 52651c1f9987
[2024-04-16T09:47:29.435+0000] {taskinstance.py:2644} INFO - Exporting env vars: AIRFLOW_CTX_DAG_OWNER='***' AIRFLOW_CTX_DAG_ID='spotify_final_dag' AIRFLOW_CTX_TASK_ID='hello2' AIRFLOW_CTX_EXECUTION_DATE='2024-04-16T02:28:00+00:00' AIRFLOW_CTX_TRY_NUMBER='1' AIRFLOW_CTX_DAG_RUN_ID='scheduled__2024-04-16T02:28:00+00:00'
[2024-04-16T09:47:29.436+0000] {taskinstance.py:430} INFO - ::endgroup::
[2024-04-16T09:47:29.842+0000] {logging_mixin.py:188} INFO - Connection successful
[2024-04-16T09:47:30.267+0000] {logging_mixin.py:188} INFO - Connection successful
[2024-04-16T09:47:31.253+0000] {logging_mixin.py:188} INFO - Connection successful
[2024-04-16T09:47:31.257+0000] {logging_mixin.py:188} INFO - Null Not Found
[2024-04-16T09:47:31.258+0000] {logging_mixin.py:188} INFO - Null Not Found
[2024-04-16T09:47:31.266+0000] {logging_mixin.py:188} INFO - Null Not Found
[2024-04-16T09:47:31.266+0000] {logging_mixin.py:188} INFO - Null Not Found
[2024-04-16T09:47:31.267+0000] {logging_mixin.py:188} INFO - Null Not Found
[2024-04-16T09:47:31.268+0000] {logging_mixin.py:188} INFO - Null Not Found
[2024-04-16T09:47:31.269+0000] {python.py:237} INFO - Done. Returned value was: None
[2024-04-16T09:47:31.269+0000] {taskinstance.py:441} INFO - ::group::Post task execution logs
[2024-04-16T09:47:31.276+0000] {taskinstance.py:1205} INFO - Marking task as SUCCESS. dag_id=spotify_final_dag, task_id=hello2, execution_date=20240416T022800, start_date=20240416T094729, end_date=20240416T094731
[2024-04-16T09:47:31.331+0000] {local_task_job_runner.py:240} INFO - Task exited with return code 0
[2024-04-16T09:47:31.342+0000] {taskinstance.py:3482} INFO - 0 downstream tasks scheduled from follow-on schedule check
[2024-04-16T09:47:31.344+0000] {local_task_job_runner.py:222} INFO - ::endgroup::
