[2024-04-17T07:31:32.553+0000] {local_task_job_runner.py:120} INFO - ::group::Pre task execution logs
[2024-04-17T07:31:32.576+0000] {taskinstance.py:2073} INFO - Dependencies all met for dep_context=non-requeueable deps ti=<TaskInstance: etl_for_spotify.processes scheduled__2024-04-16T06:30:00+00:00 [queued]>
[2024-04-17T07:31:32.587+0000] {taskinstance.py:2073} INFO - Dependencies all met for dep_context=requeueable deps ti=<TaskInstance: etl_for_spotify.processes scheduled__2024-04-16T06:30:00+00:00 [queued]>
[2024-04-17T07:31:32.588+0000] {taskinstance.py:2303} INFO - Starting attempt 1 of 2
[2024-04-17T07:31:32.737+0000] {taskinstance.py:2327} INFO - Executing <Task(PythonOperator): processes> on 2024-04-16 06:30:00+00:00
[2024-04-17T07:31:32.750+0000] {warnings.py:110} WARNING - /home/***/.local/lib/python3.12/site-packages/***/task/task_runner/standard_task_runner.py:61: DeprecationWarning: This process (pid=6675) is multi-threaded, use of fork() may lead to deadlocks in the child.
  pid = os.fork()

[2024-04-17T07:31:32.752+0000] {standard_task_runner.py:63} INFO - Started process 6704 to run task
[2024-04-17T07:31:32.775+0000] {standard_task_runner.py:90} INFO - Running: ['***', 'tasks', 'run', 'etl_for_spotify', 'processes', 'scheduled__2024-04-16T06:30:00+00:00', '--job-id', '3189', '--raw', '--subdir', 'DAGS_FOLDER/dag.py', '--cfg-path', '/tmp/tmp28qgbz8e']
[2024-04-17T07:31:32.777+0000] {standard_task_runner.py:91} INFO - Job 3189: Subtask processes
[2024-04-17T07:31:32.854+0000] {task_command.py:426} INFO - Running <TaskInstance: etl_for_spotify.processes scheduled__2024-04-16T06:30:00+00:00 [running]> on host 52651c1f9987
[2024-04-17T07:31:33.008+0000] {taskinstance.py:2644} INFO - Exporting env vars: AIRFLOW_CTX_DAG_OWNER='***' AIRFLOW_CTX_DAG_ID='etl_for_spotify' AIRFLOW_CTX_TASK_ID='processes' AIRFLOW_CTX_EXECUTION_DATE='2024-04-16T06:30:00+00:00' AIRFLOW_CTX_TRY_NUMBER='1' AIRFLOW_CTX_DAG_RUN_ID='scheduled__2024-04-16T06:30:00+00:00'
[2024-04-17T07:31:33.014+0000] {taskinstance.py:430} INFO - ::endgroup::
[2024-04-17T07:31:33.464+0000] {logging_mixin.py:188} INFO - Connection successful
[2024-04-17T07:31:33.906+0000] {logging_mixin.py:188} INFO - Connection successful
[2024-04-17T07:31:34.364+0000] {logging_mixin.py:188} INFO - Connection successful
[2024-04-17T07:31:34.368+0000] {logging_mixin.py:188} INFO - Null Not Found
[2024-04-17T07:31:34.369+0000] {logging_mixin.py:188} INFO - Null Not Found
[2024-04-17T07:31:34.377+0000] {logging_mixin.py:188} INFO - Null Not Found
[2024-04-17T07:31:34.377+0000] {logging_mixin.py:188} INFO - Null Not Found
[2024-04-17T07:31:34.379+0000] {logging_mixin.py:188} INFO - Null Not Found
[2024-04-17T07:31:34.380+0000] {logging_mixin.py:188} INFO - Null Not Found
[2024-04-17T07:31:34.381+0000] {python.py:237} INFO - Done. Returned value was: None
[2024-04-17T07:31:34.382+0000] {taskinstance.py:441} INFO - ::group::Post task execution logs
[2024-04-17T07:31:34.388+0000] {taskinstance.py:1205} INFO - Marking task as SUCCESS. dag_id=etl_for_spotify, task_id=processes, execution_date=20240416T063000, start_date=20240417T073132, end_date=20240417T073134
[2024-04-17T07:31:34.419+0000] {local_task_job_runner.py:240} INFO - Task exited with return code 0
[2024-04-17T07:31:34.432+0000] {taskinstance.py:3482} INFO - 0 downstream tasks scheduled from follow-on schedule check
[2024-04-17T07:31:34.434+0000] {local_task_job_runner.py:222} INFO - ::endgroup::
