[2024-04-16T09:41:47.152+0000] {local_task_job_runner.py:120} INFO - ::group::Pre task execution logs
[2024-04-16T09:41:47.170+0000] {taskinstance.py:2073} INFO - Dependencies all met for dep_context=non-requeueable deps ti=<TaskInstance: spotify_final_dag.hello2 scheduled__2024-04-16T06:10:00+00:00 [queued]>
[2024-04-16T09:41:47.179+0000] {taskinstance.py:2073} INFO - Dependencies all met for dep_context=requeueable deps ti=<TaskInstance: spotify_final_dag.hello2 scheduled__2024-04-16T06:10:00+00:00 [queued]>
[2024-04-16T09:41:47.179+0000] {taskinstance.py:2303} INFO - Starting attempt 1 of 2
[2024-04-16T09:41:47.194+0000] {taskinstance.py:2327} INFO - Executing <Task(PythonOperator): hello2> on 2024-04-16 06:10:00+00:00
[2024-04-16T09:41:47.202+0000] {warnings.py:110} WARNING - /home/***/.local/lib/python3.12/site-packages/***/task/task_runner/standard_task_runner.py:61: DeprecationWarning: This process (pid=3414) is multi-threaded, use of fork() may lead to deadlocks in the child.
  pid = os.fork()

[2024-04-16T09:41:47.203+0000] {standard_task_runner.py:63} INFO - Started process 3438 to run task
[2024-04-16T09:41:47.203+0000] {standard_task_runner.py:90} INFO - Running: ['***', 'tasks', 'run', 'spotify_final_dag', 'hello2', 'scheduled__2024-04-16T06:10:00+00:00', '--job-id', '860', '--raw', '--subdir', 'DAGS_FOLDER/dag.py', '--cfg-path', '/tmp/tmp92ilwzz7']
[2024-04-16T09:41:47.204+0000] {standard_task_runner.py:91} INFO - Job 860: Subtask hello2
[2024-04-16T09:41:47.239+0000] {task_command.py:426} INFO - Running <TaskInstance: spotify_final_dag.hello2 scheduled__2024-04-16T06:10:00+00:00 [running]> on host 52651c1f9987
[2024-04-16T09:41:47.311+0000] {taskinstance.py:2644} INFO - Exporting env vars: AIRFLOW_CTX_DAG_OWNER='***' AIRFLOW_CTX_DAG_ID='spotify_final_dag' AIRFLOW_CTX_TASK_ID='hello2' AIRFLOW_CTX_EXECUTION_DATE='2024-04-16T06:10:00+00:00' AIRFLOW_CTX_TRY_NUMBER='1' AIRFLOW_CTX_DAG_RUN_ID='scheduled__2024-04-16T06:10:00+00:00'
[2024-04-16T09:41:47.313+0000] {taskinstance.py:430} INFO - ::endgroup::
[2024-04-16T09:41:47.767+0000] {logging_mixin.py:188} INFO - Connection successful
[2024-04-16T09:41:48.194+0000] {logging_mixin.py:188} INFO - Connection successful
[2024-04-16T09:41:48.607+0000] {logging_mixin.py:188} INFO - Connection successful
[2024-04-16T09:41:48.611+0000] {logging_mixin.py:188} INFO - Null Not Found
[2024-04-16T09:41:48.612+0000] {logging_mixin.py:188} INFO - Null Not Found
[2024-04-16T09:41:48.622+0000] {logging_mixin.py:188} INFO - Null Not Found
[2024-04-16T09:41:48.622+0000] {logging_mixin.py:188} INFO - Null Not Found
[2024-04-16T09:41:48.623+0000] {logging_mixin.py:188} INFO - Null Not Found
[2024-04-16T09:41:48.624+0000] {logging_mixin.py:188} INFO - Null Not Found
[2024-04-16T09:41:48.625+0000] {python.py:237} INFO - Done. Returned value was: None
[2024-04-16T09:41:48.625+0000] {taskinstance.py:441} INFO - ::group::Post task execution logs
[2024-04-16T09:41:48.632+0000] {taskinstance.py:1205} INFO - Marking task as SUCCESS. dag_id=spotify_final_dag, task_id=hello2, execution_date=20240416T061000, start_date=20240416T094147, end_date=20240416T094148
[2024-04-16T09:41:48.661+0000] {local_task_job_runner.py:240} INFO - Task exited with return code 0
[2024-04-16T09:41:48.675+0000] {taskinstance.py:3482} INFO - 0 downstream tasks scheduled from follow-on schedule check
[2024-04-16T09:41:48.677+0000] {local_task_job_runner.py:222} INFO - ::endgroup::
[2024-04-16T09:48:39.827+0000] {local_task_job_runner.py:120} INFO - ::group::Pre task execution logs
[2024-04-16T09:48:39.845+0000] {taskinstance.py:2073} INFO - Dependencies all met for dep_context=non-requeueable deps ti=<TaskInstance: spotify_final_dag.hello2 scheduled__2024-04-16T06:10:00+00:00 [queued]>
[2024-04-16T09:48:39.853+0000] {taskinstance.py:2073} INFO - Dependencies all met for dep_context=requeueable deps ti=<TaskInstance: spotify_final_dag.hello2 scheduled__2024-04-16T06:10:00+00:00 [queued]>
[2024-04-16T09:48:39.853+0000] {taskinstance.py:2303} INFO - Starting attempt 1 of 2
[2024-04-16T09:48:39.863+0000] {taskinstance.py:2327} INFO - Executing <Task(PythonOperator): hello2> on 2024-04-16 06:10:00+00:00
[2024-04-16T09:48:39.870+0000] {warnings.py:110} WARNING - /home/***/.local/lib/python3.12/site-packages/***/task/task_runner/standard_task_runner.py:61: DeprecationWarning: This process (pid=4891) is multi-threaded, use of fork() may lead to deadlocks in the child.
  pid = os.fork()

[2024-04-16T09:48:39.872+0000] {standard_task_runner.py:63} INFO - Started process 4913 to run task
[2024-04-16T09:48:39.872+0000] {standard_task_runner.py:90} INFO - Running: ['***', 'tasks', 'run', 'spotify_final_dag', 'hello2', 'scheduled__2024-04-16T06:10:00+00:00', '--job-id', '1322', '--raw', '--subdir', 'DAGS_FOLDER/dag.py', '--cfg-path', '/tmp/tmpz6ahc9kk']
[2024-04-16T09:48:39.873+0000] {standard_task_runner.py:91} INFO - Job 1322: Subtask hello2
[2024-04-16T09:48:39.907+0000] {task_command.py:426} INFO - Running <TaskInstance: spotify_final_dag.hello2 scheduled__2024-04-16T06:10:00+00:00 [running]> on host 52651c1f9987
[2024-04-16T09:48:39.979+0000] {taskinstance.py:2644} INFO - Exporting env vars: AIRFLOW_CTX_DAG_OWNER='***' AIRFLOW_CTX_DAG_ID='spotify_final_dag' AIRFLOW_CTX_TASK_ID='hello2' AIRFLOW_CTX_EXECUTION_DATE='2024-04-16T06:10:00+00:00' AIRFLOW_CTX_TRY_NUMBER='1' AIRFLOW_CTX_DAG_RUN_ID='scheduled__2024-04-16T06:10:00+00:00'
[2024-04-16T09:48:39.981+0000] {taskinstance.py:430} INFO - ::endgroup::
[2024-04-16T09:48:40.419+0000] {logging_mixin.py:188} INFO - Connection successful
[2024-04-16T09:48:40.827+0000] {logging_mixin.py:188} INFO - Connection successful
[2024-04-16T09:48:41.257+0000] {logging_mixin.py:188} INFO - Connection successful
[2024-04-16T09:48:41.261+0000] {logging_mixin.py:188} INFO - Null Not Found
[2024-04-16T09:48:41.262+0000] {logging_mixin.py:188} INFO - Null Not Found
[2024-04-16T09:48:41.270+0000] {logging_mixin.py:188} INFO - Null Not Found
[2024-04-16T09:48:41.271+0000] {logging_mixin.py:188} INFO - Null Not Found
[2024-04-16T09:48:41.272+0000] {logging_mixin.py:188} INFO - Null Not Found
[2024-04-16T09:48:41.272+0000] {logging_mixin.py:188} INFO - Null Not Found
[2024-04-16T09:48:41.273+0000] {python.py:237} INFO - Done. Returned value was: None
[2024-04-16T09:48:41.274+0000] {taskinstance.py:441} INFO - ::group::Post task execution logs
[2024-04-16T09:48:41.281+0000] {taskinstance.py:1205} INFO - Marking task as SUCCESS. dag_id=spotify_final_dag, task_id=hello2, execution_date=20240416T061000, start_date=20240416T094839, end_date=20240416T094841
[2024-04-16T09:48:41.329+0000] {local_task_job_runner.py:240} INFO - Task exited with return code 0
[2024-04-16T09:48:41.341+0000] {taskinstance.py:3482} INFO - 0 downstream tasks scheduled from follow-on schedule check
[2024-04-16T09:48:41.343+0000] {local_task_job_runner.py:222} INFO - ::endgroup::
