[2024-04-17T05:27:10.854+0000] {local_task_job_runner.py:120} INFO - ::group::Pre task execution logs
[2024-04-17T05:27:10.871+0000] {taskinstance.py:2073} INFO - Dependencies all met for dep_context=non-requeueable deps ti=<TaskInstance: spotify_final_dag.hello2 scheduled__2024-04-16T21:52:00+00:00 [queued]>
[2024-04-17T05:27:10.879+0000] {taskinstance.py:2073} INFO - Dependencies all met for dep_context=requeueable deps ti=<TaskInstance: spotify_final_dag.hello2 scheduled__2024-04-16T21:52:00+00:00 [queued]>
[2024-04-17T05:27:10.880+0000] {taskinstance.py:2303} INFO - Starting attempt 1 of 2
[2024-04-17T05:27:10.891+0000] {taskinstance.py:2327} INFO - Executing <Task(PythonOperator): hello2> on 2024-04-16 21:52:00+00:00
[2024-04-17T05:27:10.897+0000] {warnings.py:110} WARNING - /home/***/.local/lib/python3.12/site-packages/***/task/task_runner/standard_task_runner.py:61: DeprecationWarning: This process (pid=2326) is multi-threaded, use of fork() may lead to deadlocks in the child.
  pid = os.fork()

[2024-04-17T05:27:10.899+0000] {standard_task_runner.py:63} INFO - Started process 2347 to run task
[2024-04-17T05:27:10.899+0000] {standard_task_runner.py:90} INFO - Running: ['***', 'tasks', 'run', 'spotify_final_dag', 'hello2', 'scheduled__2024-04-16T21:52:00+00:00', '--job-id', '2298', '--raw', '--subdir', 'DAGS_FOLDER/dag.py', '--cfg-path', '/tmp/tmph2j6k0gg']
[2024-04-17T05:27:10.899+0000] {standard_task_runner.py:91} INFO - Job 2298: Subtask hello2
[2024-04-17T05:27:10.932+0000] {task_command.py:426} INFO - Running <TaskInstance: spotify_final_dag.hello2 scheduled__2024-04-16T21:52:00+00:00 [running]> on host 52651c1f9987
[2024-04-17T05:27:11.006+0000] {taskinstance.py:2644} INFO - Exporting env vars: AIRFLOW_CTX_DAG_OWNER='***' AIRFLOW_CTX_DAG_ID='spotify_final_dag' AIRFLOW_CTX_TASK_ID='hello2' AIRFLOW_CTX_EXECUTION_DATE='2024-04-16T21:52:00+00:00' AIRFLOW_CTX_TRY_NUMBER='1' AIRFLOW_CTX_DAG_RUN_ID='scheduled__2024-04-16T21:52:00+00:00'
[2024-04-17T05:27:11.007+0000] {taskinstance.py:430} INFO - ::endgroup::
[2024-04-17T05:27:11.404+0000] {logging_mixin.py:188} INFO - Connection successful
[2024-04-17T05:27:11.930+0000] {logging_mixin.py:188} INFO - Connection successful
[2024-04-17T05:27:12.326+0000] {logging_mixin.py:188} INFO - Connection successful
[2024-04-17T05:27:12.329+0000] {logging_mixin.py:188} INFO - Null Not Found
[2024-04-17T05:27:12.330+0000] {logging_mixin.py:188} INFO - Null Not Found
[2024-04-17T05:27:12.338+0000] {logging_mixin.py:188} INFO - Null Not Found
[2024-04-17T05:27:12.339+0000] {logging_mixin.py:188} INFO - Null Not Found
[2024-04-17T05:27:12.340+0000] {logging_mixin.py:188} INFO - Null Not Found
[2024-04-17T05:27:12.340+0000] {logging_mixin.py:188} INFO - Null Not Found
[2024-04-17T05:27:12.341+0000] {python.py:237} INFO - Done. Returned value was: None
[2024-04-17T05:27:12.341+0000] {taskinstance.py:441} INFO - ::group::Post task execution logs
[2024-04-17T05:27:12.348+0000] {taskinstance.py:1205} INFO - Marking task as SUCCESS. dag_id=spotify_final_dag, task_id=hello2, execution_date=20240416T215200, start_date=20240417T052710, end_date=20240417T052712
[2024-04-17T05:27:12.396+0000] {local_task_job_runner.py:240} INFO - Task exited with return code 0
[2024-04-17T05:27:12.410+0000] {taskinstance.py:3482} INFO - 0 downstream tasks scheduled from follow-on schedule check
[2024-04-17T05:27:12.412+0000] {local_task_job_runner.py:222} INFO - ::endgroup::
