[2024-04-17T05:26:20.143+0000] {local_task_job_runner.py:120} INFO - ::group::Pre task execution logs
[2024-04-17T05:26:20.168+0000] {taskinstance.py:2073} INFO - Dependencies all met for dep_context=non-requeueable deps ti=<TaskInstance: spotify_final_dag.hello2 scheduled__2024-04-16T18:52:00+00:00 [queued]>
[2024-04-17T05:26:20.181+0000] {taskinstance.py:2073} INFO - Dependencies all met for dep_context=requeueable deps ti=<TaskInstance: spotify_final_dag.hello2 scheduled__2024-04-16T18:52:00+00:00 [queued]>
[2024-04-17T05:26:20.182+0000] {taskinstance.py:2303} INFO - Starting attempt 1 of 2
[2024-04-17T05:26:20.203+0000] {taskinstance.py:2327} INFO - Executing <Task(PythonOperator): hello2> on 2024-04-16 18:52:00+00:00
[2024-04-17T05:26:20.216+0000] {warnings.py:110} WARNING - /home/***/.local/lib/python3.12/site-packages/***/task/task_runner/standard_task_runner.py:61: DeprecationWarning: This process (pid=1809) is multi-threaded, use of fork() may lead to deadlocks in the child.
  pid = os.fork()

[2024-04-17T05:26:20.218+0000] {standard_task_runner.py:63} INFO - Started process 1840 to run task
[2024-04-17T05:26:20.224+0000] {standard_task_runner.py:90} INFO - Running: ['***', 'tasks', 'run', 'spotify_final_dag', 'hello2', 'scheduled__2024-04-16T18:52:00+00:00', '--job-id', '2127', '--raw', '--subdir', 'DAGS_FOLDER/dag.py', '--cfg-path', '/tmp/tmplxoxm888']
[2024-04-17T05:26:20.226+0000] {standard_task_runner.py:91} INFO - Job 2127: Subtask hello2
[2024-04-17T05:26:20.280+0000] {task_command.py:426} INFO - Running <TaskInstance: spotify_final_dag.hello2 scheduled__2024-04-16T18:52:00+00:00 [running]> on host 52651c1f9987
[2024-04-17T05:26:20.389+0000] {taskinstance.py:2644} INFO - Exporting env vars: AIRFLOW_CTX_DAG_OWNER='***' AIRFLOW_CTX_DAG_ID='spotify_final_dag' AIRFLOW_CTX_TASK_ID='hello2' AIRFLOW_CTX_EXECUTION_DATE='2024-04-16T18:52:00+00:00' AIRFLOW_CTX_TRY_NUMBER='1' AIRFLOW_CTX_DAG_RUN_ID='scheduled__2024-04-16T18:52:00+00:00'
[2024-04-17T05:26:20.392+0000] {taskinstance.py:430} INFO - ::endgroup::
[2024-04-17T05:26:20.867+0000] {logging_mixin.py:188} INFO - Connection successful
[2024-04-17T05:26:21.365+0000] {logging_mixin.py:188} INFO - Connection successful
[2024-04-17T05:26:21.810+0000] {logging_mixin.py:188} INFO - Connection successful
[2024-04-17T05:26:21.815+0000] {logging_mixin.py:188} INFO - Null Not Found
[2024-04-17T05:26:21.817+0000] {logging_mixin.py:188} INFO - Null Not Found
[2024-04-17T05:26:21.828+0000] {logging_mixin.py:188} INFO - Null Not Found
[2024-04-17T05:26:21.829+0000] {logging_mixin.py:188} INFO - Null Not Found
[2024-04-17T05:26:21.830+0000] {logging_mixin.py:188} INFO - Null Not Found
[2024-04-17T05:26:21.831+0000] {logging_mixin.py:188} INFO - Null Not Found
[2024-04-17T05:26:21.832+0000] {python.py:237} INFO - Done. Returned value was: None
[2024-04-17T05:26:21.833+0000] {taskinstance.py:441} INFO - ::group::Post task execution logs
[2024-04-17T05:26:21.841+0000] {taskinstance.py:1205} INFO - Marking task as SUCCESS. dag_id=spotify_final_dag, task_id=hello2, execution_date=20240416T185200, start_date=20240417T052620, end_date=20240417T052621
[2024-04-17T05:26:21.883+0000] {local_task_job_runner.py:240} INFO - Task exited with return code 0
[2024-04-17T05:26:21.897+0000] {taskinstance.py:3482} INFO - 0 downstream tasks scheduled from follow-on schedule check
[2024-04-17T05:26:21.899+0000] {local_task_job_runner.py:222} INFO - ::endgroup::
