[2024-04-16T08:57:04.663+0000] {local_task_job_runner.py:120} INFO - ::group::Pre task execution logs
[2024-04-16T08:57:04.684+0000] {taskinstance.py:2073} INFO - Dependencies all met for dep_context=non-requeueable deps ti=<TaskInstance: spotify_final_dag.hello2 scheduled__2024-04-16T04:10:00+00:00 [queued]>
[2024-04-16T08:57:04.693+0000] {taskinstance.py:2073} INFO - Dependencies all met for dep_context=requeueable deps ti=<TaskInstance: spotify_final_dag.hello2 scheduled__2024-04-16T04:10:00+00:00 [queued]>
[2024-04-16T08:57:04.694+0000] {taskinstance.py:2303} INFO - Starting attempt 1 of 2
[2024-04-16T08:57:04.707+0000] {taskinstance.py:2327} INFO - Executing <Task(PythonOperator): hello2> on 2024-04-16 04:10:00+00:00
[2024-04-16T08:57:04.714+0000] {warnings.py:110} WARNING - /home/***/.local/lib/python3.12/site-packages/***/task/task_runner/standard_task_runner.py:61: DeprecationWarning: This process (pid=427) is multi-threaded, use of fork() may lead to deadlocks in the child.
  pid = os.fork()

[2024-04-16T08:57:04.715+0000] {standard_task_runner.py:63} INFO - Started process 447 to run task
[2024-04-16T08:57:04.715+0000] {standard_task_runner.py:90} INFO - Running: ['***', 'tasks', 'run', 'spotify_final_dag', 'hello2', 'scheduled__2024-04-16T04:10:00+00:00', '--job-id', '60', '--raw', '--subdir', 'DAGS_FOLDER/dag.py', '--cfg-path', '/tmp/tmp7mrj6csx']
[2024-04-16T08:57:04.716+0000] {standard_task_runner.py:91} INFO - Job 60: Subtask hello2
[2024-04-16T08:57:04.752+0000] {task_command.py:426} INFO - Running <TaskInstance: spotify_final_dag.hello2 scheduled__2024-04-16T04:10:00+00:00 [running]> on host 52651c1f9987
[2024-04-16T08:57:04.818+0000] {taskinstance.py:2644} INFO - Exporting env vars: AIRFLOW_CTX_DAG_OWNER='***' AIRFLOW_CTX_DAG_ID='spotify_final_dag' AIRFLOW_CTX_TASK_ID='hello2' AIRFLOW_CTX_EXECUTION_DATE='2024-04-16T04:10:00+00:00' AIRFLOW_CTX_TRY_NUMBER='1' AIRFLOW_CTX_DAG_RUN_ID='scheduled__2024-04-16T04:10:00+00:00'
[2024-04-16T08:57:04.820+0000] {taskinstance.py:430} INFO - ::endgroup::
[2024-04-16T08:57:05.222+0000] {logging_mixin.py:188} INFO - Connection successful
[2024-04-16T08:57:05.640+0000] {logging_mixin.py:188} INFO - Connection successful
[2024-04-16T08:57:06.019+0000] {logging_mixin.py:188} INFO - Connection successful
[2024-04-16T08:57:06.023+0000] {logging_mixin.py:188} INFO - Null Not Found
[2024-04-16T08:57:06.024+0000] {logging_mixin.py:188} INFO - Null Not Found
[2024-04-16T08:57:06.031+0000] {logging_mixin.py:188} INFO - Null Not Found
[2024-04-16T08:57:06.032+0000] {logging_mixin.py:188} INFO - Null Not Found
[2024-04-16T08:57:06.033+0000] {logging_mixin.py:188} INFO - Null Not Found
[2024-04-16T08:57:06.033+0000] {logging_mixin.py:188} INFO - Null Not Found
[2024-04-16T08:57:06.034+0000] {python.py:237} INFO - Done. Returned value was: None
[2024-04-16T08:57:06.034+0000] {taskinstance.py:441} INFO - ::group::Post task execution logs
[2024-04-16T08:57:06.041+0000] {taskinstance.py:1205} INFO - Marking task as SUCCESS. dag_id=spotify_final_dag, task_id=hello2, execution_date=20240416T041000, start_date=20240416T085704, end_date=20240416T085706
[2024-04-16T08:57:06.094+0000] {local_task_job_runner.py:240} INFO - Task exited with return code 0
[2024-04-16T08:57:06.106+0000] {taskinstance.py:3482} INFO - 0 downstream tasks scheduled from follow-on schedule check
[2024-04-16T08:57:06.108+0000] {local_task_job_runner.py:222} INFO - ::endgroup::
[2024-04-16T09:21:43.060+0000] {local_task_job_runner.py:120} INFO - ::group::Pre task execution logs
[2024-04-16T09:21:43.082+0000] {taskinstance.py:2073} INFO - Dependencies all met for dep_context=non-requeueable deps ti=<TaskInstance: spotify_final_dag.hello2 scheduled__2024-04-16T04:10:00+00:00 [queued]>
[2024-04-16T09:21:43.090+0000] {taskinstance.py:2073} INFO - Dependencies all met for dep_context=requeueable deps ti=<TaskInstance: spotify_final_dag.hello2 scheduled__2024-04-16T04:10:00+00:00 [queued]>
[2024-04-16T09:21:43.090+0000] {taskinstance.py:2303} INFO - Starting attempt 1 of 2
[2024-04-16T09:21:43.105+0000] {taskinstance.py:2327} INFO - Executing <Task(PythonOperator): hello2> on 2024-04-16 04:10:00+00:00
[2024-04-16T09:21:43.112+0000] {warnings.py:110} WARNING - /home/***/.local/lib/python3.12/site-packages/***/task/task_runner/standard_task_runner.py:61: DeprecationWarning: This process (pid=840) is multi-threaded, use of fork() may lead to deadlocks in the child.
  pid = os.fork()

[2024-04-16T09:21:43.113+0000] {standard_task_runner.py:63} INFO - Started process 863 to run task
[2024-04-16T09:21:43.114+0000] {standard_task_runner.py:90} INFO - Running: ['***', 'tasks', 'run', 'spotify_final_dag', 'hello2', 'scheduled__2024-04-16T04:10:00+00:00', '--job-id', '90', '--raw', '--subdir', 'DAGS_FOLDER/dag.py', '--cfg-path', '/tmp/tmpbz3q33e3']
[2024-04-16T09:21:43.115+0000] {standard_task_runner.py:91} INFO - Job 90: Subtask hello2
[2024-04-16T09:21:43.154+0000] {task_command.py:426} INFO - Running <TaskInstance: spotify_final_dag.hello2 scheduled__2024-04-16T04:10:00+00:00 [running]> on host 52651c1f9987
[2024-04-16T09:21:43.231+0000] {taskinstance.py:2644} INFO - Exporting env vars: AIRFLOW_CTX_DAG_OWNER='***' AIRFLOW_CTX_DAG_ID='spotify_final_dag' AIRFLOW_CTX_TASK_ID='hello2' AIRFLOW_CTX_EXECUTION_DATE='2024-04-16T04:10:00+00:00' AIRFLOW_CTX_TRY_NUMBER='1' AIRFLOW_CTX_DAG_RUN_ID='scheduled__2024-04-16T04:10:00+00:00'
[2024-04-16T09:21:43.232+0000] {taskinstance.py:430} INFO - ::endgroup::
[2024-04-16T09:21:43.647+0000] {logging_mixin.py:188} INFO - Connection successful
[2024-04-16T09:21:44.105+0000] {logging_mixin.py:188} INFO - Connection successful
[2024-04-16T09:21:44.531+0000] {logging_mixin.py:188} INFO - Connection successful
[2024-04-16T09:21:44.535+0000] {logging_mixin.py:188} INFO - Null Not Found
[2024-04-16T09:21:44.536+0000] {logging_mixin.py:188} INFO - Null Not Found
[2024-04-16T09:21:44.546+0000] {logging_mixin.py:188} INFO - Null Not Found
[2024-04-16T09:21:44.547+0000] {logging_mixin.py:188} INFO - Null Not Found
[2024-04-16T09:21:44.549+0000] {logging_mixin.py:188} INFO - Null Not Found
[2024-04-16T09:21:44.549+0000] {logging_mixin.py:188} INFO - Null Not Found
[2024-04-16T09:21:44.551+0000] {python.py:237} INFO - Done. Returned value was: None
[2024-04-16T09:21:44.551+0000] {taskinstance.py:441} INFO - ::group::Post task execution logs
[2024-04-16T09:21:44.560+0000] {taskinstance.py:1205} INFO - Marking task as SUCCESS. dag_id=spotify_final_dag, task_id=hello2, execution_date=20240416T041000, start_date=20240416T092143, end_date=20240416T092144
[2024-04-16T09:21:44.611+0000] {local_task_job_runner.py:240} INFO - Task exited with return code 0
[2024-04-16T09:21:44.626+0000] {taskinstance.py:3482} INFO - 0 downstream tasks scheduled from follow-on schedule check
[2024-04-16T09:21:44.628+0000] {local_task_job_runner.py:222} INFO - ::endgroup::
[2024-04-16T09:32:58.676+0000] {local_task_job_runner.py:120} INFO - ::group::Pre task execution logs
[2024-04-16T09:32:58.694+0000] {taskinstance.py:2073} INFO - Dependencies all met for dep_context=non-requeueable deps ti=<TaskInstance: spotify_final_dag.hello2 scheduled__2024-04-16T04:10:00+00:00 [queued]>
[2024-04-16T09:32:58.701+0000] {taskinstance.py:2073} INFO - Dependencies all met for dep_context=requeueable deps ti=<TaskInstance: spotify_final_dag.hello2 scheduled__2024-04-16T04:10:00+00:00 [queued]>
[2024-04-16T09:32:58.701+0000] {taskinstance.py:2303} INFO - Starting attempt 1 of 2
[2024-04-16T09:32:58.713+0000] {taskinstance.py:2327} INFO - Executing <Task(PythonOperator): hello2> on 2024-04-16 04:10:00+00:00
[2024-04-16T09:32:58.719+0000] {warnings.py:110} WARNING - /home/***/.local/lib/python3.12/site-packages/***/task/task_runner/standard_task_runner.py:61: DeprecationWarning: This process (pid=1066) is multi-threaded, use of fork() may lead to deadlocks in the child.
  pid = os.fork()

[2024-04-16T09:32:58.721+0000] {standard_task_runner.py:63} INFO - Started process 1073 to run task
[2024-04-16T09:32:58.722+0000] {standard_task_runner.py:90} INFO - Running: ['***', 'tasks', 'run', 'spotify_final_dag', 'hello2', 'scheduled__2024-04-16T04:10:00+00:00', '--job-id', '109', '--raw', '--subdir', 'DAGS_FOLDER/dag.py', '--cfg-path', '/tmp/tmp50e034f8']
[2024-04-16T09:32:58.724+0000] {standard_task_runner.py:91} INFO - Job 109: Subtask hello2
[2024-04-16T09:32:58.778+0000] {task_command.py:426} INFO - Running <TaskInstance: spotify_final_dag.hello2 scheduled__2024-04-16T04:10:00+00:00 [running]> on host 52651c1f9987
[2024-04-16T09:32:58.868+0000] {taskinstance.py:2644} INFO - Exporting env vars: AIRFLOW_CTX_DAG_OWNER='***' AIRFLOW_CTX_DAG_ID='spotify_final_dag' AIRFLOW_CTX_TASK_ID='hello2' AIRFLOW_CTX_EXECUTION_DATE='2024-04-16T04:10:00+00:00' AIRFLOW_CTX_TRY_NUMBER='1' AIRFLOW_CTX_DAG_RUN_ID='scheduled__2024-04-16T04:10:00+00:00'
[2024-04-16T09:32:58.871+0000] {taskinstance.py:430} INFO - ::endgroup::
[2024-04-16T09:32:59.263+0000] {logging_mixin.py:188} INFO - Connection successful
[2024-04-16T09:32:59.700+0000] {logging_mixin.py:188} INFO - Connection successful
[2024-04-16T09:33:00.148+0000] {logging_mixin.py:188} INFO - Connection successful
[2024-04-16T09:33:00.152+0000] {logging_mixin.py:188} INFO - Null Not Found
[2024-04-16T09:33:00.153+0000] {logging_mixin.py:188} INFO - Null Not Found
[2024-04-16T09:33:00.161+0000] {logging_mixin.py:188} INFO - Null Not Found
[2024-04-16T09:33:00.161+0000] {logging_mixin.py:188} INFO - Null Not Found
[2024-04-16T09:33:00.162+0000] {logging_mixin.py:188} INFO - Null Not Found
[2024-04-16T09:33:00.163+0000] {logging_mixin.py:188} INFO - Null Not Found
[2024-04-16T09:33:00.164+0000] {python.py:237} INFO - Done. Returned value was: None
[2024-04-16T09:33:00.164+0000] {taskinstance.py:441} INFO - ::group::Post task execution logs
[2024-04-16T09:33:00.170+0000] {taskinstance.py:1205} INFO - Marking task as SUCCESS. dag_id=spotify_final_dag, task_id=hello2, execution_date=20240416T041000, start_date=20240416T093258, end_date=20240416T093300
[2024-04-16T09:33:00.220+0000] {local_task_job_runner.py:240} INFO - Task exited with return code 0
[2024-04-16T09:33:00.233+0000] {taskinstance.py:3482} INFO - 0 downstream tasks scheduled from follow-on schedule check
[2024-04-16T09:33:00.235+0000] {local_task_job_runner.py:222} INFO - ::endgroup::
[2024-04-16T09:40:36.463+0000] {local_task_job_runner.py:120} INFO - ::group::Pre task execution logs
[2024-04-16T09:40:36.495+0000] {taskinstance.py:2073} INFO - Dependencies all met for dep_context=non-requeueable deps ti=<TaskInstance: spotify_final_dag.hello2 scheduled__2024-04-16T04:10:00+00:00 [queued]>
[2024-04-16T09:40:36.509+0000] {taskinstance.py:2073} INFO - Dependencies all met for dep_context=requeueable deps ti=<TaskInstance: spotify_final_dag.hello2 scheduled__2024-04-16T04:10:00+00:00 [queued]>
[2024-04-16T09:40:36.510+0000] {taskinstance.py:2303} INFO - Starting attempt 1 of 2
[2024-04-16T09:40:36.678+0000] {taskinstance.py:2327} INFO - Executing <Task(PythonOperator): hello2> on 2024-04-16 04:10:00+00:00
[2024-04-16T09:40:36.698+0000] {warnings.py:110} WARNING - /home/***/.local/lib/python3.12/site-packages/***/task/task_runner/standard_task_runner.py:61: DeprecationWarning: This process (pid=2713) is multi-threaded, use of fork() may lead to deadlocks in the child.
  pid = os.fork()

[2024-04-16T09:40:36.700+0000] {standard_task_runner.py:63} INFO - Started process 2744 to run task
[2024-04-16T09:40:36.702+0000] {standard_task_runner.py:90} INFO - Running: ['***', 'tasks', 'run', 'spotify_final_dag', 'hello2', 'scheduled__2024-04-16T04:10:00+00:00', '--job-id', '630', '--raw', '--subdir', 'DAGS_FOLDER/dag.py', '--cfg-path', '/tmp/tmpiz0jrkug']
[2024-04-16T09:40:36.706+0000] {standard_task_runner.py:91} INFO - Job 630: Subtask hello2
[2024-04-16T09:40:36.796+0000] {task_command.py:426} INFO - Running <TaskInstance: spotify_final_dag.hello2 scheduled__2024-04-16T04:10:00+00:00 [running]> on host 52651c1f9987
[2024-04-16T09:40:36.914+0000] {taskinstance.py:2644} INFO - Exporting env vars: AIRFLOW_CTX_DAG_OWNER='***' AIRFLOW_CTX_DAG_ID='spotify_final_dag' AIRFLOW_CTX_TASK_ID='hello2' AIRFLOW_CTX_EXECUTION_DATE='2024-04-16T04:10:00+00:00' AIRFLOW_CTX_TRY_NUMBER='1' AIRFLOW_CTX_DAG_RUN_ID='scheduled__2024-04-16T04:10:00+00:00'
[2024-04-16T09:40:36.916+0000] {taskinstance.py:430} INFO - ::endgroup::
[2024-04-16T09:40:37.374+0000] {logging_mixin.py:188} INFO - Connection successful
[2024-04-16T09:40:37.823+0000] {logging_mixin.py:188} INFO - Connection successful
[2024-04-16T09:40:38.235+0000] {logging_mixin.py:188} INFO - Connection successful
[2024-04-16T09:40:38.239+0000] {logging_mixin.py:188} INFO - Null Not Found
[2024-04-16T09:40:38.240+0000] {logging_mixin.py:188} INFO - Null Not Found
[2024-04-16T09:40:38.250+0000] {logging_mixin.py:188} INFO - Null Not Found
[2024-04-16T09:40:38.251+0000] {logging_mixin.py:188} INFO - Null Not Found
[2024-04-16T09:40:38.253+0000] {logging_mixin.py:188} INFO - Null Not Found
[2024-04-16T09:40:38.254+0000] {logging_mixin.py:188} INFO - Null Not Found
[2024-04-16T09:40:38.255+0000] {python.py:237} INFO - Done. Returned value was: None
[2024-04-16T09:40:38.256+0000] {taskinstance.py:441} INFO - ::group::Post task execution logs
[2024-04-16T09:40:38.266+0000] {taskinstance.py:1205} INFO - Marking task as SUCCESS. dag_id=spotify_final_dag, task_id=hello2, execution_date=20240416T041000, start_date=20240416T094036, end_date=20240416T094038
[2024-04-16T09:40:38.289+0000] {local_task_job_runner.py:240} INFO - Task exited with return code 0
[2024-04-16T09:40:38.305+0000] {taskinstance.py:3482} INFO - 0 downstream tasks scheduled from follow-on schedule check
[2024-04-16T09:40:38.307+0000] {local_task_job_runner.py:222} INFO - ::endgroup::
[2024-04-16T09:48:00.384+0000] {local_task_job_runner.py:120} INFO - ::group::Pre task execution logs
[2024-04-16T09:48:00.407+0000] {taskinstance.py:2073} INFO - Dependencies all met for dep_context=non-requeueable deps ti=<TaskInstance: spotify_final_dag.hello2 scheduled__2024-04-16T04:10:00+00:00 [queued]>
[2024-04-16T09:48:00.415+0000] {taskinstance.py:2073} INFO - Dependencies all met for dep_context=requeueable deps ti=<TaskInstance: spotify_final_dag.hello2 scheduled__2024-04-16T04:10:00+00:00 [queued]>
[2024-04-16T09:48:00.416+0000] {taskinstance.py:2303} INFO - Starting attempt 1 of 2
[2024-04-16T09:48:00.433+0000] {taskinstance.py:2327} INFO - Executing <Task(PythonOperator): hello2> on 2024-04-16 04:10:00+00:00
[2024-04-16T09:48:00.441+0000] {warnings.py:110} WARNING - /home/***/.local/lib/python3.12/site-packages/***/task/task_runner/standard_task_runner.py:61: DeprecationWarning: This process (pid=4515) is multi-threaded, use of fork() may lead to deadlocks in the child.
  pid = os.fork()

[2024-04-16T09:48:00.443+0000] {standard_task_runner.py:63} INFO - Started process 4530 to run task
[2024-04-16T09:48:00.443+0000] {standard_task_runner.py:90} INFO - Running: ['***', 'tasks', 'run', 'spotify_final_dag', 'hello2', 'scheduled__2024-04-16T04:10:00+00:00', '--job-id', '1198', '--raw', '--subdir', 'DAGS_FOLDER/dag.py', '--cfg-path', '/tmp/tmp80oso4_b']
[2024-04-16T09:48:00.444+0000] {standard_task_runner.py:91} INFO - Job 1198: Subtask hello2
[2024-04-16T09:48:00.484+0000] {task_command.py:426} INFO - Running <TaskInstance: spotify_final_dag.hello2 scheduled__2024-04-16T04:10:00+00:00 [running]> on host 52651c1f9987
[2024-04-16T09:48:00.555+0000] {taskinstance.py:2644} INFO - Exporting env vars: AIRFLOW_CTX_DAG_OWNER='***' AIRFLOW_CTX_DAG_ID='spotify_final_dag' AIRFLOW_CTX_TASK_ID='hello2' AIRFLOW_CTX_EXECUTION_DATE='2024-04-16T04:10:00+00:00' AIRFLOW_CTX_TRY_NUMBER='1' AIRFLOW_CTX_DAG_RUN_ID='scheduled__2024-04-16T04:10:00+00:00'
[2024-04-16T09:48:00.556+0000] {taskinstance.py:430} INFO - ::endgroup::
[2024-04-16T09:48:01.625+0000] {logging_mixin.py:188} INFO - Connection successful
[2024-04-16T09:48:02.029+0000] {logging_mixin.py:188} INFO - Connection successful
[2024-04-16T09:48:02.462+0000] {logging_mixin.py:188} INFO - Connection successful
[2024-04-16T09:48:02.466+0000] {logging_mixin.py:188} INFO - Null Not Found
[2024-04-16T09:48:02.467+0000] {logging_mixin.py:188} INFO - Null Not Found
[2024-04-16T09:48:02.476+0000] {logging_mixin.py:188} INFO - Null Not Found
[2024-04-16T09:48:02.477+0000] {logging_mixin.py:188} INFO - Null Not Found
[2024-04-16T09:48:02.478+0000] {logging_mixin.py:188} INFO - Null Not Found
[2024-04-16T09:48:02.479+0000] {logging_mixin.py:188} INFO - Null Not Found
[2024-04-16T09:48:02.480+0000] {python.py:237} INFO - Done. Returned value was: None
[2024-04-16T09:48:02.480+0000] {taskinstance.py:441} INFO - ::group::Post task execution logs
[2024-04-16T09:48:02.488+0000] {taskinstance.py:1205} INFO - Marking task as SUCCESS. dag_id=spotify_final_dag, task_id=hello2, execution_date=20240416T041000, start_date=20240416T094800, end_date=20240416T094802
[2024-04-16T09:48:02.503+0000] {local_task_job_runner.py:240} INFO - Task exited with return code 0
[2024-04-16T09:48:02.515+0000] {taskinstance.py:3482} INFO - 0 downstream tasks scheduled from follow-on schedule check
[2024-04-16T09:48:02.517+0000] {local_task_job_runner.py:222} INFO - ::endgroup::
