[2024-04-16T09:41:16.371+0000] {local_task_job_runner.py:120} INFO - ::group::Pre task execution logs
[2024-04-16T09:41:16.397+0000] {taskinstance.py:2073} INFO - Dependencies all met for dep_context=non-requeueable deps ti=<TaskInstance: spotify_final_dag.hello2 scheduled__2024-04-16T05:16:00+00:00 [queued]>
[2024-04-16T09:41:16.410+0000] {taskinstance.py:2073} INFO - Dependencies all met for dep_context=requeueable deps ti=<TaskInstance: spotify_final_dag.hello2 scheduled__2024-04-16T05:16:00+00:00 [queued]>
[2024-04-16T09:41:16.410+0000] {taskinstance.py:2303} INFO - Starting attempt 1 of 2
[2024-04-16T09:41:16.428+0000] {taskinstance.py:2327} INFO - Executing <Task(PythonOperator): hello2> on 2024-04-16 05:16:00+00:00
[2024-04-16T09:41:16.442+0000] {standard_task_runner.py:90} INFO - Running: ['***', 'tasks', 'run', 'spotify_final_dag', 'hello2', 'scheduled__2024-04-16T05:16:00+00:00', '--job-id', '759', '--raw', '--subdir', 'DAGS_FOLDER/dag.py', '--cfg-path', '/tmp/tmps6yspx71']
[2024-04-16T09:41:16.441+0000] {warnings.py:110} WARNING - /home/***/.local/lib/python3.12/site-packages/***/task/task_runner/standard_task_runner.py:61: DeprecationWarning: This process (pid=3111) is multi-threaded, use of fork() may lead to deadlocks in the child.
  pid = os.fork()

[2024-04-16T09:41:16.443+0000] {standard_task_runner.py:91} INFO - Job 759: Subtask hello2
[2024-04-16T09:41:16.443+0000] {standard_task_runner.py:63} INFO - Started process 3137 to run task
[2024-04-16T09:41:16.502+0000] {task_command.py:426} INFO - Running <TaskInstance: spotify_final_dag.hello2 scheduled__2024-04-16T05:16:00+00:00 [running]> on host 52651c1f9987
[2024-04-16T09:41:16.624+0000] {taskinstance.py:2644} INFO - Exporting env vars: AIRFLOW_CTX_DAG_OWNER='***' AIRFLOW_CTX_DAG_ID='spotify_final_dag' AIRFLOW_CTX_TASK_ID='hello2' AIRFLOW_CTX_EXECUTION_DATE='2024-04-16T05:16:00+00:00' AIRFLOW_CTX_TRY_NUMBER='1' AIRFLOW_CTX_DAG_RUN_ID='scheduled__2024-04-16T05:16:00+00:00'
[2024-04-16T09:41:16.626+0000] {taskinstance.py:430} INFO - ::endgroup::
[2024-04-16T09:41:17.053+0000] {logging_mixin.py:188} INFO - Connection successful
[2024-04-16T09:41:17.517+0000] {logging_mixin.py:188} INFO - Connection successful
[2024-04-16T09:41:17.935+0000] {logging_mixin.py:188} INFO - Connection successful
[2024-04-16T09:41:17.938+0000] {logging_mixin.py:188} INFO - Null Not Found
[2024-04-16T09:41:17.939+0000] {logging_mixin.py:188} INFO - Null Not Found
[2024-04-16T09:41:17.949+0000] {logging_mixin.py:188} INFO - Null Not Found
[2024-04-16T09:41:17.950+0000] {logging_mixin.py:188} INFO - Null Not Found
[2024-04-16T09:41:17.951+0000] {logging_mixin.py:188} INFO - Null Not Found
[2024-04-16T09:41:17.952+0000] {logging_mixin.py:188} INFO - Null Not Found
[2024-04-16T09:41:17.953+0000] {python.py:237} INFO - Done. Returned value was: None
[2024-04-16T09:41:17.954+0000] {taskinstance.py:441} INFO - ::group::Post task execution logs
[2024-04-16T09:41:17.961+0000] {taskinstance.py:1205} INFO - Marking task as SUCCESS. dag_id=spotify_final_dag, task_id=hello2, execution_date=20240416T051600, start_date=20240416T094116, end_date=20240416T094117
[2024-04-16T09:41:17.981+0000] {local_task_job_runner.py:240} INFO - Task exited with return code 0
[2024-04-16T09:41:17.992+0000] {taskinstance.py:3482} INFO - 0 downstream tasks scheduled from follow-on schedule check
[2024-04-16T09:41:17.994+0000] {local_task_job_runner.py:222} INFO - ::endgroup::
[2024-04-16T09:48:20.788+0000] {local_task_job_runner.py:120} INFO - ::group::Pre task execution logs
[2024-04-16T09:48:20.806+0000] {taskinstance.py:2073} INFO - Dependencies all met for dep_context=non-requeueable deps ti=<TaskInstance: spotify_final_dag.hello2 scheduled__2024-04-16T05:16:00+00:00 [queued]>
[2024-04-16T09:48:20.815+0000] {taskinstance.py:2073} INFO - Dependencies all met for dep_context=requeueable deps ti=<TaskInstance: spotify_final_dag.hello2 scheduled__2024-04-16T05:16:00+00:00 [queued]>
[2024-04-16T09:48:20.815+0000] {taskinstance.py:2303} INFO - Starting attempt 1 of 2
[2024-04-16T09:48:20.827+0000] {taskinstance.py:2327} INFO - Executing <Task(PythonOperator): hello2> on 2024-04-16 05:16:00+00:00
[2024-04-16T09:48:20.833+0000] {warnings.py:110} WARNING - /home/***/.local/lib/python3.12/site-packages/***/task/task_runner/standard_task_runner.py:61: DeprecationWarning: This process (pid=4717) is multi-threaded, use of fork() may lead to deadlocks in the child.
  pid = os.fork()

[2024-04-16T09:48:20.834+0000] {standard_task_runner.py:63} INFO - Started process 4730 to run task
[2024-04-16T09:48:20.834+0000] {standard_task_runner.py:90} INFO - Running: ['***', 'tasks', 'run', 'spotify_final_dag', 'hello2', 'scheduled__2024-04-16T05:16:00+00:00', '--job-id', '1263', '--raw', '--subdir', 'DAGS_FOLDER/dag.py', '--cfg-path', '/tmp/tmpbhino61b']
[2024-04-16T09:48:20.835+0000] {standard_task_runner.py:91} INFO - Job 1263: Subtask hello2
[2024-04-16T09:48:20.873+0000] {task_command.py:426} INFO - Running <TaskInstance: spotify_final_dag.hello2 scheduled__2024-04-16T05:16:00+00:00 [running]> on host 52651c1f9987
[2024-04-16T09:48:20.950+0000] {taskinstance.py:2644} INFO - Exporting env vars: AIRFLOW_CTX_DAG_OWNER='***' AIRFLOW_CTX_DAG_ID='spotify_final_dag' AIRFLOW_CTX_TASK_ID='hello2' AIRFLOW_CTX_EXECUTION_DATE='2024-04-16T05:16:00+00:00' AIRFLOW_CTX_TRY_NUMBER='1' AIRFLOW_CTX_DAG_RUN_ID='scheduled__2024-04-16T05:16:00+00:00'
[2024-04-16T09:48:20.951+0000] {taskinstance.py:430} INFO - ::endgroup::
[2024-04-16T09:48:21.409+0000] {logging_mixin.py:188} INFO - Connection successful
[2024-04-16T09:48:21.835+0000] {logging_mixin.py:188} INFO - Connection successful
[2024-04-16T09:48:22.220+0000] {logging_mixin.py:188} INFO - Connection successful
[2024-04-16T09:48:22.223+0000] {logging_mixin.py:188} INFO - Null Not Found
[2024-04-16T09:48:22.224+0000] {logging_mixin.py:188} INFO - Null Not Found
[2024-04-16T09:48:22.233+0000] {logging_mixin.py:188} INFO - Null Not Found
[2024-04-16T09:48:22.234+0000] {logging_mixin.py:188} INFO - Null Not Found
[2024-04-16T09:48:22.236+0000] {logging_mixin.py:188} INFO - Null Not Found
[2024-04-16T09:48:22.236+0000] {logging_mixin.py:188} INFO - Null Not Found
[2024-04-16T09:48:22.238+0000] {python.py:237} INFO - Done. Returned value was: None
[2024-04-16T09:48:22.238+0000] {taskinstance.py:441} INFO - ::group::Post task execution logs
[2024-04-16T09:48:22.245+0000] {taskinstance.py:1205} INFO - Marking task as SUCCESS. dag_id=spotify_final_dag, task_id=hello2, execution_date=20240416T051600, start_date=20240416T094820, end_date=20240416T094822
[2024-04-16T09:48:22.294+0000] {local_task_job_runner.py:240} INFO - Task exited with return code 0
[2024-04-16T09:48:22.309+0000] {taskinstance.py:3482} INFO - 0 downstream tasks scheduled from follow-on schedule check
[2024-04-16T09:48:22.312+0000] {local_task_job_runner.py:222} INFO - ::endgroup::
