[2024-04-17T07:31:42.944+0000] {local_task_job_runner.py:120} INFO - ::group::Pre task execution logs
[2024-04-17T07:31:42.967+0000] {taskinstance.py:2073} INFO - Dependencies all met for dep_context=non-requeueable deps ti=<TaskInstance: etl_for_spotify.processes scheduled__2024-04-16T07:02:00+00:00 [queued]>
[2024-04-17T07:31:42.977+0000] {taskinstance.py:2073} INFO - Dependencies all met for dep_context=requeueable deps ti=<TaskInstance: etl_for_spotify.processes scheduled__2024-04-16T07:02:00+00:00 [queued]>
[2024-04-17T07:31:42.978+0000] {taskinstance.py:2303} INFO - Starting attempt 1 of 2
[2024-04-17T07:31:42.994+0000] {taskinstance.py:2327} INFO - Executing <Task(PythonOperator): processes> on 2024-04-16 07:02:00+00:00
[2024-04-17T07:31:43.004+0000] {warnings.py:110} WARNING - /home/***/.local/lib/python3.12/site-packages/***/task/task_runner/standard_task_runner.py:61: DeprecationWarning: This process (pid=6775) is multi-threaded, use of fork() may lead to deadlocks in the child.
  pid = os.fork()

[2024-04-17T07:31:43.006+0000] {standard_task_runner.py:63} INFO - Started process 6800 to run task
[2024-04-17T07:31:43.006+0000] {standard_task_runner.py:90} INFO - Running: ['***', 'tasks', 'run', 'etl_for_spotify', 'processes', 'scheduled__2024-04-16T07:02:00+00:00', '--job-id', '3223', '--raw', '--subdir', 'DAGS_FOLDER/dag.py', '--cfg-path', '/tmp/tmpax1r93ed']
[2024-04-17T07:31:43.008+0000] {standard_task_runner.py:91} INFO - Job 3223: Subtask processes
[2024-04-17T07:31:43.061+0000] {task_command.py:426} INFO - Running <TaskInstance: etl_for_spotify.processes scheduled__2024-04-16T07:02:00+00:00 [running]> on host 52651c1f9987
[2024-04-17T07:31:43.155+0000] {taskinstance.py:2644} INFO - Exporting env vars: AIRFLOW_CTX_DAG_OWNER='***' AIRFLOW_CTX_DAG_ID='etl_for_spotify' AIRFLOW_CTX_TASK_ID='processes' AIRFLOW_CTX_EXECUTION_DATE='2024-04-16T07:02:00+00:00' AIRFLOW_CTX_TRY_NUMBER='1' AIRFLOW_CTX_DAG_RUN_ID='scheduled__2024-04-16T07:02:00+00:00'
[2024-04-17T07:31:43.157+0000] {taskinstance.py:430} INFO - ::endgroup::
[2024-04-17T07:31:43.592+0000] {logging_mixin.py:188} INFO - Connection successful
[2024-04-17T07:31:44.003+0000] {logging_mixin.py:188} INFO - Connection successful
[2024-04-17T07:31:44.455+0000] {logging_mixin.py:188} INFO - Connection successful
[2024-04-17T07:31:44.459+0000] {logging_mixin.py:188} INFO - Null Not Found
[2024-04-17T07:31:44.461+0000] {logging_mixin.py:188} INFO - Null Not Found
[2024-04-17T07:31:44.470+0000] {logging_mixin.py:188} INFO - Null Not Found
[2024-04-17T07:31:44.471+0000] {logging_mixin.py:188} INFO - Null Not Found
[2024-04-17T07:31:44.474+0000] {logging_mixin.py:188} INFO - Null Not Found
[2024-04-17T07:31:44.476+0000] {logging_mixin.py:188} INFO - Null Not Found
[2024-04-17T07:31:44.478+0000] {python.py:237} INFO - Done. Returned value was: None
[2024-04-17T07:31:44.479+0000] {taskinstance.py:441} INFO - ::group::Post task execution logs
[2024-04-17T07:31:44.488+0000] {taskinstance.py:1205} INFO - Marking task as SUCCESS. dag_id=etl_for_spotify, task_id=processes, execution_date=20240416T070200, start_date=20240417T073142, end_date=20240417T073144
[2024-04-17T07:31:44.545+0000] {local_task_job_runner.py:240} INFO - Task exited with return code 0
[2024-04-17T07:31:44.560+0000] {taskinstance.py:3482} INFO - 0 downstream tasks scheduled from follow-on schedule check
[2024-04-17T07:31:44.562+0000] {local_task_job_runner.py:222} INFO - ::endgroup::
