[2024-04-17T07:31:22.572+0000] {local_task_job_runner.py:120} INFO - ::group::Pre task execution logs
[2024-04-17T07:31:22.594+0000] {taskinstance.py:2073} INFO - Dependencies all met for dep_context=non-requeueable deps ti=<TaskInstance: etl_for_spotify.processes scheduled__2024-04-16T06:10:00+00:00 [queued]>
[2024-04-17T07:31:22.602+0000] {taskinstance.py:2073} INFO - Dependencies all met for dep_context=requeueable deps ti=<TaskInstance: etl_for_spotify.processes scheduled__2024-04-16T06:10:00+00:00 [queued]>
[2024-04-17T07:31:22.602+0000] {taskinstance.py:2303} INFO - Starting attempt 1 of 2
[2024-04-17T07:31:22.614+0000] {taskinstance.py:2327} INFO - Executing <Task(PythonOperator): processes> on 2024-04-16 06:10:00+00:00
[2024-04-17T07:31:22.623+0000] {warnings.py:110} WARNING - /home/***/.local/lib/python3.12/site-packages/***/task/task_runner/standard_task_runner.py:61: DeprecationWarning: This process (pid=6584) is multi-threaded, use of fork() may lead to deadlocks in the child.
  pid = os.fork()

[2024-04-17T07:31:22.624+0000] {standard_task_runner.py:63} INFO - Started process 6613 to run task
[2024-04-17T07:31:22.625+0000] {standard_task_runner.py:90} INFO - Running: ['***', 'tasks', 'run', 'etl_for_spotify', 'processes', 'scheduled__2024-04-16T06:10:00+00:00', '--job-id', '3162', '--raw', '--subdir', 'DAGS_FOLDER/dag.py', '--cfg-path', '/tmp/tmp4tb7xfy2']
[2024-04-17T07:31:22.626+0000] {standard_task_runner.py:91} INFO - Job 3162: Subtask processes
[2024-04-17T07:31:22.675+0000] {task_command.py:426} INFO - Running <TaskInstance: etl_for_spotify.processes scheduled__2024-04-16T06:10:00+00:00 [running]> on host 52651c1f9987
[2024-04-17T07:31:22.780+0000] {taskinstance.py:2644} INFO - Exporting env vars: AIRFLOW_CTX_DAG_OWNER='***' AIRFLOW_CTX_DAG_ID='etl_for_spotify' AIRFLOW_CTX_TASK_ID='processes' AIRFLOW_CTX_EXECUTION_DATE='2024-04-16T06:10:00+00:00' AIRFLOW_CTX_TRY_NUMBER='1' AIRFLOW_CTX_DAG_RUN_ID='scheduled__2024-04-16T06:10:00+00:00'
[2024-04-17T07:31:22.781+0000] {taskinstance.py:430} INFO - ::endgroup::
[2024-04-17T07:31:23.228+0000] {logging_mixin.py:188} INFO - Connection successful
[2024-04-17T07:31:23.639+0000] {logging_mixin.py:188} INFO - Connection successful
[2024-04-17T07:31:24.059+0000] {logging_mixin.py:188} INFO - Connection successful
[2024-04-17T07:31:24.064+0000] {logging_mixin.py:188} INFO - Null Not Found
[2024-04-17T07:31:24.065+0000] {logging_mixin.py:188} INFO - Null Not Found
[2024-04-17T07:31:24.075+0000] {logging_mixin.py:188} INFO - Null Not Found
[2024-04-17T07:31:24.075+0000] {logging_mixin.py:188} INFO - Null Not Found
[2024-04-17T07:31:24.077+0000] {logging_mixin.py:188} INFO - Null Not Found
[2024-04-17T07:31:24.078+0000] {logging_mixin.py:188} INFO - Null Not Found
[2024-04-17T07:31:24.079+0000] {python.py:237} INFO - Done. Returned value was: None
[2024-04-17T07:31:24.080+0000] {taskinstance.py:441} INFO - ::group::Post task execution logs
[2024-04-17T07:31:24.088+0000] {taskinstance.py:1205} INFO - Marking task as SUCCESS. dag_id=etl_for_spotify, task_id=processes, execution_date=20240416T061000, start_date=20240417T073122, end_date=20240417T073124
[2024-04-17T07:31:24.122+0000] {local_task_job_runner.py:240} INFO - Task exited with return code 0
[2024-04-17T07:31:24.136+0000] {taskinstance.py:3482} INFO - 0 downstream tasks scheduled from follow-on schedule check
[2024-04-17T07:31:24.137+0000] {local_task_job_runner.py:222} INFO - ::endgroup::
