[2024-04-16T09:40:08.001+0000] {local_task_job_runner.py:120} INFO - ::group::Pre task execution logs
[2024-04-16T09:40:08.017+0000] {taskinstance.py:2073} INFO - Dependencies all met for dep_context=non-requeueable deps ti=<TaskInstance: spotify_final_dag.hello2 scheduled__2024-04-16T03:34:00+00:00 [queued]>
[2024-04-16T09:40:08.025+0000] {taskinstance.py:2073} INFO - Dependencies all met for dep_context=requeueable deps ti=<TaskInstance: spotify_final_dag.hello2 scheduled__2024-04-16T03:34:00+00:00 [queued]>
[2024-04-16T09:40:08.026+0000] {taskinstance.py:2303} INFO - Starting attempt 1 of 2
[2024-04-16T09:40:08.037+0000] {taskinstance.py:2327} INFO - Executing <Task(PythonOperator): hello2> on 2024-04-16 03:34:00+00:00
[2024-04-16T09:40:08.044+0000] {warnings.py:110} WARNING - /home/***/.local/lib/python3.12/site-packages/***/task/task_runner/standard_task_runner.py:61: DeprecationWarning: This process (pid=2457) is multi-threaded, use of fork() may lead to deadlocks in the child.
  pid = os.fork()

[2024-04-16T09:40:08.045+0000] {standard_task_runner.py:90} INFO - Running: ['***', 'tasks', 'run', 'spotify_final_dag', 'hello2', 'scheduled__2024-04-16T03:34:00+00:00', '--job-id', '547', '--raw', '--subdir', 'DAGS_FOLDER/dag.py', '--cfg-path', '/tmp/tmp_kldx6ha']
[2024-04-16T09:40:08.049+0000] {standard_task_runner.py:63} INFO - Started process 2471 to run task
[2024-04-16T09:40:08.049+0000] {standard_task_runner.py:91} INFO - Job 547: Subtask hello2
[2024-04-16T09:40:08.094+0000] {task_command.py:426} INFO - Running <TaskInstance: spotify_final_dag.hello2 scheduled__2024-04-16T03:34:00+00:00 [running]> on host 52651c1f9987
[2024-04-16T09:40:08.183+0000] {taskinstance.py:2644} INFO - Exporting env vars: AIRFLOW_CTX_DAG_OWNER='***' AIRFLOW_CTX_DAG_ID='spotify_final_dag' AIRFLOW_CTX_TASK_ID='hello2' AIRFLOW_CTX_EXECUTION_DATE='2024-04-16T03:34:00+00:00' AIRFLOW_CTX_TRY_NUMBER='1' AIRFLOW_CTX_DAG_RUN_ID='scheduled__2024-04-16T03:34:00+00:00'
[2024-04-16T09:40:08.185+0000] {taskinstance.py:430} INFO - ::endgroup::
[2024-04-16T09:40:08.667+0000] {logging_mixin.py:188} INFO - Connection successful
[2024-04-16T09:40:09.068+0000] {logging_mixin.py:188} INFO - Connection successful
[2024-04-16T09:40:09.511+0000] {logging_mixin.py:188} INFO - Connection successful
[2024-04-16T09:40:09.515+0000] {logging_mixin.py:188} INFO - Null Not Found
[2024-04-16T09:40:09.516+0000] {logging_mixin.py:188} INFO - Null Not Found
[2024-04-16T09:40:09.525+0000] {logging_mixin.py:188} INFO - Null Not Found
[2024-04-16T09:40:09.526+0000] {logging_mixin.py:188} INFO - Null Not Found
[2024-04-16T09:40:09.527+0000] {logging_mixin.py:188} INFO - Null Not Found
[2024-04-16T09:40:09.528+0000] {logging_mixin.py:188} INFO - Null Not Found
[2024-04-16T09:40:09.529+0000] {python.py:237} INFO - Done. Returned value was: None
[2024-04-16T09:40:09.529+0000] {taskinstance.py:441} INFO - ::group::Post task execution logs
[2024-04-16T09:40:09.537+0000] {taskinstance.py:1205} INFO - Marking task as SUCCESS. dag_id=spotify_final_dag, task_id=hello2, execution_date=20240416T033400, start_date=20240416T094008, end_date=20240416T094009
[2024-04-16T09:40:09.586+0000] {local_task_job_runner.py:240} INFO - Task exited with return code 0
[2024-04-16T09:40:09.599+0000] {taskinstance.py:3482} INFO - 0 downstream tasks scheduled from follow-on schedule check
[2024-04-16T09:40:09.601+0000] {local_task_job_runner.py:222} INFO - ::endgroup::
[2024-04-16T09:47:50.139+0000] {local_task_job_runner.py:120} INFO - ::group::Pre task execution logs
[2024-04-16T09:47:50.159+0000] {taskinstance.py:2073} INFO - Dependencies all met for dep_context=non-requeueable deps ti=<TaskInstance: spotify_final_dag.hello2 scheduled__2024-04-16T03:34:00+00:00 [queued]>
[2024-04-16T09:47:50.169+0000] {taskinstance.py:2073} INFO - Dependencies all met for dep_context=requeueable deps ti=<TaskInstance: spotify_final_dag.hello2 scheduled__2024-04-16T03:34:00+00:00 [queued]>
[2024-04-16T09:47:50.169+0000] {taskinstance.py:2303} INFO - Starting attempt 1 of 2
[2024-04-16T09:47:50.184+0000] {taskinstance.py:2327} INFO - Executing <Task(PythonOperator): hello2> on 2024-04-16 03:34:00+00:00
[2024-04-16T09:47:50.191+0000] {warnings.py:110} WARNING - /home/***/.local/lib/python3.12/site-packages/***/task/task_runner/standard_task_runner.py:61: DeprecationWarning: This process (pid=4411) is multi-threaded, use of fork() may lead to deadlocks in the child.
  pid = os.fork()

[2024-04-16T09:47:50.192+0000] {standard_task_runner.py:63} INFO - Started process 4430 to run task
[2024-04-16T09:47:50.193+0000] {standard_task_runner.py:90} INFO - Running: ['***', 'tasks', 'run', 'spotify_final_dag', 'hello2', 'scheduled__2024-04-16T03:34:00+00:00', '--job-id', '1164', '--raw', '--subdir', 'DAGS_FOLDER/dag.py', '--cfg-path', '/tmp/tmpxe8aclwo']
[2024-04-16T09:47:50.194+0000] {standard_task_runner.py:91} INFO - Job 1164: Subtask hello2
[2024-04-16T09:47:50.231+0000] {task_command.py:426} INFO - Running <TaskInstance: spotify_final_dag.hello2 scheduled__2024-04-16T03:34:00+00:00 [running]> on host 52651c1f9987
[2024-04-16T09:47:50.304+0000] {taskinstance.py:2644} INFO - Exporting env vars: AIRFLOW_CTX_DAG_OWNER='***' AIRFLOW_CTX_DAG_ID='spotify_final_dag' AIRFLOW_CTX_TASK_ID='hello2' AIRFLOW_CTX_EXECUTION_DATE='2024-04-16T03:34:00+00:00' AIRFLOW_CTX_TRY_NUMBER='1' AIRFLOW_CTX_DAG_RUN_ID='scheduled__2024-04-16T03:34:00+00:00'
[2024-04-16T09:47:50.305+0000] {taskinstance.py:430} INFO - ::endgroup::
[2024-04-16T09:47:50.711+0000] {logging_mixin.py:188} INFO - Connection successful
[2024-04-16T09:47:51.128+0000] {logging_mixin.py:188} INFO - Connection successful
[2024-04-16T09:47:51.536+0000] {logging_mixin.py:188} INFO - Connection successful
[2024-04-16T09:47:51.539+0000] {logging_mixin.py:188} INFO - Null Not Found
[2024-04-16T09:47:51.540+0000] {logging_mixin.py:188} INFO - Null Not Found
[2024-04-16T09:47:51.548+0000] {logging_mixin.py:188} INFO - Null Not Found
[2024-04-16T09:47:51.549+0000] {logging_mixin.py:188} INFO - Null Not Found
[2024-04-16T09:47:51.550+0000] {logging_mixin.py:188} INFO - Null Not Found
[2024-04-16T09:47:51.550+0000] {logging_mixin.py:188} INFO - Null Not Found
[2024-04-16T09:47:51.552+0000] {python.py:237} INFO - Done. Returned value was: None
[2024-04-16T09:47:51.552+0000] {taskinstance.py:441} INFO - ::group::Post task execution logs
[2024-04-16T09:47:51.559+0000] {taskinstance.py:1205} INFO - Marking task as SUCCESS. dag_id=spotify_final_dag, task_id=hello2, execution_date=20240416T033400, start_date=20240416T094750, end_date=20240416T094751
[2024-04-16T09:47:51.610+0000] {local_task_job_runner.py:240} INFO - Task exited with return code 0
[2024-04-16T09:47:51.623+0000] {taskinstance.py:3482} INFO - 0 downstream tasks scheduled from follow-on schedule check
[2024-04-16T09:47:51.625+0000] {local_task_job_runner.py:222} INFO - ::endgroup::
