[2024-04-16T09:37:49.306+0000] {local_task_job_runner.py:120} INFO - ::group::Pre task execution logs
[2024-04-16T09:37:49.337+0000] {taskinstance.py:2073} INFO - Dependencies all met for dep_context=non-requeueable deps ti=<TaskInstance: spotify_final_dag.hello2 scheduled__2024-04-16T00:08:00+00:00 [queued]>
[2024-04-16T09:37:49.348+0000] {taskinstance.py:2073} INFO - Dependencies all met for dep_context=requeueable deps ti=<TaskInstance: spotify_final_dag.hello2 scheduled__2024-04-16T00:08:00+00:00 [queued]>
[2024-04-16T09:37:49.350+0000] {taskinstance.py:2303} INFO - Starting attempt 1 of 2
[2024-04-16T09:37:49.367+0000] {taskinstance.py:2327} INFO - Executing <Task(PythonOperator): hello2> on 2024-04-16 00:08:00+00:00
[2024-04-16T09:37:49.382+0000] {warnings.py:110} WARNING - /home/***/.local/lib/python3.12/site-packages/***/task/task_runner/standard_task_runner.py:61: DeprecationWarning: This process (pid=1198) is multi-threaded, use of fork() may lead to deadlocks in the child.
  pid = os.fork()

[2024-04-16T09:37:49.383+0000] {standard_task_runner.py:90} INFO - Running: ['***', 'tasks', 'run', 'spotify_final_dag', 'hello2', 'scheduled__2024-04-16T00:08:00+00:00', '--job-id', '141', '--raw', '--subdir', 'DAGS_FOLDER/dag.py', '--cfg-path', '/tmp/tmp40ynmq3_']
[2024-04-16T09:37:49.384+0000] {standard_task_runner.py:63} INFO - Started process 1230 to run task
[2024-04-16T09:37:49.385+0000] {standard_task_runner.py:91} INFO - Job 141: Subtask hello2
[2024-04-16T09:37:49.454+0000] {task_command.py:426} INFO - Running <TaskInstance: spotify_final_dag.hello2 scheduled__2024-04-16T00:08:00+00:00 [running]> on host 52651c1f9987
[2024-04-16T09:37:49.544+0000] {taskinstance.py:2644} INFO - Exporting env vars: AIRFLOW_CTX_DAG_OWNER='***' AIRFLOW_CTX_DAG_ID='spotify_final_dag' AIRFLOW_CTX_TASK_ID='hello2' AIRFLOW_CTX_EXECUTION_DATE='2024-04-16T00:08:00+00:00' AIRFLOW_CTX_TRY_NUMBER='1' AIRFLOW_CTX_DAG_RUN_ID='scheduled__2024-04-16T00:08:00+00:00'
[2024-04-16T09:37:49.545+0000] {taskinstance.py:430} INFO - ::endgroup::
[2024-04-16T09:37:49.973+0000] {logging_mixin.py:188} INFO - Connection successful
[2024-04-16T09:37:50.420+0000] {logging_mixin.py:188} INFO - Connection successful
[2024-04-16T09:37:50.876+0000] {logging_mixin.py:188} INFO - Connection successful
[2024-04-16T09:37:50.880+0000] {logging_mixin.py:188} INFO - Null Not Found
[2024-04-16T09:37:50.881+0000] {logging_mixin.py:188} INFO - Null Not Found
[2024-04-16T09:37:50.889+0000] {logging_mixin.py:188} INFO - Null Not Found
[2024-04-16T09:37:50.890+0000] {logging_mixin.py:188} INFO - Null Not Found
[2024-04-16T09:37:50.891+0000] {logging_mixin.py:188} INFO - Null Not Found
[2024-04-16T09:37:50.891+0000] {logging_mixin.py:188} INFO - Null Not Found
[2024-04-16T09:37:50.893+0000] {python.py:237} INFO - Done. Returned value was: None
[2024-04-16T09:37:50.893+0000] {taskinstance.py:441} INFO - ::group::Post task execution logs
[2024-04-16T09:37:50.900+0000] {taskinstance.py:1205} INFO - Marking task as SUCCESS. dag_id=spotify_final_dag, task_id=hello2, execution_date=20240416T000800, start_date=20240416T093749, end_date=20240416T093750
[2024-04-16T09:37:50.923+0000] {local_task_job_runner.py:240} INFO - Task exited with return code 0
[2024-04-16T09:37:50.936+0000] {taskinstance.py:3482} INFO - 0 downstream tasks scheduled from follow-on schedule check
[2024-04-16T09:37:50.938+0000] {local_task_job_runner.py:222} INFO - ::endgroup::
[2024-04-16T09:44:31.840+0000] {local_task_job_runner.py:120} INFO - ::group::Pre task execution logs
[2024-04-16T09:44:31.872+0000] {taskinstance.py:2073} INFO - Dependencies all met for dep_context=non-requeueable deps ti=<TaskInstance: spotify_final_dag.hello2 scheduled__2024-04-16T00:08:00+00:00 [queued]>
[2024-04-16T09:44:31.885+0000] {taskinstance.py:2073} INFO - Dependencies all met for dep_context=requeueable deps ti=<TaskInstance: spotify_final_dag.hello2 scheduled__2024-04-16T00:08:00+00:00 [queued]>
[2024-04-16T09:44:31.886+0000] {taskinstance.py:2303} INFO - Starting attempt 1 of 2
[2024-04-16T09:44:31.902+0000] {taskinstance.py:2327} INFO - Executing <Task(PythonOperator): hello2> on 2024-04-16 00:08:00+00:00
[2024-04-16T09:44:31.911+0000] {warnings.py:110} WARNING - /home/***/.local/lib/python3.12/site-packages/***/task/task_runner/standard_task_runner.py:61: DeprecationWarning: This process (pid=3631) is multi-threaded, use of fork() may lead to deadlocks in the child.
  pid = os.fork()

[2024-04-16T09:44:31.913+0000] {standard_task_runner.py:63} INFO - Started process 3659 to run task
[2024-04-16T09:44:31.913+0000] {standard_task_runner.py:90} INFO - Running: ['***', 'tasks', 'run', 'spotify_final_dag', 'hello2', 'scheduled__2024-04-16T00:08:00+00:00', '--job-id', '918', '--raw', '--subdir', 'DAGS_FOLDER/dag.py', '--cfg-path', '/tmp/tmpirzfmi5h']
[2024-04-16T09:44:31.915+0000] {standard_task_runner.py:91} INFO - Job 918: Subtask hello2
[2024-04-16T09:44:31.962+0000] {task_command.py:426} INFO - Running <TaskInstance: spotify_final_dag.hello2 scheduled__2024-04-16T00:08:00+00:00 [running]> on host 52651c1f9987
[2024-04-16T09:44:32.043+0000] {taskinstance.py:2644} INFO - Exporting env vars: AIRFLOW_CTX_DAG_OWNER='***' AIRFLOW_CTX_DAG_ID='spotify_final_dag' AIRFLOW_CTX_TASK_ID='hello2' AIRFLOW_CTX_EXECUTION_DATE='2024-04-16T00:08:00+00:00' AIRFLOW_CTX_TRY_NUMBER='1' AIRFLOW_CTX_DAG_RUN_ID='scheduled__2024-04-16T00:08:00+00:00'
[2024-04-16T09:44:32.044+0000] {taskinstance.py:430} INFO - ::endgroup::
[2024-04-16T09:44:35.595+0000] {logging_mixin.py:188} INFO - There was a problem with the connection. Trial number 1, Status Code: 401
[2024-04-16T09:44:38.854+0000] {logging_mixin.py:188} INFO - There was a problem with the connection. Trial number 2, Status Code: 401
[2024-04-16T09:44:38.857+0000] {taskinstance.py:441} INFO - ::group::Post task execution logs
[2024-04-16T09:44:38.858+0000] {taskinstance.py:2890} ERROR - Task failed with exception
Traceback (most recent call last):
  File "/home/airflow/.local/lib/python3.12/site-packages/airflow/models/taskinstance.py", line 465, in _execute_task
    result = _execute_callable(context=context, **execute_callable_kwargs)
             ^^^^^^^^^^^^^^^^^^^^^^^^^^^^^^^^^^^^^^^^^^^^^^^^^^^^^^^^^^^^^
  File "/home/airflow/.local/lib/python3.12/site-packages/airflow/models/taskinstance.py", line 432, in _execute_callable
    return execute_callable(context=context, **execute_callable_kwargs)
           ^^^^^^^^^^^^^^^^^^^^^^^^^^^^^^^^^^^^^^^^^^^^^^^^^^^^^^^^^^^^
  File "/home/airflow/.local/lib/python3.12/site-packages/airflow/models/baseoperator.py", line 400, in wrapper
    return func(self, *args, **kwargs)
           ^^^^^^^^^^^^^^^^^^^^^^^^^^^
  File "/home/airflow/.local/lib/python3.12/site-packages/airflow/operators/python.py", line 235, in execute
    return_value = self.execute_callable()
                   ^^^^^^^^^^^^^^^^^^^^^^^
  File "/home/airflow/.local/lib/python3.12/site-packages/airflow/operators/python.py", line 252, in execute_callable
    return self.python_callable(*self.op_args, **self.op_kwargs)
           ^^^^^^^^^^^^^^^^^^^^^^^^^^^^^^^^^^^^^^^^^^^^^^^^^^^^^
  File "/opt/airflow/dags/get_data.py", line 95, in processes
    album_data = get_album(connection())
                 ^^^^^^^^^^^^^^^^^^^^^^^
  File "/opt/airflow/dags/get_data.py", line 11, in get_album
    for album in data["items"]:
                 ~~~~^^^^^^^^^
TypeError: 'NoneType' object is not subscriptable
[2024-04-16T09:44:38.868+0000] {taskinstance.py:1205} INFO - Marking task as UP_FOR_RETRY. dag_id=spotify_final_dag, task_id=hello2, execution_date=20240416T000800, start_date=20240416T094431, end_date=20240416T094438
[2024-04-16T09:44:38.877+0000] {standard_task_runner.py:110} ERROR - Failed to execute job 918 for task hello2 ('NoneType' object is not subscriptable; 3659)
[2024-04-16T09:44:38.905+0000] {local_task_job_runner.py:240} INFO - Task exited with return code 1
[2024-04-16T09:44:38.920+0000] {taskinstance.py:3482} INFO - 0 downstream tasks scheduled from follow-on schedule check
[2024-04-16T09:44:38.923+0000] {local_task_job_runner.py:222} INFO - ::endgroup::
[2024-04-16T09:46:46.543+0000] {local_task_job_runner.py:120} INFO - ::group::Pre task execution logs
[2024-04-16T09:46:46.574+0000] {taskinstance.py:2073} INFO - Dependencies all met for dep_context=non-requeueable deps ti=<TaskInstance: spotify_final_dag.hello2 scheduled__2024-04-16T00:08:00+00:00 [queued]>
[2024-04-16T09:46:46.590+0000] {taskinstance.py:2073} INFO - Dependencies all met for dep_context=requeueable deps ti=<TaskInstance: spotify_final_dag.hello2 scheduled__2024-04-16T00:08:00+00:00 [queued]>
[2024-04-16T09:46:46.591+0000] {taskinstance.py:2303} INFO - Starting attempt 1 of 2
[2024-04-16T09:46:46.653+0000] {taskinstance.py:2327} INFO - Executing <Task(PythonOperator): hello2> on 2024-04-16 00:08:00+00:00
[2024-04-16T09:46:46.663+0000] {warnings.py:110} WARNING - /home/***/.local/lib/python3.12/site-packages/***/task/task_runner/standard_task_runner.py:61: DeprecationWarning: This process (pid=3803) is multi-threaded, use of fork() may lead to deadlocks in the child.
  pid = os.fork()

[2024-04-16T09:46:46.665+0000] {standard_task_runner.py:63} INFO - Started process 3828 to run task
[2024-04-16T09:46:46.665+0000] {standard_task_runner.py:90} INFO - Running: ['***', 'tasks', 'run', 'spotify_final_dag', 'hello2', 'scheduled__2024-04-16T00:08:00+00:00', '--job-id', '967', '--raw', '--subdir', 'DAGS_FOLDER/dag.py', '--cfg-path', '/tmp/tmpnl9sf7fc']
[2024-04-16T09:46:46.669+0000] {standard_task_runner.py:91} INFO - Job 967: Subtask hello2
[2024-04-16T09:46:46.723+0000] {task_command.py:426} INFO - Running <TaskInstance: spotify_final_dag.hello2 scheduled__2024-04-16T00:08:00+00:00 [running]> on host 52651c1f9987
[2024-04-16T09:46:46.825+0000] {taskinstance.py:2644} INFO - Exporting env vars: AIRFLOW_CTX_DAG_OWNER='***' AIRFLOW_CTX_DAG_ID='spotify_final_dag' AIRFLOW_CTX_TASK_ID='hello2' AIRFLOW_CTX_EXECUTION_DATE='2024-04-16T00:08:00+00:00' AIRFLOW_CTX_TRY_NUMBER='1' AIRFLOW_CTX_DAG_RUN_ID='scheduled__2024-04-16T00:08:00+00:00'
[2024-04-16T09:46:46.826+0000] {taskinstance.py:430} INFO - ::endgroup::
[2024-04-16T09:46:47.276+0000] {logging_mixin.py:188} INFO - Connection successful
[2024-04-16T09:46:47.727+0000] {logging_mixin.py:188} INFO - Connection successful
[2024-04-16T09:46:48.181+0000] {logging_mixin.py:188} INFO - Connection successful
[2024-04-16T09:46:48.184+0000] {logging_mixin.py:188} INFO - Null Not Found
[2024-04-16T09:46:48.186+0000] {logging_mixin.py:188} INFO - Null Not Found
[2024-04-16T09:46:48.197+0000] {logging_mixin.py:188} INFO - Null Not Found
[2024-04-16T09:46:48.198+0000] {logging_mixin.py:188} INFO - Null Not Found
[2024-04-16T09:46:48.199+0000] {logging_mixin.py:188} INFO - Null Not Found
[2024-04-16T09:46:48.200+0000] {logging_mixin.py:188} INFO - Null Not Found
[2024-04-16T09:46:48.201+0000] {python.py:237} INFO - Done. Returned value was: None
[2024-04-16T09:46:48.201+0000] {taskinstance.py:441} INFO - ::group::Post task execution logs
[2024-04-16T09:46:48.209+0000] {taskinstance.py:1205} INFO - Marking task as SUCCESS. dag_id=spotify_final_dag, task_id=hello2, execution_date=20240416T000800, start_date=20240416T094646, end_date=20240416T094648
[2024-04-16T09:46:48.245+0000] {local_task_job_runner.py:240} INFO - Task exited with return code 0
[2024-04-16T09:46:48.328+0000] {taskinstance.py:3482} INFO - 0 downstream tasks scheduled from follow-on schedule check
[2024-04-16T09:46:48.330+0000] {local_task_job_runner.py:222} INFO - ::endgroup::
