[2024-04-16T09:39:35.397+0000] {local_task_job_runner.py:120} INFO - ::group::Pre task execution logs
[2024-04-16T09:39:35.428+0000] {taskinstance.py:2073} INFO - Dependencies all met for dep_context=non-requeueable deps ti=<TaskInstance: spotify_final_dag.hello2 scheduled__2024-04-16T02:34:00+00:00 [queued]>
[2024-04-16T09:39:35.443+0000] {taskinstance.py:2073} INFO - Dependencies all met for dep_context=requeueable deps ti=<TaskInstance: spotify_final_dag.hello2 scheduled__2024-04-16T02:34:00+00:00 [queued]>
[2024-04-16T09:39:35.445+0000] {taskinstance.py:2303} INFO - Starting attempt 1 of 2
[2024-04-16T09:39:35.472+0000] {taskinstance.py:2327} INFO - Executing <Task(PythonOperator): hello2> on 2024-04-16 02:34:00+00:00
[2024-04-16T09:39:35.485+0000] {warnings.py:110} WARNING - /home/***/.local/lib/python3.12/site-packages/***/task/task_runner/standard_task_runner.py:61: DeprecationWarning: This process (pid=2121) is multi-threaded, use of fork() may lead to deadlocks in the child.
  pid = os.fork()

[2024-04-16T09:39:35.487+0000] {standard_task_runner.py:63} INFO - Started process 2153 to run task
[2024-04-16T09:39:35.487+0000] {standard_task_runner.py:90} INFO - Running: ['***', 'tasks', 'run', 'spotify_final_dag', 'hello2', 'scheduled__2024-04-16T02:34:00+00:00', '--job-id', '438', '--raw', '--subdir', 'DAGS_FOLDER/dag.py', '--cfg-path', '/tmp/tmp8jgzrggj']
[2024-04-16T09:39:35.488+0000] {standard_task_runner.py:91} INFO - Job 438: Subtask hello2
[2024-04-16T09:39:35.598+0000] {task_command.py:426} INFO - Running <TaskInstance: spotify_final_dag.hello2 scheduled__2024-04-16T02:34:00+00:00 [running]> on host 52651c1f9987
[2024-04-16T09:39:35.762+0000] {taskinstance.py:2644} INFO - Exporting env vars: AIRFLOW_CTX_DAG_OWNER='***' AIRFLOW_CTX_DAG_ID='spotify_final_dag' AIRFLOW_CTX_TASK_ID='hello2' AIRFLOW_CTX_EXECUTION_DATE='2024-04-16T02:34:00+00:00' AIRFLOW_CTX_TRY_NUMBER='1' AIRFLOW_CTX_DAG_RUN_ID='scheduled__2024-04-16T02:34:00+00:00'
[2024-04-16T09:39:35.767+0000] {taskinstance.py:430} INFO - ::endgroup::
[2024-04-16T09:39:36.251+0000] {logging_mixin.py:188} INFO - Connection successful
[2024-04-16T09:39:36.707+0000] {logging_mixin.py:188} INFO - Connection successful
[2024-04-16T09:39:37.210+0000] {logging_mixin.py:188} INFO - Connection successful
[2024-04-16T09:39:37.217+0000] {logging_mixin.py:188} INFO - Null Not Found
[2024-04-16T09:39:37.219+0000] {logging_mixin.py:188} INFO - Null Not Found
[2024-04-16T09:39:37.238+0000] {logging_mixin.py:188} INFO - Null Not Found
[2024-04-16T09:39:37.239+0000] {logging_mixin.py:188} INFO - Null Not Found
[2024-04-16T09:39:37.245+0000] {logging_mixin.py:188} INFO - Null Not Found
[2024-04-16T09:39:37.246+0000] {logging_mixin.py:188} INFO - Null Not Found
[2024-04-16T09:39:37.250+0000] {python.py:237} INFO - Done. Returned value was: None
[2024-04-16T09:39:37.250+0000] {taskinstance.py:441} INFO - ::group::Post task execution logs
[2024-04-16T09:39:37.262+0000] {taskinstance.py:1205} INFO - Marking task as SUCCESS. dag_id=spotify_final_dag, task_id=hello2, execution_date=20240416T023400, start_date=20240416T093935, end_date=20240416T093937
[2024-04-16T09:39:37.327+0000] {local_task_job_runner.py:240} INFO - Task exited with return code 0
[2024-04-16T09:39:37.342+0000] {taskinstance.py:3482} INFO - 0 downstream tasks scheduled from follow-on schedule check
[2024-04-16T09:39:37.344+0000] {local_task_job_runner.py:222} INFO - ::endgroup::
[2024-04-16T09:47:29.652+0000] {local_task_job_runner.py:120} INFO - ::group::Pre task execution logs
[2024-04-16T09:47:29.671+0000] {taskinstance.py:2073} INFO - Dependencies all met for dep_context=non-requeueable deps ti=<TaskInstance: spotify_final_dag.hello2 scheduled__2024-04-16T02:34:00+00:00 [queued]>
[2024-04-16T09:47:29.680+0000] {taskinstance.py:2073} INFO - Dependencies all met for dep_context=requeueable deps ti=<TaskInstance: spotify_final_dag.hello2 scheduled__2024-04-16T02:34:00+00:00 [queued]>
[2024-04-16T09:47:29.681+0000] {taskinstance.py:2303} INFO - Starting attempt 1 of 2
[2024-04-16T09:47:29.692+0000] {taskinstance.py:2327} INFO - Executing <Task(PythonOperator): hello2> on 2024-04-16 02:34:00+00:00
[2024-04-16T09:47:29.700+0000] {warnings.py:110} WARNING - /home/***/.local/lib/python3.12/site-packages/***/task/task_runner/standard_task_runner.py:61: DeprecationWarning: This process (pid=4219) is multi-threaded, use of fork() may lead to deadlocks in the child.
  pid = os.fork()

[2024-04-16T09:47:29.701+0000] {standard_task_runner.py:63} INFO - Started process 4235 to run task
[2024-04-16T09:47:29.701+0000] {standard_task_runner.py:90} INFO - Running: ['***', 'tasks', 'run', 'spotify_final_dag', 'hello2', 'scheduled__2024-04-16T02:34:00+00:00', '--job-id', '1102', '--raw', '--subdir', 'DAGS_FOLDER/dag.py', '--cfg-path', '/tmp/tmpcni2i92i']
[2024-04-16T09:47:29.702+0000] {standard_task_runner.py:91} INFO - Job 1102: Subtask hello2
[2024-04-16T09:47:29.738+0000] {task_command.py:426} INFO - Running <TaskInstance: spotify_final_dag.hello2 scheduled__2024-04-16T02:34:00+00:00 [running]> on host 52651c1f9987
[2024-04-16T09:47:29.812+0000] {taskinstance.py:2644} INFO - Exporting env vars: AIRFLOW_CTX_DAG_OWNER='***' AIRFLOW_CTX_DAG_ID='spotify_final_dag' AIRFLOW_CTX_TASK_ID='hello2' AIRFLOW_CTX_EXECUTION_DATE='2024-04-16T02:34:00+00:00' AIRFLOW_CTX_TRY_NUMBER='1' AIRFLOW_CTX_DAG_RUN_ID='scheduled__2024-04-16T02:34:00+00:00'
[2024-04-16T09:47:29.814+0000] {taskinstance.py:430} INFO - ::endgroup::
[2024-04-16T09:47:30.317+0000] {logging_mixin.py:188} INFO - Connection successful
[2024-04-16T09:47:31.108+0000] {logging_mixin.py:188} INFO - Connection successful
[2024-04-16T09:47:31.527+0000] {logging_mixin.py:188} INFO - Connection successful
[2024-04-16T09:47:31.531+0000] {logging_mixin.py:188} INFO - Null Not Found
[2024-04-16T09:47:31.532+0000] {logging_mixin.py:188} INFO - Null Not Found
[2024-04-16T09:47:31.540+0000] {logging_mixin.py:188} INFO - Null Not Found
[2024-04-16T09:47:31.541+0000] {logging_mixin.py:188} INFO - Null Not Found
[2024-04-16T09:47:31.542+0000] {logging_mixin.py:188} INFO - Null Not Found
[2024-04-16T09:47:31.542+0000] {logging_mixin.py:188} INFO - Null Not Found
[2024-04-16T09:47:31.543+0000] {python.py:237} INFO - Done. Returned value was: None
[2024-04-16T09:47:31.544+0000] {taskinstance.py:441} INFO - ::group::Post task execution logs
[2024-04-16T09:47:31.551+0000] {taskinstance.py:1205} INFO - Marking task as SUCCESS. dag_id=spotify_final_dag, task_id=hello2, execution_date=20240416T023400, start_date=20240416T094729, end_date=20240416T094731
[2024-04-16T09:47:31.601+0000] {local_task_job_runner.py:240} INFO - Task exited with return code 0
[2024-04-16T09:47:31.613+0000] {taskinstance.py:3482} INFO - 0 downstream tasks scheduled from follow-on schedule check
[2024-04-16T09:47:31.615+0000] {local_task_job_runner.py:222} INFO - ::endgroup::
