[2024-04-17T05:24:02.220+0000] {local_task_job_runner.py:120} INFO - ::group::Pre task execution logs
[2024-04-17T05:24:02.245+0000] {taskinstance.py:2073} INFO - Dependencies all met for dep_context=non-requeueable deps ti=<TaskInstance: spotify_final_dag.hello2 scheduled__2024-04-16T11:56:00+00:00 [queued]>
[2024-04-17T05:24:02.256+0000] {taskinstance.py:2073} INFO - Dependencies all met for dep_context=requeueable deps ti=<TaskInstance: spotify_final_dag.hello2 scheduled__2024-04-16T11:56:00+00:00 [queued]>
[2024-04-17T05:24:02.256+0000] {taskinstance.py:2303} INFO - Starting attempt 1 of 2
[2024-04-17T05:24:02.273+0000] {taskinstance.py:2327} INFO - Executing <Task(PythonOperator): hello2> on 2024-04-16 11:56:00+00:00
[2024-04-17T05:24:02.283+0000] {warnings.py:110} WARNING - /home/***/.local/lib/python3.12/site-packages/***/task/task_runner/standard_task_runner.py:61: DeprecationWarning: This process (pid=519) is multi-threaded, use of fork() may lead to deadlocks in the child.
  pid = os.fork()

[2024-04-17T05:24:02.285+0000] {standard_task_runner.py:63} INFO - Started process 549 to run task
[2024-04-17T05:24:02.285+0000] {standard_task_runner.py:90} INFO - Running: ['***', 'tasks', 'run', 'spotify_final_dag', 'hello2', 'scheduled__2024-04-16T11:56:00+00:00', '--job-id', '1709', '--raw', '--subdir', 'DAGS_FOLDER/dag.py', '--cfg-path', '/tmp/tmpwwoj0ecf']
[2024-04-17T05:24:02.286+0000] {standard_task_runner.py:91} INFO - Job 1709: Subtask hello2
[2024-04-17T05:24:02.334+0000] {task_command.py:426} INFO - Running <TaskInstance: spotify_final_dag.hello2 scheduled__2024-04-16T11:56:00+00:00 [running]> on host 52651c1f9987
[2024-04-17T05:24:02.450+0000] {taskinstance.py:2644} INFO - Exporting env vars: AIRFLOW_CTX_DAG_OWNER='***' AIRFLOW_CTX_DAG_ID='spotify_final_dag' AIRFLOW_CTX_TASK_ID='hello2' AIRFLOW_CTX_EXECUTION_DATE='2024-04-16T11:56:00+00:00' AIRFLOW_CTX_TRY_NUMBER='1' AIRFLOW_CTX_DAG_RUN_ID='scheduled__2024-04-16T11:56:00+00:00'
[2024-04-17T05:24:02.452+0000] {taskinstance.py:430} INFO - ::endgroup::
[2024-04-17T05:24:02.977+0000] {logging_mixin.py:188} INFO - Connection successful
[2024-04-17T05:24:03.417+0000] {logging_mixin.py:188} INFO - Connection successful
[2024-04-17T05:24:03.831+0000] {logging_mixin.py:188} INFO - Connection successful
[2024-04-17T05:24:03.836+0000] {logging_mixin.py:188} INFO - Null Not Found
[2024-04-17T05:24:03.838+0000] {logging_mixin.py:188} INFO - Null Not Found
[2024-04-17T05:24:03.847+0000] {logging_mixin.py:188} INFO - Null Not Found
[2024-04-17T05:24:03.848+0000] {logging_mixin.py:188} INFO - Null Not Found
[2024-04-17T05:24:03.850+0000] {logging_mixin.py:188} INFO - Null Not Found
[2024-04-17T05:24:03.850+0000] {logging_mixin.py:188} INFO - Null Not Found
[2024-04-17T05:24:03.852+0000] {python.py:237} INFO - Done. Returned value was: None
[2024-04-17T05:24:03.852+0000] {taskinstance.py:441} INFO - ::group::Post task execution logs
[2024-04-17T05:24:03.860+0000] {taskinstance.py:1205} INFO - Marking task as SUCCESS. dag_id=spotify_final_dag, task_id=hello2, execution_date=20240416T115600, start_date=20240417T052402, end_date=20240417T052403
[2024-04-17T05:24:03.910+0000] {local_task_job_runner.py:240} INFO - Task exited with return code 0
[2024-04-17T05:24:03.926+0000] {taskinstance.py:3482} INFO - 0 downstream tasks scheduled from follow-on schedule check
[2024-04-17T05:24:03.928+0000] {local_task_job_runner.py:222} INFO - ::endgroup::
