[2024-04-17T05:23:54.461+0000] {local_task_job_runner.py:120} INFO - ::group::Pre task execution logs
[2024-04-17T05:23:54.481+0000] {taskinstance.py:2073} INFO - Dependencies all met for dep_context=non-requeueable deps ti=<TaskInstance: spotify_final_dag.hello2 scheduled__2024-04-16T11:40:00+00:00 [queued]>
[2024-04-17T05:23:54.490+0000] {taskinstance.py:2073} INFO - Dependencies all met for dep_context=requeueable deps ti=<TaskInstance: spotify_final_dag.hello2 scheduled__2024-04-16T11:40:00+00:00 [queued]>
[2024-04-17T05:23:54.491+0000] {taskinstance.py:2303} INFO - Starting attempt 1 of 2
[2024-04-17T05:23:54.506+0000] {taskinstance.py:2327} INFO - Executing <Task(PythonOperator): hello2> on 2024-04-16 11:40:00+00:00
[2024-04-17T05:23:54.516+0000] {warnings.py:110} WARNING - /home/***/.local/lib/python3.12/site-packages/***/task/task_runner/standard_task_runner.py:61: DeprecationWarning: This process (pid=459) is multi-threaded, use of fork() may lead to deadlocks in the child.
  pid = os.fork()

[2024-04-17T05:23:54.518+0000] {standard_task_runner.py:63} INFO - Started process 476 to run task
[2024-04-17T05:23:54.517+0000] {standard_task_runner.py:90} INFO - Running: ['***', 'tasks', 'run', 'spotify_final_dag', 'hello2', 'scheduled__2024-04-16T11:40:00+00:00', '--job-id', '1689', '--raw', '--subdir', 'DAGS_FOLDER/dag.py', '--cfg-path', '/tmp/tmp4v_ai6np']
[2024-04-17T05:23:54.518+0000] {standard_task_runner.py:91} INFO - Job 1689: Subtask hello2
[2024-04-17T05:23:54.568+0000] {task_command.py:426} INFO - Running <TaskInstance: spotify_final_dag.hello2 scheduled__2024-04-16T11:40:00+00:00 [running]> on host 52651c1f9987
[2024-04-17T05:23:54.659+0000] {taskinstance.py:2644} INFO - Exporting env vars: AIRFLOW_CTX_DAG_OWNER='***' AIRFLOW_CTX_DAG_ID='spotify_final_dag' AIRFLOW_CTX_TASK_ID='hello2' AIRFLOW_CTX_EXECUTION_DATE='2024-04-16T11:40:00+00:00' AIRFLOW_CTX_TRY_NUMBER='1' AIRFLOW_CTX_DAG_RUN_ID='scheduled__2024-04-16T11:40:00+00:00'
[2024-04-17T05:23:54.661+0000] {taskinstance.py:430} INFO - ::endgroup::
[2024-04-17T05:23:55.083+0000] {logging_mixin.py:188} INFO - Connection successful
[2024-04-17T05:23:55.533+0000] {logging_mixin.py:188} INFO - Connection successful
[2024-04-17T05:23:55.983+0000] {logging_mixin.py:188} INFO - Connection successful
[2024-04-17T05:23:55.987+0000] {logging_mixin.py:188} INFO - Null Not Found
[2024-04-17T05:23:55.988+0000] {logging_mixin.py:188} INFO - Null Not Found
[2024-04-17T05:23:55.997+0000] {logging_mixin.py:188} INFO - Null Not Found
[2024-04-17T05:23:55.997+0000] {logging_mixin.py:188} INFO - Null Not Found
[2024-04-17T05:23:55.998+0000] {logging_mixin.py:188} INFO - Null Not Found
[2024-04-17T05:23:55.999+0000] {logging_mixin.py:188} INFO - Null Not Found
[2024-04-17T05:23:56.000+0000] {python.py:237} INFO - Done. Returned value was: None
[2024-04-17T05:23:56.001+0000] {taskinstance.py:441} INFO - ::group::Post task execution logs
[2024-04-17T05:23:56.010+0000] {taskinstance.py:1205} INFO - Marking task as SUCCESS. dag_id=spotify_final_dag, task_id=hello2, execution_date=20240416T114000, start_date=20240417T052354, end_date=20240417T052356
[2024-04-17T05:23:56.057+0000] {local_task_job_runner.py:240} INFO - Task exited with return code 0
[2024-04-17T05:23:56.068+0000] {taskinstance.py:3482} INFO - 0 downstream tasks scheduled from follow-on schedule check
[2024-04-17T05:23:56.070+0000] {local_task_job_runner.py:222} INFO - ::endgroup::
