[2024-04-17T07:35:20.421+0000] {local_task_job_runner.py:120} INFO - ::group::Pre task execution logs
[2024-04-17T07:35:20.442+0000] {taskinstance.py:2073} INFO - Dependencies all met for dep_context=non-requeueable deps ti=<TaskInstance: etl_for_spotify.processes scheduled__2024-04-16T18:04:00+00:00 [queued]>
[2024-04-17T07:35:20.452+0000] {taskinstance.py:2073} INFO - Dependencies all met for dep_context=requeueable deps ti=<TaskInstance: etl_for_spotify.processes scheduled__2024-04-16T18:04:00+00:00 [queued]>
[2024-04-17T07:35:20.452+0000] {taskinstance.py:2303} INFO - Starting attempt 1 of 2
[2024-04-17T07:35:20.463+0000] {taskinstance.py:2327} INFO - Executing <Task(PythonOperator): processes> on 2024-04-16 18:04:00+00:00
[2024-04-17T07:35:20.470+0000] {warnings.py:110} WARNING - /home/***/.local/lib/python3.12/site-packages/***/task/task_runner/standard_task_runner.py:61: DeprecationWarning: This process (pid=8783) is multi-threaded, use of fork() may lead to deadlocks in the child.
  pid = os.fork()

[2024-04-17T07:35:20.471+0000] {standard_task_runner.py:63} INFO - Started process 8801 to run task
[2024-04-17T07:35:20.471+0000] {standard_task_runner.py:90} INFO - Running: ['***', 'tasks', 'run', 'etl_for_spotify', 'processes', 'scheduled__2024-04-16T18:04:00+00:00', '--job-id', '3877', '--raw', '--subdir', 'DAGS_FOLDER/dag.py', '--cfg-path', '/tmp/tmpizjluoog']
[2024-04-17T07:35:20.472+0000] {standard_task_runner.py:91} INFO - Job 3877: Subtask processes
[2024-04-17T07:35:20.504+0000] {task_command.py:426} INFO - Running <TaskInstance: etl_for_spotify.processes scheduled__2024-04-16T18:04:00+00:00 [running]> on host 52651c1f9987
[2024-04-17T07:35:20.578+0000] {taskinstance.py:2644} INFO - Exporting env vars: AIRFLOW_CTX_DAG_OWNER='***' AIRFLOW_CTX_DAG_ID='etl_for_spotify' AIRFLOW_CTX_TASK_ID='processes' AIRFLOW_CTX_EXECUTION_DATE='2024-04-16T18:04:00+00:00' AIRFLOW_CTX_TRY_NUMBER='1' AIRFLOW_CTX_DAG_RUN_ID='scheduled__2024-04-16T18:04:00+00:00'
[2024-04-17T07:35:20.579+0000] {taskinstance.py:430} INFO - ::endgroup::
[2024-04-17T07:35:21.054+0000] {logging_mixin.py:188} INFO - Connection successful
[2024-04-17T07:35:21.484+0000] {logging_mixin.py:188} INFO - Connection successful
[2024-04-17T07:35:21.893+0000] {logging_mixin.py:188} INFO - Connection successful
[2024-04-17T07:35:21.899+0000] {logging_mixin.py:188} INFO - Null Not Found
[2024-04-17T07:35:21.900+0000] {logging_mixin.py:188} INFO - Null Not Found
[2024-04-17T07:35:21.915+0000] {logging_mixin.py:188} INFO - Null Not Found
[2024-04-17T07:35:21.916+0000] {logging_mixin.py:188} INFO - Null Not Found
[2024-04-17T07:35:21.918+0000] {logging_mixin.py:188} INFO - Null Not Found
[2024-04-17T07:35:21.919+0000] {logging_mixin.py:188} INFO - Null Not Found
[2024-04-17T07:35:21.921+0000] {python.py:237} INFO - Done. Returned value was: None
[2024-04-17T07:35:21.922+0000] {taskinstance.py:441} INFO - ::group::Post task execution logs
[2024-04-17T07:35:21.932+0000] {taskinstance.py:1205} INFO - Marking task as SUCCESS. dag_id=etl_for_spotify, task_id=processes, execution_date=20240416T180400, start_date=20240417T073520, end_date=20240417T073521
[2024-04-17T07:35:22.089+0000] {local_task_job_runner.py:240} INFO - Task exited with return code 0
[2024-04-17T07:35:22.101+0000] {taskinstance.py:3482} INFO - 0 downstream tasks scheduled from follow-on schedule check
[2024-04-17T07:35:22.103+0000] {local_task_job_runner.py:222} INFO - ::endgroup::
