[2024-04-16T09:39:57.555+0000] {local_task_job_runner.py:120} INFO - ::group::Pre task execution logs
[2024-04-16T09:39:57.579+0000] {taskinstance.py:2073} INFO - Dependencies all met for dep_context=non-requeueable deps ti=<TaskInstance: spotify_final_dag.hello2 scheduled__2024-04-16T03:14:00+00:00 [queued]>
[2024-04-16T09:39:57.588+0000] {taskinstance.py:2073} INFO - Dependencies all met for dep_context=requeueable deps ti=<TaskInstance: spotify_final_dag.hello2 scheduled__2024-04-16T03:14:00+00:00 [queued]>
[2024-04-16T09:39:57.589+0000] {taskinstance.py:2303} INFO - Starting attempt 1 of 2
[2024-04-16T09:39:57.604+0000] {taskinstance.py:2327} INFO - Executing <Task(PythonOperator): hello2> on 2024-04-16 03:14:00+00:00
[2024-04-16T09:39:57.614+0000] {warnings.py:110} WARNING - /home/***/.local/lib/python3.12/site-packages/***/task/task_runner/standard_task_runner.py:61: DeprecationWarning: This process (pid=2344) is multi-threaded, use of fork() may lead to deadlocks in the child.
  pid = os.fork()

[2024-04-16T09:39:57.616+0000] {standard_task_runner.py:63} INFO - Started process 2367 to run task
[2024-04-16T09:39:57.616+0000] {standard_task_runner.py:90} INFO - Running: ['***', 'tasks', 'run', 'spotify_final_dag', 'hello2', 'scheduled__2024-04-16T03:14:00+00:00', '--job-id', '511', '--raw', '--subdir', 'DAGS_FOLDER/dag.py', '--cfg-path', '/tmp/tmp4wqfn2p8']
[2024-04-16T09:39:57.618+0000] {standard_task_runner.py:91} INFO - Job 511: Subtask hello2
[2024-04-16T09:39:57.662+0000] {task_command.py:426} INFO - Running <TaskInstance: spotify_final_dag.hello2 scheduled__2024-04-16T03:14:00+00:00 [running]> on host 52651c1f9987
[2024-04-16T09:39:57.750+0000] {taskinstance.py:2644} INFO - Exporting env vars: AIRFLOW_CTX_DAG_OWNER='***' AIRFLOW_CTX_DAG_ID='spotify_final_dag' AIRFLOW_CTX_TASK_ID='hello2' AIRFLOW_CTX_EXECUTION_DATE='2024-04-16T03:14:00+00:00' AIRFLOW_CTX_TRY_NUMBER='1' AIRFLOW_CTX_DAG_RUN_ID='scheduled__2024-04-16T03:14:00+00:00'
[2024-04-16T09:39:57.752+0000] {taskinstance.py:430} INFO - ::endgroup::
[2024-04-16T09:39:58.137+0000] {logging_mixin.py:188} INFO - Connection successful
[2024-04-16T09:39:58.533+0000] {logging_mixin.py:188} INFO - Connection successful
[2024-04-16T09:39:58.971+0000] {logging_mixin.py:188} INFO - Connection successful
[2024-04-16T09:39:58.976+0000] {logging_mixin.py:188} INFO - Null Not Found
[2024-04-16T09:39:58.977+0000] {logging_mixin.py:188} INFO - Null Not Found
[2024-04-16T09:39:58.987+0000] {logging_mixin.py:188} INFO - Null Not Found
[2024-04-16T09:39:58.988+0000] {logging_mixin.py:188} INFO - Null Not Found
[2024-04-16T09:39:58.990+0000] {logging_mixin.py:188} INFO - Null Not Found
[2024-04-16T09:39:58.990+0000] {logging_mixin.py:188} INFO - Null Not Found
[2024-04-16T09:39:58.992+0000] {python.py:237} INFO - Done. Returned value was: None
[2024-04-16T09:39:58.992+0000] {taskinstance.py:441} INFO - ::group::Post task execution logs
[2024-04-16T09:39:59.001+0000] {taskinstance.py:1205} INFO - Marking task as SUCCESS. dag_id=spotify_final_dag, task_id=hello2, execution_date=20240416T031400, start_date=20240416T093957, end_date=20240416T093959
[2024-04-16T09:39:59.034+0000] {local_task_job_runner.py:240} INFO - Task exited with return code 0
[2024-04-16T09:39:59.052+0000] {taskinstance.py:3482} INFO - 0 downstream tasks scheduled from follow-on schedule check
[2024-04-16T09:39:59.055+0000] {local_task_job_runner.py:222} INFO - ::endgroup::
[2024-04-16T09:47:48.448+0000] {local_task_job_runner.py:120} INFO - ::group::Pre task execution logs
[2024-04-16T09:47:48.477+0000] {taskinstance.py:2073} INFO - Dependencies all met for dep_context=non-requeueable deps ti=<TaskInstance: spotify_final_dag.hello2 scheduled__2024-04-16T03:14:00+00:00 [queued]>
[2024-04-16T09:47:48.488+0000] {taskinstance.py:2073} INFO - Dependencies all met for dep_context=requeueable deps ti=<TaskInstance: spotify_final_dag.hello2 scheduled__2024-04-16T03:14:00+00:00 [queued]>
[2024-04-16T09:47:48.489+0000] {taskinstance.py:2303} INFO - Starting attempt 1 of 2
[2024-04-16T09:47:48.510+0000] {taskinstance.py:2327} INFO - Executing <Task(PythonOperator): hello2> on 2024-04-16 03:14:00+00:00
[2024-04-16T09:47:48.522+0000] {warnings.py:110} WARNING - /home/***/.local/lib/python3.12/site-packages/***/task/task_runner/standard_task_runner.py:61: DeprecationWarning: This process (pid=4376) is multi-threaded, use of fork() may lead to deadlocks in the child.
  pid = os.fork()

[2024-04-16T09:47:48.525+0000] {standard_task_runner.py:63} INFO - Started process 4405 to run task
[2024-04-16T09:47:48.526+0000] {standard_task_runner.py:90} INFO - Running: ['***', 'tasks', 'run', 'spotify_final_dag', 'hello2', 'scheduled__2024-04-16T03:14:00+00:00', '--job-id', '1151', '--raw', '--subdir', 'DAGS_FOLDER/dag.py', '--cfg-path', '/tmp/tmpfun478zs']
[2024-04-16T09:47:48.527+0000] {standard_task_runner.py:91} INFO - Job 1151: Subtask hello2
[2024-04-16T09:47:48.596+0000] {task_command.py:426} INFO - Running <TaskInstance: spotify_final_dag.hello2 scheduled__2024-04-16T03:14:00+00:00 [running]> on host 52651c1f9987
[2024-04-16T09:47:48.720+0000] {taskinstance.py:2644} INFO - Exporting env vars: AIRFLOW_CTX_DAG_OWNER='***' AIRFLOW_CTX_DAG_ID='spotify_final_dag' AIRFLOW_CTX_TASK_ID='hello2' AIRFLOW_CTX_EXECUTION_DATE='2024-04-16T03:14:00+00:00' AIRFLOW_CTX_TRY_NUMBER='1' AIRFLOW_CTX_DAG_RUN_ID='scheduled__2024-04-16T03:14:00+00:00'
[2024-04-16T09:47:48.721+0000] {taskinstance.py:430} INFO - ::endgroup::
[2024-04-16T09:47:49.194+0000] {logging_mixin.py:188} INFO - Connection successful
[2024-04-16T09:47:49.596+0000] {logging_mixin.py:188} INFO - Connection successful
[2024-04-16T09:47:50.150+0000] {logging_mixin.py:188} INFO - Connection successful
[2024-04-16T09:47:50.154+0000] {logging_mixin.py:188} INFO - Null Not Found
[2024-04-16T09:47:50.156+0000] {logging_mixin.py:188} INFO - Null Not Found
[2024-04-16T09:47:50.168+0000] {logging_mixin.py:188} INFO - Null Not Found
[2024-04-16T09:47:50.170+0000] {logging_mixin.py:188} INFO - Null Not Found
[2024-04-16T09:47:50.172+0000] {logging_mixin.py:188} INFO - Null Not Found
[2024-04-16T09:47:50.173+0000] {logging_mixin.py:188} INFO - Null Not Found
[2024-04-16T09:47:50.174+0000] {python.py:237} INFO - Done. Returned value was: None
[2024-04-16T09:47:50.175+0000] {taskinstance.py:441} INFO - ::group::Post task execution logs
[2024-04-16T09:47:50.184+0000] {taskinstance.py:1205} INFO - Marking task as SUCCESS. dag_id=spotify_final_dag, task_id=hello2, execution_date=20240416T031400, start_date=20240416T094748, end_date=20240416T094750
[2024-04-16T09:47:50.233+0000] {local_task_job_runner.py:240} INFO - Task exited with return code 0
[2024-04-16T09:47:50.245+0000] {taskinstance.py:3482} INFO - 0 downstream tasks scheduled from follow-on schedule check
[2024-04-16T09:47:50.247+0000] {local_task_job_runner.py:222} INFO - ::endgroup::
