[2024-04-17T07:33:36.515+0000] {local_task_job_runner.py:120} INFO - ::group::Pre task execution logs
[2024-04-17T07:33:36.552+0000] {taskinstance.py:2073} INFO - Dependencies all met for dep_context=non-requeueable deps ti=<TaskInstance: etl_for_spotify.processes scheduled__2024-04-16T12:38:00+00:00 [queued]>
[2024-04-17T07:33:36.565+0000] {taskinstance.py:2073} INFO - Dependencies all met for dep_context=requeueable deps ti=<TaskInstance: etl_for_spotify.processes scheduled__2024-04-16T12:38:00+00:00 [queued]>
[2024-04-17T07:33:36.566+0000] {taskinstance.py:2303} INFO - Starting attempt 1 of 2
[2024-04-17T07:33:36.583+0000] {taskinstance.py:2327} INFO - Executing <Task(PythonOperator): processes> on 2024-04-16 12:38:00+00:00
[2024-04-17T07:33:36.594+0000] {warnings.py:110} WARNING - /home/***/.local/lib/python3.12/site-packages/***/task/task_runner/standard_task_runner.py:61: DeprecationWarning: This process (pid=7785) is multi-threaded, use of fork() may lead to deadlocks in the child.
  pid = os.fork()

[2024-04-17T07:33:36.596+0000] {standard_task_runner.py:63} INFO - Started process 7814 to run task
[2024-04-17T07:33:36.596+0000] {standard_task_runner.py:90} INFO - Running: ['***', 'tasks', 'run', 'etl_for_spotify', 'processes', 'scheduled__2024-04-16T12:38:00+00:00', '--job-id', '3554', '--raw', '--subdir', 'DAGS_FOLDER/dag.py', '--cfg-path', '/tmp/tmpxae7zwz4']
[2024-04-17T07:33:36.598+0000] {standard_task_runner.py:91} INFO - Job 3554: Subtask processes
[2024-04-17T07:33:36.659+0000] {task_command.py:426} INFO - Running <TaskInstance: etl_for_spotify.processes scheduled__2024-04-16T12:38:00+00:00 [running]> on host 52651c1f9987
[2024-04-17T07:33:36.768+0000] {taskinstance.py:2644} INFO - Exporting env vars: AIRFLOW_CTX_DAG_OWNER='***' AIRFLOW_CTX_DAG_ID='etl_for_spotify' AIRFLOW_CTX_TASK_ID='processes' AIRFLOW_CTX_EXECUTION_DATE='2024-04-16T12:38:00+00:00' AIRFLOW_CTX_TRY_NUMBER='1' AIRFLOW_CTX_DAG_RUN_ID='scheduled__2024-04-16T12:38:00+00:00'
[2024-04-17T07:33:36.770+0000] {taskinstance.py:430} INFO - ::endgroup::
[2024-04-17T07:33:37.195+0000] {logging_mixin.py:188} INFO - Connection successful
[2024-04-17T07:33:37.609+0000] {logging_mixin.py:188} INFO - Connection successful
[2024-04-17T07:33:38.105+0000] {logging_mixin.py:188} INFO - Connection successful
[2024-04-17T07:33:38.110+0000] {logging_mixin.py:188} INFO - Null Not Found
[2024-04-17T07:33:38.111+0000] {logging_mixin.py:188} INFO - Null Not Found
[2024-04-17T07:33:38.121+0000] {logging_mixin.py:188} INFO - Null Not Found
[2024-04-17T07:33:38.122+0000] {logging_mixin.py:188} INFO - Null Not Found
[2024-04-17T07:33:38.123+0000] {logging_mixin.py:188} INFO - Null Not Found
[2024-04-17T07:33:38.124+0000] {logging_mixin.py:188} INFO - Null Not Found
[2024-04-17T07:33:38.125+0000] {python.py:237} INFO - Done. Returned value was: None
[2024-04-17T07:33:38.126+0000] {taskinstance.py:441} INFO - ::group::Post task execution logs
[2024-04-17T07:33:38.134+0000] {taskinstance.py:1205} INFO - Marking task as SUCCESS. dag_id=etl_for_spotify, task_id=processes, execution_date=20240416T123800, start_date=20240417T073336, end_date=20240417T073338
[2024-04-17T07:33:38.176+0000] {local_task_job_runner.py:240} INFO - Task exited with return code 0
[2024-04-17T07:33:38.189+0000] {taskinstance.py:3482} INFO - 0 downstream tasks scheduled from follow-on schedule check
[2024-04-17T07:33:38.191+0000] {local_task_job_runner.py:222} INFO - ::endgroup::
