[2024-04-16T08:57:04.628+0000] {local_task_job_runner.py:120} INFO - ::group::Pre task execution logs
[2024-04-16T08:57:04.646+0000] {taskinstance.py:2073} INFO - Dependencies all met for dep_context=non-requeueable deps ti=<TaskInstance: spotify_final_dag.hello2 scheduled__2024-04-16T03:20:00+00:00 [queued]>
[2024-04-16T08:57:04.652+0000] {taskinstance.py:2073} INFO - Dependencies all met for dep_context=requeueable deps ti=<TaskInstance: spotify_final_dag.hello2 scheduled__2024-04-16T03:20:00+00:00 [queued]>
[2024-04-16T08:57:04.653+0000] {taskinstance.py:2303} INFO - Starting attempt 1 of 2
[2024-04-16T08:57:04.663+0000] {taskinstance.py:2327} INFO - Executing <Task(PythonOperator): hello2> on 2024-04-16 03:20:00+00:00
[2024-04-16T08:57:04.670+0000] {warnings.py:110} WARNING - /home/***/.local/lib/python3.12/site-packages/***/task/task_runner/standard_task_runner.py:61: DeprecationWarning: This process (pid=426) is multi-threaded, use of fork() may lead to deadlocks in the child.
  pid = os.fork()

[2024-04-16T08:57:04.672+0000] {standard_task_runner.py:63} INFO - Started process 446 to run task
[2024-04-16T08:57:04.672+0000] {standard_task_runner.py:90} INFO - Running: ['***', 'tasks', 'run', 'spotify_final_dag', 'hello2', 'scheduled__2024-04-16T03:20:00+00:00', '--job-id', '59', '--raw', '--subdir', 'DAGS_FOLDER/dag.py', '--cfg-path', '/tmp/tmp7waqg7hw']
[2024-04-16T08:57:04.673+0000] {standard_task_runner.py:91} INFO - Job 59: Subtask hello2
[2024-04-16T08:57:04.713+0000] {task_command.py:426} INFO - Running <TaskInstance: spotify_final_dag.hello2 scheduled__2024-04-16T03:20:00+00:00 [running]> on host 52651c1f9987
[2024-04-16T08:57:04.777+0000] {taskinstance.py:2644} INFO - Exporting env vars: AIRFLOW_CTX_DAG_OWNER='***' AIRFLOW_CTX_DAG_ID='spotify_final_dag' AIRFLOW_CTX_TASK_ID='hello2' AIRFLOW_CTX_EXECUTION_DATE='2024-04-16T03:20:00+00:00' AIRFLOW_CTX_TRY_NUMBER='1' AIRFLOW_CTX_DAG_RUN_ID='scheduled__2024-04-16T03:20:00+00:00'
[2024-04-16T08:57:04.778+0000] {taskinstance.py:430} INFO - ::endgroup::
[2024-04-16T08:57:05.252+0000] {logging_mixin.py:188} INFO - Connection successful
[2024-04-16T08:57:05.656+0000] {logging_mixin.py:188} INFO - Connection successful
[2024-04-16T08:57:06.066+0000] {logging_mixin.py:188} INFO - Connection successful
[2024-04-16T08:57:06.069+0000] {logging_mixin.py:188} INFO - Null Not Found
[2024-04-16T08:57:06.070+0000] {logging_mixin.py:188} INFO - Null Not Found
[2024-04-16T08:57:06.078+0000] {logging_mixin.py:188} INFO - Null Not Found
[2024-04-16T08:57:06.079+0000] {logging_mixin.py:188} INFO - Null Not Found
[2024-04-16T08:57:06.080+0000] {logging_mixin.py:188} INFO - Null Not Found
[2024-04-16T08:57:06.080+0000] {logging_mixin.py:188} INFO - Null Not Found
[2024-04-16T08:57:06.081+0000] {python.py:237} INFO - Done. Returned value was: None
[2024-04-16T08:57:06.081+0000] {taskinstance.py:441} INFO - ::group::Post task execution logs
[2024-04-16T08:57:06.088+0000] {taskinstance.py:1205} INFO - Marking task as SUCCESS. dag_id=spotify_final_dag, task_id=hello2, execution_date=20240416T032000, start_date=20240416T085704, end_date=20240416T085706
[2024-04-16T08:57:06.130+0000] {local_task_job_runner.py:240} INFO - Task exited with return code 0
[2024-04-16T08:57:06.143+0000] {taskinstance.py:3482} INFO - 0 downstream tasks scheduled from follow-on schedule check
[2024-04-16T08:57:06.145+0000] {local_task_job_runner.py:222} INFO - ::endgroup::
[2024-04-16T09:21:42.667+0000] {local_task_job_runner.py:120} INFO - ::group::Pre task execution logs
[2024-04-16T09:21:42.708+0000] {taskinstance.py:2073} INFO - Dependencies all met for dep_context=non-requeueable deps ti=<TaskInstance: spotify_final_dag.hello2 scheduled__2024-04-16T03:20:00+00:00 [queued]>
[2024-04-16T09:21:42.721+0000] {taskinstance.py:2073} INFO - Dependencies all met for dep_context=requeueable deps ti=<TaskInstance: spotify_final_dag.hello2 scheduled__2024-04-16T03:20:00+00:00 [queued]>
[2024-04-16T09:21:42.721+0000] {taskinstance.py:2303} INFO - Starting attempt 1 of 2
[2024-04-16T09:21:42.741+0000] {taskinstance.py:2327} INFO - Executing <Task(PythonOperator): hello2> on 2024-04-16 03:20:00+00:00
[2024-04-16T09:21:42.755+0000] {warnings.py:110} WARNING - /home/***/.local/lib/python3.12/site-packages/***/task/task_runner/standard_task_runner.py:61: DeprecationWarning: This process (pid=833) is multi-threaded, use of fork() may lead to deadlocks in the child.
  pid = os.fork()

[2024-04-16T09:21:42.757+0000] {standard_task_runner.py:63} INFO - Started process 855 to run task
[2024-04-16T09:21:42.757+0000] {standard_task_runner.py:90} INFO - Running: ['***', 'tasks', 'run', 'spotify_final_dag', 'hello2', 'scheduled__2024-04-16T03:20:00+00:00', '--job-id', '82', '--raw', '--subdir', 'DAGS_FOLDER/dag.py', '--cfg-path', '/tmp/tmp7n72sll6']
[2024-04-16T09:21:42.761+0000] {standard_task_runner.py:91} INFO - Job 82: Subtask hello2
[2024-04-16T09:21:42.849+0000] {task_command.py:426} INFO - Running <TaskInstance: spotify_final_dag.hello2 scheduled__2024-04-16T03:20:00+00:00 [running]> on host 52651c1f9987
[2024-04-16T09:21:42.966+0000] {taskinstance.py:2644} INFO - Exporting env vars: AIRFLOW_CTX_DAG_OWNER='***' AIRFLOW_CTX_DAG_ID='spotify_final_dag' AIRFLOW_CTX_TASK_ID='hello2' AIRFLOW_CTX_EXECUTION_DATE='2024-04-16T03:20:00+00:00' AIRFLOW_CTX_TRY_NUMBER='1' AIRFLOW_CTX_DAG_RUN_ID='scheduled__2024-04-16T03:20:00+00:00'
[2024-04-16T09:21:42.969+0000] {taskinstance.py:430} INFO - ::endgroup::
[2024-04-16T09:21:43.384+0000] {logging_mixin.py:188} INFO - Connection successful
[2024-04-16T09:21:43.797+0000] {logging_mixin.py:188} INFO - Connection successful
[2024-04-16T09:21:44.482+0000] {logging_mixin.py:188} INFO - Connection successful
[2024-04-16T09:21:44.486+0000] {logging_mixin.py:188} INFO - Null Not Found
[2024-04-16T09:21:44.487+0000] {logging_mixin.py:188} INFO - Null Not Found
[2024-04-16T09:21:44.495+0000] {logging_mixin.py:188} INFO - Null Not Found
[2024-04-16T09:21:44.496+0000] {logging_mixin.py:188} INFO - Null Not Found
[2024-04-16T09:21:44.497+0000] {logging_mixin.py:188} INFO - Null Not Found
[2024-04-16T09:21:44.497+0000] {logging_mixin.py:188} INFO - Null Not Found
[2024-04-16T09:21:44.498+0000] {python.py:237} INFO - Done. Returned value was: None
[2024-04-16T09:21:44.499+0000] {taskinstance.py:441} INFO - ::group::Post task execution logs
[2024-04-16T09:21:44.505+0000] {taskinstance.py:1205} INFO - Marking task as SUCCESS. dag_id=spotify_final_dag, task_id=hello2, execution_date=20240416T032000, start_date=20240416T092142, end_date=20240416T092144
[2024-04-16T09:21:44.552+0000] {local_task_job_runner.py:240} INFO - Task exited with return code 0
[2024-04-16T09:21:44.568+0000] {taskinstance.py:3482} INFO - 0 downstream tasks scheduled from follow-on schedule check
[2024-04-16T09:21:44.570+0000] {local_task_job_runner.py:222} INFO - ::endgroup::
[2024-04-16T09:32:57.272+0000] {local_task_job_runner.py:120} INFO - ::group::Pre task execution logs
[2024-04-16T09:32:57.290+0000] {taskinstance.py:2073} INFO - Dependencies all met for dep_context=non-requeueable deps ti=<TaskInstance: spotify_final_dag.hello2 scheduled__2024-04-16T03:20:00+00:00 [queued]>
[2024-04-16T09:32:57.296+0000] {taskinstance.py:2073} INFO - Dependencies all met for dep_context=requeueable deps ti=<TaskInstance: spotify_final_dag.hello2 scheduled__2024-04-16T03:20:00+00:00 [queued]>
[2024-04-16T09:32:57.297+0000] {taskinstance.py:2303} INFO - Starting attempt 1 of 2
[2024-04-16T09:32:57.307+0000] {taskinstance.py:2327} INFO - Executing <Task(PythonOperator): hello2> on 2024-04-16 03:20:00+00:00
[2024-04-16T09:32:57.313+0000] {warnings.py:110} WARNING - /home/***/.local/lib/python3.12/site-packages/***/task/task_runner/standard_task_runner.py:61: DeprecationWarning: This process (pid=1045) is multi-threaded, use of fork() may lead to deadlocks in the child.
  pid = os.fork()

[2024-04-16T09:32:57.315+0000] {standard_task_runner.py:63} INFO - Started process 1056 to run task
[2024-04-16T09:32:57.315+0000] {standard_task_runner.py:90} INFO - Running: ['***', 'tasks', 'run', 'spotify_final_dag', 'hello2', 'scheduled__2024-04-16T03:20:00+00:00', '--job-id', '105', '--raw', '--subdir', 'DAGS_FOLDER/dag.py', '--cfg-path', '/tmp/tmp46mmg7gc']
[2024-04-16T09:32:57.316+0000] {standard_task_runner.py:91} INFO - Job 105: Subtask hello2
[2024-04-16T09:32:57.353+0000] {task_command.py:426} INFO - Running <TaskInstance: spotify_final_dag.hello2 scheduled__2024-04-16T03:20:00+00:00 [running]> on host 52651c1f9987
[2024-04-16T09:32:57.418+0000] {taskinstance.py:2644} INFO - Exporting env vars: AIRFLOW_CTX_DAG_OWNER='***' AIRFLOW_CTX_DAG_ID='spotify_final_dag' AIRFLOW_CTX_TASK_ID='hello2' AIRFLOW_CTX_EXECUTION_DATE='2024-04-16T03:20:00+00:00' AIRFLOW_CTX_TRY_NUMBER='1' AIRFLOW_CTX_DAG_RUN_ID='scheduled__2024-04-16T03:20:00+00:00'
[2024-04-16T09:32:57.419+0000] {taskinstance.py:430} INFO - ::endgroup::
[2024-04-16T09:32:57.860+0000] {logging_mixin.py:188} INFO - Connection successful
[2024-04-16T09:32:58.262+0000] {logging_mixin.py:188} INFO - Connection successful
[2024-04-16T09:32:58.816+0000] {logging_mixin.py:188} INFO - Connection successful
[2024-04-16T09:32:58.822+0000] {logging_mixin.py:188} INFO - Null Not Found
[2024-04-16T09:32:58.824+0000] {logging_mixin.py:188} INFO - Null Not Found
[2024-04-16T09:32:58.837+0000] {logging_mixin.py:188} INFO - Null Not Found
[2024-04-16T09:32:58.837+0000] {logging_mixin.py:188} INFO - Null Not Found
[2024-04-16T09:32:58.839+0000] {logging_mixin.py:188} INFO - Null Not Found
[2024-04-16T09:32:58.839+0000] {logging_mixin.py:188} INFO - Null Not Found
[2024-04-16T09:32:58.841+0000] {python.py:237} INFO - Done. Returned value was: None
[2024-04-16T09:32:58.842+0000] {taskinstance.py:441} INFO - ::group::Post task execution logs
[2024-04-16T09:32:58.852+0000] {taskinstance.py:1205} INFO - Marking task as SUCCESS. dag_id=spotify_final_dag, task_id=hello2, execution_date=20240416T032000, start_date=20240416T093257, end_date=20240416T093258
[2024-04-16T09:32:58.893+0000] {local_task_job_runner.py:240} INFO - Task exited with return code 0
[2024-04-16T09:32:58.910+0000] {taskinstance.py:3482} INFO - 0 downstream tasks scheduled from follow-on schedule check
[2024-04-16T09:32:58.912+0000] {local_task_job_runner.py:222} INFO - ::endgroup::
[2024-04-16T09:39:59.521+0000] {local_task_job_runner.py:120} INFO - ::group::Pre task execution logs
[2024-04-16T09:39:59.540+0000] {taskinstance.py:2073} INFO - Dependencies all met for dep_context=non-requeueable deps ti=<TaskInstance: spotify_final_dag.hello2 scheduled__2024-04-16T03:20:00+00:00 [queued]>
[2024-04-16T09:39:59.547+0000] {taskinstance.py:2073} INFO - Dependencies all met for dep_context=requeueable deps ti=<TaskInstance: spotify_final_dag.hello2 scheduled__2024-04-16T03:20:00+00:00 [queued]>
[2024-04-16T09:39:59.548+0000] {taskinstance.py:2303} INFO - Starting attempt 1 of 2
[2024-04-16T09:39:59.560+0000] {taskinstance.py:2327} INFO - Executing <Task(PythonOperator): hello2> on 2024-04-16 03:20:00+00:00
[2024-04-16T09:39:59.570+0000] {warnings.py:110} WARNING - /home/***/.local/lib/python3.12/site-packages/***/task/task_runner/standard_task_runner.py:61: DeprecationWarning: This process (pid=2373) is multi-threaded, use of fork() may lead to deadlocks in the child.
  pid = os.fork()

[2024-04-16T09:39:59.572+0000] {standard_task_runner.py:63} INFO - Started process 2378 to run task
[2024-04-16T09:39:59.572+0000] {standard_task_runner.py:90} INFO - Running: ['***', 'tasks', 'run', 'spotify_final_dag', 'hello2', 'scheduled__2024-04-16T03:20:00+00:00', '--job-id', '516', '--raw', '--subdir', 'DAGS_FOLDER/dag.py', '--cfg-path', '/tmp/tmpy9q6rdpy']
[2024-04-16T09:39:59.573+0000] {standard_task_runner.py:91} INFO - Job 516: Subtask hello2
[2024-04-16T09:39:59.610+0000] {task_command.py:426} INFO - Running <TaskInstance: spotify_final_dag.hello2 scheduled__2024-04-16T03:20:00+00:00 [running]> on host 52651c1f9987
[2024-04-16T09:39:59.687+0000] {taskinstance.py:2644} INFO - Exporting env vars: AIRFLOW_CTX_DAG_OWNER='***' AIRFLOW_CTX_DAG_ID='spotify_final_dag' AIRFLOW_CTX_TASK_ID='hello2' AIRFLOW_CTX_EXECUTION_DATE='2024-04-16T03:20:00+00:00' AIRFLOW_CTX_TRY_NUMBER='1' AIRFLOW_CTX_DAG_RUN_ID='scheduled__2024-04-16T03:20:00+00:00'
[2024-04-16T09:39:59.688+0000] {taskinstance.py:430} INFO - ::endgroup::
[2024-04-16T09:40:00.295+0000] {logging_mixin.py:188} INFO - Connection successful
[2024-04-16T09:40:00.741+0000] {logging_mixin.py:188} INFO - Connection successful
[2024-04-16T09:40:01.221+0000] {logging_mixin.py:188} INFO - Connection successful
[2024-04-16T09:40:01.226+0000] {logging_mixin.py:188} INFO - Null Not Found
[2024-04-16T09:40:01.227+0000] {logging_mixin.py:188} INFO - Null Not Found
[2024-04-16T09:40:01.235+0000] {logging_mixin.py:188} INFO - Null Not Found
[2024-04-16T09:40:01.236+0000] {logging_mixin.py:188} INFO - Null Not Found
[2024-04-16T09:40:01.237+0000] {logging_mixin.py:188} INFO - Null Not Found
[2024-04-16T09:40:01.237+0000] {logging_mixin.py:188} INFO - Null Not Found
[2024-04-16T09:40:01.238+0000] {python.py:237} INFO - Done. Returned value was: None
[2024-04-16T09:40:01.239+0000] {taskinstance.py:441} INFO - ::group::Post task execution logs
[2024-04-16T09:40:01.245+0000] {taskinstance.py:1205} INFO - Marking task as SUCCESS. dag_id=spotify_final_dag, task_id=hello2, execution_date=20240416T032000, start_date=20240416T093959, end_date=20240416T094001
[2024-04-16T09:40:01.274+0000] {local_task_job_runner.py:240} INFO - Task exited with return code 0
[2024-04-16T09:40:01.285+0000] {taskinstance.py:3482} INFO - 0 downstream tasks scheduled from follow-on schedule check
[2024-04-16T09:40:01.287+0000] {local_task_job_runner.py:222} INFO - ::endgroup::
[2024-04-16T09:47:48.904+0000] {local_task_job_runner.py:120} INFO - ::group::Pre task execution logs
[2024-04-16T09:47:48.928+0000] {taskinstance.py:2073} INFO - Dependencies all met for dep_context=non-requeueable deps ti=<TaskInstance: spotify_final_dag.hello2 scheduled__2024-04-16T03:20:00+00:00 [queued]>
[2024-04-16T09:47:48.940+0000] {taskinstance.py:2073} INFO - Dependencies all met for dep_context=requeueable deps ti=<TaskInstance: spotify_final_dag.hello2 scheduled__2024-04-16T03:20:00+00:00 [queued]>
[2024-04-16T09:47:48.941+0000] {taskinstance.py:2303} INFO - Starting attempt 1 of 2
[2024-04-16T09:47:48.967+0000] {taskinstance.py:2327} INFO - Executing <Task(PythonOperator): hello2> on 2024-04-16 03:20:00+00:00
[2024-04-16T09:47:48.979+0000] {warnings.py:110} WARNING - /home/***/.local/lib/python3.12/site-packages/***/task/task_runner/standard_task_runner.py:61: DeprecationWarning: This process (pid=4386) is multi-threaded, use of fork() may lead to deadlocks in the child.
  pid = os.fork()

[2024-04-16T09:47:48.981+0000] {standard_task_runner.py:90} INFO - Running: ['***', 'tasks', 'run', 'spotify_final_dag', 'hello2', 'scheduled__2024-04-16T03:20:00+00:00', '--job-id', '1156', '--raw', '--subdir', 'DAGS_FOLDER/dag.py', '--cfg-path', '/tmp/tmptckg6rt1']
[2024-04-16T09:47:48.983+0000] {standard_task_runner.py:63} INFO - Started process 4415 to run task
[2024-04-16T09:47:48.983+0000] {standard_task_runner.py:91} INFO - Job 1156: Subtask hello2
[2024-04-16T09:47:49.064+0000] {task_command.py:426} INFO - Running <TaskInstance: spotify_final_dag.hello2 scheduled__2024-04-16T03:20:00+00:00 [running]> on host 52651c1f9987
[2024-04-16T09:47:49.177+0000] {taskinstance.py:2644} INFO - Exporting env vars: AIRFLOW_CTX_DAG_OWNER='***' AIRFLOW_CTX_DAG_ID='spotify_final_dag' AIRFLOW_CTX_TASK_ID='hello2' AIRFLOW_CTX_EXECUTION_DATE='2024-04-16T03:20:00+00:00' AIRFLOW_CTX_TRY_NUMBER='1' AIRFLOW_CTX_DAG_RUN_ID='scheduled__2024-04-16T03:20:00+00:00'
[2024-04-16T09:47:49.178+0000] {taskinstance.py:430} INFO - ::endgroup::
[2024-04-16T09:47:49.620+0000] {logging_mixin.py:188} INFO - Connection successful
[2024-04-16T09:47:50.105+0000] {logging_mixin.py:188} INFO - Connection successful
[2024-04-16T09:47:50.530+0000] {logging_mixin.py:188} INFO - Connection successful
[2024-04-16T09:47:50.534+0000] {logging_mixin.py:188} INFO - Null Not Found
[2024-04-16T09:47:50.535+0000] {logging_mixin.py:188} INFO - Null Not Found
[2024-04-16T09:47:50.544+0000] {logging_mixin.py:188} INFO - Null Not Found
[2024-04-16T09:47:50.545+0000] {logging_mixin.py:188} INFO - Null Not Found
[2024-04-16T09:47:50.546+0000] {logging_mixin.py:188} INFO - Null Not Found
[2024-04-16T09:47:50.546+0000] {logging_mixin.py:188} INFO - Null Not Found
[2024-04-16T09:47:50.548+0000] {python.py:237} INFO - Done. Returned value was: None
[2024-04-16T09:47:50.548+0000] {taskinstance.py:441} INFO - ::group::Post task execution logs
[2024-04-16T09:47:50.555+0000] {taskinstance.py:1205} INFO - Marking task as SUCCESS. dag_id=spotify_final_dag, task_id=hello2, execution_date=20240416T032000, start_date=20240416T094748, end_date=20240416T094750
[2024-04-16T09:47:50.606+0000] {local_task_job_runner.py:240} INFO - Task exited with return code 0
[2024-04-16T09:47:50.617+0000] {taskinstance.py:3482} INFO - 0 downstream tasks scheduled from follow-on schedule check
[2024-04-16T09:47:50.619+0000] {local_task_job_runner.py:222} INFO - ::endgroup::
