[2024-04-16T09:39:56.952+0000] {local_task_job_runner.py:120} INFO - ::group::Pre task execution logs
[2024-04-16T09:39:56.974+0000] {taskinstance.py:2073} INFO - Dependencies all met for dep_context=non-requeueable deps ti=<TaskInstance: spotify_final_dag.hello2 scheduled__2024-04-16T03:10:00+00:00 [queued]>
[2024-04-16T09:39:56.984+0000] {taskinstance.py:2073} INFO - Dependencies all met for dep_context=requeueable deps ti=<TaskInstance: spotify_final_dag.hello2 scheduled__2024-04-16T03:10:00+00:00 [queued]>
[2024-04-16T09:39:56.985+0000] {taskinstance.py:2303} INFO - Starting attempt 1 of 2
[2024-04-16T09:39:56.998+0000] {taskinstance.py:2327} INFO - Executing <Task(PythonOperator): hello2> on 2024-04-16 03:10:00+00:00
[2024-04-16T09:39:57.009+0000] {warnings.py:110} WARNING - /home/***/.local/lib/python3.12/site-packages/***/task/task_runner/standard_task_runner.py:61: DeprecationWarning: This process (pid=2336) is multi-threaded, use of fork() may lead to deadlocks in the child.
  pid = os.fork()

[2024-04-16T09:39:57.011+0000] {standard_task_runner.py:63} INFO - Started process 2361 to run task
[2024-04-16T09:39:57.011+0000] {standard_task_runner.py:90} INFO - Running: ['***', 'tasks', 'run', 'spotify_final_dag', 'hello2', 'scheduled__2024-04-16T03:10:00+00:00', '--job-id', '508', '--raw', '--subdir', 'DAGS_FOLDER/dag.py', '--cfg-path', '/tmp/tmp_e7gskqs']
[2024-04-16T09:39:57.012+0000] {standard_task_runner.py:91} INFO - Job 508: Subtask hello2
[2024-04-16T09:39:57.060+0000] {task_command.py:426} INFO - Running <TaskInstance: spotify_final_dag.hello2 scheduled__2024-04-16T03:10:00+00:00 [running]> on host 52651c1f9987
[2024-04-16T09:39:57.165+0000] {taskinstance.py:2644} INFO - Exporting env vars: AIRFLOW_CTX_DAG_OWNER='***' AIRFLOW_CTX_DAG_ID='spotify_final_dag' AIRFLOW_CTX_TASK_ID='hello2' AIRFLOW_CTX_EXECUTION_DATE='2024-04-16T03:10:00+00:00' AIRFLOW_CTX_TRY_NUMBER='1' AIRFLOW_CTX_DAG_RUN_ID='scheduled__2024-04-16T03:10:00+00:00'
[2024-04-16T09:39:57.168+0000] {taskinstance.py:430} INFO - ::endgroup::
[2024-04-16T09:39:57.606+0000] {logging_mixin.py:188} INFO - Connection successful
[2024-04-16T09:39:58.137+0000] {logging_mixin.py:188} INFO - Connection successful
[2024-04-16T09:39:58.643+0000] {logging_mixin.py:188} INFO - Connection successful
[2024-04-16T09:39:58.649+0000] {logging_mixin.py:188} INFO - Null Not Found
[2024-04-16T09:39:58.650+0000] {logging_mixin.py:188} INFO - Null Not Found
[2024-04-16T09:39:58.664+0000] {logging_mixin.py:188} INFO - Null Not Found
[2024-04-16T09:39:58.665+0000] {logging_mixin.py:188} INFO - Null Not Found
[2024-04-16T09:39:58.666+0000] {logging_mixin.py:188} INFO - Null Not Found
[2024-04-16T09:39:58.667+0000] {logging_mixin.py:188} INFO - Null Not Found
[2024-04-16T09:39:58.669+0000] {python.py:237} INFO - Done. Returned value was: None
[2024-04-16T09:39:58.670+0000] {taskinstance.py:441} INFO - ::group::Post task execution logs
[2024-04-16T09:39:58.679+0000] {taskinstance.py:1205} INFO - Marking task as SUCCESS. dag_id=spotify_final_dag, task_id=hello2, execution_date=20240416T031000, start_date=20240416T093956, end_date=20240416T093958
[2024-04-16T09:39:58.709+0000] {local_task_job_runner.py:240} INFO - Task exited with return code 0
[2024-04-16T09:39:58.725+0000] {taskinstance.py:3482} INFO - 0 downstream tasks scheduled from follow-on schedule check
[2024-04-16T09:39:58.727+0000] {local_task_job_runner.py:222} INFO - ::endgroup::
[2024-04-16T09:47:40.135+0000] {local_task_job_runner.py:120} INFO - ::group::Pre task execution logs
[2024-04-16T09:47:40.152+0000] {taskinstance.py:2073} INFO - Dependencies all met for dep_context=non-requeueable deps ti=<TaskInstance: spotify_final_dag.hello2 scheduled__2024-04-16T03:10:00+00:00 [queued]>
[2024-04-16T09:47:40.159+0000] {taskinstance.py:2073} INFO - Dependencies all met for dep_context=requeueable deps ti=<TaskInstance: spotify_final_dag.hello2 scheduled__2024-04-16T03:10:00+00:00 [queued]>
[2024-04-16T09:47:40.160+0000] {taskinstance.py:2303} INFO - Starting attempt 1 of 2
[2024-04-16T09:47:40.169+0000] {taskinstance.py:2327} INFO - Executing <Task(PythonOperator): hello2> on 2024-04-16 03:10:00+00:00
[2024-04-16T09:47:40.175+0000] {warnings.py:110} WARNING - /home/***/.local/lib/python3.12/site-packages/***/task/task_runner/standard_task_runner.py:61: DeprecationWarning: This process (pid=4324) is multi-threaded, use of fork() may lead to deadlocks in the child.
  pid = os.fork()

[2024-04-16T09:47:40.176+0000] {standard_task_runner.py:63} INFO - Started process 4340 to run task
[2024-04-16T09:47:40.177+0000] {standard_task_runner.py:90} INFO - Running: ['***', 'tasks', 'run', 'spotify_final_dag', 'hello2', 'scheduled__2024-04-16T03:10:00+00:00', '--job-id', '1136', '--raw', '--subdir', 'DAGS_FOLDER/dag.py', '--cfg-path', '/tmp/tmpuhw4ih54']
[2024-04-16T09:47:40.178+0000] {standard_task_runner.py:91} INFO - Job 1136: Subtask hello2
[2024-04-16T09:47:40.213+0000] {task_command.py:426} INFO - Running <TaskInstance: spotify_final_dag.hello2 scheduled__2024-04-16T03:10:00+00:00 [running]> on host 52651c1f9987
[2024-04-16T09:47:40.285+0000] {taskinstance.py:2644} INFO - Exporting env vars: AIRFLOW_CTX_DAG_OWNER='***' AIRFLOW_CTX_DAG_ID='spotify_final_dag' AIRFLOW_CTX_TASK_ID='hello2' AIRFLOW_CTX_EXECUTION_DATE='2024-04-16T03:10:00+00:00' AIRFLOW_CTX_TRY_NUMBER='1' AIRFLOW_CTX_DAG_RUN_ID='scheduled__2024-04-16T03:10:00+00:00'
[2024-04-16T09:47:40.286+0000] {taskinstance.py:430} INFO - ::endgroup::
[2024-04-16T09:47:40.689+0000] {logging_mixin.py:188} INFO - Connection successful
[2024-04-16T09:47:41.176+0000] {logging_mixin.py:188} INFO - Connection successful
[2024-04-16T09:47:41.610+0000] {logging_mixin.py:188} INFO - Connection successful
[2024-04-16T09:47:41.614+0000] {logging_mixin.py:188} INFO - Null Not Found
[2024-04-16T09:47:41.615+0000] {logging_mixin.py:188} INFO - Null Not Found
[2024-04-16T09:47:41.623+0000] {logging_mixin.py:188} INFO - Null Not Found
[2024-04-16T09:47:41.624+0000] {logging_mixin.py:188} INFO - Null Not Found
[2024-04-16T09:47:41.625+0000] {logging_mixin.py:188} INFO - Null Not Found
[2024-04-16T09:47:41.626+0000] {logging_mixin.py:188} INFO - Null Not Found
[2024-04-16T09:47:41.627+0000] {python.py:237} INFO - Done. Returned value was: None
[2024-04-16T09:47:41.627+0000] {taskinstance.py:441} INFO - ::group::Post task execution logs
[2024-04-16T09:47:41.634+0000] {taskinstance.py:1205} INFO - Marking task as SUCCESS. dag_id=spotify_final_dag, task_id=hello2, execution_date=20240416T031000, start_date=20240416T094740, end_date=20240416T094741
[2024-04-16T09:47:41.675+0000] {local_task_job_runner.py:240} INFO - Task exited with return code 0
[2024-04-16T09:47:41.686+0000] {taskinstance.py:3482} INFO - 0 downstream tasks scheduled from follow-on schedule check
[2024-04-16T09:47:41.688+0000] {local_task_job_runner.py:222} INFO - ::endgroup::
