[2024-04-16T09:38:40.206+0000] {local_task_job_runner.py:120} INFO - ::group::Pre task execution logs
[2024-04-16T09:38:40.229+0000] {taskinstance.py:2073} INFO - Dependencies all met for dep_context=non-requeueable deps ti=<TaskInstance: spotify_final_dag.hello2 scheduled__2024-04-16T01:28:00+00:00 [queued]>
[2024-04-16T09:38:40.239+0000] {taskinstance.py:2073} INFO - Dependencies all met for dep_context=requeueable deps ti=<TaskInstance: spotify_final_dag.hello2 scheduled__2024-04-16T01:28:00+00:00 [queued]>
[2024-04-16T09:38:40.240+0000] {taskinstance.py:2303} INFO - Starting attempt 1 of 2
[2024-04-16T09:38:40.320+0000] {taskinstance.py:2327} INFO - Executing <Task(PythonOperator): hello2> on 2024-04-16 01:28:00+00:00
[2024-04-16T09:38:40.330+0000] {warnings.py:110} WARNING - /home/***/.local/lib/python3.12/site-packages/***/task/task_runner/standard_task_runner.py:61: DeprecationWarning: This process (pid=1693) is multi-threaded, use of fork() may lead to deadlocks in the child.
  pid = os.fork()

[2024-04-16T09:38:40.332+0000] {standard_task_runner.py:63} INFO - Started process 1716 to run task
[2024-04-16T09:38:40.332+0000] {standard_task_runner.py:90} INFO - Running: ['***', 'tasks', 'run', 'spotify_final_dag', 'hello2', 'scheduled__2024-04-16T01:28:00+00:00', '--job-id', '297', '--raw', '--subdir', 'DAGS_FOLDER/dag.py', '--cfg-path', '/tmp/tmp3i4r8foh']
[2024-04-16T09:38:40.336+0000] {standard_task_runner.py:91} INFO - Job 297: Subtask hello2
[2024-04-16T09:38:40.460+0000] {task_command.py:426} INFO - Running <TaskInstance: spotify_final_dag.hello2 scheduled__2024-04-16T01:28:00+00:00 [running]> on host 52651c1f9987
[2024-04-16T09:38:40.567+0000] {taskinstance.py:2644} INFO - Exporting env vars: AIRFLOW_CTX_DAG_OWNER='***' AIRFLOW_CTX_DAG_ID='spotify_final_dag' AIRFLOW_CTX_TASK_ID='hello2' AIRFLOW_CTX_EXECUTION_DATE='2024-04-16T01:28:00+00:00' AIRFLOW_CTX_TRY_NUMBER='1' AIRFLOW_CTX_DAG_RUN_ID='scheduled__2024-04-16T01:28:00+00:00'
[2024-04-16T09:38:40.569+0000] {taskinstance.py:430} INFO - ::endgroup::
[2024-04-16T09:38:40.988+0000] {logging_mixin.py:188} INFO - Connection successful
[2024-04-16T09:38:41.425+0000] {logging_mixin.py:188} INFO - Connection successful
[2024-04-16T09:38:41.882+0000] {logging_mixin.py:188} INFO - Connection successful
[2024-04-16T09:38:41.886+0000] {logging_mixin.py:188} INFO - Null Not Found
[2024-04-16T09:38:41.887+0000] {logging_mixin.py:188} INFO - Null Not Found
[2024-04-16T09:38:41.897+0000] {logging_mixin.py:188} INFO - Null Not Found
[2024-04-16T09:38:41.897+0000] {logging_mixin.py:188} INFO - Null Not Found
[2024-04-16T09:38:41.899+0000] {logging_mixin.py:188} INFO - Null Not Found
[2024-04-16T09:38:41.900+0000] {logging_mixin.py:188} INFO - Null Not Found
[2024-04-16T09:38:41.901+0000] {python.py:237} INFO - Done. Returned value was: None
[2024-04-16T09:38:41.902+0000] {taskinstance.py:441} INFO - ::group::Post task execution logs
[2024-04-16T09:38:41.911+0000] {taskinstance.py:1205} INFO - Marking task as SUCCESS. dag_id=spotify_final_dag, task_id=hello2, execution_date=20240416T012800, start_date=20240416T093840, end_date=20240416T093841
[2024-04-16T09:38:41.953+0000] {local_task_job_runner.py:240} INFO - Task exited with return code 0
[2024-04-16T09:38:41.968+0000] {taskinstance.py:3482} INFO - 0 downstream tasks scheduled from follow-on schedule check
[2024-04-16T09:38:41.970+0000] {local_task_job_runner.py:222} INFO - ::endgroup::
[2024-04-16T09:47:09.124+0000] {local_task_job_runner.py:120} INFO - ::group::Pre task execution logs
[2024-04-16T09:47:09.144+0000] {taskinstance.py:2073} INFO - Dependencies all met for dep_context=non-requeueable deps ti=<TaskInstance: spotify_final_dag.hello2 scheduled__2024-04-16T01:28:00+00:00 [queued]>
[2024-04-16T09:47:09.152+0000] {taskinstance.py:2073} INFO - Dependencies all met for dep_context=requeueable deps ti=<TaskInstance: spotify_final_dag.hello2 scheduled__2024-04-16T01:28:00+00:00 [queued]>
[2024-04-16T09:47:09.152+0000] {taskinstance.py:2303} INFO - Starting attempt 1 of 2
[2024-04-16T09:47:09.164+0000] {taskinstance.py:2327} INFO - Executing <Task(PythonOperator): hello2> on 2024-04-16 01:28:00+00:00
[2024-04-16T09:47:09.170+0000] {warnings.py:110} WARNING - /home/***/.local/lib/python3.12/site-packages/***/task/task_runner/standard_task_runner.py:61: DeprecationWarning: This process (pid=4030) is multi-threaded, use of fork() may lead to deadlocks in the child.
  pid = os.fork()

[2024-04-16T09:47:09.172+0000] {standard_task_runner.py:63} INFO - Started process 4043 to run task
[2024-04-16T09:47:09.172+0000] {standard_task_runner.py:90} INFO - Running: ['***', 'tasks', 'run', 'spotify_final_dag', 'hello2', 'scheduled__2024-04-16T01:28:00+00:00', '--job-id', '1038', '--raw', '--subdir', 'DAGS_FOLDER/dag.py', '--cfg-path', '/tmp/tmp604koyc_']
[2024-04-16T09:47:09.173+0000] {standard_task_runner.py:91} INFO - Job 1038: Subtask hello2
[2024-04-16T09:47:09.211+0000] {task_command.py:426} INFO - Running <TaskInstance: spotify_final_dag.hello2 scheduled__2024-04-16T01:28:00+00:00 [running]> on host 52651c1f9987
[2024-04-16T09:47:09.289+0000] {taskinstance.py:2644} INFO - Exporting env vars: AIRFLOW_CTX_DAG_OWNER='***' AIRFLOW_CTX_DAG_ID='spotify_final_dag' AIRFLOW_CTX_TASK_ID='hello2' AIRFLOW_CTX_EXECUTION_DATE='2024-04-16T01:28:00+00:00' AIRFLOW_CTX_TRY_NUMBER='1' AIRFLOW_CTX_DAG_RUN_ID='scheduled__2024-04-16T01:28:00+00:00'
[2024-04-16T09:47:09.291+0000] {taskinstance.py:430} INFO - ::endgroup::
[2024-04-16T09:47:09.745+0000] {logging_mixin.py:188} INFO - Connection successful
[2024-04-16T09:47:10.221+0000] {logging_mixin.py:188} INFO - Connection successful
[2024-04-16T09:47:10.659+0000] {logging_mixin.py:188} INFO - Connection successful
[2024-04-16T09:47:10.663+0000] {logging_mixin.py:188} INFO - Null Not Found
[2024-04-16T09:47:10.664+0000] {logging_mixin.py:188} INFO - Null Not Found
[2024-04-16T09:47:10.672+0000] {logging_mixin.py:188} INFO - Null Not Found
[2024-04-16T09:47:10.673+0000] {logging_mixin.py:188} INFO - Null Not Found
[2024-04-16T09:47:10.674+0000] {logging_mixin.py:188} INFO - Null Not Found
[2024-04-16T09:47:10.675+0000] {logging_mixin.py:188} INFO - Null Not Found
[2024-04-16T09:47:10.676+0000] {python.py:237} INFO - Done. Returned value was: None
[2024-04-16T09:47:10.676+0000] {taskinstance.py:441} INFO - ::group::Post task execution logs
[2024-04-16T09:47:10.683+0000] {taskinstance.py:1205} INFO - Marking task as SUCCESS. dag_id=spotify_final_dag, task_id=hello2, execution_date=20240416T012800, start_date=20240416T094709, end_date=20240416T094710
[2024-04-16T09:47:10.711+0000] {local_task_job_runner.py:240} INFO - Task exited with return code 0
[2024-04-16T09:47:10.721+0000] {taskinstance.py:3482} INFO - 0 downstream tasks scheduled from follow-on schedule check
[2024-04-16T09:47:10.724+0000] {local_task_job_runner.py:222} INFO - ::endgroup::
