[2024-04-16T09:41:37.443+0000] {local_task_job_runner.py:120} INFO - ::group::Pre task execution logs
[2024-04-16T09:41:37.462+0000] {taskinstance.py:2073} INFO - Dependencies all met for dep_context=non-requeueable deps ti=<TaskInstance: spotify_final_dag.hello2 scheduled__2024-04-16T05:54:00+00:00 [queued]>
[2024-04-16T09:41:37.469+0000] {taskinstance.py:2073} INFO - Dependencies all met for dep_context=requeueable deps ti=<TaskInstance: spotify_final_dag.hello2 scheduled__2024-04-16T05:54:00+00:00 [queued]>
[2024-04-16T09:41:37.470+0000] {taskinstance.py:2303} INFO - Starting attempt 1 of 2
[2024-04-16T09:41:37.481+0000] {taskinstance.py:2327} INFO - Executing <Task(PythonOperator): hello2> on 2024-04-16 05:54:00+00:00
[2024-04-16T09:41:37.487+0000] {warnings.py:110} WARNING - /home/***/.local/lib/python3.12/site-packages/***/task/task_runner/standard_task_runner.py:61: DeprecationWarning: This process (pid=3318) is multi-threaded, use of fork() may lead to deadlocks in the child.
  pid = os.fork()

[2024-04-16T09:41:37.489+0000] {standard_task_runner.py:63} INFO - Started process 3337 to run task
[2024-04-16T09:41:37.489+0000] {standard_task_runner.py:90} INFO - Running: ['***', 'tasks', 'run', 'spotify_final_dag', 'hello2', 'scheduled__2024-04-16T05:54:00+00:00', '--job-id', '828', '--raw', '--subdir', 'DAGS_FOLDER/dag.py', '--cfg-path', '/tmp/tmpwr2staug']
[2024-04-16T09:41:37.490+0000] {standard_task_runner.py:91} INFO - Job 828: Subtask hello2
[2024-04-16T09:41:37.523+0000] {task_command.py:426} INFO - Running <TaskInstance: spotify_final_dag.hello2 scheduled__2024-04-16T05:54:00+00:00 [running]> on host 52651c1f9987
[2024-04-16T09:41:37.590+0000] {taskinstance.py:2644} INFO - Exporting env vars: AIRFLOW_CTX_DAG_OWNER='***' AIRFLOW_CTX_DAG_ID='spotify_final_dag' AIRFLOW_CTX_TASK_ID='hello2' AIRFLOW_CTX_EXECUTION_DATE='2024-04-16T05:54:00+00:00' AIRFLOW_CTX_TRY_NUMBER='1' AIRFLOW_CTX_DAG_RUN_ID='scheduled__2024-04-16T05:54:00+00:00'
[2024-04-16T09:41:37.591+0000] {taskinstance.py:430} INFO - ::endgroup::
[2024-04-16T09:41:37.984+0000] {logging_mixin.py:188} INFO - Connection successful
[2024-04-16T09:41:38.376+0000] {logging_mixin.py:188} INFO - Connection successful
[2024-04-16T09:41:38.834+0000] {logging_mixin.py:188} INFO - Connection successful
[2024-04-16T09:41:38.838+0000] {logging_mixin.py:188} INFO - Null Not Found
[2024-04-16T09:41:38.839+0000] {logging_mixin.py:188} INFO - Null Not Found
[2024-04-16T09:41:38.848+0000] {logging_mixin.py:188} INFO - Null Not Found
[2024-04-16T09:41:38.848+0000] {logging_mixin.py:188} INFO - Null Not Found
[2024-04-16T09:41:38.849+0000] {logging_mixin.py:188} INFO - Null Not Found
[2024-04-16T09:41:38.850+0000] {logging_mixin.py:188} INFO - Null Not Found
[2024-04-16T09:41:38.851+0000] {python.py:237} INFO - Done. Returned value was: None
[2024-04-16T09:41:38.851+0000] {taskinstance.py:441} INFO - ::group::Post task execution logs
[2024-04-16T09:41:38.858+0000] {taskinstance.py:1205} INFO - Marking task as SUCCESS. dag_id=spotify_final_dag, task_id=hello2, execution_date=20240416T055400, start_date=20240416T094137, end_date=20240416T094138
[2024-04-16T09:41:38.906+0000] {local_task_job_runner.py:240} INFO - Task exited with return code 0
[2024-04-16T09:41:38.918+0000] {taskinstance.py:3482} INFO - 0 downstream tasks scheduled from follow-on schedule check
[2024-04-16T09:41:38.920+0000] {local_task_job_runner.py:222} INFO - ::endgroup::
[2024-04-16T09:48:38.576+0000] {local_task_job_runner.py:120} INFO - ::group::Pre task execution logs
[2024-04-16T09:48:38.601+0000] {taskinstance.py:2073} INFO - Dependencies all met for dep_context=non-requeueable deps ti=<TaskInstance: spotify_final_dag.hello2 scheduled__2024-04-16T05:54:00+00:00 [queued]>
[2024-04-16T09:48:38.613+0000] {taskinstance.py:2073} INFO - Dependencies all met for dep_context=requeueable deps ti=<TaskInstance: spotify_final_dag.hello2 scheduled__2024-04-16T05:54:00+00:00 [queued]>
[2024-04-16T09:48:38.618+0000] {taskinstance.py:2303} INFO - Starting attempt 1 of 2
[2024-04-16T09:48:38.636+0000] {taskinstance.py:2327} INFO - Executing <Task(PythonOperator): hello2> on 2024-04-16 05:54:00+00:00
[2024-04-16T09:48:38.649+0000] {warnings.py:110} WARNING - /home/***/.local/lib/python3.12/site-packages/***/task/task_runner/standard_task_runner.py:61: DeprecationWarning: This process (pid=4865) is multi-threaded, use of fork() may lead to deadlocks in the child.
  pid = os.fork()

[2024-04-16T09:48:38.651+0000] {standard_task_runner.py:63} INFO - Started process 4896 to run task
[2024-04-16T09:48:38.654+0000] {standard_task_runner.py:90} INFO - Running: ['***', 'tasks', 'run', 'spotify_final_dag', 'hello2', 'scheduled__2024-04-16T05:54:00+00:00', '--job-id', '1311', '--raw', '--subdir', 'DAGS_FOLDER/dag.py', '--cfg-path', '/tmp/tmph829hb4d']
[2024-04-16T09:48:38.656+0000] {standard_task_runner.py:91} INFO - Job 1311: Subtask hello2
[2024-04-16T09:48:38.715+0000] {task_command.py:426} INFO - Running <TaskInstance: spotify_final_dag.hello2 scheduled__2024-04-16T05:54:00+00:00 [running]> on host 52651c1f9987
[2024-04-16T09:48:38.822+0000] {taskinstance.py:2644} INFO - Exporting env vars: AIRFLOW_CTX_DAG_OWNER='***' AIRFLOW_CTX_DAG_ID='spotify_final_dag' AIRFLOW_CTX_TASK_ID='hello2' AIRFLOW_CTX_EXECUTION_DATE='2024-04-16T05:54:00+00:00' AIRFLOW_CTX_TRY_NUMBER='1' AIRFLOW_CTX_DAG_RUN_ID='scheduled__2024-04-16T05:54:00+00:00'
[2024-04-16T09:48:38.824+0000] {taskinstance.py:430} INFO - ::endgroup::
[2024-04-16T09:48:39.233+0000] {logging_mixin.py:188} INFO - Connection successful
[2024-04-16T09:48:39.688+0000] {logging_mixin.py:188} INFO - Connection successful
[2024-04-16T09:48:40.093+0000] {logging_mixin.py:188} INFO - Connection successful
[2024-04-16T09:48:40.099+0000] {logging_mixin.py:188} INFO - Null Not Found
[2024-04-16T09:48:40.100+0000] {logging_mixin.py:188} INFO - Null Not Found
[2024-04-16T09:48:40.109+0000] {logging_mixin.py:188} INFO - Null Not Found
[2024-04-16T09:48:40.110+0000] {logging_mixin.py:188} INFO - Null Not Found
[2024-04-16T09:48:40.111+0000] {logging_mixin.py:188} INFO - Null Not Found
[2024-04-16T09:48:40.112+0000] {logging_mixin.py:188} INFO - Null Not Found
[2024-04-16T09:48:40.114+0000] {python.py:237} INFO - Done. Returned value was: None
[2024-04-16T09:48:40.114+0000] {taskinstance.py:441} INFO - ::group::Post task execution logs
[2024-04-16T09:48:40.124+0000] {taskinstance.py:1205} INFO - Marking task as SUCCESS. dag_id=spotify_final_dag, task_id=hello2, execution_date=20240416T055400, start_date=20240416T094838, end_date=20240416T094840
[2024-04-16T09:48:40.151+0000] {local_task_job_runner.py:240} INFO - Task exited with return code 0
[2024-04-16T09:48:40.168+0000] {taskinstance.py:3482} INFO - 0 downstream tasks scheduled from follow-on schedule check
[2024-04-16T09:48:40.170+0000] {local_task_job_runner.py:222} INFO - ::endgroup::
