[2024-04-17T05:28:04.492+0000] {local_task_job_runner.py:120} INFO - ::group::Pre task execution logs
[2024-04-17T05:28:04.508+0000] {taskinstance.py:2073} INFO - Dependencies all met for dep_context=non-requeueable deps ti=<TaskInstance: spotify_final_dag.hello2 scheduled__2024-04-17T00:36:00+00:00 [queued]>
[2024-04-17T05:28:04.516+0000] {taskinstance.py:2073} INFO - Dependencies all met for dep_context=requeueable deps ti=<TaskInstance: spotify_final_dag.hello2 scheduled__2024-04-17T00:36:00+00:00 [queued]>
[2024-04-17T05:28:04.517+0000] {taskinstance.py:2303} INFO - Starting attempt 1 of 2
[2024-04-17T05:28:04.529+0000] {taskinstance.py:2327} INFO - Executing <Task(PythonOperator): hello2> on 2024-04-17 00:36:00+00:00
[2024-04-17T05:28:04.537+0000] {warnings.py:110} WARNING - /home/***/.local/lib/python3.12/site-packages/***/task/task_runner/standard_task_runner.py:61: DeprecationWarning: This process (pid=2837) is multi-threaded, use of fork() may lead to deadlocks in the child.
  pid = os.fork()

[2024-04-17T05:28:04.538+0000] {standard_task_runner.py:63} INFO - Started process 2848 to run task
[2024-04-17T05:28:04.539+0000] {standard_task_runner.py:90} INFO - Running: ['***', 'tasks', 'run', 'spotify_final_dag', 'hello2', 'scheduled__2024-04-17T00:36:00+00:00', '--job-id', '2461', '--raw', '--subdir', 'DAGS_FOLDER/dag.py', '--cfg-path', '/tmp/tmp75c2kpyb']
[2024-04-17T05:28:04.540+0000] {standard_task_runner.py:91} INFO - Job 2461: Subtask hello2
[2024-04-17T05:28:04.583+0000] {task_command.py:426} INFO - Running <TaskInstance: spotify_final_dag.hello2 scheduled__2024-04-17T00:36:00+00:00 [running]> on host 52651c1f9987
[2024-04-17T05:28:04.659+0000] {taskinstance.py:2644} INFO - Exporting env vars: AIRFLOW_CTX_DAG_OWNER='***' AIRFLOW_CTX_DAG_ID='spotify_final_dag' AIRFLOW_CTX_TASK_ID='hello2' AIRFLOW_CTX_EXECUTION_DATE='2024-04-17T00:36:00+00:00' AIRFLOW_CTX_TRY_NUMBER='1' AIRFLOW_CTX_DAG_RUN_ID='scheduled__2024-04-17T00:36:00+00:00'
[2024-04-17T05:28:04.661+0000] {taskinstance.py:430} INFO - ::endgroup::
[2024-04-17T05:28:05.122+0000] {logging_mixin.py:188} INFO - Connection successful
[2024-04-17T05:28:05.570+0000] {logging_mixin.py:188} INFO - Connection successful
[2024-04-17T05:28:05.994+0000] {logging_mixin.py:188} INFO - Connection successful
[2024-04-17T05:28:05.998+0000] {logging_mixin.py:188} INFO - Null Not Found
[2024-04-17T05:28:05.999+0000] {logging_mixin.py:188} INFO - Null Not Found
[2024-04-17T05:28:06.011+0000] {logging_mixin.py:188} INFO - Null Not Found
[2024-04-17T05:28:06.012+0000] {logging_mixin.py:188} INFO - Null Not Found
[2024-04-17T05:28:06.015+0000] {logging_mixin.py:188} INFO - Null Not Found
[2024-04-17T05:28:06.016+0000] {logging_mixin.py:188} INFO - Null Not Found
[2024-04-17T05:28:06.018+0000] {python.py:237} INFO - Done. Returned value was: None
[2024-04-17T05:28:06.019+0000] {taskinstance.py:441} INFO - ::group::Post task execution logs
[2024-04-17T05:28:06.025+0000] {taskinstance.py:1205} INFO - Marking task as SUCCESS. dag_id=spotify_final_dag, task_id=hello2, execution_date=20240417T003600, start_date=20240417T052804, end_date=20240417T052806
[2024-04-17T05:28:06.078+0000] {local_task_job_runner.py:240} INFO - Task exited with return code 0
[2024-04-17T05:28:06.092+0000] {taskinstance.py:3482} INFO - 0 downstream tasks scheduled from follow-on schedule check
[2024-04-17T05:28:06.095+0000] {local_task_job_runner.py:222} INFO - ::endgroup::
