[2024-04-16T09:41:06.430+0000] {local_task_job_runner.py:120} INFO - ::group::Pre task execution logs
[2024-04-16T09:41:06.457+0000] {taskinstance.py:2073} INFO - Dependencies all met for dep_context=non-requeueable deps ti=<TaskInstance: spotify_final_dag.hello2 scheduled__2024-04-16T05:02:00+00:00 [queued]>
[2024-04-16T09:41:06.468+0000] {taskinstance.py:2073} INFO - Dependencies all met for dep_context=requeueable deps ti=<TaskInstance: spotify_final_dag.hello2 scheduled__2024-04-16T05:02:00+00:00 [queued]>
[2024-04-16T09:41:06.469+0000] {taskinstance.py:2303} INFO - Starting attempt 1 of 2
[2024-04-16T09:41:06.488+0000] {taskinstance.py:2327} INFO - Executing <Task(PythonOperator): hello2> on 2024-04-16 05:02:00+00:00
[2024-04-16T09:41:06.498+0000] {warnings.py:110} WARNING - /home/***/.local/lib/python3.12/site-packages/***/task/task_runner/standard_task_runner.py:61: DeprecationWarning: This process (pid=3009) is multi-threaded, use of fork() may lead to deadlocks in the child.
  pid = os.fork()

[2024-04-16T09:41:06.501+0000] {standard_task_runner.py:90} INFO - Running: ['***', 'tasks', 'run', 'spotify_final_dag', 'hello2', 'scheduled__2024-04-16T05:02:00+00:00', '--job-id', '729', '--raw', '--subdir', 'DAGS_FOLDER/dag.py', '--cfg-path', '/tmp/tmp1u7868t7']
[2024-04-16T09:41:06.502+0000] {standard_task_runner.py:91} INFO - Job 729: Subtask hello2
[2024-04-16T09:41:06.502+0000] {standard_task_runner.py:63} INFO - Started process 3038 to run task
[2024-04-16T09:41:06.556+0000] {task_command.py:426} INFO - Running <TaskInstance: spotify_final_dag.hello2 scheduled__2024-04-16T05:02:00+00:00 [running]> on host 52651c1f9987
[2024-04-16T09:41:06.668+0000] {taskinstance.py:2644} INFO - Exporting env vars: AIRFLOW_CTX_DAG_OWNER='***' AIRFLOW_CTX_DAG_ID='spotify_final_dag' AIRFLOW_CTX_TASK_ID='hello2' AIRFLOW_CTX_EXECUTION_DATE='2024-04-16T05:02:00+00:00' AIRFLOW_CTX_TRY_NUMBER='1' AIRFLOW_CTX_DAG_RUN_ID='scheduled__2024-04-16T05:02:00+00:00'
[2024-04-16T09:41:06.669+0000] {taskinstance.py:430} INFO - ::endgroup::
[2024-04-16T09:41:07.168+0000] {logging_mixin.py:188} INFO - Connection successful
[2024-04-16T09:41:07.587+0000] {logging_mixin.py:188} INFO - Connection successful
[2024-04-16T09:41:08.078+0000] {logging_mixin.py:188} INFO - Connection successful
[2024-04-16T09:41:08.081+0000] {logging_mixin.py:188} INFO - Null Not Found
[2024-04-16T09:41:08.082+0000] {logging_mixin.py:188} INFO - Null Not Found
[2024-04-16T09:41:08.090+0000] {logging_mixin.py:188} INFO - Null Not Found
[2024-04-16T09:41:08.091+0000] {logging_mixin.py:188} INFO - Null Not Found
[2024-04-16T09:41:08.092+0000] {logging_mixin.py:188} INFO - Null Not Found
[2024-04-16T09:41:08.093+0000] {logging_mixin.py:188} INFO - Null Not Found
[2024-04-16T09:41:08.094+0000] {python.py:237} INFO - Done. Returned value was: None
[2024-04-16T09:41:08.094+0000] {taskinstance.py:441} INFO - ::group::Post task execution logs
[2024-04-16T09:41:08.102+0000] {taskinstance.py:1205} INFO - Marking task as SUCCESS. dag_id=spotify_final_dag, task_id=hello2, execution_date=20240416T050200, start_date=20240416T094106, end_date=20240416T094108
[2024-04-16T09:41:08.124+0000] {local_task_job_runner.py:240} INFO - Task exited with return code 0
[2024-04-16T09:41:08.137+0000] {taskinstance.py:3482} INFO - 0 downstream tasks scheduled from follow-on schedule check
[2024-04-16T09:41:08.139+0000] {local_task_job_runner.py:222} INFO - ::endgroup::
[2024-04-16T09:48:19.705+0000] {local_task_job_runner.py:120} INFO - ::group::Pre task execution logs
[2024-04-16T09:48:19.730+0000] {taskinstance.py:2073} INFO - Dependencies all met for dep_context=non-requeueable deps ti=<TaskInstance: spotify_final_dag.hello2 scheduled__2024-04-16T05:02:00+00:00 [queued]>
[2024-04-16T09:48:19.741+0000] {taskinstance.py:2073} INFO - Dependencies all met for dep_context=requeueable deps ti=<TaskInstance: spotify_final_dag.hello2 scheduled__2024-04-16T05:02:00+00:00 [queued]>
[2024-04-16T09:48:19.741+0000] {taskinstance.py:2303} INFO - Starting attempt 1 of 2
[2024-04-16T09:48:19.762+0000] {taskinstance.py:2327} INFO - Executing <Task(PythonOperator): hello2> on 2024-04-16 05:02:00+00:00
[2024-04-16T09:48:19.772+0000] {warnings.py:110} WARNING - /home/***/.local/lib/python3.12/site-packages/***/task/task_runner/standard_task_runner.py:61: DeprecationWarning: This process (pid=4692) is multi-threaded, use of fork() may lead to deadlocks in the child.
  pid = os.fork()

[2024-04-16T09:48:19.774+0000] {standard_task_runner.py:63} INFO - Started process 4721 to run task
[2024-04-16T09:48:19.774+0000] {standard_task_runner.py:90} INFO - Running: ['***', 'tasks', 'run', 'spotify_final_dag', 'hello2', 'scheduled__2024-04-16T05:02:00+00:00', '--job-id', '1257', '--raw', '--subdir', 'DAGS_FOLDER/dag.py', '--cfg-path', '/tmp/tmp7rf1mq00']
[2024-04-16T09:48:19.775+0000] {standard_task_runner.py:91} INFO - Job 1257: Subtask hello2
[2024-04-16T09:48:19.823+0000] {task_command.py:426} INFO - Running <TaskInstance: spotify_final_dag.hello2 scheduled__2024-04-16T05:02:00+00:00 [running]> on host 52651c1f9987
[2024-04-16T09:48:19.923+0000] {taskinstance.py:2644} INFO - Exporting env vars: AIRFLOW_CTX_DAG_OWNER='***' AIRFLOW_CTX_DAG_ID='spotify_final_dag' AIRFLOW_CTX_TASK_ID='hello2' AIRFLOW_CTX_EXECUTION_DATE='2024-04-16T05:02:00+00:00' AIRFLOW_CTX_TRY_NUMBER='1' AIRFLOW_CTX_DAG_RUN_ID='scheduled__2024-04-16T05:02:00+00:00'
[2024-04-16T09:48:19.925+0000] {taskinstance.py:430} INFO - ::endgroup::
[2024-04-16T09:48:20.350+0000] {logging_mixin.py:188} INFO - Connection successful
[2024-04-16T09:48:20.800+0000] {logging_mixin.py:188} INFO - Connection successful
[2024-04-16T09:48:21.277+0000] {logging_mixin.py:188} INFO - Connection successful
[2024-04-16T09:48:21.281+0000] {logging_mixin.py:188} INFO - Null Not Found
[2024-04-16T09:48:21.282+0000] {logging_mixin.py:188} INFO - Null Not Found
[2024-04-16T09:48:21.292+0000] {logging_mixin.py:188} INFO - Null Not Found
[2024-04-16T09:48:21.292+0000] {logging_mixin.py:188} INFO - Null Not Found
[2024-04-16T09:48:21.294+0000] {logging_mixin.py:188} INFO - Null Not Found
[2024-04-16T09:48:21.295+0000] {logging_mixin.py:188} INFO - Null Not Found
[2024-04-16T09:48:21.296+0000] {python.py:237} INFO - Done. Returned value was: None
[2024-04-16T09:48:21.297+0000] {taskinstance.py:441} INFO - ::group::Post task execution logs
[2024-04-16T09:48:21.305+0000] {taskinstance.py:1205} INFO - Marking task as SUCCESS. dag_id=spotify_final_dag, task_id=hello2, execution_date=20240416T050200, start_date=20240416T094819, end_date=20240416T094821
[2024-04-16T09:48:21.392+0000] {local_task_job_runner.py:240} INFO - Task exited with return code 0
[2024-04-16T09:48:21.404+0000] {taskinstance.py:3482} INFO - 0 downstream tasks scheduled from follow-on schedule check
[2024-04-16T09:48:21.406+0000] {local_task_job_runner.py:222} INFO - ::endgroup::
