[2024-04-16T09:40:38.355+0000] {local_task_job_runner.py:120} INFO - ::group::Pre task execution logs
[2024-04-16T09:40:38.383+0000] {taskinstance.py:2073} INFO - Dependencies all met for dep_context=non-requeueable deps ti=<TaskInstance: spotify_final_dag.hello2 scheduled__2024-04-16T04:22:00+00:00 [queued]>
[2024-04-16T09:40:38.396+0000] {taskinstance.py:2073} INFO - Dependencies all met for dep_context=requeueable deps ti=<TaskInstance: spotify_final_dag.hello2 scheduled__2024-04-16T04:22:00+00:00 [queued]>
[2024-04-16T09:40:38.397+0000] {taskinstance.py:2303} INFO - Starting attempt 1 of 2
[2024-04-16T09:40:38.415+0000] {taskinstance.py:2327} INFO - Executing <Task(PythonOperator): hello2> on 2024-04-16 04:22:00+00:00
[2024-04-16T09:40:38.424+0000] {warnings.py:110} WARNING - /home/***/.local/lib/python3.12/site-packages/***/task/task_runner/standard_task_runner.py:61: DeprecationWarning: This process (pid=2751) is multi-threaded, use of fork() may lead to deadlocks in the child.
  pid = os.fork()

[2024-04-16T09:40:38.426+0000] {standard_task_runner.py:63} INFO - Started process 2766 to run task
[2024-04-16T09:40:38.427+0000] {standard_task_runner.py:90} INFO - Running: ['***', 'tasks', 'run', 'spotify_final_dag', 'hello2', 'scheduled__2024-04-16T04:22:00+00:00', '--job-id', '643', '--raw', '--subdir', 'DAGS_FOLDER/dag.py', '--cfg-path', '/tmp/tmp494hqeyh']
[2024-04-16T09:40:38.428+0000] {standard_task_runner.py:91} INFO - Job 643: Subtask hello2
[2024-04-16T09:40:38.468+0000] {task_command.py:426} INFO - Running <TaskInstance: spotify_final_dag.hello2 scheduled__2024-04-16T04:22:00+00:00 [running]> on host 52651c1f9987
[2024-04-16T09:40:38.551+0000] {taskinstance.py:2644} INFO - Exporting env vars: AIRFLOW_CTX_DAG_OWNER='***' AIRFLOW_CTX_DAG_ID='spotify_final_dag' AIRFLOW_CTX_TASK_ID='hello2' AIRFLOW_CTX_EXECUTION_DATE='2024-04-16T04:22:00+00:00' AIRFLOW_CTX_TRY_NUMBER='1' AIRFLOW_CTX_DAG_RUN_ID='scheduled__2024-04-16T04:22:00+00:00'
[2024-04-16T09:40:38.553+0000] {taskinstance.py:430} INFO - ::endgroup::
[2024-04-16T09:40:38.989+0000] {logging_mixin.py:188} INFO - Connection successful
[2024-04-16T09:40:39.477+0000] {logging_mixin.py:188} INFO - Connection successful
[2024-04-16T09:40:39.953+0000] {logging_mixin.py:188} INFO - Connection successful
[2024-04-16T09:40:39.956+0000] {logging_mixin.py:188} INFO - Null Not Found
[2024-04-16T09:40:39.958+0000] {logging_mixin.py:188} INFO - Null Not Found
[2024-04-16T09:40:39.967+0000] {logging_mixin.py:188} INFO - Null Not Found
[2024-04-16T09:40:39.967+0000] {logging_mixin.py:188} INFO - Null Not Found
[2024-04-16T09:40:39.969+0000] {logging_mixin.py:188} INFO - Null Not Found
[2024-04-16T09:40:39.970+0000] {logging_mixin.py:188} INFO - Null Not Found
[2024-04-16T09:40:39.972+0000] {python.py:237} INFO - Done. Returned value was: None
[2024-04-16T09:40:39.972+0000] {taskinstance.py:441} INFO - ::group::Post task execution logs
[2024-04-16T09:40:39.980+0000] {taskinstance.py:1205} INFO - Marking task as SUCCESS. dag_id=spotify_final_dag, task_id=hello2, execution_date=20240416T042200, start_date=20240416T094038, end_date=20240416T094039
[2024-04-16T09:40:40.004+0000] {local_task_job_runner.py:240} INFO - Task exited with return code 0
[2024-04-16T09:40:40.017+0000] {taskinstance.py:3482} INFO - 0 downstream tasks scheduled from follow-on schedule check
[2024-04-16T09:40:40.019+0000] {local_task_job_runner.py:222} INFO - ::endgroup::
[2024-04-16T09:48:09.001+0000] {local_task_job_runner.py:120} INFO - ::group::Pre task execution logs
[2024-04-16T09:48:09.020+0000] {taskinstance.py:2073} INFO - Dependencies all met for dep_context=non-requeueable deps ti=<TaskInstance: spotify_final_dag.hello2 scheduled__2024-04-16T04:22:00+00:00 [queued]>
[2024-04-16T09:48:09.027+0000] {taskinstance.py:2073} INFO - Dependencies all met for dep_context=requeueable deps ti=<TaskInstance: spotify_final_dag.hello2 scheduled__2024-04-16T04:22:00+00:00 [queued]>
[2024-04-16T09:48:09.028+0000] {taskinstance.py:2303} INFO - Starting attempt 1 of 2
[2024-04-16T09:48:09.042+0000] {taskinstance.py:2327} INFO - Executing <Task(PythonOperator): hello2> on 2024-04-16 04:22:00+00:00
[2024-04-16T09:48:09.049+0000] {warnings.py:110} WARNING - /home/***/.local/lib/python3.12/site-packages/***/task/task_runner/standard_task_runner.py:61: DeprecationWarning: This process (pid=4579) is multi-threaded, use of fork() may lead to deadlocks in the child.
  pid = os.fork()

[2024-04-16T09:48:09.050+0000] {standard_task_runner.py:63} INFO - Started process 4602 to run task
[2024-04-16T09:48:09.051+0000] {standard_task_runner.py:90} INFO - Running: ['***', 'tasks', 'run', 'spotify_final_dag', 'hello2', 'scheduled__2024-04-16T04:22:00+00:00', '--job-id', '1220', '--raw', '--subdir', 'DAGS_FOLDER/dag.py', '--cfg-path', '/tmp/tmpa_phrbi2']
[2024-04-16T09:48:09.052+0000] {standard_task_runner.py:91} INFO - Job 1220: Subtask hello2
[2024-04-16T09:48:09.099+0000] {task_command.py:426} INFO - Running <TaskInstance: spotify_final_dag.hello2 scheduled__2024-04-16T04:22:00+00:00 [running]> on host 52651c1f9987
[2024-04-16T09:48:09.193+0000] {taskinstance.py:2644} INFO - Exporting env vars: AIRFLOW_CTX_DAG_OWNER='***' AIRFLOW_CTX_DAG_ID='spotify_final_dag' AIRFLOW_CTX_TASK_ID='hello2' AIRFLOW_CTX_EXECUTION_DATE='2024-04-16T04:22:00+00:00' AIRFLOW_CTX_TRY_NUMBER='1' AIRFLOW_CTX_DAG_RUN_ID='scheduled__2024-04-16T04:22:00+00:00'
[2024-04-16T09:48:09.194+0000] {taskinstance.py:430} INFO - ::endgroup::
[2024-04-16T09:48:09.608+0000] {logging_mixin.py:188} INFO - Connection successful
[2024-04-16T09:48:10.102+0000] {logging_mixin.py:188} INFO - Connection successful
[2024-04-16T09:48:10.532+0000] {logging_mixin.py:188} INFO - Connection successful
[2024-04-16T09:48:10.536+0000] {logging_mixin.py:188} INFO - Null Not Found
[2024-04-16T09:48:10.537+0000] {logging_mixin.py:188} INFO - Null Not Found
[2024-04-16T09:48:10.546+0000] {logging_mixin.py:188} INFO - Null Not Found
[2024-04-16T09:48:10.547+0000] {logging_mixin.py:188} INFO - Null Not Found
[2024-04-16T09:48:10.549+0000] {logging_mixin.py:188} INFO - Null Not Found
[2024-04-16T09:48:10.550+0000] {logging_mixin.py:188} INFO - Null Not Found
[2024-04-16T09:48:10.551+0000] {python.py:237} INFO - Done. Returned value was: None
[2024-04-16T09:48:10.552+0000] {taskinstance.py:441} INFO - ::group::Post task execution logs
[2024-04-16T09:48:10.562+0000] {taskinstance.py:1205} INFO - Marking task as SUCCESS. dag_id=spotify_final_dag, task_id=hello2, execution_date=20240416T042200, start_date=20240416T094809, end_date=20240416T094810
[2024-04-16T09:48:10.588+0000] {local_task_job_runner.py:240} INFO - Task exited with return code 0
[2024-04-16T09:48:10.601+0000] {taskinstance.py:3482} INFO - 0 downstream tasks scheduled from follow-on schedule check
[2024-04-16T09:48:10.603+0000] {local_task_job_runner.py:222} INFO - ::endgroup::
