[2024-04-16T09:40:38.713+0000] {local_task_job_runner.py:120} INFO - ::group::Pre task execution logs
[2024-04-16T09:40:38.732+0000] {taskinstance.py:2073} INFO - Dependencies all met for dep_context=non-requeueable deps ti=<TaskInstance: spotify_final_dag.hello2 scheduled__2024-04-16T04:24:00+00:00 [queued]>
[2024-04-16T09:40:38.741+0000] {taskinstance.py:2073} INFO - Dependencies all met for dep_context=requeueable deps ti=<TaskInstance: spotify_final_dag.hello2 scheduled__2024-04-16T04:24:00+00:00 [queued]>
[2024-04-16T09:40:38.742+0000] {taskinstance.py:2303} INFO - Starting attempt 1 of 2
[2024-04-16T09:40:38.756+0000] {taskinstance.py:2327} INFO - Executing <Task(PythonOperator): hello2> on 2024-04-16 04:24:00+00:00
[2024-04-16T09:40:38.763+0000] {warnings.py:110} WARNING - /home/***/.local/lib/python3.12/site-packages/***/task/task_runner/standard_task_runner.py:61: DeprecationWarning: This process (pid=2758) is multi-threaded, use of fork() may lead to deadlocks in the child.
  pid = os.fork()

[2024-04-16T09:40:38.765+0000] {standard_task_runner.py:63} INFO - Started process 2769 to run task
[2024-04-16T09:40:38.765+0000] {standard_task_runner.py:90} INFO - Running: ['***', 'tasks', 'run', 'spotify_final_dag', 'hello2', 'scheduled__2024-04-16T04:24:00+00:00', '--job-id', '645', '--raw', '--subdir', 'DAGS_FOLDER/dag.py', '--cfg-path', '/tmp/tmpjlusr499']
[2024-04-16T09:40:38.766+0000] {standard_task_runner.py:91} INFO - Job 645: Subtask hello2
[2024-04-16T09:40:38.802+0000] {task_command.py:426} INFO - Running <TaskInstance: spotify_final_dag.hello2 scheduled__2024-04-16T04:24:00+00:00 [running]> on host 52651c1f9987
[2024-04-16T09:40:38.886+0000] {taskinstance.py:2644} INFO - Exporting env vars: AIRFLOW_CTX_DAG_OWNER='***' AIRFLOW_CTX_DAG_ID='spotify_final_dag' AIRFLOW_CTX_TASK_ID='hello2' AIRFLOW_CTX_EXECUTION_DATE='2024-04-16T04:24:00+00:00' AIRFLOW_CTX_TRY_NUMBER='1' AIRFLOW_CTX_DAG_RUN_ID='scheduled__2024-04-16T04:24:00+00:00'
[2024-04-16T09:40:38.888+0000] {taskinstance.py:430} INFO - ::endgroup::
[2024-04-16T09:40:39.310+0000] {logging_mixin.py:188} INFO - Connection successful
[2024-04-16T09:40:39.713+0000] {logging_mixin.py:188} INFO - Connection successful
[2024-04-16T09:40:40.111+0000] {logging_mixin.py:188} INFO - Connection successful
[2024-04-16T09:40:40.114+0000] {logging_mixin.py:188} INFO - Null Not Found
[2024-04-16T09:40:40.116+0000] {logging_mixin.py:188} INFO - Null Not Found
[2024-04-16T09:40:40.124+0000] {logging_mixin.py:188} INFO - Null Not Found
[2024-04-16T09:40:40.125+0000] {logging_mixin.py:188} INFO - Null Not Found
[2024-04-16T09:40:40.126+0000] {logging_mixin.py:188} INFO - Null Not Found
[2024-04-16T09:40:40.127+0000] {logging_mixin.py:188} INFO - Null Not Found
[2024-04-16T09:40:40.128+0000] {python.py:237} INFO - Done. Returned value was: None
[2024-04-16T09:40:40.128+0000] {taskinstance.py:441} INFO - ::group::Post task execution logs
[2024-04-16T09:40:40.135+0000] {taskinstance.py:1205} INFO - Marking task as SUCCESS. dag_id=spotify_final_dag, task_id=hello2, execution_date=20240416T042400, start_date=20240416T094038, end_date=20240416T094040
[2024-04-16T09:40:40.182+0000] {local_task_job_runner.py:240} INFO - Task exited with return code 0
[2024-04-16T09:40:40.194+0000] {taskinstance.py:3482} INFO - 0 downstream tasks scheduled from follow-on schedule check
[2024-04-16T09:40:40.196+0000] {local_task_job_runner.py:222} INFO - ::endgroup::
[2024-04-16T09:48:08.987+0000] {local_task_job_runner.py:120} INFO - ::group::Pre task execution logs
[2024-04-16T09:48:09.007+0000] {taskinstance.py:2073} INFO - Dependencies all met for dep_context=non-requeueable deps ti=<TaskInstance: spotify_final_dag.hello2 scheduled__2024-04-16T04:24:00+00:00 [queued]>
[2024-04-16T09:48:09.015+0000] {taskinstance.py:2073} INFO - Dependencies all met for dep_context=requeueable deps ti=<TaskInstance: spotify_final_dag.hello2 scheduled__2024-04-16T04:24:00+00:00 [queued]>
[2024-04-16T09:48:09.015+0000] {taskinstance.py:2303} INFO - Starting attempt 1 of 2
[2024-04-16T09:48:09.026+0000] {taskinstance.py:2327} INFO - Executing <Task(PythonOperator): hello2> on 2024-04-16 04:24:00+00:00
[2024-04-16T09:48:09.033+0000] {warnings.py:110} WARNING - /home/***/.local/lib/python3.12/site-packages/***/task/task_runner/standard_task_runner.py:61: DeprecationWarning: This process (pid=4580) is multi-threaded, use of fork() may lead to deadlocks in the child.
  pid = os.fork()

[2024-04-16T09:48:09.034+0000] {standard_task_runner.py:63} INFO - Started process 4600 to run task
[2024-04-16T09:48:09.035+0000] {standard_task_runner.py:90} INFO - Running: ['***', 'tasks', 'run', 'spotify_final_dag', 'hello2', 'scheduled__2024-04-16T04:24:00+00:00', '--job-id', '1218', '--raw', '--subdir', 'DAGS_FOLDER/dag.py', '--cfg-path', '/tmp/tmp88oeujga']
[2024-04-16T09:48:09.036+0000] {standard_task_runner.py:91} INFO - Job 1218: Subtask hello2
[2024-04-16T09:48:09.077+0000] {task_command.py:426} INFO - Running <TaskInstance: spotify_final_dag.hello2 scheduled__2024-04-16T04:24:00+00:00 [running]> on host 52651c1f9987
[2024-04-16T09:48:09.176+0000] {taskinstance.py:2644} INFO - Exporting env vars: AIRFLOW_CTX_DAG_OWNER='***' AIRFLOW_CTX_DAG_ID='spotify_final_dag' AIRFLOW_CTX_TASK_ID='hello2' AIRFLOW_CTX_EXECUTION_DATE='2024-04-16T04:24:00+00:00' AIRFLOW_CTX_TRY_NUMBER='1' AIRFLOW_CTX_DAG_RUN_ID='scheduled__2024-04-16T04:24:00+00:00'
[2024-04-16T09:48:09.177+0000] {taskinstance.py:430} INFO - ::endgroup::
[2024-04-16T09:48:09.584+0000] {logging_mixin.py:188} INFO - Connection successful
[2024-04-16T09:48:10.085+0000] {logging_mixin.py:188} INFO - Connection successful
[2024-04-16T09:48:10.521+0000] {logging_mixin.py:188} INFO - Connection successful
[2024-04-16T09:48:10.525+0000] {logging_mixin.py:188} INFO - Null Not Found
[2024-04-16T09:48:10.526+0000] {logging_mixin.py:188} INFO - Null Not Found
[2024-04-16T09:48:10.537+0000] {logging_mixin.py:188} INFO - Null Not Found
[2024-04-16T09:48:10.537+0000] {logging_mixin.py:188} INFO - Null Not Found
[2024-04-16T09:48:10.539+0000] {logging_mixin.py:188} INFO - Null Not Found
[2024-04-16T09:48:10.539+0000] {logging_mixin.py:188} INFO - Null Not Found
[2024-04-16T09:48:10.541+0000] {python.py:237} INFO - Done. Returned value was: None
[2024-04-16T09:48:10.541+0000] {taskinstance.py:441} INFO - ::group::Post task execution logs
[2024-04-16T09:48:10.551+0000] {taskinstance.py:1205} INFO - Marking task as SUCCESS. dag_id=spotify_final_dag, task_id=hello2, execution_date=20240416T042400, start_date=20240416T094809, end_date=20240416T094810
[2024-04-16T09:48:10.613+0000] {local_task_job_runner.py:240} INFO - Task exited with return code 0
[2024-04-16T09:48:10.629+0000] {taskinstance.py:3482} INFO - 0 downstream tasks scheduled from follow-on schedule check
[2024-04-16T09:48:10.631+0000] {local_task_job_runner.py:222} INFO - ::endgroup::
