[2024-04-16T09:40:42.374+0000] {local_task_job_runner.py:120} INFO - ::group::Pre task execution logs
[2024-04-16T09:40:42.388+0000] {taskinstance.py:2073} INFO - Dependencies all met for dep_context=non-requeueable deps ti=<TaskInstance: spotify_final_dag.hello2 scheduled__2024-04-16T04:26:00+00:00 [queued]>
[2024-04-16T09:40:42.394+0000] {taskinstance.py:2073} INFO - Dependencies all met for dep_context=requeueable deps ti=<TaskInstance: spotify_final_dag.hello2 scheduled__2024-04-16T04:26:00+00:00 [queued]>
[2024-04-16T09:40:42.395+0000] {taskinstance.py:2303} INFO - Starting attempt 1 of 2
[2024-04-16T09:40:42.408+0000] {taskinstance.py:2327} INFO - Executing <Task(PythonOperator): hello2> on 2024-04-16 04:26:00+00:00
[2024-04-16T09:40:42.415+0000] {warnings.py:110} WARNING - /home/***/.local/lib/python3.12/site-packages/***/task/task_runner/standard_task_runner.py:61: DeprecationWarning: This process (pid=2785) is multi-threaded, use of fork() may lead to deadlocks in the child.
  pid = os.fork()

[2024-04-16T09:40:42.416+0000] {standard_task_runner.py:63} INFO - Started process 2790 to run task
[2024-04-16T09:40:42.417+0000] {standard_task_runner.py:90} INFO - Running: ['***', 'tasks', 'run', 'spotify_final_dag', 'hello2', 'scheduled__2024-04-16T04:26:00+00:00', '--job-id', '650', '--raw', '--subdir', 'DAGS_FOLDER/dag.py', '--cfg-path', '/tmp/tmp4fcpu3qm']
[2024-04-16T09:40:42.418+0000] {standard_task_runner.py:91} INFO - Job 650: Subtask hello2
[2024-04-16T09:40:42.454+0000] {task_command.py:426} INFO - Running <TaskInstance: spotify_final_dag.hello2 scheduled__2024-04-16T04:26:00+00:00 [running]> on host 52651c1f9987
[2024-04-16T09:40:42.524+0000] {taskinstance.py:2644} INFO - Exporting env vars: AIRFLOW_CTX_DAG_OWNER='***' AIRFLOW_CTX_DAG_ID='spotify_final_dag' AIRFLOW_CTX_TASK_ID='hello2' AIRFLOW_CTX_EXECUTION_DATE='2024-04-16T04:26:00+00:00' AIRFLOW_CTX_TRY_NUMBER='1' AIRFLOW_CTX_DAG_RUN_ID='scheduled__2024-04-16T04:26:00+00:00'
[2024-04-16T09:40:42.526+0000] {taskinstance.py:430} INFO - ::endgroup::
[2024-04-16T09:40:42.987+0000] {logging_mixin.py:188} INFO - Connection successful
[2024-04-16T09:40:43.405+0000] {logging_mixin.py:188} INFO - Connection successful
[2024-04-16T09:40:43.806+0000] {logging_mixin.py:188} INFO - Connection successful
[2024-04-16T09:40:43.812+0000] {logging_mixin.py:188} INFO - Null Not Found
[2024-04-16T09:40:43.814+0000] {logging_mixin.py:188} INFO - Null Not Found
[2024-04-16T09:40:43.824+0000] {logging_mixin.py:188} INFO - Null Not Found
[2024-04-16T09:40:43.825+0000] {logging_mixin.py:188} INFO - Null Not Found
[2024-04-16T09:40:43.827+0000] {logging_mixin.py:188} INFO - Null Not Found
[2024-04-16T09:40:43.828+0000] {logging_mixin.py:188} INFO - Null Not Found
[2024-04-16T09:40:43.829+0000] {python.py:237} INFO - Done. Returned value was: None
[2024-04-16T09:40:43.830+0000] {taskinstance.py:441} INFO - ::group::Post task execution logs
[2024-04-16T09:40:43.840+0000] {taskinstance.py:1205} INFO - Marking task as SUCCESS. dag_id=spotify_final_dag, task_id=hello2, execution_date=20240416T042600, start_date=20240416T094042, end_date=20240416T094043
[2024-04-16T09:40:43.875+0000] {local_task_job_runner.py:240} INFO - Task exited with return code 0
[2024-04-16T09:40:43.896+0000] {taskinstance.py:3482} INFO - 0 downstream tasks scheduled from follow-on schedule check
[2024-04-16T09:40:43.899+0000] {local_task_job_runner.py:222} INFO - ::endgroup::
[2024-04-16T09:48:09.329+0000] {local_task_job_runner.py:120} INFO - ::group::Pre task execution logs
[2024-04-16T09:48:09.348+0000] {taskinstance.py:2073} INFO - Dependencies all met for dep_context=non-requeueable deps ti=<TaskInstance: spotify_final_dag.hello2 scheduled__2024-04-16T04:26:00+00:00 [queued]>
[2024-04-16T09:48:09.356+0000] {taskinstance.py:2073} INFO - Dependencies all met for dep_context=requeueable deps ti=<TaskInstance: spotify_final_dag.hello2 scheduled__2024-04-16T04:26:00+00:00 [queued]>
[2024-04-16T09:48:09.357+0000] {taskinstance.py:2303} INFO - Starting attempt 1 of 2
[2024-04-16T09:48:09.369+0000] {taskinstance.py:2327} INFO - Executing <Task(PythonOperator): hello2> on 2024-04-16 04:26:00+00:00
[2024-04-16T09:48:09.379+0000] {warnings.py:110} WARNING - /home/***/.local/lib/python3.12/site-packages/***/task/task_runner/standard_task_runner.py:61: DeprecationWarning: This process (pid=4586) is multi-threaded, use of fork() may lead to deadlocks in the child.
  pid = os.fork()

[2024-04-16T09:48:09.380+0000] {standard_task_runner.py:63} INFO - Started process 4605 to run task
[2024-04-16T09:48:09.381+0000] {standard_task_runner.py:90} INFO - Running: ['***', 'tasks', 'run', 'spotify_final_dag', 'hello2', 'scheduled__2024-04-16T04:26:00+00:00', '--job-id', '1223', '--raw', '--subdir', 'DAGS_FOLDER/dag.py', '--cfg-path', '/tmp/tmplbee9uxa']
[2024-04-16T09:48:09.382+0000] {standard_task_runner.py:91} INFO - Job 1223: Subtask hello2
[2024-04-16T09:48:09.419+0000] {task_command.py:426} INFO - Running <TaskInstance: spotify_final_dag.hello2 scheduled__2024-04-16T04:26:00+00:00 [running]> on host 52651c1f9987
[2024-04-16T09:48:09.494+0000] {taskinstance.py:2644} INFO - Exporting env vars: AIRFLOW_CTX_DAG_OWNER='***' AIRFLOW_CTX_DAG_ID='spotify_final_dag' AIRFLOW_CTX_TASK_ID='hello2' AIRFLOW_CTX_EXECUTION_DATE='2024-04-16T04:26:00+00:00' AIRFLOW_CTX_TRY_NUMBER='1' AIRFLOW_CTX_DAG_RUN_ID='scheduled__2024-04-16T04:26:00+00:00'
[2024-04-16T09:48:09.495+0000] {taskinstance.py:430} INFO - ::endgroup::
[2024-04-16T09:48:10.010+0000] {logging_mixin.py:188} INFO - Connection successful
[2024-04-16T09:48:10.462+0000] {logging_mixin.py:188} INFO - Connection successful
[2024-04-16T09:48:10.896+0000] {logging_mixin.py:188} INFO - Connection successful
[2024-04-16T09:48:10.901+0000] {logging_mixin.py:188} INFO - Null Not Found
[2024-04-16T09:48:10.903+0000] {logging_mixin.py:188} INFO - Null Not Found
[2024-04-16T09:48:10.914+0000] {logging_mixin.py:188} INFO - Null Not Found
[2024-04-16T09:48:10.915+0000] {logging_mixin.py:188} INFO - Null Not Found
[2024-04-16T09:48:10.917+0000] {logging_mixin.py:188} INFO - Null Not Found
[2024-04-16T09:48:10.917+0000] {logging_mixin.py:188} INFO - Null Not Found
[2024-04-16T09:48:10.919+0000] {python.py:237} INFO - Done. Returned value was: None
[2024-04-16T09:48:10.920+0000] {taskinstance.py:441} INFO - ::group::Post task execution logs
[2024-04-16T09:48:10.930+0000] {taskinstance.py:1205} INFO - Marking task as SUCCESS. dag_id=spotify_final_dag, task_id=hello2, execution_date=20240416T042600, start_date=20240416T094809, end_date=20240416T094810
[2024-04-16T09:48:10.960+0000] {local_task_job_runner.py:240} INFO - Task exited with return code 0
[2024-04-16T09:48:10.976+0000] {taskinstance.py:3482} INFO - 0 downstream tasks scheduled from follow-on schedule check
[2024-04-16T09:48:10.978+0000] {local_task_job_runner.py:222} INFO - ::endgroup::
