[2024-04-16T09:39:26.421+0000] {local_task_job_runner.py:120} INFO - ::group::Pre task execution logs
[2024-04-16T09:39:26.443+0000] {taskinstance.py:2073} INFO - Dependencies all met for dep_context=non-requeueable deps ti=<TaskInstance: spotify_final_dag.hello2 scheduled__2024-04-16T02:26:00+00:00 [queued]>
[2024-04-16T09:39:26.455+0000] {taskinstance.py:2073} INFO - Dependencies all met for dep_context=requeueable deps ti=<TaskInstance: spotify_final_dag.hello2 scheduled__2024-04-16T02:26:00+00:00 [queued]>
[2024-04-16T09:39:26.456+0000] {taskinstance.py:2303} INFO - Starting attempt 1 of 2
[2024-04-16T09:39:26.565+0000] {taskinstance.py:2327} INFO - Executing <Task(PythonOperator): hello2> on 2024-04-16 02:26:00+00:00
[2024-04-16T09:39:26.575+0000] {warnings.py:110} WARNING - /home/***/.local/lib/python3.12/site-packages/***/task/task_runner/standard_task_runner.py:61: DeprecationWarning: This process (pid=2050) is multi-threaded, use of fork() may lead to deadlocks in the child.
  pid = os.fork()

[2024-04-16T09:39:26.576+0000] {standard_task_runner.py:90} INFO - Running: ['***', 'tasks', 'run', 'spotify_final_dag', 'hello2', 'scheduled__2024-04-16T02:26:00+00:00', '--job-id', '415', '--raw', '--subdir', 'DAGS_FOLDER/dag.py', '--cfg-path', '/tmp/tmp9e12iqft']
[2024-04-16T09:39:26.577+0000] {standard_task_runner.py:63} INFO - Started process 2076 to run task
[2024-04-16T09:39:26.577+0000] {standard_task_runner.py:91} INFO - Job 415: Subtask hello2
[2024-04-16T09:39:26.620+0000] {task_command.py:426} INFO - Running <TaskInstance: spotify_final_dag.hello2 scheduled__2024-04-16T02:26:00+00:00 [running]> on host 52651c1f9987
[2024-04-16T09:39:26.707+0000] {taskinstance.py:2644} INFO - Exporting env vars: AIRFLOW_CTX_DAG_OWNER='***' AIRFLOW_CTX_DAG_ID='spotify_final_dag' AIRFLOW_CTX_TASK_ID='hello2' AIRFLOW_CTX_EXECUTION_DATE='2024-04-16T02:26:00+00:00' AIRFLOW_CTX_TRY_NUMBER='1' AIRFLOW_CTX_DAG_RUN_ID='scheduled__2024-04-16T02:26:00+00:00'
[2024-04-16T09:39:26.708+0000] {taskinstance.py:430} INFO - ::endgroup::
[2024-04-16T09:39:27.094+0000] {logging_mixin.py:188} INFO - Connection successful
[2024-04-16T09:39:27.516+0000] {logging_mixin.py:188} INFO - Connection successful
[2024-04-16T09:39:28.001+0000] {logging_mixin.py:188} INFO - Connection successful
[2024-04-16T09:39:28.005+0000] {logging_mixin.py:188} INFO - Null Not Found
[2024-04-16T09:39:28.007+0000] {logging_mixin.py:188} INFO - Null Not Found
[2024-04-16T09:39:28.015+0000] {logging_mixin.py:188} INFO - Null Not Found
[2024-04-16T09:39:28.016+0000] {logging_mixin.py:188} INFO - Null Not Found
[2024-04-16T09:39:28.017+0000] {logging_mixin.py:188} INFO - Null Not Found
[2024-04-16T09:39:28.018+0000] {logging_mixin.py:188} INFO - Null Not Found
[2024-04-16T09:39:28.020+0000] {python.py:237} INFO - Done. Returned value was: None
[2024-04-16T09:39:28.020+0000] {taskinstance.py:441} INFO - ::group::Post task execution logs
[2024-04-16T09:39:28.028+0000] {taskinstance.py:1205} INFO - Marking task as SUCCESS. dag_id=spotify_final_dag, task_id=hello2, execution_date=20240416T022600, start_date=20240416T093926, end_date=20240416T093928
[2024-04-16T09:39:28.076+0000] {local_task_job_runner.py:240} INFO - Task exited with return code 0
[2024-04-16T09:39:28.088+0000] {taskinstance.py:3482} INFO - 0 downstream tasks scheduled from follow-on schedule check
[2024-04-16T09:39:28.090+0000] {local_task_job_runner.py:222} INFO - ::endgroup::
[2024-04-16T09:47:29.056+0000] {local_task_job_runner.py:120} INFO - ::group::Pre task execution logs
[2024-04-16T09:47:29.074+0000] {taskinstance.py:2073} INFO - Dependencies all met for dep_context=non-requeueable deps ti=<TaskInstance: spotify_final_dag.hello2 scheduled__2024-04-16T02:26:00+00:00 [queued]>
[2024-04-16T09:47:29.082+0000] {taskinstance.py:2073} INFO - Dependencies all met for dep_context=requeueable deps ti=<TaskInstance: spotify_final_dag.hello2 scheduled__2024-04-16T02:26:00+00:00 [queued]>
[2024-04-16T09:47:29.082+0000] {taskinstance.py:2303} INFO - Starting attempt 1 of 2
[2024-04-16T09:47:29.094+0000] {taskinstance.py:2327} INFO - Executing <Task(PythonOperator): hello2> on 2024-04-16 02:26:00+00:00
[2024-04-16T09:47:29.102+0000] {warnings.py:110} WARNING - /home/***/.local/lib/python3.12/site-packages/***/task/task_runner/standard_task_runner.py:61: DeprecationWarning: This process (pid=4205) is multi-threaded, use of fork() may lead to deadlocks in the child.
  pid = os.fork()

[2024-04-16T09:47:29.103+0000] {standard_task_runner.py:63} INFO - Started process 4227 to run task
[2024-04-16T09:47:29.104+0000] {standard_task_runner.py:90} INFO - Running: ['***', 'tasks', 'run', 'spotify_final_dag', 'hello2', 'scheduled__2024-04-16T02:26:00+00:00', '--job-id', '1098', '--raw', '--subdir', 'DAGS_FOLDER/dag.py', '--cfg-path', '/tmp/tmp0f7301x6']
[2024-04-16T09:47:29.105+0000] {standard_task_runner.py:91} INFO - Job 1098: Subtask hello2
[2024-04-16T09:47:29.142+0000] {task_command.py:426} INFO - Running <TaskInstance: spotify_final_dag.hello2 scheduled__2024-04-16T02:26:00+00:00 [running]> on host 52651c1f9987
[2024-04-16T09:47:29.227+0000] {taskinstance.py:2644} INFO - Exporting env vars: AIRFLOW_CTX_DAG_OWNER='***' AIRFLOW_CTX_DAG_ID='spotify_final_dag' AIRFLOW_CTX_TASK_ID='hello2' AIRFLOW_CTX_EXECUTION_DATE='2024-04-16T02:26:00+00:00' AIRFLOW_CTX_TRY_NUMBER='1' AIRFLOW_CTX_DAG_RUN_ID='scheduled__2024-04-16T02:26:00+00:00'
[2024-04-16T09:47:29.229+0000] {taskinstance.py:430} INFO - ::endgroup::
[2024-04-16T09:47:29.673+0000] {logging_mixin.py:188} INFO - Connection successful
[2024-04-16T09:47:30.116+0000] {logging_mixin.py:188} INFO - Connection successful
[2024-04-16T09:47:30.914+0000] {logging_mixin.py:188} INFO - Connection successful
[2024-04-16T09:47:30.919+0000] {logging_mixin.py:188} INFO - Null Not Found
[2024-04-16T09:47:30.920+0000] {logging_mixin.py:188} INFO - Null Not Found
[2024-04-16T09:47:30.927+0000] {logging_mixin.py:188} INFO - Null Not Found
[2024-04-16T09:47:30.928+0000] {logging_mixin.py:188} INFO - Null Not Found
[2024-04-16T09:47:30.929+0000] {logging_mixin.py:188} INFO - Null Not Found
[2024-04-16T09:47:30.930+0000] {logging_mixin.py:188} INFO - Null Not Found
[2024-04-16T09:47:30.931+0000] {python.py:237} INFO - Done. Returned value was: None
[2024-04-16T09:47:30.931+0000] {taskinstance.py:441} INFO - ::group::Post task execution logs
[2024-04-16T09:47:30.939+0000] {taskinstance.py:1205} INFO - Marking task as SUCCESS. dag_id=spotify_final_dag, task_id=hello2, execution_date=20240416T022600, start_date=20240416T094729, end_date=20240416T094730
[2024-04-16T09:47:30.963+0000] {local_task_job_runner.py:240} INFO - Task exited with return code 0
[2024-04-16T09:47:30.976+0000] {taskinstance.py:3482} INFO - 0 downstream tasks scheduled from follow-on schedule check
[2024-04-16T09:47:30.978+0000] {local_task_job_runner.py:222} INFO - ::endgroup::
