[2024-04-17T05:28:04.509+0000] {local_task_job_runner.py:120} INFO - ::group::Pre task execution logs
[2024-04-17T05:28:04.528+0000] {taskinstance.py:2073} INFO - Dependencies all met for dep_context=non-requeueable deps ti=<TaskInstance: spotify_final_dag.hello2 scheduled__2024-04-17T00:42:00+00:00 [queued]>
[2024-04-17T05:28:04.537+0000] {taskinstance.py:2073} INFO - Dependencies all met for dep_context=requeueable deps ti=<TaskInstance: spotify_final_dag.hello2 scheduled__2024-04-17T00:42:00+00:00 [queued]>
[2024-04-17T05:28:04.537+0000] {taskinstance.py:2303} INFO - Starting attempt 1 of 2
[2024-04-17T05:28:04.551+0000] {taskinstance.py:2327} INFO - Executing <Task(PythonOperator): hello2> on 2024-04-17 00:42:00+00:00
[2024-04-17T05:28:04.560+0000] {warnings.py:110} WARNING - /home/***/.local/lib/python3.12/site-packages/***/task/task_runner/standard_task_runner.py:61: DeprecationWarning: This process (pid=2838) is multi-threaded, use of fork() may lead to deadlocks in the child.
  pid = os.fork()

[2024-04-17T05:28:04.562+0000] {standard_task_runner.py:63} INFO - Started process 2850 to run task
[2024-04-17T05:28:04.562+0000] {standard_task_runner.py:90} INFO - Running: ['***', 'tasks', 'run', 'spotify_final_dag', 'hello2', 'scheduled__2024-04-17T00:42:00+00:00', '--job-id', '2462', '--raw', '--subdir', 'DAGS_FOLDER/dag.py', '--cfg-path', '/tmp/tmpu3h5bvcp']
[2024-04-17T05:28:04.563+0000] {standard_task_runner.py:91} INFO - Job 2462: Subtask hello2
[2024-04-17T05:28:04.601+0000] {task_command.py:426} INFO - Running <TaskInstance: spotify_final_dag.hello2 scheduled__2024-04-17T00:42:00+00:00 [running]> on host 52651c1f9987
[2024-04-17T05:28:04.678+0000] {taskinstance.py:2644} INFO - Exporting env vars: AIRFLOW_CTX_DAG_OWNER='***' AIRFLOW_CTX_DAG_ID='spotify_final_dag' AIRFLOW_CTX_TASK_ID='hello2' AIRFLOW_CTX_EXECUTION_DATE='2024-04-17T00:42:00+00:00' AIRFLOW_CTX_TRY_NUMBER='1' AIRFLOW_CTX_DAG_RUN_ID='scheduled__2024-04-17T00:42:00+00:00'
[2024-04-17T05:28:04.679+0000] {taskinstance.py:430} INFO - ::endgroup::
[2024-04-17T05:28:05.093+0000] {logging_mixin.py:188} INFO - Connection successful
[2024-04-17T05:28:05.539+0000] {logging_mixin.py:188} INFO - Connection successful
[2024-04-17T05:28:05.974+0000] {logging_mixin.py:188} INFO - Connection successful
[2024-04-17T05:28:05.979+0000] {logging_mixin.py:188} INFO - Null Not Found
[2024-04-17T05:28:05.980+0000] {logging_mixin.py:188} INFO - Null Not Found
[2024-04-17T05:28:05.989+0000] {logging_mixin.py:188} INFO - Null Not Found
[2024-04-17T05:28:05.989+0000] {logging_mixin.py:188} INFO - Null Not Found
[2024-04-17T05:28:05.991+0000] {logging_mixin.py:188} INFO - Null Not Found
[2024-04-17T05:28:05.991+0000] {logging_mixin.py:188} INFO - Null Not Found
[2024-04-17T05:28:05.992+0000] {python.py:237} INFO - Done. Returned value was: None
[2024-04-17T05:28:05.993+0000] {taskinstance.py:441} INFO - ::group::Post task execution logs
[2024-04-17T05:28:06.002+0000] {taskinstance.py:1205} INFO - Marking task as SUCCESS. dag_id=spotify_final_dag, task_id=hello2, execution_date=20240417T004200, start_date=20240417T052804, end_date=20240417T052806
[2024-04-17T05:28:06.061+0000] {local_task_job_runner.py:240} INFO - Task exited with return code 0
[2024-04-17T05:28:06.073+0000] {taskinstance.py:3482} INFO - 0 downstream tasks scheduled from follow-on schedule check
[2024-04-17T05:28:06.075+0000] {local_task_job_runner.py:222} INFO - ::endgroup::
