[2024-04-17T07:32:34.093+0000] {local_task_job_runner.py:120} INFO - ::group::Pre task execution logs
[2024-04-17T07:32:34.132+0000] {taskinstance.py:2073} INFO - Dependencies all met for dep_context=non-requeueable deps ti=<TaskInstance: etl_for_spotify.processes scheduled__2024-04-16T09:14:00+00:00 [queued]>
[2024-04-17T07:32:34.149+0000] {taskinstance.py:2073} INFO - Dependencies all met for dep_context=requeueable deps ti=<TaskInstance: etl_for_spotify.processes scheduled__2024-04-16T09:14:00+00:00 [queued]>
[2024-04-17T07:32:34.150+0000] {taskinstance.py:2303} INFO - Starting attempt 1 of 2
[2024-04-17T07:32:34.185+0000] {taskinstance.py:2327} INFO - Executing <Task(PythonOperator): processes> on 2024-04-16 09:14:00+00:00
[2024-04-17T07:32:34.201+0000] {warnings.py:110} WARNING - /home/***/.local/lib/python3.12/site-packages/***/task/task_runner/standard_task_runner.py:61: DeprecationWarning: This process (pid=7186) is multi-threaded, use of fork() may lead to deadlocks in the child.
  pid = os.fork()

[2024-04-17T07:32:34.207+0000] {standard_task_runner.py:63} INFO - Started process 7217 to run task
[2024-04-17T07:32:34.210+0000] {standard_task_runner.py:90} INFO - Running: ['***', 'tasks', 'run', 'etl_for_spotify', 'processes', 'scheduled__2024-04-16T09:14:00+00:00', '--job-id', '3354', '--raw', '--subdir', 'DAGS_FOLDER/dag.py', '--cfg-path', '/tmp/tmpexmt4qwv']
[2024-04-17T07:32:34.217+0000] {standard_task_runner.py:91} INFO - Job 3354: Subtask processes
[2024-04-17T07:32:34.303+0000] {task_command.py:426} INFO - Running <TaskInstance: etl_for_spotify.processes scheduled__2024-04-16T09:14:00+00:00 [running]> on host 52651c1f9987
[2024-04-17T07:32:34.484+0000] {taskinstance.py:2644} INFO - Exporting env vars: AIRFLOW_CTX_DAG_OWNER='***' AIRFLOW_CTX_DAG_ID='etl_for_spotify' AIRFLOW_CTX_TASK_ID='processes' AIRFLOW_CTX_EXECUTION_DATE='2024-04-16T09:14:00+00:00' AIRFLOW_CTX_TRY_NUMBER='1' AIRFLOW_CTX_DAG_RUN_ID='scheduled__2024-04-16T09:14:00+00:00'
[2024-04-17T07:32:34.487+0000] {taskinstance.py:430} INFO - ::endgroup::
[2024-04-17T07:32:34.969+0000] {logging_mixin.py:188} INFO - Connection successful
[2024-04-17T07:32:35.415+0000] {logging_mixin.py:188} INFO - Connection successful
[2024-04-17T07:32:35.824+0000] {logging_mixin.py:188} INFO - Connection successful
[2024-04-17T07:32:35.827+0000] {logging_mixin.py:188} INFO - Null Not Found
[2024-04-17T07:32:35.828+0000] {logging_mixin.py:188} INFO - Null Not Found
[2024-04-17T07:32:35.836+0000] {logging_mixin.py:188} INFO - Null Not Found
[2024-04-17T07:32:35.837+0000] {logging_mixin.py:188} INFO - Null Not Found
[2024-04-17T07:32:35.838+0000] {logging_mixin.py:188} INFO - Null Not Found
[2024-04-17T07:32:35.839+0000] {logging_mixin.py:188} INFO - Null Not Found
[2024-04-17T07:32:35.840+0000] {python.py:237} INFO - Done. Returned value was: None
[2024-04-17T07:32:35.841+0000] {taskinstance.py:441} INFO - ::group::Post task execution logs
[2024-04-17T07:32:35.850+0000] {taskinstance.py:1205} INFO - Marking task as SUCCESS. dag_id=etl_for_spotify, task_id=processes, execution_date=20240416T091400, start_date=20240417T073234, end_date=20240417T073235
[2024-04-17T07:32:35.876+0000] {local_task_job_runner.py:240} INFO - Task exited with return code 0
[2024-04-17T07:32:35.890+0000] {taskinstance.py:3482} INFO - 0 downstream tasks scheduled from follow-on schedule check
[2024-04-17T07:32:35.891+0000] {local_task_job_runner.py:222} INFO - ::endgroup::
