[2024-04-16T09:39:02.137+0000] {local_task_job_runner.py:120} INFO - ::group::Pre task execution logs
[2024-04-16T09:39:02.162+0000] {taskinstance.py:2073} INFO - Dependencies all met for dep_context=non-requeueable deps ti=<TaskInstance: spotify_final_dag.hello2 scheduled__2024-04-16T01:54:00+00:00 [queued]>
[2024-04-16T09:39:02.176+0000] {taskinstance.py:2073} INFO - Dependencies all met for dep_context=requeueable deps ti=<TaskInstance: spotify_final_dag.hello2 scheduled__2024-04-16T01:54:00+00:00 [queued]>
[2024-04-16T09:39:02.177+0000] {taskinstance.py:2303} INFO - Starting attempt 1 of 2
[2024-04-16T09:39:02.303+0000] {taskinstance.py:2327} INFO - Executing <Task(PythonOperator): hello2> on 2024-04-16 01:54:00+00:00
[2024-04-16T09:39:02.313+0000] {warnings.py:110} WARNING - /home/***/.local/lib/python3.12/site-packages/***/task/task_runner/standard_task_runner.py:61: DeprecationWarning: This process (pid=1875) is multi-threaded, use of fork() may lead to deadlocks in the child.
  pid = os.fork()

[2024-04-16T09:39:02.315+0000] {standard_task_runner.py:63} INFO - Started process 1903 to run task
[2024-04-16T09:39:02.315+0000] {standard_task_runner.py:90} INFO - Running: ['***', 'tasks', 'run', 'spotify_final_dag', 'hello2', 'scheduled__2024-04-16T01:54:00+00:00', '--job-id', '359', '--raw', '--subdir', 'DAGS_FOLDER/dag.py', '--cfg-path', '/tmp/tmpeqhbj9ek']
[2024-04-16T09:39:02.317+0000] {standard_task_runner.py:91} INFO - Job 359: Subtask hello2
[2024-04-16T09:39:02.381+0000] {task_command.py:426} INFO - Running <TaskInstance: spotify_final_dag.hello2 scheduled__2024-04-16T01:54:00+00:00 [running]> on host 52651c1f9987
[2024-04-16T09:39:02.502+0000] {taskinstance.py:2644} INFO - Exporting env vars: AIRFLOW_CTX_DAG_OWNER='***' AIRFLOW_CTX_DAG_ID='spotify_final_dag' AIRFLOW_CTX_TASK_ID='hello2' AIRFLOW_CTX_EXECUTION_DATE='2024-04-16T01:54:00+00:00' AIRFLOW_CTX_TRY_NUMBER='1' AIRFLOW_CTX_DAG_RUN_ID='scheduled__2024-04-16T01:54:00+00:00'
[2024-04-16T09:39:02.504+0000] {taskinstance.py:430} INFO - ::endgroup::
[2024-04-16T09:39:02.919+0000] {logging_mixin.py:188} INFO - Connection successful
[2024-04-16T09:39:03.322+0000] {logging_mixin.py:188} INFO - Connection successful
[2024-04-16T09:39:03.723+0000] {logging_mixin.py:188} INFO - Connection successful
[2024-04-16T09:39:03.728+0000] {logging_mixin.py:188} INFO - Null Not Found
[2024-04-16T09:39:03.729+0000] {logging_mixin.py:188} INFO - Null Not Found
[2024-04-16T09:39:03.738+0000] {logging_mixin.py:188} INFO - Null Not Found
[2024-04-16T09:39:03.739+0000] {logging_mixin.py:188} INFO - Null Not Found
[2024-04-16T09:39:03.741+0000] {logging_mixin.py:188} INFO - Null Not Found
[2024-04-16T09:39:03.742+0000] {logging_mixin.py:188} INFO - Null Not Found
[2024-04-16T09:39:03.743+0000] {python.py:237} INFO - Done. Returned value was: None
[2024-04-16T09:39:03.744+0000] {taskinstance.py:441} INFO - ::group::Post task execution logs
[2024-04-16T09:39:03.754+0000] {taskinstance.py:1205} INFO - Marking task as SUCCESS. dag_id=spotify_final_dag, task_id=hello2, execution_date=20240416T015400, start_date=20240416T093902, end_date=20240416T093903
[2024-04-16T09:39:03.816+0000] {local_task_job_runner.py:240} INFO - Task exited with return code 0
[2024-04-16T09:39:03.833+0000] {taskinstance.py:3482} INFO - 0 downstream tasks scheduled from follow-on schedule check
[2024-04-16T09:39:03.835+0000] {local_task_job_runner.py:222} INFO - ::endgroup::
[2024-04-16T09:47:18.469+0000] {local_task_job_runner.py:120} INFO - ::group::Pre task execution logs
[2024-04-16T09:47:18.486+0000] {taskinstance.py:2073} INFO - Dependencies all met for dep_context=non-requeueable deps ti=<TaskInstance: spotify_final_dag.hello2 scheduled__2024-04-16T01:54:00+00:00 [queued]>
[2024-04-16T09:47:18.495+0000] {taskinstance.py:2073} INFO - Dependencies all met for dep_context=requeueable deps ti=<TaskInstance: spotify_final_dag.hello2 scheduled__2024-04-16T01:54:00+00:00 [queued]>
[2024-04-16T09:47:18.495+0000] {taskinstance.py:2303} INFO - Starting attempt 1 of 2
[2024-04-16T09:47:18.513+0000] {taskinstance.py:2327} INFO - Executing <Task(PythonOperator): hello2> on 2024-04-16 01:54:00+00:00
[2024-04-16T09:47:18.524+0000] {warnings.py:110} WARNING - /home/***/.local/lib/python3.12/site-packages/***/task/task_runner/standard_task_runner.py:61: DeprecationWarning: This process (pid=4110) is multi-threaded, use of fork() may lead to deadlocks in the child.
  pid = os.fork()

[2024-04-16T09:47:18.526+0000] {standard_task_runner.py:63} INFO - Started process 4131 to run task
[2024-04-16T09:47:18.526+0000] {standard_task_runner.py:90} INFO - Running: ['***', 'tasks', 'run', 'spotify_final_dag', 'hello2', 'scheduled__2024-04-16T01:54:00+00:00', '--job-id', '1067', '--raw', '--subdir', 'DAGS_FOLDER/dag.py', '--cfg-path', '/tmp/tmpurguuucn']
[2024-04-16T09:47:18.528+0000] {standard_task_runner.py:91} INFO - Job 1067: Subtask hello2
[2024-04-16T09:47:18.574+0000] {task_command.py:426} INFO - Running <TaskInstance: spotify_final_dag.hello2 scheduled__2024-04-16T01:54:00+00:00 [running]> on host 52651c1f9987
[2024-04-16T09:47:18.661+0000] {taskinstance.py:2644} INFO - Exporting env vars: AIRFLOW_CTX_DAG_OWNER='***' AIRFLOW_CTX_DAG_ID='spotify_final_dag' AIRFLOW_CTX_TASK_ID='hello2' AIRFLOW_CTX_EXECUTION_DATE='2024-04-16T01:54:00+00:00' AIRFLOW_CTX_TRY_NUMBER='1' AIRFLOW_CTX_DAG_RUN_ID='scheduled__2024-04-16T01:54:00+00:00'
[2024-04-16T09:47:18.663+0000] {taskinstance.py:430} INFO - ::endgroup::
[2024-04-16T09:47:19.110+0000] {logging_mixin.py:188} INFO - Connection successful
[2024-04-16T09:47:19.520+0000] {logging_mixin.py:188} INFO - Connection successful
[2024-04-16T09:47:19.995+0000] {logging_mixin.py:188} INFO - Connection successful
[2024-04-16T09:47:19.999+0000] {logging_mixin.py:188} INFO - Null Not Found
[2024-04-16T09:47:20.000+0000] {logging_mixin.py:188} INFO - Null Not Found
[2024-04-16T09:47:20.009+0000] {logging_mixin.py:188} INFO - Null Not Found
[2024-04-16T09:47:20.009+0000] {logging_mixin.py:188} INFO - Null Not Found
[2024-04-16T09:47:20.010+0000] {logging_mixin.py:188} INFO - Null Not Found
[2024-04-16T09:47:20.011+0000] {logging_mixin.py:188} INFO - Null Not Found
[2024-04-16T09:47:20.012+0000] {python.py:237} INFO - Done. Returned value was: None
[2024-04-16T09:47:20.013+0000] {taskinstance.py:441} INFO - ::group::Post task execution logs
[2024-04-16T09:47:20.019+0000] {taskinstance.py:1205} INFO - Marking task as SUCCESS. dag_id=spotify_final_dag, task_id=hello2, execution_date=20240416T015400, start_date=20240416T094718, end_date=20240416T094720
[2024-04-16T09:47:20.064+0000] {local_task_job_runner.py:240} INFO - Task exited with return code 0
[2024-04-16T09:47:20.075+0000] {taskinstance.py:3482} INFO - 0 downstream tasks scheduled from follow-on schedule check
[2024-04-16T09:47:20.077+0000] {local_task_job_runner.py:222} INFO - ::endgroup::
