[2024-04-16T09:40:28.430+0000] {local_task_job_runner.py:120} INFO - ::group::Pre task execution logs
[2024-04-16T09:40:28.446+0000] {taskinstance.py:2073} INFO - Dependencies all met for dep_context=non-requeueable deps ti=<TaskInstance: spotify_final_dag.hello2 scheduled__2024-04-16T04:06:00+00:00 [queued]>
[2024-04-16T09:40:28.451+0000] {taskinstance.py:2073} INFO - Dependencies all met for dep_context=requeueable deps ti=<TaskInstance: spotify_final_dag.hello2 scheduled__2024-04-16T04:06:00+00:00 [queued]>
[2024-04-16T09:40:28.452+0000] {taskinstance.py:2303} INFO - Starting attempt 1 of 2
[2024-04-16T09:40:28.461+0000] {taskinstance.py:2327} INFO - Executing <Task(PythonOperator): hello2> on 2024-04-16 04:06:00+00:00
[2024-04-16T09:40:28.468+0000] {warnings.py:110} WARNING - /home/***/.local/lib/python3.12/site-packages/***/task/task_runner/standard_task_runner.py:61: DeprecationWarning: This process (pid=2656) is multi-threaded, use of fork() may lead to deadlocks in the child.
  pid = os.fork()

[2024-04-16T09:40:28.469+0000] {standard_task_runner.py:63} INFO - Started process 2668 to run task
[2024-04-16T09:40:28.469+0000] {standard_task_runner.py:90} INFO - Running: ['***', 'tasks', 'run', 'spotify_final_dag', 'hello2', 'scheduled__2024-04-16T04:06:00+00:00', '--job-id', '611', '--raw', '--subdir', 'DAGS_FOLDER/dag.py', '--cfg-path', '/tmp/tmpisiia79u']
[2024-04-16T09:40:28.470+0000] {standard_task_runner.py:91} INFO - Job 611: Subtask hello2
[2024-04-16T09:40:28.506+0000] {task_command.py:426} INFO - Running <TaskInstance: spotify_final_dag.hello2 scheduled__2024-04-16T04:06:00+00:00 [running]> on host 52651c1f9987
[2024-04-16T09:40:28.583+0000] {taskinstance.py:2644} INFO - Exporting env vars: AIRFLOW_CTX_DAG_OWNER='***' AIRFLOW_CTX_DAG_ID='spotify_final_dag' AIRFLOW_CTX_TASK_ID='hello2' AIRFLOW_CTX_EXECUTION_DATE='2024-04-16T04:06:00+00:00' AIRFLOW_CTX_TRY_NUMBER='1' AIRFLOW_CTX_DAG_RUN_ID='scheduled__2024-04-16T04:06:00+00:00'
[2024-04-16T09:40:28.584+0000] {taskinstance.py:430} INFO - ::endgroup::
[2024-04-16T09:40:29.056+0000] {logging_mixin.py:188} INFO - Connection successful
[2024-04-16T09:40:29.455+0000] {logging_mixin.py:188} INFO - Connection successful
[2024-04-16T09:40:29.880+0000] {logging_mixin.py:188} INFO - Connection successful
[2024-04-16T09:40:29.885+0000] {logging_mixin.py:188} INFO - Null Not Found
[2024-04-16T09:40:29.886+0000] {logging_mixin.py:188} INFO - Null Not Found
[2024-04-16T09:40:29.895+0000] {logging_mixin.py:188} INFO - Null Not Found
[2024-04-16T09:40:29.896+0000] {logging_mixin.py:188} INFO - Null Not Found
[2024-04-16T09:40:29.897+0000] {logging_mixin.py:188} INFO - Null Not Found
[2024-04-16T09:40:29.898+0000] {logging_mixin.py:188} INFO - Null Not Found
[2024-04-16T09:40:29.899+0000] {python.py:237} INFO - Done. Returned value was: None
[2024-04-16T09:40:29.899+0000] {taskinstance.py:441} INFO - ::group::Post task execution logs
[2024-04-16T09:40:29.908+0000] {taskinstance.py:1205} INFO - Marking task as SUCCESS. dag_id=spotify_final_dag, task_id=hello2, execution_date=20240416T040600, start_date=20240416T094028, end_date=20240416T094029
[2024-04-16T09:40:29.967+0000] {local_task_job_runner.py:240} INFO - Task exited with return code 0
[2024-04-16T09:40:29.977+0000] {taskinstance.py:3482} INFO - 0 downstream tasks scheduled from follow-on schedule check
[2024-04-16T09:40:29.979+0000] {local_task_job_runner.py:222} INFO - ::endgroup::
[2024-04-16T09:48:00.007+0000] {local_task_job_runner.py:120} INFO - ::group::Pre task execution logs
[2024-04-16T09:48:00.027+0000] {taskinstance.py:2073} INFO - Dependencies all met for dep_context=non-requeueable deps ti=<TaskInstance: spotify_final_dag.hello2 scheduled__2024-04-16T04:06:00+00:00 [queued]>
[2024-04-16T09:48:00.036+0000] {taskinstance.py:2073} INFO - Dependencies all met for dep_context=requeueable deps ti=<TaskInstance: spotify_final_dag.hello2 scheduled__2024-04-16T04:06:00+00:00 [queued]>
[2024-04-16T09:48:00.036+0000] {taskinstance.py:2303} INFO - Starting attempt 1 of 2
[2024-04-16T09:48:00.049+0000] {taskinstance.py:2327} INFO - Executing <Task(PythonOperator): hello2> on 2024-04-16 04:06:00+00:00
[2024-04-16T09:48:00.056+0000] {warnings.py:110} WARNING - /home/***/.local/lib/python3.12/site-packages/***/task/task_runner/standard_task_runner.py:61: DeprecationWarning: This process (pid=4507) is multi-threaded, use of fork() may lead to deadlocks in the child.
  pid = os.fork()

[2024-04-16T09:48:00.058+0000] {standard_task_runner.py:63} INFO - Started process 4527 to run task
[2024-04-16T09:48:00.059+0000] {standard_task_runner.py:90} INFO - Running: ['***', 'tasks', 'run', 'spotify_final_dag', 'hello2', 'scheduled__2024-04-16T04:06:00+00:00', '--job-id', '1196', '--raw', '--subdir', 'DAGS_FOLDER/dag.py', '--cfg-path', '/tmp/tmpxx4xbmj5']
[2024-04-16T09:48:00.060+0000] {standard_task_runner.py:91} INFO - Job 1196: Subtask hello2
[2024-04-16T09:48:00.095+0000] {task_command.py:426} INFO - Running <TaskInstance: spotify_final_dag.hello2 scheduled__2024-04-16T04:06:00+00:00 [running]> on host 52651c1f9987
[2024-04-16T09:48:00.171+0000] {taskinstance.py:2644} INFO - Exporting env vars: AIRFLOW_CTX_DAG_OWNER='***' AIRFLOW_CTX_DAG_ID='spotify_final_dag' AIRFLOW_CTX_TASK_ID='hello2' AIRFLOW_CTX_EXECUTION_DATE='2024-04-16T04:06:00+00:00' AIRFLOW_CTX_TRY_NUMBER='1' AIRFLOW_CTX_DAG_RUN_ID='scheduled__2024-04-16T04:06:00+00:00'
[2024-04-16T09:48:00.172+0000] {taskinstance.py:430} INFO - ::endgroup::
[2024-04-16T09:48:00.617+0000] {logging_mixin.py:188} INFO - Connection successful
[2024-04-16T09:48:01.061+0000] {logging_mixin.py:188} INFO - Connection successful
[2024-04-16T09:48:01.513+0000] {logging_mixin.py:188} INFO - Connection successful
[2024-04-16T09:48:01.517+0000] {logging_mixin.py:188} INFO - Null Not Found
[2024-04-16T09:48:01.518+0000] {logging_mixin.py:188} INFO - Null Not Found
[2024-04-16T09:48:01.526+0000] {logging_mixin.py:188} INFO - Null Not Found
[2024-04-16T09:48:01.526+0000] {logging_mixin.py:188} INFO - Null Not Found
[2024-04-16T09:48:01.528+0000] {logging_mixin.py:188} INFO - Null Not Found
[2024-04-16T09:48:01.528+0000] {logging_mixin.py:188} INFO - Null Not Found
[2024-04-16T09:48:01.529+0000] {python.py:237} INFO - Done. Returned value was: None
[2024-04-16T09:48:01.530+0000] {taskinstance.py:441} INFO - ::group::Post task execution logs
[2024-04-16T09:48:01.536+0000] {taskinstance.py:1205} INFO - Marking task as SUCCESS. dag_id=spotify_final_dag, task_id=hello2, execution_date=20240416T040600, start_date=20240416T094800, end_date=20240416T094801
[2024-04-16T09:48:01.556+0000] {local_task_job_runner.py:240} INFO - Task exited with return code 0
[2024-04-16T09:48:01.570+0000] {taskinstance.py:3482} INFO - 0 downstream tasks scheduled from follow-on schedule check
[2024-04-16T09:48:01.572+0000] {local_task_job_runner.py:222} INFO - ::endgroup::
