[2024-04-17T05:28:45.546+0000] {local_task_job_runner.py:120} INFO - ::group::Pre task execution logs
[2024-04-17T05:28:45.573+0000] {taskinstance.py:2073} INFO - Dependencies all met for dep_context=non-requeueable deps ti=<TaskInstance: spotify_final_dag.hello2 scheduled__2024-04-17T02:36:00+00:00 [queued]>
[2024-04-17T05:28:45.586+0000] {taskinstance.py:2073} INFO - Dependencies all met for dep_context=requeueable deps ti=<TaskInstance: spotify_final_dag.hello2 scheduled__2024-04-17T02:36:00+00:00 [queued]>
[2024-04-17T05:28:45.587+0000] {taskinstance.py:2303} INFO - Starting attempt 1 of 2
[2024-04-17T05:28:45.606+0000] {taskinstance.py:2327} INFO - Executing <Task(PythonOperator): hello2> on 2024-04-17 02:36:00+00:00
[2024-04-17T05:28:45.617+0000] {warnings.py:110} WARNING - /home/***/.local/lib/python3.12/site-packages/***/task/task_runner/standard_task_runner.py:61: DeprecationWarning: This process (pid=3205) is multi-threaded, use of fork() may lead to deadlocks in the child.
  pid = os.fork()

[2024-04-17T05:28:45.620+0000] {standard_task_runner.py:63} INFO - Started process 3230 to run task
[2024-04-17T05:28:45.620+0000] {standard_task_runner.py:90} INFO - Running: ['***', 'tasks', 'run', 'spotify_final_dag', 'hello2', 'scheduled__2024-04-17T02:36:00+00:00', '--job-id', '2584', '--raw', '--subdir', 'DAGS_FOLDER/dag.py', '--cfg-path', '/tmp/tmpzw9sibwt']
[2024-04-17T05:28:45.622+0000] {standard_task_runner.py:91} INFO - Job 2584: Subtask hello2
[2024-04-17T05:28:45.701+0000] {task_command.py:426} INFO - Running <TaskInstance: spotify_final_dag.hello2 scheduled__2024-04-17T02:36:00+00:00 [running]> on host 52651c1f9987
[2024-04-17T05:28:45.816+0000] {taskinstance.py:2644} INFO - Exporting env vars: AIRFLOW_CTX_DAG_OWNER='***' AIRFLOW_CTX_DAG_ID='spotify_final_dag' AIRFLOW_CTX_TASK_ID='hello2' AIRFLOW_CTX_EXECUTION_DATE='2024-04-17T02:36:00+00:00' AIRFLOW_CTX_TRY_NUMBER='1' AIRFLOW_CTX_DAG_RUN_ID='scheduled__2024-04-17T02:36:00+00:00'
[2024-04-17T05:28:45.818+0000] {taskinstance.py:430} INFO - ::endgroup::
[2024-04-17T05:28:46.287+0000] {logging_mixin.py:188} INFO - Connection successful
[2024-04-17T05:28:46.727+0000] {logging_mixin.py:188} INFO - Connection successful
[2024-04-17T05:28:47.166+0000] {logging_mixin.py:188} INFO - Connection successful
[2024-04-17T05:28:47.170+0000] {logging_mixin.py:188} INFO - Null Not Found
[2024-04-17T05:28:47.172+0000] {logging_mixin.py:188} INFO - Null Not Found
[2024-04-17T05:28:47.186+0000] {logging_mixin.py:188} INFO - Null Not Found
[2024-04-17T05:28:47.187+0000] {logging_mixin.py:188} INFO - Null Not Found
[2024-04-17T05:28:47.189+0000] {logging_mixin.py:188} INFO - Null Not Found
[2024-04-17T05:28:47.190+0000] {logging_mixin.py:188} INFO - Null Not Found
[2024-04-17T05:28:47.192+0000] {python.py:237} INFO - Done. Returned value was: None
[2024-04-17T05:28:47.193+0000] {taskinstance.py:441} INFO - ::group::Post task execution logs
[2024-04-17T05:28:47.201+0000] {taskinstance.py:1205} INFO - Marking task as SUCCESS. dag_id=spotify_final_dag, task_id=hello2, execution_date=20240417T023600, start_date=20240417T052845, end_date=20240417T052847
[2024-04-17T05:28:47.239+0000] {local_task_job_runner.py:240} INFO - Task exited with return code 0
[2024-04-17T05:28:47.251+0000] {taskinstance.py:3482} INFO - 0 downstream tasks scheduled from follow-on schedule check
[2024-04-17T05:28:47.253+0000] {local_task_job_runner.py:222} INFO - ::endgroup::
