[2024-04-16T09:41:28.351+0000] {local_task_job_runner.py:120} INFO - ::group::Pre task execution logs
[2024-04-16T09:41:28.366+0000] {taskinstance.py:2073} INFO - Dependencies all met for dep_context=non-requeueable deps ti=<TaskInstance: spotify_final_dag.hello2 scheduled__2024-04-16T05:42:00+00:00 [queued]>
[2024-04-16T09:41:28.371+0000] {taskinstance.py:2073} INFO - Dependencies all met for dep_context=requeueable deps ti=<TaskInstance: spotify_final_dag.hello2 scheduled__2024-04-16T05:42:00+00:00 [queued]>
[2024-04-16T09:41:28.372+0000] {taskinstance.py:2303} INFO - Starting attempt 1 of 2
[2024-04-16T09:41:28.381+0000] {taskinstance.py:2327} INFO - Executing <Task(PythonOperator): hello2> on 2024-04-16 05:42:00+00:00
[2024-04-16T09:41:28.389+0000] {warnings.py:110} WARNING - /home/***/.local/lib/python3.12/site-packages/***/task/task_runner/standard_task_runner.py:61: DeprecationWarning: This process (pid=3244) is multi-threaded, use of fork() may lead to deadlocks in the child.
  pid = os.fork()

[2024-04-16T09:41:28.390+0000] {standard_task_runner.py:63} INFO - Started process 3247 to run task
[2024-04-16T09:41:28.390+0000] {standard_task_runner.py:90} INFO - Running: ['***', 'tasks', 'run', 'spotify_final_dag', 'hello2', 'scheduled__2024-04-16T05:42:00+00:00', '--job-id', '800', '--raw', '--subdir', 'DAGS_FOLDER/dag.py', '--cfg-path', '/tmp/tmpvao_pe8r']
[2024-04-16T09:41:28.391+0000] {standard_task_runner.py:91} INFO - Job 800: Subtask hello2
[2024-04-16T09:41:28.426+0000] {task_command.py:426} INFO - Running <TaskInstance: spotify_final_dag.hello2 scheduled__2024-04-16T05:42:00+00:00 [running]> on host 52651c1f9987
[2024-04-16T09:41:28.492+0000] {taskinstance.py:2644} INFO - Exporting env vars: AIRFLOW_CTX_DAG_OWNER='***' AIRFLOW_CTX_DAG_ID='spotify_final_dag' AIRFLOW_CTX_TASK_ID='hello2' AIRFLOW_CTX_EXECUTION_DATE='2024-04-16T05:42:00+00:00' AIRFLOW_CTX_TRY_NUMBER='1' AIRFLOW_CTX_DAG_RUN_ID='scheduled__2024-04-16T05:42:00+00:00'
[2024-04-16T09:41:28.494+0000] {taskinstance.py:430} INFO - ::endgroup::
[2024-04-16T09:41:28.876+0000] {logging_mixin.py:188} INFO - Connection successful
[2024-04-16T09:41:29.282+0000] {logging_mixin.py:188} INFO - Connection successful
[2024-04-16T09:41:29.696+0000] {logging_mixin.py:188} INFO - Connection successful
[2024-04-16T09:41:29.700+0000] {logging_mixin.py:188} INFO - Null Not Found
[2024-04-16T09:41:29.701+0000] {logging_mixin.py:188} INFO - Null Not Found
[2024-04-16T09:41:29.709+0000] {logging_mixin.py:188} INFO - Null Not Found
[2024-04-16T09:41:29.710+0000] {logging_mixin.py:188} INFO - Null Not Found
[2024-04-16T09:41:29.711+0000] {logging_mixin.py:188} INFO - Null Not Found
[2024-04-16T09:41:29.711+0000] {logging_mixin.py:188} INFO - Null Not Found
[2024-04-16T09:41:29.712+0000] {python.py:237} INFO - Done. Returned value was: None
[2024-04-16T09:41:29.713+0000] {taskinstance.py:441} INFO - ::group::Post task execution logs
[2024-04-16T09:41:29.720+0000] {taskinstance.py:1205} INFO - Marking task as SUCCESS. dag_id=spotify_final_dag, task_id=hello2, execution_date=20240416T054200, start_date=20240416T094128, end_date=20240416T094129
[2024-04-16T09:41:29.769+0000] {local_task_job_runner.py:240} INFO - Task exited with return code 0
[2024-04-16T09:41:29.785+0000] {taskinstance.py:3482} INFO - 0 downstream tasks scheduled from follow-on schedule check
[2024-04-16T09:41:29.788+0000] {local_task_job_runner.py:222} INFO - ::endgroup::
[2024-04-16T09:48:29.876+0000] {local_task_job_runner.py:120} INFO - ::group::Pre task execution logs
[2024-04-16T09:48:29.892+0000] {taskinstance.py:2073} INFO - Dependencies all met for dep_context=non-requeueable deps ti=<TaskInstance: spotify_final_dag.hello2 scheduled__2024-04-16T05:42:00+00:00 [queued]>
[2024-04-16T09:48:29.899+0000] {taskinstance.py:2073} INFO - Dependencies all met for dep_context=requeueable deps ti=<TaskInstance: spotify_final_dag.hello2 scheduled__2024-04-16T05:42:00+00:00 [queued]>
[2024-04-16T09:48:29.899+0000] {taskinstance.py:2303} INFO - Starting attempt 1 of 2
[2024-04-16T09:48:29.910+0000] {taskinstance.py:2327} INFO - Executing <Task(PythonOperator): hello2> on 2024-04-16 05:42:00+00:00
[2024-04-16T09:48:29.917+0000] {warnings.py:110} WARNING - /home/***/.local/lib/python3.12/site-packages/***/task/task_runner/standard_task_runner.py:61: DeprecationWarning: This process (pid=4802) is multi-threaded, use of fork() may lead to deadlocks in the child.
  pid = os.fork()

[2024-04-16T09:48:29.918+0000] {standard_task_runner.py:63} INFO - Started process 4819 to run task
[2024-04-16T09:48:29.918+0000] {standard_task_runner.py:90} INFO - Running: ['***', 'tasks', 'run', 'spotify_final_dag', 'hello2', 'scheduled__2024-04-16T05:42:00+00:00', '--job-id', '1292', '--raw', '--subdir', 'DAGS_FOLDER/dag.py', '--cfg-path', '/tmp/tmp99z4nbxy']
[2024-04-16T09:48:29.919+0000] {standard_task_runner.py:91} INFO - Job 1292: Subtask hello2
[2024-04-16T09:48:29.955+0000] {task_command.py:426} INFO - Running <TaskInstance: spotify_final_dag.hello2 scheduled__2024-04-16T05:42:00+00:00 [running]> on host 52651c1f9987
[2024-04-16T09:48:30.031+0000] {taskinstance.py:2644} INFO - Exporting env vars: AIRFLOW_CTX_DAG_OWNER='***' AIRFLOW_CTX_DAG_ID='spotify_final_dag' AIRFLOW_CTX_TASK_ID='hello2' AIRFLOW_CTX_EXECUTION_DATE='2024-04-16T05:42:00+00:00' AIRFLOW_CTX_TRY_NUMBER='1' AIRFLOW_CTX_DAG_RUN_ID='scheduled__2024-04-16T05:42:00+00:00'
[2024-04-16T09:48:30.032+0000] {taskinstance.py:430} INFO - ::endgroup::
[2024-04-16T09:48:30.481+0000] {logging_mixin.py:188} INFO - Connection successful
[2024-04-16T09:48:30.894+0000] {logging_mixin.py:188} INFO - Connection successful
[2024-04-16T09:48:31.380+0000] {logging_mixin.py:188} INFO - Connection successful
[2024-04-16T09:48:31.383+0000] {logging_mixin.py:188} INFO - Null Not Found
[2024-04-16T09:48:31.384+0000] {logging_mixin.py:188} INFO - Null Not Found
[2024-04-16T09:48:31.393+0000] {logging_mixin.py:188} INFO - Null Not Found
[2024-04-16T09:48:31.393+0000] {logging_mixin.py:188} INFO - Null Not Found
[2024-04-16T09:48:31.395+0000] {logging_mixin.py:188} INFO - Null Not Found
[2024-04-16T09:48:31.395+0000] {logging_mixin.py:188} INFO - Null Not Found
[2024-04-16T09:48:31.396+0000] {python.py:237} INFO - Done. Returned value was: None
[2024-04-16T09:48:31.396+0000] {taskinstance.py:441} INFO - ::group::Post task execution logs
[2024-04-16T09:48:31.404+0000] {taskinstance.py:1205} INFO - Marking task as SUCCESS. dag_id=spotify_final_dag, task_id=hello2, execution_date=20240416T054200, start_date=20240416T094829, end_date=20240416T094831
[2024-04-16T09:48:31.456+0000] {local_task_job_runner.py:240} INFO - Task exited with return code 0
[2024-04-16T09:48:31.468+0000] {taskinstance.py:3482} INFO - 0 downstream tasks scheduled from follow-on schedule check
[2024-04-16T09:48:31.470+0000] {local_task_job_runner.py:222} INFO - ::endgroup::
