[2024-04-16T09:38:10.310+0000] {local_task_job_runner.py:120} INFO - ::group::Pre task execution logs
[2024-04-16T09:38:10.330+0000] {taskinstance.py:2073} INFO - Dependencies all met for dep_context=non-requeueable deps ti=<TaskInstance: spotify_final_dag.hello2 scheduled__2024-04-16T00:44:00+00:00 [queued]>
[2024-04-16T09:38:10.339+0000] {taskinstance.py:2073} INFO - Dependencies all met for dep_context=requeueable deps ti=<TaskInstance: spotify_final_dag.hello2 scheduled__2024-04-16T00:44:00+00:00 [queued]>
[2024-04-16T09:38:10.340+0000] {taskinstance.py:2303} INFO - Starting attempt 1 of 2
[2024-04-16T09:38:10.424+0000] {taskinstance.py:2327} INFO - Executing <Task(PythonOperator): hello2> on 2024-04-16 00:44:00+00:00
[2024-04-16T09:38:10.432+0000] {warnings.py:110} WARNING - /home/***/.local/lib/python3.12/site-packages/***/task/task_runner/standard_task_runner.py:61: DeprecationWarning: This process (pid=1411) is multi-threaded, use of fork() may lead to deadlocks in the child.
  pid = os.fork()

[2024-04-16T09:38:10.434+0000] {standard_task_runner.py:63} INFO - Started process 1430 to run task
[2024-04-16T09:38:10.434+0000] {standard_task_runner.py:90} INFO - Running: ['***', 'tasks', 'run', 'spotify_final_dag', 'hello2', 'scheduled__2024-04-16T00:44:00+00:00', '--job-id', '206', '--raw', '--subdir', 'DAGS_FOLDER/dag.py', '--cfg-path', '/tmp/tmpg4uv1qdk']
[2024-04-16T09:38:10.435+0000] {standard_task_runner.py:91} INFO - Job 206: Subtask hello2
[2024-04-16T09:38:10.475+0000] {task_command.py:426} INFO - Running <TaskInstance: spotify_final_dag.hello2 scheduled__2024-04-16T00:44:00+00:00 [running]> on host 52651c1f9987
[2024-04-16T09:38:10.631+0000] {taskinstance.py:2644} INFO - Exporting env vars: AIRFLOW_CTX_DAG_OWNER='***' AIRFLOW_CTX_DAG_ID='spotify_final_dag' AIRFLOW_CTX_TASK_ID='hello2' AIRFLOW_CTX_EXECUTION_DATE='2024-04-16T00:44:00+00:00' AIRFLOW_CTX_TRY_NUMBER='1' AIRFLOW_CTX_DAG_RUN_ID='scheduled__2024-04-16T00:44:00+00:00'
[2024-04-16T09:38:10.633+0000] {taskinstance.py:430} INFO - ::endgroup::
[2024-04-16T09:38:11.048+0000] {logging_mixin.py:188} INFO - Connection successful
[2024-04-16T09:38:11.450+0000] {logging_mixin.py:188} INFO - Connection successful
[2024-04-16T09:38:11.969+0000] {logging_mixin.py:188} INFO - Connection successful
[2024-04-16T09:38:11.972+0000] {logging_mixin.py:188} INFO - Null Not Found
[2024-04-16T09:38:11.973+0000] {logging_mixin.py:188} INFO - Null Not Found
[2024-04-16T09:38:11.981+0000] {logging_mixin.py:188} INFO - Null Not Found
[2024-04-16T09:38:11.981+0000] {logging_mixin.py:188} INFO - Null Not Found
[2024-04-16T09:38:11.982+0000] {logging_mixin.py:188} INFO - Null Not Found
[2024-04-16T09:38:11.983+0000] {logging_mixin.py:188} INFO - Null Not Found
[2024-04-16T09:38:11.984+0000] {python.py:237} INFO - Done. Returned value was: None
[2024-04-16T09:38:11.984+0000] {taskinstance.py:441} INFO - ::group::Post task execution logs
[2024-04-16T09:38:11.991+0000] {taskinstance.py:1205} INFO - Marking task as SUCCESS. dag_id=spotify_final_dag, task_id=hello2, execution_date=20240416T004400, start_date=20240416T093810, end_date=20240416T093811
[2024-04-16T09:38:12.012+0000] {local_task_job_runner.py:240} INFO - Task exited with return code 0
[2024-04-16T09:38:12.022+0000] {taskinstance.py:3482} INFO - 0 downstream tasks scheduled from follow-on schedule check
[2024-04-16T09:38:12.025+0000] {local_task_job_runner.py:222} INFO - ::endgroup::
[2024-04-16T09:46:57.611+0000] {local_task_job_runner.py:120} INFO - ::group::Pre task execution logs
[2024-04-16T09:46:57.639+0000] {taskinstance.py:2073} INFO - Dependencies all met for dep_context=non-requeueable deps ti=<TaskInstance: spotify_final_dag.hello2 scheduled__2024-04-16T00:44:00+00:00 [queued]>
[2024-04-16T09:46:57.649+0000] {taskinstance.py:2073} INFO - Dependencies all met for dep_context=requeueable deps ti=<TaskInstance: spotify_final_dag.hello2 scheduled__2024-04-16T00:44:00+00:00 [queued]>
[2024-04-16T09:46:57.649+0000] {taskinstance.py:2303} INFO - Starting attempt 1 of 2
[2024-04-16T09:46:57.666+0000] {taskinstance.py:2327} INFO - Executing <Task(PythonOperator): hello2> on 2024-04-16 00:44:00+00:00
[2024-04-16T09:46:57.676+0000] {warnings.py:110} WARNING - /home/***/.local/lib/python3.12/site-packages/***/task/task_runner/standard_task_runner.py:61: DeprecationWarning: This process (pid=3899) is multi-threaded, use of fork() may lead to deadlocks in the child.
  pid = os.fork()

[2024-04-16T09:46:57.678+0000] {standard_task_runner.py:63} INFO - Started process 3927 to run task
[2024-04-16T09:46:57.679+0000] {standard_task_runner.py:90} INFO - Running: ['***', 'tasks', 'run', 'spotify_final_dag', 'hello2', 'scheduled__2024-04-16T00:44:00+00:00', '--job-id', '999', '--raw', '--subdir', 'DAGS_FOLDER/dag.py', '--cfg-path', '/tmp/tmprvfvodp4']
[2024-04-16T09:46:57.680+0000] {standard_task_runner.py:91} INFO - Job 999: Subtask hello2
[2024-04-16T09:46:57.726+0000] {task_command.py:426} INFO - Running <TaskInstance: spotify_final_dag.hello2 scheduled__2024-04-16T00:44:00+00:00 [running]> on host 52651c1f9987
[2024-04-16T09:46:57.824+0000] {taskinstance.py:2644} INFO - Exporting env vars: AIRFLOW_CTX_DAG_OWNER='***' AIRFLOW_CTX_DAG_ID='spotify_final_dag' AIRFLOW_CTX_TASK_ID='hello2' AIRFLOW_CTX_EXECUTION_DATE='2024-04-16T00:44:00+00:00' AIRFLOW_CTX_TRY_NUMBER='1' AIRFLOW_CTX_DAG_RUN_ID='scheduled__2024-04-16T00:44:00+00:00'
[2024-04-16T09:46:57.826+0000] {taskinstance.py:430} INFO - ::endgroup::
[2024-04-16T09:46:58.250+0000] {logging_mixin.py:188} INFO - Connection successful
[2024-04-16T09:46:58.665+0000] {logging_mixin.py:188} INFO - Connection successful
[2024-04-16T09:46:59.141+0000] {logging_mixin.py:188} INFO - Connection successful
[2024-04-16T09:46:59.145+0000] {logging_mixin.py:188} INFO - Null Not Found
[2024-04-16T09:46:59.146+0000] {logging_mixin.py:188} INFO - Null Not Found
[2024-04-16T09:46:59.154+0000] {logging_mixin.py:188} INFO - Null Not Found
[2024-04-16T09:46:59.155+0000] {logging_mixin.py:188} INFO - Null Not Found
[2024-04-16T09:46:59.156+0000] {logging_mixin.py:188} INFO - Null Not Found
[2024-04-16T09:46:59.156+0000] {logging_mixin.py:188} INFO - Null Not Found
[2024-04-16T09:46:59.157+0000] {python.py:237} INFO - Done. Returned value was: None
[2024-04-16T09:46:59.158+0000] {taskinstance.py:441} INFO - ::group::Post task execution logs
[2024-04-16T09:46:59.165+0000] {taskinstance.py:1205} INFO - Marking task as SUCCESS. dag_id=spotify_final_dag, task_id=hello2, execution_date=20240416T004400, start_date=20240416T094657, end_date=20240416T094659
[2024-04-16T09:46:59.217+0000] {local_task_job_runner.py:240} INFO - Task exited with return code 0
[2024-04-16T09:46:59.230+0000] {taskinstance.py:3482} INFO - 0 downstream tasks scheduled from follow-on schedule check
[2024-04-16T09:46:59.232+0000] {local_task_job_runner.py:222} INFO - ::endgroup::
