[2024-04-16T09:38:52.950+0000] {local_task_job_runner.py:120} INFO - ::group::Pre task execution logs
[2024-04-16T09:38:52.968+0000] {taskinstance.py:2073} INFO - Dependencies all met for dep_context=non-requeueable deps ti=<TaskInstance: spotify_final_dag.hello2 scheduled__2024-04-16T01:48:00+00:00 [queued]>
[2024-04-16T09:38:52.975+0000] {taskinstance.py:2073} INFO - Dependencies all met for dep_context=requeueable deps ti=<TaskInstance: spotify_final_dag.hello2 scheduled__2024-04-16T01:48:00+00:00 [queued]>
[2024-04-16T09:38:52.976+0000] {taskinstance.py:2303} INFO - Starting attempt 1 of 2
[2024-04-16T09:38:52.988+0000] {taskinstance.py:2327} INFO - Executing <Task(PythonOperator): hello2> on 2024-04-16 01:48:00+00:00
[2024-04-16T09:38:52.997+0000] {warnings.py:110} WARNING - /home/***/.local/lib/python3.12/site-packages/***/task/task_runner/standard_task_runner.py:61: DeprecationWarning: This process (pid=1805) is multi-threaded, use of fork() may lead to deadlocks in the child.
  pid = os.fork()

[2024-04-16T09:38:52.999+0000] {standard_task_runner.py:63} INFO - Started process 1820 to run task
[2024-04-16T09:38:52.999+0000] {standard_task_runner.py:90} INFO - Running: ['***', 'tasks', 'run', 'spotify_final_dag', 'hello2', 'scheduled__2024-04-16T01:48:00+00:00', '--job-id', '335', '--raw', '--subdir', 'DAGS_FOLDER/dag.py', '--cfg-path', '/tmp/tmp3u11s3jm']
[2024-04-16T09:38:53.001+0000] {standard_task_runner.py:91} INFO - Job 335: Subtask hello2
[2024-04-16T09:38:53.051+0000] {task_command.py:426} INFO - Running <TaskInstance: spotify_final_dag.hello2 scheduled__2024-04-16T01:48:00+00:00 [running]> on host 52651c1f9987
[2024-04-16T09:38:53.149+0000] {taskinstance.py:2644} INFO - Exporting env vars: AIRFLOW_CTX_DAG_OWNER='***' AIRFLOW_CTX_DAG_ID='spotify_final_dag' AIRFLOW_CTX_TASK_ID='hello2' AIRFLOW_CTX_EXECUTION_DATE='2024-04-16T01:48:00+00:00' AIRFLOW_CTX_TRY_NUMBER='1' AIRFLOW_CTX_DAG_RUN_ID='scheduled__2024-04-16T01:48:00+00:00'
[2024-04-16T09:38:53.151+0000] {taskinstance.py:430} INFO - ::endgroup::
[2024-04-16T09:38:53.571+0000] {logging_mixin.py:188} INFO - Connection successful
[2024-04-16T09:38:53.959+0000] {logging_mixin.py:188} INFO - Connection successful
[2024-04-16T09:38:54.405+0000] {logging_mixin.py:188} INFO - Connection successful
[2024-04-16T09:38:54.409+0000] {logging_mixin.py:188} INFO - Null Not Found
[2024-04-16T09:38:54.410+0000] {logging_mixin.py:188} INFO - Null Not Found
[2024-04-16T09:38:54.419+0000] {logging_mixin.py:188} INFO - Null Not Found
[2024-04-16T09:38:54.419+0000] {logging_mixin.py:188} INFO - Null Not Found
[2024-04-16T09:38:54.421+0000] {logging_mixin.py:188} INFO - Null Not Found
[2024-04-16T09:38:54.421+0000] {logging_mixin.py:188} INFO - Null Not Found
[2024-04-16T09:38:54.422+0000] {python.py:237} INFO - Done. Returned value was: None
[2024-04-16T09:38:54.423+0000] {taskinstance.py:441} INFO - ::group::Post task execution logs
[2024-04-16T09:38:54.429+0000] {taskinstance.py:1205} INFO - Marking task as SUCCESS. dag_id=spotify_final_dag, task_id=hello2, execution_date=20240416T014800, start_date=20240416T093852, end_date=20240416T093854
[2024-04-16T09:38:54.458+0000] {local_task_job_runner.py:240} INFO - Task exited with return code 0
[2024-04-16T09:38:54.469+0000] {taskinstance.py:3482} INFO - 0 downstream tasks scheduled from follow-on schedule check
[2024-04-16T09:38:54.471+0000] {local_task_job_runner.py:222} INFO - ::endgroup::
[2024-04-16T09:47:17.846+0000] {local_task_job_runner.py:120} INFO - ::group::Pre task execution logs
[2024-04-16T09:47:17.871+0000] {taskinstance.py:2073} INFO - Dependencies all met for dep_context=non-requeueable deps ti=<TaskInstance: spotify_final_dag.hello2 scheduled__2024-04-16T01:48:00+00:00 [queued]>
[2024-04-16T09:47:17.880+0000] {taskinstance.py:2073} INFO - Dependencies all met for dep_context=requeueable deps ti=<TaskInstance: spotify_final_dag.hello2 scheduled__2024-04-16T01:48:00+00:00 [queued]>
[2024-04-16T09:47:17.881+0000] {taskinstance.py:2303} INFO - Starting attempt 1 of 2
[2024-04-16T09:47:17.895+0000] {taskinstance.py:2327} INFO - Executing <Task(PythonOperator): hello2> on 2024-04-16 01:48:00+00:00
[2024-04-16T09:47:17.906+0000] {warnings.py:110} WARNING - /home/***/.local/lib/python3.12/site-packages/***/task/task_runner/standard_task_runner.py:61: DeprecationWarning: This process (pid=4096) is multi-threaded, use of fork() may lead to deadlocks in the child.
  pid = os.fork()

[2024-04-16T09:47:17.909+0000] {standard_task_runner.py:63} INFO - Started process 4121 to run task
[2024-04-16T09:47:17.909+0000] {standard_task_runner.py:90} INFO - Running: ['***', 'tasks', 'run', 'spotify_final_dag', 'hello2', 'scheduled__2024-04-16T01:48:00+00:00', '--job-id', '1062', '--raw', '--subdir', 'DAGS_FOLDER/dag.py', '--cfg-path', '/tmp/tmpg85wbdo9']
[2024-04-16T09:47:17.911+0000] {standard_task_runner.py:91} INFO - Job 1062: Subtask hello2
[2024-04-16T09:47:17.960+0000] {task_command.py:426} INFO - Running <TaskInstance: spotify_final_dag.hello2 scheduled__2024-04-16T01:48:00+00:00 [running]> on host 52651c1f9987
[2024-04-16T09:47:18.051+0000] {taskinstance.py:2644} INFO - Exporting env vars: AIRFLOW_CTX_DAG_OWNER='***' AIRFLOW_CTX_DAG_ID='spotify_final_dag' AIRFLOW_CTX_TASK_ID='hello2' AIRFLOW_CTX_EXECUTION_DATE='2024-04-16T01:48:00+00:00' AIRFLOW_CTX_TRY_NUMBER='1' AIRFLOW_CTX_DAG_RUN_ID='scheduled__2024-04-16T01:48:00+00:00'
[2024-04-16T09:47:18.052+0000] {taskinstance.py:430} INFO - ::endgroup::
[2024-04-16T09:47:18.515+0000] {logging_mixin.py:188} INFO - Connection successful
[2024-04-16T09:47:18.938+0000] {logging_mixin.py:188} INFO - Connection successful
[2024-04-16T09:47:19.665+0000] {logging_mixin.py:188} INFO - Connection successful
[2024-04-16T09:47:19.670+0000] {logging_mixin.py:188} INFO - Null Not Found
[2024-04-16T09:47:19.671+0000] {logging_mixin.py:188} INFO - Null Not Found
[2024-04-16T09:47:19.682+0000] {logging_mixin.py:188} INFO - Null Not Found
[2024-04-16T09:47:19.682+0000] {logging_mixin.py:188} INFO - Null Not Found
[2024-04-16T09:47:19.684+0000] {logging_mixin.py:188} INFO - Null Not Found
[2024-04-16T09:47:19.685+0000] {logging_mixin.py:188} INFO - Null Not Found
[2024-04-16T09:47:19.687+0000] {python.py:237} INFO - Done. Returned value was: None
[2024-04-16T09:47:19.687+0000] {taskinstance.py:441} INFO - ::group::Post task execution logs
[2024-04-16T09:47:19.695+0000] {taskinstance.py:1205} INFO - Marking task as SUCCESS. dag_id=spotify_final_dag, task_id=hello2, execution_date=20240416T014800, start_date=20240416T094717, end_date=20240416T094719
[2024-04-16T09:47:19.728+0000] {local_task_job_runner.py:240} INFO - Task exited with return code 0
[2024-04-16T09:47:19.742+0000] {taskinstance.py:3482} INFO - 0 downstream tasks scheduled from follow-on schedule check
[2024-04-16T09:47:19.744+0000] {local_task_job_runner.py:222} INFO - ::endgroup::
