[2024-04-16T09:40:46.729+0000] {local_task_job_runner.py:120} INFO - ::group::Pre task execution logs
[2024-04-16T09:40:46.752+0000] {taskinstance.py:2073} INFO - Dependencies all met for dep_context=non-requeueable deps ti=<TaskInstance: spotify_final_dag.hello2 scheduled__2024-04-16T04:28:00+00:00 [queued]>
[2024-04-16T09:40:46.764+0000] {taskinstance.py:2073} INFO - Dependencies all met for dep_context=requeueable deps ti=<TaskInstance: spotify_final_dag.hello2 scheduled__2024-04-16T04:28:00+00:00 [queued]>
[2024-04-16T09:40:46.765+0000] {taskinstance.py:2303} INFO - Starting attempt 1 of 2
[2024-04-16T09:40:46.783+0000] {taskinstance.py:2327} INFO - Executing <Task(PythonOperator): hello2> on 2024-04-16 04:28:00+00:00
[2024-04-16T09:40:46.793+0000] {warnings.py:110} WARNING - /home/***/.local/lib/python3.12/site-packages/***/task/task_runner/standard_task_runner.py:61: DeprecationWarning: This process (pid=2829) is multi-threaded, use of fork() may lead to deadlocks in the child.
  pid = os.fork()

[2024-04-16T09:40:46.795+0000] {standard_task_runner.py:63} INFO - Started process 2847 to run task
[2024-04-16T09:40:46.795+0000] {standard_task_runner.py:90} INFO - Running: ['***', 'tasks', 'run', 'spotify_final_dag', 'hello2', 'scheduled__2024-04-16T04:28:00+00:00', '--job-id', '667', '--raw', '--subdir', 'DAGS_FOLDER/dag.py', '--cfg-path', '/tmp/tmp_fshzd2c']
[2024-04-16T09:40:46.796+0000] {standard_task_runner.py:91} INFO - Job 667: Subtask hello2
[2024-04-16T09:40:46.842+0000] {task_command.py:426} INFO - Running <TaskInstance: spotify_final_dag.hello2 scheduled__2024-04-16T04:28:00+00:00 [running]> on host 52651c1f9987
[2024-04-16T09:40:46.937+0000] {taskinstance.py:2644} INFO - Exporting env vars: AIRFLOW_CTX_DAG_OWNER='***' AIRFLOW_CTX_DAG_ID='spotify_final_dag' AIRFLOW_CTX_TASK_ID='hello2' AIRFLOW_CTX_EXECUTION_DATE='2024-04-16T04:28:00+00:00' AIRFLOW_CTX_TRY_NUMBER='1' AIRFLOW_CTX_DAG_RUN_ID='scheduled__2024-04-16T04:28:00+00:00'
[2024-04-16T09:40:46.939+0000] {taskinstance.py:430} INFO - ::endgroup::
[2024-04-16T09:40:47.396+0000] {logging_mixin.py:188} INFO - Connection successful
[2024-04-16T09:40:47.813+0000] {logging_mixin.py:188} INFO - Connection successful
[2024-04-16T09:40:48.559+0000] {logging_mixin.py:188} INFO - Connection successful
[2024-04-16T09:40:48.563+0000] {logging_mixin.py:188} INFO - Null Not Found
[2024-04-16T09:40:48.564+0000] {logging_mixin.py:188} INFO - Null Not Found
[2024-04-16T09:40:48.573+0000] {logging_mixin.py:188} INFO - Null Not Found
[2024-04-16T09:40:48.575+0000] {logging_mixin.py:188} INFO - Null Not Found
[2024-04-16T09:40:48.576+0000] {logging_mixin.py:188} INFO - Null Not Found
[2024-04-16T09:40:48.576+0000] {logging_mixin.py:188} INFO - Null Not Found
[2024-04-16T09:40:48.578+0000] {python.py:237} INFO - Done. Returned value was: None
[2024-04-16T09:40:48.579+0000] {taskinstance.py:441} INFO - ::group::Post task execution logs
[2024-04-16T09:40:48.587+0000] {taskinstance.py:1205} INFO - Marking task as SUCCESS. dag_id=spotify_final_dag, task_id=hello2, execution_date=20240416T042800, start_date=20240416T094046, end_date=20240416T094048
[2024-04-16T09:40:48.614+0000] {local_task_job_runner.py:240} INFO - Task exited with return code 0
[2024-04-16T09:40:48.627+0000] {taskinstance.py:3482} INFO - 0 downstream tasks scheduled from follow-on schedule check
[2024-04-16T09:40:48.629+0000] {local_task_job_runner.py:222} INFO - ::endgroup::
[2024-04-16T09:48:09.296+0000] {local_task_job_runner.py:120} INFO - ::group::Pre task execution logs
[2024-04-16T09:48:09.313+0000] {taskinstance.py:2073} INFO - Dependencies all met for dep_context=non-requeueable deps ti=<TaskInstance: spotify_final_dag.hello2 scheduled__2024-04-16T04:28:00+00:00 [queued]>
[2024-04-16T09:48:09.321+0000] {taskinstance.py:2073} INFO - Dependencies all met for dep_context=requeueable deps ti=<TaskInstance: spotify_final_dag.hello2 scheduled__2024-04-16T04:28:00+00:00 [queued]>
[2024-04-16T09:48:09.322+0000] {taskinstance.py:2303} INFO - Starting attempt 1 of 2
[2024-04-16T09:48:09.333+0000] {taskinstance.py:2327} INFO - Executing <Task(PythonOperator): hello2> on 2024-04-16 04:28:00+00:00
[2024-04-16T09:48:09.341+0000] {warnings.py:110} WARNING - /home/***/.local/lib/python3.12/site-packages/***/task/task_runner/standard_task_runner.py:61: DeprecationWarning: This process (pid=4582) is multi-threaded, use of fork() may lead to deadlocks in the child.
  pid = os.fork()

[2024-04-16T09:48:09.343+0000] {standard_task_runner.py:63} INFO - Started process 4604 to run task
[2024-04-16T09:48:09.343+0000] {standard_task_runner.py:90} INFO - Running: ['***', 'tasks', 'run', 'spotify_final_dag', 'hello2', 'scheduled__2024-04-16T04:28:00+00:00', '--job-id', '1222', '--raw', '--subdir', 'DAGS_FOLDER/dag.py', '--cfg-path', '/tmp/tmpvx5bc5bc']
[2024-04-16T09:48:09.345+0000] {standard_task_runner.py:91} INFO - Job 1222: Subtask hello2
[2024-04-16T09:48:09.394+0000] {task_command.py:426} INFO - Running <TaskInstance: spotify_final_dag.hello2 scheduled__2024-04-16T04:28:00+00:00 [running]> on host 52651c1f9987
[2024-04-16T09:48:09.467+0000] {taskinstance.py:2644} INFO - Exporting env vars: AIRFLOW_CTX_DAG_OWNER='***' AIRFLOW_CTX_DAG_ID='spotify_final_dag' AIRFLOW_CTX_TASK_ID='hello2' AIRFLOW_CTX_EXECUTION_DATE='2024-04-16T04:28:00+00:00' AIRFLOW_CTX_TRY_NUMBER='1' AIRFLOW_CTX_DAG_RUN_ID='scheduled__2024-04-16T04:28:00+00:00'
[2024-04-16T09:48:09.468+0000] {taskinstance.py:430} INFO - ::endgroup::
[2024-04-16T09:48:09.957+0000] {logging_mixin.py:188} INFO - Connection successful
[2024-04-16T09:48:10.367+0000] {logging_mixin.py:188} INFO - Connection successful
[2024-04-16T09:48:10.807+0000] {logging_mixin.py:188} INFO - Connection successful
[2024-04-16T09:48:10.813+0000] {logging_mixin.py:188} INFO - Null Not Found
[2024-04-16T09:48:10.814+0000] {logging_mixin.py:188} INFO - Null Not Found
[2024-04-16T09:48:10.824+0000] {logging_mixin.py:188} INFO - Null Not Found
[2024-04-16T09:48:10.825+0000] {logging_mixin.py:188} INFO - Null Not Found
[2024-04-16T09:48:10.826+0000] {logging_mixin.py:188} INFO - Null Not Found
[2024-04-16T09:48:10.827+0000] {logging_mixin.py:188} INFO - Null Not Found
[2024-04-16T09:48:10.828+0000] {python.py:237} INFO - Done. Returned value was: None
[2024-04-16T09:48:10.828+0000] {taskinstance.py:441} INFO - ::group::Post task execution logs
[2024-04-16T09:48:10.836+0000] {taskinstance.py:1205} INFO - Marking task as SUCCESS. dag_id=spotify_final_dag, task_id=hello2, execution_date=20240416T042800, start_date=20240416T094809, end_date=20240416T094810
[2024-04-16T09:48:10.881+0000] {local_task_job_runner.py:240} INFO - Task exited with return code 0
[2024-04-16T09:48:10.897+0000] {taskinstance.py:3482} INFO - 0 downstream tasks scheduled from follow-on schedule check
[2024-04-16T09:48:10.900+0000] {local_task_job_runner.py:222} INFO - ::endgroup::
