[2024-04-17T07:38:37.015+0000] {local_task_job_runner.py:120} INFO - ::group::Pre task execution logs
[2024-04-17T07:38:37.031+0000] {taskinstance.py:2073} INFO - Dependencies all met for dep_context=non-requeueable deps ti=<TaskInstance: etl_for_spotify.processes scheduled__2024-04-17T04:22:00+00:00 [queued]>
[2024-04-17T07:38:37.037+0000] {taskinstance.py:2073} INFO - Dependencies all met for dep_context=requeueable deps ti=<TaskInstance: etl_for_spotify.processes scheduled__2024-04-17T04:22:00+00:00 [queued]>
[2024-04-17T07:38:37.038+0000] {taskinstance.py:2303} INFO - Starting attempt 1 of 2
[2024-04-17T07:38:37.048+0000] {taskinstance.py:2327} INFO - Executing <Task(PythonOperator): processes> on 2024-04-17 04:22:00+00:00
[2024-04-17T07:38:37.054+0000] {warnings.py:110} WARNING - /home/***/.local/lib/python3.12/site-packages/***/task/task_runner/standard_task_runner.py:61: DeprecationWarning: This process (pid=10670) is multi-threaded, use of fork() may lead to deadlocks in the child.
  pid = os.fork()

[2024-04-17T07:38:37.055+0000] {standard_task_runner.py:63} INFO - Started process 10681 to run task
[2024-04-17T07:38:37.055+0000] {standard_task_runner.py:90} INFO - Running: ['***', 'tasks', 'run', 'etl_for_spotify', 'processes', 'scheduled__2024-04-17T04:22:00+00:00', '--job-id', '4490', '--raw', '--subdir', 'DAGS_FOLDER/dag.py', '--cfg-path', '/tmp/tmpgw05fict']
[2024-04-17T07:38:37.056+0000] {standard_task_runner.py:91} INFO - Job 4490: Subtask processes
[2024-04-17T07:38:37.086+0000] {task_command.py:426} INFO - Running <TaskInstance: etl_for_spotify.processes scheduled__2024-04-17T04:22:00+00:00 [running]> on host 52651c1f9987
[2024-04-17T07:38:37.159+0000] {taskinstance.py:2644} INFO - Exporting env vars: AIRFLOW_CTX_DAG_OWNER='***' AIRFLOW_CTX_DAG_ID='etl_for_spotify' AIRFLOW_CTX_TASK_ID='processes' AIRFLOW_CTX_EXECUTION_DATE='2024-04-17T04:22:00+00:00' AIRFLOW_CTX_TRY_NUMBER='1' AIRFLOW_CTX_DAG_RUN_ID='scheduled__2024-04-17T04:22:00+00:00'
[2024-04-17T07:38:37.161+0000] {taskinstance.py:430} INFO - ::endgroup::
[2024-04-17T07:38:37.599+0000] {logging_mixin.py:188} INFO - Connection successful
[2024-04-17T07:38:38.097+0000] {logging_mixin.py:188} INFO - Connection successful
[2024-04-17T07:38:38.554+0000] {logging_mixin.py:188} INFO - Connection successful
[2024-04-17T07:38:38.558+0000] {logging_mixin.py:188} INFO - Null Not Found
[2024-04-17T07:38:38.559+0000] {logging_mixin.py:188} INFO - Null Not Found
[2024-04-17T07:38:38.566+0000] {logging_mixin.py:188} INFO - Null Not Found
[2024-04-17T07:38:38.567+0000] {logging_mixin.py:188} INFO - Null Not Found
[2024-04-17T07:38:38.568+0000] {logging_mixin.py:188} INFO - Null Not Found
[2024-04-17T07:38:38.569+0000] {logging_mixin.py:188} INFO - Null Not Found
[2024-04-17T07:38:38.570+0000] {python.py:237} INFO - Done. Returned value was: None
[2024-04-17T07:38:38.570+0000] {taskinstance.py:441} INFO - ::group::Post task execution logs
[2024-04-17T07:38:38.577+0000] {taskinstance.py:1205} INFO - Marking task as SUCCESS. dag_id=etl_for_spotify, task_id=processes, execution_date=20240417T042200, start_date=20240417T073837, end_date=20240417T073838
[2024-04-17T07:38:38.594+0000] {local_task_job_runner.py:240} INFO - Task exited with return code 0
[2024-04-17T07:38:38.605+0000] {taskinstance.py:3482} INFO - 0 downstream tasks scheduled from follow-on schedule check
[2024-04-17T07:38:38.606+0000] {local_task_job_runner.py:222} INFO - ::endgroup::
