[2024-04-17T05:23:37.534+0000] {local_task_job_runner.py:120} INFO - ::group::Pre task execution logs
[2024-04-17T05:23:37.555+0000] {taskinstance.py:2073} INFO - Dependencies all met for dep_context=non-requeueable deps ti=<TaskInstance: spotify_final_dag.hello2 scheduled__2024-04-16T11:12:00+00:00 [queued]>
[2024-04-17T05:23:37.568+0000] {taskinstance.py:2073} INFO - Dependencies all met for dep_context=requeueable deps ti=<TaskInstance: spotify_final_dag.hello2 scheduled__2024-04-16T11:12:00+00:00 [queued]>
[2024-04-17T05:23:37.569+0000] {taskinstance.py:2303} INFO - Starting attempt 2 of 2
[2024-04-17T05:23:37.586+0000] {taskinstance.py:2327} INFO - Executing <Task(PythonOperator): hello2> on 2024-04-16 11:12:00+00:00
[2024-04-17T05:23:37.599+0000] {warnings.py:110} WARNING - /home/***/.local/lib/python3.12/site-packages/***/task/task_runner/standard_task_runner.py:61: DeprecationWarning: This process (pid=341) is multi-threaded, use of fork() may lead to deadlocks in the child.
  pid = os.fork()

[2024-04-17T05:23:37.601+0000] {standard_task_runner.py:63} INFO - Started process 369 to run task
[2024-04-17T05:23:37.601+0000] {standard_task_runner.py:90} INFO - Running: ['***', 'tasks', 'run', 'spotify_final_dag', 'hello2', 'scheduled__2024-04-16T11:12:00+00:00', '--job-id', '1650', '--raw', '--subdir', 'DAGS_FOLDER/dag.py', '--cfg-path', '/tmp/tmpf9eqbh_y']
[2024-04-17T05:23:37.603+0000] {standard_task_runner.py:91} INFO - Job 1650: Subtask hello2
[2024-04-17T05:23:37.708+0000] {task_command.py:426} INFO - Running <TaskInstance: spotify_final_dag.hello2 scheduled__2024-04-16T11:12:00+00:00 [running]> on host 52651c1f9987
[2024-04-17T05:23:37.861+0000] {taskinstance.py:2644} INFO - Exporting env vars: AIRFLOW_CTX_DAG_OWNER='***' AIRFLOW_CTX_DAG_ID='spotify_final_dag' AIRFLOW_CTX_TASK_ID='hello2' AIRFLOW_CTX_EXECUTION_DATE='2024-04-16T11:12:00+00:00' AIRFLOW_CTX_TRY_NUMBER='2' AIRFLOW_CTX_DAG_RUN_ID='scheduled__2024-04-16T11:12:00+00:00'
[2024-04-17T05:23:37.863+0000] {taskinstance.py:430} INFO - ::endgroup::
[2024-04-17T05:23:38.379+0000] {logging_mixin.py:188} INFO - Connection successful
[2024-04-17T05:23:38.829+0000] {logging_mixin.py:188} INFO - Connection successful
[2024-04-17T05:23:39.220+0000] {logging_mixin.py:188} INFO - Connection successful
[2024-04-17T05:23:39.226+0000] {logging_mixin.py:188} INFO - Null Not Found
[2024-04-17T05:23:39.228+0000] {logging_mixin.py:188} INFO - Null Not Found
[2024-04-17T05:23:39.241+0000] {logging_mixin.py:188} INFO - Null Not Found
[2024-04-17T05:23:39.241+0000] {logging_mixin.py:188} INFO - Null Not Found
[2024-04-17T05:23:39.244+0000] {logging_mixin.py:188} INFO - Null Not Found
[2024-04-17T05:23:39.244+0000] {logging_mixin.py:188} INFO - Null Not Found
[2024-04-17T05:23:39.246+0000] {python.py:237} INFO - Done. Returned value was: None
[2024-04-17T05:23:39.246+0000] {taskinstance.py:441} INFO - ::group::Post task execution logs
[2024-04-17T05:23:39.257+0000] {taskinstance.py:1205} INFO - Marking task as SUCCESS. dag_id=spotify_final_dag, task_id=hello2, execution_date=20240416T111200, start_date=20240417T052337, end_date=20240417T052339
[2024-04-17T05:23:39.422+0000] {local_task_job_runner.py:240} INFO - Task exited with return code 0
[2024-04-17T05:23:39.440+0000] {taskinstance.py:3482} INFO - 0 downstream tasks scheduled from follow-on schedule check
[2024-04-17T05:23:39.442+0000] {local_task_job_runner.py:222} INFO - ::endgroup::
