[2024-04-16T09:38:39.678+0000] {local_task_job_runner.py:120} INFO - ::group::Pre task execution logs
[2024-04-16T09:38:39.705+0000] {taskinstance.py:2073} INFO - Dependencies all met for dep_context=non-requeueable deps ti=<TaskInstance: spotify_final_dag.hello2 scheduled__2024-04-16T01:22:00+00:00 [queued]>
[2024-04-16T09:38:39.714+0000] {taskinstance.py:2073} INFO - Dependencies all met for dep_context=requeueable deps ti=<TaskInstance: spotify_final_dag.hello2 scheduled__2024-04-16T01:22:00+00:00 [queued]>
[2024-04-16T09:38:39.715+0000] {taskinstance.py:2303} INFO - Starting attempt 1 of 2
[2024-04-16T09:38:39.742+0000] {taskinstance.py:2327} INFO - Executing <Task(PythonOperator): hello2> on 2024-04-16 01:22:00+00:00
[2024-04-16T09:38:39.754+0000] {warnings.py:110} WARNING - /home/***/.local/lib/python3.12/site-packages/***/task/task_runner/standard_task_runner.py:61: DeprecationWarning: This process (pid=1679) is multi-threaded, use of fork() may lead to deadlocks in the child.
  pid = os.fork()

[2024-04-16T09:38:39.755+0000] {standard_task_runner.py:63} INFO - Started process 1710 to run task
[2024-04-16T09:38:39.756+0000] {standard_task_runner.py:90} INFO - Running: ['***', 'tasks', 'run', 'spotify_final_dag', 'hello2', 'scheduled__2024-04-16T01:22:00+00:00', '--job-id', '293', '--raw', '--subdir', 'DAGS_FOLDER/dag.py', '--cfg-path', '/tmp/tmpe0q590ow']
[2024-04-16T09:38:39.757+0000] {standard_task_runner.py:91} INFO - Job 293: Subtask hello2
[2024-04-16T09:38:39.814+0000] {task_command.py:426} INFO - Running <TaskInstance: spotify_final_dag.hello2 scheduled__2024-04-16T01:22:00+00:00 [running]> on host 52651c1f9987
[2024-04-16T09:38:39.976+0000] {taskinstance.py:2644} INFO - Exporting env vars: AIRFLOW_CTX_DAG_OWNER='***' AIRFLOW_CTX_DAG_ID='spotify_final_dag' AIRFLOW_CTX_TASK_ID='hello2' AIRFLOW_CTX_EXECUTION_DATE='2024-04-16T01:22:00+00:00' AIRFLOW_CTX_TRY_NUMBER='1' AIRFLOW_CTX_DAG_RUN_ID='scheduled__2024-04-16T01:22:00+00:00'
[2024-04-16T09:38:39.978+0000] {taskinstance.py:430} INFO - ::endgroup::
[2024-04-16T09:38:40.399+0000] {logging_mixin.py:188} INFO - Connection successful
[2024-04-16T09:38:40.822+0000] {logging_mixin.py:188} INFO - Connection successful
[2024-04-16T09:38:41.225+0000] {logging_mixin.py:188} INFO - Connection successful
[2024-04-16T09:38:41.228+0000] {logging_mixin.py:188} INFO - Null Not Found
[2024-04-16T09:38:41.229+0000] {logging_mixin.py:188} INFO - Null Not Found
[2024-04-16T09:38:41.238+0000] {logging_mixin.py:188} INFO - Null Not Found
[2024-04-16T09:38:41.239+0000] {logging_mixin.py:188} INFO - Null Not Found
[2024-04-16T09:38:41.240+0000] {logging_mixin.py:188} INFO - Null Not Found
[2024-04-16T09:38:41.240+0000] {logging_mixin.py:188} INFO - Null Not Found
[2024-04-16T09:38:41.241+0000] {python.py:237} INFO - Done. Returned value was: None
[2024-04-16T09:38:41.242+0000] {taskinstance.py:441} INFO - ::group::Post task execution logs
[2024-04-16T09:38:41.249+0000] {taskinstance.py:1205} INFO - Marking task as SUCCESS. dag_id=spotify_final_dag, task_id=hello2, execution_date=20240416T012200, start_date=20240416T093839, end_date=20240416T093841
[2024-04-16T09:38:41.295+0000] {local_task_job_runner.py:240} INFO - Task exited with return code 0
[2024-04-16T09:38:41.308+0000] {taskinstance.py:3482} INFO - 0 downstream tasks scheduled from follow-on schedule check
[2024-04-16T09:38:41.310+0000] {local_task_job_runner.py:222} INFO - ::endgroup::
[2024-04-16T09:47:07.993+0000] {local_task_job_runner.py:120} INFO - ::group::Pre task execution logs
[2024-04-16T09:47:08.015+0000] {taskinstance.py:2073} INFO - Dependencies all met for dep_context=non-requeueable deps ti=<TaskInstance: spotify_final_dag.hello2 scheduled__2024-04-16T01:22:00+00:00 [queued]>
[2024-04-16T09:47:08.023+0000] {taskinstance.py:2073} INFO - Dependencies all met for dep_context=requeueable deps ti=<TaskInstance: spotify_final_dag.hello2 scheduled__2024-04-16T01:22:00+00:00 [queued]>
[2024-04-16T09:47:08.024+0000] {taskinstance.py:2303} INFO - Starting attempt 1 of 2
[2024-04-16T09:47:08.037+0000] {taskinstance.py:2327} INFO - Executing <Task(PythonOperator): hello2> on 2024-04-16 01:22:00+00:00
[2024-04-16T09:47:08.044+0000] {warnings.py:110} WARNING - /home/***/.local/lib/python3.12/site-packages/***/task/task_runner/standard_task_runner.py:61: DeprecationWarning: This process (pid=4011) is multi-threaded, use of fork() may lead to deadlocks in the child.
  pid = os.fork()

[2024-04-16T09:47:08.046+0000] {standard_task_runner.py:63} INFO - Started process 4033 to run task
[2024-04-16T09:47:08.046+0000] {standard_task_runner.py:90} INFO - Running: ['***', 'tasks', 'run', 'spotify_final_dag', 'hello2', 'scheduled__2024-04-16T01:22:00+00:00', '--job-id', '1033', '--raw', '--subdir', 'DAGS_FOLDER/dag.py', '--cfg-path', '/tmp/tmp4pofm4fn']
[2024-04-16T09:47:08.047+0000] {standard_task_runner.py:91} INFO - Job 1033: Subtask hello2
[2024-04-16T09:47:08.089+0000] {task_command.py:426} INFO - Running <TaskInstance: spotify_final_dag.hello2 scheduled__2024-04-16T01:22:00+00:00 [running]> on host 52651c1f9987
[2024-04-16T09:47:08.190+0000] {taskinstance.py:2644} INFO - Exporting env vars: AIRFLOW_CTX_DAG_OWNER='***' AIRFLOW_CTX_DAG_ID='spotify_final_dag' AIRFLOW_CTX_TASK_ID='hello2' AIRFLOW_CTX_EXECUTION_DATE='2024-04-16T01:22:00+00:00' AIRFLOW_CTX_TRY_NUMBER='1' AIRFLOW_CTX_DAG_RUN_ID='scheduled__2024-04-16T01:22:00+00:00'
[2024-04-16T09:47:08.191+0000] {taskinstance.py:430} INFO - ::endgroup::
[2024-04-16T09:47:08.596+0000] {logging_mixin.py:188} INFO - Connection successful
[2024-04-16T09:47:09.036+0000] {logging_mixin.py:188} INFO - Connection successful
[2024-04-16T09:47:09.430+0000] {logging_mixin.py:188} INFO - Connection successful
[2024-04-16T09:47:09.434+0000] {logging_mixin.py:188} INFO - Null Not Found
[2024-04-16T09:47:09.435+0000] {logging_mixin.py:188} INFO - Null Not Found
[2024-04-16T09:47:09.443+0000] {logging_mixin.py:188} INFO - Null Not Found
[2024-04-16T09:47:09.443+0000] {logging_mixin.py:188} INFO - Null Not Found
[2024-04-16T09:47:09.445+0000] {logging_mixin.py:188} INFO - Null Not Found
[2024-04-16T09:47:09.445+0000] {logging_mixin.py:188} INFO - Null Not Found
[2024-04-16T09:47:09.446+0000] {python.py:237} INFO - Done. Returned value was: None
[2024-04-16T09:47:09.447+0000] {taskinstance.py:441} INFO - ::group::Post task execution logs
[2024-04-16T09:47:09.453+0000] {taskinstance.py:1205} INFO - Marking task as SUCCESS. dag_id=spotify_final_dag, task_id=hello2, execution_date=20240416T012200, start_date=20240416T094708, end_date=20240416T094709
[2024-04-16T09:47:09.503+0000] {local_task_job_runner.py:240} INFO - Task exited with return code 0
[2024-04-16T09:47:09.513+0000] {taskinstance.py:3482} INFO - 0 downstream tasks scheduled from follow-on schedule check
[2024-04-16T09:47:09.516+0000] {local_task_job_runner.py:222} INFO - ::endgroup::
