[2024-04-16T09:39:47.428+0000] {local_task_job_runner.py:120} INFO - ::group::Pre task execution logs
[2024-04-16T09:39:47.462+0000] {taskinstance.py:2073} INFO - Dependencies all met for dep_context=non-requeueable deps ti=<TaskInstance: spotify_final_dag.hello2 scheduled__2024-04-16T03:00:00+00:00 [queued]>
[2024-04-16T09:39:47.478+0000] {taskinstance.py:2073} INFO - Dependencies all met for dep_context=requeueable deps ti=<TaskInstance: spotify_final_dag.hello2 scheduled__2024-04-16T03:00:00+00:00 [queued]>
[2024-04-16T09:39:47.480+0000] {taskinstance.py:2303} INFO - Starting attempt 1 of 2
[2024-04-16T09:39:47.501+0000] {taskinstance.py:2327} INFO - Executing <Task(PythonOperator): hello2> on 2024-04-16 03:00:00+00:00
[2024-04-16T09:39:47.517+0000] {warnings.py:110} WARNING - /home/***/.local/lib/python3.12/site-packages/***/task/task_runner/standard_task_runner.py:61: DeprecationWarning: This process (pid=2254) is multi-threaded, use of fork() may lead to deadlocks in the child.
  pid = os.fork()

[2024-04-16T09:39:47.519+0000] {standard_task_runner.py:63} INFO - Started process 2277 to run task
[2024-04-16T09:39:47.523+0000] {standard_task_runner.py:90} INFO - Running: ['***', 'tasks', 'run', 'spotify_final_dag', 'hello2', 'scheduled__2024-04-16T03:00:00+00:00', '--job-id', '481', '--raw', '--subdir', 'DAGS_FOLDER/dag.py', '--cfg-path', '/tmp/tmpm_duux5_']
[2024-04-16T09:39:47.525+0000] {standard_task_runner.py:91} INFO - Job 481: Subtask hello2
[2024-04-16T09:39:47.576+0000] {task_command.py:426} INFO - Running <TaskInstance: spotify_final_dag.hello2 scheduled__2024-04-16T03:00:00+00:00 [running]> on host 52651c1f9987
[2024-04-16T09:39:47.657+0000] {taskinstance.py:2644} INFO - Exporting env vars: AIRFLOW_CTX_DAG_OWNER='***' AIRFLOW_CTX_DAG_ID='spotify_final_dag' AIRFLOW_CTX_TASK_ID='hello2' AIRFLOW_CTX_EXECUTION_DATE='2024-04-16T03:00:00+00:00' AIRFLOW_CTX_TRY_NUMBER='1' AIRFLOW_CTX_DAG_RUN_ID='scheduled__2024-04-16T03:00:00+00:00'
[2024-04-16T09:39:47.658+0000] {taskinstance.py:430} INFO - ::endgroup::
[2024-04-16T09:39:48.094+0000] {logging_mixin.py:188} INFO - Connection successful
[2024-04-16T09:39:48.484+0000] {logging_mixin.py:188} INFO - Connection successful
[2024-04-16T09:39:48.879+0000] {logging_mixin.py:188} INFO - Connection successful
[2024-04-16T09:39:48.883+0000] {logging_mixin.py:188} INFO - Null Not Found
[2024-04-16T09:39:48.884+0000] {logging_mixin.py:188} INFO - Null Not Found
[2024-04-16T09:39:48.892+0000] {logging_mixin.py:188} INFO - Null Not Found
[2024-04-16T09:39:48.893+0000] {logging_mixin.py:188} INFO - Null Not Found
[2024-04-16T09:39:48.894+0000] {logging_mixin.py:188} INFO - Null Not Found
[2024-04-16T09:39:48.895+0000] {logging_mixin.py:188} INFO - Null Not Found
[2024-04-16T09:39:48.896+0000] {python.py:237} INFO - Done. Returned value was: None
[2024-04-16T09:39:48.896+0000] {taskinstance.py:441} INFO - ::group::Post task execution logs
[2024-04-16T09:39:48.904+0000] {taskinstance.py:1205} INFO - Marking task as SUCCESS. dag_id=spotify_final_dag, task_id=hello2, execution_date=20240416T030000, start_date=20240416T093947, end_date=20240416T093948
[2024-04-16T09:39:48.937+0000] {local_task_job_runner.py:240} INFO - Task exited with return code 0
[2024-04-16T09:39:48.949+0000] {taskinstance.py:3482} INFO - 0 downstream tasks scheduled from follow-on schedule check
[2024-04-16T09:39:48.951+0000] {local_task_job_runner.py:222} INFO - ::endgroup::
[2024-04-16T09:47:39.605+0000] {local_task_job_runner.py:120} INFO - ::group::Pre task execution logs
[2024-04-16T09:47:39.628+0000] {taskinstance.py:2073} INFO - Dependencies all met for dep_context=non-requeueable deps ti=<TaskInstance: spotify_final_dag.hello2 scheduled__2024-04-16T03:00:00+00:00 [queued]>
[2024-04-16T09:47:39.635+0000] {taskinstance.py:2073} INFO - Dependencies all met for dep_context=requeueable deps ti=<TaskInstance: spotify_final_dag.hello2 scheduled__2024-04-16T03:00:00+00:00 [queued]>
[2024-04-16T09:47:39.636+0000] {taskinstance.py:2303} INFO - Starting attempt 1 of 2
[2024-04-16T09:47:39.650+0000] {taskinstance.py:2327} INFO - Executing <Task(PythonOperator): hello2> on 2024-04-16 03:00:00+00:00
[2024-04-16T09:47:39.658+0000] {warnings.py:110} WARNING - /home/***/.local/lib/python3.12/site-packages/***/task/task_runner/standard_task_runner.py:61: DeprecationWarning: This process (pid=4309) is multi-threaded, use of fork() may lead to deadlocks in the child.
  pid = os.fork()

[2024-04-16T09:47:39.660+0000] {standard_task_runner.py:63} INFO - Started process 4336 to run task
[2024-04-16T09:47:39.660+0000] {standard_task_runner.py:90} INFO - Running: ['***', 'tasks', 'run', 'spotify_final_dag', 'hello2', 'scheduled__2024-04-16T03:00:00+00:00', '--job-id', '1132', '--raw', '--subdir', 'DAGS_FOLDER/dag.py', '--cfg-path', '/tmp/tmpbfe0iteo']
[2024-04-16T09:47:39.661+0000] {standard_task_runner.py:91} INFO - Job 1132: Subtask hello2
[2024-04-16T09:47:39.705+0000] {task_command.py:426} INFO - Running <TaskInstance: spotify_final_dag.hello2 scheduled__2024-04-16T03:00:00+00:00 [running]> on host 52651c1f9987
[2024-04-16T09:47:39.794+0000] {taskinstance.py:2644} INFO - Exporting env vars: AIRFLOW_CTX_DAG_OWNER='***' AIRFLOW_CTX_DAG_ID='spotify_final_dag' AIRFLOW_CTX_TASK_ID='hello2' AIRFLOW_CTX_EXECUTION_DATE='2024-04-16T03:00:00+00:00' AIRFLOW_CTX_TRY_NUMBER='1' AIRFLOW_CTX_DAG_RUN_ID='scheduled__2024-04-16T03:00:00+00:00'
[2024-04-16T09:47:39.796+0000] {taskinstance.py:430} INFO - ::endgroup::
[2024-04-16T09:47:40.235+0000] {logging_mixin.py:188} INFO - Connection successful
[2024-04-16T09:47:40.649+0000] {logging_mixin.py:188} INFO - Connection successful
[2024-04-16T09:47:41.050+0000] {logging_mixin.py:188} INFO - Connection successful
[2024-04-16T09:47:41.054+0000] {logging_mixin.py:188} INFO - Null Not Found
[2024-04-16T09:47:41.055+0000] {logging_mixin.py:188} INFO - Null Not Found
[2024-04-16T09:47:41.064+0000] {logging_mixin.py:188} INFO - Null Not Found
[2024-04-16T09:47:41.065+0000] {logging_mixin.py:188} INFO - Null Not Found
[2024-04-16T09:47:41.066+0000] {logging_mixin.py:188} INFO - Null Not Found
[2024-04-16T09:47:41.067+0000] {logging_mixin.py:188} INFO - Null Not Found
[2024-04-16T09:47:41.068+0000] {python.py:237} INFO - Done. Returned value was: None
[2024-04-16T09:47:41.069+0000] {taskinstance.py:441} INFO - ::group::Post task execution logs
[2024-04-16T09:47:41.076+0000] {taskinstance.py:1205} INFO - Marking task as SUCCESS. dag_id=spotify_final_dag, task_id=hello2, execution_date=20240416T030000, start_date=20240416T094739, end_date=20240416T094741
[2024-04-16T09:47:41.117+0000] {local_task_job_runner.py:240} INFO - Task exited with return code 0
[2024-04-16T09:47:41.130+0000] {taskinstance.py:3482} INFO - 0 downstream tasks scheduled from follow-on schedule check
[2024-04-16T09:47:41.132+0000] {local_task_job_runner.py:222} INFO - ::endgroup::
