[2024-04-16T09:41:37.054+0000] {local_task_job_runner.py:120} INFO - ::group::Pre task execution logs
[2024-04-16T09:41:37.071+0000] {taskinstance.py:2073} INFO - Dependencies all met for dep_context=non-requeueable deps ti=<TaskInstance: spotify_final_dag.hello2 scheduled__2024-04-16T05:52:00+00:00 [queued]>
[2024-04-16T09:41:37.079+0000] {taskinstance.py:2073} INFO - Dependencies all met for dep_context=requeueable deps ti=<TaskInstance: spotify_final_dag.hello2 scheduled__2024-04-16T05:52:00+00:00 [queued]>
[2024-04-16T09:41:37.079+0000] {taskinstance.py:2303} INFO - Starting attempt 1 of 2
[2024-04-16T09:41:37.090+0000] {taskinstance.py:2327} INFO - Executing <Task(PythonOperator): hello2> on 2024-04-16 05:52:00+00:00
[2024-04-16T09:41:37.098+0000] {warnings.py:110} WARNING - /home/***/.local/lib/python3.12/site-packages/***/task/task_runner/standard_task_runner.py:61: DeprecationWarning: This process (pid=3310) is multi-threaded, use of fork() may lead to deadlocks in the child.
  pid = os.fork()

[2024-04-16T09:41:37.100+0000] {standard_task_runner.py:63} INFO - Started process 3335 to run task
[2024-04-16T09:41:37.101+0000] {standard_task_runner.py:90} INFO - Running: ['***', 'tasks', 'run', 'spotify_final_dag', 'hello2', 'scheduled__2024-04-16T05:52:00+00:00', '--job-id', '826', '--raw', '--subdir', 'DAGS_FOLDER/dag.py', '--cfg-path', '/tmp/tmphp98tixn']
[2024-04-16T09:41:37.102+0000] {standard_task_runner.py:91} INFO - Job 826: Subtask hello2
[2024-04-16T09:41:37.138+0000] {task_command.py:426} INFO - Running <TaskInstance: spotify_final_dag.hello2 scheduled__2024-04-16T05:52:00+00:00 [running]> on host 52651c1f9987
[2024-04-16T09:41:37.212+0000] {taskinstance.py:2644} INFO - Exporting env vars: AIRFLOW_CTX_DAG_OWNER='***' AIRFLOW_CTX_DAG_ID='spotify_final_dag' AIRFLOW_CTX_TASK_ID='hello2' AIRFLOW_CTX_EXECUTION_DATE='2024-04-16T05:52:00+00:00' AIRFLOW_CTX_TRY_NUMBER='1' AIRFLOW_CTX_DAG_RUN_ID='scheduled__2024-04-16T05:52:00+00:00'
[2024-04-16T09:41:37.214+0000] {taskinstance.py:430} INFO - ::endgroup::
[2024-04-16T09:41:37.640+0000] {logging_mixin.py:188} INFO - Connection successful
[2024-04-16T09:41:38.040+0000] {logging_mixin.py:188} INFO - Connection successful
[2024-04-16T09:41:38.484+0000] {logging_mixin.py:188} INFO - Connection successful
[2024-04-16T09:41:38.487+0000] {logging_mixin.py:188} INFO - Null Not Found
[2024-04-16T09:41:38.488+0000] {logging_mixin.py:188} INFO - Null Not Found
[2024-04-16T09:41:38.497+0000] {logging_mixin.py:188} INFO - Null Not Found
[2024-04-16T09:41:38.497+0000] {logging_mixin.py:188} INFO - Null Not Found
[2024-04-16T09:41:38.498+0000] {logging_mixin.py:188} INFO - Null Not Found
[2024-04-16T09:41:38.499+0000] {logging_mixin.py:188} INFO - Null Not Found
[2024-04-16T09:41:38.500+0000] {python.py:237} INFO - Done. Returned value was: None
[2024-04-16T09:41:38.500+0000] {taskinstance.py:441} INFO - ::group::Post task execution logs
[2024-04-16T09:41:38.508+0000] {taskinstance.py:1205} INFO - Marking task as SUCCESS. dag_id=spotify_final_dag, task_id=hello2, execution_date=20240416T055200, start_date=20240416T094137, end_date=20240416T094138
[2024-04-16T09:41:38.557+0000] {local_task_job_runner.py:240} INFO - Task exited with return code 0
[2024-04-16T09:41:38.569+0000] {taskinstance.py:3482} INFO - 0 downstream tasks scheduled from follow-on schedule check
[2024-04-16T09:41:38.571+0000] {local_task_job_runner.py:222} INFO - ::endgroup::
[2024-04-16T09:48:38.579+0000] {local_task_job_runner.py:120} INFO - ::group::Pre task execution logs
[2024-04-16T09:48:38.606+0000] {taskinstance.py:2073} INFO - Dependencies all met for dep_context=non-requeueable deps ti=<TaskInstance: spotify_final_dag.hello2 scheduled__2024-04-16T05:52:00+00:00 [queued]>
[2024-04-16T09:48:38.618+0000] {taskinstance.py:2073} INFO - Dependencies all met for dep_context=requeueable deps ti=<TaskInstance: spotify_final_dag.hello2 scheduled__2024-04-16T05:52:00+00:00 [queued]>
[2024-04-16T09:48:38.619+0000] {taskinstance.py:2303} INFO - Starting attempt 1 of 2
[2024-04-16T09:48:38.637+0000] {taskinstance.py:2327} INFO - Executing <Task(PythonOperator): hello2> on 2024-04-16 05:52:00+00:00
[2024-04-16T09:48:38.649+0000] {warnings.py:110} WARNING - /home/***/.local/lib/python3.12/site-packages/***/task/task_runner/standard_task_runner.py:61: DeprecationWarning: This process (pid=4863) is multi-threaded, use of fork() may lead to deadlocks in the child.
  pid = os.fork()

[2024-04-16T09:48:38.652+0000] {standard_task_runner.py:63} INFO - Started process 4895 to run task
[2024-04-16T09:48:38.652+0000] {standard_task_runner.py:90} INFO - Running: ['***', 'tasks', 'run', 'spotify_final_dag', 'hello2', 'scheduled__2024-04-16T05:52:00+00:00', '--job-id', '1313', '--raw', '--subdir', 'DAGS_FOLDER/dag.py', '--cfg-path', '/tmp/tmpk5u1jc0t']
[2024-04-16T09:48:38.655+0000] {standard_task_runner.py:91} INFO - Job 1313: Subtask hello2
[2024-04-16T09:48:38.714+0000] {task_command.py:426} INFO - Running <TaskInstance: spotify_final_dag.hello2 scheduled__2024-04-16T05:52:00+00:00 [running]> on host 52651c1f9987
[2024-04-16T09:48:38.825+0000] {taskinstance.py:2644} INFO - Exporting env vars: AIRFLOW_CTX_DAG_OWNER='***' AIRFLOW_CTX_DAG_ID='spotify_final_dag' AIRFLOW_CTX_TASK_ID='hello2' AIRFLOW_CTX_EXECUTION_DATE='2024-04-16T05:52:00+00:00' AIRFLOW_CTX_TRY_NUMBER='1' AIRFLOW_CTX_DAG_RUN_ID='scheduled__2024-04-16T05:52:00+00:00'
[2024-04-16T09:48:38.826+0000] {taskinstance.py:430} INFO - ::endgroup::
[2024-04-16T09:48:39.270+0000] {logging_mixin.py:188} INFO - Connection successful
[2024-04-16T09:48:39.746+0000] {logging_mixin.py:188} INFO - Connection successful
[2024-04-16T09:48:40.161+0000] {logging_mixin.py:188} INFO - Connection successful
[2024-04-16T09:48:40.164+0000] {logging_mixin.py:188} INFO - Null Not Found
[2024-04-16T09:48:40.165+0000] {logging_mixin.py:188} INFO - Null Not Found
[2024-04-16T09:48:40.177+0000] {logging_mixin.py:188} INFO - Null Not Found
[2024-04-16T09:48:40.178+0000] {logging_mixin.py:188} INFO - Null Not Found
[2024-04-16T09:48:40.180+0000] {logging_mixin.py:188} INFO - Null Not Found
[2024-04-16T09:48:40.181+0000] {logging_mixin.py:188} INFO - Null Not Found
[2024-04-16T09:48:40.183+0000] {python.py:237} INFO - Done. Returned value was: None
[2024-04-16T09:48:40.184+0000] {taskinstance.py:441} INFO - ::group::Post task execution logs
[2024-04-16T09:48:40.193+0000] {taskinstance.py:1205} INFO - Marking task as SUCCESS. dag_id=spotify_final_dag, task_id=hello2, execution_date=20240416T055200, start_date=20240416T094838, end_date=20240416T094840
[2024-04-16T09:48:40.237+0000] {local_task_job_runner.py:240} INFO - Task exited with return code 0
[2024-04-16T09:48:40.250+0000] {taskinstance.py:3482} INFO - 0 downstream tasks scheduled from follow-on schedule check
[2024-04-16T09:48:40.252+0000] {local_task_job_runner.py:222} INFO - ::endgroup::
