[2024-04-17T07:30:19.265+0000] {local_task_job_runner.py:120} INFO - ::group::Pre task execution logs
[2024-04-17T07:30:19.289+0000] {taskinstance.py:2073} INFO - Dependencies all met for dep_context=non-requeueable deps ti=<TaskInstance: etl_for_spotify.hello2 scheduled__2024-04-16T03:30:00+00:00 [queued]>
[2024-04-17T07:30:19.297+0000] {taskinstance.py:2073} INFO - Dependencies all met for dep_context=requeueable deps ti=<TaskInstance: etl_for_spotify.hello2 scheduled__2024-04-16T03:30:00+00:00 [queued]>
[2024-04-17T07:30:19.298+0000] {taskinstance.py:2303} INFO - Starting attempt 1 of 2
[2024-04-17T07:30:19.312+0000] {taskinstance.py:2327} INFO - Executing <Task(PythonOperator): hello2> on 2024-04-16 03:30:00+00:00
[2024-04-17T07:30:19.320+0000] {warnings.py:110} WARNING - /home/***/.local/lib/python3.12/site-packages/***/task/task_runner/standard_task_runner.py:61: DeprecationWarning: This process (pid=6020) is multi-threaded, use of fork() may lead to deadlocks in the child.
  pid = os.fork()

[2024-04-17T07:30:19.321+0000] {standard_task_runner.py:90} INFO - Running: ['***', 'tasks', 'run', 'etl_for_spotify', 'hello2', 'scheduled__2024-04-16T03:30:00+00:00', '--job-id', '2987', '--raw', '--subdir', 'DAGS_FOLDER/dag.py', '--cfg-path', '/tmp/tmpduxuse5_']
[2024-04-17T07:30:19.322+0000] {standard_task_runner.py:63} INFO - Started process 6045 to run task
[2024-04-17T07:30:19.322+0000] {standard_task_runner.py:91} INFO - Job 2987: Subtask hello2
[2024-04-17T07:30:19.365+0000] {task_command.py:426} INFO - Running <TaskInstance: etl_for_spotify.hello2 scheduled__2024-04-16T03:30:00+00:00 [running]> on host 52651c1f9987
[2024-04-17T07:30:19.449+0000] {taskinstance.py:2644} INFO - Exporting env vars: AIRFLOW_CTX_DAG_OWNER='***' AIRFLOW_CTX_DAG_ID='etl_for_spotify' AIRFLOW_CTX_TASK_ID='hello2' AIRFLOW_CTX_EXECUTION_DATE='2024-04-16T03:30:00+00:00' AIRFLOW_CTX_TRY_NUMBER='1' AIRFLOW_CTX_DAG_RUN_ID='scheduled__2024-04-16T03:30:00+00:00'
[2024-04-17T07:30:19.451+0000] {taskinstance.py:430} INFO - ::endgroup::
[2024-04-17T07:30:19.936+0000] {logging_mixin.py:188} INFO - Connection successful
[2024-04-17T07:30:20.366+0000] {logging_mixin.py:188} INFO - Connection successful
[2024-04-17T07:30:20.797+0000] {logging_mixin.py:188} INFO - Connection successful
[2024-04-17T07:30:20.801+0000] {logging_mixin.py:188} INFO - Null Not Found
[2024-04-17T07:30:20.802+0000] {logging_mixin.py:188} INFO - Null Not Found
[2024-04-17T07:30:20.811+0000] {logging_mixin.py:188} INFO - Null Not Found
[2024-04-17T07:30:20.812+0000] {logging_mixin.py:188} INFO - Null Not Found
[2024-04-17T07:30:20.814+0000] {logging_mixin.py:188} INFO - Null Not Found
[2024-04-17T07:30:20.815+0000] {logging_mixin.py:188} INFO - Null Not Found
[2024-04-17T07:30:20.817+0000] {python.py:237} INFO - Done. Returned value was: None
[2024-04-17T07:30:20.817+0000] {taskinstance.py:441} INFO - ::group::Post task execution logs
[2024-04-17T07:30:20.824+0000] {taskinstance.py:1205} INFO - Marking task as SUCCESS. dag_id=etl_for_spotify, task_id=hello2, execution_date=20240416T033000, start_date=20240417T073019, end_date=20240417T073020
[2024-04-17T07:30:20.859+0000] {local_task_job_runner.py:240} INFO - Task exited with return code 0
[2024-04-17T07:30:20.872+0000] {taskinstance.py:3482} INFO - 0 downstream tasks scheduled from follow-on schedule check
[2024-04-17T07:30:20.874+0000] {local_task_job_runner.py:222} INFO - ::endgroup::
