[2024-04-16T09:49:50.863+0000] {local_task_job_runner.py:120} INFO - ::group::Pre task execution logs
[2024-04-16T09:49:50.881+0000] {taskinstance.py:2073} INFO - Dependencies all met for dep_context=non-requeueable deps ti=<TaskInstance: spotify_final_dag.hello2 scheduled__2024-04-16T09:38:00+00:00 [queued]>
[2024-04-16T09:49:50.887+0000] {taskinstance.py:2073} INFO - Dependencies all met for dep_context=requeueable deps ti=<TaskInstance: spotify_final_dag.hello2 scheduled__2024-04-16T09:38:00+00:00 [queued]>
[2024-04-16T09:49:50.888+0000] {taskinstance.py:2303} INFO - Starting attempt 1 of 2
[2024-04-16T09:49:50.898+0000] {taskinstance.py:2327} INFO - Executing <Task(PythonOperator): hello2> on 2024-04-16 09:38:00+00:00
[2024-04-16T09:49:50.904+0000] {warnings.py:110} WARNING - /home/***/.local/lib/python3.12/site-packages/***/task/task_runner/standard_task_runner.py:61: DeprecationWarning: This process (pid=5535) is multi-threaded, use of fork() may lead to deadlocks in the child.
  pid = os.fork()

[2024-04-16T09:49:50.905+0000] {standard_task_runner.py:63} INFO - Started process 5552 to run task
[2024-04-16T09:49:50.905+0000] {standard_task_runner.py:90} INFO - Running: ['***', 'tasks', 'run', 'spotify_final_dag', 'hello2', 'scheduled__2024-04-16T09:38:00+00:00', '--job-id', '1528', '--raw', '--subdir', 'DAGS_FOLDER/dag.py', '--cfg-path', '/tmp/tmpyunztni8']
[2024-04-16T09:49:50.906+0000] {standard_task_runner.py:91} INFO - Job 1528: Subtask hello2
[2024-04-16T09:49:50.943+0000] {task_command.py:426} INFO - Running <TaskInstance: spotify_final_dag.hello2 scheduled__2024-04-16T09:38:00+00:00 [running]> on host 52651c1f9987
[2024-04-16T09:49:51.016+0000] {taskinstance.py:2644} INFO - Exporting env vars: AIRFLOW_CTX_DAG_OWNER='***' AIRFLOW_CTX_DAG_ID='spotify_final_dag' AIRFLOW_CTX_TASK_ID='hello2' AIRFLOW_CTX_EXECUTION_DATE='2024-04-16T09:38:00+00:00' AIRFLOW_CTX_TRY_NUMBER='1' AIRFLOW_CTX_DAG_RUN_ID='scheduled__2024-04-16T09:38:00+00:00'
[2024-04-16T09:49:51.017+0000] {taskinstance.py:430} INFO - ::endgroup::
[2024-04-16T09:49:51.421+0000] {logging_mixin.py:188} INFO - Connection successful
[2024-04-16T09:49:51.840+0000] {logging_mixin.py:188} INFO - Connection successful
[2024-04-16T09:49:52.306+0000] {logging_mixin.py:188} INFO - Connection successful
[2024-04-16T09:49:52.309+0000] {logging_mixin.py:188} INFO - Null Not Found
[2024-04-16T09:49:52.310+0000] {logging_mixin.py:188} INFO - Null Not Found
[2024-04-16T09:49:52.319+0000] {logging_mixin.py:188} INFO - Null Not Found
[2024-04-16T09:49:52.320+0000] {logging_mixin.py:188} INFO - Null Not Found
[2024-04-16T09:49:52.321+0000] {logging_mixin.py:188} INFO - Null Not Found
[2024-04-16T09:49:52.321+0000] {logging_mixin.py:188} INFO - Null Not Found
[2024-04-16T09:49:52.322+0000] {python.py:237} INFO - Done. Returned value was: None
[2024-04-16T09:49:52.323+0000] {taskinstance.py:441} INFO - ::group::Post task execution logs
[2024-04-16T09:49:52.330+0000] {taskinstance.py:1205} INFO - Marking task as SUCCESS. dag_id=spotify_final_dag, task_id=hello2, execution_date=20240416T093800, start_date=20240416T094950, end_date=20240416T094952
[2024-04-16T09:49:52.362+0000] {local_task_job_runner.py:240} INFO - Task exited with return code 0
[2024-04-16T09:49:52.378+0000] {taskinstance.py:3482} INFO - 0 downstream tasks scheduled from follow-on schedule check
[2024-04-16T09:49:52.380+0000] {local_task_job_runner.py:222} INFO - ::endgroup::
