[2024-04-16T10:18:03.513+0000] {local_task_job_runner.py:120} INFO - ::group::Pre task execution logs
[2024-04-16T10:18:03.529+0000] {taskinstance.py:2073} INFO - Dependencies all met for dep_context=non-requeueable deps ti=<TaskInstance: spotify_final_dag.hello2 scheduled__2024-04-16T10:16:00+00:00 [queued]>
[2024-04-16T10:18:03.535+0000] {taskinstance.py:2073} INFO - Dependencies all met for dep_context=requeueable deps ti=<TaskInstance: spotify_final_dag.hello2 scheduled__2024-04-16T10:16:00+00:00 [queued]>
[2024-04-16T10:18:03.536+0000] {taskinstance.py:2303} INFO - Starting attempt 1 of 2
[2024-04-16T10:18:03.546+0000] {taskinstance.py:2327} INFO - Executing <Task(PythonOperator): hello2> on 2024-04-16 10:16:00+00:00
[2024-04-16T10:18:03.551+0000] {warnings.py:110} WARNING - /home/***/.local/lib/python3.12/site-packages/***/task/task_runner/standard_task_runner.py:61: DeprecationWarning: This process (pid=6017) is multi-threaded, use of fork() may lead to deadlocks in the child.
  pid = os.fork()

[2024-04-16T10:18:03.552+0000] {standard_task_runner.py:63} INFO - Started process 6019 to run task
[2024-04-16T10:18:03.553+0000] {standard_task_runner.py:90} INFO - Running: ['***', 'tasks', 'run', 'spotify_final_dag', 'hello2', 'scheduled__2024-04-16T10:16:00+00:00', '--job-id', '1562', '--raw', '--subdir', 'DAGS_FOLDER/dag.py', '--cfg-path', '/tmp/tmpc2zsk4zw']
[2024-04-16T10:18:03.554+0000] {standard_task_runner.py:91} INFO - Job 1562: Subtask hello2
[2024-04-16T10:18:03.591+0000] {task_command.py:426} INFO - Running <TaskInstance: spotify_final_dag.hello2 scheduled__2024-04-16T10:16:00+00:00 [running]> on host 52651c1f9987
[2024-04-16T10:18:03.660+0000] {taskinstance.py:2644} INFO - Exporting env vars: AIRFLOW_CTX_DAG_OWNER='***' AIRFLOW_CTX_DAG_ID='spotify_final_dag' AIRFLOW_CTX_TASK_ID='hello2' AIRFLOW_CTX_EXECUTION_DATE='2024-04-16T10:16:00+00:00' AIRFLOW_CTX_TRY_NUMBER='1' AIRFLOW_CTX_DAG_RUN_ID='scheduled__2024-04-16T10:16:00+00:00'
[2024-04-16T10:18:03.661+0000] {taskinstance.py:430} INFO - ::endgroup::
[2024-04-16T10:18:04.105+0000] {logging_mixin.py:188} INFO - Connection successful
[2024-04-16T10:18:04.508+0000] {logging_mixin.py:188} INFO - Connection successful
[2024-04-16T10:18:05.119+0000] {logging_mixin.py:188} INFO - Connection successful
[2024-04-16T10:18:05.122+0000] {logging_mixin.py:188} INFO - Null Not Found
[2024-04-16T10:18:05.123+0000] {logging_mixin.py:188} INFO - Null Not Found
[2024-04-16T10:18:05.130+0000] {logging_mixin.py:188} INFO - Null Not Found
[2024-04-16T10:18:05.131+0000] {logging_mixin.py:188} INFO - Null Not Found
[2024-04-16T10:18:05.132+0000] {logging_mixin.py:188} INFO - Null Not Found
[2024-04-16T10:18:05.132+0000] {logging_mixin.py:188} INFO - Null Not Found
[2024-04-16T10:18:05.133+0000] {python.py:237} INFO - Done. Returned value was: None
[2024-04-16T10:18:05.134+0000] {taskinstance.py:441} INFO - ::group::Post task execution logs
[2024-04-17T05:20:39.322+0000] {local_task_job_runner.py:120} INFO - ::group::Pre task execution logs
[2024-04-17T05:20:39.346+0000] {taskinstance.py:2063} INFO - Dependencies not met for <TaskInstance: spotify_final_dag.hello2 scheduled__2024-04-16T10:16:00+00:00 [running]>, dependency 'Task Instance State' FAILED: Task is in the 'running' state.
[2024-04-17T05:20:39.347+0000] {taskinstance.py:2063} INFO - Dependencies not met for <TaskInstance: spotify_final_dag.hello2 scheduled__2024-04-16T10:16:00+00:00 [running]>, dependency 'Task Instance Not Running' FAILED: Task is in the running state
[2024-04-17T05:20:39.349+0000] {local_task_job_runner.py:163} INFO - Task is not able to be run
