[2024-04-16T09:52:03.352+0000] {local_task_job_runner.py:120} INFO - ::group::Pre task execution logs
[2024-04-16T09:52:03.366+0000] {taskinstance.py:2073} INFO - Dependencies all met for dep_context=non-requeueable deps ti=<TaskInstance: spotify_final_dag.hello2 scheduled__2024-04-16T09:50:00+00:00 [queued]>
[2024-04-16T09:52:03.371+0000] {taskinstance.py:2073} INFO - Dependencies all met for dep_context=requeueable deps ti=<TaskInstance: spotify_final_dag.hello2 scheduled__2024-04-16T09:50:00+00:00 [queued]>
[2024-04-16T09:52:03.371+0000] {taskinstance.py:2303} INFO - Starting attempt 1 of 2
[2024-04-16T09:52:03.380+0000] {taskinstance.py:2327} INFO - Executing <Task(PythonOperator): hello2> on 2024-04-16 09:50:00+00:00
[2024-04-16T09:52:03.386+0000] {warnings.py:110} WARNING - /home/***/.local/lib/python3.12/site-packages/***/task/task_runner/standard_task_runner.py:61: DeprecationWarning: This process (pid=5594) is multi-threaded, use of fork() may lead to deadlocks in the child.
  pid = os.fork()

[2024-04-16T09:52:03.388+0000] {standard_task_runner.py:63} INFO - Started process 5596 to run task
[2024-04-16T09:52:03.388+0000] {standard_task_runner.py:90} INFO - Running: ['***', 'tasks', 'run', 'spotify_final_dag', 'hello2', 'scheduled__2024-04-16T09:50:00+00:00', '--job-id', '1536', '--raw', '--subdir', 'DAGS_FOLDER/dag.py', '--cfg-path', '/tmp/tmpq255ence']
[2024-04-16T09:52:03.389+0000] {standard_task_runner.py:91} INFO - Job 1536: Subtask hello2
[2024-04-16T09:52:03.421+0000] {task_command.py:426} INFO - Running <TaskInstance: spotify_final_dag.hello2 scheduled__2024-04-16T09:50:00+00:00 [running]> on host 52651c1f9987
[2024-04-16T09:52:03.481+0000] {taskinstance.py:2644} INFO - Exporting env vars: AIRFLOW_CTX_DAG_OWNER='***' AIRFLOW_CTX_DAG_ID='spotify_final_dag' AIRFLOW_CTX_TASK_ID='hello2' AIRFLOW_CTX_EXECUTION_DATE='2024-04-16T09:50:00+00:00' AIRFLOW_CTX_TRY_NUMBER='1' AIRFLOW_CTX_DAG_RUN_ID='scheduled__2024-04-16T09:50:00+00:00'
[2024-04-16T09:52:03.482+0000] {taskinstance.py:430} INFO - ::endgroup::
[2024-04-16T09:52:03.887+0000] {logging_mixin.py:188} INFO - Connection successful
[2024-04-16T09:52:04.276+0000] {logging_mixin.py:188} INFO - Connection successful
[2024-04-16T09:52:04.677+0000] {logging_mixin.py:188} INFO - Connection successful
[2024-04-16T09:52:04.680+0000] {logging_mixin.py:188} INFO - Null Not Found
[2024-04-16T09:52:04.681+0000] {logging_mixin.py:188} INFO - Null Not Found
[2024-04-16T09:52:04.689+0000] {logging_mixin.py:188} INFO - Null Not Found
[2024-04-16T09:52:04.690+0000] {logging_mixin.py:188} INFO - Null Not Found
[2024-04-16T09:52:04.691+0000] {logging_mixin.py:188} INFO - Null Not Found
[2024-04-16T09:52:04.691+0000] {logging_mixin.py:188} INFO - Null Not Found
[2024-04-16T09:52:04.692+0000] {python.py:237} INFO - Done. Returned value was: None
[2024-04-16T09:52:04.693+0000] {taskinstance.py:441} INFO - ::group::Post task execution logs
[2024-04-16T09:52:04.699+0000] {taskinstance.py:1205} INFO - Marking task as SUCCESS. dag_id=spotify_final_dag, task_id=hello2, execution_date=20240416T095000, start_date=20240416T095203, end_date=20240416T095204
[2024-04-16T09:52:04.728+0000] {local_task_job_runner.py:240} INFO - Task exited with return code 0
[2024-04-16T09:52:04.739+0000] {taskinstance.py:3482} INFO - 0 downstream tasks scheduled from follow-on schedule check
[2024-04-16T09:52:04.741+0000] {local_task_job_runner.py:222} INFO - ::endgroup::
