[2024-04-16T09:39:14.713+0000] {local_task_job_runner.py:120} INFO - ::group::Pre task execution logs
[2024-04-16T09:39:14.729+0000] {taskinstance.py:2073} INFO - Dependencies all met for dep_context=non-requeueable deps ti=<TaskInstance: spotify_final_dag.hello2 scheduled__2024-04-16T02:16:00+00:00 [queued]>
[2024-04-16T09:39:14.737+0000] {taskinstance.py:2073} INFO - Dependencies all met for dep_context=requeueable deps ti=<TaskInstance: spotify_final_dag.hello2 scheduled__2024-04-16T02:16:00+00:00 [queued]>
[2024-04-16T09:39:14.737+0000] {taskinstance.py:2303} INFO - Starting attempt 1 of 2
[2024-04-16T09:39:14.748+0000] {taskinstance.py:2327} INFO - Executing <Task(PythonOperator): hello2> on 2024-04-16 02:16:00+00:00
[2024-04-16T09:39:14.756+0000] {warnings.py:110} WARNING - /home/***/.local/lib/python3.12/site-packages/***/task/task_runner/standard_task_runner.py:61: DeprecationWarning: This process (pid=1980) is multi-threaded, use of fork() may lead to deadlocks in the child.
  pid = os.fork()

[2024-04-16T09:39:14.758+0000] {standard_task_runner.py:90} INFO - Running: ['***', 'tasks', 'run', 'spotify_final_dag', 'hello2', 'scheduled__2024-04-16T02:16:00+00:00', '--job-id', '389', '--raw', '--subdir', 'DAGS_FOLDER/dag.py', '--cfg-path', '/tmp/tmp5pbir8us']
[2024-04-16T09:39:14.759+0000] {standard_task_runner.py:63} INFO - Started process 1989 to run task
[2024-04-16T09:39:14.759+0000] {standard_task_runner.py:91} INFO - Job 389: Subtask hello2
[2024-04-16T09:39:14.795+0000] {task_command.py:426} INFO - Running <TaskInstance: spotify_final_dag.hello2 scheduled__2024-04-16T02:16:00+00:00 [running]> on host 52651c1f9987
[2024-04-16T09:39:14.864+0000] {taskinstance.py:2644} INFO - Exporting env vars: AIRFLOW_CTX_DAG_OWNER='***' AIRFLOW_CTX_DAG_ID='spotify_final_dag' AIRFLOW_CTX_TASK_ID='hello2' AIRFLOW_CTX_EXECUTION_DATE='2024-04-16T02:16:00+00:00' AIRFLOW_CTX_TRY_NUMBER='1' AIRFLOW_CTX_DAG_RUN_ID='scheduled__2024-04-16T02:16:00+00:00'
[2024-04-16T09:39:14.865+0000] {taskinstance.py:430} INFO - ::endgroup::
[2024-04-16T09:39:15.291+0000] {logging_mixin.py:188} INFO - Connection successful
[2024-04-16T09:39:15.704+0000] {logging_mixin.py:188} INFO - Connection successful
[2024-04-16T09:39:16.253+0000] {logging_mixin.py:188} INFO - Connection successful
[2024-04-16T09:39:16.257+0000] {logging_mixin.py:188} INFO - Null Not Found
[2024-04-16T09:39:16.258+0000] {logging_mixin.py:188} INFO - Null Not Found
[2024-04-16T09:39:16.265+0000] {logging_mixin.py:188} INFO - Null Not Found
[2024-04-16T09:39:16.266+0000] {logging_mixin.py:188} INFO - Null Not Found
[2024-04-16T09:39:16.267+0000] {logging_mixin.py:188} INFO - Null Not Found
[2024-04-16T09:39:16.267+0000] {logging_mixin.py:188} INFO - Null Not Found
[2024-04-16T09:39:16.268+0000] {python.py:237} INFO - Done. Returned value was: None
[2024-04-16T09:39:16.269+0000] {taskinstance.py:441} INFO - ::group::Post task execution logs
[2024-04-16T09:39:16.276+0000] {taskinstance.py:1205} INFO - Marking task as SUCCESS. dag_id=spotify_final_dag, task_id=hello2, execution_date=20240416T021600, start_date=20240416T093914, end_date=20240416T093916
[2024-04-16T09:39:16.300+0000] {local_task_job_runner.py:240} INFO - Task exited with return code 0
[2024-04-16T09:39:16.312+0000] {taskinstance.py:3482} INFO - 0 downstream tasks scheduled from follow-on schedule check
[2024-04-16T09:39:16.314+0000] {local_task_job_runner.py:222} INFO - ::endgroup::
[2024-04-16T09:47:28.147+0000] {local_task_job_runner.py:120} INFO - ::group::Pre task execution logs
[2024-04-16T09:47:28.176+0000] {taskinstance.py:2073} INFO - Dependencies all met for dep_context=non-requeueable deps ti=<TaskInstance: spotify_final_dag.hello2 scheduled__2024-04-16T02:16:00+00:00 [queued]>
[2024-04-16T09:47:28.188+0000] {taskinstance.py:2073} INFO - Dependencies all met for dep_context=requeueable deps ti=<TaskInstance: spotify_final_dag.hello2 scheduled__2024-04-16T02:16:00+00:00 [queued]>
[2024-04-16T09:47:28.189+0000] {taskinstance.py:2303} INFO - Starting attempt 1 of 2
[2024-04-16T09:47:28.207+0000] {taskinstance.py:2327} INFO - Executing <Task(PythonOperator): hello2> on 2024-04-16 02:16:00+00:00
[2024-04-16T09:47:28.220+0000] {warnings.py:110} WARNING - /home/***/.local/lib/python3.12/site-packages/***/task/task_runner/standard_task_runner.py:61: DeprecationWarning: This process (pid=4188) is multi-threaded, use of fork() may lead to deadlocks in the child.
  pid = os.fork()

[2024-04-16T09:47:28.221+0000] {standard_task_runner.py:63} INFO - Started process 4215 to run task
[2024-04-16T09:47:28.222+0000] {standard_task_runner.py:90} INFO - Running: ['***', 'tasks', 'run', 'spotify_final_dag', 'hello2', 'scheduled__2024-04-16T02:16:00+00:00', '--job-id', '1090', '--raw', '--subdir', 'DAGS_FOLDER/dag.py', '--cfg-path', '/tmp/tmp9lmbl4fn']
[2024-04-16T09:47:28.225+0000] {standard_task_runner.py:91} INFO - Job 1090: Subtask hello2
[2024-04-16T09:47:28.283+0000] {task_command.py:426} INFO - Running <TaskInstance: spotify_final_dag.hello2 scheduled__2024-04-16T02:16:00+00:00 [running]> on host 52651c1f9987
[2024-04-16T09:47:28.401+0000] {taskinstance.py:2644} INFO - Exporting env vars: AIRFLOW_CTX_DAG_OWNER='***' AIRFLOW_CTX_DAG_ID='spotify_final_dag' AIRFLOW_CTX_TASK_ID='hello2' AIRFLOW_CTX_EXECUTION_DATE='2024-04-16T02:16:00+00:00' AIRFLOW_CTX_TRY_NUMBER='1' AIRFLOW_CTX_DAG_RUN_ID='scheduled__2024-04-16T02:16:00+00:00'
[2024-04-16T09:47:28.403+0000] {taskinstance.py:430} INFO - ::endgroup::
[2024-04-16T09:47:28.862+0000] {logging_mixin.py:188} INFO - Connection successful
[2024-04-16T09:47:29.365+0000] {logging_mixin.py:188} INFO - Connection successful
[2024-04-16T09:47:29.787+0000] {logging_mixin.py:188} INFO - Connection successful
[2024-04-16T09:47:29.790+0000] {logging_mixin.py:188} INFO - Null Not Found
[2024-04-16T09:47:29.791+0000] {logging_mixin.py:188} INFO - Null Not Found
[2024-04-16T09:47:29.799+0000] {logging_mixin.py:188} INFO - Null Not Found
[2024-04-16T09:47:29.800+0000] {logging_mixin.py:188} INFO - Null Not Found
[2024-04-16T09:47:29.802+0000] {logging_mixin.py:188} INFO - Null Not Found
[2024-04-16T09:47:29.802+0000] {logging_mixin.py:188} INFO - Null Not Found
[2024-04-16T09:47:29.804+0000] {python.py:237} INFO - Done. Returned value was: None
[2024-04-16T09:47:29.804+0000] {taskinstance.py:441} INFO - ::group::Post task execution logs
[2024-04-16T09:47:29.813+0000] {taskinstance.py:1205} INFO - Marking task as SUCCESS. dag_id=spotify_final_dag, task_id=hello2, execution_date=20240416T021600, start_date=20240416T094728, end_date=20240416T094729
[2024-04-16T09:47:29.843+0000] {local_task_job_runner.py:240} INFO - Task exited with return code 0
[2024-04-16T09:47:29.859+0000] {taskinstance.py:3482} INFO - 0 downstream tasks scheduled from follow-on schedule check
[2024-04-16T09:47:29.861+0000] {local_task_job_runner.py:222} INFO - ::endgroup::
