[2024-04-17T07:29:13.956+0000] {local_task_job_runner.py:120} INFO - ::group::Pre task execution logs
[2024-04-17T07:29:13.977+0000] {taskinstance.py:2073} INFO - Dependencies all met for dep_context=non-requeueable deps ti=<TaskInstance: etl_for_spotify.hello2 scheduled__2024-04-16T00:08:00+00:00 [queued]>
[2024-04-17T07:29:13.986+0000] {taskinstance.py:2073} INFO - Dependencies all met for dep_context=requeueable deps ti=<TaskInstance: etl_for_spotify.hello2 scheduled__2024-04-16T00:08:00+00:00 [queued]>
[2024-04-17T07:29:13.986+0000] {taskinstance.py:2303} INFO - Starting attempt 2 of 2
[2024-04-17T07:29:13.999+0000] {taskinstance.py:2327} INFO - Executing <Task(PythonOperator): hello2> on 2024-04-16 00:08:00+00:00
[2024-04-17T07:29:14.008+0000] {warnings.py:110} WARNING - /home/***/.local/lib/python3.12/site-packages/***/task/task_runner/standard_task_runner.py:61: DeprecationWarning: This process (pid=5420) is multi-threaded, use of fork() may lead to deadlocks in the child.
  pid = os.fork()

[2024-04-17T07:29:14.010+0000] {standard_task_runner.py:63} INFO - Started process 5442 to run task
[2024-04-17T07:29:14.010+0000] {standard_task_runner.py:90} INFO - Running: ['***', 'tasks', 'run', 'etl_for_spotify', 'hello2', 'scheduled__2024-04-16T00:08:00+00:00', '--job-id', '2788', '--raw', '--subdir', 'DAGS_FOLDER/dag.py', '--cfg-path', '/tmp/tmp3au5ynzw']
[2024-04-17T07:29:14.011+0000] {standard_task_runner.py:91} INFO - Job 2788: Subtask hello2
[2024-04-17T07:29:14.055+0000] {task_command.py:426} INFO - Running <TaskInstance: etl_for_spotify.hello2 scheduled__2024-04-16T00:08:00+00:00 [running]> on host 52651c1f9987
[2024-04-17T07:29:14.134+0000] {taskinstance.py:2644} INFO - Exporting env vars: AIRFLOW_CTX_DAG_OWNER='***' AIRFLOW_CTX_DAG_ID='etl_for_spotify' AIRFLOW_CTX_TASK_ID='hello2' AIRFLOW_CTX_EXECUTION_DATE='2024-04-16T00:08:00+00:00' AIRFLOW_CTX_TRY_NUMBER='2' AIRFLOW_CTX_DAG_RUN_ID='scheduled__2024-04-16T00:08:00+00:00'
[2024-04-17T07:29:14.135+0000] {taskinstance.py:430} INFO - ::endgroup::
[2024-04-17T07:29:14.540+0000] {logging_mixin.py:188} INFO - Connection successful
[2024-04-17T07:29:15.047+0000] {logging_mixin.py:188} INFO - Connection successful
[2024-04-17T07:29:15.484+0000] {logging_mixin.py:188} INFO - Connection successful
[2024-04-17T07:29:15.491+0000] {logging_mixin.py:188} INFO - Null Not Found
[2024-04-17T07:29:15.493+0000] {logging_mixin.py:188} INFO - Null Not Found
[2024-04-17T07:29:15.506+0000] {logging_mixin.py:188} INFO - Null Not Found
[2024-04-17T07:29:15.507+0000] {logging_mixin.py:188} INFO - Null Not Found
[2024-04-17T07:29:15.509+0000] {logging_mixin.py:188} INFO - Null Not Found
[2024-04-17T07:29:15.511+0000] {logging_mixin.py:188} INFO - Null Not Found
[2024-04-17T07:29:15.513+0000] {python.py:237} INFO - Done. Returned value was: None
[2024-04-17T07:29:15.514+0000] {taskinstance.py:441} INFO - ::group::Post task execution logs
[2024-04-17T07:29:15.523+0000] {taskinstance.py:1205} INFO - Marking task as SUCCESS. dag_id=etl_for_spotify, task_id=hello2, execution_date=20240416T000800, start_date=20240417T072913, end_date=20240417T072915
[2024-04-17T07:29:15.629+0000] {local_task_job_runner.py:240} INFO - Task exited with return code 0
[2024-04-17T07:29:15.647+0000] {taskinstance.py:3482} INFO - 0 downstream tasks scheduled from follow-on schedule check
[2024-04-17T07:29:15.650+0000] {local_task_job_runner.py:222} INFO - ::endgroup::
