[2024-04-17T07:36:11.548+0000] {local_task_job_runner.py:120} INFO - ::group::Pre task execution logs
[2024-04-17T07:36:11.577+0000] {taskinstance.py:2073} INFO - Dependencies all met for dep_context=non-requeueable deps ti=<TaskInstance: etl_for_spotify.processes scheduled__2024-04-16T20:30:00+00:00 [queued]>
[2024-04-17T07:36:11.588+0000] {taskinstance.py:2073} INFO - Dependencies all met for dep_context=requeueable deps ti=<TaskInstance: etl_for_spotify.processes scheduled__2024-04-16T20:30:00+00:00 [queued]>
[2024-04-17T07:36:11.589+0000] {taskinstance.py:2303} INFO - Starting attempt 1 of 2
[2024-04-17T07:36:11.691+0000] {taskinstance.py:2327} INFO - Executing <Task(PythonOperator): processes> on 2024-04-16 20:30:00+00:00
[2024-04-17T07:36:11.702+0000] {warnings.py:110} WARNING - /home/***/.local/lib/python3.12/site-packages/***/task/task_runner/standard_task_runner.py:61: DeprecationWarning: This process (pid=9255) is multi-threaded, use of fork() may lead to deadlocks in the child.
  pid = os.fork()

[2024-04-17T07:36:11.704+0000] {standard_task_runner.py:63} INFO - Started process 9283 to run task
[2024-04-17T07:36:11.705+0000] {standard_task_runner.py:90} INFO - Running: ['***', 'tasks', 'run', 'etl_for_spotify', 'processes', 'scheduled__2024-04-16T20:30:00+00:00', '--job-id', '4029', '--raw', '--subdir', 'DAGS_FOLDER/dag.py', '--cfg-path', '/tmp/tmpc0t8_9q_']
[2024-04-17T07:36:11.706+0000] {standard_task_runner.py:91} INFO - Job 4029: Subtask processes
[2024-04-17T07:36:11.758+0000] {task_command.py:426} INFO - Running <TaskInstance: etl_for_spotify.processes scheduled__2024-04-16T20:30:00+00:00 [running]> on host 52651c1f9987
[2024-04-17T07:36:11.873+0000] {taskinstance.py:2644} INFO - Exporting env vars: AIRFLOW_CTX_DAG_OWNER='***' AIRFLOW_CTX_DAG_ID='etl_for_spotify' AIRFLOW_CTX_TASK_ID='processes' AIRFLOW_CTX_EXECUTION_DATE='2024-04-16T20:30:00+00:00' AIRFLOW_CTX_TRY_NUMBER='1' AIRFLOW_CTX_DAG_RUN_ID='scheduled__2024-04-16T20:30:00+00:00'
[2024-04-17T07:36:11.875+0000] {taskinstance.py:430} INFO - ::endgroup::
[2024-04-17T07:36:12.408+0000] {logging_mixin.py:188} INFO - Connection successful
[2024-04-17T07:36:12.815+0000] {logging_mixin.py:188} INFO - Connection successful
[2024-04-17T07:36:13.263+0000] {logging_mixin.py:188} INFO - Connection successful
[2024-04-17T07:36:13.267+0000] {logging_mixin.py:188} INFO - Null Not Found
[2024-04-17T07:36:13.268+0000] {logging_mixin.py:188} INFO - Null Not Found
[2024-04-17T07:36:13.276+0000] {logging_mixin.py:188} INFO - Null Not Found
[2024-04-17T07:36:13.277+0000] {logging_mixin.py:188} INFO - Null Not Found
[2024-04-17T07:36:13.278+0000] {logging_mixin.py:188} INFO - Null Not Found
[2024-04-17T07:36:13.279+0000] {logging_mixin.py:188} INFO - Null Not Found
[2024-04-17T07:36:13.280+0000] {python.py:237} INFO - Done. Returned value was: None
[2024-04-17T07:36:13.281+0000] {taskinstance.py:441} INFO - ::group::Post task execution logs
[2024-04-17T07:36:13.288+0000] {taskinstance.py:1205} INFO - Marking task as SUCCESS. dag_id=etl_for_spotify, task_id=processes, execution_date=20240416T203000, start_date=20240417T073611, end_date=20240417T073613
[2024-04-17T07:36:13.325+0000] {local_task_job_runner.py:240} INFO - Task exited with return code 0
[2024-04-17T07:36:13.336+0000] {taskinstance.py:3482} INFO - 0 downstream tasks scheduled from follow-on schedule check
[2024-04-17T07:36:13.338+0000] {local_task_job_runner.py:222} INFO - ::endgroup::
