[2024-04-16T09:41:15.532+0000] {local_task_job_runner.py:120} INFO - ::group::Pre task execution logs
[2024-04-16T09:41:15.561+0000] {taskinstance.py:2073} INFO - Dependencies all met for dep_context=non-requeueable deps ti=<TaskInstance: spotify_final_dag.hello2 scheduled__2024-04-16T05:12:00+00:00 [queued]>
[2024-04-16T09:41:15.574+0000] {taskinstance.py:2073} INFO - Dependencies all met for dep_context=requeueable deps ti=<TaskInstance: spotify_final_dag.hello2 scheduled__2024-04-16T05:12:00+00:00 [queued]>
[2024-04-16T09:41:15.575+0000] {taskinstance.py:2303} INFO - Starting attempt 1 of 2
[2024-04-16T09:41:15.595+0000] {taskinstance.py:2327} INFO - Executing <Task(PythonOperator): hello2> on 2024-04-16 05:12:00+00:00
[2024-04-16T09:41:15.607+0000] {warnings.py:110} WARNING - /home/***/.local/lib/python3.12/site-packages/***/task/task_runner/standard_task_runner.py:61: DeprecationWarning: This process (pid=3095) is multi-threaded, use of fork() may lead to deadlocks in the child.
  pid = os.fork()

[2024-04-16T09:41:15.609+0000] {standard_task_runner.py:63} INFO - Started process 3123 to run task
[2024-04-16T09:41:15.609+0000] {standard_task_runner.py:90} INFO - Running: ['***', 'tasks', 'run', 'spotify_final_dag', 'hello2', 'scheduled__2024-04-16T05:12:00+00:00', '--job-id', '753', '--raw', '--subdir', 'DAGS_FOLDER/dag.py', '--cfg-path', '/tmp/tmpgo9wci4k']
[2024-04-16T09:41:15.610+0000] {standard_task_runner.py:91} INFO - Job 753: Subtask hello2
[2024-04-16T09:41:15.674+0000] {task_command.py:426} INFO - Running <TaskInstance: spotify_final_dag.hello2 scheduled__2024-04-16T05:12:00+00:00 [running]> on host 52651c1f9987
[2024-04-16T09:41:15.832+0000] {taskinstance.py:2644} INFO - Exporting env vars: AIRFLOW_CTX_DAG_OWNER='***' AIRFLOW_CTX_DAG_ID='spotify_final_dag' AIRFLOW_CTX_TASK_ID='hello2' AIRFLOW_CTX_EXECUTION_DATE='2024-04-16T05:12:00+00:00' AIRFLOW_CTX_TRY_NUMBER='1' AIRFLOW_CTX_DAG_RUN_ID='scheduled__2024-04-16T05:12:00+00:00'
[2024-04-16T09:41:15.837+0000] {taskinstance.py:430} INFO - ::endgroup::
[2024-04-16T09:41:16.357+0000] {logging_mixin.py:188} INFO - Connection successful
[2024-04-16T09:41:16.786+0000] {logging_mixin.py:188} INFO - Connection successful
[2024-04-16T09:41:17.273+0000] {logging_mixin.py:188} INFO - Connection successful
[2024-04-16T09:41:17.278+0000] {logging_mixin.py:188} INFO - Null Not Found
[2024-04-16T09:41:17.279+0000] {logging_mixin.py:188} INFO - Null Not Found
[2024-04-16T09:41:17.291+0000] {logging_mixin.py:188} INFO - Null Not Found
[2024-04-16T09:41:17.292+0000] {logging_mixin.py:188} INFO - Null Not Found
[2024-04-16T09:41:17.294+0000] {logging_mixin.py:188} INFO - Null Not Found
[2024-04-16T09:41:17.294+0000] {logging_mixin.py:188} INFO - Null Not Found
[2024-04-16T09:41:17.295+0000] {python.py:237} INFO - Done. Returned value was: None
[2024-04-16T09:41:17.296+0000] {taskinstance.py:441} INFO - ::group::Post task execution logs
[2024-04-16T09:41:17.307+0000] {taskinstance.py:1205} INFO - Marking task as SUCCESS. dag_id=spotify_final_dag, task_id=hello2, execution_date=20240416T051200, start_date=20240416T094115, end_date=20240416T094117
[2024-04-16T09:41:17.361+0000] {local_task_job_runner.py:240} INFO - Task exited with return code 0
[2024-04-16T09:41:17.375+0000] {taskinstance.py:3482} INFO - 0 downstream tasks scheduled from follow-on schedule check
[2024-04-16T09:41:17.377+0000] {local_task_job_runner.py:222} INFO - ::endgroup::
[2024-04-16T09:48:20.471+0000] {local_task_job_runner.py:120} INFO - ::group::Pre task execution logs
[2024-04-16T09:48:20.490+0000] {taskinstance.py:2073} INFO - Dependencies all met for dep_context=non-requeueable deps ti=<TaskInstance: spotify_final_dag.hello2 scheduled__2024-04-16T05:12:00+00:00 [queued]>
[2024-04-16T09:48:20.498+0000] {taskinstance.py:2073} INFO - Dependencies all met for dep_context=requeueable deps ti=<TaskInstance: spotify_final_dag.hello2 scheduled__2024-04-16T05:12:00+00:00 [queued]>
[2024-04-16T09:48:20.498+0000] {taskinstance.py:2303} INFO - Starting attempt 1 of 2
[2024-04-16T09:48:20.510+0000] {taskinstance.py:2327} INFO - Executing <Task(PythonOperator): hello2> on 2024-04-16 05:12:00+00:00
[2024-04-16T09:48:20.518+0000] {warnings.py:110} WARNING - /home/***/.local/lib/python3.12/site-packages/***/task/task_runner/standard_task_runner.py:61: DeprecationWarning: This process (pid=4711) is multi-threaded, use of fork() may lead to deadlocks in the child.
  pid = os.fork()

[2024-04-16T09:48:20.520+0000] {standard_task_runner.py:63} INFO - Started process 4728 to run task
[2024-04-16T09:48:20.520+0000] {standard_task_runner.py:90} INFO - Running: ['***', 'tasks', 'run', 'spotify_final_dag', 'hello2', 'scheduled__2024-04-16T05:12:00+00:00', '--job-id', '1261', '--raw', '--subdir', 'DAGS_FOLDER/dag.py', '--cfg-path', '/tmp/tmp5b6__496']
[2024-04-16T09:48:20.521+0000] {standard_task_runner.py:91} INFO - Job 1261: Subtask hello2
[2024-04-16T09:48:20.558+0000] {task_command.py:426} INFO - Running <TaskInstance: spotify_final_dag.hello2 scheduled__2024-04-16T05:12:00+00:00 [running]> on host 52651c1f9987
[2024-04-16T09:48:20.635+0000] {taskinstance.py:2644} INFO - Exporting env vars: AIRFLOW_CTX_DAG_OWNER='***' AIRFLOW_CTX_DAG_ID='spotify_final_dag' AIRFLOW_CTX_TASK_ID='hello2' AIRFLOW_CTX_EXECUTION_DATE='2024-04-16T05:12:00+00:00' AIRFLOW_CTX_TRY_NUMBER='1' AIRFLOW_CTX_DAG_RUN_ID='scheduled__2024-04-16T05:12:00+00:00'
[2024-04-16T09:48:20.636+0000] {taskinstance.py:430} INFO - ::endgroup::
[2024-04-16T09:48:21.066+0000] {logging_mixin.py:188} INFO - Connection successful
[2024-04-16T09:48:21.453+0000] {logging_mixin.py:188} INFO - Connection successful
[2024-04-16T09:48:21.938+0000] {logging_mixin.py:188} INFO - Connection successful
[2024-04-16T09:48:21.944+0000] {logging_mixin.py:188} INFO - Null Not Found
[2024-04-16T09:48:21.945+0000] {logging_mixin.py:188} INFO - Null Not Found
[2024-04-16T09:48:21.953+0000] {logging_mixin.py:188} INFO - Null Not Found
[2024-04-16T09:48:21.954+0000] {logging_mixin.py:188} INFO - Null Not Found
[2024-04-16T09:48:21.955+0000] {logging_mixin.py:188} INFO - Null Not Found
[2024-04-16T09:48:21.956+0000] {logging_mixin.py:188} INFO - Null Not Found
[2024-04-16T09:48:21.957+0000] {python.py:237} INFO - Done. Returned value was: None
[2024-04-16T09:48:21.957+0000] {taskinstance.py:441} INFO - ::group::Post task execution logs
[2024-04-16T09:48:21.964+0000] {taskinstance.py:1205} INFO - Marking task as SUCCESS. dag_id=spotify_final_dag, task_id=hello2, execution_date=20240416T051200, start_date=20240416T094820, end_date=20240416T094821
[2024-04-16T09:48:21.979+0000] {local_task_job_runner.py:240} INFO - Task exited with return code 0
[2024-04-16T09:48:21.990+0000] {taskinstance.py:3482} INFO - 0 downstream tasks scheduled from follow-on schedule check
[2024-04-16T09:48:21.992+0000] {local_task_job_runner.py:222} INFO - ::endgroup::
