[2024-04-16T09:39:04.965+0000] {local_task_job_runner.py:120} INFO - ::group::Pre task execution logs
[2024-04-16T09:39:04.981+0000] {taskinstance.py:2073} INFO - Dependencies all met for dep_context=non-requeueable deps ti=<TaskInstance: spotify_final_dag.hello2 scheduled__2024-04-16T02:06:00+00:00 [queued]>
[2024-04-16T09:39:04.988+0000] {taskinstance.py:2073} INFO - Dependencies all met for dep_context=requeueable deps ti=<TaskInstance: spotify_final_dag.hello2 scheduled__2024-04-16T02:06:00+00:00 [queued]>
[2024-04-16T09:39:04.989+0000] {taskinstance.py:2303} INFO - Starting attempt 1 of 2
[2024-04-16T09:39:05.000+0000] {taskinstance.py:2327} INFO - Executing <Task(PythonOperator): hello2> on 2024-04-16 02:06:00+00:00
[2024-04-16T09:39:05.009+0000] {warnings.py:110} WARNING - /home/***/.local/lib/python3.12/site-packages/***/task/task_runner/standard_task_runner.py:61: DeprecationWarning: This process (pid=1925) is multi-threaded, use of fork() may lead to deadlocks in the child.
  pid = os.fork()

[2024-04-16T09:39:05.010+0000] {standard_task_runner.py:63} INFO - Started process 1930 to run task
[2024-04-16T09:39:05.010+0000] {standard_task_runner.py:90} INFO - Running: ['***', 'tasks', 'run', 'spotify_final_dag', 'hello2', 'scheduled__2024-04-16T02:06:00+00:00', '--job-id', '370', '--raw', '--subdir', 'DAGS_FOLDER/dag.py', '--cfg-path', '/tmp/tmpf8k3stgi']
[2024-04-16T09:39:05.011+0000] {standard_task_runner.py:91} INFO - Job 370: Subtask hello2
[2024-04-16T09:39:05.049+0000] {task_command.py:426} INFO - Running <TaskInstance: spotify_final_dag.hello2 scheduled__2024-04-16T02:06:00+00:00 [running]> on host 52651c1f9987
[2024-04-16T09:39:05.121+0000] {taskinstance.py:2644} INFO - Exporting env vars: AIRFLOW_CTX_DAG_OWNER='***' AIRFLOW_CTX_DAG_ID='spotify_final_dag' AIRFLOW_CTX_TASK_ID='hello2' AIRFLOW_CTX_EXECUTION_DATE='2024-04-16T02:06:00+00:00' AIRFLOW_CTX_TRY_NUMBER='1' AIRFLOW_CTX_DAG_RUN_ID='scheduled__2024-04-16T02:06:00+00:00'
[2024-04-16T09:39:05.123+0000] {taskinstance.py:430} INFO - ::endgroup::
[2024-04-16T09:39:05.517+0000] {logging_mixin.py:188} INFO - Connection successful
[2024-04-16T09:39:05.944+0000] {logging_mixin.py:188} INFO - Connection successful
[2024-04-16T09:39:06.347+0000] {logging_mixin.py:188} INFO - Connection successful
[2024-04-16T09:39:06.352+0000] {logging_mixin.py:188} INFO - Null Not Found
[2024-04-16T09:39:06.353+0000] {logging_mixin.py:188} INFO - Null Not Found
[2024-04-16T09:39:06.363+0000] {logging_mixin.py:188} INFO - Null Not Found
[2024-04-16T09:39:06.364+0000] {logging_mixin.py:188} INFO - Null Not Found
[2024-04-16T09:39:06.366+0000] {logging_mixin.py:188} INFO - Null Not Found
[2024-04-16T09:39:06.368+0000] {logging_mixin.py:188} INFO - Null Not Found
[2024-04-16T09:39:06.370+0000] {python.py:237} INFO - Done. Returned value was: None
[2024-04-16T09:39:06.370+0000] {taskinstance.py:441} INFO - ::group::Post task execution logs
[2024-04-16T09:39:06.378+0000] {taskinstance.py:1205} INFO - Marking task as SUCCESS. dag_id=spotify_final_dag, task_id=hello2, execution_date=20240416T020600, start_date=20240416T093904, end_date=20240416T093906
[2024-04-16T09:39:06.427+0000] {local_task_job_runner.py:240} INFO - Task exited with return code 0
[2024-04-16T09:39:06.477+0000] {taskinstance.py:3482} INFO - 0 downstream tasks scheduled from follow-on schedule check
[2024-04-16T09:39:06.480+0000] {local_task_job_runner.py:222} INFO - ::endgroup::
[2024-04-16T09:47:19.722+0000] {local_task_job_runner.py:120} INFO - ::group::Pre task execution logs
[2024-04-16T09:47:19.741+0000] {taskinstance.py:2073} INFO - Dependencies all met for dep_context=non-requeueable deps ti=<TaskInstance: spotify_final_dag.hello2 scheduled__2024-04-16T02:06:00+00:00 [queued]>
[2024-04-16T09:47:19.751+0000] {taskinstance.py:2073} INFO - Dependencies all met for dep_context=requeueable deps ti=<TaskInstance: spotify_final_dag.hello2 scheduled__2024-04-16T02:06:00+00:00 [queued]>
[2024-04-16T09:47:19.751+0000] {taskinstance.py:2303} INFO - Starting attempt 1 of 2
[2024-04-16T09:47:19.766+0000] {taskinstance.py:2327} INFO - Executing <Task(PythonOperator): hello2> on 2024-04-16 02:06:00+00:00
[2024-04-16T09:47:19.775+0000] {warnings.py:110} WARNING - /home/***/.local/lib/python3.12/site-packages/***/task/task_runner/standard_task_runner.py:61: DeprecationWarning: This process (pid=4128) is multi-threaded, use of fork() may lead to deadlocks in the child.
  pid = os.fork()

[2024-04-16T09:47:19.777+0000] {standard_task_runner.py:63} INFO - Started process 4141 to run task
[2024-04-16T09:47:19.776+0000] {standard_task_runner.py:90} INFO - Running: ['***', 'tasks', 'run', 'spotify_final_dag', 'hello2', 'scheduled__2024-04-16T02:06:00+00:00', '--job-id', '1072', '--raw', '--subdir', 'DAGS_FOLDER/dag.py', '--cfg-path', '/tmp/tmp4uyhdpty']
[2024-04-16T09:47:19.778+0000] {standard_task_runner.py:91} INFO - Job 1072: Subtask hello2
[2024-04-16T09:47:19.816+0000] {task_command.py:426} INFO - Running <TaskInstance: spotify_final_dag.hello2 scheduled__2024-04-16T02:06:00+00:00 [running]> on host 52651c1f9987
[2024-04-16T09:47:19.889+0000] {taskinstance.py:2644} INFO - Exporting env vars: AIRFLOW_CTX_DAG_OWNER='***' AIRFLOW_CTX_DAG_ID='spotify_final_dag' AIRFLOW_CTX_TASK_ID='hello2' AIRFLOW_CTX_EXECUTION_DATE='2024-04-16T02:06:00+00:00' AIRFLOW_CTX_TRY_NUMBER='1' AIRFLOW_CTX_DAG_RUN_ID='scheduled__2024-04-16T02:06:00+00:00'
[2024-04-16T09:47:19.890+0000] {taskinstance.py:430} INFO - ::endgroup::
[2024-04-16T09:47:20.317+0000] {logging_mixin.py:188} INFO - Connection successful
[2024-04-16T09:47:20.730+0000] {logging_mixin.py:188} INFO - Connection successful
[2024-04-16T09:47:21.153+0000] {logging_mixin.py:188} INFO - Connection successful
[2024-04-16T09:47:21.157+0000] {logging_mixin.py:188} INFO - Null Not Found
[2024-04-16T09:47:21.158+0000] {logging_mixin.py:188} INFO - Null Not Found
[2024-04-16T09:47:21.165+0000] {logging_mixin.py:188} INFO - Null Not Found
[2024-04-16T09:47:21.166+0000] {logging_mixin.py:188} INFO - Null Not Found
[2024-04-16T09:47:21.167+0000] {logging_mixin.py:188} INFO - Null Not Found
[2024-04-16T09:47:21.167+0000] {logging_mixin.py:188} INFO - Null Not Found
[2024-04-16T09:47:21.168+0000] {python.py:237} INFO - Done. Returned value was: None
[2024-04-16T09:47:21.169+0000] {taskinstance.py:441} INFO - ::group::Post task execution logs
[2024-04-16T09:47:21.175+0000] {taskinstance.py:1205} INFO - Marking task as SUCCESS. dag_id=spotify_final_dag, task_id=hello2, execution_date=20240416T020600, start_date=20240416T094719, end_date=20240416T094721
[2024-04-16T09:47:21.197+0000] {local_task_job_runner.py:240} INFO - Task exited with return code 0
[2024-04-16T09:47:21.208+0000] {taskinstance.py:3482} INFO - 0 downstream tasks scheduled from follow-on schedule check
[2024-04-16T09:47:21.211+0000] {local_task_job_runner.py:222} INFO - ::endgroup::
