[2024-04-16T09:37:48.439+0000] {local_task_job_runner.py:120} INFO - ::group::Pre task execution logs
[2024-04-16T09:37:48.458+0000] {taskinstance.py:2073} INFO - Dependencies all met for dep_context=non-requeueable deps ti=<TaskInstance: spotify_final_dag.hello2 scheduled__2024-04-16T00:06:00+00:00 [queued]>
[2024-04-16T09:37:48.465+0000] {taskinstance.py:2073} INFO - Dependencies all met for dep_context=requeueable deps ti=<TaskInstance: spotify_final_dag.hello2 scheduled__2024-04-16T00:06:00+00:00 [queued]>
[2024-04-16T09:37:48.512+0000] {taskinstance.py:2303} INFO - Starting attempt 1 of 2
[2024-04-16T09:37:48.526+0000] {taskinstance.py:2327} INFO - Executing <Task(PythonOperator): hello2> on 2024-04-16 00:06:00+00:00
[2024-04-16T09:37:48.533+0000] {warnings.py:110} WARNING - /home/***/.local/lib/python3.12/site-packages/***/task/task_runner/standard_task_runner.py:61: DeprecationWarning: This process (pid=1195) is multi-threaded, use of fork() may lead to deadlocks in the child.
  pid = os.fork()

[2024-04-16T09:37:48.534+0000] {standard_task_runner.py:63} INFO - Started process 1217 to run task
[2024-04-16T09:37:48.535+0000] {standard_task_runner.py:90} INFO - Running: ['***', 'tasks', 'run', 'spotify_final_dag', 'hello2', 'scheduled__2024-04-16T00:06:00+00:00', '--job-id', '137', '--raw', '--subdir', 'DAGS_FOLDER/dag.py', '--cfg-path', '/tmp/tmpwqes8dls']
[2024-04-16T09:37:48.536+0000] {standard_task_runner.py:91} INFO - Job 137: Subtask hello2
[2024-04-16T09:37:48.575+0000] {task_command.py:426} INFO - Running <TaskInstance: spotify_final_dag.hello2 scheduled__2024-04-16T00:06:00+00:00 [running]> on host 52651c1f9987
[2024-04-16T09:37:48.669+0000] {taskinstance.py:2644} INFO - Exporting env vars: AIRFLOW_CTX_DAG_OWNER='***' AIRFLOW_CTX_DAG_ID='spotify_final_dag' AIRFLOW_CTX_TASK_ID='hello2' AIRFLOW_CTX_EXECUTION_DATE='2024-04-16T00:06:00+00:00' AIRFLOW_CTX_TRY_NUMBER='1' AIRFLOW_CTX_DAG_RUN_ID='scheduled__2024-04-16T00:06:00+00:00'
[2024-04-16T09:37:48.671+0000] {taskinstance.py:430} INFO - ::endgroup::
[2024-04-16T09:37:49.084+0000] {logging_mixin.py:188} INFO - Connection successful
[2024-04-16T09:37:49.578+0000] {logging_mixin.py:188} INFO - Connection successful
[2024-04-16T09:37:50.001+0000] {logging_mixin.py:188} INFO - Connection successful
[2024-04-16T09:37:50.006+0000] {logging_mixin.py:188} INFO - Null Not Found
[2024-04-16T09:37:50.007+0000] {logging_mixin.py:188} INFO - Null Not Found
[2024-04-16T09:37:50.018+0000] {logging_mixin.py:188} INFO - Null Not Found
[2024-04-16T09:37:50.019+0000] {logging_mixin.py:188} INFO - Null Not Found
[2024-04-16T09:37:50.020+0000] {logging_mixin.py:188} INFO - Null Not Found
[2024-04-16T09:37:50.021+0000] {logging_mixin.py:188} INFO - Null Not Found
[2024-04-16T09:37:50.023+0000] {python.py:237} INFO - Done. Returned value was: None
[2024-04-16T09:37:50.023+0000] {taskinstance.py:441} INFO - ::group::Post task execution logs
[2024-04-16T09:37:50.031+0000] {taskinstance.py:1205} INFO - Marking task as SUCCESS. dag_id=spotify_final_dag, task_id=hello2, execution_date=20240416T000600, start_date=20240416T093748, end_date=20240416T093750
[2024-04-16T09:37:50.072+0000] {local_task_job_runner.py:240} INFO - Task exited with return code 0
[2024-04-16T09:37:50.089+0000] {taskinstance.py:3482} INFO - 0 downstream tasks scheduled from follow-on schedule check
[2024-04-16T09:37:50.093+0000] {local_task_job_runner.py:222} INFO - ::endgroup::
[2024-04-16T09:44:31.788+0000] {local_task_job_runner.py:120} INFO - ::group::Pre task execution logs
[2024-04-16T09:44:31.813+0000] {taskinstance.py:2073} INFO - Dependencies all met for dep_context=non-requeueable deps ti=<TaskInstance: spotify_final_dag.hello2 scheduled__2024-04-16T00:06:00+00:00 [queued]>
[2024-04-16T09:44:31.824+0000] {taskinstance.py:2073} INFO - Dependencies all met for dep_context=requeueable deps ti=<TaskInstance: spotify_final_dag.hello2 scheduled__2024-04-16T00:06:00+00:00 [queued]>
[2024-04-16T09:44:31.825+0000] {taskinstance.py:2303} INFO - Starting attempt 1 of 2
[2024-04-16T09:44:31.843+0000] {taskinstance.py:2327} INFO - Executing <Task(PythonOperator): hello2> on 2024-04-16 00:06:00+00:00
[2024-04-16T09:44:31.852+0000] {warnings.py:110} WARNING - /home/***/.local/lib/python3.12/site-packages/***/task/task_runner/standard_task_runner.py:61: DeprecationWarning: This process (pid=3630) is multi-threaded, use of fork() may lead to deadlocks in the child.
  pid = os.fork()

[2024-04-16T09:44:31.854+0000] {standard_task_runner.py:63} INFO - Started process 3658 to run task
[2024-04-16T09:44:31.855+0000] {standard_task_runner.py:90} INFO - Running: ['***', 'tasks', 'run', 'spotify_final_dag', 'hello2', 'scheduled__2024-04-16T00:06:00+00:00', '--job-id', '916', '--raw', '--subdir', 'DAGS_FOLDER/dag.py', '--cfg-path', '/tmp/tmpjvwvdr44']
[2024-04-16T09:44:31.856+0000] {standard_task_runner.py:91} INFO - Job 916: Subtask hello2
[2024-04-16T09:44:31.905+0000] {task_command.py:426} INFO - Running <TaskInstance: spotify_final_dag.hello2 scheduled__2024-04-16T00:06:00+00:00 [running]> on host 52651c1f9987
[2024-04-16T09:44:31.990+0000] {taskinstance.py:2644} INFO - Exporting env vars: AIRFLOW_CTX_DAG_OWNER='***' AIRFLOW_CTX_DAG_ID='spotify_final_dag' AIRFLOW_CTX_TASK_ID='hello2' AIRFLOW_CTX_EXECUTION_DATE='2024-04-16T00:06:00+00:00' AIRFLOW_CTX_TRY_NUMBER='1' AIRFLOW_CTX_DAG_RUN_ID='scheduled__2024-04-16T00:06:00+00:00'
[2024-04-16T09:44:31.991+0000] {taskinstance.py:430} INFO - ::endgroup::
[2024-04-16T09:44:35.550+0000] {logging_mixin.py:188} INFO - There was a problem with the connection. Trial number 1, Status Code: 401
[2024-04-16T09:44:38.830+0000] {logging_mixin.py:188} INFO - There was a problem with the connection. Trial number 2, Status Code: 401
[2024-04-16T09:44:38.832+0000] {taskinstance.py:441} INFO - ::group::Post task execution logs
[2024-04-16T09:44:38.833+0000] {taskinstance.py:2890} ERROR - Task failed with exception
Traceback (most recent call last):
  File "/home/airflow/.local/lib/python3.12/site-packages/airflow/models/taskinstance.py", line 465, in _execute_task
    result = _execute_callable(context=context, **execute_callable_kwargs)
             ^^^^^^^^^^^^^^^^^^^^^^^^^^^^^^^^^^^^^^^^^^^^^^^^^^^^^^^^^^^^^
  File "/home/airflow/.local/lib/python3.12/site-packages/airflow/models/taskinstance.py", line 432, in _execute_callable
    return execute_callable(context=context, **execute_callable_kwargs)
           ^^^^^^^^^^^^^^^^^^^^^^^^^^^^^^^^^^^^^^^^^^^^^^^^^^^^^^^^^^^^
  File "/home/airflow/.local/lib/python3.12/site-packages/airflow/models/baseoperator.py", line 400, in wrapper
    return func(self, *args, **kwargs)
           ^^^^^^^^^^^^^^^^^^^^^^^^^^^
  File "/home/airflow/.local/lib/python3.12/site-packages/airflow/operators/python.py", line 235, in execute
    return_value = self.execute_callable()
                   ^^^^^^^^^^^^^^^^^^^^^^^
  File "/home/airflow/.local/lib/python3.12/site-packages/airflow/operators/python.py", line 252, in execute_callable
    return self.python_callable(*self.op_args, **self.op_kwargs)
           ^^^^^^^^^^^^^^^^^^^^^^^^^^^^^^^^^^^^^^^^^^^^^^^^^^^^^
  File "/opt/airflow/dags/get_data.py", line 95, in processes
    album_data = get_album(connection())
                 ^^^^^^^^^^^^^^^^^^^^^^^
  File "/opt/airflow/dags/get_data.py", line 11, in get_album
    for album in data["items"]:
                 ~~~~^^^^^^^^^
TypeError: 'NoneType' object is not subscriptable
[2024-04-16T09:44:38.841+0000] {taskinstance.py:1205} INFO - Marking task as UP_FOR_RETRY. dag_id=spotify_final_dag, task_id=hello2, execution_date=20240416T000600, start_date=20240416T094431, end_date=20240416T094438
[2024-04-16T09:44:38.853+0000] {standard_task_runner.py:110} ERROR - Failed to execute job 916 for task hello2 ('NoneType' object is not subscriptable; 3658)
[2024-04-16T09:44:38.888+0000] {local_task_job_runner.py:240} INFO - Task exited with return code 1
[2024-04-16T09:44:38.901+0000] {taskinstance.py:3482} INFO - 0 downstream tasks scheduled from follow-on schedule check
[2024-04-16T09:44:38.903+0000] {local_task_job_runner.py:222} INFO - ::endgroup::
[2024-04-16T09:46:45.965+0000] {local_task_job_runner.py:120} INFO - ::group::Pre task execution logs
[2024-04-16T09:46:45.999+0000] {taskinstance.py:2073} INFO - Dependencies all met for dep_context=non-requeueable deps ti=<TaskInstance: spotify_final_dag.hello2 scheduled__2024-04-16T00:06:00+00:00 [queued]>
[2024-04-16T09:46:46.014+0000] {taskinstance.py:2073} INFO - Dependencies all met for dep_context=requeueable deps ti=<TaskInstance: spotify_final_dag.hello2 scheduled__2024-04-16T00:06:00+00:00 [queued]>
[2024-04-16T09:46:46.014+0000] {taskinstance.py:2303} INFO - Starting attempt 1 of 2
[2024-04-16T09:46:46.041+0000] {taskinstance.py:2327} INFO - Executing <Task(PythonOperator): hello2> on 2024-04-16 00:06:00+00:00
[2024-04-16T09:46:46.073+0000] {warnings.py:110} WARNING - /home/***/.local/lib/python3.12/site-packages/***/task/task_runner/standard_task_runner.py:61: DeprecationWarning: This process (pid=3789) is multi-threaded, use of fork() may lead to deadlocks in the child.
  pid = os.fork()

[2024-04-16T09:46:46.075+0000] {standard_task_runner.py:63} INFO - Started process 3821 to run task
[2024-04-16T09:46:46.076+0000] {standard_task_runner.py:90} INFO - Running: ['***', 'tasks', 'run', 'spotify_final_dag', 'hello2', 'scheduled__2024-04-16T00:06:00+00:00', '--job-id', '964', '--raw', '--subdir', 'DAGS_FOLDER/dag.py', '--cfg-path', '/tmp/tmpj_itt0w2']
[2024-04-16T09:46:46.077+0000] {standard_task_runner.py:91} INFO - Job 964: Subtask hello2
[2024-04-16T09:46:46.171+0000] {task_command.py:426} INFO - Running <TaskInstance: spotify_final_dag.hello2 scheduled__2024-04-16T00:06:00+00:00 [running]> on host 52651c1f9987
[2024-04-16T09:46:46.342+0000] {taskinstance.py:2644} INFO - Exporting env vars: AIRFLOW_CTX_DAG_OWNER='***' AIRFLOW_CTX_DAG_ID='spotify_final_dag' AIRFLOW_CTX_TASK_ID='hello2' AIRFLOW_CTX_EXECUTION_DATE='2024-04-16T00:06:00+00:00' AIRFLOW_CTX_TRY_NUMBER='1' AIRFLOW_CTX_DAG_RUN_ID='scheduled__2024-04-16T00:06:00+00:00'
[2024-04-16T09:46:46.345+0000] {taskinstance.py:430} INFO - ::endgroup::
[2024-04-16T09:46:46.776+0000] {logging_mixin.py:188} INFO - Connection successful
[2024-04-16T09:46:47.204+0000] {logging_mixin.py:188} INFO - Connection successful
[2024-04-16T09:46:47.660+0000] {logging_mixin.py:188} INFO - Connection successful
[2024-04-16T09:46:47.663+0000] {logging_mixin.py:188} INFO - Null Not Found
[2024-04-16T09:46:47.664+0000] {logging_mixin.py:188} INFO - Null Not Found
[2024-04-16T09:46:47.673+0000] {logging_mixin.py:188} INFO - Null Not Found
[2024-04-16T09:46:47.674+0000] {logging_mixin.py:188} INFO - Null Not Found
[2024-04-16T09:46:47.675+0000] {logging_mixin.py:188} INFO - Null Not Found
[2024-04-16T09:46:47.676+0000] {logging_mixin.py:188} INFO - Null Not Found
[2024-04-16T09:46:47.677+0000] {python.py:237} INFO - Done. Returned value was: None
[2024-04-16T09:46:47.677+0000] {taskinstance.py:441} INFO - ::group::Post task execution logs
[2024-04-16T09:46:47.684+0000] {taskinstance.py:1205} INFO - Marking task as SUCCESS. dag_id=spotify_final_dag, task_id=hello2, execution_date=20240416T000600, start_date=20240416T094646, end_date=20240416T094647
[2024-04-16T09:46:47.739+0000] {local_task_job_runner.py:240} INFO - Task exited with return code 0
[2024-04-16T09:46:47.755+0000] {taskinstance.py:3482} INFO - 0 downstream tasks scheduled from follow-on schedule check
[2024-04-16T09:46:47.757+0000] {local_task_job_runner.py:222} INFO - ::endgroup::
