[2024-04-17T07:36:44.836+0000] {local_task_job_runner.py:120} INFO - ::group::Pre task execution logs
[2024-04-17T07:36:44.858+0000] {taskinstance.py:2073} INFO - Dependencies all met for dep_context=non-requeueable deps ti=<TaskInstance: etl_for_spotify.processes scheduled__2024-04-16T22:08:00+00:00 [queued]>
[2024-04-17T07:36:44.869+0000] {taskinstance.py:2073} INFO - Dependencies all met for dep_context=requeueable deps ti=<TaskInstance: etl_for_spotify.processes scheduled__2024-04-16T22:08:00+00:00 [queued]>
[2024-04-17T07:36:44.870+0000] {taskinstance.py:2303} INFO - Starting attempt 1 of 2
[2024-04-17T07:36:44.886+0000] {taskinstance.py:2327} INFO - Executing <Task(PythonOperator): processes> on 2024-04-16 22:08:00+00:00
[2024-04-17T07:36:44.897+0000] {warnings.py:110} WARNING - /home/***/.local/lib/python3.12/site-packages/***/task/task_runner/standard_task_runner.py:61: DeprecationWarning: This process (pid=9548) is multi-threaded, use of fork() may lead to deadlocks in the child.
  pid = os.fork()

[2024-04-17T07:36:44.898+0000] {standard_task_runner.py:63} INFO - Started process 9577 to run task
[2024-04-17T07:36:44.898+0000] {standard_task_runner.py:90} INFO - Running: ['***', 'tasks', 'run', 'etl_for_spotify', 'processes', 'scheduled__2024-04-16T22:08:00+00:00', '--job-id', '4126', '--raw', '--subdir', 'DAGS_FOLDER/dag.py', '--cfg-path', '/tmp/tmpe0nnbpvv']
[2024-04-17T07:36:44.900+0000] {standard_task_runner.py:91} INFO - Job 4126: Subtask processes
[2024-04-17T07:36:44.948+0000] {task_command.py:426} INFO - Running <TaskInstance: etl_for_spotify.processes scheduled__2024-04-16T22:08:00+00:00 [running]> on host 52651c1f9987
[2024-04-17T07:36:45.064+0000] {taskinstance.py:2644} INFO - Exporting env vars: AIRFLOW_CTX_DAG_OWNER='***' AIRFLOW_CTX_DAG_ID='etl_for_spotify' AIRFLOW_CTX_TASK_ID='processes' AIRFLOW_CTX_EXECUTION_DATE='2024-04-16T22:08:00+00:00' AIRFLOW_CTX_TRY_NUMBER='1' AIRFLOW_CTX_DAG_RUN_ID='scheduled__2024-04-16T22:08:00+00:00'
[2024-04-17T07:36:45.065+0000] {taskinstance.py:430} INFO - ::endgroup::
[2024-04-17T07:36:45.508+0000] {logging_mixin.py:188} INFO - Connection successful
[2024-04-17T07:36:45.948+0000] {logging_mixin.py:188} INFO - Connection successful
[2024-04-17T07:36:46.421+0000] {logging_mixin.py:188} INFO - Connection successful
[2024-04-17T07:36:46.427+0000] {logging_mixin.py:188} INFO - Null Not Found
[2024-04-17T07:36:46.428+0000] {logging_mixin.py:188} INFO - Null Not Found
[2024-04-17T07:36:46.439+0000] {logging_mixin.py:188} INFO - Null Not Found
[2024-04-17T07:36:46.440+0000] {logging_mixin.py:188} INFO - Null Not Found
[2024-04-17T07:36:46.443+0000] {logging_mixin.py:188} INFO - Null Not Found
[2024-04-17T07:36:46.444+0000] {logging_mixin.py:188} INFO - Null Not Found
[2024-04-17T07:36:46.446+0000] {python.py:237} INFO - Done. Returned value was: None
[2024-04-17T07:36:46.447+0000] {taskinstance.py:441} INFO - ::group::Post task execution logs
[2024-04-17T07:36:46.457+0000] {taskinstance.py:1205} INFO - Marking task as SUCCESS. dag_id=etl_for_spotify, task_id=processes, execution_date=20240416T220800, start_date=20240417T073644, end_date=20240417T073646
[2024-04-17T07:36:46.520+0000] {local_task_job_runner.py:240} INFO - Task exited with return code 0
[2024-04-17T07:36:46.540+0000] {taskinstance.py:3482} INFO - 0 downstream tasks scheduled from follow-on schedule check
[2024-04-17T07:36:46.542+0000] {local_task_job_runner.py:222} INFO - ::endgroup::
