[2024-04-16T09:38:08.624+0000] {local_task_job_runner.py:120} INFO - ::group::Pre task execution logs
[2024-04-16T09:38:08.651+0000] {taskinstance.py:2073} INFO - Dependencies all met for dep_context=non-requeueable deps ti=<TaskInstance: spotify_final_dag.hello2 scheduled__2024-04-16T00:32:00+00:00 [queued]>
[2024-04-16T09:38:08.663+0000] {taskinstance.py:2073} INFO - Dependencies all met for dep_context=requeueable deps ti=<TaskInstance: spotify_final_dag.hello2 scheduled__2024-04-16T00:32:00+00:00 [queued]>
[2024-04-16T09:38:08.664+0000] {taskinstance.py:2303} INFO - Starting attempt 1 of 2
[2024-04-16T09:38:08.681+0000] {taskinstance.py:2327} INFO - Executing <Task(PythonOperator): hello2> on 2024-04-16 00:32:00+00:00
[2024-04-16T09:38:08.693+0000] {warnings.py:110} WARNING - /home/***/.local/lib/python3.12/site-packages/***/task/task_runner/standard_task_runner.py:61: DeprecationWarning: This process (pid=1377) is multi-threaded, use of fork() may lead to deadlocks in the child.
  pid = os.fork()

[2024-04-16T09:38:08.696+0000] {standard_task_runner.py:63} INFO - Started process 1406 to run task
[2024-04-16T09:38:08.709+0000] {standard_task_runner.py:90} INFO - Running: ['***', 'tasks', 'run', 'spotify_final_dag', 'hello2', 'scheduled__2024-04-16T00:32:00+00:00', '--job-id', '193', '--raw', '--subdir', 'DAGS_FOLDER/dag.py', '--cfg-path', '/tmp/tmp3p3hb84q']
[2024-04-16T09:38:08.710+0000] {standard_task_runner.py:91} INFO - Job 193: Subtask hello2
[2024-04-16T09:38:08.764+0000] {task_command.py:426} INFO - Running <TaskInstance: spotify_final_dag.hello2 scheduled__2024-04-16T00:32:00+00:00 [running]> on host 52651c1f9987
[2024-04-16T09:38:08.865+0000] {taskinstance.py:2644} INFO - Exporting env vars: AIRFLOW_CTX_DAG_OWNER='***' AIRFLOW_CTX_DAG_ID='spotify_final_dag' AIRFLOW_CTX_TASK_ID='hello2' AIRFLOW_CTX_EXECUTION_DATE='2024-04-16T00:32:00+00:00' AIRFLOW_CTX_TRY_NUMBER='1' AIRFLOW_CTX_DAG_RUN_ID='scheduled__2024-04-16T00:32:00+00:00'
[2024-04-16T09:38:08.871+0000] {taskinstance.py:430} INFO - ::endgroup::
[2024-04-16T09:38:09.322+0000] {logging_mixin.py:188} INFO - Connection successful
[2024-04-16T09:38:09.783+0000] {logging_mixin.py:188} INFO - Connection successful
[2024-04-16T09:38:10.210+0000] {logging_mixin.py:188} INFO - Connection successful
[2024-04-16T09:38:10.216+0000] {logging_mixin.py:188} INFO - Null Not Found
[2024-04-16T09:38:10.218+0000] {logging_mixin.py:188} INFO - Null Not Found
[2024-04-16T09:38:10.230+0000] {logging_mixin.py:188} INFO - Null Not Found
[2024-04-16T09:38:10.231+0000] {logging_mixin.py:188} INFO - Null Not Found
[2024-04-16T09:38:10.233+0000] {logging_mixin.py:188} INFO - Null Not Found
[2024-04-16T09:38:10.234+0000] {logging_mixin.py:188} INFO - Null Not Found
[2024-04-16T09:38:10.236+0000] {python.py:237} INFO - Done. Returned value was: None
[2024-04-16T09:38:10.236+0000] {taskinstance.py:441} INFO - ::group::Post task execution logs
[2024-04-16T09:38:10.247+0000] {taskinstance.py:1205} INFO - Marking task as SUCCESS. dag_id=spotify_final_dag, task_id=hello2, execution_date=20240416T003200, start_date=20240416T093808, end_date=20240416T093810
[2024-04-16T09:38:10.286+0000] {local_task_job_runner.py:240} INFO - Task exited with return code 0
[2024-04-16T09:38:10.305+0000] {taskinstance.py:3482} INFO - 0 downstream tasks scheduled from follow-on schedule check
[2024-04-16T09:38:10.307+0000] {local_task_job_runner.py:222} INFO - ::endgroup::
[2024-04-16T09:46:56.743+0000] {local_task_job_runner.py:120} INFO - ::group::Pre task execution logs
[2024-04-16T09:46:56.769+0000] {taskinstance.py:2073} INFO - Dependencies all met for dep_context=non-requeueable deps ti=<TaskInstance: spotify_final_dag.hello2 scheduled__2024-04-16T00:32:00+00:00 [queued]>
[2024-04-16T09:46:56.782+0000] {taskinstance.py:2073} INFO - Dependencies all met for dep_context=requeueable deps ti=<TaskInstance: spotify_final_dag.hello2 scheduled__2024-04-16T00:32:00+00:00 [queued]>
[2024-04-16T09:46:56.782+0000] {taskinstance.py:2303} INFO - Starting attempt 1 of 2
[2024-04-16T09:46:56.801+0000] {taskinstance.py:2327} INFO - Executing <Task(PythonOperator): hello2> on 2024-04-16 00:32:00+00:00
[2024-04-16T09:46:56.814+0000] {warnings.py:110} WARNING - /home/***/.local/lib/python3.12/site-packages/***/task/task_runner/standard_task_runner.py:61: DeprecationWarning: This process (pid=3881) is multi-threaded, use of fork() may lead to deadlocks in the child.
  pid = os.fork()

[2024-04-16T09:46:56.820+0000] {standard_task_runner.py:63} INFO - Started process 3913 to run task
[2024-04-16T09:46:56.818+0000] {standard_task_runner.py:90} INFO - Running: ['***', 'tasks', 'run', 'spotify_final_dag', 'hello2', 'scheduled__2024-04-16T00:32:00+00:00', '--job-id', '992', '--raw', '--subdir', 'DAGS_FOLDER/dag.py', '--cfg-path', '/tmp/tmpp1cm8z7i']
[2024-04-16T09:46:56.822+0000] {standard_task_runner.py:91} INFO - Job 992: Subtask hello2
[2024-04-16T09:46:56.889+0000] {task_command.py:426} INFO - Running <TaskInstance: spotify_final_dag.hello2 scheduled__2024-04-16T00:32:00+00:00 [running]> on host 52651c1f9987
[2024-04-16T09:46:57.016+0000] {taskinstance.py:2644} INFO - Exporting env vars: AIRFLOW_CTX_DAG_OWNER='***' AIRFLOW_CTX_DAG_ID='spotify_final_dag' AIRFLOW_CTX_TASK_ID='hello2' AIRFLOW_CTX_EXECUTION_DATE='2024-04-16T00:32:00+00:00' AIRFLOW_CTX_TRY_NUMBER='1' AIRFLOW_CTX_DAG_RUN_ID='scheduled__2024-04-16T00:32:00+00:00'
[2024-04-16T09:46:57.018+0000] {taskinstance.py:430} INFO - ::endgroup::
[2024-04-16T09:46:57.659+0000] {logging_mixin.py:188} INFO - Connection successful
[2024-04-16T09:46:58.161+0000] {logging_mixin.py:188} INFO - Connection successful
[2024-04-16T09:46:58.610+0000] {logging_mixin.py:188} INFO - Connection successful
[2024-04-16T09:46:58.614+0000] {logging_mixin.py:188} INFO - Null Not Found
[2024-04-16T09:46:58.615+0000] {logging_mixin.py:188} INFO - Null Not Found
[2024-04-16T09:46:58.624+0000] {logging_mixin.py:188} INFO - Null Not Found
[2024-04-16T09:46:58.625+0000] {logging_mixin.py:188} INFO - Null Not Found
[2024-04-16T09:46:58.626+0000] {logging_mixin.py:188} INFO - Null Not Found
[2024-04-16T09:46:58.627+0000] {logging_mixin.py:188} INFO - Null Not Found
[2024-04-16T09:46:58.629+0000] {python.py:237} INFO - Done. Returned value was: None
[2024-04-16T09:46:58.630+0000] {taskinstance.py:441} INFO - ::group::Post task execution logs
[2024-04-16T09:46:58.638+0000] {taskinstance.py:1205} INFO - Marking task as SUCCESS. dag_id=spotify_final_dag, task_id=hello2, execution_date=20240416T003200, start_date=20240416T094656, end_date=20240416T094658
[2024-04-16T09:46:58.686+0000] {local_task_job_runner.py:240} INFO - Task exited with return code 0
[2024-04-16T09:46:58.701+0000] {taskinstance.py:3482} INFO - 0 downstream tasks scheduled from follow-on schedule check
[2024-04-16T09:46:58.704+0000] {local_task_job_runner.py:222} INFO - ::endgroup::
