[2024-04-16T09:40:56.078+0000] {local_task_job_runner.py:120} INFO - ::group::Pre task execution logs
[2024-04-16T09:40:56.104+0000] {taskinstance.py:2073} INFO - Dependencies all met for dep_context=non-requeueable deps ti=<TaskInstance: spotify_final_dag.hello2 scheduled__2024-04-16T04:42:00+00:00 [queued]>
[2024-04-16T09:40:56.114+0000] {taskinstance.py:2073} INFO - Dependencies all met for dep_context=requeueable deps ti=<TaskInstance: spotify_final_dag.hello2 scheduled__2024-04-16T04:42:00+00:00 [queued]>
[2024-04-16T09:40:56.115+0000] {taskinstance.py:2303} INFO - Starting attempt 1 of 2
[2024-04-16T09:40:56.132+0000] {taskinstance.py:2327} INFO - Executing <Task(PythonOperator): hello2> on 2024-04-16 04:42:00+00:00
[2024-04-16T09:40:56.142+0000] {warnings.py:110} WARNING - /home/***/.local/lib/python3.12/site-packages/***/task/task_runner/standard_task_runner.py:61: DeprecationWarning: This process (pid=2906) is multi-threaded, use of fork() may lead to deadlocks in the child.
  pid = os.fork()

[2024-04-16T09:40:56.144+0000] {standard_task_runner.py:63} INFO - Started process 2930 to run task
[2024-04-16T09:40:56.144+0000] {standard_task_runner.py:90} INFO - Running: ['***', 'tasks', 'run', 'spotify_final_dag', 'hello2', 'scheduled__2024-04-16T04:42:00+00:00', '--job-id', '692', '--raw', '--subdir', 'DAGS_FOLDER/dag.py', '--cfg-path', '/tmp/tmp999llynz']
[2024-04-16T09:40:56.145+0000] {standard_task_runner.py:91} INFO - Job 692: Subtask hello2
[2024-04-16T09:40:56.206+0000] {task_command.py:426} INFO - Running <TaskInstance: spotify_final_dag.hello2 scheduled__2024-04-16T04:42:00+00:00 [running]> on host 52651c1f9987
[2024-04-16T09:40:56.313+0000] {taskinstance.py:2644} INFO - Exporting env vars: AIRFLOW_CTX_DAG_OWNER='***' AIRFLOW_CTX_DAG_ID='spotify_final_dag' AIRFLOW_CTX_TASK_ID='hello2' AIRFLOW_CTX_EXECUTION_DATE='2024-04-16T04:42:00+00:00' AIRFLOW_CTX_TRY_NUMBER='1' AIRFLOW_CTX_DAG_RUN_ID='scheduled__2024-04-16T04:42:00+00:00'
[2024-04-16T09:40:56.315+0000] {taskinstance.py:430} INFO - ::endgroup::
[2024-04-16T09:40:56.737+0000] {logging_mixin.py:188} INFO - Connection successful
[2024-04-16T09:40:57.127+0000] {logging_mixin.py:188} INFO - Connection successful
[2024-04-16T09:40:57.560+0000] {logging_mixin.py:188} INFO - Connection successful
[2024-04-16T09:40:57.564+0000] {logging_mixin.py:188} INFO - Null Not Found
[2024-04-16T09:40:57.565+0000] {logging_mixin.py:188} INFO - Null Not Found
[2024-04-16T09:40:57.577+0000] {logging_mixin.py:188} INFO - Null Not Found
[2024-04-16T09:40:57.577+0000] {logging_mixin.py:188} INFO - Null Not Found
[2024-04-16T09:40:57.579+0000] {logging_mixin.py:188} INFO - Null Not Found
[2024-04-16T09:40:57.579+0000] {logging_mixin.py:188} INFO - Null Not Found
[2024-04-16T09:40:57.580+0000] {python.py:237} INFO - Done. Returned value was: None
[2024-04-16T09:40:57.581+0000] {taskinstance.py:441} INFO - ::group::Post task execution logs
[2024-04-16T09:40:57.587+0000] {taskinstance.py:1205} INFO - Marking task as SUCCESS. dag_id=spotify_final_dag, task_id=hello2, execution_date=20240416T044200, start_date=20240416T094056, end_date=20240416T094057
[2024-04-16T09:40:57.641+0000] {local_task_job_runner.py:240} INFO - Task exited with return code 0
[2024-04-16T09:40:57.655+0000] {taskinstance.py:3482} INFO - 0 downstream tasks scheduled from follow-on schedule check
[2024-04-16T09:40:57.657+0000] {local_task_job_runner.py:222} INFO - ::endgroup::
[2024-04-16T09:48:10.974+0000] {local_task_job_runner.py:120} INFO - ::group::Pre task execution logs
[2024-04-16T09:48:10.998+0000] {taskinstance.py:2073} INFO - Dependencies all met for dep_context=non-requeueable deps ti=<TaskInstance: spotify_final_dag.hello2 scheduled__2024-04-16T04:42:00+00:00 [queued]>
[2024-04-16T09:48:11.011+0000] {taskinstance.py:2073} INFO - Dependencies all met for dep_context=requeueable deps ti=<TaskInstance: spotify_final_dag.hello2 scheduled__2024-04-16T04:42:00+00:00 [queued]>
[2024-04-16T09:48:11.012+0000] {taskinstance.py:2303} INFO - Starting attempt 1 of 2
[2024-04-16T09:48:11.028+0000] {taskinstance.py:2327} INFO - Executing <Task(PythonOperator): hello2> on 2024-04-16 04:42:00+00:00
[2024-04-16T09:48:11.037+0000] {warnings.py:110} WARNING - /home/***/.local/lib/python3.12/site-packages/***/task/task_runner/standard_task_runner.py:61: DeprecationWarning: This process (pid=4610) is multi-threaded, use of fork() may lead to deadlocks in the child.
  pid = os.fork()

[2024-04-16T09:48:11.038+0000] {standard_task_runner.py:63} INFO - Started process 4627 to run task
[2024-04-16T09:48:11.038+0000] {standard_task_runner.py:90} INFO - Running: ['***', 'tasks', 'run', 'spotify_final_dag', 'hello2', 'scheduled__2024-04-16T04:42:00+00:00', '--job-id', '1231', '--raw', '--subdir', 'DAGS_FOLDER/dag.py', '--cfg-path', '/tmp/tmpvw6mevs6']
[2024-04-16T09:48:11.039+0000] {standard_task_runner.py:91} INFO - Job 1231: Subtask hello2
[2024-04-16T09:48:11.086+0000] {task_command.py:426} INFO - Running <TaskInstance: spotify_final_dag.hello2 scheduled__2024-04-16T04:42:00+00:00 [running]> on host 52651c1f9987
[2024-04-16T09:48:11.169+0000] {taskinstance.py:2644} INFO - Exporting env vars: AIRFLOW_CTX_DAG_OWNER='***' AIRFLOW_CTX_DAG_ID='spotify_final_dag' AIRFLOW_CTX_TASK_ID='hello2' AIRFLOW_CTX_EXECUTION_DATE='2024-04-16T04:42:00+00:00' AIRFLOW_CTX_TRY_NUMBER='1' AIRFLOW_CTX_DAG_RUN_ID='scheduled__2024-04-16T04:42:00+00:00'
[2024-04-16T09:48:11.170+0000] {taskinstance.py:430} INFO - ::endgroup::
[2024-04-16T09:48:11.584+0000] {logging_mixin.py:188} INFO - Connection successful
[2024-04-16T09:48:12.031+0000] {logging_mixin.py:188} INFO - Connection successful
[2024-04-16T09:48:12.427+0000] {logging_mixin.py:188} INFO - Connection successful
[2024-04-16T09:48:12.431+0000] {logging_mixin.py:188} INFO - Null Not Found
[2024-04-16T09:48:12.433+0000] {logging_mixin.py:188} INFO - Null Not Found
[2024-04-16T09:48:12.442+0000] {logging_mixin.py:188} INFO - Null Not Found
[2024-04-16T09:48:12.443+0000] {logging_mixin.py:188} INFO - Null Not Found
[2024-04-16T09:48:12.445+0000] {logging_mixin.py:188} INFO - Null Not Found
[2024-04-16T09:48:12.445+0000] {logging_mixin.py:188} INFO - Null Not Found
[2024-04-16T09:48:12.447+0000] {python.py:237} INFO - Done. Returned value was: None
[2024-04-16T09:48:12.447+0000] {taskinstance.py:441} INFO - ::group::Post task execution logs
[2024-04-16T09:48:12.457+0000] {taskinstance.py:1205} INFO - Marking task as SUCCESS. dag_id=spotify_final_dag, task_id=hello2, execution_date=20240416T044200, start_date=20240416T094810, end_date=20240416T094812
[2024-04-16T09:48:12.497+0000] {local_task_job_runner.py:240} INFO - Task exited with return code 0
[2024-04-16T09:48:12.513+0000] {taskinstance.py:3482} INFO - 0 downstream tasks scheduled from follow-on schedule check
[2024-04-16T09:48:12.515+0000] {local_task_job_runner.py:222} INFO - ::endgroup::
