[2024-04-17T05:26:01.417+0000] {local_task_job_runner.py:120} INFO - ::group::Pre task execution logs
[2024-04-17T05:26:01.440+0000] {taskinstance.py:2073} INFO - Dependencies all met for dep_context=non-requeueable deps ti=<TaskInstance: spotify_final_dag.hello2 scheduled__2024-04-16T17:54:00+00:00 [queued]>
[2024-04-17T05:26:01.453+0000] {taskinstance.py:2073} INFO - Dependencies all met for dep_context=requeueable deps ti=<TaskInstance: spotify_final_dag.hello2 scheduled__2024-04-16T17:54:00+00:00 [queued]>
[2024-04-17T05:26:01.453+0000] {taskinstance.py:2303} INFO - Starting attempt 1 of 2
[2024-04-17T05:26:01.468+0000] {taskinstance.py:2327} INFO - Executing <Task(PythonOperator): hello2> on 2024-04-16 17:54:00+00:00
[2024-04-17T05:26:01.480+0000] {warnings.py:110} WARNING - /home/***/.local/lib/python3.12/site-packages/***/task/task_runner/standard_task_runner.py:61: DeprecationWarning: This process (pid=1622) is multi-threaded, use of fork() may lead to deadlocks in the child.
  pid = os.fork()

[2024-04-17T05:26:01.482+0000] {standard_task_runner.py:63} INFO - Started process 1648 to run task
[2024-04-17T05:26:01.484+0000] {standard_task_runner.py:90} INFO - Running: ['***', 'tasks', 'run', 'spotify_final_dag', 'hello2', 'scheduled__2024-04-16T17:54:00+00:00', '--job-id', '2066', '--raw', '--subdir', 'DAGS_FOLDER/dag.py', '--cfg-path', '/tmp/tmpmc4k_3cv']
[2024-04-17T05:26:01.485+0000] {standard_task_runner.py:91} INFO - Job 2066: Subtask hello2
[2024-04-17T05:26:01.546+0000] {task_command.py:426} INFO - Running <TaskInstance: spotify_final_dag.hello2 scheduled__2024-04-16T17:54:00+00:00 [running]> on host 52651c1f9987
[2024-04-17T05:26:01.669+0000] {taskinstance.py:2644} INFO - Exporting env vars: AIRFLOW_CTX_DAG_OWNER='***' AIRFLOW_CTX_DAG_ID='spotify_final_dag' AIRFLOW_CTX_TASK_ID='hello2' AIRFLOW_CTX_EXECUTION_DATE='2024-04-16T17:54:00+00:00' AIRFLOW_CTX_TRY_NUMBER='1' AIRFLOW_CTX_DAG_RUN_ID='scheduled__2024-04-16T17:54:00+00:00'
[2024-04-17T05:26:01.673+0000] {taskinstance.py:430} INFO - ::endgroup::
[2024-04-17T05:26:02.088+0000] {logging_mixin.py:188} INFO - Connection successful
[2024-04-17T05:26:02.553+0000] {logging_mixin.py:188} INFO - Connection successful
[2024-04-17T05:26:03.007+0000] {logging_mixin.py:188} INFO - Connection successful
[2024-04-17T05:26:03.011+0000] {logging_mixin.py:188} INFO - Null Not Found
[2024-04-17T05:26:03.012+0000] {logging_mixin.py:188} INFO - Null Not Found
[2024-04-17T05:26:03.022+0000] {logging_mixin.py:188} INFO - Null Not Found
[2024-04-17T05:26:03.023+0000] {logging_mixin.py:188} INFO - Null Not Found
[2024-04-17T05:26:03.024+0000] {logging_mixin.py:188} INFO - Null Not Found
[2024-04-17T05:26:03.025+0000] {logging_mixin.py:188} INFO - Null Not Found
[2024-04-17T05:26:03.026+0000] {python.py:237} INFO - Done. Returned value was: None
[2024-04-17T05:26:03.027+0000] {taskinstance.py:441} INFO - ::group::Post task execution logs
[2024-04-17T05:26:03.035+0000] {taskinstance.py:1205} INFO - Marking task as SUCCESS. dag_id=spotify_final_dag, task_id=hello2, execution_date=20240416T175400, start_date=20240417T052601, end_date=20240417T052603
[2024-04-17T05:26:03.061+0000] {local_task_job_runner.py:240} INFO - Task exited with return code 0
[2024-04-17T05:26:03.076+0000] {taskinstance.py:3482} INFO - 0 downstream tasks scheduled from follow-on schedule check
[2024-04-17T05:26:03.078+0000] {local_task_job_runner.py:222} INFO - ::endgroup::
