[2024-04-16T10:14:03.384+0000] {local_task_job_runner.py:120} INFO - ::group::Pre task execution logs
[2024-04-16T10:14:03.397+0000] {taskinstance.py:2073} INFO - Dependencies all met for dep_context=non-requeueable deps ti=<TaskInstance: spotify_final_dag.hello2 scheduled__2024-04-16T10:12:00+00:00 [queued]>
[2024-04-16T10:14:03.402+0000] {taskinstance.py:2073} INFO - Dependencies all met for dep_context=requeueable deps ti=<TaskInstance: spotify_final_dag.hello2 scheduled__2024-04-16T10:12:00+00:00 [queued]>
[2024-04-16T10:14:03.403+0000] {taskinstance.py:2303} INFO - Starting attempt 1 of 2
[2024-04-16T10:14:03.411+0000] {taskinstance.py:2327} INFO - Executing <Task(PythonOperator): hello2> on 2024-04-16 10:12:00+00:00
[2024-04-16T10:14:03.416+0000] {warnings.py:110} WARNING - /home/***/.local/lib/python3.12/site-packages/***/task/task_runner/standard_task_runner.py:61: DeprecationWarning: This process (pid=5949) is multi-threaded, use of fork() may lead to deadlocks in the child.
  pid = os.fork()

[2024-04-16T10:14:03.417+0000] {standard_task_runner.py:63} INFO - Started process 5951 to run task
[2024-04-16T10:14:03.417+0000] {standard_task_runner.py:90} INFO - Running: ['***', 'tasks', 'run', 'spotify_final_dag', 'hello2', 'scheduled__2024-04-16T10:12:00+00:00', '--job-id', '1558', '--raw', '--subdir', 'DAGS_FOLDER/dag.py', '--cfg-path', '/tmp/tmpim24vvfm']
[2024-04-16T10:14:03.418+0000] {standard_task_runner.py:91} INFO - Job 1558: Subtask hello2
[2024-04-16T10:14:03.449+0000] {task_command.py:426} INFO - Running <TaskInstance: spotify_final_dag.hello2 scheduled__2024-04-16T10:12:00+00:00 [running]> on host 52651c1f9987
[2024-04-16T10:14:03.507+0000] {taskinstance.py:2644} INFO - Exporting env vars: AIRFLOW_CTX_DAG_OWNER='***' AIRFLOW_CTX_DAG_ID='spotify_final_dag' AIRFLOW_CTX_TASK_ID='hello2' AIRFLOW_CTX_EXECUTION_DATE='2024-04-16T10:12:00+00:00' AIRFLOW_CTX_TRY_NUMBER='1' AIRFLOW_CTX_DAG_RUN_ID='scheduled__2024-04-16T10:12:00+00:00'
[2024-04-16T10:14:03.508+0000] {taskinstance.py:430} INFO - ::endgroup::
[2024-04-16T10:14:03.929+0000] {logging_mixin.py:188} INFO - Connection successful
[2024-04-16T10:14:04.342+0000] {logging_mixin.py:188} INFO - Connection successful
[2024-04-16T10:14:04.743+0000] {logging_mixin.py:188} INFO - Connection successful
[2024-04-16T10:14:04.747+0000] {logging_mixin.py:188} INFO - Null Not Found
[2024-04-16T10:14:04.748+0000] {logging_mixin.py:188} INFO - Null Not Found
[2024-04-16T10:14:04.755+0000] {logging_mixin.py:188} INFO - Null Not Found
[2024-04-16T10:14:04.756+0000] {logging_mixin.py:188} INFO - Null Not Found
[2024-04-16T10:14:04.757+0000] {logging_mixin.py:188} INFO - Null Not Found
[2024-04-16T10:14:04.757+0000] {logging_mixin.py:188} INFO - Null Not Found
[2024-04-16T10:14:04.758+0000] {python.py:237} INFO - Done. Returned value was: None
[2024-04-16T10:14:04.759+0000] {taskinstance.py:441} INFO - ::group::Post task execution logs
[2024-04-16T10:14:04.765+0000] {taskinstance.py:1205} INFO - Marking task as SUCCESS. dag_id=spotify_final_dag, task_id=hello2, execution_date=20240416T101200, start_date=20240416T101403, end_date=20240416T101404
[2024-04-16T10:14:04.798+0000] {local_task_job_runner.py:240} INFO - Task exited with return code 0
[2024-04-16T10:14:04.810+0000] {taskinstance.py:3482} INFO - 0 downstream tasks scheduled from follow-on schedule check
[2024-04-16T10:14:04.812+0000] {local_task_job_runner.py:222} INFO - ::endgroup::
