[2024-04-16T09:41:27.155+0000] {local_task_job_runner.py:120} INFO - ::group::Pre task execution logs
[2024-04-16T09:41:27.178+0000] {taskinstance.py:2073} INFO - Dependencies all met for dep_context=non-requeueable deps ti=<TaskInstance: spotify_final_dag.hello2 scheduled__2024-04-16T05:40:00+00:00 [queued]>
[2024-04-16T09:41:27.185+0000] {taskinstance.py:2073} INFO - Dependencies all met for dep_context=requeueable deps ti=<TaskInstance: spotify_final_dag.hello2 scheduled__2024-04-16T05:40:00+00:00 [queued]>
[2024-04-16T09:41:27.186+0000] {taskinstance.py:2303} INFO - Starting attempt 1 of 2
[2024-04-16T09:41:27.197+0000] {taskinstance.py:2327} INFO - Executing <Task(PythonOperator): hello2> on 2024-04-16 05:40:00+00:00
[2024-04-16T09:41:27.204+0000] {warnings.py:110} WARNING - /home/***/.local/lib/python3.12/site-packages/***/task/task_runner/standard_task_runner.py:61: DeprecationWarning: This process (pid=3230) is multi-threaded, use of fork() may lead to deadlocks in the child.
  pid = os.fork()

[2024-04-16T09:41:27.205+0000] {standard_task_runner.py:63} INFO - Started process 3243 to run task
[2024-04-16T09:41:27.205+0000] {standard_task_runner.py:90} INFO - Running: ['***', 'tasks', 'run', 'spotify_final_dag', 'hello2', 'scheduled__2024-04-16T05:40:00+00:00', '--job-id', '798', '--raw', '--subdir', 'DAGS_FOLDER/dag.py', '--cfg-path', '/tmp/tmp89bj4cn3']
[2024-04-16T09:41:27.206+0000] {standard_task_runner.py:91} INFO - Job 798: Subtask hello2
[2024-04-16T09:41:27.244+0000] {task_command.py:426} INFO - Running <TaskInstance: spotify_final_dag.hello2 scheduled__2024-04-16T05:40:00+00:00 [running]> on host 52651c1f9987
[2024-04-16T09:41:27.319+0000] {taskinstance.py:2644} INFO - Exporting env vars: AIRFLOW_CTX_DAG_OWNER='***' AIRFLOW_CTX_DAG_ID='spotify_final_dag' AIRFLOW_CTX_TASK_ID='hello2' AIRFLOW_CTX_EXECUTION_DATE='2024-04-16T05:40:00+00:00' AIRFLOW_CTX_TRY_NUMBER='1' AIRFLOW_CTX_DAG_RUN_ID='scheduled__2024-04-16T05:40:00+00:00'
[2024-04-16T09:41:27.321+0000] {taskinstance.py:430} INFO - ::endgroup::
[2024-04-16T09:41:27.791+0000] {logging_mixin.py:188} INFO - Connection successful
[2024-04-16T09:41:28.200+0000] {logging_mixin.py:188} INFO - Connection successful
[2024-04-16T09:41:28.702+0000] {logging_mixin.py:188} INFO - Connection successful
[2024-04-16T09:41:28.706+0000] {logging_mixin.py:188} INFO - Null Not Found
[2024-04-16T09:41:28.707+0000] {logging_mixin.py:188} INFO - Null Not Found
[2024-04-16T09:41:28.715+0000] {logging_mixin.py:188} INFO - Null Not Found
[2024-04-16T09:41:28.715+0000] {logging_mixin.py:188} INFO - Null Not Found
[2024-04-16T09:41:28.716+0000] {logging_mixin.py:188} INFO - Null Not Found
[2024-04-16T09:41:28.717+0000] {logging_mixin.py:188} INFO - Null Not Found
[2024-04-16T09:41:28.718+0000] {python.py:237} INFO - Done. Returned value was: None
[2024-04-16T09:41:28.718+0000] {taskinstance.py:441} INFO - ::group::Post task execution logs
[2024-04-16T09:41:28.725+0000] {taskinstance.py:1205} INFO - Marking task as SUCCESS. dag_id=spotify_final_dag, task_id=hello2, execution_date=20240416T054000, start_date=20240416T094127, end_date=20240416T094128
[2024-04-16T09:41:28.743+0000] {local_task_job_runner.py:240} INFO - Task exited with return code 0
[2024-04-16T09:41:28.759+0000] {taskinstance.py:3482} INFO - 0 downstream tasks scheduled from follow-on schedule check
[2024-04-16T09:41:28.761+0000] {local_task_job_runner.py:222} INFO - ::endgroup::
[2024-04-16T09:48:29.753+0000] {local_task_job_runner.py:120} INFO - ::group::Pre task execution logs
[2024-04-16T09:48:29.769+0000] {taskinstance.py:2073} INFO - Dependencies all met for dep_context=non-requeueable deps ti=<TaskInstance: spotify_final_dag.hello2 scheduled__2024-04-16T05:40:00+00:00 [queued]>
[2024-04-16T09:48:29.775+0000] {taskinstance.py:2073} INFO - Dependencies all met for dep_context=requeueable deps ti=<TaskInstance: spotify_final_dag.hello2 scheduled__2024-04-16T05:40:00+00:00 [queued]>
[2024-04-16T09:48:29.775+0000] {taskinstance.py:2303} INFO - Starting attempt 1 of 2
[2024-04-16T09:48:29.785+0000] {taskinstance.py:2327} INFO - Executing <Task(PythonOperator): hello2> on 2024-04-16 05:40:00+00:00
[2024-04-16T09:48:29.791+0000] {warnings.py:110} WARNING - /home/***/.local/lib/python3.12/site-packages/***/task/task_runner/standard_task_runner.py:61: DeprecationWarning: This process (pid=4797) is multi-threaded, use of fork() may lead to deadlocks in the child.
  pid = os.fork()

[2024-04-16T09:48:29.793+0000] {standard_task_runner.py:63} INFO - Started process 4818 to run task
[2024-04-16T09:48:29.793+0000] {standard_task_runner.py:90} INFO - Running: ['***', 'tasks', 'run', 'spotify_final_dag', 'hello2', 'scheduled__2024-04-16T05:40:00+00:00', '--job-id', '1291', '--raw', '--subdir', 'DAGS_FOLDER/dag.py', '--cfg-path', '/tmp/tmpg5fx4hjm']
[2024-04-16T09:48:29.794+0000] {standard_task_runner.py:91} INFO - Job 1291: Subtask hello2
[2024-04-16T09:48:29.836+0000] {task_command.py:426} INFO - Running <TaskInstance: spotify_final_dag.hello2 scheduled__2024-04-16T05:40:00+00:00 [running]> on host 52651c1f9987
[2024-04-16T09:48:29.917+0000] {taskinstance.py:2644} INFO - Exporting env vars: AIRFLOW_CTX_DAG_OWNER='***' AIRFLOW_CTX_DAG_ID='spotify_final_dag' AIRFLOW_CTX_TASK_ID='hello2' AIRFLOW_CTX_EXECUTION_DATE='2024-04-16T05:40:00+00:00' AIRFLOW_CTX_TRY_NUMBER='1' AIRFLOW_CTX_DAG_RUN_ID='scheduled__2024-04-16T05:40:00+00:00'
[2024-04-16T09:48:29.919+0000] {taskinstance.py:430} INFO - ::endgroup::
[2024-04-16T09:48:30.371+0000] {logging_mixin.py:188} INFO - Connection successful
[2024-04-16T09:48:30.823+0000] {logging_mixin.py:188} INFO - Connection successful
[2024-04-16T09:48:31.234+0000] {logging_mixin.py:188} INFO - Connection successful
[2024-04-16T09:48:31.237+0000] {logging_mixin.py:188} INFO - Null Not Found
[2024-04-16T09:48:31.238+0000] {logging_mixin.py:188} INFO - Null Not Found
[2024-04-16T09:48:31.247+0000] {logging_mixin.py:188} INFO - Null Not Found
[2024-04-16T09:48:31.247+0000] {logging_mixin.py:188} INFO - Null Not Found
[2024-04-16T09:48:31.249+0000] {logging_mixin.py:188} INFO - Null Not Found
[2024-04-16T09:48:31.249+0000] {logging_mixin.py:188} INFO - Null Not Found
[2024-04-16T09:48:31.250+0000] {python.py:237} INFO - Done. Returned value was: None
[2024-04-16T09:48:31.250+0000] {taskinstance.py:441} INFO - ::group::Post task execution logs
[2024-04-16T09:48:31.257+0000] {taskinstance.py:1205} INFO - Marking task as SUCCESS. dag_id=spotify_final_dag, task_id=hello2, execution_date=20240416T054000, start_date=20240416T094829, end_date=20240416T094831
[2024-04-16T09:48:31.290+0000] {local_task_job_runner.py:240} INFO - Task exited with return code 0
[2024-04-16T09:48:31.301+0000] {taskinstance.py:3482} INFO - 0 downstream tasks scheduled from follow-on schedule check
[2024-04-16T09:48:31.303+0000] {local_task_job_runner.py:222} INFO - ::endgroup::
