[2024-04-17T05:23:37.558+0000] {local_task_job_runner.py:120} INFO - ::group::Pre task execution logs
[2024-04-17T05:23:37.589+0000] {taskinstance.py:2073} INFO - Dependencies all met for dep_context=non-requeueable deps ti=<TaskInstance: spotify_final_dag.hello2 scheduled__2024-04-16T11:08:00+00:00 [queued]>
[2024-04-17T05:23:37.600+0000] {taskinstance.py:2073} INFO - Dependencies all met for dep_context=requeueable deps ti=<TaskInstance: spotify_final_dag.hello2 scheduled__2024-04-16T11:08:00+00:00 [queued]>
[2024-04-17T05:23:37.661+0000] {taskinstance.py:2303} INFO - Starting attempt 2 of 2
[2024-04-17T05:23:37.679+0000] {taskinstance.py:2327} INFO - Executing <Task(PythonOperator): hello2> on 2024-04-16 11:08:00+00:00
[2024-04-17T05:23:37.690+0000] {warnings.py:110} WARNING - /home/***/.local/lib/python3.12/site-packages/***/task/task_runner/standard_task_runner.py:61: DeprecationWarning: This process (pid=344) is multi-threaded, use of fork() may lead to deadlocks in the child.
  pid = os.fork()

[2024-04-17T05:23:37.692+0000] {standard_task_runner.py:63} INFO - Started process 370 to run task
[2024-04-17T05:23:37.692+0000] {standard_task_runner.py:90} INFO - Running: ['***', 'tasks', 'run', 'spotify_final_dag', 'hello2', 'scheduled__2024-04-16T11:08:00+00:00', '--job-id', '1651', '--raw', '--subdir', 'DAGS_FOLDER/dag.py', '--cfg-path', '/tmp/tmpslx15dc6']
[2024-04-17T05:23:37.693+0000] {standard_task_runner.py:91} INFO - Job 1651: Subtask hello2
[2024-04-17T05:23:37.761+0000] {task_command.py:426} INFO - Running <TaskInstance: spotify_final_dag.hello2 scheduled__2024-04-16T11:08:00+00:00 [running]> on host 52651c1f9987
[2024-04-17T05:23:37.923+0000] {taskinstance.py:2644} INFO - Exporting env vars: AIRFLOW_CTX_DAG_OWNER='***' AIRFLOW_CTX_DAG_ID='spotify_final_dag' AIRFLOW_CTX_TASK_ID='hello2' AIRFLOW_CTX_EXECUTION_DATE='2024-04-16T11:08:00+00:00' AIRFLOW_CTX_TRY_NUMBER='2' AIRFLOW_CTX_DAG_RUN_ID='scheduled__2024-04-16T11:08:00+00:00'
[2024-04-17T05:23:37.924+0000] {taskinstance.py:430} INFO - ::endgroup::
[2024-04-17T05:23:38.385+0000] {logging_mixin.py:188} INFO - Connection successful
[2024-04-17T05:23:38.855+0000] {logging_mixin.py:188} INFO - Connection successful
[2024-04-17T05:23:39.252+0000] {logging_mixin.py:188} INFO - Connection successful
[2024-04-17T05:23:39.257+0000] {logging_mixin.py:188} INFO - Null Not Found
[2024-04-17T05:23:39.258+0000] {logging_mixin.py:188} INFO - Null Not Found
[2024-04-17T05:23:39.270+0000] {logging_mixin.py:188} INFO - Null Not Found
[2024-04-17T05:23:39.270+0000] {logging_mixin.py:188} INFO - Null Not Found
[2024-04-17T05:23:39.273+0000] {logging_mixin.py:188} INFO - Null Not Found
[2024-04-17T05:23:39.274+0000] {logging_mixin.py:188} INFO - Null Not Found
[2024-04-17T05:23:39.275+0000] {python.py:237} INFO - Done. Returned value was: None
[2024-04-17T05:23:39.276+0000] {taskinstance.py:441} INFO - ::group::Post task execution logs
[2024-04-17T05:23:39.286+0000] {taskinstance.py:1205} INFO - Marking task as SUCCESS. dag_id=spotify_final_dag, task_id=hello2, execution_date=20240416T110800, start_date=20240417T052337, end_date=20240417T052339
[2024-04-17T05:23:39.431+0000] {local_task_job_runner.py:240} INFO - Task exited with return code 0
[2024-04-17T05:23:39.449+0000] {taskinstance.py:3482} INFO - 0 downstream tasks scheduled from follow-on schedule check
[2024-04-17T05:23:39.452+0000] {local_task_job_runner.py:222} INFO - ::endgroup::
