[2024-04-16T09:39:03.054+0000] {local_task_job_runner.py:120} INFO - ::group::Pre task execution logs
[2024-04-16T09:39:03.073+0000] {taskinstance.py:2073} INFO - Dependencies all met for dep_context=non-requeueable deps ti=<TaskInstance: spotify_final_dag.hello2 scheduled__2024-04-16T02:00:00+00:00 [queued]>
[2024-04-16T09:39:03.081+0000] {taskinstance.py:2073} INFO - Dependencies all met for dep_context=requeueable deps ti=<TaskInstance: spotify_final_dag.hello2 scheduled__2024-04-16T02:00:00+00:00 [queued]>
[2024-04-16T09:39:03.082+0000] {taskinstance.py:2303} INFO - Starting attempt 1 of 2
[2024-04-16T09:39:03.094+0000] {taskinstance.py:2327} INFO - Executing <Task(PythonOperator): hello2> on 2024-04-16 02:00:00+00:00
[2024-04-16T09:39:03.103+0000] {warnings.py:110} WARNING - /home/***/.local/lib/python3.12/site-packages/***/task/task_runner/standard_task_runner.py:61: DeprecationWarning: This process (pid=1888) is multi-threaded, use of fork() may lead to deadlocks in the child.
  pid = os.fork()

[2024-04-16T09:39:03.104+0000] {standard_task_runner.py:63} INFO - Started process 1912 to run task
[2024-04-16T09:39:03.104+0000] {standard_task_runner.py:90} INFO - Running: ['***', 'tasks', 'run', 'spotify_final_dag', 'hello2', 'scheduled__2024-04-16T02:00:00+00:00', '--job-id', '363', '--raw', '--subdir', 'DAGS_FOLDER/dag.py', '--cfg-path', '/tmp/tmpktlmufec']
[2024-04-16T09:39:03.106+0000] {standard_task_runner.py:91} INFO - Job 363: Subtask hello2
[2024-04-16T09:39:03.148+0000] {task_command.py:426} INFO - Running <TaskInstance: spotify_final_dag.hello2 scheduled__2024-04-16T02:00:00+00:00 [running]> on host 52651c1f9987
[2024-04-16T09:39:03.234+0000] {taskinstance.py:2644} INFO - Exporting env vars: AIRFLOW_CTX_DAG_OWNER='***' AIRFLOW_CTX_DAG_ID='spotify_final_dag' AIRFLOW_CTX_TASK_ID='hello2' AIRFLOW_CTX_EXECUTION_DATE='2024-04-16T02:00:00+00:00' AIRFLOW_CTX_TRY_NUMBER='1' AIRFLOW_CTX_DAG_RUN_ID='scheduled__2024-04-16T02:00:00+00:00'
[2024-04-16T09:39:03.235+0000] {taskinstance.py:430} INFO - ::endgroup::
[2024-04-16T09:39:03.654+0000] {logging_mixin.py:188} INFO - Connection successful
[2024-04-16T09:39:04.066+0000] {logging_mixin.py:188} INFO - Connection successful
[2024-04-16T09:39:04.492+0000] {logging_mixin.py:188} INFO - Connection successful
[2024-04-16T09:39:04.495+0000] {logging_mixin.py:188} INFO - Null Not Found
[2024-04-16T09:39:04.496+0000] {logging_mixin.py:188} INFO - Null Not Found
[2024-04-16T09:39:04.505+0000] {logging_mixin.py:188} INFO - Null Not Found
[2024-04-16T09:39:04.505+0000] {logging_mixin.py:188} INFO - Null Not Found
[2024-04-16T09:39:04.506+0000] {logging_mixin.py:188} INFO - Null Not Found
[2024-04-16T09:39:04.507+0000] {logging_mixin.py:188} INFO - Null Not Found
[2024-04-16T09:39:04.508+0000] {python.py:237} INFO - Done. Returned value was: None
[2024-04-16T09:39:04.509+0000] {taskinstance.py:441} INFO - ::group::Post task execution logs
[2024-04-16T09:39:04.518+0000] {taskinstance.py:1205} INFO - Marking task as SUCCESS. dag_id=spotify_final_dag, task_id=hello2, execution_date=20240416T020000, start_date=20240416T093903, end_date=20240416T093904
[2024-04-16T09:39:04.561+0000] {local_task_job_runner.py:240} INFO - Task exited with return code 0
[2024-04-16T09:39:04.574+0000] {taskinstance.py:3482} INFO - 0 downstream tasks scheduled from follow-on schedule check
[2024-04-16T09:39:04.575+0000] {local_task_job_runner.py:222} INFO - ::endgroup::
[2024-04-16T09:47:19.703+0000] {local_task_job_runner.py:120} INFO - ::group::Pre task execution logs
[2024-04-16T09:47:19.720+0000] {taskinstance.py:2073} INFO - Dependencies all met for dep_context=non-requeueable deps ti=<TaskInstance: spotify_final_dag.hello2 scheduled__2024-04-16T02:00:00+00:00 [queued]>
[2024-04-16T09:47:19.727+0000] {taskinstance.py:2073} INFO - Dependencies all met for dep_context=requeueable deps ti=<TaskInstance: spotify_final_dag.hello2 scheduled__2024-04-16T02:00:00+00:00 [queued]>
[2024-04-16T09:47:19.727+0000] {taskinstance.py:2303} INFO - Starting attempt 1 of 2
[2024-04-16T09:47:19.739+0000] {taskinstance.py:2327} INFO - Executing <Task(PythonOperator): hello2> on 2024-04-16 02:00:00+00:00
[2024-04-16T09:47:19.748+0000] {warnings.py:110} WARNING - /home/***/.local/lib/python3.12/site-packages/***/task/task_runner/standard_task_runner.py:61: DeprecationWarning: This process (pid=4126) is multi-threaded, use of fork() may lead to deadlocks in the child.
  pid = os.fork()

[2024-04-16T09:47:19.749+0000] {standard_task_runner.py:63} INFO - Started process 4137 to run task
[2024-04-16T09:47:19.750+0000] {standard_task_runner.py:90} INFO - Running: ['***', 'tasks', 'run', 'spotify_final_dag', 'hello2', 'scheduled__2024-04-16T02:00:00+00:00', '--job-id', '1068', '--raw', '--subdir', 'DAGS_FOLDER/dag.py', '--cfg-path', '/tmp/tmpugbtd4qw']
[2024-04-16T09:47:19.751+0000] {standard_task_runner.py:91} INFO - Job 1068: Subtask hello2
[2024-04-16T09:47:19.795+0000] {task_command.py:426} INFO - Running <TaskInstance: spotify_final_dag.hello2 scheduled__2024-04-16T02:00:00+00:00 [running]> on host 52651c1f9987
[2024-04-16T09:47:19.869+0000] {taskinstance.py:2644} INFO - Exporting env vars: AIRFLOW_CTX_DAG_OWNER='***' AIRFLOW_CTX_DAG_ID='spotify_final_dag' AIRFLOW_CTX_TASK_ID='hello2' AIRFLOW_CTX_EXECUTION_DATE='2024-04-16T02:00:00+00:00' AIRFLOW_CTX_TRY_NUMBER='1' AIRFLOW_CTX_DAG_RUN_ID='scheduled__2024-04-16T02:00:00+00:00'
[2024-04-16T09:47:19.870+0000] {taskinstance.py:430} INFO - ::endgroup::
[2024-04-16T09:47:20.305+0000] {logging_mixin.py:188} INFO - Connection successful
[2024-04-16T09:47:20.718+0000] {logging_mixin.py:188} INFO - Connection successful
[2024-04-16T09:47:21.311+0000] {logging_mixin.py:188} INFO - Connection successful
[2024-04-16T09:47:21.315+0000] {logging_mixin.py:188} INFO - Null Not Found
[2024-04-16T09:47:21.315+0000] {logging_mixin.py:188} INFO - Null Not Found
[2024-04-16T09:47:21.324+0000] {logging_mixin.py:188} INFO - Null Not Found
[2024-04-16T09:47:21.324+0000] {logging_mixin.py:188} INFO - Null Not Found
[2024-04-16T09:47:21.325+0000] {logging_mixin.py:188} INFO - Null Not Found
[2024-04-16T09:47:21.326+0000] {logging_mixin.py:188} INFO - Null Not Found
[2024-04-16T09:47:21.327+0000] {python.py:237} INFO - Done. Returned value was: None
[2024-04-16T09:47:21.327+0000] {taskinstance.py:441} INFO - ::group::Post task execution logs
[2024-04-16T09:47:21.334+0000] {taskinstance.py:1205} INFO - Marking task as SUCCESS. dag_id=spotify_final_dag, task_id=hello2, execution_date=20240416T020000, start_date=20240416T094719, end_date=20240416T094721
[2024-04-16T09:47:21.370+0000] {local_task_job_runner.py:240} INFO - Task exited with return code 0
[2024-04-16T09:47:21.383+0000] {taskinstance.py:3482} INFO - 0 downstream tasks scheduled from follow-on schedule check
[2024-04-16T09:47:21.384+0000] {local_task_job_runner.py:222} INFO - ::endgroup::
