[2024-04-16T09:39:37.554+0000] {local_task_job_runner.py:120} INFO - ::group::Pre task execution logs
[2024-04-16T09:39:37.577+0000] {taskinstance.py:2073} INFO - Dependencies all met for dep_context=non-requeueable deps ti=<TaskInstance: spotify_final_dag.hello2 scheduled__2024-04-16T02:46:00+00:00 [queued]>
[2024-04-16T09:39:37.588+0000] {taskinstance.py:2073} INFO - Dependencies all met for dep_context=requeueable deps ti=<TaskInstance: spotify_final_dag.hello2 scheduled__2024-04-16T02:46:00+00:00 [queued]>
[2024-04-16T09:39:37.588+0000] {taskinstance.py:2303} INFO - Starting attempt 1 of 2
[2024-04-16T09:39:37.601+0000] {taskinstance.py:2327} INFO - Executing <Task(PythonOperator): hello2> on 2024-04-16 02:46:00+00:00
[2024-04-16T09:39:37.610+0000] {warnings.py:110} WARNING - /home/***/.local/lib/python3.12/site-packages/***/task/task_runner/standard_task_runner.py:61: DeprecationWarning: This process (pid=2162) is multi-threaded, use of fork() may lead to deadlocks in the child.
  pid = os.fork()

[2024-04-16T09:39:37.612+0000] {standard_task_runner.py:63} INFO - Started process 2183 to run task
[2024-04-16T09:39:37.612+0000] {standard_task_runner.py:90} INFO - Running: ['***', 'tasks', 'run', 'spotify_final_dag', 'hello2', 'scheduled__2024-04-16T02:46:00+00:00', '--job-id', '451', '--raw', '--subdir', 'DAGS_FOLDER/dag.py', '--cfg-path', '/tmp/tmpkjz213m6']
[2024-04-16T09:39:37.614+0000] {standard_task_runner.py:91} INFO - Job 451: Subtask hello2
[2024-04-16T09:39:37.671+0000] {task_command.py:426} INFO - Running <TaskInstance: spotify_final_dag.hello2 scheduled__2024-04-16T02:46:00+00:00 [running]> on host 52651c1f9987
[2024-04-16T09:39:37.765+0000] {taskinstance.py:2644} INFO - Exporting env vars: AIRFLOW_CTX_DAG_OWNER='***' AIRFLOW_CTX_DAG_ID='spotify_final_dag' AIRFLOW_CTX_TASK_ID='hello2' AIRFLOW_CTX_EXECUTION_DATE='2024-04-16T02:46:00+00:00' AIRFLOW_CTX_TRY_NUMBER='1' AIRFLOW_CTX_DAG_RUN_ID='scheduled__2024-04-16T02:46:00+00:00'
[2024-04-16T09:39:37.766+0000] {taskinstance.py:430} INFO - ::endgroup::
[2024-04-16T09:39:38.256+0000] {logging_mixin.py:188} INFO - Connection successful
[2024-04-16T09:39:38.781+0000] {logging_mixin.py:188} INFO - Connection successful
[2024-04-16T09:39:39.179+0000] {logging_mixin.py:188} INFO - Connection successful
[2024-04-16T09:39:39.184+0000] {logging_mixin.py:188} INFO - Null Not Found
[2024-04-16T09:39:39.186+0000] {logging_mixin.py:188} INFO - Null Not Found
[2024-04-16T09:39:39.195+0000] {logging_mixin.py:188} INFO - Null Not Found
[2024-04-16T09:39:39.196+0000] {logging_mixin.py:188} INFO - Null Not Found
[2024-04-16T09:39:39.197+0000] {logging_mixin.py:188} INFO - Null Not Found
[2024-04-16T09:39:39.198+0000] {logging_mixin.py:188} INFO - Null Not Found
[2024-04-16T09:39:39.200+0000] {python.py:237} INFO - Done. Returned value was: None
[2024-04-16T09:39:39.200+0000] {taskinstance.py:441} INFO - ::group::Post task execution logs
[2024-04-16T09:39:39.210+0000] {taskinstance.py:1205} INFO - Marking task as SUCCESS. dag_id=spotify_final_dag, task_id=hello2, execution_date=20240416T024600, start_date=20240416T093937, end_date=20240416T093939
[2024-04-16T09:39:39.271+0000] {local_task_job_runner.py:240} INFO - Task exited with return code 0
[2024-04-16T09:39:39.284+0000] {taskinstance.py:3482} INFO - 0 downstream tasks scheduled from follow-on schedule check
[2024-04-16T09:39:39.286+0000] {local_task_job_runner.py:222} INFO - ::endgroup::
[2024-04-16T09:47:38.269+0000] {local_task_job_runner.py:120} INFO - ::group::Pre task execution logs
[2024-04-16T09:47:38.292+0000] {taskinstance.py:2073} INFO - Dependencies all met for dep_context=non-requeueable deps ti=<TaskInstance: spotify_final_dag.hello2 scheduled__2024-04-16T02:46:00+00:00 [queued]>
[2024-04-16T09:47:38.300+0000] {taskinstance.py:2073} INFO - Dependencies all met for dep_context=requeueable deps ti=<TaskInstance: spotify_final_dag.hello2 scheduled__2024-04-16T02:46:00+00:00 [queued]>
[2024-04-16T09:47:38.301+0000] {taskinstance.py:2303} INFO - Starting attempt 1 of 2
[2024-04-16T09:47:38.315+0000] {taskinstance.py:2327} INFO - Executing <Task(PythonOperator): hello2> on 2024-04-16 02:46:00+00:00
[2024-04-16T09:47:38.324+0000] {warnings.py:110} WARNING - /home/***/.local/lib/python3.12/site-packages/***/task/task_runner/standard_task_runner.py:61: DeprecationWarning: This process (pid=4288) is multi-threaded, use of fork() may lead to deadlocks in the child.
  pid = os.fork()

[2024-04-16T09:47:38.326+0000] {standard_task_runner.py:63} INFO - Started process 4312 to run task
[2024-04-16T09:47:38.326+0000] {standard_task_runner.py:90} INFO - Running: ['***', 'tasks', 'run', 'spotify_final_dag', 'hello2', 'scheduled__2024-04-16T02:46:00+00:00', '--job-id', '1124', '--raw', '--subdir', 'DAGS_FOLDER/dag.py', '--cfg-path', '/tmp/tmp2gigkesr']
[2024-04-16T09:47:38.327+0000] {standard_task_runner.py:91} INFO - Job 1124: Subtask hello2
[2024-04-16T09:47:38.383+0000] {task_command.py:426} INFO - Running <TaskInstance: spotify_final_dag.hello2 scheduled__2024-04-16T02:46:00+00:00 [running]> on host 52651c1f9987
[2024-04-16T09:47:38.482+0000] {taskinstance.py:2644} INFO - Exporting env vars: AIRFLOW_CTX_DAG_OWNER='***' AIRFLOW_CTX_DAG_ID='spotify_final_dag' AIRFLOW_CTX_TASK_ID='hello2' AIRFLOW_CTX_EXECUTION_DATE='2024-04-16T02:46:00+00:00' AIRFLOW_CTX_TRY_NUMBER='1' AIRFLOW_CTX_DAG_RUN_ID='scheduled__2024-04-16T02:46:00+00:00'
[2024-04-16T09:47:38.484+0000] {taskinstance.py:430} INFO - ::endgroup::
[2024-04-16T09:47:38.917+0000] {logging_mixin.py:188} INFO - Connection successful
[2024-04-16T09:47:39.334+0000] {logging_mixin.py:188} INFO - Connection successful
[2024-04-16T09:47:39.775+0000] {logging_mixin.py:188} INFO - Connection successful
[2024-04-16T09:47:39.780+0000] {logging_mixin.py:188} INFO - Null Not Found
[2024-04-16T09:47:39.781+0000] {logging_mixin.py:188} INFO - Null Not Found
[2024-04-16T09:47:39.792+0000] {logging_mixin.py:188} INFO - Null Not Found
[2024-04-16T09:47:39.793+0000] {logging_mixin.py:188} INFO - Null Not Found
[2024-04-16T09:47:39.795+0000] {logging_mixin.py:188} INFO - Null Not Found
[2024-04-16T09:47:39.796+0000] {logging_mixin.py:188} INFO - Null Not Found
[2024-04-16T09:47:39.797+0000] {python.py:237} INFO - Done. Returned value was: None
[2024-04-16T09:47:39.798+0000] {taskinstance.py:441} INFO - ::group::Post task execution logs
[2024-04-16T09:47:39.807+0000] {taskinstance.py:1205} INFO - Marking task as SUCCESS. dag_id=spotify_final_dag, task_id=hello2, execution_date=20240416T024600, start_date=20240416T094738, end_date=20240416T094739
[2024-04-16T09:47:39.828+0000] {local_task_job_runner.py:240} INFO - Task exited with return code 0
[2024-04-16T09:47:39.841+0000] {taskinstance.py:3482} INFO - 0 downstream tasks scheduled from follow-on schedule check
[2024-04-16T09:47:39.843+0000] {local_task_job_runner.py:222} INFO - ::endgroup::
