[2024-04-16T09:40:06.072+0000] {local_task_job_runner.py:120} INFO - ::group::Pre task execution logs
[2024-04-16T09:40:06.103+0000] {taskinstance.py:2073} INFO - Dependencies all met for dep_context=non-requeueable deps ti=<TaskInstance: spotify_final_dag.hello2 scheduled__2024-04-16T03:22:00+00:00 [queued]>
[2024-04-16T09:40:06.113+0000] {taskinstance.py:2073} INFO - Dependencies all met for dep_context=requeueable deps ti=<TaskInstance: spotify_final_dag.hello2 scheduled__2024-04-16T03:22:00+00:00 [queued]>
[2024-04-16T09:40:06.114+0000] {taskinstance.py:2303} INFO - Starting attempt 1 of 2
[2024-04-16T09:40:06.132+0000] {taskinstance.py:2327} INFO - Executing <Task(PythonOperator): hello2> on 2024-04-16 03:22:00+00:00
[2024-04-16T09:40:06.144+0000] {warnings.py:110} WARNING - /home/***/.local/lib/python3.12/site-packages/***/task/task_runner/standard_task_runner.py:61: DeprecationWarning: This process (pid=2416) is multi-threaded, use of fork() may lead to deadlocks in the child.
  pid = os.fork()

[2024-04-16T09:40:06.147+0000] {standard_task_runner.py:63} INFO - Started process 2449 to run task
[2024-04-16T09:40:06.149+0000] {standard_task_runner.py:90} INFO - Running: ['***', 'tasks', 'run', 'spotify_final_dag', 'hello2', 'scheduled__2024-04-16T03:22:00+00:00', '--job-id', '535', '--raw', '--subdir', 'DAGS_FOLDER/dag.py', '--cfg-path', '/tmp/tmphj3o4zi8']
[2024-04-16T09:40:06.150+0000] {standard_task_runner.py:91} INFO - Job 535: Subtask hello2
[2024-04-16T09:40:06.224+0000] {task_command.py:426} INFO - Running <TaskInstance: spotify_final_dag.hello2 scheduled__2024-04-16T03:22:00+00:00 [running]> on host 52651c1f9987
[2024-04-16T09:40:06.353+0000] {taskinstance.py:2644} INFO - Exporting env vars: AIRFLOW_CTX_DAG_OWNER='***' AIRFLOW_CTX_DAG_ID='spotify_final_dag' AIRFLOW_CTX_TASK_ID='hello2' AIRFLOW_CTX_EXECUTION_DATE='2024-04-16T03:22:00+00:00' AIRFLOW_CTX_TRY_NUMBER='1' AIRFLOW_CTX_DAG_RUN_ID='scheduled__2024-04-16T03:22:00+00:00'
[2024-04-16T09:40:06.356+0000] {taskinstance.py:430} INFO - ::endgroup::
[2024-04-16T09:40:06.788+0000] {logging_mixin.py:188} INFO - Connection successful
[2024-04-16T09:40:07.316+0000] {logging_mixin.py:188} INFO - Connection successful
[2024-04-16T09:40:07.764+0000] {logging_mixin.py:188} INFO - Connection successful
[2024-04-16T09:40:07.771+0000] {logging_mixin.py:188} INFO - Null Not Found
[2024-04-16T09:40:07.772+0000] {logging_mixin.py:188} INFO - Null Not Found
[2024-04-16T09:40:07.781+0000] {logging_mixin.py:188} INFO - Null Not Found
[2024-04-16T09:40:07.782+0000] {logging_mixin.py:188} INFO - Null Not Found
[2024-04-16T09:40:07.784+0000] {logging_mixin.py:188} INFO - Null Not Found
[2024-04-16T09:40:07.784+0000] {logging_mixin.py:188} INFO - Null Not Found
[2024-04-16T09:40:07.786+0000] {python.py:237} INFO - Done. Returned value was: None
[2024-04-16T09:40:07.786+0000] {taskinstance.py:441} INFO - ::group::Post task execution logs
[2024-04-16T09:40:07.798+0000] {taskinstance.py:1205} INFO - Marking task as SUCCESS. dag_id=spotify_final_dag, task_id=hello2, execution_date=20240416T032200, start_date=20240416T094006, end_date=20240416T094007
[2024-04-16T09:40:07.863+0000] {local_task_job_runner.py:240} INFO - Task exited with return code 0
[2024-04-16T09:40:07.879+0000] {taskinstance.py:3482} INFO - 0 downstream tasks scheduled from follow-on schedule check
[2024-04-16T09:40:07.882+0000] {local_task_job_runner.py:222} INFO - ::endgroup::
[2024-04-16T09:47:49.227+0000] {local_task_job_runner.py:120} INFO - ::group::Pre task execution logs
[2024-04-16T09:47:49.251+0000] {taskinstance.py:2073} INFO - Dependencies all met for dep_context=non-requeueable deps ti=<TaskInstance: spotify_final_dag.hello2 scheduled__2024-04-16T03:22:00+00:00 [queued]>
[2024-04-16T09:47:49.262+0000] {taskinstance.py:2073} INFO - Dependencies all met for dep_context=requeueable deps ti=<TaskInstance: spotify_final_dag.hello2 scheduled__2024-04-16T03:22:00+00:00 [queued]>
[2024-04-16T09:47:49.263+0000] {taskinstance.py:2303} INFO - Starting attempt 1 of 2
[2024-04-16T09:47:49.275+0000] {taskinstance.py:2327} INFO - Executing <Task(PythonOperator): hello2> on 2024-04-16 03:22:00+00:00
[2024-04-16T09:47:49.284+0000] {warnings.py:110} WARNING - /home/***/.local/lib/python3.12/site-packages/***/task/task_runner/standard_task_runner.py:61: DeprecationWarning: This process (pid=4391) is multi-threaded, use of fork() may lead to deadlocks in the child.
  pid = os.fork()

[2024-04-16T09:47:49.286+0000] {standard_task_runner.py:63} INFO - Started process 4420 to run task
[2024-04-16T09:47:49.286+0000] {standard_task_runner.py:90} INFO - Running: ['***', 'tasks', 'run', 'spotify_final_dag', 'hello2', 'scheduled__2024-04-16T03:22:00+00:00', '--job-id', '1158', '--raw', '--subdir', 'DAGS_FOLDER/dag.py', '--cfg-path', '/tmp/tmp68hxus7q']
[2024-04-16T09:47:49.287+0000] {standard_task_runner.py:91} INFO - Job 1158: Subtask hello2
[2024-04-16T09:47:49.333+0000] {task_command.py:426} INFO - Running <TaskInstance: spotify_final_dag.hello2 scheduled__2024-04-16T03:22:00+00:00 [running]> on host 52651c1f9987
[2024-04-16T09:47:49.430+0000] {taskinstance.py:2644} INFO - Exporting env vars: AIRFLOW_CTX_DAG_OWNER='***' AIRFLOW_CTX_DAG_ID='spotify_final_dag' AIRFLOW_CTX_TASK_ID='hello2' AIRFLOW_CTX_EXECUTION_DATE='2024-04-16T03:22:00+00:00' AIRFLOW_CTX_TRY_NUMBER='1' AIRFLOW_CTX_DAG_RUN_ID='scheduled__2024-04-16T03:22:00+00:00'
[2024-04-16T09:47:49.432+0000] {taskinstance.py:430} INFO - ::endgroup::
[2024-04-16T09:47:49.914+0000] {logging_mixin.py:188} INFO - Connection successful
[2024-04-16T09:47:50.311+0000] {logging_mixin.py:188} INFO - Connection successful
[2024-04-16T09:47:50.697+0000] {logging_mixin.py:188} INFO - Connection successful
[2024-04-16T09:47:50.701+0000] {logging_mixin.py:188} INFO - Null Not Found
[2024-04-16T09:47:50.702+0000] {logging_mixin.py:188} INFO - Null Not Found
[2024-04-16T09:47:50.710+0000] {logging_mixin.py:188} INFO - Null Not Found
[2024-04-16T09:47:50.711+0000] {logging_mixin.py:188} INFO - Null Not Found
[2024-04-16T09:47:50.712+0000] {logging_mixin.py:188} INFO - Null Not Found
[2024-04-16T09:47:50.713+0000] {logging_mixin.py:188} INFO - Null Not Found
[2024-04-16T09:47:50.714+0000] {python.py:237} INFO - Done. Returned value was: None
[2024-04-16T09:47:50.714+0000] {taskinstance.py:441} INFO - ::group::Post task execution logs
[2024-04-16T09:47:50.722+0000] {taskinstance.py:1205} INFO - Marking task as SUCCESS. dag_id=spotify_final_dag, task_id=hello2, execution_date=20240416T032200, start_date=20240416T094749, end_date=20240416T094750
[2024-04-16T09:47:50.784+0000] {local_task_job_runner.py:240} INFO - Task exited with return code 0
[2024-04-16T09:47:50.795+0000] {taskinstance.py:3482} INFO - 0 downstream tasks scheduled from follow-on schedule check
[2024-04-16T09:47:50.797+0000] {local_task_job_runner.py:222} INFO - ::endgroup::
