[2024-04-17T07:36:45.840+0000] {local_task_job_runner.py:120} INFO - ::group::Pre task execution logs
[2024-04-17T07:36:45.854+0000] {taskinstance.py:2073} INFO - Dependencies all met for dep_context=non-requeueable deps ti=<TaskInstance: etl_for_spotify.processes scheduled__2024-04-16T22:22:00+00:00 [queued]>
[2024-04-17T07:36:45.861+0000] {taskinstance.py:2073} INFO - Dependencies all met for dep_context=requeueable deps ti=<TaskInstance: etl_for_spotify.processes scheduled__2024-04-16T22:22:00+00:00 [queued]>
[2024-04-17T07:36:45.862+0000] {taskinstance.py:2303} INFO - Starting attempt 1 of 2
[2024-04-17T07:36:45.872+0000] {taskinstance.py:2327} INFO - Executing <Task(PythonOperator): processes> on 2024-04-16 22:22:00+00:00
[2024-04-17T07:36:45.880+0000] {warnings.py:110} WARNING - /home/***/.local/lib/python3.12/site-packages/***/task/task_runner/standard_task_runner.py:61: DeprecationWarning: This process (pid=9569) is multi-threaded, use of fork() may lead to deadlocks in the child.
  pid = os.fork()

[2024-04-17T07:36:45.882+0000] {standard_task_runner.py:63} INFO - Started process 9586 to run task
[2024-04-17T07:36:45.882+0000] {standard_task_runner.py:90} INFO - Running: ['***', 'tasks', 'run', 'etl_for_spotify', 'processes', 'scheduled__2024-04-16T22:22:00+00:00', '--job-id', '4134', '--raw', '--subdir', 'DAGS_FOLDER/dag.py', '--cfg-path', '/tmp/tmpp4elqvxu']
[2024-04-17T07:36:45.883+0000] {standard_task_runner.py:91} INFO - Job 4134: Subtask processes
[2024-04-17T07:36:45.917+0000] {task_command.py:426} INFO - Running <TaskInstance: etl_for_spotify.processes scheduled__2024-04-16T22:22:00+00:00 [running]> on host 52651c1f9987
[2024-04-17T07:36:45.996+0000] {taskinstance.py:2644} INFO - Exporting env vars: AIRFLOW_CTX_DAG_OWNER='***' AIRFLOW_CTX_DAG_ID='etl_for_spotify' AIRFLOW_CTX_TASK_ID='processes' AIRFLOW_CTX_EXECUTION_DATE='2024-04-16T22:22:00+00:00' AIRFLOW_CTX_TRY_NUMBER='1' AIRFLOW_CTX_DAG_RUN_ID='scheduled__2024-04-16T22:22:00+00:00'
[2024-04-17T07:36:45.997+0000] {taskinstance.py:430} INFO - ::endgroup::
[2024-04-17T07:36:46.442+0000] {logging_mixin.py:188} INFO - Connection successful
[2024-04-17T07:36:46.895+0000] {logging_mixin.py:188} INFO - Connection successful
[2024-04-17T07:36:47.354+0000] {logging_mixin.py:188} INFO - Connection successful
[2024-04-17T07:36:47.359+0000] {logging_mixin.py:188} INFO - Null Not Found
[2024-04-17T07:36:47.360+0000] {logging_mixin.py:188} INFO - Null Not Found
[2024-04-17T07:36:47.370+0000] {logging_mixin.py:188} INFO - Null Not Found
[2024-04-17T07:36:47.371+0000] {logging_mixin.py:188} INFO - Null Not Found
[2024-04-17T07:36:47.372+0000] {logging_mixin.py:188} INFO - Null Not Found
[2024-04-17T07:36:47.372+0000] {logging_mixin.py:188} INFO - Null Not Found
[2024-04-17T07:36:47.374+0000] {python.py:237} INFO - Done. Returned value was: None
[2024-04-17T07:36:47.375+0000] {taskinstance.py:441} INFO - ::group::Post task execution logs
[2024-04-17T07:36:47.382+0000] {taskinstance.py:1205} INFO - Marking task as SUCCESS. dag_id=etl_for_spotify, task_id=processes, execution_date=20240416T222200, start_date=20240417T073645, end_date=20240417T073647
[2024-04-17T07:36:47.419+0000] {local_task_job_runner.py:240} INFO - Task exited with return code 0
[2024-04-17T07:36:47.434+0000] {taskinstance.py:3482} INFO - 0 downstream tasks scheduled from follow-on schedule check
[2024-04-17T07:36:47.435+0000] {local_task_job_runner.py:222} INFO - ::endgroup::
