[2024-04-17T07:37:15.094+0000] {local_task_job_runner.py:120} INFO - ::group::Pre task execution logs
[2024-04-17T07:37:15.122+0000] {taskinstance.py:2073} INFO - Dependencies all met for dep_context=non-requeueable deps ti=<TaskInstance: etl_for_spotify.processes scheduled__2024-04-16T23:40:00+00:00 [queued]>
[2024-04-17T07:37:15.132+0000] {taskinstance.py:2073} INFO - Dependencies all met for dep_context=requeueable deps ti=<TaskInstance: etl_for_spotify.processes scheduled__2024-04-16T23:40:00+00:00 [queued]>
[2024-04-17T07:37:15.133+0000] {taskinstance.py:2303} INFO - Starting attempt 1 of 2
[2024-04-17T07:37:15.260+0000] {taskinstance.py:2327} INFO - Executing <Task(PythonOperator): processes> on 2024-04-16 23:40:00+00:00
[2024-04-17T07:37:15.275+0000] {warnings.py:110} WARNING - /home/***/.local/lib/python3.12/site-packages/***/task/task_runner/standard_task_runner.py:61: DeprecationWarning: This process (pid=9834) is multi-threaded, use of fork() may lead to deadlocks in the child.
  pid = os.fork()

[2024-04-17T07:37:15.278+0000] {standard_task_runner.py:63} INFO - Started process 9868 to run task
[2024-04-17T07:37:15.278+0000] {standard_task_runner.py:90} INFO - Running: ['***', 'tasks', 'run', 'etl_for_spotify', 'processes', 'scheduled__2024-04-16T23:40:00+00:00', '--job-id', '4220', '--raw', '--subdir', 'DAGS_FOLDER/dag.py', '--cfg-path', '/tmp/tmpidp_df8y']
[2024-04-17T07:37:15.284+0000] {standard_task_runner.py:91} INFO - Job 4220: Subtask processes
[2024-04-17T07:37:15.372+0000] {task_command.py:426} INFO - Running <TaskInstance: etl_for_spotify.processes scheduled__2024-04-16T23:40:00+00:00 [running]> on host 52651c1f9987
[2024-04-17T07:37:15.482+0000] {taskinstance.py:2644} INFO - Exporting env vars: AIRFLOW_CTX_DAG_OWNER='***' AIRFLOW_CTX_DAG_ID='etl_for_spotify' AIRFLOW_CTX_TASK_ID='processes' AIRFLOW_CTX_EXECUTION_DATE='2024-04-16T23:40:00+00:00' AIRFLOW_CTX_TRY_NUMBER='1' AIRFLOW_CTX_DAG_RUN_ID='scheduled__2024-04-16T23:40:00+00:00'
[2024-04-17T07:37:15.484+0000] {taskinstance.py:430} INFO - ::endgroup::
[2024-04-17T07:37:16.024+0000] {logging_mixin.py:188} INFO - Connection successful
[2024-04-17T07:37:16.486+0000] {logging_mixin.py:188} INFO - Connection successful
[2024-04-17T07:37:16.902+0000] {logging_mixin.py:188} INFO - Connection successful
[2024-04-17T07:37:16.907+0000] {logging_mixin.py:188} INFO - Null Not Found
[2024-04-17T07:37:16.908+0000] {logging_mixin.py:188} INFO - Null Not Found
[2024-04-17T07:37:16.917+0000] {logging_mixin.py:188} INFO - Null Not Found
[2024-04-17T07:37:16.917+0000] {logging_mixin.py:188} INFO - Null Not Found
[2024-04-17T07:37:16.919+0000] {logging_mixin.py:188} INFO - Null Not Found
[2024-04-17T07:37:16.919+0000] {logging_mixin.py:188} INFO - Null Not Found
[2024-04-17T07:37:16.920+0000] {python.py:237} INFO - Done. Returned value was: None
[2024-04-17T07:37:16.921+0000] {taskinstance.py:441} INFO - ::group::Post task execution logs
[2024-04-17T07:37:16.928+0000] {taskinstance.py:1205} INFO - Marking task as SUCCESS. dag_id=etl_for_spotify, task_id=processes, execution_date=20240416T234000, start_date=20240417T073715, end_date=20240417T073716
[2024-04-17T07:37:16.981+0000] {local_task_job_runner.py:240} INFO - Task exited with return code 0
[2024-04-17T07:37:16.993+0000] {taskinstance.py:3482} INFO - 0 downstream tasks scheduled from follow-on schedule check
[2024-04-17T07:37:16.995+0000] {local_task_job_runner.py:222} INFO - ::endgroup::
