[2024-04-16T09:39:47.812+0000] {local_task_job_runner.py:120} INFO - ::group::Pre task execution logs
[2024-04-16T09:39:47.830+0000] {taskinstance.py:2073} INFO - Dependencies all met for dep_context=non-requeueable deps ti=<TaskInstance: spotify_final_dag.hello2 scheduled__2024-04-16T03:02:00+00:00 [queued]>
[2024-04-16T09:39:47.839+0000] {taskinstance.py:2073} INFO - Dependencies all met for dep_context=requeueable deps ti=<TaskInstance: spotify_final_dag.hello2 scheduled__2024-04-16T03:02:00+00:00 [queued]>
[2024-04-16T09:39:47.839+0000] {taskinstance.py:2303} INFO - Starting attempt 1 of 2
[2024-04-16T09:39:47.849+0000] {taskinstance.py:2327} INFO - Executing <Task(PythonOperator): hello2> on 2024-04-16 03:02:00+00:00
[2024-04-16T09:39:47.859+0000] {warnings.py:110} WARNING - /home/***/.local/lib/python3.12/site-packages/***/task/task_runner/standard_task_runner.py:61: DeprecationWarning: This process (pid=2264) is multi-threaded, use of fork() may lead to deadlocks in the child.
  pid = os.fork()

[2024-04-16T09:39:47.860+0000] {standard_task_runner.py:63} INFO - Started process 2279 to run task
[2024-04-16T09:39:47.860+0000] {standard_task_runner.py:90} INFO - Running: ['***', 'tasks', 'run', 'spotify_final_dag', 'hello2', 'scheduled__2024-04-16T03:02:00+00:00', '--job-id', '483', '--raw', '--subdir', 'DAGS_FOLDER/dag.py', '--cfg-path', '/tmp/tmpi59bt7us']
[2024-04-16T09:39:47.861+0000] {standard_task_runner.py:91} INFO - Job 483: Subtask hello2
[2024-04-16T09:39:47.898+0000] {task_command.py:426} INFO - Running <TaskInstance: spotify_final_dag.hello2 scheduled__2024-04-16T03:02:00+00:00 [running]> on host 52651c1f9987
[2024-04-16T09:39:47.983+0000] {taskinstance.py:2644} INFO - Exporting env vars: AIRFLOW_CTX_DAG_OWNER='***' AIRFLOW_CTX_DAG_ID='spotify_final_dag' AIRFLOW_CTX_TASK_ID='hello2' AIRFLOW_CTX_EXECUTION_DATE='2024-04-16T03:02:00+00:00' AIRFLOW_CTX_TRY_NUMBER='1' AIRFLOW_CTX_DAG_RUN_ID='scheduled__2024-04-16T03:02:00+00:00'
[2024-04-16T09:39:47.984+0000] {taskinstance.py:430} INFO - ::endgroup::
[2024-04-16T09:39:48.404+0000] {logging_mixin.py:188} INFO - Connection successful
[2024-04-16T09:39:48.817+0000] {logging_mixin.py:188} INFO - Connection successful
[2024-04-16T09:39:49.243+0000] {logging_mixin.py:188} INFO - Connection successful
[2024-04-16T09:39:49.247+0000] {logging_mixin.py:188} INFO - Null Not Found
[2024-04-16T09:39:49.248+0000] {logging_mixin.py:188} INFO - Null Not Found
[2024-04-16T09:39:49.256+0000] {logging_mixin.py:188} INFO - Null Not Found
[2024-04-16T09:39:49.257+0000] {logging_mixin.py:188} INFO - Null Not Found
[2024-04-16T09:39:49.258+0000] {logging_mixin.py:188} INFO - Null Not Found
[2024-04-16T09:39:49.258+0000] {logging_mixin.py:188} INFO - Null Not Found
[2024-04-16T09:39:49.259+0000] {python.py:237} INFO - Done. Returned value was: None
[2024-04-16T09:39:49.259+0000] {taskinstance.py:441} INFO - ::group::Post task execution logs
[2024-04-16T09:39:49.266+0000] {taskinstance.py:1205} INFO - Marking task as SUCCESS. dag_id=spotify_final_dag, task_id=hello2, execution_date=20240416T030200, start_date=20240416T093947, end_date=20240416T093949
[2024-04-16T09:39:49.281+0000] {local_task_job_runner.py:240} INFO - Task exited with return code 0
[2024-04-16T09:39:49.292+0000] {taskinstance.py:3482} INFO - 0 downstream tasks scheduled from follow-on schedule check
[2024-04-16T09:39:49.295+0000] {local_task_job_runner.py:222} INFO - ::endgroup::
[2024-04-16T09:47:39.622+0000] {local_task_job_runner.py:120} INFO - ::group::Pre task execution logs
[2024-04-16T09:47:39.644+0000] {taskinstance.py:2073} INFO - Dependencies all met for dep_context=non-requeueable deps ti=<TaskInstance: spotify_final_dag.hello2 scheduled__2024-04-16T03:02:00+00:00 [queued]>
[2024-04-16T09:47:39.652+0000] {taskinstance.py:2073} INFO - Dependencies all met for dep_context=requeueable deps ti=<TaskInstance: spotify_final_dag.hello2 scheduled__2024-04-16T03:02:00+00:00 [queued]>
[2024-04-16T09:47:39.653+0000] {taskinstance.py:2303} INFO - Starting attempt 1 of 2
[2024-04-16T09:47:39.667+0000] {taskinstance.py:2327} INFO - Executing <Task(PythonOperator): hello2> on 2024-04-16 03:02:00+00:00
[2024-04-16T09:47:39.675+0000] {warnings.py:110} WARNING - /home/***/.local/lib/python3.12/site-packages/***/task/task_runner/standard_task_runner.py:61: DeprecationWarning: This process (pid=4311) is multi-threaded, use of fork() may lead to deadlocks in the child.
  pid = os.fork()

[2024-04-16T09:47:39.677+0000] {standard_task_runner.py:63} INFO - Started process 4337 to run task
[2024-04-16T09:47:39.678+0000] {standard_task_runner.py:90} INFO - Running: ['***', 'tasks', 'run', 'spotify_final_dag', 'hello2', 'scheduled__2024-04-16T03:02:00+00:00', '--job-id', '1133', '--raw', '--subdir', 'DAGS_FOLDER/dag.py', '--cfg-path', '/tmp/tmpnr4ck9b4']
[2024-04-16T09:47:39.679+0000] {standard_task_runner.py:91} INFO - Job 1133: Subtask hello2
[2024-04-16T09:47:39.722+0000] {task_command.py:426} INFO - Running <TaskInstance: spotify_final_dag.hello2 scheduled__2024-04-16T03:02:00+00:00 [running]> on host 52651c1f9987
[2024-04-16T09:47:39.803+0000] {taskinstance.py:2644} INFO - Exporting env vars: AIRFLOW_CTX_DAG_OWNER='***' AIRFLOW_CTX_DAG_ID='spotify_final_dag' AIRFLOW_CTX_TASK_ID='hello2' AIRFLOW_CTX_EXECUTION_DATE='2024-04-16T03:02:00+00:00' AIRFLOW_CTX_TRY_NUMBER='1' AIRFLOW_CTX_DAG_RUN_ID='scheduled__2024-04-16T03:02:00+00:00'
[2024-04-16T09:47:39.804+0000] {taskinstance.py:430} INFO - ::endgroup::
[2024-04-16T09:47:40.246+0000] {logging_mixin.py:188} INFO - Connection successful
[2024-04-16T09:47:40.662+0000] {logging_mixin.py:188} INFO - Connection successful
[2024-04-16T09:47:41.033+0000] {logging_mixin.py:188} INFO - Connection successful
[2024-04-16T09:47:41.036+0000] {logging_mixin.py:188} INFO - Null Not Found
[2024-04-16T09:47:41.037+0000] {logging_mixin.py:188} INFO - Null Not Found
[2024-04-16T09:47:41.046+0000] {logging_mixin.py:188} INFO - Null Not Found
[2024-04-16T09:47:41.047+0000] {logging_mixin.py:188} INFO - Null Not Found
[2024-04-16T09:47:41.048+0000] {logging_mixin.py:188} INFO - Null Not Found
[2024-04-16T09:47:41.048+0000] {logging_mixin.py:188} INFO - Null Not Found
[2024-04-16T09:47:41.049+0000] {python.py:237} INFO - Done. Returned value was: None
[2024-04-16T09:47:41.050+0000] {taskinstance.py:441} INFO - ::group::Post task execution logs
[2024-04-16T09:47:41.058+0000] {taskinstance.py:1205} INFO - Marking task as SUCCESS. dag_id=spotify_final_dag, task_id=hello2, execution_date=20240416T030200, start_date=20240416T094739, end_date=20240416T094741
[2024-04-16T09:47:41.095+0000] {local_task_job_runner.py:240} INFO - Task exited with return code 0
[2024-04-16T09:47:41.106+0000] {taskinstance.py:3482} INFO - 0 downstream tasks scheduled from follow-on schedule check
[2024-04-16T09:47:41.109+0000] {local_task_job_runner.py:222} INFO - ::endgroup::
