[2024-04-17T07:30:40.550+0000] {local_task_job_runner.py:120} INFO - ::group::Pre task execution logs
[2024-04-17T07:30:40.572+0000] {taskinstance.py:2073} INFO - Dependencies all met for dep_context=non-requeueable deps ti=<TaskInstance: etl_for_spotify.hello2 scheduled__2024-04-16T04:26:00+00:00 [queued]>
[2024-04-17T07:30:40.583+0000] {taskinstance.py:2073} INFO - Dependencies all met for dep_context=requeueable deps ti=<TaskInstance: etl_for_spotify.hello2 scheduled__2024-04-16T04:26:00+00:00 [queued]>
[2024-04-17T07:30:40.584+0000] {taskinstance.py:2303} INFO - Starting attempt 1 of 2
[2024-04-17T07:30:40.600+0000] {taskinstance.py:2327} INFO - Executing <Task(PythonOperator): hello2> on 2024-04-16 04:26:00+00:00
[2024-04-17T07:30:40.606+0000] {warnings.py:110} WARNING - /home/***/.local/lib/python3.12/site-packages/***/task/task_runner/standard_task_runner.py:61: DeprecationWarning: This process (pid=6217) is multi-threaded, use of fork() may lead to deadlocks in the child.
  pid = os.fork()

[2024-04-17T07:30:40.608+0000] {standard_task_runner.py:63} INFO - Started process 6241 to run task
[2024-04-17T07:30:40.609+0000] {standard_task_runner.py:90} INFO - Running: ['***', 'tasks', 'run', 'etl_for_spotify', 'hello2', 'scheduled__2024-04-16T04:26:00+00:00', '--job-id', '3049', '--raw', '--subdir', 'DAGS_FOLDER/dag.py', '--cfg-path', '/tmp/tmplz4xfxvi']
[2024-04-17T07:30:40.610+0000] {standard_task_runner.py:91} INFO - Job 3049: Subtask hello2
[2024-04-17T07:30:40.663+0000] {task_command.py:426} INFO - Running <TaskInstance: etl_for_spotify.hello2 scheduled__2024-04-16T04:26:00+00:00 [running]> on host 52651c1f9987
[2024-04-17T07:30:40.771+0000] {taskinstance.py:2644} INFO - Exporting env vars: AIRFLOW_CTX_DAG_OWNER='***' AIRFLOW_CTX_DAG_ID='etl_for_spotify' AIRFLOW_CTX_TASK_ID='hello2' AIRFLOW_CTX_EXECUTION_DATE='2024-04-16T04:26:00+00:00' AIRFLOW_CTX_TRY_NUMBER='1' AIRFLOW_CTX_DAG_RUN_ID='scheduled__2024-04-16T04:26:00+00:00'
[2024-04-17T07:30:40.772+0000] {taskinstance.py:430} INFO - ::endgroup::
[2024-04-17T07:30:41.179+0000] {logging_mixin.py:188} INFO - Connection successful
[2024-04-17T07:30:41.629+0000] {logging_mixin.py:188} INFO - Connection successful
[2024-04-17T07:30:42.065+0000] {logging_mixin.py:188} INFO - Connection successful
[2024-04-17T07:30:42.068+0000] {logging_mixin.py:188} INFO - Null Not Found
[2024-04-17T07:30:42.069+0000] {logging_mixin.py:188} INFO - Null Not Found
[2024-04-17T07:30:42.077+0000] {logging_mixin.py:188} INFO - Null Not Found
[2024-04-17T07:30:42.078+0000] {logging_mixin.py:188} INFO - Null Not Found
[2024-04-17T07:30:42.079+0000] {logging_mixin.py:188} INFO - Null Not Found
[2024-04-17T07:30:42.079+0000] {logging_mixin.py:188} INFO - Null Not Found
[2024-04-17T07:30:42.080+0000] {python.py:237} INFO - Done. Returned value was: None
[2024-04-17T07:30:42.081+0000] {taskinstance.py:441} INFO - ::group::Post task execution logs
[2024-04-17T07:30:42.088+0000] {taskinstance.py:1205} INFO - Marking task as SUCCESS. dag_id=etl_for_spotify, task_id=hello2, execution_date=20240416T042600, start_date=20240417T073040, end_date=20240417T073042
[2024-04-17T07:30:42.146+0000] {local_task_job_runner.py:240} INFO - Task exited with return code 0
[2024-04-17T07:30:42.160+0000] {taskinstance.py:3482} INFO - 0 downstream tasks scheduled from follow-on schedule check
[2024-04-17T07:30:42.163+0000] {local_task_job_runner.py:222} INFO - ::endgroup::
