[2024-04-16T09:41:47.479+0000] {local_task_job_runner.py:120} INFO - ::group::Pre task execution logs
[2024-04-16T09:41:47.495+0000] {taskinstance.py:2073} INFO - Dependencies all met for dep_context=non-requeueable deps ti=<TaskInstance: spotify_final_dag.hello2 scheduled__2024-04-16T06:12:00+00:00 [queued]>
[2024-04-16T09:41:47.502+0000] {taskinstance.py:2073} INFO - Dependencies all met for dep_context=requeueable deps ti=<TaskInstance: spotify_final_dag.hello2 scheduled__2024-04-16T06:12:00+00:00 [queued]>
[2024-04-16T09:41:47.503+0000] {taskinstance.py:2303} INFO - Starting attempt 1 of 2
[2024-04-16T09:41:47.514+0000] {taskinstance.py:2327} INFO - Executing <Task(PythonOperator): hello2> on 2024-04-16 06:12:00+00:00
[2024-04-16T09:41:47.522+0000] {warnings.py:110} WARNING - /home/***/.local/lib/python3.12/site-packages/***/task/task_runner/standard_task_runner.py:61: DeprecationWarning: This process (pid=3421) is multi-threaded, use of fork() may lead to deadlocks in the child.
  pid = os.fork()

[2024-04-16T09:41:47.524+0000] {standard_task_runner.py:63} INFO - Started process 3440 to run task
[2024-04-16T09:41:47.524+0000] {standard_task_runner.py:90} INFO - Running: ['***', 'tasks', 'run', 'spotify_final_dag', 'hello2', 'scheduled__2024-04-16T06:12:00+00:00', '--job-id', '862', '--raw', '--subdir', 'DAGS_FOLDER/dag.py', '--cfg-path', '/tmp/tmp6r_2m065']
[2024-04-16T09:41:47.526+0000] {standard_task_runner.py:91} INFO - Job 862: Subtask hello2
[2024-04-16T09:41:47.569+0000] {task_command.py:426} INFO - Running <TaskInstance: spotify_final_dag.hello2 scheduled__2024-04-16T06:12:00+00:00 [running]> on host 52651c1f9987
[2024-04-16T09:41:47.655+0000] {taskinstance.py:2644} INFO - Exporting env vars: AIRFLOW_CTX_DAG_OWNER='***' AIRFLOW_CTX_DAG_ID='spotify_final_dag' AIRFLOW_CTX_TASK_ID='hello2' AIRFLOW_CTX_EXECUTION_DATE='2024-04-16T06:12:00+00:00' AIRFLOW_CTX_TRY_NUMBER='1' AIRFLOW_CTX_DAG_RUN_ID='scheduled__2024-04-16T06:12:00+00:00'
[2024-04-16T09:41:47.656+0000] {taskinstance.py:430} INFO - ::endgroup::
[2024-04-16T09:41:48.071+0000] {logging_mixin.py:188} INFO - Connection successful
[2024-04-16T09:41:48.468+0000] {logging_mixin.py:188} INFO - Connection successful
[2024-04-16T09:41:48.917+0000] {logging_mixin.py:188} INFO - Connection successful
[2024-04-16T09:41:48.922+0000] {logging_mixin.py:188} INFO - Null Not Found
[2024-04-16T09:41:48.923+0000] {logging_mixin.py:188} INFO - Null Not Found
[2024-04-16T09:41:48.931+0000] {logging_mixin.py:188} INFO - Null Not Found
[2024-04-16T09:41:48.932+0000] {logging_mixin.py:188} INFO - Null Not Found
[2024-04-16T09:41:48.933+0000] {logging_mixin.py:188} INFO - Null Not Found
[2024-04-16T09:41:48.934+0000] {logging_mixin.py:188} INFO - Null Not Found
[2024-04-16T09:41:48.935+0000] {python.py:237} INFO - Done. Returned value was: None
[2024-04-16T09:41:48.935+0000] {taskinstance.py:441} INFO - ::group::Post task execution logs
[2024-04-16T09:41:48.942+0000] {taskinstance.py:1205} INFO - Marking task as SUCCESS. dag_id=spotify_final_dag, task_id=hello2, execution_date=20240416T061200, start_date=20240416T094147, end_date=20240416T094148
[2024-04-16T09:41:48.982+0000] {local_task_job_runner.py:240} INFO - Task exited with return code 0
[2024-04-16T09:41:48.996+0000] {taskinstance.py:3482} INFO - 0 downstream tasks scheduled from follow-on schedule check
[2024-04-16T09:41:49.001+0000] {local_task_job_runner.py:222} INFO - ::endgroup::
[2024-04-16T09:48:40.012+0000] {local_task_job_runner.py:120} INFO - ::group::Pre task execution logs
[2024-04-16T09:48:40.028+0000] {taskinstance.py:2073} INFO - Dependencies all met for dep_context=non-requeueable deps ti=<TaskInstance: spotify_final_dag.hello2 scheduled__2024-04-16T06:12:00+00:00 [queued]>
[2024-04-16T09:48:40.034+0000] {taskinstance.py:2073} INFO - Dependencies all met for dep_context=requeueable deps ti=<TaskInstance: spotify_final_dag.hello2 scheduled__2024-04-16T06:12:00+00:00 [queued]>
[2024-04-16T09:48:40.034+0000] {taskinstance.py:2303} INFO - Starting attempt 1 of 2
[2024-04-16T09:48:40.044+0000] {taskinstance.py:2327} INFO - Executing <Task(PythonOperator): hello2> on 2024-04-16 06:12:00+00:00
[2024-04-16T09:48:40.050+0000] {warnings.py:110} WARNING - /home/***/.local/lib/python3.12/site-packages/***/task/task_runner/standard_task_runner.py:61: DeprecationWarning: This process (pid=4893) is multi-threaded, use of fork() may lead to deadlocks in the child.
  pid = os.fork()

[2024-04-16T09:48:40.051+0000] {standard_task_runner.py:63} INFO - Started process 4914 to run task
[2024-04-16T09:48:40.051+0000] {standard_task_runner.py:90} INFO - Running: ['***', 'tasks', 'run', 'spotify_final_dag', 'hello2', 'scheduled__2024-04-16T06:12:00+00:00', '--job-id', '1323', '--raw', '--subdir', 'DAGS_FOLDER/dag.py', '--cfg-path', '/tmp/tmp0dp3b6an']
[2024-04-16T09:48:40.052+0000] {standard_task_runner.py:91} INFO - Job 1323: Subtask hello2
[2024-04-16T09:48:40.087+0000] {task_command.py:426} INFO - Running <TaskInstance: spotify_final_dag.hello2 scheduled__2024-04-16T06:12:00+00:00 [running]> on host 52651c1f9987
[2024-04-16T09:48:40.171+0000] {taskinstance.py:2644} INFO - Exporting env vars: AIRFLOW_CTX_DAG_OWNER='***' AIRFLOW_CTX_DAG_ID='spotify_final_dag' AIRFLOW_CTX_TASK_ID='hello2' AIRFLOW_CTX_EXECUTION_DATE='2024-04-16T06:12:00+00:00' AIRFLOW_CTX_TRY_NUMBER='1' AIRFLOW_CTX_DAG_RUN_ID='scheduled__2024-04-16T06:12:00+00:00'
[2024-04-16T09:48:40.173+0000] {taskinstance.py:430} INFO - ::endgroup::
[2024-04-16T09:48:40.633+0000] {logging_mixin.py:188} INFO - Connection successful
[2024-04-16T09:48:41.063+0000] {logging_mixin.py:188} INFO - Connection successful
[2024-04-16T09:48:41.507+0000] {logging_mixin.py:188} INFO - Connection successful
[2024-04-16T09:48:41.510+0000] {logging_mixin.py:188} INFO - Null Not Found
[2024-04-16T09:48:41.511+0000] {logging_mixin.py:188} INFO - Null Not Found
[2024-04-16T09:48:41.520+0000] {logging_mixin.py:188} INFO - Null Not Found
[2024-04-16T09:48:41.520+0000] {logging_mixin.py:188} INFO - Null Not Found
[2024-04-16T09:48:41.521+0000] {logging_mixin.py:188} INFO - Null Not Found
[2024-04-16T09:48:41.522+0000] {logging_mixin.py:188} INFO - Null Not Found
[2024-04-16T09:48:41.523+0000] {python.py:237} INFO - Done. Returned value was: None
[2024-04-16T09:48:41.523+0000] {taskinstance.py:441} INFO - ::group::Post task execution logs
[2024-04-16T09:48:41.529+0000] {taskinstance.py:1205} INFO - Marking task as SUCCESS. dag_id=spotify_final_dag, task_id=hello2, execution_date=20240416T061200, start_date=20240416T094840, end_date=20240416T094841
[2024-04-16T09:48:41.548+0000] {local_task_job_runner.py:240} INFO - Task exited with return code 0
[2024-04-16T09:48:41.559+0000] {taskinstance.py:3482} INFO - 0 downstream tasks scheduled from follow-on schedule check
[2024-04-16T09:48:41.561+0000] {local_task_job_runner.py:222} INFO - ::endgroup::
