[2024-04-16T09:38:40.656+0000] {local_task_job_runner.py:120} INFO - ::group::Pre task execution logs
[2024-04-16T09:38:40.672+0000] {taskinstance.py:2073} INFO - Dependencies all met for dep_context=non-requeueable deps ti=<TaskInstance: spotify_final_dag.hello2 scheduled__2024-04-16T01:30:00+00:00 [queued]>
[2024-04-16T09:38:40.679+0000] {taskinstance.py:2073} INFO - Dependencies all met for dep_context=requeueable deps ti=<TaskInstance: spotify_final_dag.hello2 scheduled__2024-04-16T01:30:00+00:00 [queued]>
[2024-04-16T09:38:40.680+0000] {taskinstance.py:2303} INFO - Starting attempt 1 of 2
[2024-04-16T09:38:40.692+0000] {taskinstance.py:2327} INFO - Executing <Task(PythonOperator): hello2> on 2024-04-16 01:30:00+00:00
[2024-04-16T09:38:40.699+0000] {warnings.py:110} WARNING - /home/***/.local/lib/python3.12/site-packages/***/task/task_runner/standard_task_runner.py:61: DeprecationWarning: This process (pid=1701) is multi-threaded, use of fork() may lead to deadlocks in the child.
  pid = os.fork()

[2024-04-16T09:38:40.701+0000] {standard_task_runner.py:63} INFO - Started process 1721 to run task
[2024-04-16T09:38:40.701+0000] {standard_task_runner.py:90} INFO - Running: ['***', 'tasks', 'run', 'spotify_final_dag', 'hello2', 'scheduled__2024-04-16T01:30:00+00:00', '--job-id', '300', '--raw', '--subdir', 'DAGS_FOLDER/dag.py', '--cfg-path', '/tmp/tmpvh1wjqxk']
[2024-04-16T09:38:40.702+0000] {standard_task_runner.py:91} INFO - Job 300: Subtask hello2
[2024-04-16T09:38:40.741+0000] {task_command.py:426} INFO - Running <TaskInstance: spotify_final_dag.hello2 scheduled__2024-04-16T01:30:00+00:00 [running]> on host 52651c1f9987
[2024-04-16T09:38:40.836+0000] {taskinstance.py:2644} INFO - Exporting env vars: AIRFLOW_CTX_DAG_OWNER='***' AIRFLOW_CTX_DAG_ID='spotify_final_dag' AIRFLOW_CTX_TASK_ID='hello2' AIRFLOW_CTX_EXECUTION_DATE='2024-04-16T01:30:00+00:00' AIRFLOW_CTX_TRY_NUMBER='1' AIRFLOW_CTX_DAG_RUN_ID='scheduled__2024-04-16T01:30:00+00:00'
[2024-04-16T09:38:40.837+0000] {taskinstance.py:430} INFO - ::endgroup::
[2024-04-16T09:38:41.282+0000] {logging_mixin.py:188} INFO - Connection successful
[2024-04-16T09:38:41.689+0000] {logging_mixin.py:188} INFO - Connection successful
[2024-04-16T09:38:42.085+0000] {logging_mixin.py:188} INFO - Connection successful
[2024-04-16T09:38:42.090+0000] {logging_mixin.py:188} INFO - Null Not Found
[2024-04-16T09:38:42.091+0000] {logging_mixin.py:188} INFO - Null Not Found
[2024-04-16T09:38:42.101+0000] {logging_mixin.py:188} INFO - Null Not Found
[2024-04-16T09:38:42.102+0000] {logging_mixin.py:188} INFO - Null Not Found
[2024-04-16T09:38:42.104+0000] {logging_mixin.py:188} INFO - Null Not Found
[2024-04-16T09:38:42.104+0000] {logging_mixin.py:188} INFO - Null Not Found
[2024-04-16T09:38:42.106+0000] {python.py:237} INFO - Done. Returned value was: None
[2024-04-16T09:38:42.106+0000] {taskinstance.py:441} INFO - ::group::Post task execution logs
[2024-04-16T09:38:42.113+0000] {taskinstance.py:1205} INFO - Marking task as SUCCESS. dag_id=spotify_final_dag, task_id=hello2, execution_date=20240416T013000, start_date=20240416T093840, end_date=20240416T093842
[2024-04-16T09:38:42.158+0000] {local_task_job_runner.py:240} INFO - Task exited with return code 0
[2024-04-16T09:38:42.172+0000] {taskinstance.py:3482} INFO - 0 downstream tasks scheduled from follow-on schedule check
[2024-04-16T09:38:42.174+0000] {local_task_job_runner.py:222} INFO - ::endgroup::
[2024-04-16T09:47:09.161+0000] {local_task_job_runner.py:120} INFO - ::group::Pre task execution logs
[2024-04-16T09:47:09.178+0000] {taskinstance.py:2073} INFO - Dependencies all met for dep_context=non-requeueable deps ti=<TaskInstance: spotify_final_dag.hello2 scheduled__2024-04-16T01:30:00+00:00 [queued]>
[2024-04-16T09:47:09.186+0000] {taskinstance.py:2073} INFO - Dependencies all met for dep_context=requeueable deps ti=<TaskInstance: spotify_final_dag.hello2 scheduled__2024-04-16T01:30:00+00:00 [queued]>
[2024-04-16T09:47:09.187+0000] {taskinstance.py:2303} INFO - Starting attempt 1 of 2
[2024-04-16T09:47:09.197+0000] {taskinstance.py:2327} INFO - Executing <Task(PythonOperator): hello2> on 2024-04-16 01:30:00+00:00
[2024-04-16T09:47:09.204+0000] {warnings.py:110} WARNING - /home/***/.local/lib/python3.12/site-packages/***/task/task_runner/standard_task_runner.py:61: DeprecationWarning: This process (pid=4031) is multi-threaded, use of fork() may lead to deadlocks in the child.
  pid = os.fork()

[2024-04-16T09:47:09.206+0000] {standard_task_runner.py:63} INFO - Started process 4044 to run task
[2024-04-16T09:47:09.206+0000] {standard_task_runner.py:90} INFO - Running: ['***', 'tasks', 'run', 'spotify_final_dag', 'hello2', 'scheduled__2024-04-16T01:30:00+00:00', '--job-id', '1039', '--raw', '--subdir', 'DAGS_FOLDER/dag.py', '--cfg-path', '/tmp/tmppz6ir7wm']
[2024-04-16T09:47:09.207+0000] {standard_task_runner.py:91} INFO - Job 1039: Subtask hello2
[2024-04-16T09:47:09.243+0000] {task_command.py:426} INFO - Running <TaskInstance: spotify_final_dag.hello2 scheduled__2024-04-16T01:30:00+00:00 [running]> on host 52651c1f9987
[2024-04-16T09:47:09.329+0000] {taskinstance.py:2644} INFO - Exporting env vars: AIRFLOW_CTX_DAG_OWNER='***' AIRFLOW_CTX_DAG_ID='spotify_final_dag' AIRFLOW_CTX_TASK_ID='hello2' AIRFLOW_CTX_EXECUTION_DATE='2024-04-16T01:30:00+00:00' AIRFLOW_CTX_TRY_NUMBER='1' AIRFLOW_CTX_DAG_RUN_ID='scheduled__2024-04-16T01:30:00+00:00'
[2024-04-16T09:47:09.331+0000] {taskinstance.py:430} INFO - ::endgroup::
[2024-04-16T09:47:09.740+0000] {logging_mixin.py:188} INFO - Connection successful
[2024-04-16T09:47:10.165+0000] {logging_mixin.py:188} INFO - Connection successful
[2024-04-16T09:47:10.578+0000] {logging_mixin.py:188} INFO - Connection successful
[2024-04-16T09:47:10.582+0000] {logging_mixin.py:188} INFO - Null Not Found
[2024-04-16T09:47:10.583+0000] {logging_mixin.py:188} INFO - Null Not Found
[2024-04-16T09:47:10.591+0000] {logging_mixin.py:188} INFO - Null Not Found
[2024-04-16T09:47:10.592+0000] {logging_mixin.py:188} INFO - Null Not Found
[2024-04-16T09:47:10.593+0000] {logging_mixin.py:188} INFO - Null Not Found
[2024-04-16T09:47:10.594+0000] {logging_mixin.py:188} INFO - Null Not Found
[2024-04-16T09:47:10.595+0000] {python.py:237} INFO - Done. Returned value was: None
[2024-04-16T09:47:10.595+0000] {taskinstance.py:441} INFO - ::group::Post task execution logs
[2024-04-16T09:47:10.602+0000] {taskinstance.py:1205} INFO - Marking task as SUCCESS. dag_id=spotify_final_dag, task_id=hello2, execution_date=20240416T013000, start_date=20240416T094709, end_date=20240416T094710
[2024-04-16T09:47:10.625+0000] {local_task_job_runner.py:240} INFO - Task exited with return code 0
[2024-04-16T09:47:10.636+0000] {taskinstance.py:3482} INFO - 0 downstream tasks scheduled from follow-on schedule check
[2024-04-16T09:47:10.638+0000] {local_task_job_runner.py:222} INFO - ::endgroup::
