[2024-04-17T05:26:10.734+0000] {local_task_job_runner.py:120} INFO - ::group::Pre task execution logs
[2024-04-17T05:26:10.760+0000] {taskinstance.py:2073} INFO - Dependencies all met for dep_context=non-requeueable deps ti=<TaskInstance: spotify_final_dag.hello2 scheduled__2024-04-16T18:32:00+00:00 [queued]>
[2024-04-17T05:26:10.771+0000] {taskinstance.py:2073} INFO - Dependencies all met for dep_context=requeueable deps ti=<TaskInstance: spotify_final_dag.hello2 scheduled__2024-04-16T18:32:00+00:00 [queued]>
[2024-04-17T05:26:10.772+0000] {taskinstance.py:2303} INFO - Starting attempt 1 of 2
[2024-04-17T05:26:10.796+0000] {taskinstance.py:2327} INFO - Executing <Task(PythonOperator): hello2> on 2024-04-16 18:32:00+00:00
[2024-04-17T05:26:10.806+0000] {warnings.py:110} WARNING - /home/***/.local/lib/python3.12/site-packages/***/task/task_runner/standard_task_runner.py:61: DeprecationWarning: This process (pid=1719) is multi-threaded, use of fork() may lead to deadlocks in the child.
  pid = os.fork()

[2024-04-17T05:26:10.808+0000] {standard_task_runner.py:63} INFO - Started process 1748 to run task
[2024-04-17T05:26:10.808+0000] {standard_task_runner.py:90} INFO - Running: ['***', 'tasks', 'run', 'spotify_final_dag', 'hello2', 'scheduled__2024-04-16T18:32:00+00:00', '--job-id', '2099', '--raw', '--subdir', 'DAGS_FOLDER/dag.py', '--cfg-path', '/tmp/tmpwt0bqvs5']
[2024-04-17T05:26:10.810+0000] {standard_task_runner.py:91} INFO - Job 2099: Subtask hello2
[2024-04-17T05:26:10.864+0000] {task_command.py:426} INFO - Running <TaskInstance: spotify_final_dag.hello2 scheduled__2024-04-16T18:32:00+00:00 [running]> on host 52651c1f9987
[2024-04-17T05:26:10.980+0000] {taskinstance.py:2644} INFO - Exporting env vars: AIRFLOW_CTX_DAG_OWNER='***' AIRFLOW_CTX_DAG_ID='spotify_final_dag' AIRFLOW_CTX_TASK_ID='hello2' AIRFLOW_CTX_EXECUTION_DATE='2024-04-16T18:32:00+00:00' AIRFLOW_CTX_TRY_NUMBER='1' AIRFLOW_CTX_DAG_RUN_ID='scheduled__2024-04-16T18:32:00+00:00'
[2024-04-17T05:26:10.982+0000] {taskinstance.py:430} INFO - ::endgroup::
[2024-04-17T05:26:11.427+0000] {logging_mixin.py:188} INFO - Connection successful
[2024-04-17T05:26:11.869+0000] {logging_mixin.py:188} INFO - Connection successful
[2024-04-17T05:26:12.374+0000] {logging_mixin.py:188} INFO - Connection successful
[2024-04-17T05:26:12.377+0000] {logging_mixin.py:188} INFO - Null Not Found
[2024-04-17T05:26:12.378+0000] {logging_mixin.py:188} INFO - Null Not Found
[2024-04-17T05:26:12.387+0000] {logging_mixin.py:188} INFO - Null Not Found
[2024-04-17T05:26:12.388+0000] {logging_mixin.py:188} INFO - Null Not Found
[2024-04-17T05:26:12.389+0000] {logging_mixin.py:188} INFO - Null Not Found
[2024-04-17T05:26:12.390+0000] {logging_mixin.py:188} INFO - Null Not Found
[2024-04-17T05:26:12.391+0000] {python.py:237} INFO - Done. Returned value was: None
[2024-04-17T05:26:12.392+0000] {taskinstance.py:441} INFO - ::group::Post task execution logs
[2024-04-17T05:26:12.400+0000] {taskinstance.py:1205} INFO - Marking task as SUCCESS. dag_id=spotify_final_dag, task_id=hello2, execution_date=20240416T183200, start_date=20240417T052610, end_date=20240417T052612
[2024-04-17T05:26:12.427+0000] {local_task_job_runner.py:240} INFO - Task exited with return code 0
[2024-04-17T05:26:12.441+0000] {taskinstance.py:3482} INFO - 0 downstream tasks scheduled from follow-on schedule check
[2024-04-17T05:26:12.443+0000] {local_task_job_runner.py:222} INFO - ::endgroup::
