[2024-04-16T09:37:48.081+0000] {local_task_job_runner.py:120} INFO - ::group::Pre task execution logs
[2024-04-16T09:37:48.105+0000] {taskinstance.py:2073} INFO - Dependencies all met for dep_context=non-requeueable deps ti=<TaskInstance: spotify_final_dag.hello2 scheduled__2024-04-16T00:04:00+00:00 [queued]>
[2024-04-16T09:37:48.114+0000] {taskinstance.py:2073} INFO - Dependencies all met for dep_context=requeueable deps ti=<TaskInstance: spotify_final_dag.hello2 scheduled__2024-04-16T00:04:00+00:00 [queued]>
[2024-04-16T09:37:48.115+0000] {taskinstance.py:2303} INFO - Starting attempt 1 of 2
[2024-04-16T09:37:48.190+0000] {taskinstance.py:2327} INFO - Executing <Task(PythonOperator): hello2> on 2024-04-16 00:04:00+00:00
[2024-04-16T09:37:48.199+0000] {warnings.py:110} WARNING - /home/***/.local/lib/python3.12/site-packages/***/task/task_runner/standard_task_runner.py:61: DeprecationWarning: This process (pid=1187) is multi-threaded, use of fork() may lead to deadlocks in the child.
  pid = os.fork()

[2024-04-16T09:37:48.201+0000] {standard_task_runner.py:63} INFO - Started process 1215 to run task
[2024-04-16T09:37:48.201+0000] {standard_task_runner.py:90} INFO - Running: ['***', 'tasks', 'run', 'spotify_final_dag', 'hello2', 'scheduled__2024-04-16T00:04:00+00:00', '--job-id', '134', '--raw', '--subdir', 'DAGS_FOLDER/dag.py', '--cfg-path', '/tmp/tmpzgfhggs3']
[2024-04-16T09:37:48.202+0000] {standard_task_runner.py:91} INFO - Job 134: Subtask hello2
[2024-04-16T09:37:48.331+0000] {task_command.py:426} INFO - Running <TaskInstance: spotify_final_dag.hello2 scheduled__2024-04-16T00:04:00+00:00 [running]> on host 52651c1f9987
[2024-04-16T09:37:48.433+0000] {taskinstance.py:2644} INFO - Exporting env vars: AIRFLOW_CTX_DAG_OWNER='***' AIRFLOW_CTX_DAG_ID='spotify_final_dag' AIRFLOW_CTX_TASK_ID='hello2' AIRFLOW_CTX_EXECUTION_DATE='2024-04-16T00:04:00+00:00' AIRFLOW_CTX_TRY_NUMBER='1' AIRFLOW_CTX_DAG_RUN_ID='scheduled__2024-04-16T00:04:00+00:00'
[2024-04-16T09:37:48.434+0000] {taskinstance.py:430} INFO - ::endgroup::
[2024-04-16T09:37:48.895+0000] {logging_mixin.py:188} INFO - Connection successful
[2024-04-16T09:37:49.344+0000] {logging_mixin.py:188} INFO - Connection successful
[2024-04-16T09:37:49.754+0000] {logging_mixin.py:188} INFO - Connection successful
[2024-04-16T09:37:49.759+0000] {logging_mixin.py:188} INFO - Null Not Found
[2024-04-16T09:37:49.760+0000] {logging_mixin.py:188} INFO - Null Not Found
[2024-04-16T09:37:49.771+0000] {logging_mixin.py:188} INFO - Null Not Found
[2024-04-16T09:37:49.772+0000] {logging_mixin.py:188} INFO - Null Not Found
[2024-04-16T09:37:49.773+0000] {logging_mixin.py:188} INFO - Null Not Found
[2024-04-16T09:37:49.774+0000] {logging_mixin.py:188} INFO - Null Not Found
[2024-04-16T09:37:49.776+0000] {python.py:237} INFO - Done. Returned value was: None
[2024-04-16T09:37:49.776+0000] {taskinstance.py:441} INFO - ::group::Post task execution logs
[2024-04-16T09:37:49.785+0000] {taskinstance.py:1205} INFO - Marking task as SUCCESS. dag_id=spotify_final_dag, task_id=hello2, execution_date=20240416T000400, start_date=20240416T093748, end_date=20240416T093749
[2024-04-16T09:37:49.819+0000] {local_task_job_runner.py:240} INFO - Task exited with return code 0
[2024-04-16T09:37:49.831+0000] {taskinstance.py:3482} INFO - 0 downstream tasks scheduled from follow-on schedule check
[2024-04-16T09:37:49.832+0000] {local_task_job_runner.py:222} INFO - ::endgroup::
[2024-04-16T09:44:31.084+0000] {local_task_job_runner.py:120} INFO - ::group::Pre task execution logs
[2024-04-16T09:44:31.114+0000] {taskinstance.py:2073} INFO - Dependencies all met for dep_context=non-requeueable deps ti=<TaskInstance: spotify_final_dag.hello2 scheduled__2024-04-16T00:04:00+00:00 [queued]>
[2024-04-16T09:44:31.124+0000] {taskinstance.py:2073} INFO - Dependencies all met for dep_context=requeueable deps ti=<TaskInstance: spotify_final_dag.hello2 scheduled__2024-04-16T00:04:00+00:00 [queued]>
[2024-04-16T09:44:31.125+0000] {taskinstance.py:2303} INFO - Starting attempt 1 of 2
[2024-04-16T09:44:31.141+0000] {taskinstance.py:2327} INFO - Executing <Task(PythonOperator): hello2> on 2024-04-16 00:04:00+00:00
[2024-04-16T09:44:31.157+0000] {warnings.py:110} WARNING - /home/***/.local/lib/python3.12/site-packages/***/task/task_runner/standard_task_runner.py:61: DeprecationWarning: This process (pid=3626) is multi-threaded, use of fork() may lead to deadlocks in the child.
  pid = os.fork()

[2024-04-16T09:44:31.159+0000] {standard_task_runner.py:63} INFO - Started process 3653 to run task
[2024-04-16T09:44:31.159+0000] {standard_task_runner.py:90} INFO - Running: ['***', 'tasks', 'run', 'spotify_final_dag', 'hello2', 'scheduled__2024-04-16T00:04:00+00:00', '--job-id', '914', '--raw', '--subdir', 'DAGS_FOLDER/dag.py', '--cfg-path', '/tmp/tmpcdpctsgd']
[2024-04-16T09:44:31.160+0000] {standard_task_runner.py:91} INFO - Job 914: Subtask hello2
[2024-04-16T09:44:31.220+0000] {task_command.py:426} INFO - Running <TaskInstance: spotify_final_dag.hello2 scheduled__2024-04-16T00:04:00+00:00 [running]> on host 52651c1f9987
[2024-04-16T09:44:31.335+0000] {taskinstance.py:2644} INFO - Exporting env vars: AIRFLOW_CTX_DAG_OWNER='***' AIRFLOW_CTX_DAG_ID='spotify_final_dag' AIRFLOW_CTX_TASK_ID='hello2' AIRFLOW_CTX_EXECUTION_DATE='2024-04-16T00:04:00+00:00' AIRFLOW_CTX_TRY_NUMBER='1' AIRFLOW_CTX_DAG_RUN_ID='scheduled__2024-04-16T00:04:00+00:00'
[2024-04-16T09:44:31.339+0000] {taskinstance.py:430} INFO - ::endgroup::
[2024-04-16T09:44:34.907+0000] {logging_mixin.py:188} INFO - There was a problem with the connection. Trial number 1, Status Code: 401
[2024-04-16T09:44:38.181+0000] {logging_mixin.py:188} INFO - There was a problem with the connection. Trial number 2, Status Code: 401
[2024-04-16T09:44:38.183+0000] {taskinstance.py:441} INFO - ::group::Post task execution logs
[2024-04-16T09:44:38.184+0000] {taskinstance.py:2890} ERROR - Task failed with exception
Traceback (most recent call last):
  File "/home/airflow/.local/lib/python3.12/site-packages/airflow/models/taskinstance.py", line 465, in _execute_task
    result = _execute_callable(context=context, **execute_callable_kwargs)
             ^^^^^^^^^^^^^^^^^^^^^^^^^^^^^^^^^^^^^^^^^^^^^^^^^^^^^^^^^^^^^
  File "/home/airflow/.local/lib/python3.12/site-packages/airflow/models/taskinstance.py", line 432, in _execute_callable
    return execute_callable(context=context, **execute_callable_kwargs)
           ^^^^^^^^^^^^^^^^^^^^^^^^^^^^^^^^^^^^^^^^^^^^^^^^^^^^^^^^^^^^
  File "/home/airflow/.local/lib/python3.12/site-packages/airflow/models/baseoperator.py", line 400, in wrapper
    return func(self, *args, **kwargs)
           ^^^^^^^^^^^^^^^^^^^^^^^^^^^
  File "/home/airflow/.local/lib/python3.12/site-packages/airflow/operators/python.py", line 235, in execute
    return_value = self.execute_callable()
                   ^^^^^^^^^^^^^^^^^^^^^^^
  File "/home/airflow/.local/lib/python3.12/site-packages/airflow/operators/python.py", line 252, in execute_callable
    return self.python_callable(*self.op_args, **self.op_kwargs)
           ^^^^^^^^^^^^^^^^^^^^^^^^^^^^^^^^^^^^^^^^^^^^^^^^^^^^^
  File "/opt/airflow/dags/get_data.py", line 95, in processes
    album_data = get_album(connection())
                 ^^^^^^^^^^^^^^^^^^^^^^^
  File "/opt/airflow/dags/get_data.py", line 11, in get_album
    for album in data["items"]:
                 ~~~~^^^^^^^^^
TypeError: 'NoneType' object is not subscriptable
[2024-04-16T09:44:38.192+0000] {taskinstance.py:1205} INFO - Marking task as UP_FOR_RETRY. dag_id=spotify_final_dag, task_id=hello2, execution_date=20240416T000400, start_date=20240416T094431, end_date=20240416T094438
[2024-04-16T09:44:38.203+0000] {standard_task_runner.py:110} ERROR - Failed to execute job 914 for task hello2 ('NoneType' object is not subscriptable; 3653)
[2024-04-16T09:44:38.235+0000] {local_task_job_runner.py:240} INFO - Task exited with return code 1
[2024-04-16T09:44:38.245+0000] {taskinstance.py:3482} INFO - 0 downstream tasks scheduled from follow-on schedule check
[2024-04-16T09:44:38.247+0000] {local_task_job_runner.py:222} INFO - ::endgroup::
[2024-04-16T09:46:45.926+0000] {local_task_job_runner.py:120} INFO - ::group::Pre task execution logs
[2024-04-16T09:46:45.968+0000] {taskinstance.py:2073} INFO - Dependencies all met for dep_context=non-requeueable deps ti=<TaskInstance: spotify_final_dag.hello2 scheduled__2024-04-16T00:04:00+00:00 [queued]>
[2024-04-16T09:46:45.985+0000] {taskinstance.py:2073} INFO - Dependencies all met for dep_context=requeueable deps ti=<TaskInstance: spotify_final_dag.hello2 scheduled__2024-04-16T00:04:00+00:00 [queued]>
[2024-04-16T09:46:45.985+0000] {taskinstance.py:2303} INFO - Starting attempt 1 of 2
[2024-04-16T09:46:46.153+0000] {taskinstance.py:2327} INFO - Executing <Task(PythonOperator): hello2> on 2024-04-16 00:04:00+00:00
[2024-04-16T09:46:46.169+0000] {warnings.py:110} WARNING - /home/***/.local/lib/python3.12/site-packages/***/task/task_runner/standard_task_runner.py:61: DeprecationWarning: This process (pid=3792) is multi-threaded, use of fork() may lead to deadlocks in the child.
  pid = os.fork()

[2024-04-16T09:46:46.171+0000] {standard_task_runner.py:63} INFO - Started process 3823 to run task
[2024-04-16T09:46:46.173+0000] {standard_task_runner.py:90} INFO - Running: ['***', 'tasks', 'run', 'spotify_final_dag', 'hello2', 'scheduled__2024-04-16T00:04:00+00:00', '--job-id', '963', '--raw', '--subdir', 'DAGS_FOLDER/dag.py', '--cfg-path', '/tmp/tmp7bwsyip1']
[2024-04-16T09:46:46.174+0000] {standard_task_runner.py:91} INFO - Job 963: Subtask hello2
[2024-04-16T09:46:46.271+0000] {task_command.py:426} INFO - Running <TaskInstance: spotify_final_dag.hello2 scheduled__2024-04-16T00:04:00+00:00 [running]> on host 52651c1f9987
[2024-04-16T09:46:46.402+0000] {taskinstance.py:2644} INFO - Exporting env vars: AIRFLOW_CTX_DAG_OWNER='***' AIRFLOW_CTX_DAG_ID='spotify_final_dag' AIRFLOW_CTX_TASK_ID='hello2' AIRFLOW_CTX_EXECUTION_DATE='2024-04-16T00:04:00+00:00' AIRFLOW_CTX_TRY_NUMBER='1' AIRFLOW_CTX_DAG_RUN_ID='scheduled__2024-04-16T00:04:00+00:00'
[2024-04-16T09:46:46.403+0000] {taskinstance.py:430} INFO - ::endgroup::
[2024-04-16T09:46:46.866+0000] {logging_mixin.py:188} INFO - Connection successful
[2024-04-16T09:46:47.315+0000] {logging_mixin.py:188} INFO - Connection successful
[2024-04-16T09:46:47.769+0000] {logging_mixin.py:188} INFO - Connection successful
[2024-04-16T09:46:47.774+0000] {logging_mixin.py:188} INFO - Null Not Found
[2024-04-16T09:46:47.775+0000] {logging_mixin.py:188} INFO - Null Not Found
[2024-04-16T09:46:47.785+0000] {logging_mixin.py:188} INFO - Null Not Found
[2024-04-16T09:46:47.786+0000] {logging_mixin.py:188} INFO - Null Not Found
[2024-04-16T09:46:47.787+0000] {logging_mixin.py:188} INFO - Null Not Found
[2024-04-16T09:46:47.788+0000] {logging_mixin.py:188} INFO - Null Not Found
[2024-04-16T09:46:47.789+0000] {python.py:237} INFO - Done. Returned value was: None
[2024-04-16T09:46:47.790+0000] {taskinstance.py:441} INFO - ::group::Post task execution logs
[2024-04-16T09:46:47.798+0000] {taskinstance.py:1205} INFO - Marking task as SUCCESS. dag_id=spotify_final_dag, task_id=hello2, execution_date=20240416T000400, start_date=20240416T094645, end_date=20240416T094647
[2024-04-16T09:46:47.833+0000] {local_task_job_runner.py:240} INFO - Task exited with return code 0
[2024-04-16T09:46:47.844+0000] {taskinstance.py:3482} INFO - 0 downstream tasks scheduled from follow-on schedule check
[2024-04-16T09:46:47.846+0000] {local_task_job_runner.py:222} INFO - ::endgroup::
