[2024-04-16T09:41:16.794+0000] {local_task_job_runner.py:120} INFO - ::group::Pre task execution logs
[2024-04-16T09:41:16.814+0000] {taskinstance.py:2073} INFO - Dependencies all met for dep_context=non-requeueable deps ti=<TaskInstance: spotify_final_dag.hello2 scheduled__2024-04-16T05:18:00+00:00 [queued]>
[2024-04-16T09:41:16.823+0000] {taskinstance.py:2073} INFO - Dependencies all met for dep_context=requeueable deps ti=<TaskInstance: spotify_final_dag.hello2 scheduled__2024-04-16T05:18:00+00:00 [queued]>
[2024-04-16T09:41:16.824+0000] {taskinstance.py:2303} INFO - Starting attempt 1 of 2
[2024-04-16T09:41:16.839+0000] {taskinstance.py:2327} INFO - Executing <Task(PythonOperator): hello2> on 2024-04-16 05:18:00+00:00
[2024-04-16T09:41:16.848+0000] {warnings.py:110} WARNING - /home/***/.local/lib/python3.12/site-packages/***/task/task_runner/standard_task_runner.py:61: DeprecationWarning: This process (pid=3115) is multi-threaded, use of fork() may lead to deadlocks in the child.
  pid = os.fork()

[2024-04-16T09:41:16.850+0000] {standard_task_runner.py:63} INFO - Started process 3141 to run task
[2024-04-16T09:41:16.851+0000] {standard_task_runner.py:90} INFO - Running: ['***', 'tasks', 'run', 'spotify_final_dag', 'hello2', 'scheduled__2024-04-16T05:18:00+00:00', '--job-id', '761', '--raw', '--subdir', 'DAGS_FOLDER/dag.py', '--cfg-path', '/tmp/tmp6et1hdit']
[2024-04-16T09:41:16.852+0000] {standard_task_runner.py:91} INFO - Job 761: Subtask hello2
[2024-04-16T09:41:16.896+0000] {task_command.py:426} INFO - Running <TaskInstance: spotify_final_dag.hello2 scheduled__2024-04-16T05:18:00+00:00 [running]> on host 52651c1f9987
[2024-04-16T09:41:16.984+0000] {taskinstance.py:2644} INFO - Exporting env vars: AIRFLOW_CTX_DAG_OWNER='***' AIRFLOW_CTX_DAG_ID='spotify_final_dag' AIRFLOW_CTX_TASK_ID='hello2' AIRFLOW_CTX_EXECUTION_DATE='2024-04-16T05:18:00+00:00' AIRFLOW_CTX_TRY_NUMBER='1' AIRFLOW_CTX_DAG_RUN_ID='scheduled__2024-04-16T05:18:00+00:00'
[2024-04-16T09:41:16.985+0000] {taskinstance.py:430} INFO - ::endgroup::
[2024-04-16T09:41:17.400+0000] {logging_mixin.py:188} INFO - Connection successful
[2024-04-16T09:41:17.814+0000] {logging_mixin.py:188} INFO - Connection successful
[2024-04-16T09:41:18.267+0000] {logging_mixin.py:188} INFO - Connection successful
[2024-04-16T09:41:18.270+0000] {logging_mixin.py:188} INFO - Null Not Found
[2024-04-16T09:41:18.271+0000] {logging_mixin.py:188} INFO - Null Not Found
[2024-04-16T09:41:18.280+0000] {logging_mixin.py:188} INFO - Null Not Found
[2024-04-16T09:41:18.280+0000] {logging_mixin.py:188} INFO - Null Not Found
[2024-04-16T09:41:18.281+0000] {logging_mixin.py:188} INFO - Null Not Found
[2024-04-16T09:41:18.282+0000] {logging_mixin.py:188} INFO - Null Not Found
[2024-04-16T09:41:18.283+0000] {python.py:237} INFO - Done. Returned value was: None
[2024-04-16T09:41:18.283+0000] {taskinstance.py:441} INFO - ::group::Post task execution logs
[2024-04-16T09:41:18.290+0000] {taskinstance.py:1205} INFO - Marking task as SUCCESS. dag_id=spotify_final_dag, task_id=hello2, execution_date=20240416T051800, start_date=20240416T094116, end_date=20240416T094118
[2024-04-16T09:41:18.347+0000] {local_task_job_runner.py:240} INFO - Task exited with return code 0
[2024-04-16T09:41:18.359+0000] {taskinstance.py:3482} INFO - 0 downstream tasks scheduled from follow-on schedule check
[2024-04-16T09:41:18.361+0000] {local_task_job_runner.py:222} INFO - ::endgroup::
[2024-04-16T09:48:21.180+0000] {local_task_job_runner.py:120} INFO - ::group::Pre task execution logs
[2024-04-16T09:48:21.196+0000] {taskinstance.py:2073} INFO - Dependencies all met for dep_context=non-requeueable deps ti=<TaskInstance: spotify_final_dag.hello2 scheduled__2024-04-16T05:18:00+00:00 [queued]>
[2024-04-16T09:48:21.201+0000] {taskinstance.py:2073} INFO - Dependencies all met for dep_context=requeueable deps ti=<TaskInstance: spotify_final_dag.hello2 scheduled__2024-04-16T05:18:00+00:00 [queued]>
[2024-04-16T09:48:21.202+0000] {taskinstance.py:2303} INFO - Starting attempt 1 of 2
[2024-04-16T09:48:21.211+0000] {taskinstance.py:2327} INFO - Executing <Task(PythonOperator): hello2> on 2024-04-16 05:18:00+00:00
[2024-04-16T09:48:21.217+0000] {warnings.py:110} WARNING - /home/***/.local/lib/python3.12/site-packages/***/task/task_runner/standard_task_runner.py:61: DeprecationWarning: This process (pid=4724) is multi-threaded, use of fork() may lead to deadlocks in the child.
  pid = os.fork()

[2024-04-16T09:48:21.218+0000] {standard_task_runner.py:63} INFO - Started process 4731 to run task
[2024-04-16T09:48:21.218+0000] {standard_task_runner.py:90} INFO - Running: ['***', 'tasks', 'run', 'spotify_final_dag', 'hello2', 'scheduled__2024-04-16T05:18:00+00:00', '--job-id', '1264', '--raw', '--subdir', 'DAGS_FOLDER/dag.py', '--cfg-path', '/tmp/tmpkokpbmsk']
[2024-04-16T09:48:21.220+0000] {standard_task_runner.py:91} INFO - Job 1264: Subtask hello2
[2024-04-16T09:48:21.254+0000] {task_command.py:426} INFO - Running <TaskInstance: spotify_final_dag.hello2 scheduled__2024-04-16T05:18:00+00:00 [running]> on host 52651c1f9987
[2024-04-16T09:48:21.333+0000] {taskinstance.py:2644} INFO - Exporting env vars: AIRFLOW_CTX_DAG_OWNER='***' AIRFLOW_CTX_DAG_ID='spotify_final_dag' AIRFLOW_CTX_TASK_ID='hello2' AIRFLOW_CTX_EXECUTION_DATE='2024-04-16T05:18:00+00:00' AIRFLOW_CTX_TRY_NUMBER='1' AIRFLOW_CTX_DAG_RUN_ID='scheduled__2024-04-16T05:18:00+00:00'
[2024-04-16T09:48:21.334+0000] {taskinstance.py:430} INFO - ::endgroup::
[2024-04-16T09:48:21.755+0000] {logging_mixin.py:188} INFO - Connection successful
[2024-04-16T09:48:22.228+0000] {logging_mixin.py:188} INFO - Connection successful
[2024-04-16T09:48:22.658+0000] {logging_mixin.py:188} INFO - Connection successful
[2024-04-16T09:48:22.663+0000] {logging_mixin.py:188} INFO - Null Not Found
[2024-04-16T09:48:22.664+0000] {logging_mixin.py:188} INFO - Null Not Found
[2024-04-16T09:48:22.672+0000] {logging_mixin.py:188} INFO - Null Not Found
[2024-04-16T09:48:22.673+0000] {logging_mixin.py:188} INFO - Null Not Found
[2024-04-16T09:48:22.674+0000] {logging_mixin.py:188} INFO - Null Not Found
[2024-04-16T09:48:22.674+0000] {logging_mixin.py:188} INFO - Null Not Found
[2024-04-16T09:48:22.675+0000] {python.py:237} INFO - Done. Returned value was: None
[2024-04-16T09:48:22.676+0000] {taskinstance.py:441} INFO - ::group::Post task execution logs
[2024-04-16T09:48:22.682+0000] {taskinstance.py:1205} INFO - Marking task as SUCCESS. dag_id=spotify_final_dag, task_id=hello2, execution_date=20240416T051800, start_date=20240416T094821, end_date=20240416T094822
[2024-04-16T09:48:22.719+0000] {local_task_job_runner.py:240} INFO - Task exited with return code 0
[2024-04-16T09:48:22.734+0000] {taskinstance.py:3482} INFO - 0 downstream tasks scheduled from follow-on schedule check
[2024-04-16T09:48:22.737+0000] {local_task_job_runner.py:222} INFO - ::endgroup::
