[2024-04-17T07:30:05.705+0000] {local_task_job_runner.py:120} INFO - ::group::Pre task execution logs
[2024-04-17T07:30:05.728+0000] {taskinstance.py:2073} INFO - Dependencies all met for dep_context=non-requeueable deps ti=<TaskInstance: etl_for_spotify.hello2 scheduled__2024-04-16T02:40:00+00:00 [queued]>
[2024-04-17T07:30:05.736+0000] {taskinstance.py:2073} INFO - Dependencies all met for dep_context=requeueable deps ti=<TaskInstance: etl_for_spotify.hello2 scheduled__2024-04-16T02:40:00+00:00 [queued]>
[2024-04-17T07:30:05.737+0000] {taskinstance.py:2303} INFO - Starting attempt 1 of 2
[2024-04-17T07:30:05.751+0000] {taskinstance.py:2327} INFO - Executing <Task(PythonOperator): hello2> on 2024-04-16 02:40:00+00:00
[2024-04-17T07:30:05.758+0000] {warnings.py:110} WARNING - /home/***/.local/lib/python3.12/site-packages/***/task/task_runner/standard_task_runner.py:61: DeprecationWarning: This process (pid=5876) is multi-threaded, use of fork() may lead to deadlocks in the child.
  pid = os.fork()

[2024-04-17T07:30:05.759+0000] {standard_task_runner.py:63} INFO - Started process 5899 to run task
[2024-04-17T07:30:05.760+0000] {standard_task_runner.py:90} INFO - Running: ['***', 'tasks', 'run', 'etl_for_spotify', 'hello2', 'scheduled__2024-04-16T02:40:00+00:00', '--job-id', '2938', '--raw', '--subdir', 'DAGS_FOLDER/dag.py', '--cfg-path', '/tmp/tmposu9w2ne']
[2024-04-17T07:30:05.761+0000] {standard_task_runner.py:91} INFO - Job 2938: Subtask hello2
[2024-04-17T07:30:05.815+0000] {task_command.py:426} INFO - Running <TaskInstance: etl_for_spotify.hello2 scheduled__2024-04-16T02:40:00+00:00 [running]> on host 52651c1f9987
[2024-04-17T07:30:05.921+0000] {taskinstance.py:2644} INFO - Exporting env vars: AIRFLOW_CTX_DAG_OWNER='***' AIRFLOW_CTX_DAG_ID='etl_for_spotify' AIRFLOW_CTX_TASK_ID='hello2' AIRFLOW_CTX_EXECUTION_DATE='2024-04-16T02:40:00+00:00' AIRFLOW_CTX_TRY_NUMBER='1' AIRFLOW_CTX_DAG_RUN_ID='scheduled__2024-04-16T02:40:00+00:00'
[2024-04-17T07:30:05.923+0000] {taskinstance.py:430} INFO - ::endgroup::
[2024-04-17T07:30:06.391+0000] {logging_mixin.py:188} INFO - Connection successful
[2024-04-17T07:30:06.873+0000] {logging_mixin.py:188} INFO - Connection successful
[2024-04-17T07:30:07.382+0000] {logging_mixin.py:188} INFO - Connection successful
[2024-04-17T07:30:07.391+0000] {logging_mixin.py:188} INFO - Null Not Found
[2024-04-17T07:30:07.392+0000] {logging_mixin.py:188} INFO - Null Not Found
[2024-04-17T07:30:07.408+0000] {logging_mixin.py:188} INFO - Null Not Found
[2024-04-17T07:30:07.411+0000] {logging_mixin.py:188} INFO - Null Not Found
[2024-04-17T07:30:07.414+0000] {logging_mixin.py:188} INFO - Null Not Found
[2024-04-17T07:30:07.415+0000] {logging_mixin.py:188} INFO - Null Not Found
[2024-04-17T07:30:07.417+0000] {python.py:237} INFO - Done. Returned value was: None
[2024-04-17T07:30:07.418+0000] {taskinstance.py:441} INFO - ::group::Post task execution logs
[2024-04-17T07:30:07.431+0000] {taskinstance.py:1205} INFO - Marking task as SUCCESS. dag_id=etl_for_spotify, task_id=hello2, execution_date=20240416T024000, start_date=20240417T073005, end_date=20240417T073007
[2024-04-17T07:30:07.543+0000] {local_task_job_runner.py:240} INFO - Task exited with return code 0
[2024-04-17T07:30:07.563+0000] {taskinstance.py:3482} INFO - 0 downstream tasks scheduled from follow-on schedule check
[2024-04-17T07:30:07.567+0000] {local_task_job_runner.py:222} INFO - ::endgroup::
