[2024-04-16T09:40:06.454+0000] {local_task_job_runner.py:120} INFO - ::group::Pre task execution logs
[2024-04-16T09:40:06.483+0000] {taskinstance.py:2073} INFO - Dependencies all met for dep_context=non-requeueable deps ti=<TaskInstance: spotify_final_dag.hello2 scheduled__2024-04-16T03:24:00+00:00 [queued]>
[2024-04-16T09:40:06.497+0000] {taskinstance.py:2073} INFO - Dependencies all met for dep_context=requeueable deps ti=<TaskInstance: spotify_final_dag.hello2 scheduled__2024-04-16T03:24:00+00:00 [queued]>
[2024-04-16T09:40:06.498+0000] {taskinstance.py:2303} INFO - Starting attempt 1 of 2
[2024-04-16T09:40:06.543+0000] {taskinstance.py:2327} INFO - Executing <Task(PythonOperator): hello2> on 2024-04-16 03:24:00+00:00
[2024-04-16T09:40:06.559+0000] {warnings.py:110} WARNING - /home/***/.local/lib/python3.12/site-packages/***/task/task_runner/standard_task_runner.py:61: DeprecationWarning: This process (pid=2424) is multi-threaded, use of fork() may lead to deadlocks in the child.
  pid = os.fork()

[2024-04-16T09:40:06.561+0000] {standard_task_runner.py:63} INFO - Started process 2456 to run task
[2024-04-16T09:40:06.562+0000] {standard_task_runner.py:90} INFO - Running: ['***', 'tasks', 'run', 'spotify_final_dag', 'hello2', 'scheduled__2024-04-16T03:24:00+00:00', '--job-id', '538', '--raw', '--subdir', 'DAGS_FOLDER/dag.py', '--cfg-path', '/tmp/tmpqhvsycwz']
[2024-04-16T09:40:06.564+0000] {standard_task_runner.py:91} INFO - Job 538: Subtask hello2
[2024-04-16T09:40:06.624+0000] {task_command.py:426} INFO - Running <TaskInstance: spotify_final_dag.hello2 scheduled__2024-04-16T03:24:00+00:00 [running]> on host 52651c1f9987
[2024-04-16T09:40:06.738+0000] {taskinstance.py:2644} INFO - Exporting env vars: AIRFLOW_CTX_DAG_OWNER='***' AIRFLOW_CTX_DAG_ID='spotify_final_dag' AIRFLOW_CTX_TASK_ID='hello2' AIRFLOW_CTX_EXECUTION_DATE='2024-04-16T03:24:00+00:00' AIRFLOW_CTX_TRY_NUMBER='1' AIRFLOW_CTX_DAG_RUN_ID='scheduled__2024-04-16T03:24:00+00:00'
[2024-04-16T09:40:06.740+0000] {taskinstance.py:430} INFO - ::endgroup::
[2024-04-16T09:40:07.175+0000] {logging_mixin.py:188} INFO - Connection successful
[2024-04-16T09:40:07.628+0000] {logging_mixin.py:188} INFO - Connection successful
[2024-04-16T09:40:08.054+0000] {logging_mixin.py:188} INFO - Connection successful
[2024-04-16T09:40:08.059+0000] {logging_mixin.py:188} INFO - Null Not Found
[2024-04-16T09:40:08.060+0000] {logging_mixin.py:188} INFO - Null Not Found
[2024-04-16T09:40:08.070+0000] {logging_mixin.py:188} INFO - Null Not Found
[2024-04-16T09:40:08.071+0000] {logging_mixin.py:188} INFO - Null Not Found
[2024-04-16T09:40:08.072+0000] {logging_mixin.py:188} INFO - Null Not Found
[2024-04-16T09:40:08.073+0000] {logging_mixin.py:188} INFO - Null Not Found
[2024-04-16T09:40:08.075+0000] {python.py:237} INFO - Done. Returned value was: None
[2024-04-16T09:40:08.075+0000] {taskinstance.py:441} INFO - ::group::Post task execution logs
[2024-04-16T09:40:08.086+0000] {taskinstance.py:1205} INFO - Marking task as SUCCESS. dag_id=spotify_final_dag, task_id=hello2, execution_date=20240416T032400, start_date=20240416T094006, end_date=20240416T094008
[2024-04-16T09:40:08.144+0000] {local_task_job_runner.py:240} INFO - Task exited with return code 0
[2024-04-16T09:40:08.159+0000] {taskinstance.py:3482} INFO - 0 downstream tasks scheduled from follow-on schedule check
[2024-04-16T09:40:08.161+0000] {local_task_job_runner.py:222} INFO - ::endgroup::
[2024-04-16T09:47:49.250+0000] {local_task_job_runner.py:120} INFO - ::group::Pre task execution logs
[2024-04-16T09:47:49.270+0000] {taskinstance.py:2073} INFO - Dependencies all met for dep_context=non-requeueable deps ti=<TaskInstance: spotify_final_dag.hello2 scheduled__2024-04-16T03:24:00+00:00 [queued]>
[2024-04-16T09:47:49.277+0000] {taskinstance.py:2073} INFO - Dependencies all met for dep_context=requeueable deps ti=<TaskInstance: spotify_final_dag.hello2 scheduled__2024-04-16T03:24:00+00:00 [queued]>
[2024-04-16T09:47:49.278+0000] {taskinstance.py:2303} INFO - Starting attempt 1 of 2
[2024-04-16T09:47:49.291+0000] {taskinstance.py:2327} INFO - Executing <Task(PythonOperator): hello2> on 2024-04-16 03:24:00+00:00
[2024-04-16T09:47:49.299+0000] {warnings.py:110} WARNING - /home/***/.local/lib/python3.12/site-packages/***/task/task_runner/standard_task_runner.py:61: DeprecationWarning: This process (pid=4390) is multi-threaded, use of fork() may lead to deadlocks in the child.
  pid = os.fork()

[2024-04-16T09:47:49.301+0000] {standard_task_runner.py:63} INFO - Started process 4421 to run task
[2024-04-16T09:47:49.301+0000] {standard_task_runner.py:90} INFO - Running: ['***', 'tasks', 'run', 'spotify_final_dag', 'hello2', 'scheduled__2024-04-16T03:24:00+00:00', '--job-id', '1159', '--raw', '--subdir', 'DAGS_FOLDER/dag.py', '--cfg-path', '/tmp/tmpiw4e08rk']
[2024-04-16T09:47:49.302+0000] {standard_task_runner.py:91} INFO - Job 1159: Subtask hello2
[2024-04-16T09:47:49.347+0000] {task_command.py:426} INFO - Running <TaskInstance: spotify_final_dag.hello2 scheduled__2024-04-16T03:24:00+00:00 [running]> on host 52651c1f9987
[2024-04-16T09:47:49.447+0000] {taskinstance.py:2644} INFO - Exporting env vars: AIRFLOW_CTX_DAG_OWNER='***' AIRFLOW_CTX_DAG_ID='spotify_final_dag' AIRFLOW_CTX_TASK_ID='hello2' AIRFLOW_CTX_EXECUTION_DATE='2024-04-16T03:24:00+00:00' AIRFLOW_CTX_TRY_NUMBER='1' AIRFLOW_CTX_DAG_RUN_ID='scheduled__2024-04-16T03:24:00+00:00'
[2024-04-16T09:47:49.448+0000] {taskinstance.py:430} INFO - ::endgroup::
[2024-04-16T09:47:49.873+0000] {logging_mixin.py:188} INFO - Connection successful
[2024-04-16T09:47:50.308+0000] {logging_mixin.py:188} INFO - Connection successful
[2024-04-16T09:47:50.724+0000] {logging_mixin.py:188} INFO - Connection successful
[2024-04-16T09:47:50.728+0000] {logging_mixin.py:188} INFO - Null Not Found
[2024-04-16T09:47:50.729+0000] {logging_mixin.py:188} INFO - Null Not Found
[2024-04-16T09:47:50.738+0000] {logging_mixin.py:188} INFO - Null Not Found
[2024-04-16T09:47:50.739+0000] {logging_mixin.py:188} INFO - Null Not Found
[2024-04-16T09:47:50.741+0000] {logging_mixin.py:188} INFO - Null Not Found
[2024-04-16T09:47:50.742+0000] {logging_mixin.py:188} INFO - Null Not Found
[2024-04-16T09:47:50.744+0000] {python.py:237} INFO - Done. Returned value was: None
[2024-04-16T09:47:50.744+0000] {taskinstance.py:441} INFO - ::group::Post task execution logs
[2024-04-16T09:47:50.753+0000] {taskinstance.py:1205} INFO - Marking task as SUCCESS. dag_id=spotify_final_dag, task_id=hello2, execution_date=20240416T032400, start_date=20240416T094749, end_date=20240416T094750
[2024-04-16T09:47:50.798+0000] {local_task_job_runner.py:240} INFO - Task exited with return code 0
[2024-04-16T09:47:50.812+0000] {taskinstance.py:3482} INFO - 0 downstream tasks scheduled from follow-on schedule check
[2024-04-16T09:47:50.814+0000] {local_task_job_runner.py:222} INFO - ::endgroup::
