[2024-04-17T07:30:51.084+0000] {local_task_job_runner.py:120} INFO - ::group::Pre task execution logs
[2024-04-17T07:30:51.101+0000] {taskinstance.py:2073} INFO - Dependencies all met for dep_context=non-requeueable deps ti=<TaskInstance: etl_for_spotify.hello2 scheduled__2024-04-16T05:04:00+00:00 [queued]>
[2024-04-17T07:30:51.108+0000] {taskinstance.py:2073} INFO - Dependencies all met for dep_context=requeueable deps ti=<TaskInstance: etl_for_spotify.hello2 scheduled__2024-04-16T05:04:00+00:00 [queued]>
[2024-04-17T07:30:51.109+0000] {taskinstance.py:2303} INFO - Starting attempt 1 of 2
[2024-04-17T07:30:51.119+0000] {taskinstance.py:2327} INFO - Executing <Task(PythonOperator): hello2> on 2024-04-16 05:04:00+00:00
[2024-04-17T07:30:51.126+0000] {warnings.py:110} WARNING - /home/***/.local/lib/python3.12/site-packages/***/task/task_runner/standard_task_runner.py:61: DeprecationWarning: This process (pid=6311) is multi-threaded, use of fork() may lead to deadlocks in the child.
  pid = os.fork()

[2024-04-17T07:30:51.127+0000] {standard_task_runner.py:63} INFO - Started process 6336 to run task
[2024-04-17T07:30:51.127+0000] {standard_task_runner.py:90} INFO - Running: ['***', 'tasks', 'run', 'etl_for_spotify', 'hello2', 'scheduled__2024-04-16T05:04:00+00:00', '--job-id', '3081', '--raw', '--subdir', 'DAGS_FOLDER/dag.py', '--cfg-path', '/tmp/tmpkmnwaosj']
[2024-04-17T07:30:51.128+0000] {standard_task_runner.py:91} INFO - Job 3081: Subtask hello2
[2024-04-17T07:30:51.171+0000] {task_command.py:426} INFO - Running <TaskInstance: etl_for_spotify.hello2 scheduled__2024-04-16T05:04:00+00:00 [running]> on host 52651c1f9987
[2024-04-17T07:30:51.273+0000] {taskinstance.py:2644} INFO - Exporting env vars: AIRFLOW_CTX_DAG_OWNER='***' AIRFLOW_CTX_DAG_ID='etl_for_spotify' AIRFLOW_CTX_TASK_ID='hello2' AIRFLOW_CTX_EXECUTION_DATE='2024-04-16T05:04:00+00:00' AIRFLOW_CTX_TRY_NUMBER='1' AIRFLOW_CTX_DAG_RUN_ID='scheduled__2024-04-16T05:04:00+00:00'
[2024-04-17T07:30:51.274+0000] {taskinstance.py:430} INFO - ::endgroup::
[2024-04-17T07:30:51.726+0000] {logging_mixin.py:188} INFO - Connection successful
[2024-04-17T07:30:52.286+0000] {logging_mixin.py:188} INFO - Connection successful
[2024-04-17T07:30:52.671+0000] {logging_mixin.py:188} INFO - Connection successful
[2024-04-17T07:30:52.676+0000] {logging_mixin.py:188} INFO - Null Not Found
[2024-04-17T07:30:52.678+0000] {logging_mixin.py:188} INFO - Null Not Found
[2024-04-17T07:30:52.689+0000] {logging_mixin.py:188} INFO - Null Not Found
[2024-04-17T07:30:52.689+0000] {logging_mixin.py:188} INFO - Null Not Found
[2024-04-17T07:30:52.691+0000] {logging_mixin.py:188} INFO - Null Not Found
[2024-04-17T07:30:52.692+0000] {logging_mixin.py:188} INFO - Null Not Found
[2024-04-17T07:30:52.694+0000] {python.py:237} INFO - Done. Returned value was: None
[2024-04-17T07:30:52.695+0000] {taskinstance.py:441} INFO - ::group::Post task execution logs
[2024-04-17T07:30:52.705+0000] {taskinstance.py:1205} INFO - Marking task as SUCCESS. dag_id=etl_for_spotify, task_id=hello2, execution_date=20240416T050400, start_date=20240417T073051, end_date=20240417T073052
[2024-04-17T07:30:52.744+0000] {local_task_job_runner.py:240} INFO - Task exited with return code 0
[2024-04-17T07:30:52.757+0000] {taskinstance.py:3482} INFO - 0 downstream tasks scheduled from follow-on schedule check
[2024-04-17T07:30:52.759+0000] {local_task_job_runner.py:222} INFO - ::endgroup::
