[2024-04-16T09:39:46.266+0000] {local_task_job_runner.py:120} INFO - ::group::Pre task execution logs
[2024-04-16T09:39:46.293+0000] {taskinstance.py:2073} INFO - Dependencies all met for dep_context=non-requeueable deps ti=<TaskInstance: spotify_final_dag.hello2 scheduled__2024-04-16T02:52:00+00:00 [queued]>
[2024-04-16T09:39:46.305+0000] {taskinstance.py:2073} INFO - Dependencies all met for dep_context=requeueable deps ti=<TaskInstance: spotify_final_dag.hello2 scheduled__2024-04-16T02:52:00+00:00 [queued]>
[2024-04-16T09:39:46.306+0000] {taskinstance.py:2303} INFO - Starting attempt 1 of 2
[2024-04-16T09:39:46.332+0000] {taskinstance.py:2327} INFO - Executing <Task(PythonOperator): hello2> on 2024-04-16 02:52:00+00:00
[2024-04-16T09:39:46.344+0000] {warnings.py:110} WARNING - /home/***/.local/lib/python3.12/site-packages/***/task/task_runner/standard_task_runner.py:61: DeprecationWarning: This process (pid=2233) is multi-threaded, use of fork() may lead to deadlocks in the child.
  pid = os.fork()

[2024-04-16T09:39:46.346+0000] {standard_task_runner.py:63} INFO - Started process 2263 to run task
[2024-04-16T09:39:46.347+0000] {standard_task_runner.py:90} INFO - Running: ['***', 'tasks', 'run', 'spotify_final_dag', 'hello2', 'scheduled__2024-04-16T02:52:00+00:00', '--job-id', '474', '--raw', '--subdir', 'DAGS_FOLDER/dag.py', '--cfg-path', '/tmp/tmp2vnyzpvs']
[2024-04-16T09:39:46.348+0000] {standard_task_runner.py:91} INFO - Job 474: Subtask hello2
[2024-04-16T09:39:46.404+0000] {task_command.py:426} INFO - Running <TaskInstance: spotify_final_dag.hello2 scheduled__2024-04-16T02:52:00+00:00 [running]> on host 52651c1f9987
[2024-04-16T09:39:46.540+0000] {taskinstance.py:2644} INFO - Exporting env vars: AIRFLOW_CTX_DAG_OWNER='***' AIRFLOW_CTX_DAG_ID='spotify_final_dag' AIRFLOW_CTX_TASK_ID='hello2' AIRFLOW_CTX_EXECUTION_DATE='2024-04-16T02:52:00+00:00' AIRFLOW_CTX_TRY_NUMBER='1' AIRFLOW_CTX_DAG_RUN_ID='scheduled__2024-04-16T02:52:00+00:00'
[2024-04-16T09:39:46.542+0000] {taskinstance.py:430} INFO - ::endgroup::
[2024-04-16T09:39:46.955+0000] {logging_mixin.py:188} INFO - Connection successful
[2024-04-16T09:39:47.489+0000] {logging_mixin.py:188} INFO - Connection successful
[2024-04-16T09:39:48.019+0000] {logging_mixin.py:188} INFO - Connection successful
[2024-04-16T09:39:48.025+0000] {logging_mixin.py:188} INFO - Null Not Found
[2024-04-16T09:39:48.027+0000] {logging_mixin.py:188} INFO - Null Not Found
[2024-04-16T09:39:48.038+0000] {logging_mixin.py:188} INFO - Null Not Found
[2024-04-16T09:39:48.039+0000] {logging_mixin.py:188} INFO - Null Not Found
[2024-04-16T09:39:48.041+0000] {logging_mixin.py:188} INFO - Null Not Found
[2024-04-16T09:39:48.041+0000] {logging_mixin.py:188} INFO - Null Not Found
[2024-04-16T09:39:48.043+0000] {python.py:237} INFO - Done. Returned value was: None
[2024-04-16T09:39:48.043+0000] {taskinstance.py:441} INFO - ::group::Post task execution logs
[2024-04-16T09:39:48.052+0000] {taskinstance.py:1205} INFO - Marking task as SUCCESS. dag_id=spotify_final_dag, task_id=hello2, execution_date=20240416T025200, start_date=20240416T093946, end_date=20240416T093948
[2024-04-16T09:39:48.086+0000] {local_task_job_runner.py:240} INFO - Task exited with return code 0
[2024-04-16T09:39:48.100+0000] {taskinstance.py:3482} INFO - 0 downstream tasks scheduled from follow-on schedule check
[2024-04-16T09:39:48.103+0000] {local_task_job_runner.py:222} INFO - ::endgroup::
[2024-04-16T09:47:38.308+0000] {local_task_job_runner.py:120} INFO - ::group::Pre task execution logs
[2024-04-16T09:47:38.331+0000] {taskinstance.py:2073} INFO - Dependencies all met for dep_context=non-requeueable deps ti=<TaskInstance: spotify_final_dag.hello2 scheduled__2024-04-16T02:52:00+00:00 [queued]>
[2024-04-16T09:47:38.342+0000] {taskinstance.py:2073} INFO - Dependencies all met for dep_context=requeueable deps ti=<TaskInstance: spotify_final_dag.hello2 scheduled__2024-04-16T02:52:00+00:00 [queued]>
[2024-04-16T09:47:38.342+0000] {taskinstance.py:2303} INFO - Starting attempt 1 of 2
[2024-04-16T09:47:38.360+0000] {taskinstance.py:2327} INFO - Executing <Task(PythonOperator): hello2> on 2024-04-16 02:52:00+00:00
[2024-04-16T09:47:38.368+0000] {warnings.py:110} WARNING - /home/***/.local/lib/python3.12/site-packages/***/task/task_runner/standard_task_runner.py:61: DeprecationWarning: This process (pid=4289) is multi-threaded, use of fork() may lead to deadlocks in the child.
  pid = os.fork()

[2024-04-16T09:47:38.370+0000] {standard_task_runner.py:63} INFO - Started process 4313 to run task
[2024-04-16T09:47:38.370+0000] {standard_task_runner.py:90} INFO - Running: ['***', 'tasks', 'run', 'spotify_final_dag', 'hello2', 'scheduled__2024-04-16T02:52:00+00:00', '--job-id', '1125', '--raw', '--subdir', 'DAGS_FOLDER/dag.py', '--cfg-path', '/tmp/tmp0wvsb9ik']
[2024-04-16T09:47:38.372+0000] {standard_task_runner.py:91} INFO - Job 1125: Subtask hello2
[2024-04-16T09:47:38.418+0000] {task_command.py:426} INFO - Running <TaskInstance: spotify_final_dag.hello2 scheduled__2024-04-16T02:52:00+00:00 [running]> on host 52651c1f9987
[2024-04-16T09:47:38.522+0000] {taskinstance.py:2644} INFO - Exporting env vars: AIRFLOW_CTX_DAG_OWNER='***' AIRFLOW_CTX_DAG_ID='spotify_final_dag' AIRFLOW_CTX_TASK_ID='hello2' AIRFLOW_CTX_EXECUTION_DATE='2024-04-16T02:52:00+00:00' AIRFLOW_CTX_TRY_NUMBER='1' AIRFLOW_CTX_DAG_RUN_ID='scheduled__2024-04-16T02:52:00+00:00'
[2024-04-16T09:47:38.524+0000] {taskinstance.py:430} INFO - ::endgroup::
[2024-04-16T09:47:39.008+0000] {logging_mixin.py:188} INFO - Connection successful
[2024-04-16T09:47:39.440+0000] {logging_mixin.py:188} INFO - Connection successful
[2024-04-16T09:47:39.910+0000] {logging_mixin.py:188} INFO - Connection successful
[2024-04-16T09:47:39.915+0000] {logging_mixin.py:188} INFO - Null Not Found
[2024-04-16T09:47:39.916+0000] {logging_mixin.py:188} INFO - Null Not Found
[2024-04-16T09:47:39.925+0000] {logging_mixin.py:188} INFO - Null Not Found
[2024-04-16T09:47:39.926+0000] {logging_mixin.py:188} INFO - Null Not Found
[2024-04-16T09:47:39.927+0000] {logging_mixin.py:188} INFO - Null Not Found
[2024-04-16T09:47:39.928+0000] {logging_mixin.py:188} INFO - Null Not Found
[2024-04-16T09:47:39.929+0000] {python.py:237} INFO - Done. Returned value was: None
[2024-04-16T09:47:39.930+0000] {taskinstance.py:441} INFO - ::group::Post task execution logs
[2024-04-16T09:47:39.937+0000] {taskinstance.py:1205} INFO - Marking task as SUCCESS. dag_id=spotify_final_dag, task_id=hello2, execution_date=20240416T025200, start_date=20240416T094738, end_date=20240416T094739
[2024-04-16T09:47:39.992+0000] {local_task_job_runner.py:240} INFO - Task exited with return code 0
[2024-04-16T09:47:40.005+0000] {taskinstance.py:3482} INFO - 0 downstream tasks scheduled from follow-on schedule check
[2024-04-16T09:47:40.006+0000] {local_task_job_runner.py:222} INFO - ::endgroup::
