[2024-04-16T09:41:05.728+0000] {local_task_job_runner.py:120} INFO - ::group::Pre task execution logs
[2024-04-16T09:41:05.755+0000] {taskinstance.py:2073} INFO - Dependencies all met for dep_context=non-requeueable deps ti=<TaskInstance: spotify_final_dag.hello2 scheduled__2024-04-16T04:58:00+00:00 [queued]>
[2024-04-16T09:41:05.766+0000] {taskinstance.py:2073} INFO - Dependencies all met for dep_context=requeueable deps ti=<TaskInstance: spotify_final_dag.hello2 scheduled__2024-04-16T04:58:00+00:00 [queued]>
[2024-04-16T09:41:05.767+0000] {taskinstance.py:2303} INFO - Starting attempt 1 of 2
[2024-04-16T09:41:05.782+0000] {taskinstance.py:2327} INFO - Executing <Task(PythonOperator): hello2> on 2024-04-16 04:58:00+00:00
[2024-04-16T09:41:05.793+0000] {warnings.py:110} WARNING - /home/***/.local/lib/python3.12/site-packages/***/task/task_runner/standard_task_runner.py:61: DeprecationWarning: This process (pid=3000) is multi-threaded, use of fork() may lead to deadlocks in the child.
  pid = os.fork()

[2024-04-16T09:41:05.796+0000] {standard_task_runner.py:90} INFO - Running: ['***', 'tasks', 'run', 'spotify_final_dag', 'hello2', 'scheduled__2024-04-16T04:58:00+00:00', '--job-id', '722', '--raw', '--subdir', 'DAGS_FOLDER/dag.py', '--cfg-path', '/tmp/tmp4ng3ms_m']
[2024-04-16T09:41:05.798+0000] {standard_task_runner.py:63} INFO - Started process 3025 to run task
[2024-04-16T09:41:05.798+0000] {standard_task_runner.py:91} INFO - Job 722: Subtask hello2
[2024-04-16T09:41:05.855+0000] {task_command.py:426} INFO - Running <TaskInstance: spotify_final_dag.hello2 scheduled__2024-04-16T04:58:00+00:00 [running]> on host 52651c1f9987
[2024-04-16T09:41:05.958+0000] {taskinstance.py:2644} INFO - Exporting env vars: AIRFLOW_CTX_DAG_OWNER='***' AIRFLOW_CTX_DAG_ID='spotify_final_dag' AIRFLOW_CTX_TASK_ID='hello2' AIRFLOW_CTX_EXECUTION_DATE='2024-04-16T04:58:00+00:00' AIRFLOW_CTX_TRY_NUMBER='1' AIRFLOW_CTX_DAG_RUN_ID='scheduled__2024-04-16T04:58:00+00:00'
[2024-04-16T09:41:05.960+0000] {taskinstance.py:430} INFO - ::endgroup::
[2024-04-16T09:41:06.383+0000] {logging_mixin.py:188} INFO - Connection successful
[2024-04-16T09:41:06.841+0000] {logging_mixin.py:188} INFO - Connection successful
[2024-04-16T09:41:07.346+0000] {logging_mixin.py:188} INFO - Connection successful
[2024-04-16T09:41:07.350+0000] {logging_mixin.py:188} INFO - Null Not Found
[2024-04-16T09:41:07.351+0000] {logging_mixin.py:188} INFO - Null Not Found
[2024-04-16T09:41:07.362+0000] {logging_mixin.py:188} INFO - Null Not Found
[2024-04-16T09:41:07.362+0000] {logging_mixin.py:188} INFO - Null Not Found
[2024-04-16T09:41:07.364+0000] {logging_mixin.py:188} INFO - Null Not Found
[2024-04-16T09:41:07.364+0000] {logging_mixin.py:188} INFO - Null Not Found
[2024-04-16T09:41:07.366+0000] {python.py:237} INFO - Done. Returned value was: None
[2024-04-16T09:41:07.367+0000] {taskinstance.py:441} INFO - ::group::Post task execution logs
[2024-04-16T09:41:07.376+0000] {taskinstance.py:1205} INFO - Marking task as SUCCESS. dag_id=spotify_final_dag, task_id=hello2, execution_date=20240416T045800, start_date=20240416T094105, end_date=20240416T094107
[2024-04-16T09:41:07.421+0000] {local_task_job_runner.py:240} INFO - Task exited with return code 0
[2024-04-16T09:41:07.434+0000] {taskinstance.py:3482} INFO - 0 downstream tasks scheduled from follow-on schedule check
[2024-04-16T09:41:07.436+0000] {local_task_job_runner.py:222} INFO - ::endgroup::
[2024-04-16T09:48:19.318+0000] {local_task_job_runner.py:120} INFO - ::group::Pre task execution logs
[2024-04-16T09:48:19.355+0000] {taskinstance.py:2073} INFO - Dependencies all met for dep_context=non-requeueable deps ti=<TaskInstance: spotify_final_dag.hello2 scheduled__2024-04-16T04:58:00+00:00 [queued]>
[2024-04-16T09:48:19.369+0000] {taskinstance.py:2073} INFO - Dependencies all met for dep_context=requeueable deps ti=<TaskInstance: spotify_final_dag.hello2 scheduled__2024-04-16T04:58:00+00:00 [queued]>
[2024-04-16T09:48:19.370+0000] {taskinstance.py:2303} INFO - Starting attempt 1 of 2
[2024-04-16T09:48:19.388+0000] {taskinstance.py:2327} INFO - Executing <Task(PythonOperator): hello2> on 2024-04-16 04:58:00+00:00
[2024-04-16T09:48:19.397+0000] {warnings.py:110} WARNING - /home/***/.local/lib/python3.12/site-packages/***/task/task_runner/standard_task_runner.py:61: DeprecationWarning: This process (pid=4686) is multi-threaded, use of fork() may lead to deadlocks in the child.
  pid = os.fork()

[2024-04-16T09:48:19.399+0000] {standard_task_runner.py:63} INFO - Started process 4715 to run task
[2024-04-16T09:48:19.399+0000] {standard_task_runner.py:90} INFO - Running: ['***', 'tasks', 'run', 'spotify_final_dag', 'hello2', 'scheduled__2024-04-16T04:58:00+00:00', '--job-id', '1254', '--raw', '--subdir', 'DAGS_FOLDER/dag.py', '--cfg-path', '/tmp/tmpiwcutoio']
[2024-04-16T09:48:19.401+0000] {standard_task_runner.py:91} INFO - Job 1254: Subtask hello2
[2024-04-16T09:48:19.450+0000] {task_command.py:426} INFO - Running <TaskInstance: spotify_final_dag.hello2 scheduled__2024-04-16T04:58:00+00:00 [running]> on host 52651c1f9987
[2024-04-16T09:48:19.546+0000] {taskinstance.py:2644} INFO - Exporting env vars: AIRFLOW_CTX_DAG_OWNER='***' AIRFLOW_CTX_DAG_ID='spotify_final_dag' AIRFLOW_CTX_TASK_ID='hello2' AIRFLOW_CTX_EXECUTION_DATE='2024-04-16T04:58:00+00:00' AIRFLOW_CTX_TRY_NUMBER='1' AIRFLOW_CTX_DAG_RUN_ID='scheduled__2024-04-16T04:58:00+00:00'
[2024-04-16T09:48:19.548+0000] {taskinstance.py:430} INFO - ::endgroup::
[2024-04-16T09:48:20.053+0000] {logging_mixin.py:188} INFO - Connection successful
[2024-04-16T09:48:20.483+0000] {logging_mixin.py:188} INFO - Connection successful
[2024-04-16T09:48:20.924+0000] {logging_mixin.py:188} INFO - Connection successful
[2024-04-16T09:48:20.928+0000] {logging_mixin.py:188} INFO - Null Not Found
[2024-04-16T09:48:20.930+0000] {logging_mixin.py:188} INFO - Null Not Found
[2024-04-16T09:48:20.938+0000] {logging_mixin.py:188} INFO - Null Not Found
[2024-04-16T09:48:20.939+0000] {logging_mixin.py:188} INFO - Null Not Found
[2024-04-16T09:48:20.940+0000] {logging_mixin.py:188} INFO - Null Not Found
[2024-04-16T09:48:20.941+0000] {logging_mixin.py:188} INFO - Null Not Found
[2024-04-16T09:48:20.942+0000] {python.py:237} INFO - Done. Returned value was: None
[2024-04-16T09:48:20.943+0000] {taskinstance.py:441} INFO - ::group::Post task execution logs
[2024-04-16T09:48:20.949+0000] {taskinstance.py:1205} INFO - Marking task as SUCCESS. dag_id=spotify_final_dag, task_id=hello2, execution_date=20240416T045800, start_date=20240416T094819, end_date=20240416T094820
[2024-04-16T09:48:20.977+0000] {local_task_job_runner.py:240} INFO - Task exited with return code 0
[2024-04-16T09:48:20.989+0000] {taskinstance.py:3482} INFO - 0 downstream tasks scheduled from follow-on schedule check
[2024-04-16T09:48:20.991+0000] {local_task_job_runner.py:222} INFO - ::endgroup::
