[2024-04-17T05:25:39.466+0000] {local_task_job_runner.py:120} INFO - ::group::Pre task execution logs
[2024-04-17T05:25:39.493+0000] {taskinstance.py:2073} INFO - Dependencies all met for dep_context=non-requeueable deps ti=<TaskInstance: spotify_final_dag.hello2 scheduled__2024-04-16T16:48:00+00:00 [queued]>
[2024-04-17T05:25:39.504+0000] {taskinstance.py:2073} INFO - Dependencies all met for dep_context=requeueable deps ti=<TaskInstance: spotify_final_dag.hello2 scheduled__2024-04-16T16:48:00+00:00 [queued]>
[2024-04-17T05:25:39.505+0000] {taskinstance.py:2303} INFO - Starting attempt 1 of 2
[2024-04-17T05:25:39.521+0000] {taskinstance.py:2327} INFO - Executing <Task(PythonOperator): hello2> on 2024-04-16 16:48:00+00:00
[2024-04-17T05:25:39.530+0000] {warnings.py:110} WARNING - /home/***/.local/lib/python3.12/site-packages/***/task/task_runner/standard_task_runner.py:61: DeprecationWarning: This process (pid=1412) is multi-threaded, use of fork() may lead to deadlocks in the child.
  pid = os.fork()

[2024-04-17T05:25:39.532+0000] {standard_task_runner.py:63} INFO - Started process 1442 to run task
[2024-04-17T05:25:39.532+0000] {standard_task_runner.py:90} INFO - Running: ['***', 'tasks', 'run', 'spotify_final_dag', 'hello2', 'scheduled__2024-04-16T16:48:00+00:00', '--job-id', '2000', '--raw', '--subdir', 'DAGS_FOLDER/dag.py', '--cfg-path', '/tmp/tmpym0r56a_']
[2024-04-17T05:25:39.533+0000] {standard_task_runner.py:91} INFO - Job 2000: Subtask hello2
[2024-04-17T05:25:39.584+0000] {task_command.py:426} INFO - Running <TaskInstance: spotify_final_dag.hello2 scheduled__2024-04-16T16:48:00+00:00 [running]> on host 52651c1f9987
[2024-04-17T05:25:39.678+0000] {taskinstance.py:2644} INFO - Exporting env vars: AIRFLOW_CTX_DAG_OWNER='***' AIRFLOW_CTX_DAG_ID='spotify_final_dag' AIRFLOW_CTX_TASK_ID='hello2' AIRFLOW_CTX_EXECUTION_DATE='2024-04-16T16:48:00+00:00' AIRFLOW_CTX_TRY_NUMBER='1' AIRFLOW_CTX_DAG_RUN_ID='scheduled__2024-04-16T16:48:00+00:00'
[2024-04-17T05:25:39.680+0000] {taskinstance.py:430} INFO - ::endgroup::
[2024-04-17T05:25:40.117+0000] {logging_mixin.py:188} INFO - Connection successful
[2024-04-17T05:25:40.564+0000] {logging_mixin.py:188} INFO - Connection successful
[2024-04-17T05:25:40.975+0000] {logging_mixin.py:188} INFO - Connection successful
[2024-04-17T05:25:40.979+0000] {logging_mixin.py:188} INFO - Null Not Found
[2024-04-17T05:25:40.980+0000] {logging_mixin.py:188} INFO - Null Not Found
[2024-04-17T05:25:40.989+0000] {logging_mixin.py:188} INFO - Null Not Found
[2024-04-17T05:25:40.989+0000] {logging_mixin.py:188} INFO - Null Not Found
[2024-04-17T05:25:40.990+0000] {logging_mixin.py:188} INFO - Null Not Found
[2024-04-17T05:25:40.991+0000] {logging_mixin.py:188} INFO - Null Not Found
[2024-04-17T05:25:40.992+0000] {python.py:237} INFO - Done. Returned value was: None
[2024-04-17T05:25:40.992+0000] {taskinstance.py:441} INFO - ::group::Post task execution logs
[2024-04-17T05:25:40.998+0000] {taskinstance.py:1205} INFO - Marking task as SUCCESS. dag_id=spotify_final_dag, task_id=hello2, execution_date=20240416T164800, start_date=20240417T052539, end_date=20240417T052540
[2024-04-17T05:25:41.036+0000] {local_task_job_runner.py:240} INFO - Task exited with return code 0
[2024-04-17T05:25:41.082+0000] {taskinstance.py:3482} INFO - 0 downstream tasks scheduled from follow-on schedule check
[2024-04-17T05:25:41.085+0000] {local_task_job_runner.py:222} INFO - ::endgroup::
