[2024-04-17T07:35:52.801+0000] {local_task_job_runner.py:120} INFO - ::group::Pre task execution logs
[2024-04-17T07:35:52.823+0000] {taskinstance.py:2073} INFO - Dependencies all met for dep_context=non-requeueable deps ti=<TaskInstance: etl_for_spotify.processes scheduled__2024-04-16T19:38:00+00:00 [queued]>
[2024-04-17T07:35:52.832+0000] {taskinstance.py:2073} INFO - Dependencies all met for dep_context=requeueable deps ti=<TaskInstance: etl_for_spotify.processes scheduled__2024-04-16T19:38:00+00:00 [queued]>
[2024-04-17T07:35:52.832+0000] {taskinstance.py:2303} INFO - Starting attempt 1 of 2
[2024-04-17T07:35:52.845+0000] {taskinstance.py:2327} INFO - Executing <Task(PythonOperator): processes> on 2024-04-16 19:38:00+00:00
[2024-04-17T07:35:52.852+0000] {warnings.py:110} WARNING - /home/***/.local/lib/python3.12/site-packages/***/task/task_runner/standard_task_runner.py:61: DeprecationWarning: This process (pid=9077) is multi-threaded, use of fork() may lead to deadlocks in the child.
  pid = os.fork()

[2024-04-17T07:35:52.854+0000] {standard_task_runner.py:63} INFO - Started process 9101 to run task
[2024-04-17T07:35:52.854+0000] {standard_task_runner.py:90} INFO - Running: ['***', 'tasks', 'run', 'etl_for_spotify', 'processes', 'scheduled__2024-04-16T19:38:00+00:00', '--job-id', '3972', '--raw', '--subdir', 'DAGS_FOLDER/dag.py', '--cfg-path', '/tmp/tmpze07xt7u']
[2024-04-17T07:35:52.855+0000] {standard_task_runner.py:91} INFO - Job 3972: Subtask processes
[2024-04-17T07:35:52.889+0000] {task_command.py:426} INFO - Running <TaskInstance: etl_for_spotify.processes scheduled__2024-04-16T19:38:00+00:00 [running]> on host 52651c1f9987
[2024-04-17T07:35:52.967+0000] {taskinstance.py:2644} INFO - Exporting env vars: AIRFLOW_CTX_DAG_OWNER='***' AIRFLOW_CTX_DAG_ID='etl_for_spotify' AIRFLOW_CTX_TASK_ID='processes' AIRFLOW_CTX_EXECUTION_DATE='2024-04-16T19:38:00+00:00' AIRFLOW_CTX_TRY_NUMBER='1' AIRFLOW_CTX_DAG_RUN_ID='scheduled__2024-04-16T19:38:00+00:00'
[2024-04-17T07:35:52.968+0000] {taskinstance.py:430} INFO - ::endgroup::
[2024-04-17T07:35:53.372+0000] {logging_mixin.py:188} INFO - Connection successful
[2024-04-17T07:35:53.814+0000] {logging_mixin.py:188} INFO - Connection successful
[2024-04-17T07:35:54.221+0000] {logging_mixin.py:188} INFO - Connection successful
[2024-04-17T07:35:54.225+0000] {logging_mixin.py:188} INFO - Null Not Found
[2024-04-17T07:35:54.226+0000] {logging_mixin.py:188} INFO - Null Not Found
[2024-04-17T07:35:54.234+0000] {logging_mixin.py:188} INFO - Null Not Found
[2024-04-17T07:35:54.235+0000] {logging_mixin.py:188} INFO - Null Not Found
[2024-04-17T07:35:54.236+0000] {logging_mixin.py:188} INFO - Null Not Found
[2024-04-17T07:35:54.237+0000] {logging_mixin.py:188} INFO - Null Not Found
[2024-04-17T07:35:54.238+0000] {python.py:237} INFO - Done. Returned value was: None
[2024-04-17T07:35:54.238+0000] {taskinstance.py:441} INFO - ::group::Post task execution logs
[2024-04-17T07:35:54.245+0000] {taskinstance.py:1205} INFO - Marking task as SUCCESS. dag_id=etl_for_spotify, task_id=processes, execution_date=20240416T193800, start_date=20240417T073552, end_date=20240417T073554
[2024-04-17T07:35:54.271+0000] {local_task_job_runner.py:240} INFO - Task exited with return code 0
[2024-04-17T07:35:54.284+0000] {taskinstance.py:3482} INFO - 0 downstream tasks scheduled from follow-on schedule check
[2024-04-17T07:35:54.286+0000] {local_task_job_runner.py:222} INFO - ::endgroup::
