[2024-04-17T07:29:58.196+0000] {local_task_job_runner.py:120} INFO - ::group::Pre task execution logs
[2024-04-17T07:29:58.217+0000] {taskinstance.py:2073} INFO - Dependencies all met for dep_context=non-requeueable deps ti=<TaskInstance: etl_for_spotify.hello2 scheduled__2024-04-16T02:22:00+00:00 [queued]>
[2024-04-17T07:29:58.225+0000] {taskinstance.py:2073} INFO - Dependencies all met for dep_context=requeueable deps ti=<TaskInstance: etl_for_spotify.hello2 scheduled__2024-04-16T02:22:00+00:00 [queued]>
[2024-04-17T07:29:58.225+0000] {taskinstance.py:2303} INFO - Starting attempt 1 of 2
[2024-04-17T07:29:58.238+0000] {taskinstance.py:2327} INFO - Executing <Task(PythonOperator): hello2> on 2024-04-16 02:22:00+00:00
[2024-04-17T07:29:58.248+0000] {warnings.py:110} WARNING - /home/***/.local/lib/python3.12/site-packages/***/task/task_runner/standard_task_runner.py:61: DeprecationWarning: This process (pid=5823) is multi-threaded, use of fork() may lead to deadlocks in the child.
  pid = os.fork()

[2024-04-17T07:29:58.250+0000] {standard_task_runner.py:63} INFO - Started process 5848 to run task
[2024-04-17T07:29:58.251+0000] {standard_task_runner.py:90} INFO - Running: ['***', 'tasks', 'run', 'etl_for_spotify', 'hello2', 'scheduled__2024-04-16T02:22:00+00:00', '--job-id', '2921', '--raw', '--subdir', 'DAGS_FOLDER/dag.py', '--cfg-path', '/tmp/tmpi_5bn4f8']
[2024-04-17T07:29:58.252+0000] {standard_task_runner.py:91} INFO - Job 2921: Subtask hello2
[2024-04-17T07:29:58.289+0000] {task_command.py:426} INFO - Running <TaskInstance: etl_for_spotify.hello2 scheduled__2024-04-16T02:22:00+00:00 [running]> on host 52651c1f9987
[2024-04-17T07:29:58.369+0000] {taskinstance.py:2644} INFO - Exporting env vars: AIRFLOW_CTX_DAG_OWNER='***' AIRFLOW_CTX_DAG_ID='etl_for_spotify' AIRFLOW_CTX_TASK_ID='hello2' AIRFLOW_CTX_EXECUTION_DATE='2024-04-16T02:22:00+00:00' AIRFLOW_CTX_TRY_NUMBER='1' AIRFLOW_CTX_DAG_RUN_ID='scheduled__2024-04-16T02:22:00+00:00'
[2024-04-17T07:29:58.371+0000] {taskinstance.py:430} INFO - ::endgroup::
[2024-04-17T07:29:58.798+0000] {logging_mixin.py:188} INFO - Connection successful
[2024-04-17T07:29:59.289+0000] {logging_mixin.py:188} INFO - Connection successful
[2024-04-17T07:29:59.726+0000] {logging_mixin.py:188} INFO - Connection successful
[2024-04-17T07:29:59.730+0000] {logging_mixin.py:188} INFO - Null Not Found
[2024-04-17T07:29:59.731+0000] {logging_mixin.py:188} INFO - Null Not Found
[2024-04-17T07:29:59.742+0000] {logging_mixin.py:188} INFO - Null Not Found
[2024-04-17T07:29:59.743+0000] {logging_mixin.py:188} INFO - Null Not Found
[2024-04-17T07:29:59.745+0000] {logging_mixin.py:188} INFO - Null Not Found
[2024-04-17T07:29:59.746+0000] {logging_mixin.py:188} INFO - Null Not Found
[2024-04-17T07:29:59.747+0000] {python.py:237} INFO - Done. Returned value was: None
[2024-04-17T07:29:59.748+0000] {taskinstance.py:441} INFO - ::group::Post task execution logs
[2024-04-17T07:29:59.758+0000] {taskinstance.py:1205} INFO - Marking task as SUCCESS. dag_id=etl_for_spotify, task_id=hello2, execution_date=20240416T022200, start_date=20240417T072958, end_date=20240417T072959
[2024-04-17T07:29:59.788+0000] {local_task_job_runner.py:240} INFO - Task exited with return code 0
[2024-04-17T07:29:59.806+0000] {taskinstance.py:3482} INFO - 0 downstream tasks scheduled from follow-on schedule check
[2024-04-17T07:29:59.808+0000] {local_task_job_runner.py:222} INFO - ::endgroup::
