[2024-04-16T09:41:46.330+0000] {local_task_job_runner.py:120} INFO - ::group::Pre task execution logs
[2024-04-16T09:41:46.353+0000] {taskinstance.py:2073} INFO - Dependencies all met for dep_context=non-requeueable deps ti=<TaskInstance: spotify_final_dag.hello2 scheduled__2024-04-16T06:04:00+00:00 [queued]>
[2024-04-16T09:41:46.363+0000] {taskinstance.py:2073} INFO - Dependencies all met for dep_context=requeueable deps ti=<TaskInstance: spotify_final_dag.hello2 scheduled__2024-04-16T06:04:00+00:00 [queued]>
[2024-04-16T09:41:46.364+0000] {taskinstance.py:2303} INFO - Starting attempt 1 of 2
[2024-04-16T09:41:46.377+0000] {taskinstance.py:2327} INFO - Executing <Task(PythonOperator): hello2> on 2024-04-16 06:04:00+00:00
[2024-04-16T09:41:46.386+0000] {warnings.py:110} WARNING - /home/***/.local/lib/python3.12/site-packages/***/task/task_runner/standard_task_runner.py:61: DeprecationWarning: This process (pid=3395) is multi-threaded, use of fork() may lead to deadlocks in the child.
  pid = os.fork()

[2024-04-16T09:41:46.387+0000] {standard_task_runner.py:63} INFO - Started process 3424 to run task
[2024-04-16T09:41:46.388+0000] {standard_task_runner.py:90} INFO - Running: ['***', 'tasks', 'run', 'spotify_final_dag', 'hello2', 'scheduled__2024-04-16T06:04:00+00:00', '--job-id', '855', '--raw', '--subdir', 'DAGS_FOLDER/dag.py', '--cfg-path', '/tmp/tmp23oa4onk']
[2024-04-16T09:41:46.389+0000] {standard_task_runner.py:91} INFO - Job 855: Subtask hello2
[2024-04-16T09:41:46.436+0000] {task_command.py:426} INFO - Running <TaskInstance: spotify_final_dag.hello2 scheduled__2024-04-16T06:04:00+00:00 [running]> on host 52651c1f9987
[2024-04-16T09:41:46.528+0000] {taskinstance.py:2644} INFO - Exporting env vars: AIRFLOW_CTX_DAG_OWNER='***' AIRFLOW_CTX_DAG_ID='spotify_final_dag' AIRFLOW_CTX_TASK_ID='hello2' AIRFLOW_CTX_EXECUTION_DATE='2024-04-16T06:04:00+00:00' AIRFLOW_CTX_TRY_NUMBER='1' AIRFLOW_CTX_DAG_RUN_ID='scheduled__2024-04-16T06:04:00+00:00'
[2024-04-16T09:41:46.529+0000] {taskinstance.py:430} INFO - ::endgroup::
[2024-04-16T09:41:46.999+0000] {logging_mixin.py:188} INFO - Connection successful
[2024-04-16T09:41:47.408+0000] {logging_mixin.py:188} INFO - Connection successful
[2024-04-16T09:41:47.822+0000] {logging_mixin.py:188} INFO - Connection successful
[2024-04-16T09:41:47.826+0000] {logging_mixin.py:188} INFO - Null Not Found
[2024-04-16T09:41:47.828+0000] {logging_mixin.py:188} INFO - Null Not Found
[2024-04-16T09:41:47.837+0000] {logging_mixin.py:188} INFO - Null Not Found
[2024-04-16T09:41:47.837+0000] {logging_mixin.py:188} INFO - Null Not Found
[2024-04-16T09:41:47.839+0000] {logging_mixin.py:188} INFO - Null Not Found
[2024-04-16T09:41:47.839+0000] {logging_mixin.py:188} INFO - Null Not Found
[2024-04-16T09:41:47.841+0000] {python.py:237} INFO - Done. Returned value was: None
[2024-04-16T09:41:47.842+0000] {taskinstance.py:441} INFO - ::group::Post task execution logs
[2024-04-16T09:41:47.850+0000] {taskinstance.py:1205} INFO - Marking task as SUCCESS. dag_id=spotify_final_dag, task_id=hello2, execution_date=20240416T060400, start_date=20240416T094146, end_date=20240416T094147
[2024-04-16T09:41:47.885+0000] {local_task_job_runner.py:240} INFO - Task exited with return code 0
[2024-04-16T09:41:47.898+0000] {taskinstance.py:3482} INFO - 0 downstream tasks scheduled from follow-on schedule check
[2024-04-16T09:41:47.900+0000] {local_task_job_runner.py:222} INFO - ::endgroup::
[2024-04-16T09:48:39.385+0000] {local_task_job_runner.py:120} INFO - ::group::Pre task execution logs
[2024-04-16T09:48:39.408+0000] {taskinstance.py:2073} INFO - Dependencies all met for dep_context=non-requeueable deps ti=<TaskInstance: spotify_final_dag.hello2 scheduled__2024-04-16T06:04:00+00:00 [queued]>
[2024-04-16T09:48:39.418+0000] {taskinstance.py:2073} INFO - Dependencies all met for dep_context=requeueable deps ti=<TaskInstance: spotify_final_dag.hello2 scheduled__2024-04-16T06:04:00+00:00 [queued]>
[2024-04-16T09:48:39.418+0000] {taskinstance.py:2303} INFO - Starting attempt 1 of 2
[2024-04-16T09:48:39.492+0000] {taskinstance.py:2327} INFO - Executing <Task(PythonOperator): hello2> on 2024-04-16 06:04:00+00:00
[2024-04-16T09:48:39.502+0000] {warnings.py:110} WARNING - /home/***/.local/lib/python3.12/site-packages/***/task/task_runner/standard_task_runner.py:61: DeprecationWarning: This process (pid=4879) is multi-threaded, use of fork() may lead to deadlocks in the child.
  pid = os.fork()

[2024-04-16T09:48:39.504+0000] {standard_task_runner.py:63} INFO - Started process 4908 to run task
[2024-04-16T09:48:39.504+0000] {standard_task_runner.py:90} INFO - Running: ['***', 'tasks', 'run', 'spotify_final_dag', 'hello2', 'scheduled__2024-04-16T06:04:00+00:00', '--job-id', '1319', '--raw', '--subdir', 'DAGS_FOLDER/dag.py', '--cfg-path', '/tmp/tmpr7pc342s']
[2024-04-16T09:48:39.505+0000] {standard_task_runner.py:91} INFO - Job 1319: Subtask hello2
[2024-04-16T09:48:39.547+0000] {task_command.py:426} INFO - Running <TaskInstance: spotify_final_dag.hello2 scheduled__2024-04-16T06:04:00+00:00 [running]> on host 52651c1f9987
[2024-04-16T09:48:39.647+0000] {taskinstance.py:2644} INFO - Exporting env vars: AIRFLOW_CTX_DAG_OWNER='***' AIRFLOW_CTX_DAG_ID='spotify_final_dag' AIRFLOW_CTX_TASK_ID='hello2' AIRFLOW_CTX_EXECUTION_DATE='2024-04-16T06:04:00+00:00' AIRFLOW_CTX_TRY_NUMBER='1' AIRFLOW_CTX_DAG_RUN_ID='scheduled__2024-04-16T06:04:00+00:00'
[2024-04-16T09:48:39.649+0000] {taskinstance.py:430} INFO - ::endgroup::
[2024-04-16T09:48:40.119+0000] {logging_mixin.py:188} INFO - Connection successful
[2024-04-16T09:48:40.575+0000] {logging_mixin.py:188} INFO - Connection successful
[2024-04-16T09:48:40.963+0000] {logging_mixin.py:188} INFO - Connection successful
[2024-04-16T09:48:40.967+0000] {logging_mixin.py:188} INFO - Null Not Found
[2024-04-16T09:48:40.968+0000] {logging_mixin.py:188} INFO - Null Not Found
[2024-04-16T09:48:40.976+0000] {logging_mixin.py:188} INFO - Null Not Found
[2024-04-16T09:48:40.977+0000] {logging_mixin.py:188} INFO - Null Not Found
[2024-04-16T09:48:40.978+0000] {logging_mixin.py:188} INFO - Null Not Found
[2024-04-16T09:48:40.979+0000] {logging_mixin.py:188} INFO - Null Not Found
[2024-04-16T09:48:40.980+0000] {python.py:237} INFO - Done. Returned value was: None
[2024-04-16T09:48:40.980+0000] {taskinstance.py:441} INFO - ::group::Post task execution logs
[2024-04-16T09:48:40.987+0000] {taskinstance.py:1205} INFO - Marking task as SUCCESS. dag_id=spotify_final_dag, task_id=hello2, execution_date=20240416T060400, start_date=20240416T094839, end_date=20240416T094840
[2024-04-16T09:48:41.042+0000] {local_task_job_runner.py:240} INFO - Task exited with return code 0
[2024-04-16T09:48:41.054+0000] {taskinstance.py:3482} INFO - 0 downstream tasks scheduled from follow-on schedule check
[2024-04-16T09:48:41.057+0000] {local_task_job_runner.py:222} INFO - ::endgroup::
