[2024-04-17T05:28:22.817+0000] {local_task_job_runner.py:120} INFO - ::group::Pre task execution logs
[2024-04-17T05:28:22.832+0000] {taskinstance.py:2073} INFO - Dependencies all met for dep_context=non-requeueable deps ti=<TaskInstance: spotify_final_dag.hello2 scheduled__2024-04-17T01:34:00+00:00 [queued]>
[2024-04-17T05:28:22.838+0000] {taskinstance.py:2073} INFO - Dependencies all met for dep_context=requeueable deps ti=<TaskInstance: spotify_final_dag.hello2 scheduled__2024-04-17T01:34:00+00:00 [queued]>
[2024-04-17T05:28:22.839+0000] {taskinstance.py:2303} INFO - Starting attempt 1 of 2
[2024-04-17T05:28:22.849+0000] {taskinstance.py:2327} INFO - Executing <Task(PythonOperator): hello2> on 2024-04-17 01:34:00+00:00
[2024-04-17T05:28:22.858+0000] {warnings.py:110} WARNING - /home/***/.local/lib/python3.12/site-packages/***/task/task_runner/standard_task_runner.py:61: DeprecationWarning: This process (pid=3011) is multi-threaded, use of fork() may lead to deadlocks in the child.
  pid = os.fork()

[2024-04-17T05:28:22.860+0000] {standard_task_runner.py:63} INFO - Started process 3031 to run task
[2024-04-17T05:28:22.859+0000] {standard_task_runner.py:90} INFO - Running: ['***', 'tasks', 'run', 'spotify_final_dag', 'hello2', 'scheduled__2024-04-17T01:34:00+00:00', '--job-id', '2522', '--raw', '--subdir', 'DAGS_FOLDER/dag.py', '--cfg-path', '/tmp/tmpwgwvodh1']
[2024-04-17T05:28:22.861+0000] {standard_task_runner.py:91} INFO - Job 2522: Subtask hello2
[2024-04-17T05:28:22.896+0000] {task_command.py:426} INFO - Running <TaskInstance: spotify_final_dag.hello2 scheduled__2024-04-17T01:34:00+00:00 [running]> on host 52651c1f9987
[2024-04-17T05:28:22.979+0000] {taskinstance.py:2644} INFO - Exporting env vars: AIRFLOW_CTX_DAG_OWNER='***' AIRFLOW_CTX_DAG_ID='spotify_final_dag' AIRFLOW_CTX_TASK_ID='hello2' AIRFLOW_CTX_EXECUTION_DATE='2024-04-17T01:34:00+00:00' AIRFLOW_CTX_TRY_NUMBER='1' AIRFLOW_CTX_DAG_RUN_ID='scheduled__2024-04-17T01:34:00+00:00'
[2024-04-17T05:28:22.980+0000] {taskinstance.py:430} INFO - ::endgroup::
[2024-04-17T05:28:23.381+0000] {logging_mixin.py:188} INFO - Connection successful
[2024-04-17T05:28:23.803+0000] {logging_mixin.py:188} INFO - Connection successful
[2024-04-17T05:28:24.243+0000] {logging_mixin.py:188} INFO - Connection successful
[2024-04-17T05:28:24.247+0000] {logging_mixin.py:188} INFO - Null Not Found
[2024-04-17T05:28:24.248+0000] {logging_mixin.py:188} INFO - Null Not Found
[2024-04-17T05:28:24.257+0000] {logging_mixin.py:188} INFO - Null Not Found
[2024-04-17T05:28:24.257+0000] {logging_mixin.py:188} INFO - Null Not Found
[2024-04-17T05:28:24.259+0000] {logging_mixin.py:188} INFO - Null Not Found
[2024-04-17T05:28:24.259+0000] {logging_mixin.py:188} INFO - Null Not Found
[2024-04-17T05:28:24.260+0000] {python.py:237} INFO - Done. Returned value was: None
[2024-04-17T05:28:24.260+0000] {taskinstance.py:441} INFO - ::group::Post task execution logs
[2024-04-17T05:28:24.267+0000] {taskinstance.py:1205} INFO - Marking task as SUCCESS. dag_id=spotify_final_dag, task_id=hello2, execution_date=20240417T013400, start_date=20240417T052822, end_date=20240417T052824
[2024-04-17T05:28:24.317+0000] {local_task_job_runner.py:240} INFO - Task exited with return code 0
[2024-04-17T05:28:24.333+0000] {taskinstance.py:3482} INFO - 0 downstream tasks scheduled from follow-on schedule check
[2024-04-17T05:28:24.335+0000] {local_task_job_runner.py:222} INFO - ::endgroup::
