[2024-04-16T09:38:51.954+0000] {local_task_job_runner.py:120} INFO - ::group::Pre task execution logs
[2024-04-16T09:38:51.978+0000] {taskinstance.py:2073} INFO - Dependencies all met for dep_context=non-requeueable deps ti=<TaskInstance: spotify_final_dag.hello2 scheduled__2024-04-16T01:42:00+00:00 [queued]>
[2024-04-16T09:38:51.989+0000] {taskinstance.py:2073} INFO - Dependencies all met for dep_context=requeueable deps ti=<TaskInstance: spotify_final_dag.hello2 scheduled__2024-04-16T01:42:00+00:00 [queued]>
[2024-04-16T09:38:51.990+0000] {taskinstance.py:2303} INFO - Starting attempt 1 of 2
[2024-04-16T09:38:52.010+0000] {taskinstance.py:2327} INFO - Executing <Task(PythonOperator): hello2> on 2024-04-16 01:42:00+00:00
[2024-04-16T09:38:52.021+0000] {warnings.py:110} WARNING - /home/***/.local/lib/python3.12/site-packages/***/task/task_runner/standard_task_runner.py:61: DeprecationWarning: This process (pid=1787) is multi-threaded, use of fork() may lead to deadlocks in the child.
  pid = os.fork()

[2024-04-16T09:38:52.023+0000] {standard_task_runner.py:63} INFO - Started process 1814 to run task
[2024-04-16T09:38:52.024+0000] {standard_task_runner.py:90} INFO - Running: ['***', 'tasks', 'run', 'spotify_final_dag', 'hello2', 'scheduled__2024-04-16T01:42:00+00:00', '--job-id', '330', '--raw', '--subdir', 'DAGS_FOLDER/dag.py', '--cfg-path', '/tmp/tmpz0k6obx3']
[2024-04-16T09:38:52.026+0000] {standard_task_runner.py:91} INFO - Job 330: Subtask hello2
[2024-04-16T09:38:52.081+0000] {task_command.py:426} INFO - Running <TaskInstance: spotify_final_dag.hello2 scheduled__2024-04-16T01:42:00+00:00 [running]> on host 52651c1f9987
[2024-04-16T09:38:52.207+0000] {taskinstance.py:2644} INFO - Exporting env vars: AIRFLOW_CTX_DAG_OWNER='***' AIRFLOW_CTX_DAG_ID='spotify_final_dag' AIRFLOW_CTX_TASK_ID='hello2' AIRFLOW_CTX_EXECUTION_DATE='2024-04-16T01:42:00+00:00' AIRFLOW_CTX_TRY_NUMBER='1' AIRFLOW_CTX_DAG_RUN_ID='scheduled__2024-04-16T01:42:00+00:00'
[2024-04-16T09:38:52.208+0000] {taskinstance.py:430} INFO - ::endgroup::
[2024-04-16T09:38:52.647+0000] {logging_mixin.py:188} INFO - Connection successful
[2024-04-16T09:38:53.054+0000] {logging_mixin.py:188} INFO - Connection successful
[2024-04-16T09:38:53.450+0000] {logging_mixin.py:188} INFO - Connection successful
[2024-04-16T09:38:53.454+0000] {logging_mixin.py:188} INFO - Null Not Found
[2024-04-16T09:38:53.455+0000] {logging_mixin.py:188} INFO - Null Not Found
[2024-04-16T09:38:53.464+0000] {logging_mixin.py:188} INFO - Null Not Found
[2024-04-16T09:38:53.464+0000] {logging_mixin.py:188} INFO - Null Not Found
[2024-04-16T09:38:53.465+0000] {logging_mixin.py:188} INFO - Null Not Found
[2024-04-16T09:38:53.466+0000] {logging_mixin.py:188} INFO - Null Not Found
[2024-04-16T09:38:53.467+0000] {python.py:237} INFO - Done. Returned value was: None
[2024-04-16T09:38:53.467+0000] {taskinstance.py:441} INFO - ::group::Post task execution logs
[2024-04-16T09:38:53.474+0000] {taskinstance.py:1205} INFO - Marking task as SUCCESS. dag_id=spotify_final_dag, task_id=hello2, execution_date=20240416T014200, start_date=20240416T093851, end_date=20240416T093853
[2024-04-16T09:38:53.524+0000] {local_task_job_runner.py:240} INFO - Task exited with return code 0
[2024-04-16T09:38:53.540+0000] {taskinstance.py:3482} INFO - 0 downstream tasks scheduled from follow-on schedule check
[2024-04-16T09:38:53.542+0000] {local_task_job_runner.py:222} INFO - ::endgroup::
[2024-04-16T09:47:17.490+0000] {local_task_job_runner.py:120} INFO - ::group::Pre task execution logs
[2024-04-16T09:47:17.513+0000] {taskinstance.py:2073} INFO - Dependencies all met for dep_context=non-requeueable deps ti=<TaskInstance: spotify_final_dag.hello2 scheduled__2024-04-16T01:42:00+00:00 [queued]>
[2024-04-16T09:47:17.522+0000] {taskinstance.py:2073} INFO - Dependencies all met for dep_context=requeueable deps ti=<TaskInstance: spotify_final_dag.hello2 scheduled__2024-04-16T01:42:00+00:00 [queued]>
[2024-04-16T09:47:17.522+0000] {taskinstance.py:2303} INFO - Starting attempt 1 of 2
[2024-04-16T09:47:17.541+0000] {taskinstance.py:2327} INFO - Executing <Task(PythonOperator): hello2> on 2024-04-16 01:42:00+00:00
[2024-04-16T09:47:17.552+0000] {warnings.py:110} WARNING - /home/***/.local/lib/python3.12/site-packages/***/task/task_runner/standard_task_runner.py:61: DeprecationWarning: This process (pid=4091) is multi-threaded, use of fork() may lead to deadlocks in the child.
  pid = os.fork()

[2024-04-16T09:47:17.554+0000] {standard_task_runner.py:63} INFO - Started process 4119 to run task
[2024-04-16T09:47:17.554+0000] {standard_task_runner.py:90} INFO - Running: ['***', 'tasks', 'run', 'spotify_final_dag', 'hello2', 'scheduled__2024-04-16T01:42:00+00:00', '--job-id', '1060', '--raw', '--subdir', 'DAGS_FOLDER/dag.py', '--cfg-path', '/tmp/tmpqsf_pvua']
[2024-04-16T09:47:17.556+0000] {standard_task_runner.py:91} INFO - Job 1060: Subtask hello2
[2024-04-16T09:47:17.616+0000] {task_command.py:426} INFO - Running <TaskInstance: spotify_final_dag.hello2 scheduled__2024-04-16T01:42:00+00:00 [running]> on host 52651c1f9987
[2024-04-16T09:47:17.728+0000] {taskinstance.py:2644} INFO - Exporting env vars: AIRFLOW_CTX_DAG_OWNER='***' AIRFLOW_CTX_DAG_ID='spotify_final_dag' AIRFLOW_CTX_TASK_ID='hello2' AIRFLOW_CTX_EXECUTION_DATE='2024-04-16T01:42:00+00:00' AIRFLOW_CTX_TRY_NUMBER='1' AIRFLOW_CTX_DAG_RUN_ID='scheduled__2024-04-16T01:42:00+00:00'
[2024-04-16T09:47:17.730+0000] {taskinstance.py:430} INFO - ::endgroup::
[2024-04-16T09:47:18.232+0000] {logging_mixin.py:188} INFO - Connection successful
[2024-04-16T09:47:18.617+0000] {logging_mixin.py:188} INFO - Connection successful
[2024-04-16T09:47:19.077+0000] {logging_mixin.py:188} INFO - Connection successful
[2024-04-16T09:47:19.084+0000] {logging_mixin.py:188} INFO - Null Not Found
[2024-04-16T09:47:19.086+0000] {logging_mixin.py:188} INFO - Null Not Found
[2024-04-16T09:47:19.101+0000] {logging_mixin.py:188} INFO - Null Not Found
[2024-04-16T09:47:19.102+0000] {logging_mixin.py:188} INFO - Null Not Found
[2024-04-16T09:47:19.104+0000] {logging_mixin.py:188} INFO - Null Not Found
[2024-04-16T09:47:19.105+0000] {logging_mixin.py:188} INFO - Null Not Found
[2024-04-16T09:47:19.107+0000] {python.py:237} INFO - Done. Returned value was: None
[2024-04-16T09:47:19.107+0000] {taskinstance.py:441} INFO - ::group::Post task execution logs
[2024-04-16T09:47:19.120+0000] {taskinstance.py:1205} INFO - Marking task as SUCCESS. dag_id=spotify_final_dag, task_id=hello2, execution_date=20240416T014200, start_date=20240416T094717, end_date=20240416T094719
[2024-04-16T09:47:19.174+0000] {local_task_job_runner.py:240} INFO - Task exited with return code 0
[2024-04-16T09:47:19.195+0000] {taskinstance.py:3482} INFO - 0 downstream tasks scheduled from follow-on schedule check
[2024-04-16T09:47:19.199+0000] {local_task_job_runner.py:222} INFO - ::endgroup::
