[2024-04-16T09:38:51.112+0000] {local_task_job_runner.py:120} INFO - ::group::Pre task execution logs
[2024-04-16T09:38:51.142+0000] {taskinstance.py:2073} INFO - Dependencies all met for dep_context=non-requeueable deps ti=<TaskInstance: spotify_final_dag.hello2 scheduled__2024-04-16T01:38:00+00:00 [queued]>
[2024-04-16T09:38:51.156+0000] {taskinstance.py:2073} INFO - Dependencies all met for dep_context=requeueable deps ti=<TaskInstance: spotify_final_dag.hello2 scheduled__2024-04-16T01:38:00+00:00 [queued]>
[2024-04-16T09:38:51.156+0000] {taskinstance.py:2303} INFO - Starting attempt 1 of 2
[2024-04-16T09:38:51.175+0000] {taskinstance.py:2327} INFO - Executing <Task(PythonOperator): hello2> on 2024-04-16 01:38:00+00:00
[2024-04-16T09:38:51.186+0000] {warnings.py:110} WARNING - /home/***/.local/lib/python3.12/site-packages/***/task/task_runner/standard_task_runner.py:61: DeprecationWarning: This process (pid=1773) is multi-threaded, use of fork() may lead to deadlocks in the child.
  pid = os.fork()

[2024-04-16T09:38:51.189+0000] {standard_task_runner.py:63} INFO - Started process 1803 to run task
[2024-04-16T09:38:51.189+0000] {standard_task_runner.py:90} INFO - Running: ['***', 'tasks', 'run', 'spotify_final_dag', 'hello2', 'scheduled__2024-04-16T01:38:00+00:00', '--job-id', '324', '--raw', '--subdir', 'DAGS_FOLDER/dag.py', '--cfg-path', '/tmp/tmphxvk_2kn']
[2024-04-16T09:38:51.191+0000] {standard_task_runner.py:91} INFO - Job 324: Subtask hello2
[2024-04-16T09:38:51.245+0000] {task_command.py:426} INFO - Running <TaskInstance: spotify_final_dag.hello2 scheduled__2024-04-16T01:38:00+00:00 [running]> on host 52651c1f9987
[2024-04-16T09:38:51.351+0000] {taskinstance.py:2644} INFO - Exporting env vars: AIRFLOW_CTX_DAG_OWNER='***' AIRFLOW_CTX_DAG_ID='spotify_final_dag' AIRFLOW_CTX_TASK_ID='hello2' AIRFLOW_CTX_EXECUTION_DATE='2024-04-16T01:38:00+00:00' AIRFLOW_CTX_TRY_NUMBER='1' AIRFLOW_CTX_DAG_RUN_ID='scheduled__2024-04-16T01:38:00+00:00'
[2024-04-16T09:38:51.354+0000] {taskinstance.py:430} INFO - ::endgroup::
[2024-04-16T09:38:51.805+0000] {logging_mixin.py:188} INFO - Connection successful
[2024-04-16T09:38:52.256+0000] {logging_mixin.py:188} INFO - Connection successful
[2024-04-16T09:38:52.766+0000] {logging_mixin.py:188} INFO - Connection successful
[2024-04-16T09:38:52.771+0000] {logging_mixin.py:188} INFO - Null Not Found
[2024-04-16T09:38:52.773+0000] {logging_mixin.py:188} INFO - Null Not Found
[2024-04-16T09:38:52.783+0000] {logging_mixin.py:188} INFO - Null Not Found
[2024-04-16T09:38:52.784+0000] {logging_mixin.py:188} INFO - Null Not Found
[2024-04-16T09:38:52.786+0000] {logging_mixin.py:188} INFO - Null Not Found
[2024-04-16T09:38:52.787+0000] {logging_mixin.py:188} INFO - Null Not Found
[2024-04-16T09:38:52.788+0000] {python.py:237} INFO - Done. Returned value was: None
[2024-04-16T09:38:52.789+0000] {taskinstance.py:441} INFO - ::group::Post task execution logs
[2024-04-16T09:38:52.798+0000] {taskinstance.py:1205} INFO - Marking task as SUCCESS. dag_id=spotify_final_dag, task_id=hello2, execution_date=20240416T013800, start_date=20240416T093851, end_date=20240416T093852
[2024-04-16T09:38:52.853+0000] {local_task_job_runner.py:240} INFO - Task exited with return code 0
[2024-04-16T09:38:52.867+0000] {taskinstance.py:3482} INFO - 0 downstream tasks scheduled from follow-on schedule check
[2024-04-16T09:38:52.869+0000] {local_task_job_runner.py:222} INFO - ::endgroup::
[2024-04-16T09:47:17.019+0000] {local_task_job_runner.py:120} INFO - ::group::Pre task execution logs
[2024-04-16T09:47:17.051+0000] {taskinstance.py:2073} INFO - Dependencies all met for dep_context=non-requeueable deps ti=<TaskInstance: spotify_final_dag.hello2 scheduled__2024-04-16T01:38:00+00:00 [queued]>
[2024-04-16T09:47:17.063+0000] {taskinstance.py:2073} INFO - Dependencies all met for dep_context=requeueable deps ti=<TaskInstance: spotify_final_dag.hello2 scheduled__2024-04-16T01:38:00+00:00 [queued]>
[2024-04-16T09:47:17.064+0000] {taskinstance.py:2303} INFO - Starting attempt 1 of 2
[2024-04-16T09:47:17.084+0000] {taskinstance.py:2327} INFO - Executing <Task(PythonOperator): hello2> on 2024-04-16 01:38:00+00:00
[2024-04-16T09:47:17.096+0000] {warnings.py:110} WARNING - /home/***/.local/lib/python3.12/site-packages/***/task/task_runner/standard_task_runner.py:61: DeprecationWarning: This process (pid=4081) is multi-threaded, use of fork() may lead to deadlocks in the child.
  pid = os.fork()

[2024-04-16T09:47:17.098+0000] {standard_task_runner.py:63} INFO - Started process 4113 to run task
[2024-04-16T09:47:17.106+0000] {standard_task_runner.py:90} INFO - Running: ['***', 'tasks', 'run', 'spotify_final_dag', 'hello2', 'scheduled__2024-04-16T01:38:00+00:00', '--job-id', '1056', '--raw', '--subdir', 'DAGS_FOLDER/dag.py', '--cfg-path', '/tmp/tmpjphuczut']
[2024-04-16T09:47:17.108+0000] {standard_task_runner.py:91} INFO - Job 1056: Subtask hello2
[2024-04-16T09:47:17.159+0000] {task_command.py:426} INFO - Running <TaskInstance: spotify_final_dag.hello2 scheduled__2024-04-16T01:38:00+00:00 [running]> on host 52651c1f9987
[2024-04-16T09:47:17.312+0000] {taskinstance.py:2644} INFO - Exporting env vars: AIRFLOW_CTX_DAG_OWNER='***' AIRFLOW_CTX_DAG_ID='spotify_final_dag' AIRFLOW_CTX_TASK_ID='hello2' AIRFLOW_CTX_EXECUTION_DATE='2024-04-16T01:38:00+00:00' AIRFLOW_CTX_TRY_NUMBER='1' AIRFLOW_CTX_DAG_RUN_ID='scheduled__2024-04-16T01:38:00+00:00'
[2024-04-16T09:47:17.316+0000] {taskinstance.py:430} INFO - ::endgroup::
[2024-04-16T09:47:17.825+0000] {logging_mixin.py:188} INFO - Connection successful
[2024-04-16T09:47:18.259+0000] {logging_mixin.py:188} INFO - Connection successful
[2024-04-16T09:47:18.685+0000] {logging_mixin.py:188} INFO - Connection successful
[2024-04-16T09:47:18.688+0000] {logging_mixin.py:188} INFO - Null Not Found
[2024-04-16T09:47:18.690+0000] {logging_mixin.py:188} INFO - Null Not Found
[2024-04-16T09:47:18.699+0000] {logging_mixin.py:188} INFO - Null Not Found
[2024-04-16T09:47:18.700+0000] {logging_mixin.py:188} INFO - Null Not Found
[2024-04-16T09:47:18.701+0000] {logging_mixin.py:188} INFO - Null Not Found
[2024-04-16T09:47:18.702+0000] {logging_mixin.py:188} INFO - Null Not Found
[2024-04-16T09:47:18.703+0000] {python.py:237} INFO - Done. Returned value was: None
[2024-04-16T09:47:18.703+0000] {taskinstance.py:441} INFO - ::group::Post task execution logs
[2024-04-16T09:47:18.712+0000] {taskinstance.py:1205} INFO - Marking task as SUCCESS. dag_id=spotify_final_dag, task_id=hello2, execution_date=20240416T013800, start_date=20240416T094717, end_date=20240416T094718
[2024-04-16T09:47:18.764+0000] {local_task_job_runner.py:240} INFO - Task exited with return code 0
[2024-04-16T09:47:18.781+0000] {taskinstance.py:3482} INFO - 0 downstream tasks scheduled from follow-on schedule check
[2024-04-16T09:47:18.782+0000] {local_task_job_runner.py:222} INFO - ::endgroup::
