[2024-04-16T09:39:57.995+0000] {local_task_job_runner.py:120} INFO - ::group::Pre task execution logs
[2024-04-16T09:39:58.012+0000] {taskinstance.py:2073} INFO - Dependencies all met for dep_context=non-requeueable deps ti=<TaskInstance: spotify_final_dag.hello2 scheduled__2024-04-16T03:16:00+00:00 [queued]>
[2024-04-16T09:39:58.018+0000] {taskinstance.py:2073} INFO - Dependencies all met for dep_context=requeueable deps ti=<TaskInstance: spotify_final_dag.hello2 scheduled__2024-04-16T03:16:00+00:00 [queued]>
[2024-04-16T09:39:58.019+0000] {taskinstance.py:2303} INFO - Starting attempt 1 of 2
[2024-04-16T09:39:58.029+0000] {taskinstance.py:2327} INFO - Executing <Task(PythonOperator): hello2> on 2024-04-16 03:16:00+00:00
[2024-04-16T09:39:58.038+0000] {warnings.py:110} WARNING - /home/***/.local/lib/python3.12/site-packages/***/task/task_runner/standard_task_runner.py:61: DeprecationWarning: This process (pid=2352) is multi-threaded, use of fork() may lead to deadlocks in the child.
  pid = os.fork()

[2024-04-16T09:39:58.039+0000] {standard_task_runner.py:63} INFO - Started process 2369 to run task
[2024-04-16T09:39:58.039+0000] {standard_task_runner.py:90} INFO - Running: ['***', 'tasks', 'run', 'spotify_final_dag', 'hello2', 'scheduled__2024-04-16T03:16:00+00:00', '--job-id', '513', '--raw', '--subdir', 'DAGS_FOLDER/dag.py', '--cfg-path', '/tmp/tmpto_9sj9e']
[2024-04-16T09:39:58.040+0000] {standard_task_runner.py:91} INFO - Job 513: Subtask hello2
[2024-04-16T09:39:58.076+0000] {task_command.py:426} INFO - Running <TaskInstance: spotify_final_dag.hello2 scheduled__2024-04-16T03:16:00+00:00 [running]> on host 52651c1f9987
[2024-04-16T09:39:58.160+0000] {taskinstance.py:2644} INFO - Exporting env vars: AIRFLOW_CTX_DAG_OWNER='***' AIRFLOW_CTX_DAG_ID='spotify_final_dag' AIRFLOW_CTX_TASK_ID='hello2' AIRFLOW_CTX_EXECUTION_DATE='2024-04-16T03:16:00+00:00' AIRFLOW_CTX_TRY_NUMBER='1' AIRFLOW_CTX_DAG_RUN_ID='scheduled__2024-04-16T03:16:00+00:00'
[2024-04-16T09:39:58.162+0000] {taskinstance.py:430} INFO - ::endgroup::
[2024-04-16T09:39:58.585+0000] {logging_mixin.py:188} INFO - Connection successful
[2024-04-16T09:39:59.031+0000] {logging_mixin.py:188} INFO - Connection successful
[2024-04-16T09:39:59.489+0000] {logging_mixin.py:188} INFO - Connection successful
[2024-04-16T09:39:59.494+0000] {logging_mixin.py:188} INFO - Null Not Found
[2024-04-16T09:39:59.497+0000] {logging_mixin.py:188} INFO - Null Not Found
[2024-04-16T09:39:59.506+0000] {logging_mixin.py:188} INFO - Null Not Found
[2024-04-16T09:39:59.507+0000] {logging_mixin.py:188} INFO - Null Not Found
[2024-04-16T09:39:59.508+0000] {logging_mixin.py:188} INFO - Null Not Found
[2024-04-16T09:39:59.509+0000] {logging_mixin.py:188} INFO - Null Not Found
[2024-04-16T09:39:59.510+0000] {python.py:237} INFO - Done. Returned value was: None
[2024-04-16T09:39:59.510+0000] {taskinstance.py:441} INFO - ::group::Post task execution logs
[2024-04-16T09:39:59.518+0000] {taskinstance.py:1205} INFO - Marking task as SUCCESS. dag_id=spotify_final_dag, task_id=hello2, execution_date=20240416T031600, start_date=20240416T093958, end_date=20240416T093959
[2024-04-16T09:39:59.537+0000] {local_task_job_runner.py:240} INFO - Task exited with return code 0
[2024-04-16T09:39:59.549+0000] {taskinstance.py:3482} INFO - 0 downstream tasks scheduled from follow-on schedule check
[2024-04-16T09:39:59.552+0000] {local_task_job_runner.py:222} INFO - ::endgroup::
[2024-04-16T09:47:48.910+0000] {local_task_job_runner.py:120} INFO - ::group::Pre task execution logs
[2024-04-16T09:47:48.932+0000] {taskinstance.py:2073} INFO - Dependencies all met for dep_context=non-requeueable deps ti=<TaskInstance: spotify_final_dag.hello2 scheduled__2024-04-16T03:16:00+00:00 [queued]>
[2024-04-16T09:47:48.950+0000] {taskinstance.py:2073} INFO - Dependencies all met for dep_context=requeueable deps ti=<TaskInstance: spotify_final_dag.hello2 scheduled__2024-04-16T03:16:00+00:00 [queued]>
[2024-04-16T09:47:48.950+0000] {taskinstance.py:2303} INFO - Starting attempt 1 of 2
[2024-04-16T09:47:48.968+0000] {taskinstance.py:2327} INFO - Executing <Task(PythonOperator): hello2> on 2024-04-16 03:16:00+00:00
[2024-04-16T09:47:48.981+0000] {warnings.py:110} WARNING - /home/***/.local/lib/python3.12/site-packages/***/task/task_runner/standard_task_runner.py:61: DeprecationWarning: This process (pid=4388) is multi-threaded, use of fork() may lead to deadlocks in the child.
  pid = os.fork()

[2024-04-16T09:47:48.984+0000] {standard_task_runner.py:63} INFO - Started process 4417 to run task
[2024-04-16T09:47:48.988+0000] {standard_task_runner.py:90} INFO - Running: ['***', 'tasks', 'run', 'spotify_final_dag', 'hello2', 'scheduled__2024-04-16T03:16:00+00:00', '--job-id', '1157', '--raw', '--subdir', 'DAGS_FOLDER/dag.py', '--cfg-path', '/tmp/tmpht42eq3v']
[2024-04-16T09:47:48.990+0000] {standard_task_runner.py:91} INFO - Job 1157: Subtask hello2
[2024-04-16T09:47:49.057+0000] {task_command.py:426} INFO - Running <TaskInstance: spotify_final_dag.hello2 scheduled__2024-04-16T03:16:00+00:00 [running]> on host 52651c1f9987
[2024-04-16T09:47:49.161+0000] {taskinstance.py:2644} INFO - Exporting env vars: AIRFLOW_CTX_DAG_OWNER='***' AIRFLOW_CTX_DAG_ID='spotify_final_dag' AIRFLOW_CTX_TASK_ID='hello2' AIRFLOW_CTX_EXECUTION_DATE='2024-04-16T03:16:00+00:00' AIRFLOW_CTX_TRY_NUMBER='1' AIRFLOW_CTX_DAG_RUN_ID='scheduled__2024-04-16T03:16:00+00:00'
[2024-04-16T09:47:49.163+0000] {taskinstance.py:430} INFO - ::endgroup::
[2024-04-16T09:47:49.573+0000] {logging_mixin.py:188} INFO - Connection successful
[2024-04-16T09:47:50.060+0000] {logging_mixin.py:188} INFO - Connection successful
[2024-04-16T09:47:50.470+0000] {logging_mixin.py:188} INFO - Connection successful
[2024-04-16T09:47:50.473+0000] {logging_mixin.py:188} INFO - Null Not Found
[2024-04-16T09:47:50.474+0000] {logging_mixin.py:188} INFO - Null Not Found
[2024-04-16T09:47:50.482+0000] {logging_mixin.py:188} INFO - Null Not Found
[2024-04-16T09:47:50.483+0000] {logging_mixin.py:188} INFO - Null Not Found
[2024-04-16T09:47:50.484+0000] {logging_mixin.py:188} INFO - Null Not Found
[2024-04-16T09:47:50.484+0000] {logging_mixin.py:188} INFO - Null Not Found
[2024-04-16T09:47:50.485+0000] {python.py:237} INFO - Done. Returned value was: None
[2024-04-16T09:47:50.486+0000] {taskinstance.py:441} INFO - ::group::Post task execution logs
[2024-04-16T09:47:50.494+0000] {taskinstance.py:1205} INFO - Marking task as SUCCESS. dag_id=spotify_final_dag, task_id=hello2, execution_date=20240416T031600, start_date=20240416T094748, end_date=20240416T094750
[2024-04-16T09:47:50.527+0000] {local_task_job_runner.py:240} INFO - Task exited with return code 0
[2024-04-16T09:47:50.541+0000] {taskinstance.py:3482} INFO - 0 downstream tasks scheduled from follow-on schedule check
[2024-04-16T09:47:50.543+0000] {local_task_job_runner.py:222} INFO - ::endgroup::
