[2024-04-16T09:40:18.492+0000] {local_task_job_runner.py:120} INFO - ::group::Pre task execution logs
[2024-04-16T09:40:18.509+0000] {taskinstance.py:2073} INFO - Dependencies all met for dep_context=non-requeueable deps ti=<TaskInstance: spotify_final_dag.hello2 scheduled__2024-04-16T03:52:00+00:00 [queued]>
[2024-04-16T09:40:18.515+0000] {taskinstance.py:2073} INFO - Dependencies all met for dep_context=requeueable deps ti=<TaskInstance: spotify_final_dag.hello2 scheduled__2024-04-16T03:52:00+00:00 [queued]>
[2024-04-16T09:40:18.516+0000] {taskinstance.py:2303} INFO - Starting attempt 1 of 2
[2024-04-16T09:40:18.530+0000] {taskinstance.py:2327} INFO - Executing <Task(PythonOperator): hello2> on 2024-04-16 03:52:00+00:00
[2024-04-16T09:40:18.537+0000] {warnings.py:110} WARNING - /home/***/.local/lib/python3.12/site-packages/***/task/task_runner/standard_task_runner.py:61: DeprecationWarning: This process (pid=2565) is multi-threaded, use of fork() may lead to deadlocks in the child.
  pid = os.fork()

[2024-04-16T09:40:18.538+0000] {standard_task_runner.py:63} INFO - Started process 2578 to run task
[2024-04-16T09:40:18.539+0000] {standard_task_runner.py:90} INFO - Running: ['***', 'tasks', 'run', 'spotify_final_dag', 'hello2', 'scheduled__2024-04-16T03:52:00+00:00', '--job-id', '581', '--raw', '--subdir', 'DAGS_FOLDER/dag.py', '--cfg-path', '/tmp/tmpl6d1qf67']
[2024-04-16T09:40:18.540+0000] {standard_task_runner.py:91} INFO - Job 581: Subtask hello2
[2024-04-16T09:40:18.581+0000] {task_command.py:426} INFO - Running <TaskInstance: spotify_final_dag.hello2 scheduled__2024-04-16T03:52:00+00:00 [running]> on host 52651c1f9987
[2024-04-16T09:40:18.669+0000] {taskinstance.py:2644} INFO - Exporting env vars: AIRFLOW_CTX_DAG_OWNER='***' AIRFLOW_CTX_DAG_ID='spotify_final_dag' AIRFLOW_CTX_TASK_ID='hello2' AIRFLOW_CTX_EXECUTION_DATE='2024-04-16T03:52:00+00:00' AIRFLOW_CTX_TRY_NUMBER='1' AIRFLOW_CTX_DAG_RUN_ID='scheduled__2024-04-16T03:52:00+00:00'
[2024-04-16T09:40:18.670+0000] {taskinstance.py:430} INFO - ::endgroup::
[2024-04-16T09:40:19.128+0000] {logging_mixin.py:188} INFO - Connection successful
[2024-04-16T09:40:19.536+0000] {logging_mixin.py:188} INFO - Connection successful
[2024-04-16T09:40:20.029+0000] {logging_mixin.py:188} INFO - Connection successful
[2024-04-16T09:40:20.032+0000] {logging_mixin.py:188} INFO - Null Not Found
[2024-04-16T09:40:20.033+0000] {logging_mixin.py:188} INFO - Null Not Found
[2024-04-16T09:40:20.041+0000] {logging_mixin.py:188} INFO - Null Not Found
[2024-04-16T09:40:20.042+0000] {logging_mixin.py:188} INFO - Null Not Found
[2024-04-16T09:40:20.043+0000] {logging_mixin.py:188} INFO - Null Not Found
[2024-04-16T09:40:20.043+0000] {logging_mixin.py:188} INFO - Null Not Found
[2024-04-16T09:40:20.044+0000] {python.py:237} INFO - Done. Returned value was: None
[2024-04-16T09:40:20.045+0000] {taskinstance.py:441} INFO - ::group::Post task execution logs
[2024-04-16T09:40:20.051+0000] {taskinstance.py:1205} INFO - Marking task as SUCCESS. dag_id=spotify_final_dag, task_id=hello2, execution_date=20240416T035200, start_date=20240416T094018, end_date=20240416T094020
[2024-04-16T09:40:20.077+0000] {local_task_job_runner.py:240} INFO - Task exited with return code 0
[2024-04-16T09:40:20.089+0000] {taskinstance.py:3482} INFO - 0 downstream tasks scheduled from follow-on schedule check
[2024-04-16T09:40:20.091+0000] {local_task_job_runner.py:222} INFO - ::endgroup::
[2024-04-16T09:47:58.711+0000] {local_task_job_runner.py:120} INFO - ::group::Pre task execution logs
[2024-04-16T09:47:58.738+0000] {taskinstance.py:2073} INFO - Dependencies all met for dep_context=non-requeueable deps ti=<TaskInstance: spotify_final_dag.hello2 scheduled__2024-04-16T03:52:00+00:00 [queued]>
[2024-04-16T09:47:58.750+0000] {taskinstance.py:2073} INFO - Dependencies all met for dep_context=requeueable deps ti=<TaskInstance: spotify_final_dag.hello2 scheduled__2024-04-16T03:52:00+00:00 [queued]>
[2024-04-16T09:47:58.751+0000] {taskinstance.py:2303} INFO - Starting attempt 1 of 2
[2024-04-16T09:47:58.860+0000] {taskinstance.py:2327} INFO - Executing <Task(PythonOperator): hello2> on 2024-04-16 03:52:00+00:00
[2024-04-16T09:47:58.870+0000] {warnings.py:110} WARNING - /home/***/.local/lib/python3.12/site-packages/***/task/task_runner/standard_task_runner.py:61: DeprecationWarning: This process (pid=4479) is multi-threaded, use of fork() may lead to deadlocks in the child.
  pid = os.fork()

[2024-04-16T09:47:58.872+0000] {standard_task_runner.py:63} INFO - Started process 4512 to run task
[2024-04-16T09:47:58.872+0000] {standard_task_runner.py:90} INFO - Running: ['***', 'tasks', 'run', 'spotify_final_dag', 'hello2', 'scheduled__2024-04-16T03:52:00+00:00', '--job-id', '1187', '--raw', '--subdir', 'DAGS_FOLDER/dag.py', '--cfg-path', '/tmp/tmpj81zzr7s']
[2024-04-16T09:47:58.873+0000] {standard_task_runner.py:91} INFO - Job 1187: Subtask hello2
[2024-04-16T09:47:58.929+0000] {task_command.py:426} INFO - Running <TaskInstance: spotify_final_dag.hello2 scheduled__2024-04-16T03:52:00+00:00 [running]> on host 52651c1f9987
[2024-04-16T09:47:59.038+0000] {taskinstance.py:2644} INFO - Exporting env vars: AIRFLOW_CTX_DAG_OWNER='***' AIRFLOW_CTX_DAG_ID='spotify_final_dag' AIRFLOW_CTX_TASK_ID='hello2' AIRFLOW_CTX_EXECUTION_DATE='2024-04-16T03:52:00+00:00' AIRFLOW_CTX_TRY_NUMBER='1' AIRFLOW_CTX_DAG_RUN_ID='scheduled__2024-04-16T03:52:00+00:00'
[2024-04-16T09:47:59.040+0000] {taskinstance.py:430} INFO - ::endgroup::
[2024-04-16T09:47:59.447+0000] {logging_mixin.py:188} INFO - Connection successful
[2024-04-16T09:47:59.901+0000] {logging_mixin.py:188} INFO - Connection successful
[2024-04-16T09:48:00.310+0000] {logging_mixin.py:188} INFO - Connection successful
[2024-04-16T09:48:00.314+0000] {logging_mixin.py:188} INFO - Null Not Found
[2024-04-16T09:48:00.315+0000] {logging_mixin.py:188} INFO - Null Not Found
[2024-04-16T09:48:00.323+0000] {logging_mixin.py:188} INFO - Null Not Found
[2024-04-16T09:48:00.323+0000] {logging_mixin.py:188} INFO - Null Not Found
[2024-04-16T09:48:00.324+0000] {logging_mixin.py:188} INFO - Null Not Found
[2024-04-16T09:48:00.325+0000] {logging_mixin.py:188} INFO - Null Not Found
[2024-04-16T09:48:00.326+0000] {python.py:237} INFO - Done. Returned value was: None
[2024-04-16T09:48:00.326+0000] {taskinstance.py:441} INFO - ::group::Post task execution logs
[2024-04-16T09:48:00.333+0000] {taskinstance.py:1205} INFO - Marking task as SUCCESS. dag_id=spotify_final_dag, task_id=hello2, execution_date=20240416T035200, start_date=20240416T094758, end_date=20240416T094800
[2024-04-16T09:48:00.370+0000] {local_task_job_runner.py:240} INFO - Task exited with return code 0
[2024-04-16T09:48:00.388+0000] {taskinstance.py:3482} INFO - 0 downstream tasks scheduled from follow-on schedule check
[2024-04-16T09:48:00.391+0000] {local_task_job_runner.py:222} INFO - ::endgroup::
