[2024-04-16T09:39:56.502+0000] {local_task_job_runner.py:120} INFO - ::group::Pre task execution logs
[2024-04-16T09:39:56.529+0000] {taskinstance.py:2073} INFO - Dependencies all met for dep_context=non-requeueable deps ti=<TaskInstance: spotify_final_dag.hello2 scheduled__2024-04-16T03:08:00+00:00 [queued]>
[2024-04-16T09:39:56.541+0000] {taskinstance.py:2073} INFO - Dependencies all met for dep_context=requeueable deps ti=<TaskInstance: spotify_final_dag.hello2 scheduled__2024-04-16T03:08:00+00:00 [queued]>
[2024-04-16T09:39:56.542+0000] {taskinstance.py:2303} INFO - Starting attempt 1 of 2
[2024-04-16T09:39:56.568+0000] {taskinstance.py:2327} INFO - Executing <Task(PythonOperator): hello2> on 2024-04-16 03:08:00+00:00
[2024-04-16T09:39:56.580+0000] {warnings.py:110} WARNING - /home/***/.local/lib/python3.12/site-packages/***/task/task_runner/standard_task_runner.py:61: DeprecationWarning: This process (pid=2325) is multi-threaded, use of fork() may lead to deadlocks in the child.
  pid = os.fork()

[2024-04-16T09:39:56.582+0000] {standard_task_runner.py:63} INFO - Started process 2354 to run task
[2024-04-16T09:39:56.584+0000] {standard_task_runner.py:90} INFO - Running: ['***', 'tasks', 'run', 'spotify_final_dag', 'hello2', 'scheduled__2024-04-16T03:08:00+00:00', '--job-id', '504', '--raw', '--subdir', 'DAGS_FOLDER/dag.py', '--cfg-path', '/tmp/tmp71acj7yc']
[2024-04-16T09:39:56.586+0000] {standard_task_runner.py:91} INFO - Job 504: Subtask hello2
[2024-04-16T09:39:56.640+0000] {task_command.py:426} INFO - Running <TaskInstance: spotify_final_dag.hello2 scheduled__2024-04-16T03:08:00+00:00 [running]> on host 52651c1f9987
[2024-04-16T09:39:56.771+0000] {taskinstance.py:2644} INFO - Exporting env vars: AIRFLOW_CTX_DAG_OWNER='***' AIRFLOW_CTX_DAG_ID='spotify_final_dag' AIRFLOW_CTX_TASK_ID='hello2' AIRFLOW_CTX_EXECUTION_DATE='2024-04-16T03:08:00+00:00' AIRFLOW_CTX_TRY_NUMBER='1' AIRFLOW_CTX_DAG_RUN_ID='scheduled__2024-04-16T03:08:00+00:00'
[2024-04-16T09:39:56.773+0000] {taskinstance.py:430} INFO - ::endgroup::
[2024-04-16T09:39:57.242+0000] {logging_mixin.py:188} INFO - Connection successful
[2024-04-16T09:39:57.717+0000] {logging_mixin.py:188} INFO - Connection successful
[2024-04-16T09:39:58.119+0000] {logging_mixin.py:188} INFO - Connection successful
[2024-04-16T09:39:58.123+0000] {logging_mixin.py:188} INFO - Null Not Found
[2024-04-16T09:39:58.124+0000] {logging_mixin.py:188} INFO - Null Not Found
[2024-04-16T09:39:58.133+0000] {logging_mixin.py:188} INFO - Null Not Found
[2024-04-16T09:39:58.134+0000] {logging_mixin.py:188} INFO - Null Not Found
[2024-04-16T09:39:58.136+0000] {logging_mixin.py:188} INFO - Null Not Found
[2024-04-16T09:39:58.137+0000] {logging_mixin.py:188} INFO - Null Not Found
[2024-04-16T09:39:58.139+0000] {python.py:237} INFO - Done. Returned value was: None
[2024-04-16T09:39:58.139+0000] {taskinstance.py:441} INFO - ::group::Post task execution logs
[2024-04-16T09:39:58.148+0000] {taskinstance.py:1205} INFO - Marking task as SUCCESS. dag_id=spotify_final_dag, task_id=hello2, execution_date=20240416T030800, start_date=20240416T093956, end_date=20240416T093958
[2024-04-16T09:39:58.203+0000] {local_task_job_runner.py:240} INFO - Task exited with return code 0
[2024-04-16T09:39:58.217+0000] {taskinstance.py:3482} INFO - 0 downstream tasks scheduled from follow-on schedule check
[2024-04-16T09:39:58.219+0000] {local_task_job_runner.py:222} INFO - ::endgroup::
[2024-04-16T09:47:39.981+0000] {local_task_job_runner.py:120} INFO - ::group::Pre task execution logs
[2024-04-16T09:47:39.998+0000] {taskinstance.py:2073} INFO - Dependencies all met for dep_context=non-requeueable deps ti=<TaskInstance: spotify_final_dag.hello2 scheduled__2024-04-16T03:08:00+00:00 [queued]>
[2024-04-16T09:47:40.005+0000] {taskinstance.py:2073} INFO - Dependencies all met for dep_context=requeueable deps ti=<TaskInstance: spotify_final_dag.hello2 scheduled__2024-04-16T03:08:00+00:00 [queued]>
[2024-04-16T09:47:40.006+0000] {taskinstance.py:2303} INFO - Starting attempt 1 of 2
[2024-04-16T09:47:40.016+0000] {taskinstance.py:2327} INFO - Executing <Task(PythonOperator): hello2> on 2024-04-16 03:08:00+00:00
[2024-04-16T09:47:40.023+0000] {warnings.py:110} WARNING - /home/***/.local/lib/python3.12/site-packages/***/task/task_runner/standard_task_runner.py:61: DeprecationWarning: This process (pid=4320) is multi-threaded, use of fork() may lead to deadlocks in the child.
  pid = os.fork()

[2024-04-16T09:47:40.024+0000] {standard_task_runner.py:63} INFO - Started process 4339 to run task
[2024-04-16T09:47:40.025+0000] {standard_task_runner.py:90} INFO - Running: ['***', 'tasks', 'run', 'spotify_final_dag', 'hello2', 'scheduled__2024-04-16T03:08:00+00:00', '--job-id', '1135', '--raw', '--subdir', 'DAGS_FOLDER/dag.py', '--cfg-path', '/tmp/tmp4hv0mjpr']
[2024-04-16T09:47:40.026+0000] {standard_task_runner.py:91} INFO - Job 1135: Subtask hello2
[2024-04-16T09:47:40.061+0000] {task_command.py:426} INFO - Running <TaskInstance: spotify_final_dag.hello2 scheduled__2024-04-16T03:08:00+00:00 [running]> on host 52651c1f9987
[2024-04-16T09:47:40.136+0000] {taskinstance.py:2644} INFO - Exporting env vars: AIRFLOW_CTX_DAG_OWNER='***' AIRFLOW_CTX_DAG_ID='spotify_final_dag' AIRFLOW_CTX_TASK_ID='hello2' AIRFLOW_CTX_EXECUTION_DATE='2024-04-16T03:08:00+00:00' AIRFLOW_CTX_TRY_NUMBER='1' AIRFLOW_CTX_DAG_RUN_ID='scheduled__2024-04-16T03:08:00+00:00'
[2024-04-16T09:47:40.137+0000] {taskinstance.py:430} INFO - ::endgroup::
[2024-04-16T09:47:40.542+0000] {logging_mixin.py:188} INFO - Connection successful
[2024-04-16T09:47:40.980+0000] {logging_mixin.py:188} INFO - Connection successful
[2024-04-16T09:47:41.414+0000] {logging_mixin.py:188} INFO - Connection successful
[2024-04-16T09:47:41.418+0000] {logging_mixin.py:188} INFO - Null Not Found
[2024-04-16T09:47:41.419+0000] {logging_mixin.py:188} INFO - Null Not Found
[2024-04-16T09:47:41.428+0000] {logging_mixin.py:188} INFO - Null Not Found
[2024-04-16T09:47:41.429+0000] {logging_mixin.py:188} INFO - Null Not Found
[2024-04-16T09:47:41.430+0000] {logging_mixin.py:188} INFO - Null Not Found
[2024-04-16T09:47:41.431+0000] {logging_mixin.py:188} INFO - Null Not Found
[2024-04-16T09:47:41.432+0000] {python.py:237} INFO - Done. Returned value was: None
[2024-04-16T09:47:41.432+0000] {taskinstance.py:441} INFO - ::group::Post task execution logs
[2024-04-16T09:47:41.439+0000] {taskinstance.py:1205} INFO - Marking task as SUCCESS. dag_id=spotify_final_dag, task_id=hello2, execution_date=20240416T030800, start_date=20240416T094739, end_date=20240416T094741
[2024-04-16T09:47:41.483+0000] {local_task_job_runner.py:240} INFO - Task exited with return code 0
[2024-04-16T09:47:41.496+0000] {taskinstance.py:3482} INFO - 0 downstream tasks scheduled from follow-on schedule check
[2024-04-16T09:47:41.498+0000] {local_task_job_runner.py:222} INFO - ::endgroup::
