[2024-04-17T05:29:25.584+0000] {local_task_job_runner.py:120} INFO - ::group::Pre task execution logs
[2024-04-17T05:29:25.606+0000] {taskinstance.py:2073} INFO - Dependencies all met for dep_context=non-requeueable deps ti=<TaskInstance: spotify_final_dag.hello2 scheduled__2024-04-17T04:14:00+00:00 [queued]>
[2024-04-17T05:29:25.616+0000] {taskinstance.py:2073} INFO - Dependencies all met for dep_context=requeueable deps ti=<TaskInstance: spotify_final_dag.hello2 scheduled__2024-04-17T04:14:00+00:00 [queued]>
[2024-04-17T05:29:25.617+0000] {taskinstance.py:2303} INFO - Starting attempt 1 of 2
[2024-04-17T05:29:25.718+0000] {taskinstance.py:2327} INFO - Executing <Task(PythonOperator): hello2> on 2024-04-17 04:14:00+00:00
[2024-04-17T05:29:25.736+0000] {warnings.py:110} WARNING - /home/***/.local/lib/python3.12/site-packages/***/task/task_runner/standard_task_runner.py:61: DeprecationWarning: This process (pid=3528) is multi-threaded, use of fork() may lead to deadlocks in the child.
  pid = os.fork()

[2024-04-17T05:29:25.738+0000] {standard_task_runner.py:63} INFO - Started process 3556 to run task
[2024-04-17T05:29:25.738+0000] {standard_task_runner.py:90} INFO - Running: ['***', 'tasks', 'run', 'spotify_final_dag', 'hello2', 'scheduled__2024-04-17T04:14:00+00:00', '--job-id', '2688', '--raw', '--subdir', 'DAGS_FOLDER/dag.py', '--cfg-path', '/tmp/tmpmmjkj7cg']
[2024-04-17T05:29:25.739+0000] {standard_task_runner.py:91} INFO - Job 2688: Subtask hello2
[2024-04-17T05:29:25.826+0000] {task_command.py:426} INFO - Running <TaskInstance: spotify_final_dag.hello2 scheduled__2024-04-17T04:14:00+00:00 [running]> on host 52651c1f9987
[2024-04-17T05:29:25.942+0000] {taskinstance.py:2644} INFO - Exporting env vars: AIRFLOW_CTX_DAG_OWNER='***' AIRFLOW_CTX_DAG_ID='spotify_final_dag' AIRFLOW_CTX_TASK_ID='hello2' AIRFLOW_CTX_EXECUTION_DATE='2024-04-17T04:14:00+00:00' AIRFLOW_CTX_TRY_NUMBER='1' AIRFLOW_CTX_DAG_RUN_ID='scheduled__2024-04-17T04:14:00+00:00'
[2024-04-17T05:29:25.944+0000] {taskinstance.py:430} INFO - ::endgroup::
[2024-04-17T05:29:26.416+0000] {logging_mixin.py:188} INFO - Connection successful
[2024-04-17T05:29:26.834+0000] {logging_mixin.py:188} INFO - Connection successful
[2024-04-17T05:29:27.288+0000] {logging_mixin.py:188} INFO - Connection successful
[2024-04-17T05:29:27.294+0000] {logging_mixin.py:188} INFO - Null Not Found
[2024-04-17T05:29:27.295+0000] {logging_mixin.py:188} INFO - Null Not Found
[2024-04-17T05:29:27.304+0000] {logging_mixin.py:188} INFO - Null Not Found
[2024-04-17T05:29:27.305+0000] {logging_mixin.py:188} INFO - Null Not Found
[2024-04-17T05:29:27.306+0000] {logging_mixin.py:188} INFO - Null Not Found
[2024-04-17T05:29:27.307+0000] {logging_mixin.py:188} INFO - Null Not Found
[2024-04-17T05:29:27.309+0000] {python.py:237} INFO - Done. Returned value was: None
[2024-04-17T05:29:27.310+0000] {taskinstance.py:441} INFO - ::group::Post task execution logs
[2024-04-17T05:29:27.320+0000] {taskinstance.py:1205} INFO - Marking task as SUCCESS. dag_id=spotify_final_dag, task_id=hello2, execution_date=20240417T041400, start_date=20240417T052925, end_date=20240417T052927
[2024-04-17T05:29:27.357+0000] {local_task_job_runner.py:240} INFO - Task exited with return code 0
[2024-04-17T05:29:27.372+0000] {taskinstance.py:3482} INFO - 0 downstream tasks scheduled from follow-on schedule check
[2024-04-17T05:29:27.374+0000] {local_task_job_runner.py:222} INFO - ::endgroup::
