[2024-04-17T07:37:27.320+0000] {local_task_job_runner.py:120} INFO - ::group::Pre task execution logs
[2024-04-17T07:37:27.344+0000] {taskinstance.py:2073} INFO - Dependencies all met for dep_context=non-requeueable deps ti=<TaskInstance: etl_for_spotify.processes scheduled__2024-04-17T00:36:00+00:00 [queued]>
[2024-04-17T07:37:27.353+0000] {taskinstance.py:2073} INFO - Dependencies all met for dep_context=requeueable deps ti=<TaskInstance: etl_for_spotify.processes scheduled__2024-04-17T00:36:00+00:00 [queued]>
[2024-04-17T07:37:27.354+0000] {taskinstance.py:2303} INFO - Starting attempt 1 of 2
[2024-04-17T07:37:27.368+0000] {taskinstance.py:2327} INFO - Executing <Task(PythonOperator): processes> on 2024-04-17 00:36:00+00:00
[2024-04-17T07:37:27.375+0000] {warnings.py:110} WARNING - /home/***/.local/lib/python3.12/site-packages/***/task/task_runner/standard_task_runner.py:61: DeprecationWarning: This process (pid=9980) is multi-threaded, use of fork() may lead to deadlocks in the child.
  pid = os.fork()

[2024-04-17T07:37:27.377+0000] {standard_task_runner.py:63} INFO - Started process 9993 to run task
[2024-04-17T07:37:27.377+0000] {standard_task_runner.py:90} INFO - Running: ['***', 'tasks', 'run', 'etl_for_spotify', 'processes', 'scheduled__2024-04-17T00:36:00+00:00', '--job-id', '4265', '--raw', '--subdir', 'DAGS_FOLDER/dag.py', '--cfg-path', '/tmp/tmpanl8h6ur']
[2024-04-17T07:37:27.379+0000] {standard_task_runner.py:91} INFO - Job 4265: Subtask processes
[2024-04-17T07:37:27.417+0000] {task_command.py:426} INFO - Running <TaskInstance: etl_for_spotify.processes scheduled__2024-04-17T00:36:00+00:00 [running]> on host 52651c1f9987
[2024-04-17T07:37:27.493+0000] {taskinstance.py:2644} INFO - Exporting env vars: AIRFLOW_CTX_DAG_OWNER='***' AIRFLOW_CTX_DAG_ID='etl_for_spotify' AIRFLOW_CTX_TASK_ID='processes' AIRFLOW_CTX_EXECUTION_DATE='2024-04-17T00:36:00+00:00' AIRFLOW_CTX_TRY_NUMBER='1' AIRFLOW_CTX_DAG_RUN_ID='scheduled__2024-04-17T00:36:00+00:00'
[2024-04-17T07:37:27.495+0000] {taskinstance.py:430} INFO - ::endgroup::
[2024-04-17T07:37:27.933+0000] {logging_mixin.py:188} INFO - Connection successful
[2024-04-17T07:37:28.376+0000] {logging_mixin.py:188} INFO - Connection successful
[2024-04-17T07:37:28.781+0000] {logging_mixin.py:188} INFO - Connection successful
[2024-04-17T07:37:28.785+0000] {logging_mixin.py:188} INFO - Null Not Found
[2024-04-17T07:37:28.786+0000] {logging_mixin.py:188} INFO - Null Not Found
[2024-04-17T07:37:28.793+0000] {logging_mixin.py:188} INFO - Null Not Found
[2024-04-17T07:37:28.794+0000] {logging_mixin.py:188} INFO - Null Not Found
[2024-04-17T07:37:28.795+0000] {logging_mixin.py:188} INFO - Null Not Found
[2024-04-17T07:37:28.796+0000] {logging_mixin.py:188} INFO - Null Not Found
[2024-04-17T07:37:28.797+0000] {python.py:237} INFO - Done. Returned value was: None
[2024-04-17T07:37:28.797+0000] {taskinstance.py:441} INFO - ::group::Post task execution logs
[2024-04-17T07:37:28.803+0000] {taskinstance.py:1205} INFO - Marking task as SUCCESS. dag_id=etl_for_spotify, task_id=processes, execution_date=20240417T003600, start_date=20240417T073727, end_date=20240417T073728
[2024-04-17T07:37:28.835+0000] {local_task_job_runner.py:240} INFO - Task exited with return code 0
[2024-04-17T07:37:28.846+0000] {taskinstance.py:3482} INFO - 0 downstream tasks scheduled from follow-on schedule check
[2024-04-17T07:37:28.848+0000] {local_task_job_runner.py:222} INFO - ::endgroup::
