[2024-04-16T09:41:17.258+0000] {local_task_job_runner.py:120} INFO - ::group::Pre task execution logs
[2024-04-16T09:41:17.276+0000] {taskinstance.py:2073} INFO - Dependencies all met for dep_context=non-requeueable deps ti=<TaskInstance: spotify_final_dag.hello2 scheduled__2024-04-16T05:22:00+00:00 [queued]>
[2024-04-16T09:41:17.287+0000] {taskinstance.py:2073} INFO - Dependencies all met for dep_context=requeueable deps ti=<TaskInstance: spotify_final_dag.hello2 scheduled__2024-04-16T05:22:00+00:00 [queued]>
[2024-04-16T09:41:17.288+0000] {taskinstance.py:2303} INFO - Starting attempt 1 of 2
[2024-04-16T09:41:17.305+0000] {taskinstance.py:2327} INFO - Executing <Task(PythonOperator): hello2> on 2024-04-16 05:22:00+00:00
[2024-04-16T09:41:17.319+0000] {warnings.py:110} WARNING - /home/***/.local/lib/python3.12/site-packages/***/task/task_runner/standard_task_runner.py:61: DeprecationWarning: This process (pid=3125) is multi-threaded, use of fork() may lead to deadlocks in the child.
  pid = os.fork()

[2024-04-16T09:41:17.320+0000] {standard_task_runner.py:63} INFO - Started process 3145 to run task
[2024-04-16T09:41:17.320+0000] {standard_task_runner.py:90} INFO - Running: ['***', 'tasks', 'run', 'spotify_final_dag', 'hello2', 'scheduled__2024-04-16T05:22:00+00:00', '--job-id', '764', '--raw', '--subdir', 'DAGS_FOLDER/dag.py', '--cfg-path', '/tmp/tmp52f1g_jq']
[2024-04-16T09:41:17.321+0000] {standard_task_runner.py:91} INFO - Job 764: Subtask hello2
[2024-04-16T09:41:17.368+0000] {task_command.py:426} INFO - Running <TaskInstance: spotify_final_dag.hello2 scheduled__2024-04-16T05:22:00+00:00 [running]> on host 52651c1f9987
[2024-04-16T09:41:17.498+0000] {taskinstance.py:2644} INFO - Exporting env vars: AIRFLOW_CTX_DAG_OWNER='***' AIRFLOW_CTX_DAG_ID='spotify_final_dag' AIRFLOW_CTX_TASK_ID='hello2' AIRFLOW_CTX_EXECUTION_DATE='2024-04-16T05:22:00+00:00' AIRFLOW_CTX_TRY_NUMBER='1' AIRFLOW_CTX_DAG_RUN_ID='scheduled__2024-04-16T05:22:00+00:00'
[2024-04-16T09:41:17.500+0000] {taskinstance.py:430} INFO - ::endgroup::
[2024-04-16T09:41:17.910+0000] {logging_mixin.py:188} INFO - Connection successful
[2024-04-16T09:41:18.367+0000] {logging_mixin.py:188} INFO - Connection successful
[2024-04-16T09:41:18.776+0000] {logging_mixin.py:188} INFO - Connection successful
[2024-04-16T09:41:18.780+0000] {logging_mixin.py:188} INFO - Null Not Found
[2024-04-16T09:41:18.781+0000] {logging_mixin.py:188} INFO - Null Not Found
[2024-04-16T09:41:18.790+0000] {logging_mixin.py:188} INFO - Null Not Found
[2024-04-16T09:41:18.791+0000] {logging_mixin.py:188} INFO - Null Not Found
[2024-04-16T09:41:18.792+0000] {logging_mixin.py:188} INFO - Null Not Found
[2024-04-16T09:41:18.792+0000] {logging_mixin.py:188} INFO - Null Not Found
[2024-04-16T09:41:18.794+0000] {python.py:237} INFO - Done. Returned value was: None
[2024-04-16T09:41:18.794+0000] {taskinstance.py:441} INFO - ::group::Post task execution logs
[2024-04-16T09:41:18.801+0000] {taskinstance.py:1205} INFO - Marking task as SUCCESS. dag_id=spotify_final_dag, task_id=hello2, execution_date=20240416T052200, start_date=20240416T094117, end_date=20240416T094118
[2024-04-16T09:41:18.818+0000] {local_task_job_runner.py:240} INFO - Task exited with return code 0
[2024-04-16T09:41:18.829+0000] {taskinstance.py:3482} INFO - 0 downstream tasks scheduled from follow-on schedule check
[2024-04-16T09:41:18.830+0000] {local_task_job_runner.py:222} INFO - ::endgroup::
[2024-04-16T09:48:28.250+0000] {local_task_job_runner.py:120} INFO - ::group::Pre task execution logs
[2024-04-16T09:48:28.280+0000] {taskinstance.py:2073} INFO - Dependencies all met for dep_context=non-requeueable deps ti=<TaskInstance: spotify_final_dag.hello2 scheduled__2024-04-16T05:22:00+00:00 [queued]>
[2024-04-16T09:48:28.292+0000] {taskinstance.py:2073} INFO - Dependencies all met for dep_context=requeueable deps ti=<TaskInstance: spotify_final_dag.hello2 scheduled__2024-04-16T05:22:00+00:00 [queued]>
[2024-04-16T09:48:28.293+0000] {taskinstance.py:2303} INFO - Starting attempt 1 of 2
[2024-04-16T09:48:28.312+0000] {taskinstance.py:2327} INFO - Executing <Task(PythonOperator): hello2> on 2024-04-16 05:22:00+00:00
[2024-04-16T09:48:28.325+0000] {warnings.py:110} WARNING - /home/***/.local/lib/python3.12/site-packages/***/task/task_runner/standard_task_runner.py:61: DeprecationWarning: This process (pid=4769) is multi-threaded, use of fork() may lead to deadlocks in the child.
  pid = os.fork()

[2024-04-16T09:48:28.327+0000] {standard_task_runner.py:63} INFO - Started process 4798 to run task
[2024-04-16T09:48:28.327+0000] {standard_task_runner.py:90} INFO - Running: ['***', 'tasks', 'run', 'spotify_final_dag', 'hello2', 'scheduled__2024-04-16T05:22:00+00:00', '--job-id', '1279', '--raw', '--subdir', 'DAGS_FOLDER/dag.py', '--cfg-path', '/tmp/tmpas4al03n']
[2024-04-16T09:48:28.329+0000] {standard_task_runner.py:91} INFO - Job 1279: Subtask hello2
[2024-04-16T09:48:28.400+0000] {task_command.py:426} INFO - Running <TaskInstance: spotify_final_dag.hello2 scheduled__2024-04-16T05:22:00+00:00 [running]> on host 52651c1f9987
[2024-04-16T09:48:28.522+0000] {taskinstance.py:2644} INFO - Exporting env vars: AIRFLOW_CTX_DAG_OWNER='***' AIRFLOW_CTX_DAG_ID='spotify_final_dag' AIRFLOW_CTX_TASK_ID='hello2' AIRFLOW_CTX_EXECUTION_DATE='2024-04-16T05:22:00+00:00' AIRFLOW_CTX_TRY_NUMBER='1' AIRFLOW_CTX_DAG_RUN_ID='scheduled__2024-04-16T05:22:00+00:00'
[2024-04-16T09:48:28.524+0000] {taskinstance.py:430} INFO - ::endgroup::
[2024-04-16T09:48:29.002+0000] {logging_mixin.py:188} INFO - Connection successful
[2024-04-16T09:48:29.425+0000] {logging_mixin.py:188} INFO - Connection successful
[2024-04-16T09:48:29.809+0000] {logging_mixin.py:188} INFO - Connection successful
[2024-04-16T09:48:29.813+0000] {logging_mixin.py:188} INFO - Null Not Found
[2024-04-16T09:48:29.815+0000] {logging_mixin.py:188} INFO - Null Not Found
[2024-04-16T09:48:29.825+0000] {logging_mixin.py:188} INFO - Null Not Found
[2024-04-16T09:48:29.826+0000] {logging_mixin.py:188} INFO - Null Not Found
[2024-04-16T09:48:29.828+0000] {logging_mixin.py:188} INFO - Null Not Found
[2024-04-16T09:48:29.829+0000] {logging_mixin.py:188} INFO - Null Not Found
[2024-04-16T09:48:29.830+0000] {python.py:237} INFO - Done. Returned value was: None
[2024-04-16T09:48:29.831+0000] {taskinstance.py:441} INFO - ::group::Post task execution logs
[2024-04-16T09:48:29.840+0000] {taskinstance.py:1205} INFO - Marking task as SUCCESS. dag_id=spotify_final_dag, task_id=hello2, execution_date=20240416T052200, start_date=20240416T094828, end_date=20240416T094829
[2024-04-16T09:48:29.875+0000] {local_task_job_runner.py:240} INFO - Task exited with return code 0
[2024-04-16T09:48:29.887+0000] {taskinstance.py:3482} INFO - 0 downstream tasks scheduled from follow-on schedule check
[2024-04-16T09:48:29.888+0000] {local_task_job_runner.py:222} INFO - ::endgroup::
