[2024-04-16T09:40:27.021+0000] {local_task_job_runner.py:120} INFO - ::group::Pre task execution logs
[2024-04-16T09:40:27.048+0000] {taskinstance.py:2073} INFO - Dependencies all met for dep_context=non-requeueable deps ti=<TaskInstance: spotify_final_dag.hello2 scheduled__2024-04-16T03:59:00+00:00 [queued]>
[2024-04-16T09:40:27.059+0000] {taskinstance.py:2073} INFO - Dependencies all met for dep_context=requeueable deps ti=<TaskInstance: spotify_final_dag.hello2 scheduled__2024-04-16T03:59:00+00:00 [queued]>
[2024-04-16T09:40:27.060+0000] {taskinstance.py:2303} INFO - Starting attempt 1 of 2
[2024-04-16T09:40:27.085+0000] {taskinstance.py:2327} INFO - Executing <Task(PythonOperator): hello2> on 2024-04-16 03:59:00+00:00
[2024-04-16T09:40:27.094+0000] {warnings.py:110} WARNING - /home/***/.local/lib/python3.12/site-packages/***/task/task_runner/standard_task_runner.py:61: DeprecationWarning: This process (pid=2623) is multi-threaded, use of fork() may lead to deadlocks in the child.
  pid = os.fork()

[2024-04-16T09:40:27.095+0000] {standard_task_runner.py:63} INFO - Started process 2655 to run task
[2024-04-16T09:40:27.096+0000] {standard_task_runner.py:90} INFO - Running: ['***', 'tasks', 'run', 'spotify_final_dag', 'hello2', 'scheduled__2024-04-16T03:59:00+00:00', '--job-id', '602', '--raw', '--subdir', 'DAGS_FOLDER/dag.py', '--cfg-path', '/tmp/tmpe5y7feqd']
[2024-04-16T09:40:27.097+0000] {standard_task_runner.py:91} INFO - Job 602: Subtask hello2
[2024-04-16T09:40:27.158+0000] {task_command.py:426} INFO - Running <TaskInstance: spotify_final_dag.hello2 scheduled__2024-04-16T03:59:00+00:00 [running]> on host 52651c1f9987
[2024-04-16T09:40:27.259+0000] {taskinstance.py:2644} INFO - Exporting env vars: AIRFLOW_CTX_DAG_OWNER='***' AIRFLOW_CTX_DAG_ID='spotify_final_dag' AIRFLOW_CTX_TASK_ID='hello2' AIRFLOW_CTX_EXECUTION_DATE='2024-04-16T03:59:00+00:00' AIRFLOW_CTX_TRY_NUMBER='1' AIRFLOW_CTX_DAG_RUN_ID='scheduled__2024-04-16T03:59:00+00:00'
[2024-04-16T09:40:27.261+0000] {taskinstance.py:430} INFO - ::endgroup::
[2024-04-16T09:40:27.691+0000] {logging_mixin.py:188} INFO - Connection successful
[2024-04-16T09:40:28.194+0000] {logging_mixin.py:188} INFO - Connection successful
[2024-04-16T09:40:28.647+0000] {logging_mixin.py:188} INFO - Connection successful
[2024-04-16T09:40:28.652+0000] {logging_mixin.py:188} INFO - Null Not Found
[2024-04-16T09:40:28.653+0000] {logging_mixin.py:188} INFO - Null Not Found
[2024-04-16T09:40:28.667+0000] {logging_mixin.py:188} INFO - Null Not Found
[2024-04-16T09:40:28.668+0000] {logging_mixin.py:188} INFO - Null Not Found
[2024-04-16T09:40:28.670+0000] {logging_mixin.py:188} INFO - Null Not Found
[2024-04-16T09:40:28.670+0000] {logging_mixin.py:188} INFO - Null Not Found
[2024-04-16T09:40:28.673+0000] {python.py:237} INFO - Done. Returned value was: None
[2024-04-16T09:40:28.673+0000] {taskinstance.py:441} INFO - ::group::Post task execution logs
[2024-04-16T09:40:28.685+0000] {taskinstance.py:1205} INFO - Marking task as SUCCESS. dag_id=spotify_final_dag, task_id=hello2, execution_date=20240416T035900, start_date=20240416T094027, end_date=20240416T094028
[2024-04-16T09:40:28.715+0000] {local_task_job_runner.py:240} INFO - Task exited with return code 0
[2024-04-16T09:40:28.732+0000] {taskinstance.py:3482} INFO - 0 downstream tasks scheduled from follow-on schedule check
[2024-04-16T09:40:28.734+0000] {local_task_job_runner.py:222} INFO - ::endgroup::
