[2024-04-16T09:40:46.718+0000] {local_task_job_runner.py:120} INFO - ::group::Pre task execution logs
[2024-04-16T09:40:46.743+0000] {taskinstance.py:2073} INFO - Dependencies all met for dep_context=non-requeueable deps ti=<TaskInstance: spotify_final_dag.hello2 scheduled__2024-04-16T04:32:00+00:00 [queued]>
[2024-04-16T09:40:46.753+0000] {taskinstance.py:2073} INFO - Dependencies all met for dep_context=requeueable deps ti=<TaskInstance: spotify_final_dag.hello2 scheduled__2024-04-16T04:32:00+00:00 [queued]>
[2024-04-16T09:40:46.754+0000] {taskinstance.py:2303} INFO - Starting attempt 1 of 2
[2024-04-16T09:40:46.771+0000] {taskinstance.py:2327} INFO - Executing <Task(PythonOperator): hello2> on 2024-04-16 04:32:00+00:00
[2024-04-16T09:40:46.780+0000] {warnings.py:110} WARNING - /home/***/.local/lib/python3.12/site-packages/***/task/task_runner/standard_task_runner.py:61: DeprecationWarning: This process (pid=2830) is multi-threaded, use of fork() may lead to deadlocks in the child.
  pid = os.fork()

[2024-04-16T09:40:46.782+0000] {standard_task_runner.py:63} INFO - Started process 2845 to run task
[2024-04-16T09:40:46.782+0000] {standard_task_runner.py:90} INFO - Running: ['***', 'tasks', 'run', 'spotify_final_dag', 'hello2', 'scheduled__2024-04-16T04:32:00+00:00', '--job-id', '666', '--raw', '--subdir', 'DAGS_FOLDER/dag.py', '--cfg-path', '/tmp/tmpxpzdnpmv']
[2024-04-16T09:40:46.784+0000] {standard_task_runner.py:91} INFO - Job 666: Subtask hello2
[2024-04-16T09:40:46.831+0000] {task_command.py:426} INFO - Running <TaskInstance: spotify_final_dag.hello2 scheduled__2024-04-16T04:32:00+00:00 [running]> on host 52651c1f9987
[2024-04-16T09:40:46.937+0000] {taskinstance.py:2644} INFO - Exporting env vars: AIRFLOW_CTX_DAG_OWNER='***' AIRFLOW_CTX_DAG_ID='spotify_final_dag' AIRFLOW_CTX_TASK_ID='hello2' AIRFLOW_CTX_EXECUTION_DATE='2024-04-16T04:32:00+00:00' AIRFLOW_CTX_TRY_NUMBER='1' AIRFLOW_CTX_DAG_RUN_ID='scheduled__2024-04-16T04:32:00+00:00'
[2024-04-16T09:40:46.938+0000] {taskinstance.py:430} INFO - ::endgroup::
[2024-04-16T09:40:47.353+0000] {logging_mixin.py:188} INFO - Connection successful
[2024-04-16T09:40:47.800+0000] {logging_mixin.py:188} INFO - Connection successful
[2024-04-16T09:40:48.233+0000] {logging_mixin.py:188} INFO - Connection successful
[2024-04-16T09:40:48.238+0000] {logging_mixin.py:188} INFO - Null Not Found
[2024-04-16T09:40:48.239+0000] {logging_mixin.py:188} INFO - Null Not Found
[2024-04-16T09:40:48.249+0000] {logging_mixin.py:188} INFO - Null Not Found
[2024-04-16T09:40:48.250+0000] {logging_mixin.py:188} INFO - Null Not Found
[2024-04-16T09:40:48.252+0000] {logging_mixin.py:188} INFO - Null Not Found
[2024-04-16T09:40:48.253+0000] {logging_mixin.py:188} INFO - Null Not Found
[2024-04-16T09:40:48.255+0000] {python.py:237} INFO - Done. Returned value was: None
[2024-04-16T09:40:48.255+0000] {taskinstance.py:441} INFO - ::group::Post task execution logs
[2024-04-16T09:40:48.263+0000] {taskinstance.py:1205} INFO - Marking task as SUCCESS. dag_id=spotify_final_dag, task_id=hello2, execution_date=20240416T043200, start_date=20240416T094046, end_date=20240416T094048
[2024-04-16T09:40:48.280+0000] {local_task_job_runner.py:240} INFO - Task exited with return code 0
[2024-04-16T09:40:48.292+0000] {taskinstance.py:3482} INFO - 0 downstream tasks scheduled from follow-on schedule check
[2024-04-16T09:40:48.295+0000] {local_task_job_runner.py:222} INFO - ::endgroup::
[2024-04-16T09:48:09.513+0000] {local_task_job_runner.py:120} INFO - ::group::Pre task execution logs
[2024-04-16T09:48:09.529+0000] {taskinstance.py:2073} INFO - Dependencies all met for dep_context=non-requeueable deps ti=<TaskInstance: spotify_final_dag.hello2 scheduled__2024-04-16T04:32:00+00:00 [queued]>
[2024-04-16T09:48:09.536+0000] {taskinstance.py:2073} INFO - Dependencies all met for dep_context=requeueable deps ti=<TaskInstance: spotify_final_dag.hello2 scheduled__2024-04-16T04:32:00+00:00 [queued]>
[2024-04-16T09:48:09.536+0000] {taskinstance.py:2303} INFO - Starting attempt 1 of 2
[2024-04-16T09:48:09.547+0000] {taskinstance.py:2327} INFO - Executing <Task(PythonOperator): hello2> on 2024-04-16 04:32:00+00:00
[2024-04-16T09:48:09.554+0000] {warnings.py:110} WARNING - /home/***/.local/lib/python3.12/site-packages/***/task/task_runner/standard_task_runner.py:61: DeprecationWarning: This process (pid=4591) is multi-threaded, use of fork() may lead to deadlocks in the child.
  pid = os.fork()

[2024-04-16T09:48:09.555+0000] {standard_task_runner.py:63} INFO - Started process 4607 to run task
[2024-04-16T09:48:09.556+0000] {standard_task_runner.py:90} INFO - Running: ['***', 'tasks', 'run', 'spotify_final_dag', 'hello2', 'scheduled__2024-04-16T04:32:00+00:00', '--job-id', '1225', '--raw', '--subdir', 'DAGS_FOLDER/dag.py', '--cfg-path', '/tmp/tmphf1ly5i7']
[2024-04-16T09:48:09.557+0000] {standard_task_runner.py:91} INFO - Job 1225: Subtask hello2
[2024-04-16T09:48:09.595+0000] {task_command.py:426} INFO - Running <TaskInstance: spotify_final_dag.hello2 scheduled__2024-04-16T04:32:00+00:00 [running]> on host 52651c1f9987
[2024-04-16T09:48:09.699+0000] {taskinstance.py:2644} INFO - Exporting env vars: AIRFLOW_CTX_DAG_OWNER='***' AIRFLOW_CTX_DAG_ID='spotify_final_dag' AIRFLOW_CTX_TASK_ID='hello2' AIRFLOW_CTX_EXECUTION_DATE='2024-04-16T04:32:00+00:00' AIRFLOW_CTX_TRY_NUMBER='1' AIRFLOW_CTX_DAG_RUN_ID='scheduled__2024-04-16T04:32:00+00:00'
[2024-04-16T09:48:09.700+0000] {taskinstance.py:430} INFO - ::endgroup::
[2024-04-16T09:48:10.148+0000] {logging_mixin.py:188} INFO - Connection successful
[2024-04-16T09:48:10.868+0000] {logging_mixin.py:188} INFO - Connection successful
[2024-04-16T09:48:11.285+0000] {logging_mixin.py:188} INFO - Connection successful
[2024-04-16T09:48:11.288+0000] {logging_mixin.py:188} INFO - Null Not Found
[2024-04-16T09:48:11.289+0000] {logging_mixin.py:188} INFO - Null Not Found
[2024-04-16T09:48:11.297+0000] {logging_mixin.py:188} INFO - Null Not Found
[2024-04-16T09:48:11.298+0000] {logging_mixin.py:188} INFO - Null Not Found
[2024-04-16T09:48:11.299+0000] {logging_mixin.py:188} INFO - Null Not Found
[2024-04-16T09:48:11.299+0000] {logging_mixin.py:188} INFO - Null Not Found
[2024-04-16T09:48:11.300+0000] {python.py:237} INFO - Done. Returned value was: None
[2024-04-16T09:48:11.301+0000] {taskinstance.py:441} INFO - ::group::Post task execution logs
[2024-04-16T09:48:11.308+0000] {taskinstance.py:1205} INFO - Marking task as SUCCESS. dag_id=spotify_final_dag, task_id=hello2, execution_date=20240416T043200, start_date=20240416T094809, end_date=20240416T094811
[2024-04-16T09:48:11.334+0000] {local_task_job_runner.py:240} INFO - Task exited with return code 0
[2024-04-16T09:48:11.346+0000] {taskinstance.py:3482} INFO - 0 downstream tasks scheduled from follow-on schedule check
[2024-04-16T09:48:11.347+0000] {local_task_job_runner.py:222} INFO - ::endgroup::
