[2024-04-16T09:41:26.413+0000] {local_task_job_runner.py:120} INFO - ::group::Pre task execution logs
[2024-04-16T09:41:26.429+0000] {taskinstance.py:2073} INFO - Dependencies all met for dep_context=non-requeueable deps ti=<TaskInstance: spotify_final_dag.hello2 scheduled__2024-04-16T05:36:00+00:00 [queued]>
[2024-04-16T09:41:26.435+0000] {taskinstance.py:2073} INFO - Dependencies all met for dep_context=requeueable deps ti=<TaskInstance: spotify_final_dag.hello2 scheduled__2024-04-16T05:36:00+00:00 [queued]>
[2024-04-16T09:41:26.436+0000] {taskinstance.py:2303} INFO - Starting attempt 1 of 2
[2024-04-16T09:41:26.446+0000] {taskinstance.py:2327} INFO - Executing <Task(PythonOperator): hello2> on 2024-04-16 05:36:00+00:00
[2024-04-16T09:41:26.454+0000] {warnings.py:110} WARNING - /home/***/.local/lib/python3.12/site-packages/***/task/task_runner/standard_task_runner.py:61: DeprecationWarning: This process (pid=3214) is multi-threaded, use of fork() may lead to deadlocks in the child.
  pid = os.fork()

[2024-04-16T09:41:26.455+0000] {standard_task_runner.py:63} INFO - Started process 3239 to run task
[2024-04-16T09:41:26.455+0000] {standard_task_runner.py:90} INFO - Running: ['***', 'tasks', 'run', 'spotify_final_dag', 'hello2', 'scheduled__2024-04-16T05:36:00+00:00', '--job-id', '794', '--raw', '--subdir', 'DAGS_FOLDER/dag.py', '--cfg-path', '/tmp/tmp0wvnus2c']
[2024-04-16T09:41:26.456+0000] {standard_task_runner.py:91} INFO - Job 794: Subtask hello2
[2024-04-16T09:41:26.493+0000] {task_command.py:426} INFO - Running <TaskInstance: spotify_final_dag.hello2 scheduled__2024-04-16T05:36:00+00:00 [running]> on host 52651c1f9987
[2024-04-16T09:41:26.575+0000] {taskinstance.py:2644} INFO - Exporting env vars: AIRFLOW_CTX_DAG_OWNER='***' AIRFLOW_CTX_DAG_ID='spotify_final_dag' AIRFLOW_CTX_TASK_ID='hello2' AIRFLOW_CTX_EXECUTION_DATE='2024-04-16T05:36:00+00:00' AIRFLOW_CTX_TRY_NUMBER='1' AIRFLOW_CTX_DAG_RUN_ID='scheduled__2024-04-16T05:36:00+00:00'
[2024-04-16T09:41:26.577+0000] {taskinstance.py:430} INFO - ::endgroup::
[2024-04-16T09:41:27.208+0000] {logging_mixin.py:188} INFO - Connection successful
[2024-04-16T09:41:27.650+0000] {logging_mixin.py:188} INFO - Connection successful
[2024-04-16T09:41:28.041+0000] {logging_mixin.py:188} INFO - Connection successful
[2024-04-16T09:41:28.045+0000] {logging_mixin.py:188} INFO - Null Not Found
[2024-04-16T09:41:28.046+0000] {logging_mixin.py:188} INFO - Null Not Found
[2024-04-16T09:41:28.053+0000] {logging_mixin.py:188} INFO - Null Not Found
[2024-04-16T09:41:28.054+0000] {logging_mixin.py:188} INFO - Null Not Found
[2024-04-16T09:41:28.055+0000] {logging_mixin.py:188} INFO - Null Not Found
[2024-04-16T09:41:28.056+0000] {logging_mixin.py:188} INFO - Null Not Found
[2024-04-16T09:41:28.057+0000] {python.py:237} INFO - Done. Returned value was: None
[2024-04-16T09:41:28.057+0000] {taskinstance.py:441} INFO - ::group::Post task execution logs
[2024-04-16T09:41:28.065+0000] {taskinstance.py:1205} INFO - Marking task as SUCCESS. dag_id=spotify_final_dag, task_id=hello2, execution_date=20240416T053600, start_date=20240416T094126, end_date=20240416T094128
[2024-04-16T09:41:28.113+0000] {local_task_job_runner.py:240} INFO - Task exited with return code 0
[2024-04-16T09:41:28.125+0000] {taskinstance.py:3482} INFO - 0 downstream tasks scheduled from follow-on schedule check
[2024-04-16T09:41:28.127+0000] {local_task_job_runner.py:222} INFO - ::endgroup::
[2024-04-16T09:48:29.323+0000] {local_task_job_runner.py:120} INFO - ::group::Pre task execution logs
[2024-04-16T09:48:29.346+0000] {taskinstance.py:2073} INFO - Dependencies all met for dep_context=non-requeueable deps ti=<TaskInstance: spotify_final_dag.hello2 scheduled__2024-04-16T05:36:00+00:00 [queued]>
[2024-04-16T09:48:29.355+0000] {taskinstance.py:2073} INFO - Dependencies all met for dep_context=requeueable deps ti=<TaskInstance: spotify_final_dag.hello2 scheduled__2024-04-16T05:36:00+00:00 [queued]>
[2024-04-16T09:48:29.355+0000] {taskinstance.py:2303} INFO - Starting attempt 1 of 2
[2024-04-16T09:48:29.369+0000] {taskinstance.py:2327} INFO - Executing <Task(PythonOperator): hello2> on 2024-04-16 05:36:00+00:00
[2024-04-16T09:48:29.376+0000] {warnings.py:110} WARNING - /home/***/.local/lib/python3.12/site-packages/***/task/task_runner/standard_task_runner.py:61: DeprecationWarning: This process (pid=4789) is multi-threaded, use of fork() may lead to deadlocks in the child.
  pid = os.fork()

[2024-04-16T09:48:29.378+0000] {standard_task_runner.py:63} INFO - Started process 4816 to run task
[2024-04-16T09:48:29.378+0000] {standard_task_runner.py:90} INFO - Running: ['***', 'tasks', 'run', 'spotify_final_dag', 'hello2', 'scheduled__2024-04-16T05:36:00+00:00', '--job-id', '1289', '--raw', '--subdir', 'DAGS_FOLDER/dag.py', '--cfg-path', '/tmp/tmpa_ij5ueq']
[2024-04-16T09:48:29.379+0000] {standard_task_runner.py:91} INFO - Job 1289: Subtask hello2
[2024-04-16T09:48:29.429+0000] {task_command.py:426} INFO - Running <TaskInstance: spotify_final_dag.hello2 scheduled__2024-04-16T05:36:00+00:00 [running]> on host 52651c1f9987
[2024-04-16T09:48:29.514+0000] {taskinstance.py:2644} INFO - Exporting env vars: AIRFLOW_CTX_DAG_OWNER='***' AIRFLOW_CTX_DAG_ID='spotify_final_dag' AIRFLOW_CTX_TASK_ID='hello2' AIRFLOW_CTX_EXECUTION_DATE='2024-04-16T05:36:00+00:00' AIRFLOW_CTX_TRY_NUMBER='1' AIRFLOW_CTX_DAG_RUN_ID='scheduled__2024-04-16T05:36:00+00:00'
[2024-04-16T09:48:29.516+0000] {taskinstance.py:430} INFO - ::endgroup::
[2024-04-16T09:48:29.991+0000] {logging_mixin.py:188} INFO - Connection successful
[2024-04-16T09:48:30.426+0000] {logging_mixin.py:188} INFO - Connection successful
[2024-04-16T09:48:30.840+0000] {logging_mixin.py:188} INFO - Connection successful
[2024-04-16T09:48:30.844+0000] {logging_mixin.py:188} INFO - Null Not Found
[2024-04-16T09:48:30.846+0000] {logging_mixin.py:188} INFO - Null Not Found
[2024-04-16T09:48:30.854+0000] {logging_mixin.py:188} INFO - Null Not Found
[2024-04-16T09:48:30.855+0000] {logging_mixin.py:188} INFO - Null Not Found
[2024-04-16T09:48:30.856+0000] {logging_mixin.py:188} INFO - Null Not Found
[2024-04-16T09:48:30.856+0000] {logging_mixin.py:188} INFO - Null Not Found
[2024-04-16T09:48:30.858+0000] {python.py:237} INFO - Done. Returned value was: None
[2024-04-16T09:48:30.858+0000] {taskinstance.py:441} INFO - ::group::Post task execution logs
[2024-04-16T09:48:30.865+0000] {taskinstance.py:1205} INFO - Marking task as SUCCESS. dag_id=spotify_final_dag, task_id=hello2, execution_date=20240416T053600, start_date=20240416T094829, end_date=20240416T094830
[2024-04-16T09:48:30.915+0000] {local_task_job_runner.py:240} INFO - Task exited with return code 0
[2024-04-16T09:48:30.930+0000] {taskinstance.py:3482} INFO - 0 downstream tasks scheduled from follow-on schedule check
[2024-04-16T09:48:30.932+0000] {local_task_job_runner.py:222} INFO - ::endgroup::
