[2024-04-16T09:38:40.117+0000] {local_task_job_runner.py:120} INFO - ::group::Pre task execution logs
[2024-04-16T09:38:40.142+0000] {taskinstance.py:2073} INFO - Dependencies all met for dep_context=non-requeueable deps ti=<TaskInstance: spotify_final_dag.hello2 scheduled__2024-04-16T01:26:00+00:00 [queued]>
[2024-04-16T09:38:40.152+0000] {taskinstance.py:2073} INFO - Dependencies all met for dep_context=requeueable deps ti=<TaskInstance: spotify_final_dag.hello2 scheduled__2024-04-16T01:26:00+00:00 [queued]>
[2024-04-16T09:38:40.152+0000] {taskinstance.py:2303} INFO - Starting attempt 1 of 2
[2024-04-16T09:38:40.319+0000] {taskinstance.py:2327} INFO - Executing <Task(PythonOperator): hello2> on 2024-04-16 01:26:00+00:00
[2024-04-16T09:38:40.329+0000] {warnings.py:110} WARNING - /home/***/.local/lib/python3.12/site-packages/***/task/task_runner/standard_task_runner.py:61: DeprecationWarning: This process (pid=1688) is multi-threaded, use of fork() may lead to deadlocks in the child.
  pid = os.fork()

[2024-04-16T09:38:40.331+0000] {standard_task_runner.py:63} INFO - Started process 1714 to run task
[2024-04-16T09:38:40.332+0000] {standard_task_runner.py:90} INFO - Running: ['***', 'tasks', 'run', 'spotify_final_dag', 'hello2', 'scheduled__2024-04-16T01:26:00+00:00', '--job-id', '296', '--raw', '--subdir', 'DAGS_FOLDER/dag.py', '--cfg-path', '/tmp/tmpsetdxjti']
[2024-04-16T09:38:40.333+0000] {standard_task_runner.py:91} INFO - Job 296: Subtask hello2
[2024-04-16T09:38:40.379+0000] {task_command.py:426} INFO - Running <TaskInstance: spotify_final_dag.hello2 scheduled__2024-04-16T01:26:00+00:00 [running]> on host 52651c1f9987
[2024-04-16T09:38:40.489+0000] {taskinstance.py:2644} INFO - Exporting env vars: AIRFLOW_CTX_DAG_OWNER='***' AIRFLOW_CTX_DAG_ID='spotify_final_dag' AIRFLOW_CTX_TASK_ID='hello2' AIRFLOW_CTX_EXECUTION_DATE='2024-04-16T01:26:00+00:00' AIRFLOW_CTX_TRY_NUMBER='1' AIRFLOW_CTX_DAG_RUN_ID='scheduled__2024-04-16T01:26:00+00:00'
[2024-04-16T09:38:40.491+0000] {taskinstance.py:430} INFO - ::endgroup::
[2024-04-16T09:38:40.922+0000] {logging_mixin.py:188} INFO - Connection successful
[2024-04-16T09:38:41.363+0000] {logging_mixin.py:188} INFO - Connection successful
[2024-04-16T09:38:41.886+0000] {logging_mixin.py:188} INFO - Connection successful
[2024-04-16T09:38:41.890+0000] {logging_mixin.py:188} INFO - Null Not Found
[2024-04-16T09:38:41.891+0000] {logging_mixin.py:188} INFO - Null Not Found
[2024-04-16T09:38:41.902+0000] {logging_mixin.py:188} INFO - Null Not Found
[2024-04-16T09:38:41.903+0000] {logging_mixin.py:188} INFO - Null Not Found
[2024-04-16T09:38:41.906+0000] {logging_mixin.py:188} INFO - Null Not Found
[2024-04-16T09:38:41.907+0000] {logging_mixin.py:188} INFO - Null Not Found
[2024-04-16T09:38:41.908+0000] {python.py:237} INFO - Done. Returned value was: None
[2024-04-16T09:38:41.908+0000] {taskinstance.py:441} INFO - ::group::Post task execution logs
[2024-04-16T09:38:41.918+0000] {taskinstance.py:1205} INFO - Marking task as SUCCESS. dag_id=spotify_final_dag, task_id=hello2, execution_date=20240416T012600, start_date=20240416T093840, end_date=20240416T093841
[2024-04-16T09:38:41.949+0000] {local_task_job_runner.py:240} INFO - Task exited with return code 0
[2024-04-16T09:38:41.964+0000] {taskinstance.py:3482} INFO - 0 downstream tasks scheduled from follow-on schedule check
[2024-04-16T09:38:41.966+0000] {local_task_job_runner.py:222} INFO - ::endgroup::
[2024-04-16T09:47:08.381+0000] {local_task_job_runner.py:120} INFO - ::group::Pre task execution logs
[2024-04-16T09:47:08.401+0000] {taskinstance.py:2073} INFO - Dependencies all met for dep_context=non-requeueable deps ti=<TaskInstance: spotify_final_dag.hello2 scheduled__2024-04-16T01:26:00+00:00 [queued]>
[2024-04-16T09:47:08.410+0000] {taskinstance.py:2073} INFO - Dependencies all met for dep_context=requeueable deps ti=<TaskInstance: spotify_final_dag.hello2 scheduled__2024-04-16T01:26:00+00:00 [queued]>
[2024-04-16T09:47:08.410+0000] {taskinstance.py:2303} INFO - Starting attempt 1 of 2
[2024-04-16T09:47:08.422+0000] {taskinstance.py:2327} INFO - Executing <Task(PythonOperator): hello2> on 2024-04-16 01:26:00+00:00
[2024-04-16T09:47:08.430+0000] {warnings.py:110} WARNING - /home/***/.local/lib/python3.12/site-packages/***/task/task_runner/standard_task_runner.py:61: DeprecationWarning: This process (pid=4017) is multi-threaded, use of fork() may lead to deadlocks in the child.
  pid = os.fork()

[2024-04-16T09:47:08.431+0000] {standard_task_runner.py:63} INFO - Started process 4040 to run task
[2024-04-16T09:47:08.432+0000] {standard_task_runner.py:90} INFO - Running: ['***', 'tasks', 'run', 'spotify_final_dag', 'hello2', 'scheduled__2024-04-16T01:26:00+00:00', '--job-id', '1035', '--raw', '--subdir', 'DAGS_FOLDER/dag.py', '--cfg-path', '/tmp/tmp2_xkflym']
[2024-04-16T09:47:08.433+0000] {standard_task_runner.py:91} INFO - Job 1035: Subtask hello2
[2024-04-16T09:47:08.491+0000] {task_command.py:426} INFO - Running <TaskInstance: spotify_final_dag.hello2 scheduled__2024-04-16T01:26:00+00:00 [running]> on host 52651c1f9987
[2024-04-16T09:47:08.594+0000] {taskinstance.py:2644} INFO - Exporting env vars: AIRFLOW_CTX_DAG_OWNER='***' AIRFLOW_CTX_DAG_ID='spotify_final_dag' AIRFLOW_CTX_TASK_ID='hello2' AIRFLOW_CTX_EXECUTION_DATE='2024-04-16T01:26:00+00:00' AIRFLOW_CTX_TRY_NUMBER='1' AIRFLOW_CTX_DAG_RUN_ID='scheduled__2024-04-16T01:26:00+00:00'
[2024-04-16T09:47:08.596+0000] {taskinstance.py:430} INFO - ::endgroup::
[2024-04-16T09:47:09.062+0000] {logging_mixin.py:188} INFO - Connection successful
[2024-04-16T09:47:09.542+0000] {logging_mixin.py:188} INFO - Connection successful
[2024-04-16T09:47:09.993+0000] {logging_mixin.py:188} INFO - Connection successful
[2024-04-16T09:47:09.996+0000] {logging_mixin.py:188} INFO - Null Not Found
[2024-04-16T09:47:09.997+0000] {logging_mixin.py:188} INFO - Null Not Found
[2024-04-16T09:47:10.006+0000] {logging_mixin.py:188} INFO - Null Not Found
[2024-04-16T09:47:10.006+0000] {logging_mixin.py:188} INFO - Null Not Found
[2024-04-16T09:47:10.007+0000] {logging_mixin.py:188} INFO - Null Not Found
[2024-04-16T09:47:10.008+0000] {logging_mixin.py:188} INFO - Null Not Found
[2024-04-16T09:47:10.009+0000] {python.py:237} INFO - Done. Returned value was: None
[2024-04-16T09:47:10.009+0000] {taskinstance.py:441} INFO - ::group::Post task execution logs
[2024-04-16T09:47:10.016+0000] {taskinstance.py:1205} INFO - Marking task as SUCCESS. dag_id=spotify_final_dag, task_id=hello2, execution_date=20240416T012600, start_date=20240416T094708, end_date=20240416T094710
[2024-04-16T09:47:10.050+0000] {local_task_job_runner.py:240} INFO - Task exited with return code 0
[2024-04-16T09:47:10.062+0000] {taskinstance.py:3482} INFO - 0 downstream tasks scheduled from follow-on schedule check
[2024-04-16T09:47:10.064+0000] {local_task_job_runner.py:222} INFO - ::endgroup::
