[2024-04-16T09:39:03.287+0000] {local_task_job_runner.py:120} INFO - ::group::Pre task execution logs
[2024-04-16T09:39:03.303+0000] {taskinstance.py:2073} INFO - Dependencies all met for dep_context=non-requeueable deps ti=<TaskInstance: spotify_final_dag.hello2 scheduled__2024-04-16T02:02:00+00:00 [queued]>
[2024-04-16T09:39:03.309+0000] {taskinstance.py:2073} INFO - Dependencies all met for dep_context=requeueable deps ti=<TaskInstance: spotify_final_dag.hello2 scheduled__2024-04-16T02:02:00+00:00 [queued]>
[2024-04-16T09:39:03.310+0000] {taskinstance.py:2303} INFO - Starting attempt 1 of 2
[2024-04-16T09:39:03.320+0000] {taskinstance.py:2327} INFO - Executing <Task(PythonOperator): hello2> on 2024-04-16 02:02:00+00:00
[2024-04-16T09:39:03.327+0000] {warnings.py:110} WARNING - /home/***/.local/lib/python3.12/site-packages/***/task/task_runner/standard_task_runner.py:61: DeprecationWarning: This process (pid=1895) is multi-threaded, use of fork() may lead to deadlocks in the child.
  pid = os.fork()

[2024-04-16T09:39:03.328+0000] {standard_task_runner.py:63} INFO - Started process 1914 to run task
[2024-04-16T09:39:03.329+0000] {standard_task_runner.py:90} INFO - Running: ['***', 'tasks', 'run', 'spotify_final_dag', 'hello2', 'scheduled__2024-04-16T02:02:00+00:00', '--job-id', '365', '--raw', '--subdir', 'DAGS_FOLDER/dag.py', '--cfg-path', '/tmp/tmpec6_pbmq']
[2024-04-16T09:39:03.330+0000] {standard_task_runner.py:91} INFO - Job 365: Subtask hello2
[2024-04-16T09:39:03.364+0000] {task_command.py:426} INFO - Running <TaskInstance: spotify_final_dag.hello2 scheduled__2024-04-16T02:02:00+00:00 [running]> on host 52651c1f9987
[2024-04-16T09:39:03.441+0000] {taskinstance.py:2644} INFO - Exporting env vars: AIRFLOW_CTX_DAG_OWNER='***' AIRFLOW_CTX_DAG_ID='spotify_final_dag' AIRFLOW_CTX_TASK_ID='hello2' AIRFLOW_CTX_EXECUTION_DATE='2024-04-16T02:02:00+00:00' AIRFLOW_CTX_TRY_NUMBER='1' AIRFLOW_CTX_DAG_RUN_ID='scheduled__2024-04-16T02:02:00+00:00'
[2024-04-16T09:39:03.443+0000] {taskinstance.py:430} INFO - ::endgroup::
[2024-04-16T09:39:03.880+0000] {logging_mixin.py:188} INFO - Connection successful
[2024-04-16T09:39:04.309+0000] {logging_mixin.py:188} INFO - Connection successful
[2024-04-16T09:39:04.746+0000] {logging_mixin.py:188} INFO - Connection successful
[2024-04-16T09:39:04.750+0000] {logging_mixin.py:188} INFO - Null Not Found
[2024-04-16T09:39:04.751+0000] {logging_mixin.py:188} INFO - Null Not Found
[2024-04-16T09:39:04.761+0000] {logging_mixin.py:188} INFO - Null Not Found
[2024-04-16T09:39:04.761+0000] {logging_mixin.py:188} INFO - Null Not Found
[2024-04-16T09:39:04.762+0000] {logging_mixin.py:188} INFO - Null Not Found
[2024-04-16T09:39:04.763+0000] {logging_mixin.py:188} INFO - Null Not Found
[2024-04-16T09:39:04.764+0000] {python.py:237} INFO - Done. Returned value was: None
[2024-04-16T09:39:04.764+0000] {taskinstance.py:441} INFO - ::group::Post task execution logs
[2024-04-16T09:39:04.771+0000] {taskinstance.py:1205} INFO - Marking task as SUCCESS. dag_id=spotify_final_dag, task_id=hello2, execution_date=20240416T020200, start_date=20240416T093903, end_date=20240416T093904
[2024-04-16T09:39:04.825+0000] {local_task_job_runner.py:240} INFO - Task exited with return code 0
[2024-04-16T09:39:04.840+0000] {taskinstance.py:3482} INFO - 0 downstream tasks scheduled from follow-on schedule check
[2024-04-16T09:39:04.842+0000] {local_task_job_runner.py:222} INFO - ::endgroup::
[2024-04-16T09:47:19.705+0000] {local_task_job_runner.py:120} INFO - ::group::Pre task execution logs
[2024-04-16T09:47:19.725+0000] {taskinstance.py:2073} INFO - Dependencies all met for dep_context=non-requeueable deps ti=<TaskInstance: spotify_final_dag.hello2 scheduled__2024-04-16T02:02:00+00:00 [queued]>
[2024-04-16T09:47:19.731+0000] {taskinstance.py:2073} INFO - Dependencies all met for dep_context=requeueable deps ti=<TaskInstance: spotify_final_dag.hello2 scheduled__2024-04-16T02:02:00+00:00 [queued]>
[2024-04-16T09:47:19.731+0000] {taskinstance.py:2303} INFO - Starting attempt 1 of 2
[2024-04-16T09:47:19.745+0000] {taskinstance.py:2327} INFO - Executing <Task(PythonOperator): hello2> on 2024-04-16 02:02:00+00:00
[2024-04-16T09:47:19.754+0000] {warnings.py:110} WARNING - /home/***/.local/lib/python3.12/site-packages/***/task/task_runner/standard_task_runner.py:61: DeprecationWarning: This process (pid=4127) is multi-threaded, use of fork() may lead to deadlocks in the child.
  pid = os.fork()

[2024-04-16T09:47:19.756+0000] {standard_task_runner.py:63} INFO - Started process 4139 to run task
[2024-04-16T09:47:19.756+0000] {standard_task_runner.py:90} INFO - Running: ['***', 'tasks', 'run', 'spotify_final_dag', 'hello2', 'scheduled__2024-04-16T02:02:00+00:00', '--job-id', '1070', '--raw', '--subdir', 'DAGS_FOLDER/dag.py', '--cfg-path', '/tmp/tmpjexxgl60']
[2024-04-16T09:47:19.758+0000] {standard_task_runner.py:91} INFO - Job 1070: Subtask hello2
[2024-04-16T09:47:19.802+0000] {task_command.py:426} INFO - Running <TaskInstance: spotify_final_dag.hello2 scheduled__2024-04-16T02:02:00+00:00 [running]> on host 52651c1f9987
[2024-04-16T09:47:19.875+0000] {taskinstance.py:2644} INFO - Exporting env vars: AIRFLOW_CTX_DAG_OWNER='***' AIRFLOW_CTX_DAG_ID='spotify_final_dag' AIRFLOW_CTX_TASK_ID='hello2' AIRFLOW_CTX_EXECUTION_DATE='2024-04-16T02:02:00+00:00' AIRFLOW_CTX_TRY_NUMBER='1' AIRFLOW_CTX_DAG_RUN_ID='scheduled__2024-04-16T02:02:00+00:00'
[2024-04-16T09:47:19.876+0000] {taskinstance.py:430} INFO - ::endgroup::
[2024-04-16T09:47:20.406+0000] {logging_mixin.py:188} INFO - Connection successful
[2024-04-16T09:47:20.831+0000] {logging_mixin.py:188} INFO - Connection successful
[2024-04-16T09:47:21.596+0000] {logging_mixin.py:188} INFO - Connection successful
[2024-04-16T09:47:21.599+0000] {logging_mixin.py:188} INFO - Null Not Found
[2024-04-16T09:47:21.600+0000] {logging_mixin.py:188} INFO - Null Not Found
[2024-04-16T09:47:21.608+0000] {logging_mixin.py:188} INFO - Null Not Found
[2024-04-16T09:47:21.609+0000] {logging_mixin.py:188} INFO - Null Not Found
[2024-04-16T09:47:21.610+0000] {logging_mixin.py:188} INFO - Null Not Found
[2024-04-16T09:47:21.610+0000] {logging_mixin.py:188} INFO - Null Not Found
[2024-04-16T09:47:21.611+0000] {python.py:237} INFO - Done. Returned value was: None
[2024-04-16T09:47:21.611+0000] {taskinstance.py:441} INFO - ::group::Post task execution logs
[2024-04-16T09:47:21.618+0000] {taskinstance.py:1205} INFO - Marking task as SUCCESS. dag_id=spotify_final_dag, task_id=hello2, execution_date=20240416T020200, start_date=20240416T094719, end_date=20240416T094721
[2024-04-16T09:47:21.657+0000] {local_task_job_runner.py:240} INFO - Task exited with return code 0
[2024-04-16T09:47:21.675+0000] {taskinstance.py:3482} INFO - 0 downstream tasks scheduled from follow-on schedule check
[2024-04-16T09:47:21.677+0000] {local_task_job_runner.py:222} INFO - ::endgroup::
