[2024-04-16T09:39:46.663+0000] {local_task_job_runner.py:120} INFO - ::group::Pre task execution logs
[2024-04-16T09:39:46.685+0000] {taskinstance.py:2073} INFO - Dependencies all met for dep_context=non-requeueable deps ti=<TaskInstance: spotify_final_dag.hello2 scheduled__2024-04-16T02:56:00+00:00 [queued]>
[2024-04-16T09:39:46.694+0000] {taskinstance.py:2073} INFO - Dependencies all met for dep_context=requeueable deps ti=<TaskInstance: spotify_final_dag.hello2 scheduled__2024-04-16T02:56:00+00:00 [queued]>
[2024-04-16T09:39:46.695+0000] {taskinstance.py:2303} INFO - Starting attempt 1 of 2
[2024-04-16T09:39:46.775+0000] {taskinstance.py:2327} INFO - Executing <Task(PythonOperator): hello2> on 2024-04-16 02:56:00+00:00
[2024-04-16T09:39:46.782+0000] {warnings.py:110} WARNING - /home/***/.local/lib/python3.12/site-packages/***/task/task_runner/standard_task_runner.py:61: DeprecationWarning: This process (pid=2244) is multi-threaded, use of fork() may lead to deadlocks in the child.
  pid = os.fork()

[2024-04-16T09:39:46.783+0000] {standard_task_runner.py:63} INFO - Started process 2270 to run task
[2024-04-16T09:39:46.784+0000] {standard_task_runner.py:90} INFO - Running: ['***', 'tasks', 'run', 'spotify_final_dag', 'hello2', 'scheduled__2024-04-16T02:56:00+00:00', '--job-id', '477', '--raw', '--subdir', 'DAGS_FOLDER/dag.py', '--cfg-path', '/tmp/tmpox9hyx3k']
[2024-04-16T09:39:46.786+0000] {standard_task_runner.py:91} INFO - Job 477: Subtask hello2
[2024-04-16T09:39:46.827+0000] {task_command.py:426} INFO - Running <TaskInstance: spotify_final_dag.hello2 scheduled__2024-04-16T02:56:00+00:00 [running]> on host 52651c1f9987
[2024-04-16T09:39:47.003+0000] {taskinstance.py:2644} INFO - Exporting env vars: AIRFLOW_CTX_DAG_OWNER='***' AIRFLOW_CTX_DAG_ID='spotify_final_dag' AIRFLOW_CTX_TASK_ID='hello2' AIRFLOW_CTX_EXECUTION_DATE='2024-04-16T02:56:00+00:00' AIRFLOW_CTX_TRY_NUMBER='1' AIRFLOW_CTX_DAG_RUN_ID='scheduled__2024-04-16T02:56:00+00:00'
[2024-04-16T09:39:47.008+0000] {taskinstance.py:430} INFO - ::endgroup::
[2024-04-16T09:39:47.449+0000] {logging_mixin.py:188} INFO - Connection successful
[2024-04-16T09:39:47.901+0000] {logging_mixin.py:188} INFO - Connection successful
[2024-04-16T09:39:48.359+0000] {logging_mixin.py:188} INFO - Connection successful
[2024-04-16T09:39:48.363+0000] {logging_mixin.py:188} INFO - Null Not Found
[2024-04-16T09:39:48.364+0000] {logging_mixin.py:188} INFO - Null Not Found
[2024-04-16T09:39:48.372+0000] {logging_mixin.py:188} INFO - Null Not Found
[2024-04-16T09:39:48.373+0000] {logging_mixin.py:188} INFO - Null Not Found
[2024-04-16T09:39:48.374+0000] {logging_mixin.py:188} INFO - Null Not Found
[2024-04-16T09:39:48.374+0000] {logging_mixin.py:188} INFO - Null Not Found
[2024-04-16T09:39:48.376+0000] {python.py:237} INFO - Done. Returned value was: None
[2024-04-16T09:39:48.376+0000] {taskinstance.py:441} INFO - ::group::Post task execution logs
[2024-04-16T09:39:48.382+0000] {taskinstance.py:1205} INFO - Marking task as SUCCESS. dag_id=spotify_final_dag, task_id=hello2, execution_date=20240416T025600, start_date=20240416T093946, end_date=20240416T093948
[2024-04-16T09:39:48.405+0000] {local_task_job_runner.py:240} INFO - Task exited with return code 0
[2024-04-16T09:39:48.418+0000] {taskinstance.py:3482} INFO - 0 downstream tasks scheduled from follow-on schedule check
[2024-04-16T09:39:48.420+0000] {local_task_job_runner.py:222} INFO - ::endgroup::
[2024-04-16T09:47:38.679+0000] {local_task_job_runner.py:120} INFO - ::group::Pre task execution logs
[2024-04-16T09:47:38.705+0000] {taskinstance.py:2073} INFO - Dependencies all met for dep_context=non-requeueable deps ti=<TaskInstance: spotify_final_dag.hello2 scheduled__2024-04-16T02:56:00+00:00 [queued]>
[2024-04-16T09:47:38.714+0000] {taskinstance.py:2073} INFO - Dependencies all met for dep_context=requeueable deps ti=<TaskInstance: spotify_final_dag.hello2 scheduled__2024-04-16T02:56:00+00:00 [queued]>
[2024-04-16T09:47:38.714+0000] {taskinstance.py:2303} INFO - Starting attempt 1 of 2
[2024-04-16T09:47:38.730+0000] {taskinstance.py:2327} INFO - Executing <Task(PythonOperator): hello2> on 2024-04-16 02:56:00+00:00
[2024-04-16T09:47:38.738+0000] {warnings.py:110} WARNING - /home/***/.local/lib/python3.12/site-packages/***/task/task_runner/standard_task_runner.py:61: DeprecationWarning: This process (pid=4297) is multi-threaded, use of fork() may lead to deadlocks in the child.
  pid = os.fork()

[2024-04-16T09:47:38.740+0000] {standard_task_runner.py:63} INFO - Started process 4321 to run task
[2024-04-16T09:47:38.741+0000] {standard_task_runner.py:90} INFO - Running: ['***', 'tasks', 'run', 'spotify_final_dag', 'hello2', 'scheduled__2024-04-16T02:56:00+00:00', '--job-id', '1128', '--raw', '--subdir', 'DAGS_FOLDER/dag.py', '--cfg-path', '/tmp/tmp4lnnozmq']
[2024-04-16T09:47:38.742+0000] {standard_task_runner.py:91} INFO - Job 1128: Subtask hello2
[2024-04-16T09:47:38.785+0000] {task_command.py:426} INFO - Running <TaskInstance: spotify_final_dag.hello2 scheduled__2024-04-16T02:56:00+00:00 [running]> on host 52651c1f9987
[2024-04-16T09:47:38.882+0000] {taskinstance.py:2644} INFO - Exporting env vars: AIRFLOW_CTX_DAG_OWNER='***' AIRFLOW_CTX_DAG_ID='spotify_final_dag' AIRFLOW_CTX_TASK_ID='hello2' AIRFLOW_CTX_EXECUTION_DATE='2024-04-16T02:56:00+00:00' AIRFLOW_CTX_TRY_NUMBER='1' AIRFLOW_CTX_DAG_RUN_ID='scheduled__2024-04-16T02:56:00+00:00'
[2024-04-16T09:47:38.883+0000] {taskinstance.py:430} INFO - ::endgroup::
[2024-04-16T09:47:39.290+0000] {logging_mixin.py:188} INFO - Connection successful
[2024-04-16T09:47:39.702+0000] {logging_mixin.py:188} INFO - Connection successful
[2024-04-16T09:47:40.076+0000] {logging_mixin.py:188} INFO - Connection successful
[2024-04-16T09:47:40.080+0000] {logging_mixin.py:188} INFO - Null Not Found
[2024-04-16T09:47:40.081+0000] {logging_mixin.py:188} INFO - Null Not Found
[2024-04-16T09:47:40.090+0000] {logging_mixin.py:188} INFO - Null Not Found
[2024-04-16T09:47:40.091+0000] {logging_mixin.py:188} INFO - Null Not Found
[2024-04-16T09:47:40.092+0000] {logging_mixin.py:188} INFO - Null Not Found
[2024-04-16T09:47:40.093+0000] {logging_mixin.py:188} INFO - Null Not Found
[2024-04-16T09:47:40.094+0000] {python.py:237} INFO - Done. Returned value was: None
[2024-04-16T09:47:40.094+0000] {taskinstance.py:441} INFO - ::group::Post task execution logs
[2024-04-16T09:47:40.101+0000] {taskinstance.py:1205} INFO - Marking task as SUCCESS. dag_id=spotify_final_dag, task_id=hello2, execution_date=20240416T025600, start_date=20240416T094738, end_date=20240416T094740
[2024-04-16T09:47:40.119+0000] {local_task_job_runner.py:240} INFO - Task exited with return code 0
[2024-04-16T09:47:40.131+0000] {taskinstance.py:3482} INFO - 0 downstream tasks scheduled from follow-on schedule check
[2024-04-16T09:47:40.133+0000] {local_task_job_runner.py:222} INFO - ::endgroup::
