[2024-04-16T09:40:16.931+0000] {local_task_job_runner.py:120} INFO - ::group::Pre task execution logs
[2024-04-16T09:40:16.960+0000] {taskinstance.py:2073} INFO - Dependencies all met for dep_context=non-requeueable deps ti=<TaskInstance: spotify_final_dag.hello2 scheduled__2024-04-16T03:42:00+00:00 [queued]>
[2024-04-16T09:40:16.975+0000] {taskinstance.py:2073} INFO - Dependencies all met for dep_context=requeueable deps ti=<TaskInstance: spotify_final_dag.hello2 scheduled__2024-04-16T03:42:00+00:00 [queued]>
[2024-04-16T09:40:16.976+0000] {taskinstance.py:2303} INFO - Starting attempt 1 of 2
[2024-04-16T09:40:16.995+0000] {taskinstance.py:2327} INFO - Executing <Task(PythonOperator): hello2> on 2024-04-16 03:42:00+00:00
[2024-04-16T09:40:17.005+0000] {warnings.py:110} WARNING - /home/***/.local/lib/python3.12/site-packages/***/task/task_runner/standard_task_runner.py:61: DeprecationWarning: This process (pid=2532) is multi-threaded, use of fork() may lead to deadlocks in the child.
  pid = os.fork()

[2024-04-16T09:40:17.007+0000] {standard_task_runner.py:63} INFO - Started process 2562 to run task
[2024-04-16T09:40:17.007+0000] {standard_task_runner.py:90} INFO - Running: ['***', 'tasks', 'run', 'spotify_final_dag', 'hello2', 'scheduled__2024-04-16T03:42:00+00:00', '--job-id', '572', '--raw', '--subdir', 'DAGS_FOLDER/dag.py', '--cfg-path', '/tmp/tmpfwcko7sp']
[2024-04-16T09:40:17.009+0000] {standard_task_runner.py:91} INFO - Job 572: Subtask hello2
[2024-04-16T09:40:17.057+0000] {task_command.py:426} INFO - Running <TaskInstance: spotify_final_dag.hello2 scheduled__2024-04-16T03:42:00+00:00 [running]> on host 52651c1f9987
[2024-04-16T09:40:17.161+0000] {taskinstance.py:2644} INFO - Exporting env vars: AIRFLOW_CTX_DAG_OWNER='***' AIRFLOW_CTX_DAG_ID='spotify_final_dag' AIRFLOW_CTX_TASK_ID='hello2' AIRFLOW_CTX_EXECUTION_DATE='2024-04-16T03:42:00+00:00' AIRFLOW_CTX_TRY_NUMBER='1' AIRFLOW_CTX_DAG_RUN_ID='scheduled__2024-04-16T03:42:00+00:00'
[2024-04-16T09:40:17.163+0000] {taskinstance.py:430} INFO - ::endgroup::
[2024-04-16T09:40:17.588+0000] {logging_mixin.py:188} INFO - Connection successful
[2024-04-16T09:40:18.076+0000] {logging_mixin.py:188} INFO - Connection successful
[2024-04-16T09:40:18.516+0000] {logging_mixin.py:188} INFO - Connection successful
[2024-04-16T09:40:18.520+0000] {logging_mixin.py:188} INFO - Null Not Found
[2024-04-16T09:40:18.521+0000] {logging_mixin.py:188} INFO - Null Not Found
[2024-04-16T09:40:18.530+0000] {logging_mixin.py:188} INFO - Null Not Found
[2024-04-16T09:40:18.530+0000] {logging_mixin.py:188} INFO - Null Not Found
[2024-04-16T09:40:18.532+0000] {logging_mixin.py:188} INFO - Null Not Found
[2024-04-16T09:40:18.532+0000] {logging_mixin.py:188} INFO - Null Not Found
[2024-04-16T09:40:18.534+0000] {python.py:237} INFO - Done. Returned value was: None
[2024-04-16T09:40:18.534+0000] {taskinstance.py:441} INFO - ::group::Post task execution logs
[2024-04-16T09:40:18.543+0000] {taskinstance.py:1205} INFO - Marking task as SUCCESS. dag_id=spotify_final_dag, task_id=hello2, execution_date=20240416T034200, start_date=20240416T094016, end_date=20240416T094018
[2024-04-16T09:40:18.587+0000] {local_task_job_runner.py:240} INFO - Task exited with return code 0
[2024-04-16T09:40:18.603+0000] {taskinstance.py:3482} INFO - 0 downstream tasks scheduled from follow-on schedule check
[2024-04-16T09:40:18.606+0000] {local_task_job_runner.py:222} INFO - ::endgroup::
[2024-04-16T09:47:51.770+0000] {local_task_job_runner.py:120} INFO - ::group::Pre task execution logs
[2024-04-16T09:47:51.784+0000] {taskinstance.py:2073} INFO - Dependencies all met for dep_context=non-requeueable deps ti=<TaskInstance: spotify_final_dag.hello2 scheduled__2024-04-16T03:42:00+00:00 [queued]>
[2024-04-16T09:47:51.789+0000] {taskinstance.py:2073} INFO - Dependencies all met for dep_context=requeueable deps ti=<TaskInstance: spotify_final_dag.hello2 scheduled__2024-04-16T03:42:00+00:00 [queued]>
[2024-04-16T09:47:51.789+0000] {taskinstance.py:2303} INFO - Starting attempt 1 of 2
[2024-04-16T09:47:51.798+0000] {taskinstance.py:2327} INFO - Executing <Task(PythonOperator): hello2> on 2024-04-16 03:42:00+00:00
[2024-04-16T09:47:51.804+0000] {warnings.py:110} WARNING - /home/***/.local/lib/python3.12/site-packages/***/task/task_runner/standard_task_runner.py:61: DeprecationWarning: This process (pid=4434) is multi-threaded, use of fork() may lead to deadlocks in the child.
  pid = os.fork()

[2024-04-16T09:47:51.805+0000] {standard_task_runner.py:63} INFO - Started process 4436 to run task
[2024-04-16T09:47:51.805+0000] {standard_task_runner.py:90} INFO - Running: ['***', 'tasks', 'run', 'spotify_final_dag', 'hello2', 'scheduled__2024-04-16T03:42:00+00:00', '--job-id', '1168', '--raw', '--subdir', 'DAGS_FOLDER/dag.py', '--cfg-path', '/tmp/tmp5llvdy63']
[2024-04-16T09:47:51.806+0000] {standard_task_runner.py:91} INFO - Job 1168: Subtask hello2
[2024-04-16T09:47:51.838+0000] {task_command.py:426} INFO - Running <TaskInstance: spotify_final_dag.hello2 scheduled__2024-04-16T03:42:00+00:00 [running]> on host 52651c1f9987
[2024-04-16T09:47:51.902+0000] {taskinstance.py:2644} INFO - Exporting env vars: AIRFLOW_CTX_DAG_OWNER='***' AIRFLOW_CTX_DAG_ID='spotify_final_dag' AIRFLOW_CTX_TASK_ID='hello2' AIRFLOW_CTX_EXECUTION_DATE='2024-04-16T03:42:00+00:00' AIRFLOW_CTX_TRY_NUMBER='1' AIRFLOW_CTX_DAG_RUN_ID='scheduled__2024-04-16T03:42:00+00:00'
[2024-04-16T09:47:51.904+0000] {taskinstance.py:430} INFO - ::endgroup::
[2024-04-16T09:47:52.319+0000] {logging_mixin.py:188} INFO - Connection successful
[2024-04-16T09:47:52.729+0000] {logging_mixin.py:188} INFO - Connection successful
[2024-04-16T09:47:53.182+0000] {logging_mixin.py:188} INFO - Connection successful
[2024-04-16T09:47:53.186+0000] {logging_mixin.py:188} INFO - Null Not Found
[2024-04-16T09:47:53.187+0000] {logging_mixin.py:188} INFO - Null Not Found
[2024-04-16T09:47:53.196+0000] {logging_mixin.py:188} INFO - Null Not Found
[2024-04-16T09:47:53.196+0000] {logging_mixin.py:188} INFO - Null Not Found
[2024-04-16T09:47:53.197+0000] {logging_mixin.py:188} INFO - Null Not Found
[2024-04-16T09:47:53.198+0000] {logging_mixin.py:188} INFO - Null Not Found
[2024-04-16T09:47:53.199+0000] {python.py:237} INFO - Done. Returned value was: None
[2024-04-16T09:47:53.199+0000] {taskinstance.py:441} INFO - ::group::Post task execution logs
[2024-04-16T09:47:53.206+0000] {taskinstance.py:1205} INFO - Marking task as SUCCESS. dag_id=spotify_final_dag, task_id=hello2, execution_date=20240416T034200, start_date=20240416T094751, end_date=20240416T094753
[2024-04-16T09:47:53.226+0000] {local_task_job_runner.py:240} INFO - Task exited with return code 0
[2024-04-16T09:47:53.237+0000] {taskinstance.py:3482} INFO - 0 downstream tasks scheduled from follow-on schedule check
[2024-04-16T09:47:53.239+0000] {local_task_job_runner.py:222} INFO - ::endgroup::
