[2024-04-16T09:41:46.545+0000] {local_task_job_runner.py:120} INFO - ::group::Pre task execution logs
[2024-04-16T09:41:46.567+0000] {taskinstance.py:2073} INFO - Dependencies all met for dep_context=non-requeueable deps ti=<TaskInstance: spotify_final_dag.hello2 scheduled__2024-04-16T06:06:00+00:00 [queued]>
[2024-04-16T09:41:46.578+0000] {taskinstance.py:2073} INFO - Dependencies all met for dep_context=requeueable deps ti=<TaskInstance: spotify_final_dag.hello2 scheduled__2024-04-16T06:06:00+00:00 [queued]>
[2024-04-16T09:41:46.579+0000] {taskinstance.py:2303} INFO - Starting attempt 1 of 2
[2024-04-16T09:41:46.595+0000] {taskinstance.py:2327} INFO - Executing <Task(PythonOperator): hello2> on 2024-04-16 06:06:00+00:00
[2024-04-16T09:41:46.606+0000] {warnings.py:110} WARNING - /home/***/.local/lib/python3.12/site-packages/***/task/task_runner/standard_task_runner.py:61: DeprecationWarning: This process (pid=3400) is multi-threaded, use of fork() may lead to deadlocks in the child.
  pid = os.fork()

[2024-04-16T09:41:46.608+0000] {standard_task_runner.py:63} INFO - Started process 3428 to run task
[2024-04-16T09:41:46.607+0000] {standard_task_runner.py:90} INFO - Running: ['***', 'tasks', 'run', 'spotify_final_dag', 'hello2', 'scheduled__2024-04-16T06:06:00+00:00', '--job-id', '857', '--raw', '--subdir', 'DAGS_FOLDER/dag.py', '--cfg-path', '/tmp/tmpyim1bmy4']
[2024-04-16T09:41:46.609+0000] {standard_task_runner.py:91} INFO - Job 857: Subtask hello2
[2024-04-16T09:41:46.652+0000] {task_command.py:426} INFO - Running <TaskInstance: spotify_final_dag.hello2 scheduled__2024-04-16T06:06:00+00:00 [running]> on host 52651c1f9987
[2024-04-16T09:41:46.746+0000] {taskinstance.py:2644} INFO - Exporting env vars: AIRFLOW_CTX_DAG_OWNER='***' AIRFLOW_CTX_DAG_ID='spotify_final_dag' AIRFLOW_CTX_TASK_ID='hello2' AIRFLOW_CTX_EXECUTION_DATE='2024-04-16T06:06:00+00:00' AIRFLOW_CTX_TRY_NUMBER='1' AIRFLOW_CTX_DAG_RUN_ID='scheduled__2024-04-16T06:06:00+00:00'
[2024-04-16T09:41:46.747+0000] {taskinstance.py:430} INFO - ::endgroup::
[2024-04-16T09:41:47.185+0000] {logging_mixin.py:188} INFO - Connection successful
[2024-04-16T09:41:47.601+0000] {logging_mixin.py:188} INFO - Connection successful
[2024-04-16T09:41:48.075+0000] {logging_mixin.py:188} INFO - Connection successful
[2024-04-16T09:41:48.079+0000] {logging_mixin.py:188} INFO - Null Not Found
[2024-04-16T09:41:48.080+0000] {logging_mixin.py:188} INFO - Null Not Found
[2024-04-16T09:41:48.089+0000] {logging_mixin.py:188} INFO - Null Not Found
[2024-04-16T09:41:48.090+0000] {logging_mixin.py:188} INFO - Null Not Found
[2024-04-16T09:41:48.091+0000] {logging_mixin.py:188} INFO - Null Not Found
[2024-04-16T09:41:48.091+0000] {logging_mixin.py:188} INFO - Null Not Found
[2024-04-16T09:41:48.093+0000] {python.py:237} INFO - Done. Returned value was: None
[2024-04-16T09:41:48.093+0000] {taskinstance.py:441} INFO - ::group::Post task execution logs
[2024-04-16T09:41:48.101+0000] {taskinstance.py:1205} INFO - Marking task as SUCCESS. dag_id=spotify_final_dag, task_id=hello2, execution_date=20240416T060600, start_date=20240416T094146, end_date=20240416T094148
[2024-04-16T09:41:48.146+0000] {local_task_job_runner.py:240} INFO - Task exited with return code 0
[2024-04-16T09:41:48.161+0000] {taskinstance.py:3482} INFO - 0 downstream tasks scheduled from follow-on schedule check
[2024-04-16T09:41:48.163+0000] {local_task_job_runner.py:222} INFO - ::endgroup::
[2024-04-16T09:48:39.391+0000] {local_task_job_runner.py:120} INFO - ::group::Pre task execution logs
[2024-04-16T09:48:39.412+0000] {taskinstance.py:2073} INFO - Dependencies all met for dep_context=non-requeueable deps ti=<TaskInstance: spotify_final_dag.hello2 scheduled__2024-04-16T06:06:00+00:00 [queued]>
[2024-04-16T09:48:39.419+0000] {taskinstance.py:2073} INFO - Dependencies all met for dep_context=requeueable deps ti=<TaskInstance: spotify_final_dag.hello2 scheduled__2024-04-16T06:06:00+00:00 [queued]>
[2024-04-16T09:48:39.419+0000] {taskinstance.py:2303} INFO - Starting attempt 1 of 2
[2024-04-16T09:48:39.493+0000] {taskinstance.py:2327} INFO - Executing <Task(PythonOperator): hello2> on 2024-04-16 06:06:00+00:00
[2024-04-16T09:48:39.502+0000] {warnings.py:110} WARNING - /home/***/.local/lib/python3.12/site-packages/***/task/task_runner/standard_task_runner.py:61: DeprecationWarning: This process (pid=4882) is multi-threaded, use of fork() may lead to deadlocks in the child.
  pid = os.fork()

[2024-04-16T09:48:39.504+0000] {standard_task_runner.py:63} INFO - Started process 4909 to run task
[2024-04-16T09:48:39.504+0000] {standard_task_runner.py:90} INFO - Running: ['***', 'tasks', 'run', 'spotify_final_dag', 'hello2', 'scheduled__2024-04-16T06:06:00+00:00', '--job-id', '1320', '--raw', '--subdir', 'DAGS_FOLDER/dag.py', '--cfg-path', '/tmp/tmpy1y8e8_2']
[2024-04-16T09:48:39.505+0000] {standard_task_runner.py:91} INFO - Job 1320: Subtask hello2
[2024-04-16T09:48:39.550+0000] {task_command.py:426} INFO - Running <TaskInstance: spotify_final_dag.hello2 scheduled__2024-04-16T06:06:00+00:00 [running]> on host 52651c1f9987
[2024-04-16T09:48:39.639+0000] {taskinstance.py:2644} INFO - Exporting env vars: AIRFLOW_CTX_DAG_OWNER='***' AIRFLOW_CTX_DAG_ID='spotify_final_dag' AIRFLOW_CTX_TASK_ID='hello2' AIRFLOW_CTX_EXECUTION_DATE='2024-04-16T06:06:00+00:00' AIRFLOW_CTX_TRY_NUMBER='1' AIRFLOW_CTX_DAG_RUN_ID='scheduled__2024-04-16T06:06:00+00:00'
[2024-04-16T09:48:39.641+0000] {taskinstance.py:430} INFO - ::endgroup::
[2024-04-16T09:48:40.078+0000] {logging_mixin.py:188} INFO - Connection successful
[2024-04-16T09:48:40.502+0000] {logging_mixin.py:188} INFO - Connection successful
[2024-04-16T09:48:40.895+0000] {logging_mixin.py:188} INFO - Connection successful
[2024-04-16T09:48:40.898+0000] {logging_mixin.py:188} INFO - Null Not Found
[2024-04-16T09:48:40.899+0000] {logging_mixin.py:188} INFO - Null Not Found
[2024-04-16T09:48:40.907+0000] {logging_mixin.py:188} INFO - Null Not Found
[2024-04-16T09:48:40.908+0000] {logging_mixin.py:188} INFO - Null Not Found
[2024-04-16T09:48:40.909+0000] {logging_mixin.py:188} INFO - Null Not Found
[2024-04-16T09:48:40.909+0000] {logging_mixin.py:188} INFO - Null Not Found
[2024-04-16T09:48:40.910+0000] {python.py:237} INFO - Done. Returned value was: None
[2024-04-16T09:48:40.911+0000] {taskinstance.py:441} INFO - ::group::Post task execution logs
[2024-04-16T09:48:40.918+0000] {taskinstance.py:1205} INFO - Marking task as SUCCESS. dag_id=spotify_final_dag, task_id=hello2, execution_date=20240416T060600, start_date=20240416T094839, end_date=20240416T094840
[2024-04-16T09:48:40.961+0000] {local_task_job_runner.py:240} INFO - Task exited with return code 0
[2024-04-16T09:48:40.975+0000] {taskinstance.py:3482} INFO - 0 downstream tasks scheduled from follow-on schedule check
[2024-04-16T09:48:40.977+0000] {local_task_job_runner.py:222} INFO - ::endgroup::
