[2024-04-16T09:41:05.279+0000] {local_task_job_runner.py:120} INFO - ::group::Pre task execution logs
[2024-04-16T09:41:05.305+0000] {taskinstance.py:2073} INFO - Dependencies all met for dep_context=non-requeueable deps ti=<TaskInstance: spotify_final_dag.hello2 scheduled__2024-04-16T04:56:00+00:00 [queued]>
[2024-04-16T09:41:05.317+0000] {taskinstance.py:2073} INFO - Dependencies all met for dep_context=requeueable deps ti=<TaskInstance: spotify_final_dag.hello2 scheduled__2024-04-16T04:56:00+00:00 [queued]>
[2024-04-16T09:41:05.318+0000] {taskinstance.py:2303} INFO - Starting attempt 1 of 2
[2024-04-16T09:41:05.337+0000] {taskinstance.py:2327} INFO - Executing <Task(PythonOperator): hello2> on 2024-04-16 04:56:00+00:00
[2024-04-16T09:41:05.349+0000] {warnings.py:110} WARNING - /home/***/.local/lib/python3.12/site-packages/***/task/task_runner/standard_task_runner.py:61: DeprecationWarning: This process (pid=2989) is multi-threaded, use of fork() may lead to deadlocks in the child.
  pid = os.fork()

[2024-04-16T09:41:05.351+0000] {standard_task_runner.py:63} INFO - Started process 3019 to run task
[2024-04-16T09:41:05.351+0000] {standard_task_runner.py:90} INFO - Running: ['***', 'tasks', 'run', 'spotify_final_dag', 'hello2', 'scheduled__2024-04-16T04:56:00+00:00', '--job-id', '719', '--raw', '--subdir', 'DAGS_FOLDER/dag.py', '--cfg-path', '/tmp/tmp89ygt6cn']
[2024-04-16T09:41:05.354+0000] {standard_task_runner.py:91} INFO - Job 719: Subtask hello2
[2024-04-16T09:41:05.421+0000] {task_command.py:426} INFO - Running <TaskInstance: spotify_final_dag.hello2 scheduled__2024-04-16T04:56:00+00:00 [running]> on host 52651c1f9987
[2024-04-16T09:41:05.542+0000] {taskinstance.py:2644} INFO - Exporting env vars: AIRFLOW_CTX_DAG_OWNER='***' AIRFLOW_CTX_DAG_ID='spotify_final_dag' AIRFLOW_CTX_TASK_ID='hello2' AIRFLOW_CTX_EXECUTION_DATE='2024-04-16T04:56:00+00:00' AIRFLOW_CTX_TRY_NUMBER='1' AIRFLOW_CTX_DAG_RUN_ID='scheduled__2024-04-16T04:56:00+00:00'
[2024-04-16T09:41:05.544+0000] {taskinstance.py:430} INFO - ::endgroup::
[2024-04-16T09:41:06.039+0000] {logging_mixin.py:188} INFO - Connection successful
[2024-04-16T09:41:06.519+0000] {logging_mixin.py:188} INFO - Connection successful
[2024-04-16T09:41:07.009+0000] {logging_mixin.py:188} INFO - Connection successful
[2024-04-16T09:41:07.014+0000] {logging_mixin.py:188} INFO - Null Not Found
[2024-04-16T09:41:07.017+0000] {logging_mixin.py:188} INFO - Null Not Found
[2024-04-16T09:41:07.028+0000] {logging_mixin.py:188} INFO - Null Not Found
[2024-04-16T09:41:07.029+0000] {logging_mixin.py:188} INFO - Null Not Found
[2024-04-16T09:41:07.030+0000] {logging_mixin.py:188} INFO - Null Not Found
[2024-04-16T09:41:07.031+0000] {logging_mixin.py:188} INFO - Null Not Found
[2024-04-16T09:41:07.033+0000] {python.py:237} INFO - Done. Returned value was: None
[2024-04-16T09:41:07.034+0000] {taskinstance.py:441} INFO - ::group::Post task execution logs
[2024-04-16T09:41:07.043+0000] {taskinstance.py:1205} INFO - Marking task as SUCCESS. dag_id=spotify_final_dag, task_id=hello2, execution_date=20240416T045600, start_date=20240416T094105, end_date=20240416T094107
[2024-04-16T09:41:07.100+0000] {local_task_job_runner.py:240} INFO - Task exited with return code 0
[2024-04-16T09:41:07.113+0000] {taskinstance.py:3482} INFO - 0 downstream tasks scheduled from follow-on schedule check
[2024-04-16T09:41:07.115+0000] {local_task_job_runner.py:222} INFO - ::endgroup::
[2024-04-16T09:48:19.308+0000] {local_task_job_runner.py:120} INFO - ::group::Pre task execution logs
[2024-04-16T09:48:19.336+0000] {taskinstance.py:2073} INFO - Dependencies all met for dep_context=non-requeueable deps ti=<TaskInstance: spotify_final_dag.hello2 scheduled__2024-04-16T04:56:00+00:00 [queued]>
[2024-04-16T09:48:19.353+0000] {taskinstance.py:2073} INFO - Dependencies all met for dep_context=requeueable deps ti=<TaskInstance: spotify_final_dag.hello2 scheduled__2024-04-16T04:56:00+00:00 [queued]>
[2024-04-16T09:48:19.354+0000] {taskinstance.py:2303} INFO - Starting attempt 1 of 2
[2024-04-16T09:48:19.375+0000] {taskinstance.py:2327} INFO - Executing <Task(PythonOperator): hello2> on 2024-04-16 04:56:00+00:00
[2024-04-16T09:48:19.385+0000] {warnings.py:110} WARNING - /home/***/.local/lib/python3.12/site-packages/***/task/task_runner/standard_task_runner.py:61: DeprecationWarning: This process (pid=4687) is multi-threaded, use of fork() may lead to deadlocks in the child.
  pid = os.fork()

[2024-04-16T09:48:19.387+0000] {standard_task_runner.py:63} INFO - Started process 4714 to run task
[2024-04-16T09:48:19.387+0000] {standard_task_runner.py:90} INFO - Running: ['***', 'tasks', 'run', 'spotify_final_dag', 'hello2', 'scheduled__2024-04-16T04:56:00+00:00', '--job-id', '1253', '--raw', '--subdir', 'DAGS_FOLDER/dag.py', '--cfg-path', '/tmp/tmpm1c3fmot']
[2024-04-16T09:48:19.389+0000] {standard_task_runner.py:91} INFO - Job 1253: Subtask hello2
[2024-04-16T09:48:19.441+0000] {task_command.py:426} INFO - Running <TaskInstance: spotify_final_dag.hello2 scheduled__2024-04-16T04:56:00+00:00 [running]> on host 52651c1f9987
[2024-04-16T09:48:19.540+0000] {taskinstance.py:2644} INFO - Exporting env vars: AIRFLOW_CTX_DAG_OWNER='***' AIRFLOW_CTX_DAG_ID='spotify_final_dag' AIRFLOW_CTX_TASK_ID='hello2' AIRFLOW_CTX_EXECUTION_DATE='2024-04-16T04:56:00+00:00' AIRFLOW_CTX_TRY_NUMBER='1' AIRFLOW_CTX_DAG_RUN_ID='scheduled__2024-04-16T04:56:00+00:00'
[2024-04-16T09:48:19.542+0000] {taskinstance.py:430} INFO - ::endgroup::
[2024-04-16T09:48:19.986+0000] {logging_mixin.py:188} INFO - Connection successful
[2024-04-16T09:48:20.421+0000] {logging_mixin.py:188} INFO - Connection successful
[2024-04-16T09:48:20.802+0000] {logging_mixin.py:188} INFO - Connection successful
[2024-04-16T09:48:20.806+0000] {logging_mixin.py:188} INFO - Null Not Found
[2024-04-16T09:48:20.807+0000] {logging_mixin.py:188} INFO - Null Not Found
[2024-04-16T09:48:20.816+0000] {logging_mixin.py:188} INFO - Null Not Found
[2024-04-16T09:48:20.816+0000] {logging_mixin.py:188} INFO - Null Not Found
[2024-04-16T09:48:20.817+0000] {logging_mixin.py:188} INFO - Null Not Found
[2024-04-16T09:48:20.818+0000] {logging_mixin.py:188} INFO - Null Not Found
[2024-04-16T09:48:20.819+0000] {python.py:237} INFO - Done. Returned value was: None
[2024-04-16T09:48:20.819+0000] {taskinstance.py:441} INFO - ::group::Post task execution logs
[2024-04-16T09:48:20.827+0000] {taskinstance.py:1205} INFO - Marking task as SUCCESS. dag_id=spotify_final_dag, task_id=hello2, execution_date=20240416T045600, start_date=20240416T094819, end_date=20240416T094820
[2024-04-16T09:48:20.885+0000] {local_task_job_runner.py:240} INFO - Task exited with return code 0
[2024-04-16T09:48:20.898+0000] {taskinstance.py:3482} INFO - 0 downstream tasks scheduled from follow-on schedule check
[2024-04-16T09:48:20.900+0000] {local_task_job_runner.py:222} INFO - ::endgroup::
