[2024-04-17T07:29:27.054+0000] {local_task_job_runner.py:120} INFO - ::group::Pre task execution logs
[2024-04-17T07:29:27.071+0000] {taskinstance.py:2073} INFO - Dependencies all met for dep_context=non-requeueable deps ti=<TaskInstance: etl_for_spotify.hello2 scheduled__2024-04-16T00:46:00+00:00 [queued]>
[2024-04-17T07:29:27.078+0000] {taskinstance.py:2073} INFO - Dependencies all met for dep_context=requeueable deps ti=<TaskInstance: etl_for_spotify.hello2 scheduled__2024-04-16T00:46:00+00:00 [queued]>
[2024-04-17T07:29:27.078+0000] {taskinstance.py:2303} INFO - Starting attempt 1 of 2
[2024-04-17T07:29:27.090+0000] {taskinstance.py:2327} INFO - Executing <Task(PythonOperator): hello2> on 2024-04-16 00:46:00+00:00
[2024-04-17T07:29:27.096+0000] {warnings.py:110} WARNING - /home/***/.local/lib/python3.12/site-packages/***/task/task_runner/standard_task_runner.py:61: DeprecationWarning: This process (pid=5528) is multi-threaded, use of fork() may lead to deadlocks in the child.
  pid = os.fork()

[2024-04-17T07:29:27.098+0000] {standard_task_runner.py:63} INFO - Started process 5551 to run task
[2024-04-17T07:29:27.098+0000] {standard_task_runner.py:90} INFO - Running: ['***', 'tasks', 'run', 'etl_for_spotify', 'hello2', 'scheduled__2024-04-16T00:46:00+00:00', '--job-id', '2825', '--raw', '--subdir', 'DAGS_FOLDER/dag.py', '--cfg-path', '/tmp/tmpgxutlhqb']
[2024-04-17T07:29:27.099+0000] {standard_task_runner.py:91} INFO - Job 2825: Subtask hello2
[2024-04-17T07:29:27.134+0000] {task_command.py:426} INFO - Running <TaskInstance: etl_for_spotify.hello2 scheduled__2024-04-16T00:46:00+00:00 [running]> on host 52651c1f9987
[2024-04-17T07:29:27.213+0000] {taskinstance.py:2644} INFO - Exporting env vars: AIRFLOW_CTX_DAG_OWNER='***' AIRFLOW_CTX_DAG_ID='etl_for_spotify' AIRFLOW_CTX_TASK_ID='hello2' AIRFLOW_CTX_EXECUTION_DATE='2024-04-16T00:46:00+00:00' AIRFLOW_CTX_TRY_NUMBER='1' AIRFLOW_CTX_DAG_RUN_ID='scheduled__2024-04-16T00:46:00+00:00'
[2024-04-17T07:29:27.214+0000] {taskinstance.py:430} INFO - ::endgroup::
[2024-04-17T07:29:27.674+0000] {logging_mixin.py:188} INFO - Connection successful
[2024-04-17T07:29:28.175+0000] {logging_mixin.py:188} INFO - Connection successful
[2024-04-17T07:29:28.569+0000] {logging_mixin.py:188} INFO - Connection successful
[2024-04-17T07:29:28.573+0000] {logging_mixin.py:188} INFO - Null Not Found
[2024-04-17T07:29:28.574+0000] {logging_mixin.py:188} INFO - Null Not Found
[2024-04-17T07:29:28.582+0000] {logging_mixin.py:188} INFO - Null Not Found
[2024-04-17T07:29:28.583+0000] {logging_mixin.py:188} INFO - Null Not Found
[2024-04-17T07:29:28.584+0000] {logging_mixin.py:188} INFO - Null Not Found
[2024-04-17T07:29:28.584+0000] {logging_mixin.py:188} INFO - Null Not Found
[2024-04-17T07:29:28.585+0000] {python.py:237} INFO - Done. Returned value was: None
[2024-04-17T07:29:28.586+0000] {taskinstance.py:441} INFO - ::group::Post task execution logs
[2024-04-17T07:29:28.593+0000] {taskinstance.py:1205} INFO - Marking task as SUCCESS. dag_id=etl_for_spotify, task_id=hello2, execution_date=20240416T004600, start_date=20240417T072927, end_date=20240417T072928
[2024-04-17T07:29:28.635+0000] {local_task_job_runner.py:240} INFO - Task exited with return code 0
[2024-04-17T07:29:28.648+0000] {taskinstance.py:3482} INFO - 0 downstream tasks scheduled from follow-on schedule check
[2024-04-17T07:29:28.650+0000] {local_task_job_runner.py:222} INFO - ::endgroup::
