[2024-04-16T09:40:08.406+0000] {local_task_job_runner.py:120} INFO - ::group::Pre task execution logs
[2024-04-16T09:40:08.424+0000] {taskinstance.py:2073} INFO - Dependencies all met for dep_context=non-requeueable deps ti=<TaskInstance: spotify_final_dag.hello2 scheduled__2024-04-16T03:36:00+00:00 [queued]>
[2024-04-16T09:40:08.432+0000] {taskinstance.py:2073} INFO - Dependencies all met for dep_context=requeueable deps ti=<TaskInstance: spotify_final_dag.hello2 scheduled__2024-04-16T03:36:00+00:00 [queued]>
[2024-04-16T09:40:08.432+0000] {taskinstance.py:2303} INFO - Starting attempt 1 of 2
[2024-04-16T09:40:08.467+0000] {taskinstance.py:2327} INFO - Executing <Task(PythonOperator): hello2> on 2024-04-16 03:36:00+00:00
[2024-04-16T09:40:08.474+0000] {warnings.py:110} WARNING - /home/***/.local/lib/python3.12/site-packages/***/task/task_runner/standard_task_runner.py:61: DeprecationWarning: This process (pid=2463) is multi-threaded, use of fork() may lead to deadlocks in the child.
  pid = os.fork()

[2024-04-16T09:40:08.475+0000] {standard_task_runner.py:63} INFO - Started process 2474 to run task
[2024-04-16T09:40:08.475+0000] {standard_task_runner.py:90} INFO - Running: ['***', 'tasks', 'run', 'spotify_final_dag', 'hello2', 'scheduled__2024-04-16T03:36:00+00:00', '--job-id', '549', '--raw', '--subdir', 'DAGS_FOLDER/dag.py', '--cfg-path', '/tmp/tmp_qjtlm9r']
[2024-04-16T09:40:08.476+0000] {standard_task_runner.py:91} INFO - Job 549: Subtask hello2
[2024-04-16T09:40:08.510+0000] {task_command.py:426} INFO - Running <TaskInstance: spotify_final_dag.hello2 scheduled__2024-04-16T03:36:00+00:00 [running]> on host 52651c1f9987
[2024-04-16T09:40:08.585+0000] {taskinstance.py:2644} INFO - Exporting env vars: AIRFLOW_CTX_DAG_OWNER='***' AIRFLOW_CTX_DAG_ID='spotify_final_dag' AIRFLOW_CTX_TASK_ID='hello2' AIRFLOW_CTX_EXECUTION_DATE='2024-04-16T03:36:00+00:00' AIRFLOW_CTX_TRY_NUMBER='1' AIRFLOW_CTX_DAG_RUN_ID='scheduled__2024-04-16T03:36:00+00:00'
[2024-04-16T09:40:08.587+0000] {taskinstance.py:430} INFO - ::endgroup::
[2024-04-16T09:40:09.022+0000] {logging_mixin.py:188} INFO - Connection successful
[2024-04-16T09:40:09.459+0000] {logging_mixin.py:188} INFO - Connection successful
[2024-04-16T09:40:09.851+0000] {logging_mixin.py:188} INFO - Connection successful
[2024-04-16T09:40:09.855+0000] {logging_mixin.py:188} INFO - Null Not Found
[2024-04-16T09:40:09.856+0000] {logging_mixin.py:188} INFO - Null Not Found
[2024-04-16T09:40:09.864+0000] {logging_mixin.py:188} INFO - Null Not Found
[2024-04-16T09:40:09.864+0000] {logging_mixin.py:188} INFO - Null Not Found
[2024-04-16T09:40:09.865+0000] {logging_mixin.py:188} INFO - Null Not Found
[2024-04-16T09:40:09.866+0000] {logging_mixin.py:188} INFO - Null Not Found
[2024-04-16T09:40:09.867+0000] {python.py:237} INFO - Done. Returned value was: None
[2024-04-16T09:40:09.867+0000] {taskinstance.py:441} INFO - ::group::Post task execution logs
[2024-04-16T09:40:09.874+0000] {taskinstance.py:1205} INFO - Marking task as SUCCESS. dag_id=spotify_final_dag, task_id=hello2, execution_date=20240416T033600, start_date=20240416T094008, end_date=20240416T094009
[2024-04-16T09:40:09.893+0000] {local_task_job_runner.py:240} INFO - Task exited with return code 0
[2024-04-16T09:40:09.907+0000] {taskinstance.py:3482} INFO - 0 downstream tasks scheduled from follow-on schedule check
[2024-04-16T09:40:09.909+0000] {local_task_job_runner.py:222} INFO - ::endgroup::
[2024-04-16T09:47:50.293+0000] {local_task_job_runner.py:120} INFO - ::group::Pre task execution logs
[2024-04-16T09:47:50.308+0000] {taskinstance.py:2073} INFO - Dependencies all met for dep_context=non-requeueable deps ti=<TaskInstance: spotify_final_dag.hello2 scheduled__2024-04-16T03:36:00+00:00 [queued]>
[2024-04-16T09:47:50.317+0000] {taskinstance.py:2073} INFO - Dependencies all met for dep_context=requeueable deps ti=<TaskInstance: spotify_final_dag.hello2 scheduled__2024-04-16T03:36:00+00:00 [queued]>
[2024-04-16T09:47:50.317+0000] {taskinstance.py:2303} INFO - Starting attempt 1 of 2
[2024-04-16T09:47:50.328+0000] {taskinstance.py:2327} INFO - Executing <Task(PythonOperator): hello2> on 2024-04-16 03:36:00+00:00
[2024-04-16T09:47:50.334+0000] {warnings.py:110} WARNING - /home/***/.local/lib/python3.12/site-packages/***/task/task_runner/standard_task_runner.py:61: DeprecationWarning: This process (pid=4416) is multi-threaded, use of fork() may lead to deadlocks in the child.
  pid = os.fork()

[2024-04-16T09:47:50.336+0000] {standard_task_runner.py:63} INFO - Started process 4431 to run task
[2024-04-16T09:47:50.336+0000] {standard_task_runner.py:90} INFO - Running: ['***', 'tasks', 'run', 'spotify_final_dag', 'hello2', 'scheduled__2024-04-16T03:36:00+00:00', '--job-id', '1165', '--raw', '--subdir', 'DAGS_FOLDER/dag.py', '--cfg-path', '/tmp/tmpt3n3kmrj']
[2024-04-16T09:47:50.337+0000] {standard_task_runner.py:91} INFO - Job 1165: Subtask hello2
[2024-04-16T09:47:50.370+0000] {task_command.py:426} INFO - Running <TaskInstance: spotify_final_dag.hello2 scheduled__2024-04-16T03:36:00+00:00 [running]> on host 52651c1f9987
[2024-04-16T09:47:50.443+0000] {taskinstance.py:2644} INFO - Exporting env vars: AIRFLOW_CTX_DAG_OWNER='***' AIRFLOW_CTX_DAG_ID='spotify_final_dag' AIRFLOW_CTX_TASK_ID='hello2' AIRFLOW_CTX_EXECUTION_DATE='2024-04-16T03:36:00+00:00' AIRFLOW_CTX_TRY_NUMBER='1' AIRFLOW_CTX_DAG_RUN_ID='scheduled__2024-04-16T03:36:00+00:00'
[2024-04-16T09:47:50.444+0000] {taskinstance.py:430} INFO - ::endgroup::
[2024-04-16T09:47:50.823+0000] {logging_mixin.py:188} INFO - Connection successful
[2024-04-16T09:47:51.238+0000] {logging_mixin.py:188} INFO - Connection successful
[2024-04-16T09:47:51.667+0000] {logging_mixin.py:188} INFO - Connection successful
[2024-04-16T09:47:51.671+0000] {logging_mixin.py:188} INFO - Null Not Found
[2024-04-16T09:47:51.672+0000] {logging_mixin.py:188} INFO - Null Not Found
[2024-04-16T09:47:51.679+0000] {logging_mixin.py:188} INFO - Null Not Found
[2024-04-16T09:47:51.680+0000] {logging_mixin.py:188} INFO - Null Not Found
[2024-04-16T09:47:51.681+0000] {logging_mixin.py:188} INFO - Null Not Found
[2024-04-16T09:47:51.682+0000] {logging_mixin.py:188} INFO - Null Not Found
[2024-04-16T09:47:51.683+0000] {python.py:237} INFO - Done. Returned value was: None
[2024-04-16T09:47:51.683+0000] {taskinstance.py:441} INFO - ::group::Post task execution logs
[2024-04-16T09:47:51.691+0000] {taskinstance.py:1205} INFO - Marking task as SUCCESS. dag_id=spotify_final_dag, task_id=hello2, execution_date=20240416T033600, start_date=20240416T094750, end_date=20240416T094751
[2024-04-16T09:47:51.713+0000] {local_task_job_runner.py:240} INFO - Task exited with return code 0
[2024-04-16T09:47:51.726+0000] {taskinstance.py:3482} INFO - 0 downstream tasks scheduled from follow-on schedule check
[2024-04-16T09:47:51.727+0000] {local_task_job_runner.py:222} INFO - ::endgroup::
