[2024-04-17T05:27:21.919+0000] {local_task_job_runner.py:120} INFO - ::group::Pre task execution logs
[2024-04-17T05:27:21.936+0000] {taskinstance.py:2073} INFO - Dependencies all met for dep_context=non-requeueable deps ti=<TaskInstance: spotify_final_dag.hello2 scheduled__2024-04-16T22:32:00+00:00 [queued]>
[2024-04-17T05:27:21.943+0000] {taskinstance.py:2073} INFO - Dependencies all met for dep_context=requeueable deps ti=<TaskInstance: spotify_final_dag.hello2 scheduled__2024-04-16T22:32:00+00:00 [queued]>
[2024-04-17T05:27:21.944+0000] {taskinstance.py:2303} INFO - Starting attempt 1 of 2
[2024-04-17T05:27:21.954+0000] {taskinstance.py:2327} INFO - Executing <Task(PythonOperator): hello2> on 2024-04-16 22:32:00+00:00
[2024-04-17T05:27:21.959+0000] {warnings.py:110} WARNING - /home/***/.local/lib/python3.12/site-packages/***/task/task_runner/standard_task_runner.py:61: DeprecationWarning: This process (pid=2438) is multi-threaded, use of fork() may lead to deadlocks in the child.
  pid = os.fork()

[2024-04-17T05:27:21.961+0000] {standard_task_runner.py:63} INFO - Started process 2458 to run task
[2024-04-17T05:27:21.961+0000] {standard_task_runner.py:90} INFO - Running: ['***', 'tasks', 'run', 'spotify_final_dag', 'hello2', 'scheduled__2024-04-16T22:32:00+00:00', '--job-id', '2334', '--raw', '--subdir', 'DAGS_FOLDER/dag.py', '--cfg-path', '/tmp/tmpb7kh533e']
[2024-04-17T05:27:21.962+0000] {standard_task_runner.py:91} INFO - Job 2334: Subtask hello2
[2024-04-17T05:27:22.002+0000] {task_command.py:426} INFO - Running <TaskInstance: spotify_final_dag.hello2 scheduled__2024-04-16T22:32:00+00:00 [running]> on host 52651c1f9987
[2024-04-17T05:27:22.077+0000] {taskinstance.py:2644} INFO - Exporting env vars: AIRFLOW_CTX_DAG_OWNER='***' AIRFLOW_CTX_DAG_ID='spotify_final_dag' AIRFLOW_CTX_TASK_ID='hello2' AIRFLOW_CTX_EXECUTION_DATE='2024-04-16T22:32:00+00:00' AIRFLOW_CTX_TRY_NUMBER='1' AIRFLOW_CTX_DAG_RUN_ID='scheduled__2024-04-16T22:32:00+00:00'
[2024-04-17T05:27:22.078+0000] {taskinstance.py:430} INFO - ::endgroup::
[2024-04-17T05:27:22.537+0000] {logging_mixin.py:188} INFO - Connection successful
[2024-04-17T05:27:22.989+0000] {logging_mixin.py:188} INFO - Connection successful
[2024-04-17T05:27:23.475+0000] {logging_mixin.py:188} INFO - Connection successful
[2024-04-17T05:27:23.479+0000] {logging_mixin.py:188} INFO - Null Not Found
[2024-04-17T05:27:23.480+0000] {logging_mixin.py:188} INFO - Null Not Found
[2024-04-17T05:27:23.487+0000] {logging_mixin.py:188} INFO - Null Not Found
[2024-04-17T05:27:23.488+0000] {logging_mixin.py:188} INFO - Null Not Found
[2024-04-17T05:27:23.489+0000] {logging_mixin.py:188} INFO - Null Not Found
[2024-04-17T05:27:23.489+0000] {logging_mixin.py:188} INFO - Null Not Found
[2024-04-17T05:27:23.490+0000] {python.py:237} INFO - Done. Returned value was: None
[2024-04-17T05:27:23.491+0000] {taskinstance.py:441} INFO - ::group::Post task execution logs
[2024-04-17T05:27:23.497+0000] {taskinstance.py:1205} INFO - Marking task as SUCCESS. dag_id=spotify_final_dag, task_id=hello2, execution_date=20240416T223200, start_date=20240417T052721, end_date=20240417T052723
[2024-04-17T05:27:23.540+0000] {local_task_job_runner.py:240} INFO - Task exited with return code 0
[2024-04-17T05:27:23.550+0000] {taskinstance.py:3482} INFO - 0 downstream tasks scheduled from follow-on schedule check
[2024-04-17T05:27:23.552+0000] {local_task_job_runner.py:222} INFO - ::endgroup::
