[2024-04-17T07:29:15.953+0000] {local_task_job_runner.py:120} INFO - ::group::Pre task execution logs
[2024-04-17T07:29:15.980+0000] {taskinstance.py:2073} INFO - Dependencies all met for dep_context=non-requeueable deps ti=<TaskInstance: etl_for_spotify.hello2 scheduled__2024-04-16T00:04:00+00:00 [queued]>
[2024-04-17T07:29:15.992+0000] {taskinstance.py:2073} INFO - Dependencies all met for dep_context=requeueable deps ti=<TaskInstance: etl_for_spotify.hello2 scheduled__2024-04-16T00:04:00+00:00 [queued]>
[2024-04-17T07:29:15.994+0000] {taskinstance.py:2303} INFO - Starting attempt 2 of 2
[2024-04-17T07:29:16.031+0000] {taskinstance.py:2327} INFO - Executing <Task(PythonOperator): hello2> on 2024-04-16 00:04:00+00:00
[2024-04-17T07:29:16.041+0000] {warnings.py:110} WARNING - /home/***/.local/lib/python3.12/site-packages/***/task/task_runner/standard_task_runner.py:61: DeprecationWarning: This process (pid=5450) is multi-threaded, use of fork() may lead to deadlocks in the child.
  pid = os.fork()

[2024-04-17T07:29:16.043+0000] {standard_task_runner.py:63} INFO - Started process 5463 to run task
[2024-04-17T07:29:16.042+0000] {standard_task_runner.py:90} INFO - Running: ['***', 'tasks', 'run', 'etl_for_spotify', 'hello2', 'scheduled__2024-04-16T00:04:00+00:00', '--job-id', '2794', '--raw', '--subdir', 'DAGS_FOLDER/dag.py', '--cfg-path', '/tmp/tmp59b6cg_a']
[2024-04-17T07:29:16.043+0000] {standard_task_runner.py:91} INFO - Job 2794: Subtask hello2
[2024-04-17T07:29:16.091+0000] {task_command.py:426} INFO - Running <TaskInstance: etl_for_spotify.hello2 scheduled__2024-04-16T00:04:00+00:00 [running]> on host 52651c1f9987
[2024-04-17T07:29:16.187+0000] {taskinstance.py:2644} INFO - Exporting env vars: AIRFLOW_CTX_DAG_OWNER='***' AIRFLOW_CTX_DAG_ID='etl_for_spotify' AIRFLOW_CTX_TASK_ID='hello2' AIRFLOW_CTX_EXECUTION_DATE='2024-04-16T00:04:00+00:00' AIRFLOW_CTX_TRY_NUMBER='2' AIRFLOW_CTX_DAG_RUN_ID='scheduled__2024-04-16T00:04:00+00:00'
[2024-04-17T07:29:16.189+0000] {taskinstance.py:430} INFO - ::endgroup::
[2024-04-17T07:29:16.623+0000] {logging_mixin.py:188} INFO - Connection successful
[2024-04-17T07:29:17.063+0000] {logging_mixin.py:188} INFO - Connection successful
[2024-04-17T07:29:17.490+0000] {logging_mixin.py:188} INFO - Connection successful
[2024-04-17T07:29:17.494+0000] {logging_mixin.py:188} INFO - Null Not Found
[2024-04-17T07:29:17.495+0000] {logging_mixin.py:188} INFO - Null Not Found
[2024-04-17T07:29:17.504+0000] {logging_mixin.py:188} INFO - Null Not Found
[2024-04-17T07:29:17.505+0000] {logging_mixin.py:188} INFO - Null Not Found
[2024-04-17T07:29:17.506+0000] {logging_mixin.py:188} INFO - Null Not Found
[2024-04-17T07:29:17.507+0000] {logging_mixin.py:188} INFO - Null Not Found
[2024-04-17T07:29:17.508+0000] {python.py:237} INFO - Done. Returned value was: None
[2024-04-17T07:29:17.508+0000] {taskinstance.py:441} INFO - ::group::Post task execution logs
[2024-04-17T07:29:17.516+0000] {taskinstance.py:1205} INFO - Marking task as SUCCESS. dag_id=etl_for_spotify, task_id=hello2, execution_date=20240416T000400, start_date=20240417T072915, end_date=20240417T072917
[2024-04-17T07:29:17.541+0000] {local_task_job_runner.py:240} INFO - Task exited with return code 0
[2024-04-17T07:29:17.553+0000] {taskinstance.py:3482} INFO - 0 downstream tasks scheduled from follow-on schedule check
[2024-04-17T07:29:17.555+0000] {local_task_job_runner.py:222} INFO - ::endgroup::
