[2024-04-16T09:39:47.021+0000] {local_task_job_runner.py:120} INFO - ::group::Pre task execution logs
[2024-04-16T09:39:47.045+0000] {taskinstance.py:2073} INFO - Dependencies all met for dep_context=non-requeueable deps ti=<TaskInstance: spotify_final_dag.hello2 scheduled__2024-04-16T02:58:00+00:00 [queued]>
[2024-04-16T09:39:47.055+0000] {taskinstance.py:2073} INFO - Dependencies all met for dep_context=requeueable deps ti=<TaskInstance: spotify_final_dag.hello2 scheduled__2024-04-16T02:58:00+00:00 [queued]>
[2024-04-16T09:39:47.056+0000] {taskinstance.py:2303} INFO - Starting attempt 1 of 2
[2024-04-16T09:39:47.071+0000] {taskinstance.py:2327} INFO - Executing <Task(PythonOperator): hello2> on 2024-04-16 02:58:00+00:00
[2024-04-16T09:39:47.080+0000] {warnings.py:110} WARNING - /home/***/.local/lib/python3.12/site-packages/***/task/task_runner/standard_task_runner.py:61: DeprecationWarning: This process (pid=2247) is multi-threaded, use of fork() may lead to deadlocks in the child.
  pid = os.fork()

[2024-04-16T09:39:47.082+0000] {standard_task_runner.py:63} INFO - Started process 2273 to run task
[2024-04-16T09:39:47.082+0000] {standard_task_runner.py:90} INFO - Running: ['***', 'tasks', 'run', 'spotify_final_dag', 'hello2', 'scheduled__2024-04-16T02:58:00+00:00', '--job-id', '479', '--raw', '--subdir', 'DAGS_FOLDER/dag.py', '--cfg-path', '/tmp/tmp6_n56wd1']
[2024-04-16T09:39:47.083+0000] {standard_task_runner.py:91} INFO - Job 479: Subtask hello2
[2024-04-16T09:39:47.139+0000] {task_command.py:426} INFO - Running <TaskInstance: spotify_final_dag.hello2 scheduled__2024-04-16T02:58:00+00:00 [running]> on host 52651c1f9987
[2024-04-16T09:39:47.249+0000] {taskinstance.py:2644} INFO - Exporting env vars: AIRFLOW_CTX_DAG_OWNER='***' AIRFLOW_CTX_DAG_ID='spotify_final_dag' AIRFLOW_CTX_TASK_ID='hello2' AIRFLOW_CTX_EXECUTION_DATE='2024-04-16T02:58:00+00:00' AIRFLOW_CTX_TRY_NUMBER='1' AIRFLOW_CTX_DAG_RUN_ID='scheduled__2024-04-16T02:58:00+00:00'
[2024-04-16T09:39:47.251+0000] {taskinstance.py:430} INFO - ::endgroup::
[2024-04-16T09:39:47.707+0000] {logging_mixin.py:188} INFO - Connection successful
[2024-04-16T09:39:48.154+0000] {logging_mixin.py:188} INFO - Connection successful
[2024-04-16T09:39:48.609+0000] {logging_mixin.py:188} INFO - Connection successful
[2024-04-16T09:39:48.612+0000] {logging_mixin.py:188} INFO - Null Not Found
[2024-04-16T09:39:48.613+0000] {logging_mixin.py:188} INFO - Null Not Found
[2024-04-16T09:39:48.621+0000] {logging_mixin.py:188} INFO - Null Not Found
[2024-04-16T09:39:48.622+0000] {logging_mixin.py:188} INFO - Null Not Found
[2024-04-16T09:39:48.623+0000] {logging_mixin.py:188} INFO - Null Not Found
[2024-04-16T09:39:48.623+0000] {logging_mixin.py:188} INFO - Null Not Found
[2024-04-16T09:39:48.624+0000] {python.py:237} INFO - Done. Returned value was: None
[2024-04-16T09:39:48.624+0000] {taskinstance.py:441} INFO - ::group::Post task execution logs
[2024-04-16T09:39:48.632+0000] {taskinstance.py:1205} INFO - Marking task as SUCCESS. dag_id=spotify_final_dag, task_id=hello2, execution_date=20240416T025800, start_date=20240416T093947, end_date=20240416T093948
[2024-04-16T09:39:48.740+0000] {local_task_job_runner.py:240} INFO - Task exited with return code 0
[2024-04-16T09:39:48.753+0000] {taskinstance.py:3482} INFO - 0 downstream tasks scheduled from follow-on schedule check
[2024-04-16T09:39:48.755+0000] {local_task_job_runner.py:222} INFO - ::endgroup::
[2024-04-16T09:47:38.940+0000] {local_task_job_runner.py:120} INFO - ::group::Pre task execution logs
[2024-04-16T09:47:38.964+0000] {taskinstance.py:2073} INFO - Dependencies all met for dep_context=non-requeueable deps ti=<TaskInstance: spotify_final_dag.hello2 scheduled__2024-04-16T02:58:00+00:00 [queued]>
[2024-04-16T09:47:38.978+0000] {taskinstance.py:2073} INFO - Dependencies all met for dep_context=requeueable deps ti=<TaskInstance: spotify_final_dag.hello2 scheduled__2024-04-16T02:58:00+00:00 [queued]>
[2024-04-16T09:47:38.979+0000] {taskinstance.py:2303} INFO - Starting attempt 1 of 2
[2024-04-16T09:47:39.072+0000] {taskinstance.py:2327} INFO - Executing <Task(PythonOperator): hello2> on 2024-04-16 02:58:00+00:00
[2024-04-16T09:47:39.079+0000] {warnings.py:110} WARNING - /home/***/.local/lib/python3.12/site-packages/***/task/task_runner/standard_task_runner.py:61: DeprecationWarning: This process (pid=4300) is multi-threaded, use of fork() may lead to deadlocks in the child.
  pid = os.fork()

[2024-04-16T09:47:39.080+0000] {standard_task_runner.py:63} INFO - Started process 4326 to run task
[2024-04-16T09:47:39.081+0000] {standard_task_runner.py:90} INFO - Running: ['***', 'tasks', 'run', 'spotify_final_dag', 'hello2', 'scheduled__2024-04-16T02:58:00+00:00', '--job-id', '1130', '--raw', '--subdir', 'DAGS_FOLDER/dag.py', '--cfg-path', '/tmp/tmpv2kte0pg']
[2024-04-16T09:47:39.082+0000] {standard_task_runner.py:91} INFO - Job 1130: Subtask hello2
[2024-04-16T09:47:39.117+0000] {task_command.py:426} INFO - Running <TaskInstance: spotify_final_dag.hello2 scheduled__2024-04-16T02:58:00+00:00 [running]> on host 52651c1f9987
[2024-04-16T09:47:39.194+0000] {taskinstance.py:2644} INFO - Exporting env vars: AIRFLOW_CTX_DAG_OWNER='***' AIRFLOW_CTX_DAG_ID='spotify_final_dag' AIRFLOW_CTX_TASK_ID='hello2' AIRFLOW_CTX_EXECUTION_DATE='2024-04-16T02:58:00+00:00' AIRFLOW_CTX_TRY_NUMBER='1' AIRFLOW_CTX_DAG_RUN_ID='scheduled__2024-04-16T02:58:00+00:00'
[2024-04-16T09:47:39.196+0000] {taskinstance.py:430} INFO - ::endgroup::
[2024-04-16T09:47:39.611+0000] {logging_mixin.py:188} INFO - Connection successful
[2024-04-16T09:47:40.042+0000] {logging_mixin.py:188} INFO - Connection successful
[2024-04-16T09:47:40.468+0000] {logging_mixin.py:188} INFO - Connection successful
[2024-04-16T09:47:40.471+0000] {logging_mixin.py:188} INFO - Null Not Found
[2024-04-16T09:47:40.472+0000] {logging_mixin.py:188} INFO - Null Not Found
[2024-04-16T09:47:40.481+0000] {logging_mixin.py:188} INFO - Null Not Found
[2024-04-16T09:47:40.482+0000] {logging_mixin.py:188} INFO - Null Not Found
[2024-04-16T09:47:40.483+0000] {logging_mixin.py:188} INFO - Null Not Found
[2024-04-16T09:47:40.483+0000] {logging_mixin.py:188} INFO - Null Not Found
[2024-04-16T09:47:40.484+0000] {python.py:237} INFO - Done. Returned value was: None
[2024-04-16T09:47:40.485+0000] {taskinstance.py:441} INFO - ::group::Post task execution logs
[2024-04-16T09:47:40.492+0000] {taskinstance.py:1205} INFO - Marking task as SUCCESS. dag_id=spotify_final_dag, task_id=hello2, execution_date=20240416T025800, start_date=20240416T094738, end_date=20240416T094740
[2024-04-16T09:47:40.538+0000] {local_task_job_runner.py:240} INFO - Task exited with return code 0
[2024-04-16T09:47:40.551+0000] {taskinstance.py:3482} INFO - 0 downstream tasks scheduled from follow-on schedule check
[2024-04-16T09:47:40.554+0000] {local_task_job_runner.py:222} INFO - ::endgroup::
