[2024-04-16T09:39:14.717+0000] {local_task_job_runner.py:120} INFO - ::group::Pre task execution logs
[2024-04-16T09:39:14.734+0000] {taskinstance.py:2073} INFO - Dependencies all met for dep_context=non-requeueable deps ti=<TaskInstance: spotify_final_dag.hello2 scheduled__2024-04-16T02:14:00+00:00 [queued]>
[2024-04-16T09:39:14.741+0000] {taskinstance.py:2073} INFO - Dependencies all met for dep_context=requeueable deps ti=<TaskInstance: spotify_final_dag.hello2 scheduled__2024-04-16T02:14:00+00:00 [queued]>
[2024-04-16T09:39:14.742+0000] {taskinstance.py:2303} INFO - Starting attempt 1 of 2
[2024-04-16T09:39:14.752+0000] {taskinstance.py:2327} INFO - Executing <Task(PythonOperator): hello2> on 2024-04-16 02:14:00+00:00
[2024-04-16T09:39:14.760+0000] {warnings.py:110} WARNING - /home/***/.local/lib/python3.12/site-packages/***/task/task_runner/standard_task_runner.py:61: DeprecationWarning: This process (pid=1981) is multi-threaded, use of fork() may lead to deadlocks in the child.
  pid = os.fork()

[2024-04-16T09:39:14.762+0000] {standard_task_runner.py:63} INFO - Started process 1990 to run task
[2024-04-16T09:39:14.762+0000] {standard_task_runner.py:90} INFO - Running: ['***', 'tasks', 'run', 'spotify_final_dag', 'hello2', 'scheduled__2024-04-16T02:14:00+00:00', '--job-id', '390', '--raw', '--subdir', 'DAGS_FOLDER/dag.py', '--cfg-path', '/tmp/tmprbo1atbx']
[2024-04-16T09:39:14.763+0000] {standard_task_runner.py:91} INFO - Job 390: Subtask hello2
[2024-04-16T09:39:14.798+0000] {task_command.py:426} INFO - Running <TaskInstance: spotify_final_dag.hello2 scheduled__2024-04-16T02:14:00+00:00 [running]> on host 52651c1f9987
[2024-04-16T09:39:14.868+0000] {taskinstance.py:2644} INFO - Exporting env vars: AIRFLOW_CTX_DAG_OWNER='***' AIRFLOW_CTX_DAG_ID='spotify_final_dag' AIRFLOW_CTX_TASK_ID='hello2' AIRFLOW_CTX_EXECUTION_DATE='2024-04-16T02:14:00+00:00' AIRFLOW_CTX_TRY_NUMBER='1' AIRFLOW_CTX_DAG_RUN_ID='scheduled__2024-04-16T02:14:00+00:00'
[2024-04-16T09:39:14.869+0000] {taskinstance.py:430} INFO - ::endgroup::
[2024-04-16T09:39:15.311+0000] {logging_mixin.py:188} INFO - Connection successful
[2024-04-16T09:39:15.739+0000] {logging_mixin.py:188} INFO - Connection successful
[2024-04-16T09:39:16.130+0000] {logging_mixin.py:188} INFO - Connection successful
[2024-04-16T09:39:16.134+0000] {logging_mixin.py:188} INFO - Null Not Found
[2024-04-16T09:39:16.135+0000] {logging_mixin.py:188} INFO - Null Not Found
[2024-04-16T09:39:16.143+0000] {logging_mixin.py:188} INFO - Null Not Found
[2024-04-16T09:39:16.144+0000] {logging_mixin.py:188} INFO - Null Not Found
[2024-04-16T09:39:16.145+0000] {logging_mixin.py:188} INFO - Null Not Found
[2024-04-16T09:39:16.146+0000] {logging_mixin.py:188} INFO - Null Not Found
[2024-04-16T09:39:16.147+0000] {python.py:237} INFO - Done. Returned value was: None
[2024-04-16T09:39:16.147+0000] {taskinstance.py:441} INFO - ::group::Post task execution logs
[2024-04-16T09:39:16.154+0000] {taskinstance.py:1205} INFO - Marking task as SUCCESS. dag_id=spotify_final_dag, task_id=hello2, execution_date=20240416T021400, start_date=20240416T093914, end_date=20240416T093916
[2024-04-16T09:39:16.182+0000] {local_task_job_runner.py:240} INFO - Task exited with return code 0
[2024-04-16T09:39:16.192+0000] {taskinstance.py:3482} INFO - 0 downstream tasks scheduled from follow-on schedule check
[2024-04-16T09:39:16.195+0000] {local_task_job_runner.py:222} INFO - ::endgroup::
[2024-04-16T09:47:28.110+0000] {local_task_job_runner.py:120} INFO - ::group::Pre task execution logs
[2024-04-16T09:47:28.141+0000] {taskinstance.py:2073} INFO - Dependencies all met for dep_context=non-requeueable deps ti=<TaskInstance: spotify_final_dag.hello2 scheduled__2024-04-16T02:14:00+00:00 [queued]>
[2024-04-16T09:47:28.153+0000] {taskinstance.py:2073} INFO - Dependencies all met for dep_context=requeueable deps ti=<TaskInstance: spotify_final_dag.hello2 scheduled__2024-04-16T02:14:00+00:00 [queued]>
[2024-04-16T09:47:28.156+0000] {taskinstance.py:2303} INFO - Starting attempt 1 of 2
[2024-04-16T09:47:28.179+0000] {taskinstance.py:2327} INFO - Executing <Task(PythonOperator): hello2> on 2024-04-16 02:14:00+00:00
[2024-04-16T09:47:28.191+0000] {warnings.py:110} WARNING - /home/***/.local/lib/python3.12/site-packages/***/task/task_runner/standard_task_runner.py:61: DeprecationWarning: This process (pid=4189) is multi-threaded, use of fork() may lead to deadlocks in the child.
  pid = os.fork()

[2024-04-16T09:47:28.193+0000] {standard_task_runner.py:63} INFO - Started process 4213 to run task
[2024-04-16T09:47:28.193+0000] {standard_task_runner.py:90} INFO - Running: ['***', 'tasks', 'run', 'spotify_final_dag', 'hello2', 'scheduled__2024-04-16T02:14:00+00:00', '--job-id', '1089', '--raw', '--subdir', 'DAGS_FOLDER/dag.py', '--cfg-path', '/tmp/tmpeah4u905']
[2024-04-16T09:47:28.195+0000] {standard_task_runner.py:91} INFO - Job 1089: Subtask hello2
[2024-04-16T09:47:28.259+0000] {task_command.py:426} INFO - Running <TaskInstance: spotify_final_dag.hello2 scheduled__2024-04-16T02:14:00+00:00 [running]> on host 52651c1f9987
[2024-04-16T09:47:28.378+0000] {taskinstance.py:2644} INFO - Exporting env vars: AIRFLOW_CTX_DAG_OWNER='***' AIRFLOW_CTX_DAG_ID='spotify_final_dag' AIRFLOW_CTX_TASK_ID='hello2' AIRFLOW_CTX_EXECUTION_DATE='2024-04-16T02:14:00+00:00' AIRFLOW_CTX_TRY_NUMBER='1' AIRFLOW_CTX_DAG_RUN_ID='scheduled__2024-04-16T02:14:00+00:00'
[2024-04-16T09:47:28.382+0000] {taskinstance.py:430} INFO - ::endgroup::
[2024-04-16T09:47:28.829+0000] {logging_mixin.py:188} INFO - Connection successful
[2024-04-16T09:47:29.236+0000] {logging_mixin.py:188} INFO - Connection successful
[2024-04-16T09:47:29.660+0000] {logging_mixin.py:188} INFO - Connection successful
[2024-04-16T09:47:29.664+0000] {logging_mixin.py:188} INFO - Null Not Found
[2024-04-16T09:47:29.665+0000] {logging_mixin.py:188} INFO - Null Not Found
[2024-04-16T09:47:29.673+0000] {logging_mixin.py:188} INFO - Null Not Found
[2024-04-16T09:47:29.674+0000] {logging_mixin.py:188} INFO - Null Not Found
[2024-04-16T09:47:29.676+0000] {logging_mixin.py:188} INFO - Null Not Found
[2024-04-16T09:47:29.677+0000] {logging_mixin.py:188} INFO - Null Not Found
[2024-04-16T09:47:29.679+0000] {python.py:237} INFO - Done. Returned value was: None
[2024-04-16T09:47:29.680+0000] {taskinstance.py:441} INFO - ::group::Post task execution logs
[2024-04-16T09:47:29.687+0000] {taskinstance.py:1205} INFO - Marking task as SUCCESS. dag_id=spotify_final_dag, task_id=hello2, execution_date=20240416T021400, start_date=20240416T094728, end_date=20240416T094729
[2024-04-16T09:47:29.735+0000] {local_task_job_runner.py:240} INFO - Task exited with return code 0
[2024-04-16T09:47:29.748+0000] {taskinstance.py:3482} INFO - 0 downstream tasks scheduled from follow-on schedule check
[2024-04-16T09:47:29.750+0000] {local_task_job_runner.py:222} INFO - ::endgroup::
