[2024-04-16T09:41:16.996+0000] {local_task_job_runner.py:120} INFO - ::group::Pre task execution logs
[2024-04-16T09:41:17.014+0000] {taskinstance.py:2073} INFO - Dependencies all met for dep_context=non-requeueable deps ti=<TaskInstance: spotify_final_dag.hello2 scheduled__2024-04-16T05:20:00+00:00 [queued]>
[2024-04-16T09:41:17.024+0000] {taskinstance.py:2073} INFO - Dependencies all met for dep_context=requeueable deps ti=<TaskInstance: spotify_final_dag.hello2 scheduled__2024-04-16T05:20:00+00:00 [queued]>
[2024-04-16T09:41:17.024+0000] {taskinstance.py:2303} INFO - Starting attempt 1 of 2
[2024-04-16T09:41:17.037+0000] {taskinstance.py:2327} INFO - Executing <Task(PythonOperator): hello2> on 2024-04-16 05:20:00+00:00
[2024-04-16T09:41:17.045+0000] {warnings.py:110} WARNING - /home/***/.local/lib/python3.12/site-packages/***/task/task_runner/standard_task_runner.py:61: DeprecationWarning: This process (pid=3119) is multi-threaded, use of fork() may lead to deadlocks in the child.
  pid = os.fork()

[2024-04-16T09:41:17.046+0000] {standard_task_runner.py:63} INFO - Started process 3143 to run task
[2024-04-16T09:41:17.046+0000] {standard_task_runner.py:90} INFO - Running: ['***', 'tasks', 'run', 'spotify_final_dag', 'hello2', 'scheduled__2024-04-16T05:20:00+00:00', '--job-id', '762', '--raw', '--subdir', 'DAGS_FOLDER/dag.py', '--cfg-path', '/tmp/tmpt_kdeykd']
[2024-04-16T09:41:17.047+0000] {standard_task_runner.py:91} INFO - Job 762: Subtask hello2
[2024-04-16T09:41:17.099+0000] {task_command.py:426} INFO - Running <TaskInstance: spotify_final_dag.hello2 scheduled__2024-04-16T05:20:00+00:00 [running]> on host 52651c1f9987
[2024-04-16T09:41:17.194+0000] {taskinstance.py:2644} INFO - Exporting env vars: AIRFLOW_CTX_DAG_OWNER='***' AIRFLOW_CTX_DAG_ID='spotify_final_dag' AIRFLOW_CTX_TASK_ID='hello2' AIRFLOW_CTX_EXECUTION_DATE='2024-04-16T05:20:00+00:00' AIRFLOW_CTX_TRY_NUMBER='1' AIRFLOW_CTX_DAG_RUN_ID='scheduled__2024-04-16T05:20:00+00:00'
[2024-04-16T09:41:17.195+0000] {taskinstance.py:430} INFO - ::endgroup::
[2024-04-16T09:41:17.637+0000] {logging_mixin.py:188} INFO - Connection successful
[2024-04-16T09:41:18.039+0000] {logging_mixin.py:188} INFO - Connection successful
[2024-04-16T09:41:18.500+0000] {logging_mixin.py:188} INFO - Connection successful
[2024-04-16T09:41:18.504+0000] {logging_mixin.py:188} INFO - Null Not Found
[2024-04-16T09:41:18.505+0000] {logging_mixin.py:188} INFO - Null Not Found
[2024-04-16T09:41:18.513+0000] {logging_mixin.py:188} INFO - Null Not Found
[2024-04-16T09:41:18.513+0000] {logging_mixin.py:188} INFO - Null Not Found
[2024-04-16T09:41:18.514+0000] {logging_mixin.py:188} INFO - Null Not Found
[2024-04-16T09:41:18.515+0000] {logging_mixin.py:188} INFO - Null Not Found
[2024-04-16T09:41:18.516+0000] {python.py:237} INFO - Done. Returned value was: None
[2024-04-16T09:41:18.516+0000] {taskinstance.py:441} INFO - ::group::Post task execution logs
[2024-04-16T09:41:18.524+0000] {taskinstance.py:1205} INFO - Marking task as SUCCESS. dag_id=spotify_final_dag, task_id=hello2, execution_date=20240416T052000, start_date=20240416T094117, end_date=20240416T094118
[2024-04-16T09:41:18.543+0000] {local_task_job_runner.py:240} INFO - Task exited with return code 0
[2024-04-16T09:41:18.555+0000] {taskinstance.py:3482} INFO - 0 downstream tasks scheduled from follow-on schedule check
[2024-04-16T09:41:18.557+0000] {local_task_job_runner.py:222} INFO - ::endgroup::
[2024-04-16T09:48:28.287+0000] {local_task_job_runner.py:120} INFO - ::group::Pre task execution logs
[2024-04-16T09:48:28.315+0000] {taskinstance.py:2073} INFO - Dependencies all met for dep_context=non-requeueable deps ti=<TaskInstance: spotify_final_dag.hello2 scheduled__2024-04-16T05:20:00+00:00 [queued]>
[2024-04-16T09:48:28.331+0000] {taskinstance.py:2073} INFO - Dependencies all met for dep_context=requeueable deps ti=<TaskInstance: spotify_final_dag.hello2 scheduled__2024-04-16T05:20:00+00:00 [queued]>
[2024-04-16T09:48:28.332+0000] {taskinstance.py:2303} INFO - Starting attempt 1 of 2
[2024-04-16T09:48:28.367+0000] {taskinstance.py:2327} INFO - Executing <Task(PythonOperator): hello2> on 2024-04-16 05:20:00+00:00
[2024-04-16T09:48:28.380+0000] {warnings.py:110} WARNING - /home/***/.local/lib/python3.12/site-packages/***/task/task_runner/standard_task_runner.py:61: DeprecationWarning: This process (pid=4768) is multi-threaded, use of fork() may lead to deadlocks in the child.
  pid = os.fork()

[2024-04-16T09:48:28.384+0000] {standard_task_runner.py:63} INFO - Started process 4800 to run task
[2024-04-16T09:48:28.383+0000] {standard_task_runner.py:90} INFO - Running: ['***', 'tasks', 'run', 'spotify_final_dag', 'hello2', 'scheduled__2024-04-16T05:20:00+00:00', '--job-id', '1280', '--raw', '--subdir', 'DAGS_FOLDER/dag.py', '--cfg-path', '/tmp/tmpmb01eq19']
[2024-04-16T09:48:28.387+0000] {standard_task_runner.py:91} INFO - Job 1280: Subtask hello2
[2024-04-16T09:48:28.450+0000] {task_command.py:426} INFO - Running <TaskInstance: spotify_final_dag.hello2 scheduled__2024-04-16T05:20:00+00:00 [running]> on host 52651c1f9987
[2024-04-16T09:48:28.594+0000] {taskinstance.py:2644} INFO - Exporting env vars: AIRFLOW_CTX_DAG_OWNER='***' AIRFLOW_CTX_DAG_ID='spotify_final_dag' AIRFLOW_CTX_TASK_ID='hello2' AIRFLOW_CTX_EXECUTION_DATE='2024-04-16T05:20:00+00:00' AIRFLOW_CTX_TRY_NUMBER='1' AIRFLOW_CTX_DAG_RUN_ID='scheduled__2024-04-16T05:20:00+00:00'
[2024-04-16T09:48:28.600+0000] {taskinstance.py:430} INFO - ::endgroup::
[2024-04-16T09:48:29.118+0000] {logging_mixin.py:188} INFO - Connection successful
[2024-04-16T09:48:29.531+0000] {logging_mixin.py:188} INFO - Connection successful
[2024-04-16T09:48:29.943+0000] {logging_mixin.py:188} INFO - Connection successful
[2024-04-16T09:48:29.946+0000] {logging_mixin.py:188} INFO - Null Not Found
[2024-04-16T09:48:29.947+0000] {logging_mixin.py:188} INFO - Null Not Found
[2024-04-16T09:48:29.955+0000] {logging_mixin.py:188} INFO - Null Not Found
[2024-04-16T09:48:29.956+0000] {logging_mixin.py:188} INFO - Null Not Found
[2024-04-16T09:48:29.957+0000] {logging_mixin.py:188} INFO - Null Not Found
[2024-04-16T09:48:29.957+0000] {logging_mixin.py:188} INFO - Null Not Found
[2024-04-16T09:48:29.958+0000] {python.py:237} INFO - Done. Returned value was: None
[2024-04-16T09:48:29.959+0000] {taskinstance.py:441} INFO - ::group::Post task execution logs
[2024-04-16T09:48:29.965+0000] {taskinstance.py:1205} INFO - Marking task as SUCCESS. dag_id=spotify_final_dag, task_id=hello2, execution_date=20240416T052000, start_date=20240416T094828, end_date=20240416T094829
[2024-04-16T09:48:30.019+0000] {local_task_job_runner.py:240} INFO - Task exited with return code 0
[2024-04-16T09:48:30.036+0000] {taskinstance.py:3482} INFO - 0 downstream tasks scheduled from follow-on schedule check
[2024-04-16T09:48:30.038+0000] {local_task_job_runner.py:222} INFO - ::endgroup::
