[2024-04-16T09:38:09.063+0000] {local_task_job_runner.py:120} INFO - ::group::Pre task execution logs
[2024-04-16T09:38:09.085+0000] {taskinstance.py:2073} INFO - Dependencies all met for dep_context=non-requeueable deps ti=<TaskInstance: spotify_final_dag.hello2 scheduled__2024-04-16T00:36:00+00:00 [queued]>
[2024-04-16T09:38:09.095+0000] {taskinstance.py:2073} INFO - Dependencies all met for dep_context=requeueable deps ti=<TaskInstance: spotify_final_dag.hello2 scheduled__2024-04-16T00:36:00+00:00 [queued]>
[2024-04-16T09:38:09.096+0000] {taskinstance.py:2303} INFO - Starting attempt 1 of 2
[2024-04-16T09:38:09.109+0000] {taskinstance.py:2327} INFO - Executing <Task(PythonOperator): hello2> on 2024-04-16 00:36:00+00:00
[2024-04-16T09:38:09.117+0000] {warnings.py:110} WARNING - /home/***/.local/lib/python3.12/site-packages/***/task/task_runner/standard_task_runner.py:61: DeprecationWarning: This process (pid=1388) is multi-threaded, use of fork() may lead to deadlocks in the child.
  pid = os.fork()

[2024-04-16T09:38:09.119+0000] {standard_task_runner.py:63} INFO - Started process 1414 to run task
[2024-04-16T09:38:09.119+0000] {standard_task_runner.py:90} INFO - Running: ['***', 'tasks', 'run', 'spotify_final_dag', 'hello2', 'scheduled__2024-04-16T00:36:00+00:00', '--job-id', '197', '--raw', '--subdir', 'DAGS_FOLDER/dag.py', '--cfg-path', '/tmp/tmp_oeqjcr2']
[2024-04-16T09:38:09.120+0000] {standard_task_runner.py:91} INFO - Job 197: Subtask hello2
[2024-04-16T09:38:09.192+0000] {task_command.py:426} INFO - Running <TaskInstance: spotify_final_dag.hello2 scheduled__2024-04-16T00:36:00+00:00 [running]> on host 52651c1f9987
[2024-04-16T09:38:09.309+0000] {taskinstance.py:2644} INFO - Exporting env vars: AIRFLOW_CTX_DAG_OWNER='***' AIRFLOW_CTX_DAG_ID='spotify_final_dag' AIRFLOW_CTX_TASK_ID='hello2' AIRFLOW_CTX_EXECUTION_DATE='2024-04-16T00:36:00+00:00' AIRFLOW_CTX_TRY_NUMBER='1' AIRFLOW_CTX_DAG_RUN_ID='scheduled__2024-04-16T00:36:00+00:00'
[2024-04-16T09:38:09.312+0000] {taskinstance.py:430} INFO - ::endgroup::
[2024-04-16T09:38:09.784+0000] {logging_mixin.py:188} INFO - Connection successful
[2024-04-16T09:38:10.247+0000] {logging_mixin.py:188} INFO - Connection successful
[2024-04-16T09:38:10.644+0000] {logging_mixin.py:188} INFO - Connection successful
[2024-04-16T09:38:10.648+0000] {logging_mixin.py:188} INFO - Null Not Found
[2024-04-16T09:38:10.649+0000] {logging_mixin.py:188} INFO - Null Not Found
[2024-04-16T09:38:10.661+0000] {logging_mixin.py:188} INFO - Null Not Found
[2024-04-16T09:38:10.661+0000] {logging_mixin.py:188} INFO - Null Not Found
[2024-04-16T09:38:10.663+0000] {logging_mixin.py:188} INFO - Null Not Found
[2024-04-16T09:38:10.663+0000] {logging_mixin.py:188} INFO - Null Not Found
[2024-04-16T09:38:10.665+0000] {python.py:237} INFO - Done. Returned value was: None
[2024-04-16T09:38:10.666+0000] {taskinstance.py:441} INFO - ::group::Post task execution logs
[2024-04-16T09:38:10.676+0000] {taskinstance.py:1205} INFO - Marking task as SUCCESS. dag_id=spotify_final_dag, task_id=hello2, execution_date=20240416T003600, start_date=20240416T093809, end_date=20240416T093810
[2024-04-16T09:38:10.780+0000] {local_task_job_runner.py:240} INFO - Task exited with return code 0
[2024-04-16T09:38:10.796+0000] {taskinstance.py:3482} INFO - 0 downstream tasks scheduled from follow-on schedule check
[2024-04-16T09:38:10.798+0000] {local_task_job_runner.py:222} INFO - ::endgroup::
[2024-04-16T09:46:57.167+0000] {local_task_job_runner.py:120} INFO - ::group::Pre task execution logs
[2024-04-16T09:46:57.201+0000] {taskinstance.py:2073} INFO - Dependencies all met for dep_context=non-requeueable deps ti=<TaskInstance: spotify_final_dag.hello2 scheduled__2024-04-16T00:36:00+00:00 [queued]>
[2024-04-16T09:46:57.214+0000] {taskinstance.py:2073} INFO - Dependencies all met for dep_context=requeueable deps ti=<TaskInstance: spotify_final_dag.hello2 scheduled__2024-04-16T00:36:00+00:00 [queued]>
[2024-04-16T09:46:57.216+0000] {taskinstance.py:2303} INFO - Starting attempt 1 of 2
[2024-04-16T09:46:57.247+0000] {taskinstance.py:2327} INFO - Executing <Task(PythonOperator): hello2> on 2024-04-16 00:36:00+00:00
[2024-04-16T09:46:57.262+0000] {warnings.py:110} WARNING - /home/***/.local/lib/python3.12/site-packages/***/task/task_runner/standard_task_runner.py:61: DeprecationWarning: This process (pid=3890) is multi-threaded, use of fork() may lead to deadlocks in the child.
  pid = os.fork()

[2024-04-16T09:46:57.263+0000] {standard_task_runner.py:90} INFO - Running: ['***', 'tasks', 'run', 'spotify_final_dag', 'hello2', 'scheduled__2024-04-16T00:36:00+00:00', '--job-id', '995', '--raw', '--subdir', 'DAGS_FOLDER/dag.py', '--cfg-path', '/tmp/tmpukgaz487']
[2024-04-16T09:46:57.264+0000] {standard_task_runner.py:63} INFO - Started process 3920 to run task
[2024-04-16T09:46:57.265+0000] {standard_task_runner.py:91} INFO - Job 995: Subtask hello2
[2024-04-16T09:46:57.324+0000] {task_command.py:426} INFO - Running <TaskInstance: spotify_final_dag.hello2 scheduled__2024-04-16T00:36:00+00:00 [running]> on host 52651c1f9987
[2024-04-16T09:46:57.435+0000] {taskinstance.py:2644} INFO - Exporting env vars: AIRFLOW_CTX_DAG_OWNER='***' AIRFLOW_CTX_DAG_ID='spotify_final_dag' AIRFLOW_CTX_TASK_ID='hello2' AIRFLOW_CTX_EXECUTION_DATE='2024-04-16T00:36:00+00:00' AIRFLOW_CTX_TRY_NUMBER='1' AIRFLOW_CTX_DAG_RUN_ID='scheduled__2024-04-16T00:36:00+00:00'
[2024-04-16T09:46:57.440+0000] {taskinstance.py:430} INFO - ::endgroup::
[2024-04-16T09:46:57.957+0000] {logging_mixin.py:188} INFO - Connection successful
[2024-04-16T09:46:58.379+0000] {logging_mixin.py:188} INFO - Connection successful
[2024-04-16T09:46:58.786+0000] {logging_mixin.py:188} INFO - Connection successful
[2024-04-16T09:46:58.790+0000] {logging_mixin.py:188} INFO - Null Not Found
[2024-04-16T09:46:58.791+0000] {logging_mixin.py:188} INFO - Null Not Found
[2024-04-16T09:46:58.800+0000] {logging_mixin.py:188} INFO - Null Not Found
[2024-04-16T09:46:58.801+0000] {logging_mixin.py:188} INFO - Null Not Found
[2024-04-16T09:46:58.802+0000] {logging_mixin.py:188} INFO - Null Not Found
[2024-04-16T09:46:58.803+0000] {logging_mixin.py:188} INFO - Null Not Found
[2024-04-16T09:46:58.805+0000] {python.py:237} INFO - Done. Returned value was: None
[2024-04-16T09:46:58.805+0000] {taskinstance.py:441} INFO - ::group::Post task execution logs
[2024-04-16T09:46:58.813+0000] {taskinstance.py:1205} INFO - Marking task as SUCCESS. dag_id=spotify_final_dag, task_id=hello2, execution_date=20240416T003600, start_date=20240416T094657, end_date=20240416T094658
[2024-04-16T09:46:58.846+0000] {local_task_job_runner.py:240} INFO - Task exited with return code 0
[2024-04-16T09:46:58.858+0000] {taskinstance.py:3482} INFO - 0 downstream tasks scheduled from follow-on schedule check
[2024-04-16T09:46:58.860+0000] {local_task_job_runner.py:222} INFO - ::endgroup::
