[2024-04-16T09:38:29.616+0000] {local_task_job_runner.py:120} INFO - ::group::Pre task execution logs
[2024-04-16T09:38:29.632+0000] {taskinstance.py:2073} INFO - Dependencies all met for dep_context=non-requeueable deps ti=<TaskInstance: spotify_final_dag.hello2 scheduled__2024-04-16T01:10:00+00:00 [queued]>
[2024-04-16T09:38:29.641+0000] {taskinstance.py:2073} INFO - Dependencies all met for dep_context=requeueable deps ti=<TaskInstance: spotify_final_dag.hello2 scheduled__2024-04-16T01:10:00+00:00 [queued]>
[2024-04-16T09:38:29.642+0000] {taskinstance.py:2303} INFO - Starting attempt 1 of 2
[2024-04-16T09:38:29.651+0000] {taskinstance.py:2327} INFO - Executing <Task(PythonOperator): hello2> on 2024-04-16 01:10:00+00:00
[2024-04-16T09:38:29.659+0000] {warnings.py:110} WARNING - /home/***/.local/lib/python3.12/site-packages/***/task/task_runner/standard_task_runner.py:61: DeprecationWarning: This process (pid=1586) is multi-threaded, use of fork() may lead to deadlocks in the child.
  pid = os.fork()

[2024-04-16T09:38:29.659+0000] {standard_task_runner.py:90} INFO - Running: ['***', 'tasks', 'run', 'spotify_final_dag', 'hello2', 'scheduled__2024-04-16T01:10:00+00:00', '--job-id', '265', '--raw', '--subdir', 'DAGS_FOLDER/dag.py', '--cfg-path', '/tmp/tmpltht_hab']
[2024-04-16T09:38:29.660+0000] {standard_task_runner.py:63} INFO - Started process 1609 to run task
[2024-04-16T09:38:29.660+0000] {standard_task_runner.py:91} INFO - Job 265: Subtask hello2
[2024-04-16T09:38:29.697+0000] {task_command.py:426} INFO - Running <TaskInstance: spotify_final_dag.hello2 scheduled__2024-04-16T01:10:00+00:00 [running]> on host 52651c1f9987
[2024-04-16T09:38:29.769+0000] {taskinstance.py:2644} INFO - Exporting env vars: AIRFLOW_CTX_DAG_OWNER='***' AIRFLOW_CTX_DAG_ID='spotify_final_dag' AIRFLOW_CTX_TASK_ID='hello2' AIRFLOW_CTX_EXECUTION_DATE='2024-04-16T01:10:00+00:00' AIRFLOW_CTX_TRY_NUMBER='1' AIRFLOW_CTX_DAG_RUN_ID='scheduled__2024-04-16T01:10:00+00:00'
[2024-04-16T09:38:29.770+0000] {taskinstance.py:430} INFO - ::endgroup::
[2024-04-16T09:38:30.522+0000] {logging_mixin.py:188} INFO - Connection successful
[2024-04-16T09:38:31.003+0000] {logging_mixin.py:188} INFO - Connection successful
[2024-04-16T09:38:31.426+0000] {logging_mixin.py:188} INFO - Connection successful
[2024-04-16T09:38:31.432+0000] {logging_mixin.py:188} INFO - Null Not Found
[2024-04-16T09:38:31.433+0000] {logging_mixin.py:188} INFO - Null Not Found
[2024-04-16T09:38:31.443+0000] {logging_mixin.py:188} INFO - Null Not Found
[2024-04-16T09:38:31.444+0000] {logging_mixin.py:188} INFO - Null Not Found
[2024-04-16T09:38:31.445+0000] {logging_mixin.py:188} INFO - Null Not Found
[2024-04-16T09:38:31.446+0000] {logging_mixin.py:188} INFO - Null Not Found
[2024-04-16T09:38:31.447+0000] {python.py:237} INFO - Done. Returned value was: None
[2024-04-16T09:38:31.448+0000] {taskinstance.py:441} INFO - ::group::Post task execution logs
[2024-04-16T09:38:31.457+0000] {taskinstance.py:1205} INFO - Marking task as SUCCESS. dag_id=spotify_final_dag, task_id=hello2, execution_date=20240416T011000, start_date=20240416T093829, end_date=20240416T093831
[2024-04-16T09:38:31.559+0000] {local_task_job_runner.py:240} INFO - Task exited with return code 0
[2024-04-16T09:38:31.573+0000] {taskinstance.py:3482} INFO - 0 downstream tasks scheduled from follow-on schedule check
[2024-04-16T09:38:31.574+0000] {local_task_job_runner.py:222} INFO - ::endgroup::
[2024-04-16T09:47:07.120+0000] {local_task_job_runner.py:120} INFO - ::group::Pre task execution logs
[2024-04-16T09:47:07.151+0000] {taskinstance.py:2073} INFO - Dependencies all met for dep_context=non-requeueable deps ti=<TaskInstance: spotify_final_dag.hello2 scheduled__2024-04-16T01:10:00+00:00 [queued]>
[2024-04-16T09:47:07.163+0000] {taskinstance.py:2073} INFO - Dependencies all met for dep_context=requeueable deps ti=<TaskInstance: spotify_final_dag.hello2 scheduled__2024-04-16T01:10:00+00:00 [queued]>
[2024-04-16T09:47:07.164+0000] {taskinstance.py:2303} INFO - Starting attempt 1 of 2
[2024-04-16T09:47:07.181+0000] {taskinstance.py:2327} INFO - Executing <Task(PythonOperator): hello2> on 2024-04-16 01:10:00+00:00
[2024-04-16T09:47:07.190+0000] {warnings.py:110} WARNING - /home/***/.local/lib/python3.12/site-packages/***/task/task_runner/standard_task_runner.py:61: DeprecationWarning: This process (pid=3983) is multi-threaded, use of fork() may lead to deadlocks in the child.
  pid = os.fork()

[2024-04-16T09:47:07.192+0000] {standard_task_runner.py:63} INFO - Started process 4024 to run task
[2024-04-16T09:47:07.192+0000] {standard_task_runner.py:90} INFO - Running: ['***', 'tasks', 'run', 'spotify_final_dag', 'hello2', 'scheduled__2024-04-16T01:10:00+00:00', '--job-id', '1029', '--raw', '--subdir', 'DAGS_FOLDER/dag.py', '--cfg-path', '/tmp/tmpie50fxq0']
[2024-04-16T09:47:07.194+0000] {standard_task_runner.py:91} INFO - Job 1029: Subtask hello2
[2024-04-16T09:47:07.244+0000] {task_command.py:426} INFO - Running <TaskInstance: spotify_final_dag.hello2 scheduled__2024-04-16T01:10:00+00:00 [running]> on host 52651c1f9987
[2024-04-16T09:47:07.362+0000] {taskinstance.py:2644} INFO - Exporting env vars: AIRFLOW_CTX_DAG_OWNER='***' AIRFLOW_CTX_DAG_ID='spotify_final_dag' AIRFLOW_CTX_TASK_ID='hello2' AIRFLOW_CTX_EXECUTION_DATE='2024-04-16T01:10:00+00:00' AIRFLOW_CTX_TRY_NUMBER='1' AIRFLOW_CTX_DAG_RUN_ID='scheduled__2024-04-16T01:10:00+00:00'
[2024-04-16T09:47:07.364+0000] {taskinstance.py:430} INFO - ::endgroup::
[2024-04-16T09:47:07.813+0000] {logging_mixin.py:188} INFO - Connection successful
[2024-04-16T09:47:08.277+0000] {logging_mixin.py:188} INFO - Connection successful
[2024-04-16T09:47:08.667+0000] {logging_mixin.py:188} INFO - Connection successful
[2024-04-16T09:47:08.672+0000] {logging_mixin.py:188} INFO - Null Not Found
[2024-04-16T09:47:08.673+0000] {logging_mixin.py:188} INFO - Null Not Found
[2024-04-16T09:47:08.681+0000] {logging_mixin.py:188} INFO - Null Not Found
[2024-04-16T09:47:08.682+0000] {logging_mixin.py:188} INFO - Null Not Found
[2024-04-16T09:47:08.684+0000] {logging_mixin.py:188} INFO - Null Not Found
[2024-04-16T09:47:08.684+0000] {logging_mixin.py:188} INFO - Null Not Found
[2024-04-16T09:47:08.686+0000] {python.py:237} INFO - Done. Returned value was: None
[2024-04-16T09:47:08.686+0000] {taskinstance.py:441} INFO - ::group::Post task execution logs
[2024-04-16T09:47:08.694+0000] {taskinstance.py:1205} INFO - Marking task as SUCCESS. dag_id=spotify_final_dag, task_id=hello2, execution_date=20240416T011000, start_date=20240416T094707, end_date=20240416T094708
[2024-04-16T09:47:08.736+0000] {local_task_job_runner.py:240} INFO - Task exited with return code 0
[2024-04-16T09:47:08.750+0000] {taskinstance.py:3482} INFO - 0 downstream tasks scheduled from follow-on schedule check
[2024-04-16T09:47:08.752+0000] {local_task_job_runner.py:222} INFO - ::endgroup::
