[2024-04-16T09:49:09.027+0000] {local_task_job_runner.py:120} INFO - ::group::Pre task execution logs
[2024-04-16T09:49:09.055+0000] {taskinstance.py:2073} INFO - Dependencies all met for dep_context=non-requeueable deps ti=<TaskInstance: spotify_final_dag.hello2 scheduled__2024-04-16T07:28:00+00:00 [queued]>
[2024-04-16T09:49:09.066+0000] {taskinstance.py:2073} INFO - Dependencies all met for dep_context=requeueable deps ti=<TaskInstance: spotify_final_dag.hello2 scheduled__2024-04-16T07:28:00+00:00 [queued]>
[2024-04-16T09:49:09.067+0000] {taskinstance.py:2303} INFO - Starting attempt 1 of 2
[2024-04-16T09:49:09.085+0000] {taskinstance.py:2327} INFO - Executing <Task(PythonOperator): hello2> on 2024-04-16 07:28:00+00:00
[2024-04-16T09:49:09.096+0000] {warnings.py:110} WARNING - /home/***/.local/lib/python3.12/site-packages/***/task/task_runner/standard_task_runner.py:61: DeprecationWarning: This process (pid=5160) is multi-threaded, use of fork() may lead to deadlocks in the child.
  pid = os.fork()

[2024-04-16T09:49:09.098+0000] {standard_task_runner.py:63} INFO - Started process 5189 to run task
[2024-04-16T09:49:09.099+0000] {standard_task_runner.py:90} INFO - Running: ['***', 'tasks', 'run', 'spotify_final_dag', 'hello2', 'scheduled__2024-04-16T07:28:00+00:00', '--job-id', '1408', '--raw', '--subdir', 'DAGS_FOLDER/dag.py', '--cfg-path', '/tmp/tmpyoow6jb0']
[2024-04-16T09:49:09.100+0000] {standard_task_runner.py:91} INFO - Job 1408: Subtask hello2
[2024-04-16T09:49:09.184+0000] {task_command.py:426} INFO - Running <TaskInstance: spotify_final_dag.hello2 scheduled__2024-04-16T07:28:00+00:00 [running]> on host 52651c1f9987
[2024-04-16T09:49:09.296+0000] {taskinstance.py:2644} INFO - Exporting env vars: AIRFLOW_CTX_DAG_OWNER='***' AIRFLOW_CTX_DAG_ID='spotify_final_dag' AIRFLOW_CTX_TASK_ID='hello2' AIRFLOW_CTX_EXECUTION_DATE='2024-04-16T07:28:00+00:00' AIRFLOW_CTX_TRY_NUMBER='1' AIRFLOW_CTX_DAG_RUN_ID='scheduled__2024-04-16T07:28:00+00:00'
[2024-04-16T09:49:09.298+0000] {taskinstance.py:430} INFO - ::endgroup::
[2024-04-16T09:49:09.794+0000] {logging_mixin.py:188} INFO - Connection successful
[2024-04-16T09:49:10.258+0000] {logging_mixin.py:188} INFO - Connection successful
[2024-04-16T09:49:10.663+0000] {logging_mixin.py:188} INFO - Connection successful
[2024-04-16T09:49:10.667+0000] {logging_mixin.py:188} INFO - Null Not Found
[2024-04-16T09:49:10.668+0000] {logging_mixin.py:188} INFO - Null Not Found
[2024-04-16T09:49:10.677+0000] {logging_mixin.py:188} INFO - Null Not Found
[2024-04-16T09:49:10.678+0000] {logging_mixin.py:188} INFO - Null Not Found
[2024-04-16T09:49:10.680+0000] {logging_mixin.py:188} INFO - Null Not Found
[2024-04-16T09:49:10.680+0000] {logging_mixin.py:188} INFO - Null Not Found
[2024-04-16T09:49:10.682+0000] {python.py:237} INFO - Done. Returned value was: None
[2024-04-16T09:49:10.683+0000] {taskinstance.py:441} INFO - ::group::Post task execution logs
[2024-04-16T09:49:10.691+0000] {taskinstance.py:1205} INFO - Marking task as SUCCESS. dag_id=spotify_final_dag, task_id=hello2, execution_date=20240416T072800, start_date=20240416T094909, end_date=20240416T094910
[2024-04-16T09:49:10.722+0000] {local_task_job_runner.py:240} INFO - Task exited with return code 0
[2024-04-16T09:49:10.734+0000] {taskinstance.py:3482} INFO - 0 downstream tasks scheduled from follow-on schedule check
[2024-04-16T09:49:10.735+0000] {local_task_job_runner.py:222} INFO - ::endgroup::
