[2024-04-17T05:27:40.091+0000] {local_task_job_runner.py:120} INFO - ::group::Pre task execution logs
[2024-04-17T05:27:40.120+0000] {taskinstance.py:2073} INFO - Dependencies all met for dep_context=non-requeueable deps ti=<TaskInstance: spotify_final_dag.hello2 scheduled__2024-04-16T23:08:00+00:00 [queued]>
[2024-04-17T05:27:40.135+0000] {taskinstance.py:2073} INFO - Dependencies all met for dep_context=requeueable deps ti=<TaskInstance: spotify_final_dag.hello2 scheduled__2024-04-16T23:08:00+00:00 [queued]>
[2024-04-17T05:27:40.136+0000] {taskinstance.py:2303} INFO - Starting attempt 1 of 2
[2024-04-17T05:27:40.178+0000] {taskinstance.py:2327} INFO - Executing <Task(PythonOperator): hello2> on 2024-04-16 23:08:00+00:00
[2024-04-17T05:27:40.193+0000] {warnings.py:110} WARNING - /home/***/.local/lib/python3.12/site-packages/***/task/task_runner/standard_task_runner.py:61: DeprecationWarning: This process (pid=2592) is multi-threaded, use of fork() may lead to deadlocks in the child.
  pid = os.fork()

[2024-04-17T05:27:40.194+0000] {standard_task_runner.py:63} INFO - Started process 2624 to run task
[2024-04-17T05:27:40.198+0000] {standard_task_runner.py:90} INFO - Running: ['***', 'tasks', 'run', 'spotify_final_dag', 'hello2', 'scheduled__2024-04-16T23:08:00+00:00', '--job-id', '2384', '--raw', '--subdir', 'DAGS_FOLDER/dag.py', '--cfg-path', '/tmp/tmp9zeb14tq']
[2024-04-17T05:27:40.201+0000] {standard_task_runner.py:91} INFO - Job 2384: Subtask hello2
[2024-04-17T05:27:40.278+0000] {task_command.py:426} INFO - Running <TaskInstance: spotify_final_dag.hello2 scheduled__2024-04-16T23:08:00+00:00 [running]> on host 52651c1f9987
[2024-04-17T05:27:40.454+0000] {taskinstance.py:2644} INFO - Exporting env vars: AIRFLOW_CTX_DAG_OWNER='***' AIRFLOW_CTX_DAG_ID='spotify_final_dag' AIRFLOW_CTX_TASK_ID='hello2' AIRFLOW_CTX_EXECUTION_DATE='2024-04-16T23:08:00+00:00' AIRFLOW_CTX_TRY_NUMBER='1' AIRFLOW_CTX_DAG_RUN_ID='scheduled__2024-04-16T23:08:00+00:00'
[2024-04-17T05:27:40.460+0000] {taskinstance.py:430} INFO - ::endgroup::
[2024-04-17T05:27:40.943+0000] {logging_mixin.py:188} INFO - Connection successful
[2024-04-17T05:27:41.473+0000] {logging_mixin.py:188} INFO - Connection successful
[2024-04-17T05:27:41.948+0000] {logging_mixin.py:188} INFO - Connection successful
[2024-04-17T05:27:41.953+0000] {logging_mixin.py:188} INFO - Null Not Found
[2024-04-17T05:27:41.954+0000] {logging_mixin.py:188} INFO - Null Not Found
[2024-04-17T05:27:41.966+0000] {logging_mixin.py:188} INFO - Null Not Found
[2024-04-17T05:27:41.967+0000] {logging_mixin.py:188} INFO - Null Not Found
[2024-04-17T05:27:41.968+0000] {logging_mixin.py:188} INFO - Null Not Found
[2024-04-17T05:27:41.969+0000] {logging_mixin.py:188} INFO - Null Not Found
[2024-04-17T05:27:41.971+0000] {python.py:237} INFO - Done. Returned value was: None
[2024-04-17T05:27:41.972+0000] {taskinstance.py:441} INFO - ::group::Post task execution logs
[2024-04-17T05:27:41.983+0000] {taskinstance.py:1205} INFO - Marking task as SUCCESS. dag_id=spotify_final_dag, task_id=hello2, execution_date=20240416T230800, start_date=20240417T052740, end_date=20240417T052741
[2024-04-17T05:27:42.028+0000] {local_task_job_runner.py:240} INFO - Task exited with return code 0
[2024-04-17T05:27:42.040+0000] {taskinstance.py:3482} INFO - 0 downstream tasks scheduled from follow-on schedule check
[2024-04-17T05:27:42.042+0000] {local_task_job_runner.py:222} INFO - ::endgroup::
