[2024-04-17T07:36:47.374+0000] {local_task_job_runner.py:120} INFO - ::group::Pre task execution logs
[2024-04-17T07:36:47.391+0000] {taskinstance.py:2073} INFO - Dependencies all met for dep_context=non-requeueable deps ti=<TaskInstance: etl_for_spotify.processes scheduled__2024-04-16T22:32:00+00:00 [queued]>
[2024-04-17T07:36:47.397+0000] {taskinstance.py:2073} INFO - Dependencies all met for dep_context=requeueable deps ti=<TaskInstance: etl_for_spotify.processes scheduled__2024-04-16T22:32:00+00:00 [queued]>
[2024-04-17T07:36:47.398+0000] {taskinstance.py:2303} INFO - Starting attempt 1 of 2
[2024-04-17T07:36:47.410+0000] {taskinstance.py:2327} INFO - Executing <Task(PythonOperator): processes> on 2024-04-16 22:32:00+00:00
[2024-04-17T07:36:47.419+0000] {warnings.py:110} WARNING - /home/***/.local/lib/python3.12/site-packages/***/task/task_runner/standard_task_runner.py:61: DeprecationWarning: This process (pid=9591) is multi-threaded, use of fork() may lead to deadlocks in the child.
  pid = os.fork()

[2024-04-17T07:36:47.421+0000] {standard_task_runner.py:63} INFO - Started process 9598 to run task
[2024-04-17T07:36:47.421+0000] {standard_task_runner.py:90} INFO - Running: ['***', 'tasks', 'run', 'etl_for_spotify', 'processes', 'scheduled__2024-04-16T22:32:00+00:00', '--job-id', '4137', '--raw', '--subdir', 'DAGS_FOLDER/dag.py', '--cfg-path', '/tmp/tmp6advvnmc']
[2024-04-17T07:36:47.422+0000] {standard_task_runner.py:91} INFO - Job 4137: Subtask processes
[2024-04-17T07:36:47.463+0000] {task_command.py:426} INFO - Running <TaskInstance: etl_for_spotify.processes scheduled__2024-04-16T22:32:00+00:00 [running]> on host 52651c1f9987
[2024-04-17T07:36:47.534+0000] {taskinstance.py:2644} INFO - Exporting env vars: AIRFLOW_CTX_DAG_OWNER='***' AIRFLOW_CTX_DAG_ID='etl_for_spotify' AIRFLOW_CTX_TASK_ID='processes' AIRFLOW_CTX_EXECUTION_DATE='2024-04-16T22:32:00+00:00' AIRFLOW_CTX_TRY_NUMBER='1' AIRFLOW_CTX_DAG_RUN_ID='scheduled__2024-04-16T22:32:00+00:00'
[2024-04-17T07:36:47.536+0000] {taskinstance.py:430} INFO - ::endgroup::
[2024-04-17T07:36:47.969+0000] {logging_mixin.py:188} INFO - Connection successful
[2024-04-17T07:36:48.399+0000] {logging_mixin.py:188} INFO - Connection successful
[2024-04-17T07:36:48.827+0000] {logging_mixin.py:188} INFO - Connection successful
[2024-04-17T07:36:48.830+0000] {logging_mixin.py:188} INFO - Null Not Found
[2024-04-17T07:36:48.831+0000] {logging_mixin.py:188} INFO - Null Not Found
[2024-04-17T07:36:48.840+0000] {logging_mixin.py:188} INFO - Null Not Found
[2024-04-17T07:36:48.841+0000] {logging_mixin.py:188} INFO - Null Not Found
[2024-04-17T07:36:48.842+0000] {logging_mixin.py:188} INFO - Null Not Found
[2024-04-17T07:36:48.842+0000] {logging_mixin.py:188} INFO - Null Not Found
[2024-04-17T07:36:48.844+0000] {python.py:237} INFO - Done. Returned value was: None
[2024-04-17T07:36:48.844+0000] {taskinstance.py:441} INFO - ::group::Post task execution logs
[2024-04-17T07:36:48.851+0000] {taskinstance.py:1205} INFO - Marking task as SUCCESS. dag_id=etl_for_spotify, task_id=processes, execution_date=20240416T223200, start_date=20240417T073647, end_date=20240417T073648
[2024-04-17T07:36:48.879+0000] {local_task_job_runner.py:240} INFO - Task exited with return code 0
[2024-04-17T07:36:48.895+0000] {taskinstance.py:3482} INFO - 0 downstream tasks scheduled from follow-on schedule check
[2024-04-17T07:36:48.897+0000] {local_task_job_runner.py:222} INFO - ::endgroup::
