[2024-04-16T09:38:31.204+0000] {local_task_job_runner.py:120} INFO - ::group::Pre task execution logs
[2024-04-16T09:38:31.226+0000] {taskinstance.py:2073} INFO - Dependencies all met for dep_context=non-requeueable deps ti=<TaskInstance: spotify_final_dag.hello2 scheduled__2024-04-16T01:15:00+00:00 [queued]>
[2024-04-16T09:38:31.232+0000] {taskinstance.py:2073} INFO - Dependencies all met for dep_context=requeueable deps ti=<TaskInstance: spotify_final_dag.hello2 scheduled__2024-04-16T01:15:00+00:00 [queued]>
[2024-04-16T09:38:31.233+0000] {taskinstance.py:2303} INFO - Starting attempt 1 of 2
[2024-04-16T09:38:31.244+0000] {taskinstance.py:2327} INFO - Executing <Task(PythonOperator): hello2> on 2024-04-16 01:15:00+00:00
[2024-04-16T09:38:31.251+0000] {warnings.py:110} WARNING - /home/***/.local/lib/python3.12/site-packages/***/task/task_runner/standard_task_runner.py:61: DeprecationWarning: This process (pid=1612) is multi-threaded, use of fork() may lead to deadlocks in the child.
  pid = os.fork()

[2024-04-16T09:38:31.252+0000] {standard_task_runner.py:63} INFO - Started process 1625 to run task
[2024-04-16T09:38:31.252+0000] {standard_task_runner.py:90} INFO - Running: ['***', 'tasks', 'run', 'spotify_final_dag', 'hello2', 'scheduled__2024-04-16T01:15:00+00:00', '--job-id', '271', '--raw', '--subdir', 'DAGS_FOLDER/dag.py', '--cfg-path', '/tmp/tmp43zemvfe']
[2024-04-16T09:38:31.253+0000] {standard_task_runner.py:91} INFO - Job 271: Subtask hello2
[2024-04-16T09:38:31.293+0000] {task_command.py:426} INFO - Running <TaskInstance: spotify_final_dag.hello2 scheduled__2024-04-16T01:15:00+00:00 [running]> on host 52651c1f9987
[2024-04-16T09:38:31.385+0000] {taskinstance.py:2644} INFO - Exporting env vars: AIRFLOW_CTX_DAG_OWNER='***' AIRFLOW_CTX_DAG_ID='spotify_final_dag' AIRFLOW_CTX_TASK_ID='hello2' AIRFLOW_CTX_EXECUTION_DATE='2024-04-16T01:15:00+00:00' AIRFLOW_CTX_TRY_NUMBER='1' AIRFLOW_CTX_DAG_RUN_ID='scheduled__2024-04-16T01:15:00+00:00'
[2024-04-16T09:38:31.387+0000] {taskinstance.py:430} INFO - ::endgroup::
[2024-04-16T09:38:31.845+0000] {logging_mixin.py:188} INFO - Connection successful
[2024-04-16T09:38:32.246+0000] {logging_mixin.py:188} INFO - Connection successful
[2024-04-16T09:38:32.619+0000] {logging_mixin.py:188} INFO - Connection successful
[2024-04-16T09:38:32.623+0000] {logging_mixin.py:188} INFO - Null Not Found
[2024-04-16T09:38:32.624+0000] {logging_mixin.py:188} INFO - Null Not Found
[2024-04-16T09:38:32.632+0000] {logging_mixin.py:188} INFO - Null Not Found
[2024-04-16T09:38:32.632+0000] {logging_mixin.py:188} INFO - Null Not Found
[2024-04-16T09:38:32.633+0000] {logging_mixin.py:188} INFO - Null Not Found
[2024-04-16T09:38:32.634+0000] {logging_mixin.py:188} INFO - Null Not Found
[2024-04-16T09:38:32.635+0000] {python.py:237} INFO - Done. Returned value was: None
[2024-04-16T09:38:32.635+0000] {taskinstance.py:441} INFO - ::group::Post task execution logs
[2024-04-16T09:38:32.641+0000] {taskinstance.py:1205} INFO - Marking task as SUCCESS. dag_id=spotify_final_dag, task_id=hello2, execution_date=20240416T011500, start_date=20240416T093831, end_date=20240416T093832
[2024-04-16T09:38:32.670+0000] {local_task_job_runner.py:240} INFO - Task exited with return code 0
[2024-04-16T09:38:32.681+0000] {taskinstance.py:3482} INFO - 0 downstream tasks scheduled from follow-on schedule check
[2024-04-16T09:38:32.683+0000] {local_task_job_runner.py:222} INFO - ::endgroup::
