[2024-04-16T09:38:20.383+0000] {local_task_job_runner.py:120} INFO - ::group::Pre task execution logs
[2024-04-16T09:38:20.409+0000] {taskinstance.py:2073} INFO - Dependencies all met for dep_context=non-requeueable deps ti=<TaskInstance: spotify_final_dag.hello2 scheduled__2024-04-16T00:56:00+00:00 [queued]>
[2024-04-16T09:38:20.420+0000] {taskinstance.py:2073} INFO - Dependencies all met for dep_context=requeueable deps ti=<TaskInstance: spotify_final_dag.hello2 scheduled__2024-04-16T00:56:00+00:00 [queued]>
[2024-04-16T09:38:20.421+0000] {taskinstance.py:2303} INFO - Starting attempt 1 of 2
[2024-04-16T09:38:20.434+0000] {taskinstance.py:2327} INFO - Executing <Task(PythonOperator): hello2> on 2024-04-16 00:56:00+00:00
[2024-04-16T09:38:20.445+0000] {warnings.py:110} WARNING - /home/***/.local/lib/python3.12/site-packages/***/task/task_runner/standard_task_runner.py:61: DeprecationWarning: This process (pid=1494) is multi-threaded, use of fork() may lead to deadlocks in the child.
  pid = os.fork()

[2024-04-16T09:38:20.447+0000] {standard_task_runner.py:90} INFO - Running: ['***', 'tasks', 'run', 'spotify_final_dag', 'hello2', 'scheduled__2024-04-16T00:56:00+00:00', '--job-id', '235', '--raw', '--subdir', 'DAGS_FOLDER/dag.py', '--cfg-path', '/tmp/tmpt4m58j1l']
[2024-04-16T09:38:20.447+0000] {standard_task_runner.py:63} INFO - Started process 1517 to run task
[2024-04-16T09:38:20.449+0000] {standard_task_runner.py:91} INFO - Job 235: Subtask hello2
[2024-04-16T09:38:20.510+0000] {task_command.py:426} INFO - Running <TaskInstance: spotify_final_dag.hello2 scheduled__2024-04-16T00:56:00+00:00 [running]> on host 52651c1f9987
[2024-04-16T09:38:20.596+0000] {taskinstance.py:2644} INFO - Exporting env vars: AIRFLOW_CTX_DAG_OWNER='***' AIRFLOW_CTX_DAG_ID='spotify_final_dag' AIRFLOW_CTX_TASK_ID='hello2' AIRFLOW_CTX_EXECUTION_DATE='2024-04-16T00:56:00+00:00' AIRFLOW_CTX_TRY_NUMBER='1' AIRFLOW_CTX_DAG_RUN_ID='scheduled__2024-04-16T00:56:00+00:00'
[2024-04-16T09:38:20.597+0000] {taskinstance.py:430} INFO - ::endgroup::
[2024-04-16T09:38:21.014+0000] {logging_mixin.py:188} INFO - Connection successful
[2024-04-16T09:38:21.485+0000] {logging_mixin.py:188} INFO - Connection successful
[2024-04-16T09:38:21.856+0000] {logging_mixin.py:188} INFO - Connection successful
[2024-04-16T09:38:21.860+0000] {logging_mixin.py:188} INFO - Null Not Found
[2024-04-16T09:38:21.861+0000] {logging_mixin.py:188} INFO - Null Not Found
[2024-04-16T09:38:21.870+0000] {logging_mixin.py:188} INFO - Null Not Found
[2024-04-16T09:38:21.870+0000] {logging_mixin.py:188} INFO - Null Not Found
[2024-04-16T09:38:21.871+0000] {logging_mixin.py:188} INFO - Null Not Found
[2024-04-16T09:38:21.872+0000] {logging_mixin.py:188} INFO - Null Not Found
[2024-04-16T09:38:21.873+0000] {python.py:237} INFO - Done. Returned value was: None
[2024-04-16T09:38:21.873+0000] {taskinstance.py:441} INFO - ::group::Post task execution logs
[2024-04-16T09:38:21.880+0000] {taskinstance.py:1205} INFO - Marking task as SUCCESS. dag_id=spotify_final_dag, task_id=hello2, execution_date=20240416T005600, start_date=20240416T093820, end_date=20240416T093821
[2024-04-16T09:38:21.909+0000] {local_task_job_runner.py:240} INFO - Task exited with return code 0
[2024-04-16T09:38:21.922+0000] {taskinstance.py:3482} INFO - 0 downstream tasks scheduled from follow-on schedule check
[2024-04-16T09:38:21.924+0000] {local_task_job_runner.py:222} INFO - ::endgroup::
[2024-04-16T09:46:58.558+0000] {local_task_job_runner.py:120} INFO - ::group::Pre task execution logs
[2024-04-16T09:46:58.575+0000] {taskinstance.py:2073} INFO - Dependencies all met for dep_context=non-requeueable deps ti=<TaskInstance: spotify_final_dag.hello2 scheduled__2024-04-16T00:56:00+00:00 [queued]>
[2024-04-16T09:46:58.582+0000] {taskinstance.py:2073} INFO - Dependencies all met for dep_context=requeueable deps ti=<TaskInstance: spotify_final_dag.hello2 scheduled__2024-04-16T00:56:00+00:00 [queued]>
[2024-04-16T09:46:58.583+0000] {taskinstance.py:2303} INFO - Starting attempt 1 of 2
[2024-04-16T09:46:58.594+0000] {taskinstance.py:2327} INFO - Executing <Task(PythonOperator): hello2> on 2024-04-16 00:56:00+00:00
[2024-04-16T09:46:58.602+0000] {warnings.py:110} WARNING - /home/***/.local/lib/python3.12/site-packages/***/task/task_runner/standard_task_runner.py:61: DeprecationWarning: This process (pid=3918) is multi-threaded, use of fork() may lead to deadlocks in the child.
  pid = os.fork()

[2024-04-16T09:46:58.604+0000] {standard_task_runner.py:63} INFO - Started process 3936 to run task
[2024-04-16T09:46:58.604+0000] {standard_task_runner.py:90} INFO - Running: ['***', 'tasks', 'run', 'spotify_final_dag', 'hello2', 'scheduled__2024-04-16T00:56:00+00:00', '--job-id', '1005', '--raw', '--subdir', 'DAGS_FOLDER/dag.py', '--cfg-path', '/tmp/tmp0xgw2ovl']
[2024-04-16T09:46:58.605+0000] {standard_task_runner.py:91} INFO - Job 1005: Subtask hello2
[2024-04-16T09:46:58.645+0000] {task_command.py:426} INFO - Running <TaskInstance: spotify_final_dag.hello2 scheduled__2024-04-16T00:56:00+00:00 [running]> on host 52651c1f9987
[2024-04-16T09:46:58.739+0000] {taskinstance.py:2644} INFO - Exporting env vars: AIRFLOW_CTX_DAG_OWNER='***' AIRFLOW_CTX_DAG_ID='spotify_final_dag' AIRFLOW_CTX_TASK_ID='hello2' AIRFLOW_CTX_EXECUTION_DATE='2024-04-16T00:56:00+00:00' AIRFLOW_CTX_TRY_NUMBER='1' AIRFLOW_CTX_DAG_RUN_ID='scheduled__2024-04-16T00:56:00+00:00'
[2024-04-16T09:46:58.741+0000] {taskinstance.py:430} INFO - ::endgroup::
[2024-04-16T09:46:59.122+0000] {logging_mixin.py:188} INFO - Connection successful
[2024-04-16T09:46:59.554+0000] {logging_mixin.py:188} INFO - Connection successful
[2024-04-16T09:47:00.035+0000] {logging_mixin.py:188} INFO - Connection successful
[2024-04-16T09:47:00.038+0000] {logging_mixin.py:188} INFO - Null Not Found
[2024-04-16T09:47:00.039+0000] {logging_mixin.py:188} INFO - Null Not Found
[2024-04-16T09:47:00.048+0000] {logging_mixin.py:188} INFO - Null Not Found
[2024-04-16T09:47:00.048+0000] {logging_mixin.py:188} INFO - Null Not Found
[2024-04-16T09:47:00.049+0000] {logging_mixin.py:188} INFO - Null Not Found
[2024-04-16T09:47:00.050+0000] {logging_mixin.py:188} INFO - Null Not Found
[2024-04-16T09:47:00.051+0000] {python.py:237} INFO - Done. Returned value was: None
[2024-04-16T09:47:00.051+0000] {taskinstance.py:441} INFO - ::group::Post task execution logs
[2024-04-16T09:47:00.058+0000] {taskinstance.py:1205} INFO - Marking task as SUCCESS. dag_id=spotify_final_dag, task_id=hello2, execution_date=20240416T005600, start_date=20240416T094658, end_date=20240416T094700
[2024-04-16T09:47:00.103+0000] {local_task_job_runner.py:240} INFO - Task exited with return code 0
[2024-04-16T09:47:00.114+0000] {taskinstance.py:3482} INFO - 0 downstream tasks scheduled from follow-on schedule check
[2024-04-16T09:47:00.116+0000] {local_task_job_runner.py:222} INFO - ::endgroup::
