[2024-04-16T09:49:39.990+0000] {local_task_job_runner.py:120} INFO - ::group::Pre task execution logs
[2024-04-16T09:49:40.009+0000] {taskinstance.py:2073} INFO - Dependencies all met for dep_context=non-requeueable deps ti=<TaskInstance: spotify_final_dag.hello2 scheduled__2024-04-16T09:26:00+00:00 [queued]>
[2024-04-16T09:49:40.015+0000] {taskinstance.py:2073} INFO - Dependencies all met for dep_context=requeueable deps ti=<TaskInstance: spotify_final_dag.hello2 scheduled__2024-04-16T09:26:00+00:00 [queued]>
[2024-04-16T09:49:40.016+0000] {taskinstance.py:2303} INFO - Starting attempt 1 of 2
[2024-04-16T09:49:40.026+0000] {taskinstance.py:2327} INFO - Executing <Task(PythonOperator): hello2> on 2024-04-16 09:26:00+00:00
[2024-04-16T09:49:40.034+0000] {warnings.py:110} WARNING - /home/***/.local/lib/python3.12/site-packages/***/task/task_runner/standard_task_runner.py:61: DeprecationWarning: This process (pid=5478) is multi-threaded, use of fork() may lead to deadlocks in the child.
  pid = os.fork()

[2024-04-16T09:49:40.035+0000] {standard_task_runner.py:63} INFO - Started process 5494 to run task
[2024-04-16T09:49:40.035+0000] {standard_task_runner.py:90} INFO - Running: ['***', 'tasks', 'run', 'spotify_final_dag', 'hello2', 'scheduled__2024-04-16T09:26:00+00:00', '--job-id', '1513', '--raw', '--subdir', 'DAGS_FOLDER/dag.py', '--cfg-path', '/tmp/tmp2y10hrx2']
[2024-04-16T09:49:40.036+0000] {standard_task_runner.py:91} INFO - Job 1513: Subtask hello2
[2024-04-16T09:49:40.070+0000] {task_command.py:426} INFO - Running <TaskInstance: spotify_final_dag.hello2 scheduled__2024-04-16T09:26:00+00:00 [running]> on host 52651c1f9987
[2024-04-16T09:49:40.137+0000] {taskinstance.py:2644} INFO - Exporting env vars: AIRFLOW_CTX_DAG_OWNER='***' AIRFLOW_CTX_DAG_ID='spotify_final_dag' AIRFLOW_CTX_TASK_ID='hello2' AIRFLOW_CTX_EXECUTION_DATE='2024-04-16T09:26:00+00:00' AIRFLOW_CTX_TRY_NUMBER='1' AIRFLOW_CTX_DAG_RUN_ID='scheduled__2024-04-16T09:26:00+00:00'
[2024-04-16T09:49:40.139+0000] {taskinstance.py:430} INFO - ::endgroup::
[2024-04-16T09:49:40.508+0000] {logging_mixin.py:188} INFO - Connection successful
[2024-04-16T09:49:40.943+0000] {logging_mixin.py:188} INFO - Connection successful
[2024-04-16T09:49:41.344+0000] {logging_mixin.py:188} INFO - Connection successful
[2024-04-16T09:49:41.347+0000] {logging_mixin.py:188} INFO - Null Not Found
[2024-04-16T09:49:41.348+0000] {logging_mixin.py:188} INFO - Null Not Found
[2024-04-16T09:49:41.356+0000] {logging_mixin.py:188} INFO - Null Not Found
[2024-04-16T09:49:41.357+0000] {logging_mixin.py:188} INFO - Null Not Found
[2024-04-16T09:49:41.358+0000] {logging_mixin.py:188} INFO - Null Not Found
[2024-04-16T09:49:41.359+0000] {logging_mixin.py:188} INFO - Null Not Found
[2024-04-16T09:49:41.360+0000] {python.py:237} INFO - Done. Returned value was: None
[2024-04-16T09:49:41.360+0000] {taskinstance.py:441} INFO - ::group::Post task execution logs
[2024-04-16T09:49:41.367+0000] {taskinstance.py:1205} INFO - Marking task as SUCCESS. dag_id=spotify_final_dag, task_id=hello2, execution_date=20240416T092600, start_date=20240416T094940, end_date=20240416T094941
[2024-04-16T09:49:41.412+0000] {local_task_job_runner.py:240} INFO - Task exited with return code 0
[2024-04-16T09:49:41.425+0000] {taskinstance.py:3482} INFO - 0 downstream tasks scheduled from follow-on schedule check
[2024-04-16T09:49:41.427+0000] {local_task_job_runner.py:222} INFO - ::endgroup::
