[2024-04-16T09:39:26.011+0000] {local_task_job_runner.py:120} INFO - ::group::Pre task execution logs
[2024-04-16T09:39:26.034+0000] {taskinstance.py:2073} INFO - Dependencies all met for dep_context=non-requeueable deps ti=<TaskInstance: spotify_final_dag.hello2 scheduled__2024-04-16T02:22:00+00:00 [queued]>
[2024-04-16T09:39:26.049+0000] {taskinstance.py:2073} INFO - Dependencies all met for dep_context=requeueable deps ti=<TaskInstance: spotify_final_dag.hello2 scheduled__2024-04-16T02:22:00+00:00 [queued]>
[2024-04-16T09:39:26.050+0000] {taskinstance.py:2303} INFO - Starting attempt 1 of 2
[2024-04-16T09:39:26.065+0000] {taskinstance.py:2327} INFO - Executing <Task(PythonOperator): hello2> on 2024-04-16 02:22:00+00:00
[2024-04-16T09:39:26.076+0000] {warnings.py:110} WARNING - /home/***/.local/lib/python3.12/site-packages/***/task/task_runner/standard_task_runner.py:61: DeprecationWarning: This process (pid=2040) is multi-threaded, use of fork() may lead to deadlocks in the child.
  pid = os.fork()

[2024-04-16T09:39:26.077+0000] {standard_task_runner.py:63} INFO - Started process 2069 to run task
[2024-04-16T09:39:26.078+0000] {standard_task_runner.py:90} INFO - Running: ['***', 'tasks', 'run', 'spotify_final_dag', 'hello2', 'scheduled__2024-04-16T02:22:00+00:00', '--job-id', '412', '--raw', '--subdir', 'DAGS_FOLDER/dag.py', '--cfg-path', '/tmp/tmpg2isrx2u']
[2024-04-16T09:39:26.079+0000] {standard_task_runner.py:91} INFO - Job 412: Subtask hello2
[2024-04-16T09:39:26.131+0000] {task_command.py:426} INFO - Running <TaskInstance: spotify_final_dag.hello2 scheduled__2024-04-16T02:22:00+00:00 [running]> on host 52651c1f9987
[2024-04-16T09:39:26.254+0000] {taskinstance.py:2644} INFO - Exporting env vars: AIRFLOW_CTX_DAG_OWNER='***' AIRFLOW_CTX_DAG_ID='spotify_final_dag' AIRFLOW_CTX_TASK_ID='hello2' AIRFLOW_CTX_EXECUTION_DATE='2024-04-16T02:22:00+00:00' AIRFLOW_CTX_TRY_NUMBER='1' AIRFLOW_CTX_DAG_RUN_ID='scheduled__2024-04-16T02:22:00+00:00'
[2024-04-16T09:39:26.257+0000] {taskinstance.py:430} INFO - ::endgroup::
[2024-04-16T09:39:26.669+0000] {logging_mixin.py:188} INFO - Connection successful
[2024-04-16T09:39:27.135+0000] {logging_mixin.py:188} INFO - Connection successful
[2024-04-16T09:39:27.576+0000] {logging_mixin.py:188} INFO - Connection successful
[2024-04-16T09:39:27.580+0000] {logging_mixin.py:188} INFO - Null Not Found
[2024-04-16T09:39:27.581+0000] {logging_mixin.py:188} INFO - Null Not Found
[2024-04-16T09:39:27.589+0000] {logging_mixin.py:188} INFO - Null Not Found
[2024-04-16T09:39:27.590+0000] {logging_mixin.py:188} INFO - Null Not Found
[2024-04-16T09:39:27.591+0000] {logging_mixin.py:188} INFO - Null Not Found
[2024-04-16T09:39:27.592+0000] {logging_mixin.py:188} INFO - Null Not Found
[2024-04-16T09:39:27.593+0000] {python.py:237} INFO - Done. Returned value was: None
[2024-04-16T09:39:27.593+0000] {taskinstance.py:441} INFO - ::group::Post task execution logs
[2024-04-16T09:39:27.600+0000] {taskinstance.py:1205} INFO - Marking task as SUCCESS. dag_id=spotify_final_dag, task_id=hello2, execution_date=20240416T022200, start_date=20240416T093926, end_date=20240416T093927
[2024-04-16T09:39:27.616+0000] {local_task_job_runner.py:240} INFO - Task exited with return code 0
[2024-04-16T09:39:27.630+0000] {taskinstance.py:3482} INFO - 0 downstream tasks scheduled from follow-on schedule check
[2024-04-16T09:39:27.632+0000] {local_task_job_runner.py:222} INFO - ::endgroup::
[2024-04-16T09:47:28.824+0000] {local_task_job_runner.py:120} INFO - ::group::Pre task execution logs
[2024-04-16T09:47:28.848+0000] {taskinstance.py:2073} INFO - Dependencies all met for dep_context=non-requeueable deps ti=<TaskInstance: spotify_final_dag.hello2 scheduled__2024-04-16T02:22:00+00:00 [queued]>
[2024-04-16T09:47:28.858+0000] {taskinstance.py:2073} INFO - Dependencies all met for dep_context=requeueable deps ti=<TaskInstance: spotify_final_dag.hello2 scheduled__2024-04-16T02:22:00+00:00 [queued]>
[2024-04-16T09:47:28.858+0000] {taskinstance.py:2303} INFO - Starting attempt 1 of 2
[2024-04-16T09:47:28.873+0000] {taskinstance.py:2327} INFO - Executing <Task(PythonOperator): hello2> on 2024-04-16 02:22:00+00:00
[2024-04-16T09:47:28.886+0000] {warnings.py:110} WARNING - /home/***/.local/lib/python3.12/site-packages/***/task/task_runner/standard_task_runner.py:61: DeprecationWarning: This process (pid=4201) is multi-threaded, use of fork() may lead to deadlocks in the child.
  pid = os.fork()

[2024-04-16T09:47:28.888+0000] {standard_task_runner.py:63} INFO - Started process 4225 to run task
[2024-04-16T09:47:28.888+0000] {standard_task_runner.py:90} INFO - Running: ['***', 'tasks', 'run', 'spotify_final_dag', 'hello2', 'scheduled__2024-04-16T02:22:00+00:00', '--job-id', '1096', '--raw', '--subdir', 'DAGS_FOLDER/dag.py', '--cfg-path', '/tmp/tmpq_bnkh6c']
[2024-04-16T09:47:28.889+0000] {standard_task_runner.py:91} INFO - Job 1096: Subtask hello2
[2024-04-16T09:47:28.942+0000] {task_command.py:426} INFO - Running <TaskInstance: spotify_final_dag.hello2 scheduled__2024-04-16T02:22:00+00:00 [running]> on host 52651c1f9987
[2024-04-16T09:47:29.027+0000] {taskinstance.py:2644} INFO - Exporting env vars: AIRFLOW_CTX_DAG_OWNER='***' AIRFLOW_CTX_DAG_ID='spotify_final_dag' AIRFLOW_CTX_TASK_ID='hello2' AIRFLOW_CTX_EXECUTION_DATE='2024-04-16T02:22:00+00:00' AIRFLOW_CTX_TRY_NUMBER='1' AIRFLOW_CTX_DAG_RUN_ID='scheduled__2024-04-16T02:22:00+00:00'
[2024-04-16T09:47:29.028+0000] {taskinstance.py:430} INFO - ::endgroup::
[2024-04-16T09:47:29.525+0000] {logging_mixin.py:188} INFO - Connection successful
[2024-04-16T09:47:29.999+0000] {logging_mixin.py:188} INFO - Connection successful
[2024-04-16T09:47:30.425+0000] {logging_mixin.py:188} INFO - Connection successful
[2024-04-16T09:47:30.429+0000] {logging_mixin.py:188} INFO - Null Not Found
[2024-04-16T09:47:30.431+0000] {logging_mixin.py:188} INFO - Null Not Found
[2024-04-16T09:47:30.442+0000] {logging_mixin.py:188} INFO - Null Not Found
[2024-04-16T09:47:30.443+0000] {logging_mixin.py:188} INFO - Null Not Found
[2024-04-16T09:47:30.444+0000] {logging_mixin.py:188} INFO - Null Not Found
[2024-04-16T09:47:30.445+0000] {logging_mixin.py:188} INFO - Null Not Found
[2024-04-16T09:47:30.447+0000] {python.py:237} INFO - Done. Returned value was: None
[2024-04-16T09:47:30.448+0000] {taskinstance.py:441} INFO - ::group::Post task execution logs
[2024-04-16T09:47:30.457+0000] {taskinstance.py:1205} INFO - Marking task as SUCCESS. dag_id=spotify_final_dag, task_id=hello2, execution_date=20240416T022200, start_date=20240416T094728, end_date=20240416T094730
[2024-04-16T09:47:30.506+0000] {local_task_job_runner.py:240} INFO - Task exited with return code 0
[2024-04-16T09:47:30.521+0000] {taskinstance.py:3482} INFO - 0 downstream tasks scheduled from follow-on schedule check
[2024-04-16T09:47:30.524+0000] {local_task_job_runner.py:222} INFO - ::endgroup::
