[2024-04-16T09:38:00.257+0000] {local_task_job_runner.py:120} INFO - ::group::Pre task execution logs
[2024-04-16T09:38:00.282+0000] {taskinstance.py:2073} INFO - Dependencies all met for dep_context=non-requeueable deps ti=<TaskInstance: spotify_final_dag.hello2 scheduled__2024-04-16T00:30:00+00:00 [queued]>
[2024-04-16T09:38:00.293+0000] {taskinstance.py:2073} INFO - Dependencies all met for dep_context=requeueable deps ti=<TaskInstance: spotify_final_dag.hello2 scheduled__2024-04-16T00:30:00+00:00 [queued]>
[2024-04-16T09:38:00.294+0000] {taskinstance.py:2303} INFO - Starting attempt 1 of 2
[2024-04-16T09:38:00.311+0000] {taskinstance.py:2327} INFO - Executing <Task(PythonOperator): hello2> on 2024-04-16 00:30:00+00:00
[2024-04-16T09:38:00.323+0000] {warnings.py:110} WARNING - /home/***/.local/lib/python3.12/site-packages/***/task/task_runner/standard_task_runner.py:61: DeprecationWarning: This process (pid=1324) is multi-threaded, use of fork() may lead to deadlocks in the child.
  pid = os.fork()

[2024-04-16T09:38:00.323+0000] {standard_task_runner.py:90} INFO - Running: ['***', 'tasks', 'run', 'spotify_final_dag', 'hello2', 'scheduled__2024-04-16T00:30:00+00:00', '--job-id', '175', '--raw', '--subdir', 'DAGS_FOLDER/dag.py', '--cfg-path', '/tmp/tmpa993vg43']
[2024-04-16T09:38:00.326+0000] {standard_task_runner.py:63} INFO - Started process 1337 to run task
[2024-04-16T09:38:00.326+0000] {standard_task_runner.py:91} INFO - Job 175: Subtask hello2
[2024-04-16T09:38:00.371+0000] {task_command.py:426} INFO - Running <TaskInstance: spotify_final_dag.hello2 scheduled__2024-04-16T00:30:00+00:00 [running]> on host 52651c1f9987
[2024-04-16T09:38:00.439+0000] {taskinstance.py:2644} INFO - Exporting env vars: AIRFLOW_CTX_DAG_OWNER='***' AIRFLOW_CTX_DAG_ID='spotify_final_dag' AIRFLOW_CTX_TASK_ID='hello2' AIRFLOW_CTX_EXECUTION_DATE='2024-04-16T00:30:00+00:00' AIRFLOW_CTX_TRY_NUMBER='1' AIRFLOW_CTX_DAG_RUN_ID='scheduled__2024-04-16T00:30:00+00:00'
[2024-04-16T09:38:00.440+0000] {taskinstance.py:430} INFO - ::endgroup::
[2024-04-16T09:38:00.854+0000] {logging_mixin.py:188} INFO - Connection successful
[2024-04-16T09:38:01.276+0000] {logging_mixin.py:188} INFO - Connection successful
[2024-04-16T09:38:01.733+0000] {logging_mixin.py:188} INFO - Connection successful
[2024-04-16T09:38:01.737+0000] {logging_mixin.py:188} INFO - Null Not Found
[2024-04-16T09:38:01.738+0000] {logging_mixin.py:188} INFO - Null Not Found
[2024-04-16T09:38:01.746+0000] {logging_mixin.py:188} INFO - Null Not Found
[2024-04-16T09:38:01.747+0000] {logging_mixin.py:188} INFO - Null Not Found
[2024-04-16T09:38:01.748+0000] {logging_mixin.py:188} INFO - Null Not Found
[2024-04-16T09:38:01.748+0000] {logging_mixin.py:188} INFO - Null Not Found
[2024-04-16T09:38:01.749+0000] {python.py:237} INFO - Done. Returned value was: None
[2024-04-16T09:38:01.750+0000] {taskinstance.py:441} INFO - ::group::Post task execution logs
[2024-04-16T09:38:01.756+0000] {taskinstance.py:1205} INFO - Marking task as SUCCESS. dag_id=spotify_final_dag, task_id=hello2, execution_date=20240416T003000, start_date=20240416T093800, end_date=20240416T093801
[2024-04-16T09:38:01.785+0000] {local_task_job_runner.py:240} INFO - Task exited with return code 0
[2024-04-16T09:38:01.796+0000] {taskinstance.py:3482} INFO - 0 downstream tasks scheduled from follow-on schedule check
[2024-04-16T09:38:01.798+0000] {local_task_job_runner.py:222} INFO - ::endgroup::
[2024-04-16T09:44:33.367+0000] {local_task_job_runner.py:120} INFO - ::group::Pre task execution logs
[2024-04-16T09:44:33.383+0000] {taskinstance.py:2073} INFO - Dependencies all met for dep_context=non-requeueable deps ti=<TaskInstance: spotify_final_dag.hello2 scheduled__2024-04-16T00:30:00+00:00 [queued]>
[2024-04-16T09:44:33.389+0000] {taskinstance.py:2073} INFO - Dependencies all met for dep_context=requeueable deps ti=<TaskInstance: spotify_final_dag.hello2 scheduled__2024-04-16T00:30:00+00:00 [queued]>
[2024-04-16T09:44:33.389+0000] {taskinstance.py:2303} INFO - Starting attempt 1 of 2
[2024-04-16T09:44:33.400+0000] {taskinstance.py:2327} INFO - Executing <Task(PythonOperator): hello2> on 2024-04-16 00:30:00+00:00
[2024-04-16T09:44:33.405+0000] {warnings.py:110} WARNING - /home/***/.local/lib/python3.12/site-packages/***/task/task_runner/standard_task_runner.py:61: DeprecationWarning: This process (pid=3667) is multi-threaded, use of fork() may lead to deadlocks in the child.
  pid = os.fork()

[2024-04-16T09:44:33.407+0000] {standard_task_runner.py:63} INFO - Started process 3672 to run task
[2024-04-16T09:44:33.406+0000] {standard_task_runner.py:90} INFO - Running: ['***', 'tasks', 'run', 'spotify_final_dag', 'hello2', 'scheduled__2024-04-16T00:30:00+00:00', '--job-id', '927', '--raw', '--subdir', 'DAGS_FOLDER/dag.py', '--cfg-path', '/tmp/tmpghibst81']
[2024-04-16T09:44:33.408+0000] {standard_task_runner.py:91} INFO - Job 927: Subtask hello2
[2024-04-16T09:44:33.443+0000] {task_command.py:426} INFO - Running <TaskInstance: spotify_final_dag.hello2 scheduled__2024-04-16T00:30:00+00:00 [running]> on host 52651c1f9987
[2024-04-16T09:44:33.503+0000] {taskinstance.py:2644} INFO - Exporting env vars: AIRFLOW_CTX_DAG_OWNER='***' AIRFLOW_CTX_DAG_ID='spotify_final_dag' AIRFLOW_CTX_TASK_ID='hello2' AIRFLOW_CTX_EXECUTION_DATE='2024-04-16T00:30:00+00:00' AIRFLOW_CTX_TRY_NUMBER='1' AIRFLOW_CTX_DAG_RUN_ID='scheduled__2024-04-16T00:30:00+00:00'
[2024-04-16T09:44:33.504+0000] {taskinstance.py:430} INFO - ::endgroup::
[2024-04-16T09:44:37.062+0000] {logging_mixin.py:188} INFO - There was a problem with the connection. Trial number 1, Status Code: 401
[2024-04-16T09:44:40.328+0000] {logging_mixin.py:188} INFO - There was a problem with the connection. Trial number 2, Status Code: 401
[2024-04-16T09:44:40.330+0000] {taskinstance.py:441} INFO - ::group::Post task execution logs
[2024-04-16T09:44:40.331+0000] {taskinstance.py:2890} ERROR - Task failed with exception
Traceback (most recent call last):
  File "/home/airflow/.local/lib/python3.12/site-packages/airflow/models/taskinstance.py", line 465, in _execute_task
    result = _execute_callable(context=context, **execute_callable_kwargs)
             ^^^^^^^^^^^^^^^^^^^^^^^^^^^^^^^^^^^^^^^^^^^^^^^^^^^^^^^^^^^^^
  File "/home/airflow/.local/lib/python3.12/site-packages/airflow/models/taskinstance.py", line 432, in _execute_callable
    return execute_callable(context=context, **execute_callable_kwargs)
           ^^^^^^^^^^^^^^^^^^^^^^^^^^^^^^^^^^^^^^^^^^^^^^^^^^^^^^^^^^^^
  File "/home/airflow/.local/lib/python3.12/site-packages/airflow/models/baseoperator.py", line 400, in wrapper
    return func(self, *args, **kwargs)
           ^^^^^^^^^^^^^^^^^^^^^^^^^^^
  File "/home/airflow/.local/lib/python3.12/site-packages/airflow/operators/python.py", line 235, in execute
    return_value = self.execute_callable()
                   ^^^^^^^^^^^^^^^^^^^^^^^
  File "/home/airflow/.local/lib/python3.12/site-packages/airflow/operators/python.py", line 252, in execute_callable
    return self.python_callable(*self.op_args, **self.op_kwargs)
           ^^^^^^^^^^^^^^^^^^^^^^^^^^^^^^^^^^^^^^^^^^^^^^^^^^^^^
  File "/opt/airflow/dags/get_data.py", line 95, in processes
    album_data = get_album(connection())
                 ^^^^^^^^^^^^^^^^^^^^^^^
  File "/opt/airflow/dags/get_data.py", line 11, in get_album
    for album in data["items"]:
                 ~~~~^^^^^^^^^
TypeError: 'NoneType' object is not subscriptable
[2024-04-16T09:44:40.340+0000] {taskinstance.py:1205} INFO - Marking task as UP_FOR_RETRY. dag_id=spotify_final_dag, task_id=hello2, execution_date=20240416T003000, start_date=20240416T094433, end_date=20240416T094440
[2024-04-16T09:44:40.349+0000] {standard_task_runner.py:110} ERROR - Failed to execute job 927 for task hello2 ('NoneType' object is not subscriptable; 3672)
[2024-04-16T09:44:40.377+0000] {local_task_job_runner.py:240} INFO - Task exited with return code 1
[2024-04-16T09:44:40.388+0000] {taskinstance.py:3482} INFO - 0 downstream tasks scheduled from follow-on schedule check
[2024-04-16T09:44:40.390+0000] {local_task_job_runner.py:222} INFO - ::endgroup::
[2024-04-16T09:46:49.181+0000] {local_task_job_runner.py:120} INFO - ::group::Pre task execution logs
[2024-04-16T09:46:49.197+0000] {taskinstance.py:2073} INFO - Dependencies all met for dep_context=non-requeueable deps ti=<TaskInstance: spotify_final_dag.hello2 scheduled__2024-04-16T00:30:00+00:00 [queued]>
[2024-04-16T09:46:49.202+0000] {taskinstance.py:2073} INFO - Dependencies all met for dep_context=requeueable deps ti=<TaskInstance: spotify_final_dag.hello2 scheduled__2024-04-16T00:30:00+00:00 [queued]>
[2024-04-16T09:46:49.203+0000] {taskinstance.py:2303} INFO - Starting attempt 1 of 2
[2024-04-16T09:46:49.212+0000] {taskinstance.py:2327} INFO - Executing <Task(PythonOperator): hello2> on 2024-04-16 00:30:00+00:00
[2024-04-16T09:46:49.219+0000] {warnings.py:110} WARNING - /home/***/.local/lib/python3.12/site-packages/***/task/task_runner/standard_task_runner.py:61: DeprecationWarning: This process (pid=3842) is multi-threaded, use of fork() may lead to deadlocks in the child.
  pid = os.fork()

[2024-04-16T09:46:49.220+0000] {standard_task_runner.py:63} INFO - Started process 3845 to run task
[2024-04-16T09:46:49.220+0000] {standard_task_runner.py:90} INFO - Running: ['***', 'tasks', 'run', 'spotify_final_dag', 'hello2', 'scheduled__2024-04-16T00:30:00+00:00', '--job-id', '976', '--raw', '--subdir', 'DAGS_FOLDER/dag.py', '--cfg-path', '/tmp/tmpo7dweq84']
[2024-04-16T09:46:49.221+0000] {standard_task_runner.py:91} INFO - Job 976: Subtask hello2
[2024-04-16T09:46:49.254+0000] {task_command.py:426} INFO - Running <TaskInstance: spotify_final_dag.hello2 scheduled__2024-04-16T00:30:00+00:00 [running]> on host 52651c1f9987
[2024-04-16T09:46:49.325+0000] {taskinstance.py:2644} INFO - Exporting env vars: AIRFLOW_CTX_DAG_OWNER='***' AIRFLOW_CTX_DAG_ID='spotify_final_dag' AIRFLOW_CTX_TASK_ID='hello2' AIRFLOW_CTX_EXECUTION_DATE='2024-04-16T00:30:00+00:00' AIRFLOW_CTX_TRY_NUMBER='1' AIRFLOW_CTX_DAG_RUN_ID='scheduled__2024-04-16T00:30:00+00:00'
[2024-04-16T09:46:49.327+0000] {taskinstance.py:430} INFO - ::endgroup::
[2024-04-16T09:46:49.725+0000] {logging_mixin.py:188} INFO - Connection successful
[2024-04-16T09:46:50.174+0000] {logging_mixin.py:188} INFO - Connection successful
[2024-04-16T09:46:50.564+0000] {logging_mixin.py:188} INFO - Connection successful
[2024-04-16T09:46:50.569+0000] {logging_mixin.py:188} INFO - Null Not Found
[2024-04-16T09:46:50.570+0000] {logging_mixin.py:188} INFO - Null Not Found
[2024-04-16T09:46:50.578+0000] {logging_mixin.py:188} INFO - Null Not Found
[2024-04-16T09:46:50.579+0000] {logging_mixin.py:188} INFO - Null Not Found
[2024-04-16T09:46:50.580+0000] {logging_mixin.py:188} INFO - Null Not Found
[2024-04-16T09:46:50.581+0000] {logging_mixin.py:188} INFO - Null Not Found
[2024-04-16T09:46:50.582+0000] {python.py:237} INFO - Done. Returned value was: None
[2024-04-16T09:46:50.582+0000] {taskinstance.py:441} INFO - ::group::Post task execution logs
[2024-04-16T09:46:50.589+0000] {taskinstance.py:1205} INFO - Marking task as SUCCESS. dag_id=spotify_final_dag, task_id=hello2, execution_date=20240416T003000, start_date=20240416T094649, end_date=20240416T094650
[2024-04-16T09:46:50.640+0000] {local_task_job_runner.py:240} INFO - Task exited with return code 0
[2024-04-16T09:46:50.652+0000] {taskinstance.py:3482} INFO - 0 downstream tasks scheduled from follow-on schedule check
[2024-04-16T09:46:50.655+0000] {local_task_job_runner.py:222} INFO - ::endgroup::
