[2024-04-16T09:38:09.066+0000] {local_task_job_runner.py:120} INFO - ::group::Pre task execution logs
[2024-04-16T09:38:09.088+0000] {taskinstance.py:2073} INFO - Dependencies all met for dep_context=non-requeueable deps ti=<TaskInstance: spotify_final_dag.hello2 scheduled__2024-04-16T00:34:00+00:00 [queued]>
[2024-04-16T09:38:09.099+0000] {taskinstance.py:2073} INFO - Dependencies all met for dep_context=requeueable deps ti=<TaskInstance: spotify_final_dag.hello2 scheduled__2024-04-16T00:34:00+00:00 [queued]>
[2024-04-16T09:38:09.100+0000] {taskinstance.py:2303} INFO - Starting attempt 1 of 2
[2024-04-16T09:38:09.113+0000] {taskinstance.py:2327} INFO - Executing <Task(PythonOperator): hello2> on 2024-04-16 00:34:00+00:00
[2024-04-16T09:38:09.122+0000] {warnings.py:110} WARNING - /home/***/.local/lib/python3.12/site-packages/***/task/task_runner/standard_task_runner.py:61: DeprecationWarning: This process (pid=1387) is multi-threaded, use of fork() may lead to deadlocks in the child.
  pid = os.fork()

[2024-04-16T09:38:09.124+0000] {standard_task_runner.py:63} INFO - Started process 1415 to run task
[2024-04-16T09:38:09.124+0000] {standard_task_runner.py:90} INFO - Running: ['***', 'tasks', 'run', 'spotify_final_dag', 'hello2', 'scheduled__2024-04-16T00:34:00+00:00', '--job-id', '196', '--raw', '--subdir', 'DAGS_FOLDER/dag.py', '--cfg-path', '/tmp/tmpoiio0iep']
[2024-04-16T09:38:09.125+0000] {standard_task_runner.py:91} INFO - Job 196: Subtask hello2
[2024-04-16T09:38:09.180+0000] {task_command.py:426} INFO - Running <TaskInstance: spotify_final_dag.hello2 scheduled__2024-04-16T00:34:00+00:00 [running]> on host 52651c1f9987
[2024-04-16T09:38:09.294+0000] {taskinstance.py:2644} INFO - Exporting env vars: AIRFLOW_CTX_DAG_OWNER='***' AIRFLOW_CTX_DAG_ID='spotify_final_dag' AIRFLOW_CTX_TASK_ID='hello2' AIRFLOW_CTX_EXECUTION_DATE='2024-04-16T00:34:00+00:00' AIRFLOW_CTX_TRY_NUMBER='1' AIRFLOW_CTX_DAG_RUN_ID='scheduled__2024-04-16T00:34:00+00:00'
[2024-04-16T09:38:09.296+0000] {taskinstance.py:430} INFO - ::endgroup::
[2024-04-16T09:38:09.781+0000] {logging_mixin.py:188} INFO - Connection successful
[2024-04-16T09:38:10.225+0000] {logging_mixin.py:188} INFO - Connection successful
[2024-04-16T09:38:10.653+0000] {logging_mixin.py:188} INFO - Connection successful
[2024-04-16T09:38:10.659+0000] {logging_mixin.py:188} INFO - Null Not Found
[2024-04-16T09:38:10.660+0000] {logging_mixin.py:188} INFO - Null Not Found
[2024-04-16T09:38:10.672+0000] {logging_mixin.py:188} INFO - Null Not Found
[2024-04-16T09:38:10.673+0000] {logging_mixin.py:188} INFO - Null Not Found
[2024-04-16T09:38:10.675+0000] {logging_mixin.py:188} INFO - Null Not Found
[2024-04-16T09:38:10.676+0000] {logging_mixin.py:188} INFO - Null Not Found
[2024-04-16T09:38:10.678+0000] {python.py:237} INFO - Done. Returned value was: None
[2024-04-16T09:38:10.679+0000] {taskinstance.py:441} INFO - ::group::Post task execution logs
[2024-04-16T09:38:10.688+0000] {taskinstance.py:1205} INFO - Marking task as SUCCESS. dag_id=spotify_final_dag, task_id=hello2, execution_date=20240416T003400, start_date=20240416T093809, end_date=20240416T093810
[2024-04-16T09:38:10.784+0000] {local_task_job_runner.py:240} INFO - Task exited with return code 0
[2024-04-16T09:38:10.801+0000] {taskinstance.py:3482} INFO - 0 downstream tasks scheduled from follow-on schedule check
[2024-04-16T09:38:10.803+0000] {local_task_job_runner.py:222} INFO - ::endgroup::
[2024-04-16T09:46:56.769+0000] {local_task_job_runner.py:120} INFO - ::group::Pre task execution logs
[2024-04-16T09:46:56.797+0000] {taskinstance.py:2073} INFO - Dependencies all met for dep_context=non-requeueable deps ti=<TaskInstance: spotify_final_dag.hello2 scheduled__2024-04-16T00:34:00+00:00 [queued]>
[2024-04-16T09:46:56.810+0000] {taskinstance.py:2073} INFO - Dependencies all met for dep_context=requeueable deps ti=<TaskInstance: spotify_final_dag.hello2 scheduled__2024-04-16T00:34:00+00:00 [queued]>
[2024-04-16T09:46:56.811+0000] {taskinstance.py:2303} INFO - Starting attempt 1 of 2
[2024-04-16T09:46:56.831+0000] {taskinstance.py:2327} INFO - Executing <Task(PythonOperator): hello2> on 2024-04-16 00:34:00+00:00
[2024-04-16T09:46:56.848+0000] {warnings.py:110} WARNING - /home/***/.local/lib/python3.12/site-packages/***/task/task_runner/standard_task_runner.py:61: DeprecationWarning: This process (pid=3883) is multi-threaded, use of fork() may lead to deadlocks in the child.
  pid = os.fork()

[2024-04-16T09:46:56.850+0000] {standard_task_runner.py:63} INFO - Started process 3914 to run task
[2024-04-16T09:46:56.856+0000] {standard_task_runner.py:90} INFO - Running: ['***', 'tasks', 'run', 'spotify_final_dag', 'hello2', 'scheduled__2024-04-16T00:34:00+00:00', '--job-id', '993', '--raw', '--subdir', 'DAGS_FOLDER/dag.py', '--cfg-path', '/tmp/tmphxgebdch']
[2024-04-16T09:46:56.858+0000] {standard_task_runner.py:91} INFO - Job 993: Subtask hello2
[2024-04-16T09:46:56.920+0000] {task_command.py:426} INFO - Running <TaskInstance: spotify_final_dag.hello2 scheduled__2024-04-16T00:34:00+00:00 [running]> on host 52651c1f9987
[2024-04-16T09:46:57.038+0000] {taskinstance.py:2644} INFO - Exporting env vars: AIRFLOW_CTX_DAG_OWNER='***' AIRFLOW_CTX_DAG_ID='spotify_final_dag' AIRFLOW_CTX_TASK_ID='hello2' AIRFLOW_CTX_EXECUTION_DATE='2024-04-16T00:34:00+00:00' AIRFLOW_CTX_TRY_NUMBER='1' AIRFLOW_CTX_DAG_RUN_ID='scheduled__2024-04-16T00:34:00+00:00'
[2024-04-16T09:46:57.041+0000] {taskinstance.py:430} INFO - ::endgroup::
[2024-04-16T09:46:57.503+0000] {logging_mixin.py:188} INFO - Connection successful
[2024-04-16T09:46:57.954+0000] {logging_mixin.py:188} INFO - Connection successful
[2024-04-16T09:46:58.380+0000] {logging_mixin.py:188} INFO - Connection successful
[2024-04-16T09:46:58.386+0000] {logging_mixin.py:188} INFO - Null Not Found
[2024-04-16T09:46:58.387+0000] {logging_mixin.py:188} INFO - Null Not Found
[2024-04-16T09:46:58.396+0000] {logging_mixin.py:188} INFO - Null Not Found
[2024-04-16T09:46:58.397+0000] {logging_mixin.py:188} INFO - Null Not Found
[2024-04-16T09:46:58.398+0000] {logging_mixin.py:188} INFO - Null Not Found
[2024-04-16T09:46:58.399+0000] {logging_mixin.py:188} INFO - Null Not Found
[2024-04-16T09:46:58.400+0000] {python.py:237} INFO - Done. Returned value was: None
[2024-04-16T09:46:58.401+0000] {taskinstance.py:441} INFO - ::group::Post task execution logs
[2024-04-16T09:46:58.410+0000] {taskinstance.py:1205} INFO - Marking task as SUCCESS. dag_id=spotify_final_dag, task_id=hello2, execution_date=20240416T003400, start_date=20240416T094656, end_date=20240416T094658
[2024-04-16T09:46:58.438+0000] {local_task_job_runner.py:240} INFO - Task exited with return code 0
[2024-04-16T09:46:58.452+0000] {taskinstance.py:3482} INFO - 0 downstream tasks scheduled from follow-on schedule check
[2024-04-16T09:46:58.454+0000] {local_task_job_runner.py:222} INFO - ::endgroup::
