[2024-04-16T09:38:22.356+0000] {local_task_job_runner.py:120} INFO - ::group::Pre task execution logs
[2024-04-16T09:38:22.374+0000] {taskinstance.py:2073} INFO - Dependencies all met for dep_context=non-requeueable deps ti=<TaskInstance: spotify_final_dag.hello2 scheduled__2024-04-16T01:00:00+00:00 [queued]>
[2024-04-16T09:38:22.383+0000] {taskinstance.py:2073} INFO - Dependencies all met for dep_context=requeueable deps ti=<TaskInstance: spotify_final_dag.hello2 scheduled__2024-04-16T01:00:00+00:00 [queued]>
[2024-04-16T09:38:22.384+0000] {taskinstance.py:2303} INFO - Starting attempt 1 of 2
[2024-04-16T09:38:22.396+0000] {taskinstance.py:2327} INFO - Executing <Task(PythonOperator): hello2> on 2024-04-16 01:00:00+00:00
[2024-04-16T09:38:22.405+0000] {warnings.py:110} WARNING - /home/***/.local/lib/python3.12/site-packages/***/task/task_runner/standard_task_runner.py:61: DeprecationWarning: This process (pid=1523) is multi-threaded, use of fork() may lead to deadlocks in the child.
  pid = os.fork()

[2024-04-16T09:38:22.406+0000] {standard_task_runner.py:63} INFO - Started process 1532 to run task
[2024-04-16T09:38:22.407+0000] {standard_task_runner.py:90} INFO - Running: ['***', 'tasks', 'run', 'spotify_final_dag', 'hello2', 'scheduled__2024-04-16T01:00:00+00:00', '--job-id', '242', '--raw', '--subdir', 'DAGS_FOLDER/dag.py', '--cfg-path', '/tmp/tmpd7timiqb']
[2024-04-16T09:38:22.408+0000] {standard_task_runner.py:91} INFO - Job 242: Subtask hello2
[2024-04-16T09:38:22.450+0000] {task_command.py:426} INFO - Running <TaskInstance: spotify_final_dag.hello2 scheduled__2024-04-16T01:00:00+00:00 [running]> on host 52651c1f9987
[2024-04-16T09:38:22.539+0000] {taskinstance.py:2644} INFO - Exporting env vars: AIRFLOW_CTX_DAG_OWNER='***' AIRFLOW_CTX_DAG_ID='spotify_final_dag' AIRFLOW_CTX_TASK_ID='hello2' AIRFLOW_CTX_EXECUTION_DATE='2024-04-16T01:00:00+00:00' AIRFLOW_CTX_TRY_NUMBER='1' AIRFLOW_CTX_DAG_RUN_ID='scheduled__2024-04-16T01:00:00+00:00'
[2024-04-16T09:38:22.540+0000] {taskinstance.py:430} INFO - ::endgroup::
[2024-04-16T09:38:22.975+0000] {logging_mixin.py:188} INFO - Connection successful
[2024-04-16T09:38:23.403+0000] {logging_mixin.py:188} INFO - Connection successful
[2024-04-16T09:38:23.831+0000] {logging_mixin.py:188} INFO - Connection successful
[2024-04-16T09:38:23.835+0000] {logging_mixin.py:188} INFO - Null Not Found
[2024-04-16T09:38:23.836+0000] {logging_mixin.py:188} INFO - Null Not Found
[2024-04-16T09:38:23.845+0000] {logging_mixin.py:188} INFO - Null Not Found
[2024-04-16T09:38:23.845+0000] {logging_mixin.py:188} INFO - Null Not Found
[2024-04-16T09:38:23.847+0000] {logging_mixin.py:188} INFO - Null Not Found
[2024-04-16T09:38:23.847+0000] {logging_mixin.py:188} INFO - Null Not Found
[2024-04-16T09:38:23.849+0000] {python.py:237} INFO - Done. Returned value was: None
[2024-04-16T09:38:23.849+0000] {taskinstance.py:441} INFO - ::group::Post task execution logs
[2024-04-16T09:38:23.857+0000] {taskinstance.py:1205} INFO - Marking task as SUCCESS. dag_id=spotify_final_dag, task_id=hello2, execution_date=20240416T010000, start_date=20240416T093822, end_date=20240416T093823
[2024-04-16T09:38:23.906+0000] {local_task_job_runner.py:240} INFO - Task exited with return code 0
[2024-04-16T09:38:23.917+0000] {taskinstance.py:3482} INFO - 0 downstream tasks scheduled from follow-on schedule check
[2024-04-16T09:38:23.919+0000] {local_task_job_runner.py:222} INFO - ::endgroup::
[2024-04-16T09:46:58.963+0000] {local_task_job_runner.py:120} INFO - ::group::Pre task execution logs
[2024-04-16T09:46:58.979+0000] {taskinstance.py:2073} INFO - Dependencies all met for dep_context=non-requeueable deps ti=<TaskInstance: spotify_final_dag.hello2 scheduled__2024-04-16T01:00:00+00:00 [queued]>
[2024-04-16T09:46:58.985+0000] {taskinstance.py:2073} INFO - Dependencies all met for dep_context=requeueable deps ti=<TaskInstance: spotify_final_dag.hello2 scheduled__2024-04-16T01:00:00+00:00 [queued]>
[2024-04-16T09:46:58.986+0000] {taskinstance.py:2303} INFO - Starting attempt 1 of 2
[2024-04-16T09:46:58.996+0000] {taskinstance.py:2327} INFO - Executing <Task(PythonOperator): hello2> on 2024-04-16 01:00:00+00:00
[2024-04-16T09:46:59.004+0000] {warnings.py:110} WARNING - /home/***/.local/lib/python3.12/site-packages/***/task/task_runner/standard_task_runner.py:61: DeprecationWarning: This process (pid=3928) is multi-threaded, use of fork() may lead to deadlocks in the child.
  pid = os.fork()

[2024-04-16T09:46:59.005+0000] {standard_task_runner.py:63} INFO - Started process 3940 to run task
[2024-04-16T09:46:59.006+0000] {standard_task_runner.py:90} INFO - Running: ['***', 'tasks', 'run', 'spotify_final_dag', 'hello2', 'scheduled__2024-04-16T01:00:00+00:00', '--job-id', '1007', '--raw', '--subdir', 'DAGS_FOLDER/dag.py', '--cfg-path', '/tmp/tmp05c5kpwx']
[2024-04-16T09:46:59.007+0000] {standard_task_runner.py:91} INFO - Job 1007: Subtask hello2
[2024-04-16T09:46:59.044+0000] {task_command.py:426} INFO - Running <TaskInstance: spotify_final_dag.hello2 scheduled__2024-04-16T01:00:00+00:00 [running]> on host 52651c1f9987
[2024-04-16T09:46:59.109+0000] {taskinstance.py:2644} INFO - Exporting env vars: AIRFLOW_CTX_DAG_OWNER='***' AIRFLOW_CTX_DAG_ID='spotify_final_dag' AIRFLOW_CTX_TASK_ID='hello2' AIRFLOW_CTX_EXECUTION_DATE='2024-04-16T01:00:00+00:00' AIRFLOW_CTX_TRY_NUMBER='1' AIRFLOW_CTX_DAG_RUN_ID='scheduled__2024-04-16T01:00:00+00:00'
[2024-04-16T09:46:59.110+0000] {taskinstance.py:430} INFO - ::endgroup::
[2024-04-16T09:46:59.559+0000] {logging_mixin.py:188} INFO - Connection successful
[2024-04-16T09:47:00.006+0000] {logging_mixin.py:188} INFO - Connection successful
[2024-04-16T09:47:00.403+0000] {logging_mixin.py:188} INFO - Connection successful
[2024-04-16T09:47:00.406+0000] {logging_mixin.py:188} INFO - Null Not Found
[2024-04-16T09:47:00.407+0000] {logging_mixin.py:188} INFO - Null Not Found
[2024-04-16T09:47:00.415+0000] {logging_mixin.py:188} INFO - Null Not Found
[2024-04-16T09:47:00.416+0000] {logging_mixin.py:188} INFO - Null Not Found
[2024-04-16T09:47:00.417+0000] {logging_mixin.py:188} INFO - Null Not Found
[2024-04-16T09:47:00.417+0000] {logging_mixin.py:188} INFO - Null Not Found
[2024-04-16T09:47:00.418+0000] {python.py:237} INFO - Done. Returned value was: None
[2024-04-16T09:47:00.419+0000] {taskinstance.py:441} INFO - ::group::Post task execution logs
[2024-04-16T09:47:00.425+0000] {taskinstance.py:1205} INFO - Marking task as SUCCESS. dag_id=spotify_final_dag, task_id=hello2, execution_date=20240416T010000, start_date=20240416T094658, end_date=20240416T094700
[2024-04-16T09:47:00.465+0000] {local_task_job_runner.py:240} INFO - Task exited with return code 0
[2024-04-16T09:47:00.482+0000] {taskinstance.py:3482} INFO - 0 downstream tasks scheduled from follow-on schedule check
[2024-04-16T09:47:00.484+0000] {local_task_job_runner.py:222} INFO - ::endgroup::
