[2024-04-16T09:39:02.789+0000] {local_task_job_runner.py:120} INFO - ::group::Pre task execution logs
[2024-04-16T09:39:02.811+0000] {taskinstance.py:2073} INFO - Dependencies all met for dep_context=non-requeueable deps ti=<TaskInstance: spotify_final_dag.hello2 scheduled__2024-04-16T01:58:00+00:00 [queued]>
[2024-04-16T09:39:02.822+0000] {taskinstance.py:2073} INFO - Dependencies all met for dep_context=requeueable deps ti=<TaskInstance: spotify_final_dag.hello2 scheduled__2024-04-16T01:58:00+00:00 [queued]>
[2024-04-16T09:39:02.823+0000] {taskinstance.py:2303} INFO - Starting attempt 1 of 2
[2024-04-16T09:39:02.839+0000] {taskinstance.py:2327} INFO - Executing <Task(PythonOperator): hello2> on 2024-04-16 01:58:00+00:00
[2024-04-16T09:39:02.847+0000] {warnings.py:110} WARNING - /home/***/.local/lib/python3.12/site-packages/***/task/task_runner/standard_task_runner.py:61: DeprecationWarning: This process (pid=1883) is multi-threaded, use of fork() may lead to deadlocks in the child.
  pid = os.fork()

[2024-04-16T09:39:02.849+0000] {standard_task_runner.py:63} INFO - Started process 1911 to run task
[2024-04-16T09:39:02.849+0000] {standard_task_runner.py:90} INFO - Running: ['***', 'tasks', 'run', 'spotify_final_dag', 'hello2', 'scheduled__2024-04-16T01:58:00+00:00', '--job-id', '362', '--raw', '--subdir', 'DAGS_FOLDER/dag.py', '--cfg-path', '/tmp/tmpmbdomufb']
[2024-04-16T09:39:02.850+0000] {standard_task_runner.py:91} INFO - Job 362: Subtask hello2
[2024-04-16T09:39:02.900+0000] {task_command.py:426} INFO - Running <TaskInstance: spotify_final_dag.hello2 scheduled__2024-04-16T01:58:00+00:00 [running]> on host 52651c1f9987
[2024-04-16T09:39:02.989+0000] {taskinstance.py:2644} INFO - Exporting env vars: AIRFLOW_CTX_DAG_OWNER='***' AIRFLOW_CTX_DAG_ID='spotify_final_dag' AIRFLOW_CTX_TASK_ID='hello2' AIRFLOW_CTX_EXECUTION_DATE='2024-04-16T01:58:00+00:00' AIRFLOW_CTX_TRY_NUMBER='1' AIRFLOW_CTX_DAG_RUN_ID='scheduled__2024-04-16T01:58:00+00:00'
[2024-04-16T09:39:02.990+0000] {taskinstance.py:430} INFO - ::endgroup::
[2024-04-16T09:39:03.420+0000] {logging_mixin.py:188} INFO - Connection successful
[2024-04-16T09:39:03.825+0000] {logging_mixin.py:188} INFO - Connection successful
[2024-04-16T09:39:04.236+0000] {logging_mixin.py:188} INFO - Connection successful
[2024-04-16T09:39:04.240+0000] {logging_mixin.py:188} INFO - Null Not Found
[2024-04-16T09:39:04.241+0000] {logging_mixin.py:188} INFO - Null Not Found
[2024-04-16T09:39:04.251+0000] {logging_mixin.py:188} INFO - Null Not Found
[2024-04-16T09:39:04.252+0000] {logging_mixin.py:188} INFO - Null Not Found
[2024-04-16T09:39:04.254+0000] {logging_mixin.py:188} INFO - Null Not Found
[2024-04-16T09:39:04.255+0000] {logging_mixin.py:188} INFO - Null Not Found
[2024-04-16T09:39:04.256+0000] {python.py:237} INFO - Done. Returned value was: None
[2024-04-16T09:39:04.257+0000] {taskinstance.py:441} INFO - ::group::Post task execution logs
[2024-04-16T09:39:04.264+0000] {taskinstance.py:1205} INFO - Marking task as SUCCESS. dag_id=spotify_final_dag, task_id=hello2, execution_date=20240416T015800, start_date=20240416T093902, end_date=20240416T093904
[2024-04-16T09:39:04.307+0000] {local_task_job_runner.py:240} INFO - Task exited with return code 0
[2024-04-16T09:39:04.324+0000] {taskinstance.py:3482} INFO - 0 downstream tasks scheduled from follow-on schedule check
[2024-04-16T09:39:04.327+0000] {local_task_job_runner.py:222} INFO - ::endgroup::
[2024-04-16T09:47:19.711+0000] {local_task_job_runner.py:120} INFO - ::group::Pre task execution logs
[2024-04-16T09:47:19.728+0000] {taskinstance.py:2073} INFO - Dependencies all met for dep_context=non-requeueable deps ti=<TaskInstance: spotify_final_dag.hello2 scheduled__2024-04-16T01:58:00+00:00 [queued]>
[2024-04-16T09:47:19.735+0000] {taskinstance.py:2073} INFO - Dependencies all met for dep_context=requeueable deps ti=<TaskInstance: spotify_final_dag.hello2 scheduled__2024-04-16T01:58:00+00:00 [queued]>
[2024-04-16T09:47:19.736+0000] {taskinstance.py:2303} INFO - Starting attempt 1 of 2
[2024-04-16T09:47:19.751+0000] {taskinstance.py:2327} INFO - Executing <Task(PythonOperator): hello2> on 2024-04-16 01:58:00+00:00
[2024-04-16T09:47:19.760+0000] {warnings.py:110} WARNING - /home/***/.local/lib/python3.12/site-packages/***/task/task_runner/standard_task_runner.py:61: DeprecationWarning: This process (pid=4129) is multi-threaded, use of fork() may lead to deadlocks in the child.
  pid = os.fork()

[2024-04-16T09:47:19.761+0000] {standard_task_runner.py:63} INFO - Started process 4140 to run task
[2024-04-16T09:47:19.761+0000] {standard_task_runner.py:90} INFO - Running: ['***', 'tasks', 'run', 'spotify_final_dag', 'hello2', 'scheduled__2024-04-16T01:58:00+00:00', '--job-id', '1071', '--raw', '--subdir', 'DAGS_FOLDER/dag.py', '--cfg-path', '/tmp/tmphxusd2ai']
[2024-04-16T09:47:19.763+0000] {standard_task_runner.py:91} INFO - Job 1071: Subtask hello2
[2024-04-16T09:47:19.805+0000] {task_command.py:426} INFO - Running <TaskInstance: spotify_final_dag.hello2 scheduled__2024-04-16T01:58:00+00:00 [running]> on host 52651c1f9987
[2024-04-16T09:47:19.875+0000] {taskinstance.py:2644} INFO - Exporting env vars: AIRFLOW_CTX_DAG_OWNER='***' AIRFLOW_CTX_DAG_ID='spotify_final_dag' AIRFLOW_CTX_TASK_ID='hello2' AIRFLOW_CTX_EXECUTION_DATE='2024-04-16T01:58:00+00:00' AIRFLOW_CTX_TRY_NUMBER='1' AIRFLOW_CTX_DAG_RUN_ID='scheduled__2024-04-16T01:58:00+00:00'
[2024-04-16T09:47:19.876+0000] {taskinstance.py:430} INFO - ::endgroup::
[2024-04-16T09:47:20.307+0000] {logging_mixin.py:188} INFO - Connection successful
[2024-04-16T09:47:20.736+0000] {logging_mixin.py:188} INFO - Connection successful
[2024-04-16T09:47:21.320+0000] {logging_mixin.py:188} INFO - Connection successful
[2024-04-16T09:47:21.323+0000] {logging_mixin.py:188} INFO - Null Not Found
[2024-04-16T09:47:21.324+0000] {logging_mixin.py:188} INFO - Null Not Found
[2024-04-16T09:47:21.332+0000] {logging_mixin.py:188} INFO - Null Not Found
[2024-04-16T09:47:21.332+0000] {logging_mixin.py:188} INFO - Null Not Found
[2024-04-16T09:47:21.333+0000] {logging_mixin.py:188} INFO - Null Not Found
[2024-04-16T09:47:21.334+0000] {logging_mixin.py:188} INFO - Null Not Found
[2024-04-16T09:47:21.335+0000] {python.py:237} INFO - Done. Returned value was: None
[2024-04-16T09:47:21.335+0000] {taskinstance.py:441} INFO - ::group::Post task execution logs
[2024-04-16T09:47:21.342+0000] {taskinstance.py:1205} INFO - Marking task as SUCCESS. dag_id=spotify_final_dag, task_id=hello2, execution_date=20240416T015800, start_date=20240416T094719, end_date=20240416T094721
[2024-04-16T09:47:21.382+0000] {local_task_job_runner.py:240} INFO - Task exited with return code 0
[2024-04-16T09:47:21.394+0000] {taskinstance.py:3482} INFO - 0 downstream tasks scheduled from follow-on schedule check
[2024-04-16T09:47:21.396+0000] {local_task_job_runner.py:222} INFO - ::endgroup::
