[2024-04-16T09:39:26.375+0000] {local_task_job_runner.py:120} INFO - ::group::Pre task execution logs
[2024-04-16T09:39:26.398+0000] {taskinstance.py:2073} INFO - Dependencies all met for dep_context=non-requeueable deps ti=<TaskInstance: spotify_final_dag.hello2 scheduled__2024-04-16T02:25:00+00:00 [queued]>
[2024-04-16T09:39:26.409+0000] {taskinstance.py:2073} INFO - Dependencies all met for dep_context=requeueable deps ti=<TaskInstance: spotify_final_dag.hello2 scheduled__2024-04-16T02:25:00+00:00 [queued]>
[2024-04-16T09:39:26.409+0000] {taskinstance.py:2303} INFO - Starting attempt 1 of 2
[2024-04-16T09:39:26.427+0000] {taskinstance.py:2327} INFO - Executing <Task(PythonOperator): hello2> on 2024-04-16 02:25:00+00:00
[2024-04-16T09:39:26.437+0000] {warnings.py:110} WARNING - /home/***/.local/lib/python3.12/site-packages/***/task/task_runner/standard_task_runner.py:61: DeprecationWarning: This process (pid=2049) is multi-threaded, use of fork() may lead to deadlocks in the child.
  pid = os.fork()

[2024-04-16T09:39:26.439+0000] {standard_task_runner.py:63} INFO - Started process 2075 to run task
[2024-04-16T09:39:26.439+0000] {standard_task_runner.py:90} INFO - Running: ['***', 'tasks', 'run', 'spotify_final_dag', 'hello2', 'scheduled__2024-04-16T02:25:00+00:00', '--job-id', '414', '--raw', '--subdir', 'DAGS_FOLDER/dag.py', '--cfg-path', '/tmp/tmpai9162ql']
[2024-04-16T09:39:26.440+0000] {standard_task_runner.py:91} INFO - Job 414: Subtask hello2
[2024-04-16T09:39:26.489+0000] {task_command.py:426} INFO - Running <TaskInstance: spotify_final_dag.hello2 scheduled__2024-04-16T02:25:00+00:00 [running]> on host 52651c1f9987
[2024-04-16T09:39:26.589+0000] {taskinstance.py:2644} INFO - Exporting env vars: AIRFLOW_CTX_DAG_OWNER='***' AIRFLOW_CTX_DAG_ID='spotify_final_dag' AIRFLOW_CTX_TASK_ID='hello2' AIRFLOW_CTX_EXECUTION_DATE='2024-04-16T02:25:00+00:00' AIRFLOW_CTX_TRY_NUMBER='1' AIRFLOW_CTX_DAG_RUN_ID='scheduled__2024-04-16T02:25:00+00:00'
[2024-04-16T09:39:26.590+0000] {taskinstance.py:430} INFO - ::endgroup::
[2024-04-16T09:39:27.013+0000] {logging_mixin.py:188} INFO - Connection successful
[2024-04-16T09:39:27.440+0000] {logging_mixin.py:188} INFO - Connection successful
[2024-04-16T09:39:27.919+0000] {logging_mixin.py:188} INFO - Connection successful
[2024-04-16T09:39:27.922+0000] {logging_mixin.py:188} INFO - Null Not Found
[2024-04-16T09:39:27.923+0000] {logging_mixin.py:188} INFO - Null Not Found
[2024-04-16T09:39:27.931+0000] {logging_mixin.py:188} INFO - Null Not Found
[2024-04-16T09:39:27.932+0000] {logging_mixin.py:188} INFO - Null Not Found
[2024-04-16T09:39:27.933+0000] {logging_mixin.py:188} INFO - Null Not Found
[2024-04-16T09:39:27.934+0000] {logging_mixin.py:188} INFO - Null Not Found
[2024-04-16T09:39:27.935+0000] {python.py:237} INFO - Done. Returned value was: None
[2024-04-16T09:39:27.936+0000] {taskinstance.py:441} INFO - ::group::Post task execution logs
[2024-04-16T09:39:27.943+0000] {taskinstance.py:1205} INFO - Marking task as SUCCESS. dag_id=spotify_final_dag, task_id=hello2, execution_date=20240416T022500, start_date=20240416T093926, end_date=20240416T093927
[2024-04-16T09:39:27.977+0000] {local_task_job_runner.py:240} INFO - Task exited with return code 0
[2024-04-16T09:39:27.988+0000] {taskinstance.py:3482} INFO - 0 downstream tasks scheduled from follow-on schedule check
[2024-04-16T09:39:27.990+0000] {local_task_job_runner.py:222} INFO - ::endgroup::
