[2024-04-16T09:37:48.054+0000] {local_task_job_runner.py:120} INFO - ::group::Pre task execution logs
[2024-04-16T09:37:48.085+0000] {taskinstance.py:2073} INFO - Dependencies all met for dep_context=non-requeueable deps ti=<TaskInstance: spotify_final_dag.hello2 scheduled__2024-04-16T00:02:00+00:00 [queued]>
[2024-04-16T09:37:48.094+0000] {taskinstance.py:2073} INFO - Dependencies all met for dep_context=requeueable deps ti=<TaskInstance: spotify_final_dag.hello2 scheduled__2024-04-16T00:02:00+00:00 [queued]>
[2024-04-16T09:37:48.094+0000] {taskinstance.py:2303} INFO - Starting attempt 1 of 2
[2024-04-16T09:37:48.106+0000] {taskinstance.py:2327} INFO - Executing <Task(PythonOperator): hello2> on 2024-04-16 00:02:00+00:00
[2024-04-16T09:37:48.114+0000] {warnings.py:110} WARNING - /home/***/.local/lib/python3.12/site-packages/***/task/task_runner/standard_task_runner.py:61: DeprecationWarning: This process (pid=1186) is multi-threaded, use of fork() may lead to deadlocks in the child.
  pid = os.fork()

[2024-04-16T09:37:48.116+0000] {standard_task_runner.py:63} INFO - Started process 1213 to run task
[2024-04-16T09:37:48.116+0000] {standard_task_runner.py:90} INFO - Running: ['***', 'tasks', 'run', 'spotify_final_dag', 'hello2', 'scheduled__2024-04-16T00:02:00+00:00', '--job-id', '132', '--raw', '--subdir', 'DAGS_FOLDER/dag.py', '--cfg-path', '/tmp/tmpy6opyb_c']
[2024-04-16T09:37:48.118+0000] {standard_task_runner.py:91} INFO - Job 132: Subtask hello2
[2024-04-16T09:37:48.229+0000] {task_command.py:426} INFO - Running <TaskInstance: spotify_final_dag.hello2 scheduled__2024-04-16T00:02:00+00:00 [running]> on host 52651c1f9987
[2024-04-16T09:37:48.383+0000] {taskinstance.py:2644} INFO - Exporting env vars: AIRFLOW_CTX_DAG_OWNER='***' AIRFLOW_CTX_DAG_ID='spotify_final_dag' AIRFLOW_CTX_TASK_ID='hello2' AIRFLOW_CTX_EXECUTION_DATE='2024-04-16T00:02:00+00:00' AIRFLOW_CTX_TRY_NUMBER='1' AIRFLOW_CTX_DAG_RUN_ID='scheduled__2024-04-16T00:02:00+00:00'
[2024-04-16T09:37:48.386+0000] {taskinstance.py:430} INFO - ::endgroup::
[2024-04-16T09:37:48.804+0000] {logging_mixin.py:188} INFO - Connection successful
[2024-04-16T09:37:49.204+0000] {logging_mixin.py:188} INFO - Connection successful
[2024-04-16T09:37:49.739+0000] {logging_mixin.py:188} INFO - Connection successful
[2024-04-16T09:37:49.744+0000] {logging_mixin.py:188} INFO - Null Not Found
[2024-04-16T09:37:49.745+0000] {logging_mixin.py:188} INFO - Null Not Found
[2024-04-16T09:37:49.755+0000] {logging_mixin.py:188} INFO - Null Not Found
[2024-04-16T09:37:49.755+0000] {logging_mixin.py:188} INFO - Null Not Found
[2024-04-16T09:37:49.757+0000] {logging_mixin.py:188} INFO - Null Not Found
[2024-04-16T09:37:49.758+0000] {logging_mixin.py:188} INFO - Null Not Found
[2024-04-16T09:37:49.759+0000] {python.py:237} INFO - Done. Returned value was: None
[2024-04-16T09:37:49.759+0000] {taskinstance.py:441} INFO - ::group::Post task execution logs
[2024-04-16T09:37:49.767+0000] {taskinstance.py:1205} INFO - Marking task as SUCCESS. dag_id=spotify_final_dag, task_id=hello2, execution_date=20240416T000200, start_date=20240416T093748, end_date=20240416T093749
[2024-04-16T09:37:49.815+0000] {local_task_job_runner.py:240} INFO - Task exited with return code 0
[2024-04-16T09:37:49.827+0000] {taskinstance.py:3482} INFO - 0 downstream tasks scheduled from follow-on schedule check
[2024-04-16T09:37:49.829+0000] {local_task_job_runner.py:222} INFO - ::endgroup::
[2024-04-16T09:44:31.088+0000] {local_task_job_runner.py:120} INFO - ::group::Pre task execution logs
[2024-04-16T09:44:31.117+0000] {taskinstance.py:2073} INFO - Dependencies all met for dep_context=non-requeueable deps ti=<TaskInstance: spotify_final_dag.hello2 scheduled__2024-04-16T00:02:00+00:00 [queued]>
[2024-04-16T09:44:31.130+0000] {taskinstance.py:2073} INFO - Dependencies all met for dep_context=requeueable deps ti=<TaskInstance: spotify_final_dag.hello2 scheduled__2024-04-16T00:02:00+00:00 [queued]>
[2024-04-16T09:44:31.131+0000] {taskinstance.py:2303} INFO - Starting attempt 1 of 2
[2024-04-16T09:44:31.150+0000] {taskinstance.py:2327} INFO - Executing <Task(PythonOperator): hello2> on 2024-04-16 00:02:00+00:00
[2024-04-16T09:44:31.162+0000] {warnings.py:110} WARNING - /home/***/.local/lib/python3.12/site-packages/***/task/task_runner/standard_task_runner.py:61: DeprecationWarning: This process (pid=3628) is multi-threaded, use of fork() may lead to deadlocks in the child.
  pid = os.fork()

[2024-04-16T09:44:31.164+0000] {standard_task_runner.py:63} INFO - Started process 3654 to run task
[2024-04-16T09:44:31.164+0000] {standard_task_runner.py:90} INFO - Running: ['***', 'tasks', 'run', 'spotify_final_dag', 'hello2', 'scheduled__2024-04-16T00:02:00+00:00', '--job-id', '915', '--raw', '--subdir', 'DAGS_FOLDER/dag.py', '--cfg-path', '/tmp/tmpv1p53ity']
[2024-04-16T09:44:31.166+0000] {standard_task_runner.py:91} INFO - Job 915: Subtask hello2
[2024-04-16T09:44:31.230+0000] {task_command.py:426} INFO - Running <TaskInstance: spotify_final_dag.hello2 scheduled__2024-04-16T00:02:00+00:00 [running]> on host 52651c1f9987
[2024-04-16T09:44:31.365+0000] {taskinstance.py:2644} INFO - Exporting env vars: AIRFLOW_CTX_DAG_OWNER='***' AIRFLOW_CTX_DAG_ID='spotify_final_dag' AIRFLOW_CTX_TASK_ID='hello2' AIRFLOW_CTX_EXECUTION_DATE='2024-04-16T00:02:00+00:00' AIRFLOW_CTX_TRY_NUMBER='1' AIRFLOW_CTX_DAG_RUN_ID='scheduled__2024-04-16T00:02:00+00:00'
[2024-04-16T09:44:31.367+0000] {taskinstance.py:430} INFO - ::endgroup::
[2024-04-16T09:44:34.934+0000] {logging_mixin.py:188} INFO - There was a problem with the connection. Trial number 1, Status Code: 401
[2024-04-16T09:44:38.192+0000] {logging_mixin.py:188} INFO - There was a problem with the connection. Trial number 2, Status Code: 401
[2024-04-16T09:44:38.194+0000] {taskinstance.py:441} INFO - ::group::Post task execution logs
[2024-04-16T09:44:38.194+0000] {taskinstance.py:2890} ERROR - Task failed with exception
Traceback (most recent call last):
  File "/home/airflow/.local/lib/python3.12/site-packages/airflow/models/taskinstance.py", line 465, in _execute_task
    result = _execute_callable(context=context, **execute_callable_kwargs)
             ^^^^^^^^^^^^^^^^^^^^^^^^^^^^^^^^^^^^^^^^^^^^^^^^^^^^^^^^^^^^^
  File "/home/airflow/.local/lib/python3.12/site-packages/airflow/models/taskinstance.py", line 432, in _execute_callable
    return execute_callable(context=context, **execute_callable_kwargs)
           ^^^^^^^^^^^^^^^^^^^^^^^^^^^^^^^^^^^^^^^^^^^^^^^^^^^^^^^^^^^^
  File "/home/airflow/.local/lib/python3.12/site-packages/airflow/models/baseoperator.py", line 400, in wrapper
    return func(self, *args, **kwargs)
           ^^^^^^^^^^^^^^^^^^^^^^^^^^^
  File "/home/airflow/.local/lib/python3.12/site-packages/airflow/operators/python.py", line 235, in execute
    return_value = self.execute_callable()
                   ^^^^^^^^^^^^^^^^^^^^^^^
  File "/home/airflow/.local/lib/python3.12/site-packages/airflow/operators/python.py", line 252, in execute_callable
    return self.python_callable(*self.op_args, **self.op_kwargs)
           ^^^^^^^^^^^^^^^^^^^^^^^^^^^^^^^^^^^^^^^^^^^^^^^^^^^^^
  File "/opt/airflow/dags/get_data.py", line 95, in processes
    album_data = get_album(connection())
                 ^^^^^^^^^^^^^^^^^^^^^^^
  File "/opt/airflow/dags/get_data.py", line 11, in get_album
    for album in data["items"]:
                 ~~~~^^^^^^^^^
TypeError: 'NoneType' object is not subscriptable
[2024-04-16T09:44:38.203+0000] {taskinstance.py:1205} INFO - Marking task as UP_FOR_RETRY. dag_id=spotify_final_dag, task_id=hello2, execution_date=20240416T000200, start_date=20240416T094431, end_date=20240416T094438
[2024-04-16T09:44:38.215+0000] {standard_task_runner.py:110} ERROR - Failed to execute job 915 for task hello2 ('NoneType' object is not subscriptable; 3654)
[2024-04-16T09:44:38.239+0000] {local_task_job_runner.py:240} INFO - Task exited with return code 1
[2024-04-16T09:44:38.250+0000] {taskinstance.py:3482} INFO - 0 downstream tasks scheduled from follow-on schedule check
[2024-04-16T09:44:38.252+0000] {local_task_job_runner.py:222} INFO - ::endgroup::
[2024-04-16T09:46:45.926+0000] {local_task_job_runner.py:120} INFO - ::group::Pre task execution logs
[2024-04-16T09:46:45.980+0000] {taskinstance.py:2073} INFO - Dependencies all met for dep_context=non-requeueable deps ti=<TaskInstance: spotify_final_dag.hello2 scheduled__2024-04-16T00:02:00+00:00 [queued]>
[2024-04-16T09:46:46.001+0000] {taskinstance.py:2073} INFO - Dependencies all met for dep_context=requeueable deps ti=<TaskInstance: spotify_final_dag.hello2 scheduled__2024-04-16T00:02:00+00:00 [queued]>
[2024-04-16T09:46:46.003+0000] {taskinstance.py:2303} INFO - Starting attempt 1 of 2
[2024-04-16T09:46:46.031+0000] {taskinstance.py:2327} INFO - Executing <Task(PythonOperator): hello2> on 2024-04-16 00:02:00+00:00
[2024-04-16T09:46:46.079+0000] {warnings.py:110} WARNING - /home/***/.local/lib/python3.12/site-packages/***/task/task_runner/standard_task_runner.py:61: DeprecationWarning: This process (pid=3791) is multi-threaded, use of fork() may lead to deadlocks in the child.
  pid = os.fork()

[2024-04-16T09:46:46.081+0000] {standard_task_runner.py:63} INFO - Started process 3822 to run task
[2024-04-16T09:46:46.081+0000] {standard_task_runner.py:90} INFO - Running: ['***', 'tasks', 'run', 'spotify_final_dag', 'hello2', 'scheduled__2024-04-16T00:02:00+00:00', '--job-id', '962', '--raw', '--subdir', 'DAGS_FOLDER/dag.py', '--cfg-path', '/tmp/tmpl52xn1u9']
[2024-04-16T09:46:46.084+0000] {standard_task_runner.py:91} INFO - Job 962: Subtask hello2
[2024-04-16T09:46:46.176+0000] {task_command.py:426} INFO - Running <TaskInstance: spotify_final_dag.hello2 scheduled__2024-04-16T00:02:00+00:00 [running]> on host 52651c1f9987
[2024-04-16T09:46:46.335+0000] {taskinstance.py:2644} INFO - Exporting env vars: AIRFLOW_CTX_DAG_OWNER='***' AIRFLOW_CTX_DAG_ID='spotify_final_dag' AIRFLOW_CTX_TASK_ID='hello2' AIRFLOW_CTX_EXECUTION_DATE='2024-04-16T00:02:00+00:00' AIRFLOW_CTX_TRY_NUMBER='1' AIRFLOW_CTX_DAG_RUN_ID='scheduled__2024-04-16T00:02:00+00:00'
[2024-04-16T09:46:46.340+0000] {taskinstance.py:430} INFO - ::endgroup::
[2024-04-16T09:46:46.827+0000] {logging_mixin.py:188} INFO - Connection successful
[2024-04-16T09:46:47.305+0000] {logging_mixin.py:188} INFO - Connection successful
[2024-04-16T09:46:47.721+0000] {logging_mixin.py:188} INFO - Connection successful
[2024-04-16T09:46:47.726+0000] {logging_mixin.py:188} INFO - Null Not Found
[2024-04-16T09:46:47.727+0000] {logging_mixin.py:188} INFO - Null Not Found
[2024-04-16T09:46:47.735+0000] {logging_mixin.py:188} INFO - Null Not Found
[2024-04-16T09:46:47.736+0000] {logging_mixin.py:188} INFO - Null Not Found
[2024-04-16T09:46:47.738+0000] {logging_mixin.py:188} INFO - Null Not Found
[2024-04-16T09:46:47.739+0000] {logging_mixin.py:188} INFO - Null Not Found
[2024-04-16T09:46:47.741+0000] {python.py:237} INFO - Done. Returned value was: None
[2024-04-16T09:46:47.741+0000] {taskinstance.py:441} INFO - ::group::Post task execution logs
[2024-04-16T09:46:47.752+0000] {taskinstance.py:1205} INFO - Marking task as SUCCESS. dag_id=spotify_final_dag, task_id=hello2, execution_date=20240416T000200, start_date=20240416T094645, end_date=20240416T094647
[2024-04-16T09:46:47.796+0000] {local_task_job_runner.py:240} INFO - Task exited with return code 0
[2024-04-16T09:46:47.810+0000] {taskinstance.py:3482} INFO - 0 downstream tasks scheduled from follow-on schedule check
[2024-04-16T09:46:47.812+0000] {local_task_job_runner.py:222} INFO - ::endgroup::
