[2024-04-16T08:57:04.930+0000] {local_task_job_runner.py:120} INFO - ::group::Pre task execution logs
[2024-04-16T08:57:04.954+0000] {taskinstance.py:2073} INFO - Dependencies all met for dep_context=non-requeueable deps ti=<TaskInstance: spotify_final_dag.hello2 scheduled__2024-04-16T06:40:00+00:00 [queued]>
[2024-04-16T08:57:04.964+0000] {taskinstance.py:2073} INFO - Dependencies all met for dep_context=requeueable deps ti=<TaskInstance: spotify_final_dag.hello2 scheduled__2024-04-16T06:40:00+00:00 [queued]>
[2024-04-16T08:57:04.965+0000] {taskinstance.py:2303} INFO - Starting attempt 1 of 2
[2024-04-16T08:57:04.976+0000] {taskinstance.py:2327} INFO - Executing <Task(PythonOperator): hello2> on 2024-04-16 06:40:00+00:00
[2024-04-16T08:57:04.981+0000] {warnings.py:110} WARNING - /home/***/.local/lib/python3.12/site-packages/***/task/task_runner/standard_task_runner.py:61: DeprecationWarning: This process (pid=436) is multi-threaded, use of fork() may lead to deadlocks in the child.
  pid = os.fork()

[2024-04-16T08:57:04.983+0000] {standard_task_runner.py:63} INFO - Started process 450 to run task
[2024-04-16T08:57:04.983+0000] {standard_task_runner.py:90} INFO - Running: ['***', 'tasks', 'run', 'spotify_final_dag', 'hello2', 'scheduled__2024-04-16T06:40:00+00:00', '--job-id', '63', '--raw', '--subdir', 'DAGS_FOLDER/dag.py', '--cfg-path', '/tmp/tmp37z0dtvy']
[2024-04-16T08:57:04.984+0000] {standard_task_runner.py:91} INFO - Job 63: Subtask hello2
[2024-04-16T08:57:05.018+0000] {task_command.py:426} INFO - Running <TaskInstance: spotify_final_dag.hello2 scheduled__2024-04-16T06:40:00+00:00 [running]> on host 52651c1f9987
[2024-04-16T08:57:05.079+0000] {taskinstance.py:2644} INFO - Exporting env vars: AIRFLOW_CTX_DAG_OWNER='***' AIRFLOW_CTX_DAG_ID='spotify_final_dag' AIRFLOW_CTX_TASK_ID='hello2' AIRFLOW_CTX_EXECUTION_DATE='2024-04-16T06:40:00+00:00' AIRFLOW_CTX_TRY_NUMBER='1' AIRFLOW_CTX_DAG_RUN_ID='scheduled__2024-04-16T06:40:00+00:00'
[2024-04-16T08:57:05.080+0000] {taskinstance.py:430} INFO - ::endgroup::
[2024-04-16T08:57:05.509+0000] {logging_mixin.py:188} INFO - Connection successful
[2024-04-16T08:57:06.002+0000] {logging_mixin.py:188} INFO - Connection successful
[2024-04-16T08:57:06.485+0000] {logging_mixin.py:188} INFO - Connection successful
[2024-04-16T08:57:06.490+0000] {logging_mixin.py:188} INFO - Null Not Found
[2024-04-16T08:57:06.491+0000] {logging_mixin.py:188} INFO - Null Not Found
[2024-04-16T08:57:06.501+0000] {logging_mixin.py:188} INFO - Null Not Found
[2024-04-16T08:57:06.502+0000] {logging_mixin.py:188} INFO - Null Not Found
[2024-04-16T08:57:06.503+0000] {logging_mixin.py:188} INFO - Null Not Found
[2024-04-16T08:57:06.504+0000] {logging_mixin.py:188} INFO - Null Not Found
[2024-04-16T08:57:06.505+0000] {python.py:237} INFO - Done. Returned value was: None
[2024-04-16T08:57:06.506+0000] {taskinstance.py:441} INFO - ::group::Post task execution logs
[2024-04-16T08:57:06.513+0000] {taskinstance.py:1205} INFO - Marking task as SUCCESS. dag_id=spotify_final_dag, task_id=hello2, execution_date=20240416T064000, start_date=20240416T085704, end_date=20240416T085706
[2024-04-16T08:57:06.561+0000] {local_task_job_runner.py:240} INFO - Task exited with return code 0
[2024-04-16T08:57:06.577+0000] {taskinstance.py:3482} INFO - 0 downstream tasks scheduled from follow-on schedule check
[2024-04-16T08:57:06.579+0000] {local_task_job_runner.py:222} INFO - ::endgroup::
[2024-04-16T09:21:43.056+0000] {local_task_job_runner.py:120} INFO - ::group::Pre task execution logs
[2024-04-16T09:21:43.077+0000] {taskinstance.py:2073} INFO - Dependencies all met for dep_context=non-requeueable deps ti=<TaskInstance: spotify_final_dag.hello2 scheduled__2024-04-16T06:40:00+00:00 [queued]>
[2024-04-16T09:21:43.086+0000] {taskinstance.py:2073} INFO - Dependencies all met for dep_context=requeueable deps ti=<TaskInstance: spotify_final_dag.hello2 scheduled__2024-04-16T06:40:00+00:00 [queued]>
[2024-04-16T09:21:43.087+0000] {taskinstance.py:2303} INFO - Starting attempt 1 of 2
[2024-04-16T09:21:43.100+0000] {taskinstance.py:2327} INFO - Executing <Task(PythonOperator): hello2> on 2024-04-16 06:40:00+00:00
[2024-04-16T09:21:43.109+0000] {warnings.py:110} WARNING - /home/***/.local/lib/python3.12/site-packages/***/task/task_runner/standard_task_runner.py:61: DeprecationWarning: This process (pid=841) is multi-threaded, use of fork() may lead to deadlocks in the child.
  pid = os.fork()

[2024-04-16T09:21:43.110+0000] {standard_task_runner.py:63} INFO - Started process 862 to run task
[2024-04-16T09:21:43.111+0000] {standard_task_runner.py:90} INFO - Running: ['***', 'tasks', 'run', 'spotify_final_dag', 'hello2', 'scheduled__2024-04-16T06:40:00+00:00', '--job-id', '89', '--raw', '--subdir', 'DAGS_FOLDER/dag.py', '--cfg-path', '/tmp/tmptq6q1o6y']
[2024-04-16T09:21:43.112+0000] {standard_task_runner.py:91} INFO - Job 89: Subtask hello2
[2024-04-16T09:21:43.151+0000] {task_command.py:426} INFO - Running <TaskInstance: spotify_final_dag.hello2 scheduled__2024-04-16T06:40:00+00:00 [running]> on host 52651c1f9987
[2024-04-16T09:21:43.228+0000] {taskinstance.py:2644} INFO - Exporting env vars: AIRFLOW_CTX_DAG_OWNER='***' AIRFLOW_CTX_DAG_ID='spotify_final_dag' AIRFLOW_CTX_TASK_ID='hello2' AIRFLOW_CTX_EXECUTION_DATE='2024-04-16T06:40:00+00:00' AIRFLOW_CTX_TRY_NUMBER='1' AIRFLOW_CTX_DAG_RUN_ID='scheduled__2024-04-16T06:40:00+00:00'
[2024-04-16T09:21:43.229+0000] {taskinstance.py:430} INFO - ::endgroup::
[2024-04-16T09:21:43.699+0000] {logging_mixin.py:188} INFO - Connection successful
[2024-04-16T09:21:44.140+0000] {logging_mixin.py:188} INFO - Connection successful
[2024-04-16T09:21:44.550+0000] {logging_mixin.py:188} INFO - Connection successful
[2024-04-16T09:21:44.554+0000] {logging_mixin.py:188} INFO - Null Not Found
[2024-04-16T09:21:44.556+0000] {logging_mixin.py:188} INFO - Null Not Found
[2024-04-16T09:21:44.566+0000] {logging_mixin.py:188} INFO - Null Not Found
[2024-04-16T09:21:44.567+0000] {logging_mixin.py:188} INFO - Null Not Found
[2024-04-16T09:21:44.568+0000] {logging_mixin.py:188} INFO - Null Not Found
[2024-04-16T09:21:44.569+0000] {logging_mixin.py:188} INFO - Null Not Found
[2024-04-16T09:21:44.571+0000] {python.py:237} INFO - Done. Returned value was: None
[2024-04-16T09:21:44.571+0000] {taskinstance.py:441} INFO - ::group::Post task execution logs
[2024-04-16T09:21:44.579+0000] {taskinstance.py:1205} INFO - Marking task as SUCCESS. dag_id=spotify_final_dag, task_id=hello2, execution_date=20240416T064000, start_date=20240416T092143, end_date=20240416T092144
[2024-04-16T09:21:44.608+0000] {local_task_job_runner.py:240} INFO - Task exited with return code 0
[2024-04-16T09:21:44.620+0000] {taskinstance.py:3482} INFO - 0 downstream tasks scheduled from follow-on schedule check
[2024-04-16T09:21:44.622+0000] {local_task_job_runner.py:222} INFO - ::endgroup::
[2024-04-16T09:32:58.756+0000] {local_task_job_runner.py:120} INFO - ::group::Pre task execution logs
[2024-04-16T09:32:58.777+0000] {taskinstance.py:2073} INFO - Dependencies all met for dep_context=non-requeueable deps ti=<TaskInstance: spotify_final_dag.hello2 scheduled__2024-04-16T06:40:00+00:00 [queued]>
[2024-04-16T09:32:58.785+0000] {taskinstance.py:2073} INFO - Dependencies all met for dep_context=requeueable deps ti=<TaskInstance: spotify_final_dag.hello2 scheduled__2024-04-16T06:40:00+00:00 [queued]>
[2024-04-16T09:32:58.786+0000] {taskinstance.py:2303} INFO - Starting attempt 1 of 2
[2024-04-16T09:32:58.799+0000] {taskinstance.py:2327} INFO - Executing <Task(PythonOperator): hello2> on 2024-04-16 06:40:00+00:00
[2024-04-16T09:32:58.806+0000] {warnings.py:110} WARNING - /home/***/.local/lib/python3.12/site-packages/***/task/task_runner/standard_task_runner.py:61: DeprecationWarning: This process (pid=1065) is multi-threaded, use of fork() may lead to deadlocks in the child.
  pid = os.fork()

[2024-04-16T09:32:58.808+0000] {standard_task_runner.py:63} INFO - Started process 1078 to run task
[2024-04-16T09:32:58.809+0000] {standard_task_runner.py:90} INFO - Running: ['***', 'tasks', 'run', 'spotify_final_dag', 'hello2', 'scheduled__2024-04-16T06:40:00+00:00', '--job-id', '114', '--raw', '--subdir', 'DAGS_FOLDER/dag.py', '--cfg-path', '/tmp/tmpv8t3w2n6']
[2024-04-16T09:32:58.810+0000] {standard_task_runner.py:91} INFO - Job 114: Subtask hello2
[2024-04-16T09:32:58.860+0000] {task_command.py:426} INFO - Running <TaskInstance: spotify_final_dag.hello2 scheduled__2024-04-16T06:40:00+00:00 [running]> on host 52651c1f9987
[2024-04-16T09:32:58.953+0000] {taskinstance.py:2644} INFO - Exporting env vars: AIRFLOW_CTX_DAG_OWNER='***' AIRFLOW_CTX_DAG_ID='spotify_final_dag' AIRFLOW_CTX_TASK_ID='hello2' AIRFLOW_CTX_EXECUTION_DATE='2024-04-16T06:40:00+00:00' AIRFLOW_CTX_TRY_NUMBER='1' AIRFLOW_CTX_DAG_RUN_ID='scheduled__2024-04-16T06:40:00+00:00'
[2024-04-16T09:32:58.954+0000] {taskinstance.py:430} INFO - ::endgroup::
[2024-04-16T09:32:59.361+0000] {logging_mixin.py:188} INFO - Connection successful
[2024-04-16T09:32:59.804+0000] {logging_mixin.py:188} INFO - Connection successful
[2024-04-16T09:33:00.211+0000] {logging_mixin.py:188} INFO - Connection successful
[2024-04-16T09:33:00.214+0000] {logging_mixin.py:188} INFO - Null Not Found
[2024-04-16T09:33:00.215+0000] {logging_mixin.py:188} INFO - Null Not Found
[2024-04-16T09:33:00.225+0000] {logging_mixin.py:188} INFO - Null Not Found
[2024-04-16T09:33:00.225+0000] {logging_mixin.py:188} INFO - Null Not Found
[2024-04-16T09:33:00.227+0000] {logging_mixin.py:188} INFO - Null Not Found
[2024-04-16T09:33:00.228+0000] {logging_mixin.py:188} INFO - Null Not Found
[2024-04-16T09:33:00.229+0000] {python.py:237} INFO - Done. Returned value was: None
[2024-04-16T09:33:00.229+0000] {taskinstance.py:441} INFO - ::group::Post task execution logs
[2024-04-16T09:33:00.235+0000] {taskinstance.py:1205} INFO - Marking task as SUCCESS. dag_id=spotify_final_dag, task_id=hello2, execution_date=20240416T064000, start_date=20240416T093258, end_date=20240416T093300
[2024-04-16T09:33:00.267+0000] {local_task_job_runner.py:240} INFO - Task exited with return code 0
[2024-04-16T09:33:00.281+0000] {taskinstance.py:3482} INFO - 0 downstream tasks scheduled from follow-on schedule check
[2024-04-16T09:33:00.283+0000] {local_task_job_runner.py:222} INFO - ::endgroup::
[2024-04-16T09:48:50.220+0000] {local_task_job_runner.py:120} INFO - ::group::Pre task execution logs
[2024-04-16T09:48:50.240+0000] {taskinstance.py:2073} INFO - Dependencies all met for dep_context=non-requeueable deps ti=<TaskInstance: spotify_final_dag.hello2 scheduled__2024-04-16T06:40:00+00:00 [queued]>
[2024-04-16T09:48:50.248+0000] {taskinstance.py:2073} INFO - Dependencies all met for dep_context=requeueable deps ti=<TaskInstance: spotify_final_dag.hello2 scheduled__2024-04-16T06:40:00+00:00 [queued]>
[2024-04-16T09:48:50.249+0000] {taskinstance.py:2303} INFO - Starting attempt 1 of 2
[2024-04-16T09:48:50.260+0000] {taskinstance.py:2327} INFO - Executing <Task(PythonOperator): hello2> on 2024-04-16 06:40:00+00:00
[2024-04-16T09:48:50.268+0000] {warnings.py:110} WARNING - /home/***/.local/lib/python3.12/site-packages/***/task/task_runner/standard_task_runner.py:61: DeprecationWarning: This process (pid=4991) is multi-threaded, use of fork() may lead to deadlocks in the child.
  pid = os.fork()

[2024-04-16T09:48:50.270+0000] {standard_task_runner.py:63} INFO - Started process 5018 to run task
[2024-04-16T09:48:50.270+0000] {standard_task_runner.py:90} INFO - Running: ['***', 'tasks', 'run', 'spotify_final_dag', 'hello2', 'scheduled__2024-04-16T06:40:00+00:00', '--job-id', '1354', '--raw', '--subdir', 'DAGS_FOLDER/dag.py', '--cfg-path', '/tmp/tmpoo1dbav6']
[2024-04-16T09:48:50.271+0000] {standard_task_runner.py:91} INFO - Job 1354: Subtask hello2
[2024-04-16T09:48:50.322+0000] {task_command.py:426} INFO - Running <TaskInstance: spotify_final_dag.hello2 scheduled__2024-04-16T06:40:00+00:00 [running]> on host 52651c1f9987
[2024-04-16T09:48:50.404+0000] {taskinstance.py:2644} INFO - Exporting env vars: AIRFLOW_CTX_DAG_OWNER='***' AIRFLOW_CTX_DAG_ID='spotify_final_dag' AIRFLOW_CTX_TASK_ID='hello2' AIRFLOW_CTX_EXECUTION_DATE='2024-04-16T06:40:00+00:00' AIRFLOW_CTX_TRY_NUMBER='1' AIRFLOW_CTX_DAG_RUN_ID='scheduled__2024-04-16T06:40:00+00:00'
[2024-04-16T09:48:50.406+0000] {taskinstance.py:430} INFO - ::endgroup::
[2024-04-16T09:48:50.841+0000] {logging_mixin.py:188} INFO - Connection successful
[2024-04-16T09:48:51.247+0000] {logging_mixin.py:188} INFO - Connection successful
[2024-04-16T09:48:51.703+0000] {logging_mixin.py:188} INFO - Connection successful
[2024-04-16T09:48:51.706+0000] {logging_mixin.py:188} INFO - Null Not Found
[2024-04-16T09:48:51.707+0000] {logging_mixin.py:188} INFO - Null Not Found
[2024-04-16T09:48:51.715+0000] {logging_mixin.py:188} INFO - Null Not Found
[2024-04-16T09:48:51.716+0000] {logging_mixin.py:188} INFO - Null Not Found
[2024-04-16T09:48:51.717+0000] {logging_mixin.py:188} INFO - Null Not Found
[2024-04-16T09:48:51.717+0000] {logging_mixin.py:188} INFO - Null Not Found
[2024-04-16T09:48:51.718+0000] {python.py:237} INFO - Done. Returned value was: None
[2024-04-16T09:48:51.719+0000] {taskinstance.py:441} INFO - ::group::Post task execution logs
[2024-04-16T09:48:51.728+0000] {taskinstance.py:1205} INFO - Marking task as SUCCESS. dag_id=spotify_final_dag, task_id=hello2, execution_date=20240416T064000, start_date=20240416T094850, end_date=20240416T094851
[2024-04-16T09:48:51.767+0000] {local_task_job_runner.py:240} INFO - Task exited with return code 0
[2024-04-16T09:48:51.780+0000] {taskinstance.py:3482} INFO - 0 downstream tasks scheduled from follow-on schedule check
[2024-04-16T09:48:51.782+0000] {local_task_job_runner.py:222} INFO - ::endgroup::
