[2024-04-17T07:30:21.396+0000] {local_task_job_runner.py:120} INFO - ::group::Pre task execution logs
[2024-04-17T07:30:21.410+0000] {taskinstance.py:2073} INFO - Dependencies all met for dep_context=non-requeueable deps ti=<TaskInstance: etl_for_spotify.hello2 scheduled__2024-04-16T03:42:00+00:00 [queued]>
[2024-04-17T07:30:21.417+0000] {taskinstance.py:2073} INFO - Dependencies all met for dep_context=requeueable deps ti=<TaskInstance: etl_for_spotify.hello2 scheduled__2024-04-16T03:42:00+00:00 [queued]>
[2024-04-17T07:30:21.417+0000] {taskinstance.py:2303} INFO - Starting attempt 1 of 2
[2024-04-17T07:30:21.428+0000] {taskinstance.py:2327} INFO - Executing <Task(PythonOperator): hello2> on 2024-04-16 03:42:00+00:00
[2024-04-17T07:30:21.435+0000] {warnings.py:110} WARNING - /home/***/.local/lib/python3.12/site-packages/***/task/task_runner/standard_task_runner.py:61: DeprecationWarning: This process (pid=6058) is multi-threaded, use of fork() may lead to deadlocks in the child.
  pid = os.fork()

[2024-04-17T07:30:21.437+0000] {standard_task_runner.py:63} INFO - Started process 6060 to run task
[2024-04-17T07:30:21.436+0000] {standard_task_runner.py:90} INFO - Running: ['***', 'tasks', 'run', 'etl_for_spotify', 'hello2', 'scheduled__2024-04-16T03:42:00+00:00', '--job-id', '2993', '--raw', '--subdir', 'DAGS_FOLDER/dag.py', '--cfg-path', '/tmp/tmpbmllzxwq']
[2024-04-17T07:30:21.437+0000] {standard_task_runner.py:91} INFO - Job 2993: Subtask hello2
[2024-04-17T07:30:21.477+0000] {task_command.py:426} INFO - Running <TaskInstance: etl_for_spotify.hello2 scheduled__2024-04-16T03:42:00+00:00 [running]> on host 52651c1f9987
[2024-04-17T07:30:21.550+0000] {taskinstance.py:2644} INFO - Exporting env vars: AIRFLOW_CTX_DAG_OWNER='***' AIRFLOW_CTX_DAG_ID='etl_for_spotify' AIRFLOW_CTX_TASK_ID='hello2' AIRFLOW_CTX_EXECUTION_DATE='2024-04-16T03:42:00+00:00' AIRFLOW_CTX_TRY_NUMBER='1' AIRFLOW_CTX_DAG_RUN_ID='scheduled__2024-04-16T03:42:00+00:00'
[2024-04-17T07:30:21.551+0000] {taskinstance.py:430} INFO - ::endgroup::
[2024-04-17T07:30:22.003+0000] {logging_mixin.py:188} INFO - Connection successful
[2024-04-17T07:30:22.473+0000] {logging_mixin.py:188} INFO - Connection successful
[2024-04-17T07:30:22.866+0000] {logging_mixin.py:188} INFO - Connection successful
[2024-04-17T07:30:22.869+0000] {logging_mixin.py:188} INFO - Null Not Found
[2024-04-17T07:30:22.870+0000] {logging_mixin.py:188} INFO - Null Not Found
[2024-04-17T07:30:22.878+0000] {logging_mixin.py:188} INFO - Null Not Found
[2024-04-17T07:30:22.879+0000] {logging_mixin.py:188} INFO - Null Not Found
[2024-04-17T07:30:22.880+0000] {logging_mixin.py:188} INFO - Null Not Found
[2024-04-17T07:30:22.881+0000] {logging_mixin.py:188} INFO - Null Not Found
[2024-04-17T07:30:22.881+0000] {python.py:237} INFO - Done. Returned value was: None
[2024-04-17T07:30:22.882+0000] {taskinstance.py:441} INFO - ::group::Post task execution logs
[2024-04-17T07:30:22.888+0000] {taskinstance.py:1205} INFO - Marking task as SUCCESS. dag_id=etl_for_spotify, task_id=hello2, execution_date=20240416T034200, start_date=20240417T073021, end_date=20240417T073022
[2024-04-17T07:30:22.936+0000] {local_task_job_runner.py:240} INFO - Task exited with return code 0
[2024-04-17T07:30:22.949+0000] {taskinstance.py:3482} INFO - 0 downstream tasks scheduled from follow-on schedule check
[2024-04-17T07:30:22.951+0000] {local_task_job_runner.py:222} INFO - ::endgroup::
