[2024-04-16T09:40:48.056+0000] {local_task_job_runner.py:120} INFO - ::group::Pre task execution logs
[2024-04-16T09:40:48.075+0000] {taskinstance.py:2073} INFO - Dependencies all met for dep_context=non-requeueable deps ti=<TaskInstance: spotify_final_dag.hello2 scheduled__2024-04-16T04:38:00+00:00 [queued]>
[2024-04-16T09:40:48.081+0000] {taskinstance.py:2073} INFO - Dependencies all met for dep_context=requeueable deps ti=<TaskInstance: spotify_final_dag.hello2 scheduled__2024-04-16T04:38:00+00:00 [queued]>
[2024-04-16T09:40:48.082+0000] {taskinstance.py:2303} INFO - Starting attempt 1 of 2
[2024-04-16T09:40:48.094+0000] {taskinstance.py:2327} INFO - Executing <Task(PythonOperator): hello2> on 2024-04-16 04:38:00+00:00
[2024-04-16T09:40:48.099+0000] {warnings.py:110} WARNING - /home/***/.local/lib/python3.12/site-packages/***/task/task_runner/standard_task_runner.py:61: DeprecationWarning: This process (pid=2851) is multi-threaded, use of fork() may lead to deadlocks in the child.
  pid = os.fork()

[2024-04-16T09:40:48.101+0000] {standard_task_runner.py:63} INFO - Started process 2856 to run task
[2024-04-16T09:40:48.101+0000] {standard_task_runner.py:90} INFO - Running: ['***', 'tasks', 'run', 'spotify_final_dag', 'hello2', 'scheduled__2024-04-16T04:38:00+00:00', '--job-id', '672', '--raw', '--subdir', 'DAGS_FOLDER/dag.py', '--cfg-path', '/tmp/tmpz06xs6tn']
[2024-04-16T09:40:48.102+0000] {standard_task_runner.py:91} INFO - Job 672: Subtask hello2
[2024-04-16T09:40:48.139+0000] {task_command.py:426} INFO - Running <TaskInstance: spotify_final_dag.hello2 scheduled__2024-04-16T04:38:00+00:00 [running]> on host 52651c1f9987
[2024-04-16T09:40:48.218+0000] {taskinstance.py:2644} INFO - Exporting env vars: AIRFLOW_CTX_DAG_OWNER='***' AIRFLOW_CTX_DAG_ID='spotify_final_dag' AIRFLOW_CTX_TASK_ID='hello2' AIRFLOW_CTX_EXECUTION_DATE='2024-04-16T04:38:00+00:00' AIRFLOW_CTX_TRY_NUMBER='1' AIRFLOW_CTX_DAG_RUN_ID='scheduled__2024-04-16T04:38:00+00:00'
[2024-04-16T09:40:48.219+0000] {taskinstance.py:430} INFO - ::endgroup::
[2024-04-16T09:40:48.647+0000] {logging_mixin.py:188} INFO - Connection successful
[2024-04-16T09:40:49.048+0000] {logging_mixin.py:188} INFO - Connection successful
[2024-04-16T09:40:49.481+0000] {logging_mixin.py:188} INFO - Connection successful
[2024-04-16T09:40:49.486+0000] {logging_mixin.py:188} INFO - Null Not Found
[2024-04-16T09:40:49.487+0000] {logging_mixin.py:188} INFO - Null Not Found
[2024-04-16T09:40:49.495+0000] {logging_mixin.py:188} INFO - Null Not Found
[2024-04-16T09:40:49.496+0000] {logging_mixin.py:188} INFO - Null Not Found
[2024-04-16T09:40:49.497+0000] {logging_mixin.py:188} INFO - Null Not Found
[2024-04-16T09:40:49.497+0000] {logging_mixin.py:188} INFO - Null Not Found
[2024-04-16T09:40:49.498+0000] {python.py:237} INFO - Done. Returned value was: None
[2024-04-16T09:40:49.499+0000] {taskinstance.py:441} INFO - ::group::Post task execution logs
[2024-04-16T09:40:49.505+0000] {taskinstance.py:1205} INFO - Marking task as SUCCESS. dag_id=spotify_final_dag, task_id=hello2, execution_date=20240416T043800, start_date=20240416T094048, end_date=20240416T094049
[2024-04-16T09:40:49.521+0000] {local_task_job_runner.py:240} INFO - Task exited with return code 0
[2024-04-16T09:40:49.532+0000] {taskinstance.py:3482} INFO - 0 downstream tasks scheduled from follow-on schedule check
[2024-04-16T09:40:49.535+0000] {local_task_job_runner.py:222} INFO - ::endgroup::
[2024-04-16T09:48:10.921+0000] {local_task_job_runner.py:120} INFO - ::group::Pre task execution logs
[2024-04-16T09:48:10.944+0000] {taskinstance.py:2073} INFO - Dependencies all met for dep_context=non-requeueable deps ti=<TaskInstance: spotify_final_dag.hello2 scheduled__2024-04-16T04:38:00+00:00 [queued]>
[2024-04-16T09:48:10.954+0000] {taskinstance.py:2073} INFO - Dependencies all met for dep_context=requeueable deps ti=<TaskInstance: spotify_final_dag.hello2 scheduled__2024-04-16T04:38:00+00:00 [queued]>
[2024-04-16T09:48:10.954+0000] {taskinstance.py:2303} INFO - Starting attempt 1 of 2
[2024-04-16T09:48:10.966+0000] {taskinstance.py:2327} INFO - Executing <Task(PythonOperator): hello2> on 2024-04-16 04:38:00+00:00
[2024-04-16T09:48:10.976+0000] {warnings.py:110} WARNING - /home/***/.local/lib/python3.12/site-packages/***/task/task_runner/standard_task_runner.py:61: DeprecationWarning: This process (pid=4611) is multi-threaded, use of fork() may lead to deadlocks in the child.
  pid = os.fork()

[2024-04-16T09:48:10.978+0000] {standard_task_runner.py:63} INFO - Started process 4623 to run task
[2024-04-16T09:48:10.978+0000] {standard_task_runner.py:90} INFO - Running: ['***', 'tasks', 'run', 'spotify_final_dag', 'hello2', 'scheduled__2024-04-16T04:38:00+00:00', '--job-id', '1227', '--raw', '--subdir', 'DAGS_FOLDER/dag.py', '--cfg-path', '/tmp/tmpmajabvc3']
[2024-04-16T09:48:10.980+0000] {standard_task_runner.py:91} INFO - Job 1227: Subtask hello2
[2024-04-16T09:48:11.031+0000] {task_command.py:426} INFO - Running <TaskInstance: spotify_final_dag.hello2 scheduled__2024-04-16T04:38:00+00:00 [running]> on host 52651c1f9987
[2024-04-16T09:48:11.116+0000] {taskinstance.py:2644} INFO - Exporting env vars: AIRFLOW_CTX_DAG_OWNER='***' AIRFLOW_CTX_DAG_ID='spotify_final_dag' AIRFLOW_CTX_TASK_ID='hello2' AIRFLOW_CTX_EXECUTION_DATE='2024-04-16T04:38:00+00:00' AIRFLOW_CTX_TRY_NUMBER='1' AIRFLOW_CTX_DAG_RUN_ID='scheduled__2024-04-16T04:38:00+00:00'
[2024-04-16T09:48:11.117+0000] {taskinstance.py:430} INFO - ::endgroup::
[2024-04-16T09:48:11.549+0000] {logging_mixin.py:188} INFO - Connection successful
[2024-04-16T09:48:12.020+0000] {logging_mixin.py:188} INFO - Connection successful
[2024-04-16T09:48:12.415+0000] {logging_mixin.py:188} INFO - Connection successful
[2024-04-16T09:48:12.419+0000] {logging_mixin.py:188} INFO - Null Not Found
[2024-04-16T09:48:12.420+0000] {logging_mixin.py:188} INFO - Null Not Found
[2024-04-16T09:48:12.431+0000] {logging_mixin.py:188} INFO - Null Not Found
[2024-04-16T09:48:12.432+0000] {logging_mixin.py:188} INFO - Null Not Found
[2024-04-16T09:48:12.434+0000] {logging_mixin.py:188} INFO - Null Not Found
[2024-04-16T09:48:12.434+0000] {logging_mixin.py:188} INFO - Null Not Found
[2024-04-16T09:48:12.436+0000] {python.py:237} INFO - Done. Returned value was: None
[2024-04-16T09:48:12.436+0000] {taskinstance.py:441} INFO - ::group::Post task execution logs
[2024-04-16T09:48:12.445+0000] {taskinstance.py:1205} INFO - Marking task as SUCCESS. dag_id=spotify_final_dag, task_id=hello2, execution_date=20240416T043800, start_date=20240416T094810, end_date=20240416T094812
[2024-04-16T09:48:12.477+0000] {local_task_job_runner.py:240} INFO - Task exited with return code 0
[2024-04-16T09:48:12.491+0000] {taskinstance.py:3482} INFO - 0 downstream tasks scheduled from follow-on schedule check
[2024-04-16T09:48:12.494+0000] {local_task_job_runner.py:222} INFO - ::endgroup::
