[2024-04-17T07:29:16.563+0000] {local_task_job_runner.py:120} INFO - ::group::Pre task execution logs
[2024-04-17T07:29:16.579+0000] {taskinstance.py:2073} INFO - Dependencies all met for dep_context=non-requeueable deps ti=<TaskInstance: etl_for_spotify.hello2 scheduled__2024-04-16T00:22:00+00:00 [queued]>
[2024-04-17T07:29:16.586+0000] {taskinstance.py:2073} INFO - Dependencies all met for dep_context=requeueable deps ti=<TaskInstance: etl_for_spotify.hello2 scheduled__2024-04-16T00:22:00+00:00 [queued]>
[2024-04-17T07:29:16.586+0000] {taskinstance.py:2303} INFO - Starting attempt 2 of 2
[2024-04-17T07:29:16.597+0000] {taskinstance.py:2327} INFO - Executing <Task(PythonOperator): hello2> on 2024-04-16 00:22:00+00:00
[2024-04-17T07:29:16.605+0000] {warnings.py:110} WARNING - /home/***/.local/lib/python3.12/site-packages/***/task/task_runner/standard_task_runner.py:61: DeprecationWarning: This process (pid=5457) is multi-threaded, use of fork() may lead to deadlocks in the child.
  pid = os.fork()

[2024-04-17T07:29:16.606+0000] {standard_task_runner.py:63} INFO - Started process 5468 to run task
[2024-04-17T07:29:16.607+0000] {standard_task_runner.py:90} INFO - Running: ['***', 'tasks', 'run', 'etl_for_spotify', 'hello2', 'scheduled__2024-04-16T00:22:00+00:00', '--job-id', '2798', '--raw', '--subdir', 'DAGS_FOLDER/dag.py', '--cfg-path', '/tmp/tmp4zo0871k']
[2024-04-17T07:29:16.608+0000] {standard_task_runner.py:91} INFO - Job 2798: Subtask hello2
[2024-04-17T07:29:16.645+0000] {task_command.py:426} INFO - Running <TaskInstance: etl_for_spotify.hello2 scheduled__2024-04-16T00:22:00+00:00 [running]> on host 52651c1f9987
[2024-04-17T07:29:16.719+0000] {taskinstance.py:2644} INFO - Exporting env vars: AIRFLOW_CTX_DAG_OWNER='***' AIRFLOW_CTX_DAG_ID='etl_for_spotify' AIRFLOW_CTX_TASK_ID='hello2' AIRFLOW_CTX_EXECUTION_DATE='2024-04-16T00:22:00+00:00' AIRFLOW_CTX_TRY_NUMBER='2' AIRFLOW_CTX_DAG_RUN_ID='scheduled__2024-04-16T00:22:00+00:00'
[2024-04-17T07:29:16.720+0000] {taskinstance.py:430} INFO - ::endgroup::
[2024-04-17T07:29:17.134+0000] {logging_mixin.py:188} INFO - Connection successful
[2024-04-17T07:29:17.600+0000] {logging_mixin.py:188} INFO - Connection successful
[2024-04-17T07:29:17.994+0000] {logging_mixin.py:188} INFO - Connection successful
[2024-04-17T07:29:17.997+0000] {logging_mixin.py:188} INFO - Null Not Found
[2024-04-17T07:29:17.998+0000] {logging_mixin.py:188} INFO - Null Not Found
[2024-04-17T07:29:18.006+0000] {logging_mixin.py:188} INFO - Null Not Found
[2024-04-17T07:29:18.007+0000] {logging_mixin.py:188} INFO - Null Not Found
[2024-04-17T07:29:18.008+0000] {logging_mixin.py:188} INFO - Null Not Found
[2024-04-17T07:29:18.009+0000] {logging_mixin.py:188} INFO - Null Not Found
[2024-04-17T07:29:18.010+0000] {python.py:237} INFO - Done. Returned value was: None
[2024-04-17T07:29:18.010+0000] {taskinstance.py:441} INFO - ::group::Post task execution logs
[2024-04-17T07:29:18.017+0000] {taskinstance.py:1205} INFO - Marking task as SUCCESS. dag_id=etl_for_spotify, task_id=hello2, execution_date=20240416T002200, start_date=20240417T072916, end_date=20240417T072918
[2024-04-17T07:29:18.064+0000] {local_task_job_runner.py:240} INFO - Task exited with return code 0
[2024-04-17T07:29:18.076+0000] {taskinstance.py:3482} INFO - 0 downstream tasks scheduled from follow-on schedule check
[2024-04-17T07:29:18.078+0000] {local_task_job_runner.py:222} INFO - ::endgroup::
