[2024-04-16T09:38:41.008+0000] {local_task_job_runner.py:120} INFO - ::group::Pre task execution logs
[2024-04-16T09:38:41.028+0000] {taskinstance.py:2073} INFO - Dependencies all met for dep_context=non-requeueable deps ti=<TaskInstance: spotify_final_dag.hello2 scheduled__2024-04-16T01:32:00+00:00 [queued]>
[2024-04-16T09:38:41.036+0000] {taskinstance.py:2073} INFO - Dependencies all met for dep_context=requeueable deps ti=<TaskInstance: spotify_final_dag.hello2 scheduled__2024-04-16T01:32:00+00:00 [queued]>
[2024-04-16T09:38:41.037+0000] {taskinstance.py:2303} INFO - Starting attempt 1 of 2
[2024-04-16T09:38:41.049+0000] {taskinstance.py:2327} INFO - Executing <Task(PythonOperator): hello2> on 2024-04-16 01:32:00+00:00
[2024-04-16T09:38:41.056+0000] {warnings.py:110} WARNING - /home/***/.local/lib/python3.12/site-packages/***/task/task_runner/standard_task_runner.py:61: DeprecationWarning: This process (pid=1707) is multi-threaded, use of fork() may lead to deadlocks in the child.
  pid = os.fork()

[2024-04-16T09:38:41.058+0000] {standard_task_runner.py:63} INFO - Started process 1723 to run task
[2024-04-16T09:38:41.058+0000] {standard_task_runner.py:90} INFO - Running: ['***', 'tasks', 'run', 'spotify_final_dag', 'hello2', 'scheduled__2024-04-16T01:32:00+00:00', '--job-id', '302', '--raw', '--subdir', 'DAGS_FOLDER/dag.py', '--cfg-path', '/tmp/tmpin_t7ykk']
[2024-04-16T09:38:41.059+0000] {standard_task_runner.py:91} INFO - Job 302: Subtask hello2
[2024-04-16T09:38:41.094+0000] {task_command.py:426} INFO - Running <TaskInstance: spotify_final_dag.hello2 scheduled__2024-04-16T01:32:00+00:00 [running]> on host 52651c1f9987
[2024-04-16T09:38:41.173+0000] {taskinstance.py:2644} INFO - Exporting env vars: AIRFLOW_CTX_DAG_OWNER='***' AIRFLOW_CTX_DAG_ID='spotify_final_dag' AIRFLOW_CTX_TASK_ID='hello2' AIRFLOW_CTX_EXECUTION_DATE='2024-04-16T01:32:00+00:00' AIRFLOW_CTX_TRY_NUMBER='1' AIRFLOW_CTX_DAG_RUN_ID='scheduled__2024-04-16T01:32:00+00:00'
[2024-04-16T09:38:41.174+0000] {taskinstance.py:430} INFO - ::endgroup::
[2024-04-16T09:38:41.588+0000] {logging_mixin.py:188} INFO - Connection successful
[2024-04-16T09:38:41.996+0000] {logging_mixin.py:188} INFO - Connection successful
[2024-04-16T09:38:42.425+0000] {logging_mixin.py:188} INFO - Connection successful
[2024-04-16T09:38:42.428+0000] {logging_mixin.py:188} INFO - Null Not Found
[2024-04-16T09:38:42.429+0000] {logging_mixin.py:188} INFO - Null Not Found
[2024-04-16T09:38:42.438+0000] {logging_mixin.py:188} INFO - Null Not Found
[2024-04-16T09:38:42.439+0000] {logging_mixin.py:188} INFO - Null Not Found
[2024-04-16T09:38:42.440+0000] {logging_mixin.py:188} INFO - Null Not Found
[2024-04-16T09:38:42.441+0000] {logging_mixin.py:188} INFO - Null Not Found
[2024-04-16T09:38:42.442+0000] {python.py:237} INFO - Done. Returned value was: None
[2024-04-16T09:38:42.442+0000] {taskinstance.py:441} INFO - ::group::Post task execution logs
[2024-04-16T09:38:42.449+0000] {taskinstance.py:1205} INFO - Marking task as SUCCESS. dag_id=spotify_final_dag, task_id=hello2, execution_date=20240416T013200, start_date=20240416T093841, end_date=20240416T093842
[2024-04-16T09:38:42.555+0000] {local_task_job_runner.py:240} INFO - Task exited with return code 0
[2024-04-16T09:38:42.566+0000] {taskinstance.py:3482} INFO - 0 downstream tasks scheduled from follow-on schedule check
[2024-04-16T09:38:42.568+0000] {local_task_job_runner.py:222} INFO - ::endgroup::
[2024-04-16T09:47:09.111+0000] {local_task_job_runner.py:120} INFO - ::group::Pre task execution logs
[2024-04-16T09:47:09.130+0000] {taskinstance.py:2073} INFO - Dependencies all met for dep_context=non-requeueable deps ti=<TaskInstance: spotify_final_dag.hello2 scheduled__2024-04-16T01:32:00+00:00 [queued]>
[2024-04-16T09:47:09.141+0000] {taskinstance.py:2073} INFO - Dependencies all met for dep_context=requeueable deps ti=<TaskInstance: spotify_final_dag.hello2 scheduled__2024-04-16T01:32:00+00:00 [queued]>
[2024-04-16T09:47:09.141+0000] {taskinstance.py:2303} INFO - Starting attempt 1 of 2
[2024-04-16T09:47:09.154+0000] {taskinstance.py:2327} INFO - Executing <Task(PythonOperator): hello2> on 2024-04-16 01:32:00+00:00
[2024-04-16T09:47:09.161+0000] {warnings.py:110} WARNING - /home/***/.local/lib/python3.12/site-packages/***/task/task_runner/standard_task_runner.py:61: DeprecationWarning: This process (pid=4032) is multi-threaded, use of fork() may lead to deadlocks in the child.
  pid = os.fork()

[2024-04-16T09:47:09.162+0000] {standard_task_runner.py:63} INFO - Started process 4042 to run task
[2024-04-16T09:47:09.162+0000] {standard_task_runner.py:90} INFO - Running: ['***', 'tasks', 'run', 'spotify_final_dag', 'hello2', 'scheduled__2024-04-16T01:32:00+00:00', '--job-id', '1037', '--raw', '--subdir', 'DAGS_FOLDER/dag.py', '--cfg-path', '/tmp/tmpr1ovkuxr']
[2024-04-16T09:47:09.163+0000] {standard_task_runner.py:91} INFO - Job 1037: Subtask hello2
[2024-04-16T09:47:09.201+0000] {task_command.py:426} INFO - Running <TaskInstance: spotify_final_dag.hello2 scheduled__2024-04-16T01:32:00+00:00 [running]> on host 52651c1f9987
[2024-04-16T09:47:09.277+0000] {taskinstance.py:2644} INFO - Exporting env vars: AIRFLOW_CTX_DAG_OWNER='***' AIRFLOW_CTX_DAG_ID='spotify_final_dag' AIRFLOW_CTX_TASK_ID='hello2' AIRFLOW_CTX_EXECUTION_DATE='2024-04-16T01:32:00+00:00' AIRFLOW_CTX_TRY_NUMBER='1' AIRFLOW_CTX_DAG_RUN_ID='scheduled__2024-04-16T01:32:00+00:00'
[2024-04-16T09:47:09.279+0000] {taskinstance.py:430} INFO - ::endgroup::
[2024-04-16T09:47:09.719+0000] {logging_mixin.py:188} INFO - Connection successful
[2024-04-16T09:47:10.171+0000] {logging_mixin.py:188} INFO - Connection successful
[2024-04-16T09:47:10.593+0000] {logging_mixin.py:188} INFO - Connection successful
[2024-04-16T09:47:10.596+0000] {logging_mixin.py:188} INFO - Null Not Found
[2024-04-16T09:47:10.598+0000] {logging_mixin.py:188} INFO - Null Not Found
[2024-04-16T09:47:10.606+0000] {logging_mixin.py:188} INFO - Null Not Found
[2024-04-16T09:47:10.606+0000] {logging_mixin.py:188} INFO - Null Not Found
[2024-04-16T09:47:10.607+0000] {logging_mixin.py:188} INFO - Null Not Found
[2024-04-16T09:47:10.608+0000] {logging_mixin.py:188} INFO - Null Not Found
[2024-04-16T09:47:10.609+0000] {python.py:237} INFO - Done. Returned value was: None
[2024-04-16T09:47:10.609+0000] {taskinstance.py:441} INFO - ::group::Post task execution logs
[2024-04-16T09:47:10.616+0000] {taskinstance.py:1205} INFO - Marking task as SUCCESS. dag_id=spotify_final_dag, task_id=hello2, execution_date=20240416T013200, start_date=20240416T094709, end_date=20240416T094710
[2024-04-16T09:47:10.662+0000] {local_task_job_runner.py:240} INFO - Task exited with return code 0
[2024-04-16T09:47:10.675+0000] {taskinstance.py:3482} INFO - 0 downstream tasks scheduled from follow-on schedule check
[2024-04-16T09:47:10.677+0000] {local_task_job_runner.py:222} INFO - ::endgroup::
