[2024-04-16T09:40:56.599+0000] {local_task_job_runner.py:120} INFO - ::group::Pre task execution logs
[2024-04-16T09:40:56.616+0000] {taskinstance.py:2073} INFO - Dependencies all met for dep_context=non-requeueable deps ti=<TaskInstance: spotify_final_dag.hello2 scheduled__2024-04-16T04:48:00+00:00 [queued]>
[2024-04-16T09:40:56.623+0000] {taskinstance.py:2073} INFO - Dependencies all met for dep_context=requeueable deps ti=<TaskInstance: spotify_final_dag.hello2 scheduled__2024-04-16T04:48:00+00:00 [queued]>
[2024-04-16T09:40:56.624+0000] {taskinstance.py:2303} INFO - Starting attempt 1 of 2
[2024-04-16T09:40:56.634+0000] {taskinstance.py:2327} INFO - Executing <Task(PythonOperator): hello2> on 2024-04-16 04:48:00+00:00
[2024-04-16T09:40:56.641+0000] {warnings.py:110} WARNING - /home/***/.local/lib/python3.12/site-packages/***/task/task_runner/standard_task_runner.py:61: DeprecationWarning: This process (pid=2916) is multi-threaded, use of fork() may lead to deadlocks in the child.
  pid = os.fork()

[2024-04-16T09:40:56.642+0000] {standard_task_runner.py:63} INFO - Started process 2935 to run task
[2024-04-16T09:40:56.642+0000] {standard_task_runner.py:90} INFO - Running: ['***', 'tasks', 'run', 'spotify_final_dag', 'hello2', 'scheduled__2024-04-16T04:48:00+00:00', '--job-id', '697', '--raw', '--subdir', 'DAGS_FOLDER/dag.py', '--cfg-path', '/tmp/tmpom43j2qo']
[2024-04-16T09:40:56.643+0000] {standard_task_runner.py:91} INFO - Job 697: Subtask hello2
[2024-04-16T09:40:56.687+0000] {task_command.py:426} INFO - Running <TaskInstance: spotify_final_dag.hello2 scheduled__2024-04-16T04:48:00+00:00 [running]> on host 52651c1f9987
[2024-04-16T09:40:56.773+0000] {taskinstance.py:2644} INFO - Exporting env vars: AIRFLOW_CTX_DAG_OWNER='***' AIRFLOW_CTX_DAG_ID='spotify_final_dag' AIRFLOW_CTX_TASK_ID='hello2' AIRFLOW_CTX_EXECUTION_DATE='2024-04-16T04:48:00+00:00' AIRFLOW_CTX_TRY_NUMBER='1' AIRFLOW_CTX_DAG_RUN_ID='scheduled__2024-04-16T04:48:00+00:00'
[2024-04-16T09:40:56.775+0000] {taskinstance.py:430} INFO - ::endgroup::
[2024-04-16T09:40:57.251+0000] {logging_mixin.py:188} INFO - Connection successful
[2024-04-16T09:40:57.699+0000] {logging_mixin.py:188} INFO - Connection successful
[2024-04-16T09:40:58.090+0000] {logging_mixin.py:188} INFO - Connection successful
[2024-04-16T09:40:58.096+0000] {logging_mixin.py:188} INFO - Null Not Found
[2024-04-16T09:40:58.097+0000] {logging_mixin.py:188} INFO - Null Not Found
[2024-04-16T09:40:58.109+0000] {logging_mixin.py:188} INFO - Null Not Found
[2024-04-16T09:40:58.110+0000] {logging_mixin.py:188} INFO - Null Not Found
[2024-04-16T09:40:58.111+0000] {logging_mixin.py:188} INFO - Null Not Found
[2024-04-16T09:40:58.112+0000] {logging_mixin.py:188} INFO - Null Not Found
[2024-04-16T09:40:58.114+0000] {python.py:237} INFO - Done. Returned value was: None
[2024-04-16T09:40:58.114+0000] {taskinstance.py:441} INFO - ::group::Post task execution logs
[2024-04-16T09:40:58.122+0000] {taskinstance.py:1205} INFO - Marking task as SUCCESS. dag_id=spotify_final_dag, task_id=hello2, execution_date=20240416T044800, start_date=20240416T094056, end_date=20240416T094058
[2024-04-16T09:40:58.180+0000] {local_task_job_runner.py:240} INFO - Task exited with return code 0
[2024-04-16T09:40:58.192+0000] {taskinstance.py:3482} INFO - 0 downstream tasks scheduled from follow-on schedule check
[2024-04-16T09:40:58.194+0000] {local_task_job_runner.py:222} INFO - ::endgroup::
[2024-04-16T09:48:18.501+0000] {local_task_job_runner.py:120} INFO - ::group::Pre task execution logs
[2024-04-16T09:48:18.527+0000] {taskinstance.py:2073} INFO - Dependencies all met for dep_context=non-requeueable deps ti=<TaskInstance: spotify_final_dag.hello2 scheduled__2024-04-16T04:48:00+00:00 [queued]>
[2024-04-16T09:48:18.541+0000] {taskinstance.py:2073} INFO - Dependencies all met for dep_context=requeueable deps ti=<TaskInstance: spotify_final_dag.hello2 scheduled__2024-04-16T04:48:00+00:00 [queued]>
[2024-04-16T09:48:18.541+0000] {taskinstance.py:2303} INFO - Starting attempt 1 of 2
[2024-04-16T09:48:18.570+0000] {taskinstance.py:2327} INFO - Executing <Task(PythonOperator): hello2> on 2024-04-16 04:48:00+00:00
[2024-04-16T09:48:18.584+0000] {warnings.py:110} WARNING - /home/***/.local/lib/python3.12/site-packages/***/task/task_runner/standard_task_runner.py:61: DeprecationWarning: This process (pid=4671) is multi-threaded, use of fork() may lead to deadlocks in the child.
  pid = os.fork()

[2024-04-16T09:48:18.586+0000] {standard_task_runner.py:63} INFO - Started process 4702 to run task
[2024-04-16T09:48:18.592+0000] {standard_task_runner.py:90} INFO - Running: ['***', 'tasks', 'run', 'spotify_final_dag', 'hello2', 'scheduled__2024-04-16T04:48:00+00:00', '--job-id', '1247', '--raw', '--subdir', 'DAGS_FOLDER/dag.py', '--cfg-path', '/tmp/tmpw9asy4ia']
[2024-04-16T09:48:18.594+0000] {standard_task_runner.py:91} INFO - Job 1247: Subtask hello2
[2024-04-16T09:48:18.683+0000] {task_command.py:426} INFO - Running <TaskInstance: spotify_final_dag.hello2 scheduled__2024-04-16T04:48:00+00:00 [running]> on host 52651c1f9987
[2024-04-16T09:48:18.846+0000] {taskinstance.py:2644} INFO - Exporting env vars: AIRFLOW_CTX_DAG_OWNER='***' AIRFLOW_CTX_DAG_ID='spotify_final_dag' AIRFLOW_CTX_TASK_ID='hello2' AIRFLOW_CTX_EXECUTION_DATE='2024-04-16T04:48:00+00:00' AIRFLOW_CTX_TRY_NUMBER='1' AIRFLOW_CTX_DAG_RUN_ID='scheduled__2024-04-16T04:48:00+00:00'
[2024-04-16T09:48:18.849+0000] {taskinstance.py:430} INFO - ::endgroup::
[2024-04-16T09:48:19.270+0000] {logging_mixin.py:188} INFO - Connection successful
[2024-04-16T09:48:19.704+0000] {logging_mixin.py:188} INFO - Connection successful
[2024-04-16T09:48:20.161+0000] {logging_mixin.py:188} INFO - Connection successful
[2024-04-16T09:48:20.165+0000] {logging_mixin.py:188} INFO - Null Not Found
[2024-04-16T09:48:20.166+0000] {logging_mixin.py:188} INFO - Null Not Found
[2024-04-16T09:48:20.175+0000] {logging_mixin.py:188} INFO - Null Not Found
[2024-04-16T09:48:20.175+0000] {logging_mixin.py:188} INFO - Null Not Found
[2024-04-16T09:48:20.176+0000] {logging_mixin.py:188} INFO - Null Not Found
[2024-04-16T09:48:20.177+0000] {logging_mixin.py:188} INFO - Null Not Found
[2024-04-16T09:48:20.178+0000] {python.py:237} INFO - Done. Returned value was: None
[2024-04-16T09:48:20.178+0000] {taskinstance.py:441} INFO - ::group::Post task execution logs
[2024-04-16T09:48:20.187+0000] {taskinstance.py:1205} INFO - Marking task as SUCCESS. dag_id=spotify_final_dag, task_id=hello2, execution_date=20240416T044800, start_date=20240416T094818, end_date=20240416T094820
[2024-04-16T09:48:20.260+0000] {local_task_job_runner.py:240} INFO - Task exited with return code 0
[2024-04-16T09:48:20.274+0000] {taskinstance.py:3482} INFO - 0 downstream tasks scheduled from follow-on schedule check
[2024-04-16T09:48:20.276+0000] {local_task_job_runner.py:222} INFO - ::endgroup::
