[2024-04-17T05:29:16.158+0000] {local_task_job_runner.py:120} INFO - ::group::Pre task execution logs
[2024-04-17T05:29:16.208+0000] {taskinstance.py:2073} INFO - Dependencies all met for dep_context=non-requeueable deps ti=<TaskInstance: spotify_final_dag.hello2 scheduled__2024-04-17T03:44:00+00:00 [queued]>
[2024-04-17T05:29:16.224+0000] {taskinstance.py:2073} INFO - Dependencies all met for dep_context=requeueable deps ti=<TaskInstance: spotify_final_dag.hello2 scheduled__2024-04-17T03:44:00+00:00 [queued]>
[2024-04-17T05:29:16.224+0000] {taskinstance.py:2303} INFO - Starting attempt 1 of 2
[2024-04-17T05:29:16.365+0000] {taskinstance.py:2327} INFO - Executing <Task(PythonOperator): hello2> on 2024-04-17 03:44:00+00:00
[2024-04-17T05:29:16.379+0000] {warnings.py:110} WARNING - /home/***/.local/lib/python3.12/site-packages/***/task/task_runner/standard_task_runner.py:61: DeprecationWarning: This process (pid=3437) is multi-threaded, use of fork() may lead to deadlocks in the child.
  pid = os.fork()

[2024-04-17T05:29:16.383+0000] {standard_task_runner.py:63} INFO - Started process 3468 to run task
[2024-04-17T05:29:16.385+0000] {standard_task_runner.py:90} INFO - Running: ['***', 'tasks', 'run', 'spotify_final_dag', 'hello2', 'scheduled__2024-04-17T03:44:00+00:00', '--job-id', '2660', '--raw', '--subdir', 'DAGS_FOLDER/dag.py', '--cfg-path', '/tmp/tmpqbyrk2n2']
[2024-04-17T05:29:16.387+0000] {standard_task_runner.py:91} INFO - Job 2660: Subtask hello2
[2024-04-17T05:29:16.486+0000] {task_command.py:426} INFO - Running <TaskInstance: spotify_final_dag.hello2 scheduled__2024-04-17T03:44:00+00:00 [running]> on host 52651c1f9987
[2024-04-17T05:29:16.650+0000] {taskinstance.py:2644} INFO - Exporting env vars: AIRFLOW_CTX_DAG_OWNER='***' AIRFLOW_CTX_DAG_ID='spotify_final_dag' AIRFLOW_CTX_TASK_ID='hello2' AIRFLOW_CTX_EXECUTION_DATE='2024-04-17T03:44:00+00:00' AIRFLOW_CTX_TRY_NUMBER='1' AIRFLOW_CTX_DAG_RUN_ID='scheduled__2024-04-17T03:44:00+00:00'
[2024-04-17T05:29:16.653+0000] {taskinstance.py:430} INFO - ::endgroup::
[2024-04-17T05:29:17.111+0000] {logging_mixin.py:188} INFO - Connection successful
[2024-04-17T05:29:17.529+0000] {logging_mixin.py:188} INFO - Connection successful
[2024-04-17T05:29:17.973+0000] {logging_mixin.py:188} INFO - Connection successful
[2024-04-17T05:29:17.979+0000] {logging_mixin.py:188} INFO - Null Not Found
[2024-04-17T05:29:17.980+0000] {logging_mixin.py:188} INFO - Null Not Found
[2024-04-17T05:29:17.990+0000] {logging_mixin.py:188} INFO - Null Not Found
[2024-04-17T05:29:17.991+0000] {logging_mixin.py:188} INFO - Null Not Found
[2024-04-17T05:29:17.993+0000] {logging_mixin.py:188} INFO - Null Not Found
[2024-04-17T05:29:17.994+0000] {logging_mixin.py:188} INFO - Null Not Found
[2024-04-17T05:29:17.995+0000] {python.py:237} INFO - Done. Returned value was: None
[2024-04-17T05:29:17.996+0000] {taskinstance.py:441} INFO - ::group::Post task execution logs
[2024-04-17T05:29:18.006+0000] {taskinstance.py:1205} INFO - Marking task as SUCCESS. dag_id=spotify_final_dag, task_id=hello2, execution_date=20240417T034400, start_date=20240417T052916, end_date=20240417T052918
[2024-04-17T05:29:18.057+0000] {local_task_job_runner.py:240} INFO - Task exited with return code 0
[2024-04-17T05:29:18.072+0000] {taskinstance.py:3482} INFO - 0 downstream tasks scheduled from follow-on schedule check
[2024-04-17T05:29:18.074+0000] {local_task_job_runner.py:222} INFO - ::endgroup::
