[2024-04-16T09:38:09.618+0000] {local_task_job_runner.py:120} INFO - ::group::Pre task execution logs
[2024-04-16T09:38:09.637+0000] {taskinstance.py:2073} INFO - Dependencies all met for dep_context=non-requeueable deps ti=<TaskInstance: spotify_final_dag.hello2 scheduled__2024-04-16T00:38:00+00:00 [queued]>
[2024-04-16T09:38:09.644+0000] {taskinstance.py:2073} INFO - Dependencies all met for dep_context=requeueable deps ti=<TaskInstance: spotify_final_dag.hello2 scheduled__2024-04-16T00:38:00+00:00 [queued]>
[2024-04-16T09:38:09.645+0000] {taskinstance.py:2303} INFO - Starting attempt 1 of 2
[2024-04-16T09:38:09.655+0000] {taskinstance.py:2327} INFO - Executing <Task(PythonOperator): hello2> on 2024-04-16 00:38:00+00:00
[2024-04-16T09:38:09.664+0000] {warnings.py:110} WARNING - /home/***/.local/lib/python3.12/site-packages/***/task/task_runner/standard_task_runner.py:61: DeprecationWarning: This process (pid=1397) is multi-threaded, use of fork() may lead to deadlocks in the child.
  pid = os.fork()

[2024-04-16T09:38:09.665+0000] {standard_task_runner.py:63} INFO - Started process 1423 to run task
[2024-04-16T09:38:09.665+0000] {standard_task_runner.py:90} INFO - Running: ['***', 'tasks', 'run', 'spotify_final_dag', 'hello2', 'scheduled__2024-04-16T00:38:00+00:00', '--job-id', '201', '--raw', '--subdir', 'DAGS_FOLDER/dag.py', '--cfg-path', '/tmp/tmptsbcyu4d']
[2024-04-16T09:38:09.666+0000] {standard_task_runner.py:91} INFO - Job 201: Subtask hello2
[2024-04-16T09:38:09.718+0000] {task_command.py:426} INFO - Running <TaskInstance: spotify_final_dag.hello2 scheduled__2024-04-16T00:38:00+00:00 [running]> on host 52651c1f9987
[2024-04-16T09:38:09.813+0000] {taskinstance.py:2644} INFO - Exporting env vars: AIRFLOW_CTX_DAG_OWNER='***' AIRFLOW_CTX_DAG_ID='spotify_final_dag' AIRFLOW_CTX_TASK_ID='hello2' AIRFLOW_CTX_EXECUTION_DATE='2024-04-16T00:38:00+00:00' AIRFLOW_CTX_TRY_NUMBER='1' AIRFLOW_CTX_DAG_RUN_ID='scheduled__2024-04-16T00:38:00+00:00'
[2024-04-16T09:38:09.815+0000] {taskinstance.py:430} INFO - ::endgroup::
[2024-04-16T09:38:10.207+0000] {logging_mixin.py:188} INFO - Connection successful
[2024-04-16T09:38:10.659+0000] {logging_mixin.py:188} INFO - Connection successful
[2024-04-16T09:38:11.081+0000] {logging_mixin.py:188} INFO - Connection successful
[2024-04-16T09:38:11.085+0000] {logging_mixin.py:188} INFO - Null Not Found
[2024-04-16T09:38:11.086+0000] {logging_mixin.py:188} INFO - Null Not Found
[2024-04-16T09:38:11.095+0000] {logging_mixin.py:188} INFO - Null Not Found
[2024-04-16T09:38:11.095+0000] {logging_mixin.py:188} INFO - Null Not Found
[2024-04-16T09:38:11.097+0000] {logging_mixin.py:188} INFO - Null Not Found
[2024-04-16T09:38:11.097+0000] {logging_mixin.py:188} INFO - Null Not Found
[2024-04-16T09:38:11.098+0000] {python.py:237} INFO - Done. Returned value was: None
[2024-04-16T09:38:11.098+0000] {taskinstance.py:441} INFO - ::group::Post task execution logs
[2024-04-16T09:38:11.105+0000] {taskinstance.py:1205} INFO - Marking task as SUCCESS. dag_id=spotify_final_dag, task_id=hello2, execution_date=20240416T003800, start_date=20240416T093809, end_date=20240416T093811
[2024-04-16T09:38:11.164+0000] {local_task_job_runner.py:240} INFO - Task exited with return code 0
[2024-04-16T09:38:11.175+0000] {taskinstance.py:3482} INFO - 0 downstream tasks scheduled from follow-on schedule check
[2024-04-16T09:38:11.177+0000] {local_task_job_runner.py:222} INFO - ::endgroup::
[2024-04-16T09:46:57.200+0000] {local_task_job_runner.py:120} INFO - ::group::Pre task execution logs
[2024-04-16T09:46:57.233+0000] {taskinstance.py:2073} INFO - Dependencies all met for dep_context=non-requeueable deps ti=<TaskInstance: spotify_final_dag.hello2 scheduled__2024-04-16T00:38:00+00:00 [queued]>
[2024-04-16T09:46:57.246+0000] {taskinstance.py:2073} INFO - Dependencies all met for dep_context=requeueable deps ti=<TaskInstance: spotify_final_dag.hello2 scheduled__2024-04-16T00:38:00+00:00 [queued]>
[2024-04-16T09:46:57.246+0000] {taskinstance.py:2303} INFO - Starting attempt 1 of 2
[2024-04-16T09:46:57.408+0000] {taskinstance.py:2327} INFO - Executing <Task(PythonOperator): hello2> on 2024-04-16 00:38:00+00:00
[2024-04-16T09:46:57.421+0000] {warnings.py:110} WARNING - /home/***/.local/lib/python3.12/site-packages/***/task/task_runner/standard_task_runner.py:61: DeprecationWarning: This process (pid=3892) is multi-threaded, use of fork() may lead to deadlocks in the child.
  pid = os.fork()

[2024-04-16T09:46:57.425+0000] {standard_task_runner.py:63} INFO - Started process 3922 to run task
[2024-04-16T09:46:57.428+0000] {standard_task_runner.py:90} INFO - Running: ['***', 'tasks', 'run', 'spotify_final_dag', 'hello2', 'scheduled__2024-04-16T00:38:00+00:00', '--job-id', '996', '--raw', '--subdir', 'DAGS_FOLDER/dag.py', '--cfg-path', '/tmp/tmpy08anbey']
[2024-04-16T09:46:57.432+0000] {standard_task_runner.py:91} INFO - Job 996: Subtask hello2
[2024-04-16T09:46:57.506+0000] {task_command.py:426} INFO - Running <TaskInstance: spotify_final_dag.hello2 scheduled__2024-04-16T00:38:00+00:00 [running]> on host 52651c1f9987
[2024-04-16T09:46:57.632+0000] {taskinstance.py:2644} INFO - Exporting env vars: AIRFLOW_CTX_DAG_OWNER='***' AIRFLOW_CTX_DAG_ID='spotify_final_dag' AIRFLOW_CTX_TASK_ID='hello2' AIRFLOW_CTX_EXECUTION_DATE='2024-04-16T00:38:00+00:00' AIRFLOW_CTX_TRY_NUMBER='1' AIRFLOW_CTX_DAG_RUN_ID='scheduled__2024-04-16T00:38:00+00:00'
[2024-04-16T09:46:57.634+0000] {taskinstance.py:430} INFO - ::endgroup::
[2024-04-16T09:46:58.081+0000] {logging_mixin.py:188} INFO - Connection successful
[2024-04-16T09:46:58.524+0000] {logging_mixin.py:188} INFO - Connection successful
[2024-04-16T09:46:58.962+0000] {logging_mixin.py:188} INFO - Connection successful
[2024-04-16T09:46:58.966+0000] {logging_mixin.py:188} INFO - Null Not Found
[2024-04-16T09:46:58.967+0000] {logging_mixin.py:188} INFO - Null Not Found
[2024-04-16T09:46:58.975+0000] {logging_mixin.py:188} INFO - Null Not Found
[2024-04-16T09:46:58.976+0000] {logging_mixin.py:188} INFO - Null Not Found
[2024-04-16T09:46:58.977+0000] {logging_mixin.py:188} INFO - Null Not Found
[2024-04-16T09:46:58.977+0000] {logging_mixin.py:188} INFO - Null Not Found
[2024-04-16T09:46:58.979+0000] {python.py:237} INFO - Done. Returned value was: None
[2024-04-16T09:46:58.979+0000] {taskinstance.py:441} INFO - ::group::Post task execution logs
[2024-04-16T09:46:58.985+0000] {taskinstance.py:1205} INFO - Marking task as SUCCESS. dag_id=spotify_final_dag, task_id=hello2, execution_date=20240416T003800, start_date=20240416T094657, end_date=20240416T094658
[2024-04-16T09:46:59.044+0000] {local_task_job_runner.py:240} INFO - Task exited with return code 0
[2024-04-16T09:46:59.055+0000] {taskinstance.py:3482} INFO - 0 downstream tasks scheduled from follow-on schedule check
[2024-04-16T09:46:59.056+0000] {local_task_job_runner.py:222} INFO - ::endgroup::
