[2024-04-17T05:26:59.525+0000] {local_task_job_runner.py:120} INFO - ::group::Pre task execution logs
[2024-04-17T05:26:59.554+0000] {taskinstance.py:2073} INFO - Dependencies all met for dep_context=non-requeueable deps ti=<TaskInstance: spotify_final_dag.hello2 scheduled__2024-04-16T21:06:00+00:00 [queued]>
[2024-04-17T05:26:59.566+0000] {taskinstance.py:2073} INFO - Dependencies all met for dep_context=requeueable deps ti=<TaskInstance: spotify_final_dag.hello2 scheduled__2024-04-16T21:06:00+00:00 [queued]>
[2024-04-17T05:26:59.568+0000] {taskinstance.py:2303} INFO - Starting attempt 1 of 2
[2024-04-17T05:26:59.593+0000] {taskinstance.py:2327} INFO - Executing <Task(PythonOperator): hello2> on 2024-04-16 21:06:00+00:00
[2024-04-17T05:26:59.604+0000] {warnings.py:110} WARNING - /home/***/.local/lib/python3.12/site-packages/***/task/task_runner/standard_task_runner.py:61: DeprecationWarning: This process (pid=2206) is multi-threaded, use of fork() may lead to deadlocks in the child.
  pid = os.fork()

[2024-04-17T05:26:59.606+0000] {standard_task_runner.py:63} INFO - Started process 2237 to run task
[2024-04-17T05:26:59.608+0000] {standard_task_runner.py:90} INFO - Running: ['***', 'tasks', 'run', 'spotify_final_dag', 'hello2', 'scheduled__2024-04-16T21:06:00+00:00', '--job-id', '2257', '--raw', '--subdir', 'DAGS_FOLDER/dag.py', '--cfg-path', '/tmp/tmp2522wrdb']
[2024-04-17T05:26:59.610+0000] {standard_task_runner.py:91} INFO - Job 2257: Subtask hello2
[2024-04-17T05:26:59.661+0000] {task_command.py:426} INFO - Running <TaskInstance: spotify_final_dag.hello2 scheduled__2024-04-16T21:06:00+00:00 [running]> on host 52651c1f9987
[2024-04-17T05:26:59.775+0000] {taskinstance.py:2644} INFO - Exporting env vars: AIRFLOW_CTX_DAG_OWNER='***' AIRFLOW_CTX_DAG_ID='spotify_final_dag' AIRFLOW_CTX_TASK_ID='hello2' AIRFLOW_CTX_EXECUTION_DATE='2024-04-16T21:06:00+00:00' AIRFLOW_CTX_TRY_NUMBER='1' AIRFLOW_CTX_DAG_RUN_ID='scheduled__2024-04-16T21:06:00+00:00'
[2024-04-17T05:26:59.777+0000] {taskinstance.py:430} INFO - ::endgroup::
[2024-04-17T05:27:00.441+0000] {logging_mixin.py:188} INFO - Connection successful
[2024-04-17T05:27:00.932+0000] {logging_mixin.py:188} INFO - Connection successful
[2024-04-17T05:27:01.334+0000] {logging_mixin.py:188} INFO - Connection successful
[2024-04-17T05:27:01.338+0000] {logging_mixin.py:188} INFO - Null Not Found
[2024-04-17T05:27:01.339+0000] {logging_mixin.py:188} INFO - Null Not Found
[2024-04-17T05:27:01.346+0000] {logging_mixin.py:188} INFO - Null Not Found
[2024-04-17T05:27:01.347+0000] {logging_mixin.py:188} INFO - Null Not Found
[2024-04-17T05:27:01.348+0000] {logging_mixin.py:188} INFO - Null Not Found
[2024-04-17T05:27:01.348+0000] {logging_mixin.py:188} INFO - Null Not Found
[2024-04-17T05:27:01.349+0000] {python.py:237} INFO - Done. Returned value was: None
[2024-04-17T05:27:01.349+0000] {taskinstance.py:441} INFO - ::group::Post task execution logs
[2024-04-17T05:27:01.355+0000] {taskinstance.py:1205} INFO - Marking task as SUCCESS. dag_id=spotify_final_dag, task_id=hello2, execution_date=20240416T210600, start_date=20240417T052659, end_date=20240417T052701
[2024-04-17T05:27:01.385+0000] {local_task_job_runner.py:240} INFO - Task exited with return code 0
[2024-04-17T05:27:01.398+0000] {taskinstance.py:3482} INFO - 0 downstream tasks scheduled from follow-on schedule check
[2024-04-17T05:27:01.399+0000] {local_task_job_runner.py:222} INFO - ::endgroup::
