[2024-04-17T07:29:28.841+0000] {local_task_job_runner.py:120} INFO - ::group::Pre task execution logs
[2024-04-17T07:29:28.860+0000] {taskinstance.py:2073} INFO - Dependencies all met for dep_context=non-requeueable deps ti=<TaskInstance: etl_for_spotify.hello2 scheduled__2024-04-16T01:02:00+00:00 [queued]>
[2024-04-17T07:29:28.867+0000] {taskinstance.py:2073} INFO - Dependencies all met for dep_context=requeueable deps ti=<TaskInstance: etl_for_spotify.hello2 scheduled__2024-04-16T01:02:00+00:00 [queued]>
[2024-04-17T07:29:28.868+0000] {taskinstance.py:2303} INFO - Starting attempt 1 of 2
[2024-04-17T07:29:28.885+0000] {taskinstance.py:2327} INFO - Executing <Task(PythonOperator): hello2> on 2024-04-16 01:02:00+00:00
[2024-04-17T07:29:28.892+0000] {warnings.py:110} WARNING - /home/***/.local/lib/python3.12/site-packages/***/task/task_runner/standard_task_runner.py:61: DeprecationWarning: This process (pid=5559) is multi-threaded, use of fork() may lead to deadlocks in the child.
  pid = os.fork()

[2024-04-17T07:29:28.894+0000] {standard_task_runner.py:63} INFO - Started process 5565 to run task
[2024-04-17T07:29:28.894+0000] {standard_task_runner.py:90} INFO - Running: ['***', 'tasks', 'run', 'etl_for_spotify', 'hello2', 'scheduled__2024-04-16T01:02:00+00:00', '--job-id', '2831', '--raw', '--subdir', 'DAGS_FOLDER/dag.py', '--cfg-path', '/tmp/tmprwsaoqb5']
[2024-04-17T07:29:28.895+0000] {standard_task_runner.py:91} INFO - Job 2831: Subtask hello2
[2024-04-17T07:29:28.932+0000] {task_command.py:426} INFO - Running <TaskInstance: etl_for_spotify.hello2 scheduled__2024-04-16T01:02:00+00:00 [running]> on host 52651c1f9987
[2024-04-17T07:29:29.012+0000] {taskinstance.py:2644} INFO - Exporting env vars: AIRFLOW_CTX_DAG_OWNER='***' AIRFLOW_CTX_DAG_ID='etl_for_spotify' AIRFLOW_CTX_TASK_ID='hello2' AIRFLOW_CTX_EXECUTION_DATE='2024-04-16T01:02:00+00:00' AIRFLOW_CTX_TRY_NUMBER='1' AIRFLOW_CTX_DAG_RUN_ID='scheduled__2024-04-16T01:02:00+00:00'
[2024-04-17T07:29:29.013+0000] {taskinstance.py:430} INFO - ::endgroup::
[2024-04-17T07:29:29.434+0000] {logging_mixin.py:188} INFO - Connection successful
[2024-04-17T07:29:29.859+0000] {logging_mixin.py:188} INFO - Connection successful
[2024-04-17T07:29:30.265+0000] {logging_mixin.py:188} INFO - Connection successful
[2024-04-17T07:29:30.268+0000] {logging_mixin.py:188} INFO - Null Not Found
[2024-04-17T07:29:30.270+0000] {logging_mixin.py:188} INFO - Null Not Found
[2024-04-17T07:29:30.278+0000] {logging_mixin.py:188} INFO - Null Not Found
[2024-04-17T07:29:30.279+0000] {logging_mixin.py:188} INFO - Null Not Found
[2024-04-17T07:29:30.280+0000] {logging_mixin.py:188} INFO - Null Not Found
[2024-04-17T07:29:30.281+0000] {logging_mixin.py:188} INFO - Null Not Found
[2024-04-17T07:29:30.282+0000] {python.py:237} INFO - Done. Returned value was: None
[2024-04-17T07:29:30.282+0000] {taskinstance.py:441} INFO - ::group::Post task execution logs
[2024-04-17T07:29:30.289+0000] {taskinstance.py:1205} INFO - Marking task as SUCCESS. dag_id=etl_for_spotify, task_id=hello2, execution_date=20240416T010200, start_date=20240417T072928, end_date=20240417T072930
[2024-04-17T07:29:30.313+0000] {local_task_job_runner.py:240} INFO - Task exited with return code 0
[2024-04-17T07:29:30.326+0000] {taskinstance.py:3482} INFO - 0 downstream tasks scheduled from follow-on schedule check
[2024-04-17T07:29:30.328+0000] {local_task_job_runner.py:222} INFO - ::endgroup::
