[2024-04-16T09:41:17.634+0000] {local_task_job_runner.py:120} INFO - ::group::Pre task execution logs
[2024-04-16T09:41:17.655+0000] {taskinstance.py:2073} INFO - Dependencies all met for dep_context=non-requeueable deps ti=<TaskInstance: spotify_final_dag.hello2 scheduled__2024-04-16T05:24:00+00:00 [queued]>
[2024-04-16T09:41:17.664+0000] {taskinstance.py:2073} INFO - Dependencies all met for dep_context=requeueable deps ti=<TaskInstance: spotify_final_dag.hello2 scheduled__2024-04-16T05:24:00+00:00 [queued]>
[2024-04-16T09:41:17.665+0000] {taskinstance.py:2303} INFO - Starting attempt 1 of 2
[2024-04-16T09:41:17.676+0000] {taskinstance.py:2327} INFO - Executing <Task(PythonOperator): hello2> on 2024-04-16 05:24:00+00:00
[2024-04-16T09:41:17.685+0000] {warnings.py:110} WARNING - /home/***/.local/lib/python3.12/site-packages/***/task/task_runner/standard_task_runner.py:61: DeprecationWarning: This process (pid=3134) is multi-threaded, use of fork() may lead to deadlocks in the child.
  pid = os.fork()

[2024-04-16T09:41:17.686+0000] {standard_task_runner.py:63} INFO - Started process 3147 to run task
[2024-04-16T09:41:17.686+0000] {standard_task_runner.py:90} INFO - Running: ['***', 'tasks', 'run', 'spotify_final_dag', 'hello2', 'scheduled__2024-04-16T05:24:00+00:00', '--job-id', '766', '--raw', '--subdir', 'DAGS_FOLDER/dag.py', '--cfg-path', '/tmp/tmpvk0nlesh']
[2024-04-16T09:41:17.687+0000] {standard_task_runner.py:91} INFO - Job 766: Subtask hello2
[2024-04-16T09:41:17.723+0000] {task_command.py:426} INFO - Running <TaskInstance: spotify_final_dag.hello2 scheduled__2024-04-16T05:24:00+00:00 [running]> on host 52651c1f9987
[2024-04-16T09:41:17.796+0000] {taskinstance.py:2644} INFO - Exporting env vars: AIRFLOW_CTX_DAG_OWNER='***' AIRFLOW_CTX_DAG_ID='spotify_final_dag' AIRFLOW_CTX_TASK_ID='hello2' AIRFLOW_CTX_EXECUTION_DATE='2024-04-16T05:24:00+00:00' AIRFLOW_CTX_TRY_NUMBER='1' AIRFLOW_CTX_DAG_RUN_ID='scheduled__2024-04-16T05:24:00+00:00'
[2024-04-16T09:41:17.797+0000] {taskinstance.py:430} INFO - ::endgroup::
[2024-04-16T09:41:18.221+0000] {logging_mixin.py:188} INFO - Connection successful
[2024-04-16T09:41:18.604+0000] {logging_mixin.py:188} INFO - Connection successful
[2024-04-16T09:41:19.020+0000] {logging_mixin.py:188} INFO - Connection successful
[2024-04-16T09:41:19.023+0000] {logging_mixin.py:188} INFO - Null Not Found
[2024-04-16T09:41:19.024+0000] {logging_mixin.py:188} INFO - Null Not Found
[2024-04-16T09:41:19.033+0000] {logging_mixin.py:188} INFO - Null Not Found
[2024-04-16T09:41:19.034+0000] {logging_mixin.py:188} INFO - Null Not Found
[2024-04-16T09:41:19.034+0000] {logging_mixin.py:188} INFO - Null Not Found
[2024-04-16T09:41:19.035+0000] {logging_mixin.py:188} INFO - Null Not Found
[2024-04-16T09:41:19.036+0000] {python.py:237} INFO - Done. Returned value was: None
[2024-04-16T09:41:19.036+0000] {taskinstance.py:441} INFO - ::group::Post task execution logs
[2024-04-16T09:41:19.042+0000] {taskinstance.py:1205} INFO - Marking task as SUCCESS. dag_id=spotify_final_dag, task_id=hello2, execution_date=20240416T052400, start_date=20240416T094117, end_date=20240416T094119
[2024-04-16T09:41:19.064+0000] {local_task_job_runner.py:240} INFO - Task exited with return code 0
[2024-04-16T09:41:19.075+0000] {taskinstance.py:3482} INFO - 0 downstream tasks scheduled from follow-on schedule check
[2024-04-16T09:41:19.076+0000] {local_task_job_runner.py:222} INFO - ::endgroup::
[2024-04-16T09:48:28.674+0000] {local_task_job_runner.py:120} INFO - ::group::Pre task execution logs
[2024-04-16T09:48:28.696+0000] {taskinstance.py:2073} INFO - Dependencies all met for dep_context=non-requeueable deps ti=<TaskInstance: spotify_final_dag.hello2 scheduled__2024-04-16T05:24:00+00:00 [queued]>
[2024-04-16T09:48:28.706+0000] {taskinstance.py:2073} INFO - Dependencies all met for dep_context=requeueable deps ti=<TaskInstance: spotify_final_dag.hello2 scheduled__2024-04-16T05:24:00+00:00 [queued]>
[2024-04-16T09:48:28.707+0000] {taskinstance.py:2303} INFO - Starting attempt 1 of 2
[2024-04-16T09:48:28.722+0000] {taskinstance.py:2327} INFO - Executing <Task(PythonOperator): hello2> on 2024-04-16 05:24:00+00:00
[2024-04-16T09:48:28.732+0000] {warnings.py:110} WARNING - /home/***/.local/lib/python3.12/site-packages/***/task/task_runner/standard_task_runner.py:61: DeprecationWarning: This process (pid=4778) is multi-threaded, use of fork() may lead to deadlocks in the child.
  pid = os.fork()

[2024-04-16T09:48:28.734+0000] {standard_task_runner.py:63} INFO - Started process 4804 to run task
[2024-04-16T09:48:28.735+0000] {standard_task_runner.py:90} INFO - Running: ['***', 'tasks', 'run', 'spotify_final_dag', 'hello2', 'scheduled__2024-04-16T05:24:00+00:00', '--job-id', '1282', '--raw', '--subdir', 'DAGS_FOLDER/dag.py', '--cfg-path', '/tmp/tmpriwbcoqu']
[2024-04-16T09:48:28.736+0000] {standard_task_runner.py:91} INFO - Job 1282: Subtask hello2
[2024-04-16T09:48:28.789+0000] {task_command.py:426} INFO - Running <TaskInstance: spotify_final_dag.hello2 scheduled__2024-04-16T05:24:00+00:00 [running]> on host 52651c1f9987
[2024-04-16T09:48:28.906+0000] {taskinstance.py:2644} INFO - Exporting env vars: AIRFLOW_CTX_DAG_OWNER='***' AIRFLOW_CTX_DAG_ID='spotify_final_dag' AIRFLOW_CTX_TASK_ID='hello2' AIRFLOW_CTX_EXECUTION_DATE='2024-04-16T05:24:00+00:00' AIRFLOW_CTX_TRY_NUMBER='1' AIRFLOW_CTX_DAG_RUN_ID='scheduled__2024-04-16T05:24:00+00:00'
[2024-04-16T09:48:28.908+0000] {taskinstance.py:430} INFO - ::endgroup::
[2024-04-16T09:48:29.400+0000] {logging_mixin.py:188} INFO - Connection successful
[2024-04-16T09:48:29.808+0000] {logging_mixin.py:188} INFO - Connection successful
[2024-04-16T09:48:30.198+0000] {logging_mixin.py:188} INFO - Connection successful
[2024-04-16T09:48:30.202+0000] {logging_mixin.py:188} INFO - Null Not Found
[2024-04-16T09:48:30.203+0000] {logging_mixin.py:188} INFO - Null Not Found
[2024-04-16T09:48:30.213+0000] {logging_mixin.py:188} INFO - Null Not Found
[2024-04-16T09:48:30.213+0000] {logging_mixin.py:188} INFO - Null Not Found
[2024-04-16T09:48:30.215+0000] {logging_mixin.py:188} INFO - Null Not Found
[2024-04-16T09:48:30.215+0000] {logging_mixin.py:188} INFO - Null Not Found
[2024-04-16T09:48:30.217+0000] {python.py:237} INFO - Done. Returned value was: None
[2024-04-16T09:48:30.217+0000] {taskinstance.py:441} INFO - ::group::Post task execution logs
[2024-04-16T09:48:30.224+0000] {taskinstance.py:1205} INFO - Marking task as SUCCESS. dag_id=spotify_final_dag, task_id=hello2, execution_date=20240416T052400, start_date=20240416T094828, end_date=20240416T094830
[2024-04-16T09:48:30.274+0000] {local_task_job_runner.py:240} INFO - Task exited with return code 0
[2024-04-16T09:48:30.289+0000] {taskinstance.py:3482} INFO - 0 downstream tasks scheduled from follow-on schedule check
[2024-04-16T09:48:30.292+0000] {local_task_job_runner.py:222} INFO - ::endgroup::
