[2024-04-16T09:39:46.255+0000] {local_task_job_runner.py:120} INFO - ::group::Pre task execution logs
[2024-04-16T09:39:46.284+0000] {taskinstance.py:2073} INFO - Dependencies all met for dep_context=non-requeueable deps ti=<TaskInstance: spotify_final_dag.hello2 scheduled__2024-04-16T02:54:00+00:00 [queued]>
[2024-04-16T09:39:46.295+0000] {taskinstance.py:2073} INFO - Dependencies all met for dep_context=requeueable deps ti=<TaskInstance: spotify_final_dag.hello2 scheduled__2024-04-16T02:54:00+00:00 [queued]>
[2024-04-16T09:39:46.296+0000] {taskinstance.py:2303} INFO - Starting attempt 1 of 2
[2024-04-16T09:39:46.317+0000] {taskinstance.py:2327} INFO - Executing <Task(PythonOperator): hello2> on 2024-04-16 02:54:00+00:00
[2024-04-16T09:39:46.331+0000] {warnings.py:110} WARNING - /home/***/.local/lib/python3.12/site-packages/***/task/task_runner/standard_task_runner.py:61: DeprecationWarning: This process (pid=2234) is multi-threaded, use of fork() may lead to deadlocks in the child.
  pid = os.fork()

[2024-04-16T09:39:46.333+0000] {standard_task_runner.py:63} INFO - Started process 2262 to run task
[2024-04-16T09:39:46.333+0000] {standard_task_runner.py:90} INFO - Running: ['***', 'tasks', 'run', 'spotify_final_dag', 'hello2', 'scheduled__2024-04-16T02:54:00+00:00', '--job-id', '473', '--raw', '--subdir', 'DAGS_FOLDER/dag.py', '--cfg-path', '/tmp/tmpkkajllzv']
[2024-04-16T09:39:46.336+0000] {standard_task_runner.py:91} INFO - Job 473: Subtask hello2
[2024-04-16T09:39:46.396+0000] {task_command.py:426} INFO - Running <TaskInstance: spotify_final_dag.hello2 scheduled__2024-04-16T02:54:00+00:00 [running]> on host 52651c1f9987
[2024-04-16T09:39:46.522+0000] {taskinstance.py:2644} INFO - Exporting env vars: AIRFLOW_CTX_DAG_OWNER='***' AIRFLOW_CTX_DAG_ID='spotify_final_dag' AIRFLOW_CTX_TASK_ID='hello2' AIRFLOW_CTX_EXECUTION_DATE='2024-04-16T02:54:00+00:00' AIRFLOW_CTX_TRY_NUMBER='1' AIRFLOW_CTX_DAG_RUN_ID='scheduled__2024-04-16T02:54:00+00:00'
[2024-04-16T09:39:46.524+0000] {taskinstance.py:430} INFO - ::endgroup::
[2024-04-16T09:39:47.021+0000] {logging_mixin.py:188} INFO - Connection successful
[2024-04-16T09:39:47.466+0000] {logging_mixin.py:188} INFO - Connection successful
[2024-04-16T09:39:47.915+0000] {logging_mixin.py:188} INFO - Connection successful
[2024-04-16T09:39:47.920+0000] {logging_mixin.py:188} INFO - Null Not Found
[2024-04-16T09:39:47.921+0000] {logging_mixin.py:188} INFO - Null Not Found
[2024-04-16T09:39:47.930+0000] {logging_mixin.py:188} INFO - Null Not Found
[2024-04-16T09:39:47.930+0000] {logging_mixin.py:188} INFO - Null Not Found
[2024-04-16T09:39:47.932+0000] {logging_mixin.py:188} INFO - Null Not Found
[2024-04-16T09:39:47.933+0000] {logging_mixin.py:188} INFO - Null Not Found
[2024-04-16T09:39:47.934+0000] {python.py:237} INFO - Done. Returned value was: None
[2024-04-16T09:39:47.935+0000] {taskinstance.py:441} INFO - ::group::Post task execution logs
[2024-04-16T09:39:47.943+0000] {taskinstance.py:1205} INFO - Marking task as SUCCESS. dag_id=spotify_final_dag, task_id=hello2, execution_date=20240416T025400, start_date=20240416T093946, end_date=20240416T093947
[2024-04-16T09:39:47.994+0000] {local_task_job_runner.py:240} INFO - Task exited with return code 0
[2024-04-16T09:39:48.010+0000] {taskinstance.py:3482} INFO - 0 downstream tasks scheduled from follow-on schedule check
[2024-04-16T09:39:48.012+0000] {local_task_job_runner.py:222} INFO - ::endgroup::
[2024-04-16T09:47:38.689+0000] {local_task_job_runner.py:120} INFO - ::group::Pre task execution logs
[2024-04-16T09:47:38.712+0000] {taskinstance.py:2073} INFO - Dependencies all met for dep_context=non-requeueable deps ti=<TaskInstance: spotify_final_dag.hello2 scheduled__2024-04-16T02:54:00+00:00 [queued]>
[2024-04-16T09:47:38.721+0000] {taskinstance.py:2073} INFO - Dependencies all met for dep_context=requeueable deps ti=<TaskInstance: spotify_final_dag.hello2 scheduled__2024-04-16T02:54:00+00:00 [queued]>
[2024-04-16T09:47:38.722+0000] {taskinstance.py:2303} INFO - Starting attempt 1 of 2
[2024-04-16T09:47:38.738+0000] {taskinstance.py:2327} INFO - Executing <Task(PythonOperator): hello2> on 2024-04-16 02:54:00+00:00
[2024-04-16T09:47:38.748+0000] {warnings.py:110} WARNING - /home/***/.local/lib/python3.12/site-packages/***/task/task_runner/standard_task_runner.py:61: DeprecationWarning: This process (pid=4296) is multi-threaded, use of fork() may lead to deadlocks in the child.
  pid = os.fork()

[2024-04-16T09:47:38.750+0000] {standard_task_runner.py:63} INFO - Started process 4322 to run task
[2024-04-16T09:47:38.751+0000] {standard_task_runner.py:90} INFO - Running: ['***', 'tasks', 'run', 'spotify_final_dag', 'hello2', 'scheduled__2024-04-16T02:54:00+00:00', '--job-id', '1129', '--raw', '--subdir', 'DAGS_FOLDER/dag.py', '--cfg-path', '/tmp/tmpb5fddx1u']
[2024-04-16T09:47:38.752+0000] {standard_task_runner.py:91} INFO - Job 1129: Subtask hello2
[2024-04-16T09:47:38.802+0000] {task_command.py:426} INFO - Running <TaskInstance: spotify_final_dag.hello2 scheduled__2024-04-16T02:54:00+00:00 [running]> on host 52651c1f9987
[2024-04-16T09:47:38.904+0000] {taskinstance.py:2644} INFO - Exporting env vars: AIRFLOW_CTX_DAG_OWNER='***' AIRFLOW_CTX_DAG_ID='spotify_final_dag' AIRFLOW_CTX_TASK_ID='hello2' AIRFLOW_CTX_EXECUTION_DATE='2024-04-16T02:54:00+00:00' AIRFLOW_CTX_TRY_NUMBER='1' AIRFLOW_CTX_DAG_RUN_ID='scheduled__2024-04-16T02:54:00+00:00'
[2024-04-16T09:47:38.906+0000] {taskinstance.py:430} INFO - ::endgroup::
[2024-04-16T09:47:39.332+0000] {logging_mixin.py:188} INFO - Connection successful
[2024-04-16T09:47:40.113+0000] {logging_mixin.py:188} INFO - Connection successful
[2024-04-16T09:47:40.518+0000] {logging_mixin.py:188} INFO - Connection successful
[2024-04-16T09:47:40.522+0000] {logging_mixin.py:188} INFO - Null Not Found
[2024-04-16T09:47:40.523+0000] {logging_mixin.py:188} INFO - Null Not Found
[2024-04-16T09:47:40.531+0000] {logging_mixin.py:188} INFO - Null Not Found
[2024-04-16T09:47:40.531+0000] {logging_mixin.py:188} INFO - Null Not Found
[2024-04-16T09:47:40.532+0000] {logging_mixin.py:188} INFO - Null Not Found
[2024-04-16T09:47:40.533+0000] {logging_mixin.py:188} INFO - Null Not Found
[2024-04-16T09:47:40.534+0000] {python.py:237} INFO - Done. Returned value was: None
[2024-04-16T09:47:40.534+0000] {taskinstance.py:441} INFO - ::group::Post task execution logs
[2024-04-16T09:47:40.542+0000] {taskinstance.py:1205} INFO - Marking task as SUCCESS. dag_id=spotify_final_dag, task_id=hello2, execution_date=20240416T025400, start_date=20240416T094738, end_date=20240416T094740
[2024-04-16T09:47:40.569+0000] {local_task_job_runner.py:240} INFO - Task exited with return code 0
[2024-04-16T09:47:40.581+0000] {taskinstance.py:3482} INFO - 0 downstream tasks scheduled from follow-on schedule check
[2024-04-16T09:47:40.583+0000] {local_task_job_runner.py:222} INFO - ::endgroup::
