[2024-04-16T09:40:55.662+0000] {local_task_job_runner.py:120} INFO - ::group::Pre task execution logs
[2024-04-16T09:40:55.690+0000] {taskinstance.py:2073} INFO - Dependencies all met for dep_context=non-requeueable deps ti=<TaskInstance: spotify_final_dag.hello2 scheduled__2024-04-16T04:39:00+00:00 [queued]>
[2024-04-16T09:40:55.705+0000] {taskinstance.py:2073} INFO - Dependencies all met for dep_context=requeueable deps ti=<TaskInstance: spotify_final_dag.hello2 scheduled__2024-04-16T04:39:00+00:00 [queued]>
[2024-04-16T09:40:55.707+0000] {taskinstance.py:2303} INFO - Starting attempt 1 of 2
[2024-04-16T09:40:55.724+0000] {taskinstance.py:2327} INFO - Executing <Task(PythonOperator): hello2> on 2024-04-16 04:39:00+00:00
[2024-04-16T09:40:55.736+0000] {warnings.py:110} WARNING - /home/***/.local/lib/python3.12/site-packages/***/task/task_runner/standard_task_runner.py:61: DeprecationWarning: This process (pid=2894) is multi-threaded, use of fork() may lead to deadlocks in the child.
  pid = os.fork()

[2024-04-16T09:40:55.741+0000] {standard_task_runner.py:63} INFO - Started process 2926 to run task
[2024-04-16T09:40:55.738+0000] {standard_task_runner.py:90} INFO - Running: ['***', 'tasks', 'run', 'spotify_final_dag', 'hello2', 'scheduled__2024-04-16T04:39:00+00:00', '--job-id', '689', '--raw', '--subdir', 'DAGS_FOLDER/dag.py', '--cfg-path', '/tmp/tmpi07wi10v']
[2024-04-16T09:40:55.748+0000] {standard_task_runner.py:91} INFO - Job 689: Subtask hello2
[2024-04-16T09:40:55.809+0000] {task_command.py:426} INFO - Running <TaskInstance: spotify_final_dag.hello2 scheduled__2024-04-16T04:39:00+00:00 [running]> on host 52651c1f9987
[2024-04-16T09:40:55.945+0000] {taskinstance.py:2644} INFO - Exporting env vars: AIRFLOW_CTX_DAG_OWNER='***' AIRFLOW_CTX_DAG_ID='spotify_final_dag' AIRFLOW_CTX_TASK_ID='hello2' AIRFLOW_CTX_EXECUTION_DATE='2024-04-16T04:39:00+00:00' AIRFLOW_CTX_TRY_NUMBER='1' AIRFLOW_CTX_DAG_RUN_ID='scheduled__2024-04-16T04:39:00+00:00'
[2024-04-16T09:40:55.947+0000] {taskinstance.py:430} INFO - ::endgroup::
[2024-04-16T09:40:56.377+0000] {logging_mixin.py:188} INFO - Connection successful
[2024-04-16T09:40:56.807+0000] {logging_mixin.py:188} INFO - Connection successful
[2024-04-16T09:40:57.251+0000] {logging_mixin.py:188} INFO - Connection successful
[2024-04-16T09:40:57.255+0000] {logging_mixin.py:188} INFO - Null Not Found
[2024-04-16T09:40:57.256+0000] {logging_mixin.py:188} INFO - Null Not Found
[2024-04-16T09:40:57.266+0000] {logging_mixin.py:188} INFO - Null Not Found
[2024-04-16T09:40:57.266+0000] {logging_mixin.py:188} INFO - Null Not Found
[2024-04-16T09:40:57.268+0000] {logging_mixin.py:188} INFO - Null Not Found
[2024-04-16T09:40:57.269+0000] {logging_mixin.py:188} INFO - Null Not Found
[2024-04-16T09:40:57.271+0000] {python.py:237} INFO - Done. Returned value was: None
[2024-04-16T09:40:57.271+0000] {taskinstance.py:441} INFO - ::group::Post task execution logs
[2024-04-16T09:40:57.282+0000] {taskinstance.py:1205} INFO - Marking task as SUCCESS. dag_id=spotify_final_dag, task_id=hello2, execution_date=20240416T043900, start_date=20240416T094055, end_date=20240416T094057
[2024-04-16T09:40:57.336+0000] {local_task_job_runner.py:240} INFO - Task exited with return code 0
[2024-04-16T09:40:57.352+0000] {taskinstance.py:3482} INFO - 0 downstream tasks scheduled from follow-on schedule check
[2024-04-16T09:40:57.354+0000] {local_task_job_runner.py:222} INFO - ::endgroup::
