[2024-04-16T09:40:37.999+0000] {local_task_job_runner.py:120} INFO - ::group::Pre task execution logs
[2024-04-16T09:40:38.018+0000] {taskinstance.py:2073} INFO - Dependencies all met for dep_context=non-requeueable deps ti=<TaskInstance: spotify_final_dag.hello2 scheduled__2024-04-16T04:20:00+00:00 [queued]>
[2024-04-16T09:40:38.028+0000] {taskinstance.py:2073} INFO - Dependencies all met for dep_context=requeueable deps ti=<TaskInstance: spotify_final_dag.hello2 scheduled__2024-04-16T04:20:00+00:00 [queued]>
[2024-04-16T09:40:38.029+0000] {taskinstance.py:2303} INFO - Starting attempt 1 of 2
[2024-04-16T09:40:38.040+0000] {taskinstance.py:2327} INFO - Executing <Task(PythonOperator): hello2> on 2024-04-16 04:20:00+00:00
[2024-04-16T09:40:38.048+0000] {warnings.py:110} WARNING - /home/***/.local/lib/python3.12/site-packages/***/task/task_runner/standard_task_runner.py:61: DeprecationWarning: This process (pid=2741) is multi-threaded, use of fork() may lead to deadlocks in the child.
  pid = os.fork()

[2024-04-16T09:40:38.049+0000] {standard_task_runner.py:63} INFO - Started process 2764 to run task
[2024-04-16T09:40:38.049+0000] {standard_task_runner.py:90} INFO - Running: ['***', 'tasks', 'run', 'spotify_final_dag', 'hello2', 'scheduled__2024-04-16T04:20:00+00:00', '--job-id', '641', '--raw', '--subdir', 'DAGS_FOLDER/dag.py', '--cfg-path', '/tmp/tmpuzm5zf0y']
[2024-04-16T09:40:38.050+0000] {standard_task_runner.py:91} INFO - Job 641: Subtask hello2
[2024-04-16T09:40:38.086+0000] {task_command.py:426} INFO - Running <TaskInstance: spotify_final_dag.hello2 scheduled__2024-04-16T04:20:00+00:00 [running]> on host 52651c1f9987
[2024-04-16T09:40:38.170+0000] {taskinstance.py:2644} INFO - Exporting env vars: AIRFLOW_CTX_DAG_OWNER='***' AIRFLOW_CTX_DAG_ID='spotify_final_dag' AIRFLOW_CTX_TASK_ID='hello2' AIRFLOW_CTX_EXECUTION_DATE='2024-04-16T04:20:00+00:00' AIRFLOW_CTX_TRY_NUMBER='1' AIRFLOW_CTX_DAG_RUN_ID='scheduled__2024-04-16T04:20:00+00:00'
[2024-04-16T09:40:38.171+0000] {taskinstance.py:430} INFO - ::endgroup::
[2024-04-16T09:40:38.580+0000] {logging_mixin.py:188} INFO - Connection successful
[2024-04-16T09:40:38.992+0000] {logging_mixin.py:188} INFO - Connection successful
[2024-04-16T09:40:40.235+0000] {logging_mixin.py:188} INFO - Connection successful
[2024-04-16T09:40:40.239+0000] {logging_mixin.py:188} INFO - Null Not Found
[2024-04-16T09:40:40.240+0000] {logging_mixin.py:188} INFO - Null Not Found
[2024-04-16T09:40:40.249+0000] {logging_mixin.py:188} INFO - Null Not Found
[2024-04-16T09:40:40.249+0000] {logging_mixin.py:188} INFO - Null Not Found
[2024-04-16T09:40:40.251+0000] {logging_mixin.py:188} INFO - Null Not Found
[2024-04-16T09:40:40.251+0000] {logging_mixin.py:188} INFO - Null Not Found
[2024-04-16T09:40:40.253+0000] {python.py:237} INFO - Done. Returned value was: None
[2024-04-16T09:40:40.253+0000] {taskinstance.py:441} INFO - ::group::Post task execution logs
[2024-04-16T09:40:40.260+0000] {taskinstance.py:1205} INFO - Marking task as SUCCESS. dag_id=spotify_final_dag, task_id=hello2, execution_date=20240416T042000, start_date=20240416T094038, end_date=20240416T094040
[2024-04-16T09:40:40.309+0000] {local_task_job_runner.py:240} INFO - Task exited with return code 0
[2024-04-16T09:40:40.320+0000] {taskinstance.py:3482} INFO - 0 downstream tasks scheduled from follow-on schedule check
[2024-04-16T09:40:40.322+0000] {local_task_job_runner.py:222} INFO - ::endgroup::
[2024-04-16T09:48:09.010+0000] {local_task_job_runner.py:120} INFO - ::group::Pre task execution logs
[2024-04-16T09:48:09.031+0000] {taskinstance.py:2073} INFO - Dependencies all met for dep_context=non-requeueable deps ti=<TaskInstance: spotify_final_dag.hello2 scheduled__2024-04-16T04:20:00+00:00 [queued]>
[2024-04-16T09:48:09.040+0000] {taskinstance.py:2073} INFO - Dependencies all met for dep_context=requeueable deps ti=<TaskInstance: spotify_final_dag.hello2 scheduled__2024-04-16T04:20:00+00:00 [queued]>
[2024-04-16T09:48:09.040+0000] {taskinstance.py:2303} INFO - Starting attempt 1 of 2
[2024-04-16T09:48:09.053+0000] {taskinstance.py:2327} INFO - Executing <Task(PythonOperator): hello2> on 2024-04-16 04:20:00+00:00
[2024-04-16T09:48:09.060+0000] {warnings.py:110} WARNING - /home/***/.local/lib/python3.12/site-packages/***/task/task_runner/standard_task_runner.py:61: DeprecationWarning: This process (pid=4578) is multi-threaded, use of fork() may lead to deadlocks in the child.
  pid = os.fork()

[2024-04-16T09:48:09.061+0000] {standard_task_runner.py:63} INFO - Started process 4603 to run task
[2024-04-16T09:48:09.062+0000] {standard_task_runner.py:90} INFO - Running: ['***', 'tasks', 'run', 'spotify_final_dag', 'hello2', 'scheduled__2024-04-16T04:20:00+00:00', '--job-id', '1221', '--raw', '--subdir', 'DAGS_FOLDER/dag.py', '--cfg-path', '/tmp/tmp7czc037z']
[2024-04-16T09:48:09.064+0000] {standard_task_runner.py:91} INFO - Job 1221: Subtask hello2
[2024-04-16T09:48:09.116+0000] {task_command.py:426} INFO - Running <TaskInstance: spotify_final_dag.hello2 scheduled__2024-04-16T04:20:00+00:00 [running]> on host 52651c1f9987
[2024-04-16T09:48:09.212+0000] {taskinstance.py:2644} INFO - Exporting env vars: AIRFLOW_CTX_DAG_OWNER='***' AIRFLOW_CTX_DAG_ID='spotify_final_dag' AIRFLOW_CTX_TASK_ID='hello2' AIRFLOW_CTX_EXECUTION_DATE='2024-04-16T04:20:00+00:00' AIRFLOW_CTX_TRY_NUMBER='1' AIRFLOW_CTX_DAG_RUN_ID='scheduled__2024-04-16T04:20:00+00:00'
[2024-04-16T09:48:09.213+0000] {taskinstance.py:430} INFO - ::endgroup::
[2024-04-16T09:48:09.633+0000] {logging_mixin.py:188} INFO - Connection successful
[2024-04-16T09:48:10.484+0000] {logging_mixin.py:188} INFO - Connection successful
[2024-04-16T09:48:10.892+0000] {logging_mixin.py:188} INFO - Connection successful
[2024-04-16T09:48:10.897+0000] {logging_mixin.py:188} INFO - Null Not Found
[2024-04-16T09:48:10.899+0000] {logging_mixin.py:188} INFO - Null Not Found
[2024-04-16T09:48:10.911+0000] {logging_mixin.py:188} INFO - Null Not Found
[2024-04-16T09:48:10.912+0000] {logging_mixin.py:188} INFO - Null Not Found
[2024-04-16T09:48:10.914+0000] {logging_mixin.py:188} INFO - Null Not Found
[2024-04-16T09:48:10.915+0000] {logging_mixin.py:188} INFO - Null Not Found
[2024-04-16T09:48:10.916+0000] {python.py:237} INFO - Done. Returned value was: None
[2024-04-16T09:48:10.917+0000] {taskinstance.py:441} INFO - ::group::Post task execution logs
[2024-04-16T09:48:10.927+0000] {taskinstance.py:1205} INFO - Marking task as SUCCESS. dag_id=spotify_final_dag, task_id=hello2, execution_date=20240416T042000, start_date=20240416T094809, end_date=20240416T094810
[2024-04-16T09:48:10.961+0000] {local_task_job_runner.py:240} INFO - Task exited with return code 0
[2024-04-16T09:48:10.978+0000] {taskinstance.py:3482} INFO - 0 downstream tasks scheduled from follow-on schedule check
[2024-04-16T09:48:10.980+0000] {local_task_job_runner.py:222} INFO - ::endgroup::
