[2024-04-16T09:39:03.653+0000] {local_task_job_runner.py:120} INFO - ::group::Pre task execution logs
[2024-04-16T09:39:03.672+0000] {taskinstance.py:2073} INFO - Dependencies all met for dep_context=non-requeueable deps ti=<TaskInstance: spotify_final_dag.hello2 scheduled__2024-04-16T02:04:00+00:00 [queued]>
[2024-04-16T09:39:03.679+0000] {taskinstance.py:2073} INFO - Dependencies all met for dep_context=requeueable deps ti=<TaskInstance: spotify_final_dag.hello2 scheduled__2024-04-16T02:04:00+00:00 [queued]>
[2024-04-16T09:39:03.680+0000] {taskinstance.py:2303} INFO - Starting attempt 1 of 2
[2024-04-16T09:39:03.691+0000] {taskinstance.py:2327} INFO - Executing <Task(PythonOperator): hello2> on 2024-04-16 02:04:00+00:00
[2024-04-16T09:39:03.698+0000] {warnings.py:110} WARNING - /home/***/.local/lib/python3.12/site-packages/***/task/task_runner/standard_task_runner.py:61: DeprecationWarning: This process (pid=1905) is multi-threaded, use of fork() may lead to deadlocks in the child.
  pid = os.fork()

[2024-04-16T09:39:03.699+0000] {standard_task_runner.py:63} INFO - Started process 1924 to run task
[2024-04-16T09:39:03.700+0000] {standard_task_runner.py:90} INFO - Running: ['***', 'tasks', 'run', 'spotify_final_dag', 'hello2', 'scheduled__2024-04-16T02:04:00+00:00', '--job-id', '368', '--raw', '--subdir', 'DAGS_FOLDER/dag.py', '--cfg-path', '/tmp/tmpnzi4qm18']
[2024-04-16T09:39:03.701+0000] {standard_task_runner.py:91} INFO - Job 368: Subtask hello2
[2024-04-16T09:39:03.748+0000] {task_command.py:426} INFO - Running <TaskInstance: spotify_final_dag.hello2 scheduled__2024-04-16T02:04:00+00:00 [running]> on host 52651c1f9987
[2024-04-16T09:39:03.843+0000] {taskinstance.py:2644} INFO - Exporting env vars: AIRFLOW_CTX_DAG_OWNER='***' AIRFLOW_CTX_DAG_ID='spotify_final_dag' AIRFLOW_CTX_TASK_ID='hello2' AIRFLOW_CTX_EXECUTION_DATE='2024-04-16T02:04:00+00:00' AIRFLOW_CTX_TRY_NUMBER='1' AIRFLOW_CTX_DAG_RUN_ID='scheduled__2024-04-16T02:04:00+00:00'
[2024-04-16T09:39:03.844+0000] {taskinstance.py:430} INFO - ::endgroup::
[2024-04-16T09:39:04.269+0000] {logging_mixin.py:188} INFO - Connection successful
[2024-04-16T09:39:04.710+0000] {logging_mixin.py:188} INFO - Connection successful
[2024-04-16T09:39:05.124+0000] {logging_mixin.py:188} INFO - Connection successful
[2024-04-16T09:39:05.129+0000] {logging_mixin.py:188} INFO - Null Not Found
[2024-04-16T09:39:05.130+0000] {logging_mixin.py:188} INFO - Null Not Found
[2024-04-16T09:39:05.140+0000] {logging_mixin.py:188} INFO - Null Not Found
[2024-04-16T09:39:05.140+0000] {logging_mixin.py:188} INFO - Null Not Found
[2024-04-16T09:39:05.142+0000] {logging_mixin.py:188} INFO - Null Not Found
[2024-04-16T09:39:05.143+0000] {logging_mixin.py:188} INFO - Null Not Found
[2024-04-16T09:39:05.144+0000] {python.py:237} INFO - Done. Returned value was: None
[2024-04-16T09:39:05.144+0000] {taskinstance.py:441} INFO - ::group::Post task execution logs
[2024-04-16T09:39:05.152+0000] {taskinstance.py:1205} INFO - Marking task as SUCCESS. dag_id=spotify_final_dag, task_id=hello2, execution_date=20240416T020400, start_date=20240416T093903, end_date=20240416T093905
[2024-04-16T09:39:05.197+0000] {local_task_job_runner.py:240} INFO - Task exited with return code 0
[2024-04-16T09:39:05.211+0000] {taskinstance.py:3482} INFO - 0 downstream tasks scheduled from follow-on schedule check
[2024-04-16T09:39:05.213+0000] {local_task_job_runner.py:222} INFO - ::endgroup::
[2024-04-16T09:47:19.703+0000] {local_task_job_runner.py:120} INFO - ::group::Pre task execution logs
[2024-04-16T09:47:19.720+0000] {taskinstance.py:2073} INFO - Dependencies all met for dep_context=non-requeueable deps ti=<TaskInstance: spotify_final_dag.hello2 scheduled__2024-04-16T02:04:00+00:00 [queued]>
[2024-04-16T09:47:19.727+0000] {taskinstance.py:2073} INFO - Dependencies all met for dep_context=requeueable deps ti=<TaskInstance: spotify_final_dag.hello2 scheduled__2024-04-16T02:04:00+00:00 [queued]>
[2024-04-16T09:47:19.727+0000] {taskinstance.py:2303} INFO - Starting attempt 1 of 2
[2024-04-16T09:47:19.740+0000] {taskinstance.py:2327} INFO - Executing <Task(PythonOperator): hello2> on 2024-04-16 02:04:00+00:00
[2024-04-16T09:47:19.750+0000] {warnings.py:110} WARNING - /home/***/.local/lib/python3.12/site-packages/***/task/task_runner/standard_task_runner.py:61: DeprecationWarning: This process (pid=4130) is multi-threaded, use of fork() may lead to deadlocks in the child.
  pid = os.fork()

[2024-04-16T09:47:19.751+0000] {standard_task_runner.py:63} INFO - Started process 4138 to run task
[2024-04-16T09:47:19.752+0000] {standard_task_runner.py:90} INFO - Running: ['***', 'tasks', 'run', 'spotify_final_dag', 'hello2', 'scheduled__2024-04-16T02:04:00+00:00', '--job-id', '1069', '--raw', '--subdir', 'DAGS_FOLDER/dag.py', '--cfg-path', '/tmp/tmpy4_f3lff']
[2024-04-16T09:47:19.753+0000] {standard_task_runner.py:91} INFO - Job 1069: Subtask hello2
[2024-04-16T09:47:19.798+0000] {task_command.py:426} INFO - Running <TaskInstance: spotify_final_dag.hello2 scheduled__2024-04-16T02:04:00+00:00 [running]> on host 52651c1f9987
[2024-04-16T09:47:19.870+0000] {taskinstance.py:2644} INFO - Exporting env vars: AIRFLOW_CTX_DAG_OWNER='***' AIRFLOW_CTX_DAG_ID='spotify_final_dag' AIRFLOW_CTX_TASK_ID='hello2' AIRFLOW_CTX_EXECUTION_DATE='2024-04-16T02:04:00+00:00' AIRFLOW_CTX_TRY_NUMBER='1' AIRFLOW_CTX_DAG_RUN_ID='scheduled__2024-04-16T02:04:00+00:00'
[2024-04-16T09:47:19.871+0000] {taskinstance.py:430} INFO - ::endgroup::
[2024-04-16T09:47:20.348+0000] {logging_mixin.py:188} INFO - Connection successful
[2024-04-16T09:47:20.728+0000] {logging_mixin.py:188} INFO - Connection successful
[2024-04-16T09:47:21.286+0000] {logging_mixin.py:188} INFO - Connection successful
[2024-04-16T09:47:21.289+0000] {logging_mixin.py:188} INFO - Null Not Found
[2024-04-16T09:47:21.290+0000] {logging_mixin.py:188} INFO - Null Not Found
[2024-04-16T09:47:21.298+0000] {logging_mixin.py:188} INFO - Null Not Found
[2024-04-16T09:47:21.298+0000] {logging_mixin.py:188} INFO - Null Not Found
[2024-04-16T09:47:21.299+0000] {logging_mixin.py:188} INFO - Null Not Found
[2024-04-16T09:47:21.300+0000] {logging_mixin.py:188} INFO - Null Not Found
[2024-04-16T09:47:21.301+0000] {python.py:237} INFO - Done. Returned value was: None
[2024-04-16T09:47:21.301+0000] {taskinstance.py:441} INFO - ::group::Post task execution logs
[2024-04-16T09:47:21.308+0000] {taskinstance.py:1205} INFO - Marking task as SUCCESS. dag_id=spotify_final_dag, task_id=hello2, execution_date=20240416T020400, start_date=20240416T094719, end_date=20240416T094721
[2024-04-16T09:47:21.332+0000] {local_task_job_runner.py:240} INFO - Task exited with return code 0
[2024-04-16T09:47:21.344+0000] {taskinstance.py:3482} INFO - 0 downstream tasks scheduled from follow-on schedule check
[2024-04-16T09:47:21.346+0000] {local_task_job_runner.py:222} INFO - ::endgroup::
