[2024-04-16T08:57:04.292+0000] {local_task_job_runner.py:120} INFO - ::group::Pre task execution logs
[2024-04-16T08:57:04.316+0000] {taskinstance.py:2073} INFO - Dependencies all met for dep_context=non-requeueable deps ti=<TaskInstance: spotify_final_dag.hello2 scheduled__2024-04-16T02:30:00+00:00 [queued]>
[2024-04-16T08:57:04.326+0000] {taskinstance.py:2073} INFO - Dependencies all met for dep_context=requeueable deps ti=<TaskInstance: spotify_final_dag.hello2 scheduled__2024-04-16T02:30:00+00:00 [queued]>
[2024-04-16T08:57:04.328+0000] {taskinstance.py:2303} INFO - Starting attempt 1 of 2
[2024-04-16T08:57:04.344+0000] {taskinstance.py:2327} INFO - Executing <Task(PythonOperator): hello2> on 2024-04-16 02:30:00+00:00
[2024-04-16T08:57:04.354+0000] {warnings.py:110} WARNING - /home/***/.local/lib/python3.12/site-packages/***/task/task_runner/standard_task_runner.py:61: DeprecationWarning: This process (pid=424) is multi-threaded, use of fork() may lead to deadlocks in the child.
  pid = os.fork()

[2024-04-16T08:57:04.357+0000] {standard_task_runner.py:63} INFO - Started process 443 to run task
[2024-04-16T08:57:04.357+0000] {standard_task_runner.py:90} INFO - Running: ['***', 'tasks', 'run', 'spotify_final_dag', 'hello2', 'scheduled__2024-04-16T02:30:00+00:00', '--job-id', '57', '--raw', '--subdir', 'DAGS_FOLDER/dag.py', '--cfg-path', '/tmp/tmpfg6ht8to']
[2024-04-16T08:57:04.358+0000] {standard_task_runner.py:91} INFO - Job 57: Subtask hello2
[2024-04-16T08:57:04.408+0000] {task_command.py:426} INFO - Running <TaskInstance: spotify_final_dag.hello2 scheduled__2024-04-16T02:30:00+00:00 [running]> on host 52651c1f9987
[2024-04-16T08:57:04.493+0000] {taskinstance.py:2644} INFO - Exporting env vars: AIRFLOW_CTX_DAG_OWNER='***' AIRFLOW_CTX_DAG_ID='spotify_final_dag' AIRFLOW_CTX_TASK_ID='hello2' AIRFLOW_CTX_EXECUTION_DATE='2024-04-16T02:30:00+00:00' AIRFLOW_CTX_TRY_NUMBER='1' AIRFLOW_CTX_DAG_RUN_ID='scheduled__2024-04-16T02:30:00+00:00'
[2024-04-16T08:57:04.495+0000] {taskinstance.py:430} INFO - ::endgroup::
[2024-04-16T08:57:04.928+0000] {logging_mixin.py:188} INFO - Connection successful
[2024-04-16T08:57:05.382+0000] {logging_mixin.py:188} INFO - Connection successful
[2024-04-16T08:57:05.820+0000] {logging_mixin.py:188} INFO - Connection successful
[2024-04-16T08:57:05.824+0000] {logging_mixin.py:188} INFO - Null Not Found
[2024-04-16T08:57:05.825+0000] {logging_mixin.py:188} INFO - Null Not Found
[2024-04-16T08:57:05.833+0000] {logging_mixin.py:188} INFO - Null Not Found
[2024-04-16T08:57:05.833+0000] {logging_mixin.py:188} INFO - Null Not Found
[2024-04-16T08:57:05.835+0000] {logging_mixin.py:188} INFO - Null Not Found
[2024-04-16T08:57:05.836+0000] {logging_mixin.py:188} INFO - Null Not Found
[2024-04-16T08:57:05.837+0000] {python.py:237} INFO - Done. Returned value was: None
[2024-04-16T08:57:05.837+0000] {taskinstance.py:441} INFO - ::group::Post task execution logs
[2024-04-16T08:57:05.846+0000] {taskinstance.py:1205} INFO - Marking task as SUCCESS. dag_id=spotify_final_dag, task_id=hello2, execution_date=20240416T023000, start_date=20240416T085704, end_date=20240416T085705
[2024-04-16T08:57:05.898+0000] {local_task_job_runner.py:240} INFO - Task exited with return code 0
[2024-04-16T08:57:05.909+0000] {taskinstance.py:3482} INFO - 0 downstream tasks scheduled from follow-on schedule check
[2024-04-16T08:57:05.911+0000] {local_task_job_runner.py:222} INFO - ::endgroup::
[2024-04-16T09:21:42.689+0000] {local_task_job_runner.py:120} INFO - ::group::Pre task execution logs
[2024-04-16T09:21:42.732+0000] {taskinstance.py:2073} INFO - Dependencies all met for dep_context=non-requeueable deps ti=<TaskInstance: spotify_final_dag.hello2 scheduled__2024-04-16T02:30:00+00:00 [queued]>
[2024-04-16T09:21:42.745+0000] {taskinstance.py:2073} INFO - Dependencies all met for dep_context=requeueable deps ti=<TaskInstance: spotify_final_dag.hello2 scheduled__2024-04-16T02:30:00+00:00 [queued]>
[2024-04-16T09:21:42.745+0000] {taskinstance.py:2303} INFO - Starting attempt 1 of 2
[2024-04-16T09:21:42.769+0000] {taskinstance.py:2327} INFO - Executing <Task(PythonOperator): hello2> on 2024-04-16 02:30:00+00:00
[2024-04-16T09:21:42.785+0000] {warnings.py:110} WARNING - /home/***/.local/lib/python3.12/site-packages/***/task/task_runner/standard_task_runner.py:61: DeprecationWarning: This process (pid=834) is multi-threaded, use of fork() may lead to deadlocks in the child.
  pid = os.fork()

[2024-04-16T09:21:42.788+0000] {standard_task_runner.py:63} INFO - Started process 859 to run task
[2024-04-16T09:21:42.788+0000] {standard_task_runner.py:90} INFO - Running: ['***', 'tasks', 'run', 'spotify_final_dag', 'hello2', 'scheduled__2024-04-16T02:30:00+00:00', '--job-id', '85', '--raw', '--subdir', 'DAGS_FOLDER/dag.py', '--cfg-path', '/tmp/tmpg1cmuea2']
[2024-04-16T09:21:42.789+0000] {standard_task_runner.py:91} INFO - Job 85: Subtask hello2
[2024-04-16T09:21:42.874+0000] {task_command.py:426} INFO - Running <TaskInstance: spotify_final_dag.hello2 scheduled__2024-04-16T02:30:00+00:00 [running]> on host 52651c1f9987
[2024-04-16T09:21:42.982+0000] {taskinstance.py:2644} INFO - Exporting env vars: AIRFLOW_CTX_DAG_OWNER='***' AIRFLOW_CTX_DAG_ID='spotify_final_dag' AIRFLOW_CTX_TASK_ID='hello2' AIRFLOW_CTX_EXECUTION_DATE='2024-04-16T02:30:00+00:00' AIRFLOW_CTX_TRY_NUMBER='1' AIRFLOW_CTX_DAG_RUN_ID='scheduled__2024-04-16T02:30:00+00:00'
[2024-04-16T09:21:42.984+0000] {taskinstance.py:430} INFO - ::endgroup::
[2024-04-16T09:21:43.397+0000] {logging_mixin.py:188} INFO - Connection successful
[2024-04-16T09:21:43.822+0000] {logging_mixin.py:188} INFO - Connection successful
[2024-04-16T09:21:44.236+0000] {logging_mixin.py:188} INFO - Connection successful
[2024-04-16T09:21:44.239+0000] {logging_mixin.py:188} INFO - Null Not Found
[2024-04-16T09:21:44.240+0000] {logging_mixin.py:188} INFO - Null Not Found
[2024-04-16T09:21:44.249+0000] {logging_mixin.py:188} INFO - Null Not Found
[2024-04-16T09:21:44.249+0000] {logging_mixin.py:188} INFO - Null Not Found
[2024-04-16T09:21:44.251+0000] {logging_mixin.py:188} INFO - Null Not Found
[2024-04-16T09:21:44.251+0000] {logging_mixin.py:188} INFO - Null Not Found
[2024-04-16T09:21:44.252+0000] {python.py:237} INFO - Done. Returned value was: None
[2024-04-16T09:21:44.253+0000] {taskinstance.py:441} INFO - ::group::Post task execution logs
[2024-04-16T09:21:44.259+0000] {taskinstance.py:1205} INFO - Marking task as SUCCESS. dag_id=spotify_final_dag, task_id=hello2, execution_date=20240416T023000, start_date=20240416T092142, end_date=20240416T092144
[2024-04-16T09:21:44.295+0000] {local_task_job_runner.py:240} INFO - Task exited with return code 0
[2024-04-16T09:21:44.308+0000] {taskinstance.py:3482} INFO - 0 downstream tasks scheduled from follow-on schedule check
[2024-04-16T09:21:44.310+0000] {local_task_job_runner.py:222} INFO - ::endgroup::
[2024-04-16T09:32:57.283+0000] {local_task_job_runner.py:120} INFO - ::group::Pre task execution logs
[2024-04-16T09:32:57.299+0000] {taskinstance.py:2073} INFO - Dependencies all met for dep_context=non-requeueable deps ti=<TaskInstance: spotify_final_dag.hello2 scheduled__2024-04-16T02:30:00+00:00 [queued]>
[2024-04-16T09:32:57.305+0000] {taskinstance.py:2073} INFO - Dependencies all met for dep_context=requeueable deps ti=<TaskInstance: spotify_final_dag.hello2 scheduled__2024-04-16T02:30:00+00:00 [queued]>
[2024-04-16T09:32:57.306+0000] {taskinstance.py:2303} INFO - Starting attempt 1 of 2
[2024-04-16T09:32:57.317+0000] {taskinstance.py:2327} INFO - Executing <Task(PythonOperator): hello2> on 2024-04-16 02:30:00+00:00
[2024-04-16T09:32:57.324+0000] {warnings.py:110} WARNING - /home/***/.local/lib/python3.12/site-packages/***/task/task_runner/standard_task_runner.py:61: DeprecationWarning: This process (pid=1048) is multi-threaded, use of fork() may lead to deadlocks in the child.
  pid = os.fork()

[2024-04-16T09:32:57.326+0000] {standard_task_runner.py:63} INFO - Started process 1059 to run task
[2024-04-16T09:32:57.327+0000] {standard_task_runner.py:90} INFO - Running: ['***', 'tasks', 'run', 'spotify_final_dag', 'hello2', 'scheduled__2024-04-16T02:30:00+00:00', '--job-id', '107', '--raw', '--subdir', 'DAGS_FOLDER/dag.py', '--cfg-path', '/tmp/tmp8g2iswif']
[2024-04-16T09:32:57.328+0000] {standard_task_runner.py:91} INFO - Job 107: Subtask hello2
[2024-04-16T09:32:57.365+0000] {task_command.py:426} INFO - Running <TaskInstance: spotify_final_dag.hello2 scheduled__2024-04-16T02:30:00+00:00 [running]> on host 52651c1f9987
[2024-04-16T09:32:57.431+0000] {taskinstance.py:2644} INFO - Exporting env vars: AIRFLOW_CTX_DAG_OWNER='***' AIRFLOW_CTX_DAG_ID='spotify_final_dag' AIRFLOW_CTX_TASK_ID='hello2' AIRFLOW_CTX_EXECUTION_DATE='2024-04-16T02:30:00+00:00' AIRFLOW_CTX_TRY_NUMBER='1' AIRFLOW_CTX_DAG_RUN_ID='scheduled__2024-04-16T02:30:00+00:00'
[2024-04-16T09:32:57.432+0000] {taskinstance.py:430} INFO - ::endgroup::
[2024-04-16T09:32:58.052+0000] {logging_mixin.py:188} INFO - Connection successful
[2024-04-16T09:32:58.454+0000] {logging_mixin.py:188} INFO - Connection successful
[2024-04-16T09:32:58.927+0000] {logging_mixin.py:188} INFO - Connection successful
[2024-04-16T09:32:58.932+0000] {logging_mixin.py:188} INFO - Null Not Found
[2024-04-16T09:32:58.933+0000] {logging_mixin.py:188} INFO - Null Not Found
[2024-04-16T09:32:58.944+0000] {logging_mixin.py:188} INFO - Null Not Found
[2024-04-16T09:32:58.945+0000] {logging_mixin.py:188} INFO - Null Not Found
[2024-04-16T09:32:58.947+0000] {logging_mixin.py:188} INFO - Null Not Found
[2024-04-16T09:32:58.948+0000] {logging_mixin.py:188} INFO - Null Not Found
[2024-04-16T09:32:58.949+0000] {python.py:237} INFO - Done. Returned value was: None
[2024-04-16T09:32:58.950+0000] {taskinstance.py:441} INFO - ::group::Post task execution logs
[2024-04-16T09:32:58.958+0000] {taskinstance.py:1205} INFO - Marking task as SUCCESS. dag_id=spotify_final_dag, task_id=hello2, execution_date=20240416T023000, start_date=20240416T093257, end_date=20240416T093258
[2024-04-16T09:32:58.984+0000] {local_task_job_runner.py:240} INFO - Task exited with return code 0
[2024-04-16T09:32:58.996+0000] {taskinstance.py:3482} INFO - 0 downstream tasks scheduled from follow-on schedule check
[2024-04-16T09:32:58.998+0000] {local_task_job_runner.py:222} INFO - ::endgroup::
[2024-04-16T09:39:27.169+0000] {local_task_job_runner.py:120} INFO - ::group::Pre task execution logs
[2024-04-16T09:39:27.187+0000] {taskinstance.py:2073} INFO - Dependencies all met for dep_context=non-requeueable deps ti=<TaskInstance: spotify_final_dag.hello2 scheduled__2024-04-16T02:30:00+00:00 [queued]>
[2024-04-16T09:39:27.195+0000] {taskinstance.py:2073} INFO - Dependencies all met for dep_context=requeueable deps ti=<TaskInstance: spotify_final_dag.hello2 scheduled__2024-04-16T02:30:00+00:00 [queued]>
[2024-04-16T09:39:27.195+0000] {taskinstance.py:2303} INFO - Starting attempt 1 of 2
[2024-04-16T09:39:27.213+0000] {taskinstance.py:2327} INFO - Executing <Task(PythonOperator): hello2> on 2024-04-16 02:30:00+00:00
[2024-04-16T09:39:27.224+0000] {warnings.py:110} WARNING - /home/***/.local/lib/python3.12/site-packages/***/task/task_runner/standard_task_runner.py:61: DeprecationWarning: This process (pid=2062) is multi-threaded, use of fork() may lead to deadlocks in the child.
  pid = os.fork()

[2024-04-16T09:39:27.226+0000] {standard_task_runner.py:63} INFO - Started process 2083 to run task
[2024-04-16T09:39:27.226+0000] {standard_task_runner.py:90} INFO - Running: ['***', 'tasks', 'run', 'spotify_final_dag', 'hello2', 'scheduled__2024-04-16T02:30:00+00:00', '--job-id', '419', '--raw', '--subdir', 'DAGS_FOLDER/dag.py', '--cfg-path', '/tmp/tmpa5ah1hhx']
[2024-04-16T09:39:27.228+0000] {standard_task_runner.py:91} INFO - Job 419: Subtask hello2
[2024-04-16T09:39:27.277+0000] {task_command.py:426} INFO - Running <TaskInstance: spotify_final_dag.hello2 scheduled__2024-04-16T02:30:00+00:00 [running]> on host 52651c1f9987
[2024-04-16T09:39:27.360+0000] {taskinstance.py:2644} INFO - Exporting env vars: AIRFLOW_CTX_DAG_OWNER='***' AIRFLOW_CTX_DAG_ID='spotify_final_dag' AIRFLOW_CTX_TASK_ID='hello2' AIRFLOW_CTX_EXECUTION_DATE='2024-04-16T02:30:00+00:00' AIRFLOW_CTX_TRY_NUMBER='1' AIRFLOW_CTX_DAG_RUN_ID='scheduled__2024-04-16T02:30:00+00:00'
[2024-04-16T09:39:27.361+0000] {taskinstance.py:430} INFO - ::endgroup::
[2024-04-16T09:39:27.782+0000] {logging_mixin.py:188} INFO - Connection successful
[2024-04-16T09:39:28.267+0000] {logging_mixin.py:188} INFO - Connection successful
[2024-04-16T09:39:28.730+0000] {logging_mixin.py:188} INFO - Connection successful
[2024-04-16T09:39:28.734+0000] {logging_mixin.py:188} INFO - Null Not Found
[2024-04-16T09:39:28.735+0000] {logging_mixin.py:188} INFO - Null Not Found
[2024-04-16T09:39:28.743+0000] {logging_mixin.py:188} INFO - Null Not Found
[2024-04-16T09:39:28.744+0000] {logging_mixin.py:188} INFO - Null Not Found
[2024-04-16T09:39:28.745+0000] {logging_mixin.py:188} INFO - Null Not Found
[2024-04-16T09:39:28.746+0000] {logging_mixin.py:188} INFO - Null Not Found
[2024-04-16T09:39:28.747+0000] {python.py:237} INFO - Done. Returned value was: None
[2024-04-16T09:39:28.748+0000] {taskinstance.py:441} INFO - ::group::Post task execution logs
[2024-04-16T09:39:28.755+0000] {taskinstance.py:1205} INFO - Marking task as SUCCESS. dag_id=spotify_final_dag, task_id=hello2, execution_date=20240416T023000, start_date=20240416T093927, end_date=20240416T093928
[2024-04-16T09:39:28.805+0000] {local_task_job_runner.py:240} INFO - Task exited with return code 0
[2024-04-16T09:39:28.819+0000] {taskinstance.py:3482} INFO - 0 downstream tasks scheduled from follow-on schedule check
[2024-04-16T09:39:28.822+0000] {local_task_job_runner.py:222} INFO - ::endgroup::
[2024-04-16T09:47:29.469+0000] {local_task_job_runner.py:120} INFO - ::group::Pre task execution logs
[2024-04-16T09:47:29.487+0000] {taskinstance.py:2073} INFO - Dependencies all met for dep_context=non-requeueable deps ti=<TaskInstance: spotify_final_dag.hello2 scheduled__2024-04-16T02:30:00+00:00 [queued]>
[2024-04-16T09:47:29.494+0000] {taskinstance.py:2073} INFO - Dependencies all met for dep_context=requeueable deps ti=<TaskInstance: spotify_final_dag.hello2 scheduled__2024-04-16T02:30:00+00:00 [queued]>
[2024-04-16T09:47:29.495+0000] {taskinstance.py:2303} INFO - Starting attempt 1 of 2
[2024-04-16T09:47:29.505+0000] {taskinstance.py:2327} INFO - Executing <Task(PythonOperator): hello2> on 2024-04-16 02:30:00+00:00
[2024-04-16T09:47:29.512+0000] {warnings.py:110} WARNING - /home/***/.local/lib/python3.12/site-packages/***/task/task_runner/standard_task_runner.py:61: DeprecationWarning: This process (pid=4211) is multi-threaded, use of fork() may lead to deadlocks in the child.
  pid = os.fork()

[2024-04-16T09:47:29.513+0000] {standard_task_runner.py:63} INFO - Started process 4232 to run task
[2024-04-16T09:47:29.513+0000] {standard_task_runner.py:90} INFO - Running: ['***', 'tasks', 'run', 'spotify_final_dag', 'hello2', 'scheduled__2024-04-16T02:30:00+00:00', '--job-id', '1101', '--raw', '--subdir', 'DAGS_FOLDER/dag.py', '--cfg-path', '/tmp/tmppirhf2_n']
[2024-04-16T09:47:29.514+0000] {standard_task_runner.py:91} INFO - Job 1101: Subtask hello2
[2024-04-16T09:47:29.559+0000] {task_command.py:426} INFO - Running <TaskInstance: spotify_final_dag.hello2 scheduled__2024-04-16T02:30:00+00:00 [running]> on host 52651c1f9987
[2024-04-16T09:47:29.643+0000] {taskinstance.py:2644} INFO - Exporting env vars: AIRFLOW_CTX_DAG_OWNER='***' AIRFLOW_CTX_DAG_ID='spotify_final_dag' AIRFLOW_CTX_TASK_ID='hello2' AIRFLOW_CTX_EXECUTION_DATE='2024-04-16T02:30:00+00:00' AIRFLOW_CTX_TRY_NUMBER='1' AIRFLOW_CTX_DAG_RUN_ID='scheduled__2024-04-16T02:30:00+00:00'
[2024-04-16T09:47:29.645+0000] {taskinstance.py:430} INFO - ::endgroup::
[2024-04-16T09:47:30.094+0000] {logging_mixin.py:188} INFO - Connection successful
[2024-04-16T09:47:30.500+0000] {logging_mixin.py:188} INFO - Connection successful
[2024-04-16T09:47:30.933+0000] {logging_mixin.py:188} INFO - Connection successful
[2024-04-16T09:47:30.937+0000] {logging_mixin.py:188} INFO - Null Not Found
[2024-04-16T09:47:30.938+0000] {logging_mixin.py:188} INFO - Null Not Found
[2024-04-16T09:47:30.946+0000] {logging_mixin.py:188} INFO - Null Not Found
[2024-04-16T09:47:30.947+0000] {logging_mixin.py:188} INFO - Null Not Found
[2024-04-16T09:47:30.948+0000] {logging_mixin.py:188} INFO - Null Not Found
[2024-04-16T09:47:30.949+0000] {logging_mixin.py:188} INFO - Null Not Found
[2024-04-16T09:47:30.950+0000] {python.py:237} INFO - Done. Returned value was: None
[2024-04-16T09:47:30.951+0000] {taskinstance.py:441} INFO - ::group::Post task execution logs
[2024-04-16T09:47:30.957+0000] {taskinstance.py:1205} INFO - Marking task as SUCCESS. dag_id=spotify_final_dag, task_id=hello2, execution_date=20240416T023000, start_date=20240416T094729, end_date=20240416T094730
[2024-04-16T09:47:31.011+0000] {local_task_job_runner.py:240} INFO - Task exited with return code 0
[2024-04-16T09:47:31.022+0000] {taskinstance.py:3482} INFO - 0 downstream tasks scheduled from follow-on schedule check
[2024-04-16T09:47:31.024+0000] {local_task_job_runner.py:222} INFO - ::endgroup::
