[2024-04-17T07:30:30.530+0000] {local_task_job_runner.py:120} INFO - ::group::Pre task execution logs
[2024-04-17T07:30:30.560+0000] {taskinstance.py:2073} INFO - Dependencies all met for dep_context=non-requeueable deps ti=<TaskInstance: etl_for_spotify.hello2 scheduled__2024-04-16T04:00:00+00:00 [queued]>
[2024-04-17T07:30:30.571+0000] {taskinstance.py:2073} INFO - Dependencies all met for dep_context=requeueable deps ti=<TaskInstance: etl_for_spotify.hello2 scheduled__2024-04-16T04:00:00+00:00 [queued]>
[2024-04-17T07:30:30.572+0000] {taskinstance.py:2303} INFO - Starting attempt 1 of 2
[2024-04-17T07:30:30.591+0000] {taskinstance.py:2327} INFO - Executing <Task(PythonOperator): hello2> on 2024-04-16 04:00:00+00:00
[2024-04-17T07:30:30.604+0000] {warnings.py:110} WARNING - /home/***/.local/lib/python3.12/site-packages/***/task/task_runner/standard_task_runner.py:61: DeprecationWarning: This process (pid=6130) is multi-threaded, use of fork() may lead to deadlocks in the child.
  pid = os.fork()

[2024-04-17T07:30:30.607+0000] {standard_task_runner.py:63} INFO - Started process 6149 to run task
[2024-04-17T07:30:30.606+0000] {standard_task_runner.py:90} INFO - Running: ['***', 'tasks', 'run', 'etl_for_spotify', 'hello2', 'scheduled__2024-04-16T04:00:00+00:00', '--job-id', '3020', '--raw', '--subdir', 'DAGS_FOLDER/dag.py', '--cfg-path', '/tmp/tmpgy8pqxh7']
[2024-04-17T07:30:30.609+0000] {standard_task_runner.py:91} INFO - Job 3020: Subtask hello2
[2024-04-17T07:30:30.673+0000] {task_command.py:426} INFO - Running <TaskInstance: etl_for_spotify.hello2 scheduled__2024-04-16T04:00:00+00:00 [running]> on host 52651c1f9987
[2024-04-17T07:30:30.814+0000] {taskinstance.py:2644} INFO - Exporting env vars: AIRFLOW_CTX_DAG_OWNER='***' AIRFLOW_CTX_DAG_ID='etl_for_spotify' AIRFLOW_CTX_TASK_ID='hello2' AIRFLOW_CTX_EXECUTION_DATE='2024-04-16T04:00:00+00:00' AIRFLOW_CTX_TRY_NUMBER='1' AIRFLOW_CTX_DAG_RUN_ID='scheduled__2024-04-16T04:00:00+00:00'
[2024-04-17T07:30:30.816+0000] {taskinstance.py:430} INFO - ::endgroup::
[2024-04-17T07:30:31.286+0000] {logging_mixin.py:188} INFO - Connection successful
[2024-04-17T07:30:31.728+0000] {logging_mixin.py:188} INFO - Connection successful
[2024-04-17T07:30:32.147+0000] {logging_mixin.py:188} INFO - Connection successful
[2024-04-17T07:30:32.151+0000] {logging_mixin.py:188} INFO - Null Not Found
[2024-04-17T07:30:32.152+0000] {logging_mixin.py:188} INFO - Null Not Found
[2024-04-17T07:30:32.161+0000] {logging_mixin.py:188} INFO - Null Not Found
[2024-04-17T07:30:32.161+0000] {logging_mixin.py:188} INFO - Null Not Found
[2024-04-17T07:30:32.163+0000] {logging_mixin.py:188} INFO - Null Not Found
[2024-04-17T07:30:32.163+0000] {logging_mixin.py:188} INFO - Null Not Found
[2024-04-17T07:30:32.164+0000] {python.py:237} INFO - Done. Returned value was: None
[2024-04-17T07:30:32.165+0000] {taskinstance.py:441} INFO - ::group::Post task execution logs
[2024-04-17T07:30:32.172+0000] {taskinstance.py:1205} INFO - Marking task as SUCCESS. dag_id=etl_for_spotify, task_id=hello2, execution_date=20240416T040000, start_date=20240417T073030, end_date=20240417T073032
[2024-04-17T07:30:32.228+0000] {local_task_job_runner.py:240} INFO - Task exited with return code 0
[2024-04-17T07:30:32.244+0000] {taskinstance.py:3482} INFO - 0 downstream tasks scheduled from follow-on schedule check
[2024-04-17T07:30:32.245+0000] {local_task_job_runner.py:222} INFO - ::endgroup::
