[2024-04-17T07:37:54.527+0000] {local_task_job_runner.py:120} INFO - ::group::Pre task execution logs
[2024-04-17T07:37:54.552+0000] {taskinstance.py:2073} INFO - Dependencies all met for dep_context=non-requeueable deps ti=<TaskInstance: etl_for_spotify.processes scheduled__2024-04-17T02:00:00+00:00 [queued]>
[2024-04-17T07:37:54.563+0000] {taskinstance.py:2073} INFO - Dependencies all met for dep_context=requeueable deps ti=<TaskInstance: etl_for_spotify.processes scheduled__2024-04-17T02:00:00+00:00 [queued]>
[2024-04-17T07:37:54.564+0000] {taskinstance.py:2303} INFO - Starting attempt 1 of 2
[2024-04-17T07:37:54.581+0000] {taskinstance.py:2327} INFO - Executing <Task(PythonOperator): processes> on 2024-04-17 02:00:00+00:00
[2024-04-17T07:37:54.593+0000] {warnings.py:110} WARNING - /home/***/.local/lib/python3.12/site-packages/***/task/task_runner/standard_task_runner.py:61: DeprecationWarning: This process (pid=10246) is multi-threaded, use of fork() may lead to deadlocks in the child.
  pid = os.fork()

[2024-04-17T07:37:54.596+0000] {standard_task_runner.py:63} INFO - Started process 10272 to run task
[2024-04-17T07:37:54.596+0000] {standard_task_runner.py:90} INFO - Running: ['***', 'tasks', 'run', 'etl_for_spotify', 'processes', 'scheduled__2024-04-17T02:00:00+00:00', '--job-id', '4355', '--raw', '--subdir', 'DAGS_FOLDER/dag.py', '--cfg-path', '/tmp/tmpgd28nq40']
[2024-04-17T07:37:54.597+0000] {standard_task_runner.py:91} INFO - Job 4355: Subtask processes
[2024-04-17T07:37:54.651+0000] {task_command.py:426} INFO - Running <TaskInstance: etl_for_spotify.processes scheduled__2024-04-17T02:00:00+00:00 [running]> on host 52651c1f9987
[2024-04-17T07:37:54.749+0000] {taskinstance.py:2644} INFO - Exporting env vars: AIRFLOW_CTX_DAG_OWNER='***' AIRFLOW_CTX_DAG_ID='etl_for_spotify' AIRFLOW_CTX_TASK_ID='processes' AIRFLOW_CTX_EXECUTION_DATE='2024-04-17T02:00:00+00:00' AIRFLOW_CTX_TRY_NUMBER='1' AIRFLOW_CTX_DAG_RUN_ID='scheduled__2024-04-17T02:00:00+00:00'
[2024-04-17T07:37:54.751+0000] {taskinstance.py:430} INFO - ::endgroup::
[2024-04-17T07:37:55.205+0000] {logging_mixin.py:188} INFO - Connection successful
[2024-04-17T07:37:55.719+0000] {logging_mixin.py:188} INFO - Connection successful
[2024-04-17T07:37:56.180+0000] {logging_mixin.py:188} INFO - Connection successful
[2024-04-17T07:37:56.184+0000] {logging_mixin.py:188} INFO - Null Not Found
[2024-04-17T07:37:56.185+0000] {logging_mixin.py:188} INFO - Null Not Found
[2024-04-17T07:37:56.194+0000] {logging_mixin.py:188} INFO - Null Not Found
[2024-04-17T07:37:56.194+0000] {logging_mixin.py:188} INFO - Null Not Found
[2024-04-17T07:37:56.195+0000] {logging_mixin.py:188} INFO - Null Not Found
[2024-04-17T07:37:56.196+0000] {logging_mixin.py:188} INFO - Null Not Found
[2024-04-17T07:37:56.197+0000] {python.py:237} INFO - Done. Returned value was: None
[2024-04-17T07:37:56.198+0000] {taskinstance.py:441} INFO - ::group::Post task execution logs
[2024-04-17T07:37:56.204+0000] {taskinstance.py:1205} INFO - Marking task as SUCCESS. dag_id=etl_for_spotify, task_id=processes, execution_date=20240417T020000, start_date=20240417T073754, end_date=20240417T073756
[2024-04-17T07:37:56.255+0000] {local_task_job_runner.py:240} INFO - Task exited with return code 0
[2024-04-17T07:37:56.267+0000] {taskinstance.py:3482} INFO - 0 downstream tasks scheduled from follow-on schedule check
[2024-04-17T07:37:56.268+0000] {local_task_job_runner.py:222} INFO - ::endgroup::
