[2024-04-16T09:39:35.815+0000] {local_task_job_runner.py:120} INFO - ::group::Pre task execution logs
[2024-04-16T09:39:35.845+0000] {taskinstance.py:2073} INFO - Dependencies all met for dep_context=non-requeueable deps ti=<TaskInstance: spotify_final_dag.hello2 scheduled__2024-04-16T02:38:00+00:00 [queued]>
[2024-04-16T09:39:35.862+0000] {taskinstance.py:2073} INFO - Dependencies all met for dep_context=requeueable deps ti=<TaskInstance: spotify_final_dag.hello2 scheduled__2024-04-16T02:38:00+00:00 [queued]>
[2024-04-16T09:39:35.863+0000] {taskinstance.py:2303} INFO - Starting attempt 1 of 2
[2024-04-16T09:39:35.880+0000] {taskinstance.py:2327} INFO - Executing <Task(PythonOperator): hello2> on 2024-04-16 02:38:00+00:00
[2024-04-16T09:39:35.894+0000] {warnings.py:110} WARNING - /home/***/.local/lib/python3.12/site-packages/***/task/task_runner/standard_task_runner.py:61: DeprecationWarning: This process (pid=2127) is multi-threaded, use of fork() may lead to deadlocks in the child.
  pid = os.fork()

[2024-04-16T09:39:35.895+0000] {standard_task_runner.py:63} INFO - Started process 2166 to run task
[2024-04-16T09:39:35.896+0000] {standard_task_runner.py:90} INFO - Running: ['***', 'tasks', 'run', 'spotify_final_dag', 'hello2', 'scheduled__2024-04-16T02:38:00+00:00', '--job-id', '442', '--raw', '--subdir', 'DAGS_FOLDER/dag.py', '--cfg-path', '/tmp/tmpi72sl3nw']
[2024-04-16T09:39:35.901+0000] {standard_task_runner.py:91} INFO - Job 442: Subtask hello2
[2024-04-16T09:39:35.973+0000] {task_command.py:426} INFO - Running <TaskInstance: spotify_final_dag.hello2 scheduled__2024-04-16T02:38:00+00:00 [running]> on host 52651c1f9987
[2024-04-16T09:39:36.152+0000] {taskinstance.py:2644} INFO - Exporting env vars: AIRFLOW_CTX_DAG_OWNER='***' AIRFLOW_CTX_DAG_ID='spotify_final_dag' AIRFLOW_CTX_TASK_ID='hello2' AIRFLOW_CTX_EXECUTION_DATE='2024-04-16T02:38:00+00:00' AIRFLOW_CTX_TRY_NUMBER='1' AIRFLOW_CTX_DAG_RUN_ID='scheduled__2024-04-16T02:38:00+00:00'
[2024-04-16T09:39:36.154+0000] {taskinstance.py:430} INFO - ::endgroup::
[2024-04-16T09:39:36.612+0000] {logging_mixin.py:188} INFO - Connection successful
[2024-04-16T09:39:37.097+0000] {logging_mixin.py:188} INFO - Connection successful
[2024-04-16T09:39:37.574+0000] {logging_mixin.py:188} INFO - Connection successful
[2024-04-16T09:39:37.578+0000] {logging_mixin.py:188} INFO - Null Not Found
[2024-04-16T09:39:37.579+0000] {logging_mixin.py:188} INFO - Null Not Found
[2024-04-16T09:39:37.589+0000] {logging_mixin.py:188} INFO - Null Not Found
[2024-04-16T09:39:37.590+0000] {logging_mixin.py:188} INFO - Null Not Found
[2024-04-16T09:39:37.591+0000] {logging_mixin.py:188} INFO - Null Not Found
[2024-04-16T09:39:37.592+0000] {logging_mixin.py:188} INFO - Null Not Found
[2024-04-16T09:39:37.593+0000] {python.py:237} INFO - Done. Returned value was: None
[2024-04-16T09:39:37.594+0000] {taskinstance.py:441} INFO - ::group::Post task execution logs
[2024-04-16T09:39:37.602+0000] {taskinstance.py:1205} INFO - Marking task as SUCCESS. dag_id=spotify_final_dag, task_id=hello2, execution_date=20240416T023800, start_date=20240416T093935, end_date=20240416T093937
[2024-04-16T09:39:37.654+0000] {local_task_job_runner.py:240} INFO - Task exited with return code 0
[2024-04-16T09:39:37.672+0000] {taskinstance.py:3482} INFO - 0 downstream tasks scheduled from follow-on schedule check
[2024-04-16T09:39:37.674+0000] {local_task_job_runner.py:222} INFO - ::endgroup::
[2024-04-16T09:47:30.438+0000] {local_task_job_runner.py:120} INFO - ::group::Pre task execution logs
[2024-04-16T09:47:30.459+0000] {taskinstance.py:2073} INFO - Dependencies all met for dep_context=non-requeueable deps ti=<TaskInstance: spotify_final_dag.hello2 scheduled__2024-04-16T02:38:00+00:00 [queued]>
[2024-04-16T09:47:30.467+0000] {taskinstance.py:2073} INFO - Dependencies all met for dep_context=requeueable deps ti=<TaskInstance: spotify_final_dag.hello2 scheduled__2024-04-16T02:38:00+00:00 [queued]>
[2024-04-16T09:47:30.468+0000] {taskinstance.py:2303} INFO - Starting attempt 1 of 2
[2024-04-16T09:47:30.481+0000] {taskinstance.py:2327} INFO - Executing <Task(PythonOperator): hello2> on 2024-04-16 02:38:00+00:00
[2024-04-16T09:47:30.488+0000] {warnings.py:110} WARNING - /home/***/.local/lib/python3.12/site-packages/***/task/task_runner/standard_task_runner.py:61: DeprecationWarning: This process (pid=4229) is multi-threaded, use of fork() may lead to deadlocks in the child.
  pid = os.fork()

[2024-04-16T09:47:30.489+0000] {standard_task_runner.py:63} INFO - Started process 4236 to run task
[2024-04-16T09:47:30.489+0000] {standard_task_runner.py:90} INFO - Running: ['***', 'tasks', 'run', 'spotify_final_dag', 'hello2', 'scheduled__2024-04-16T02:38:00+00:00', '--job-id', '1103', '--raw', '--subdir', 'DAGS_FOLDER/dag.py', '--cfg-path', '/tmp/tmpr4h0tc6x']
[2024-04-16T09:47:30.490+0000] {standard_task_runner.py:91} INFO - Job 1103: Subtask hello2
[2024-04-16T09:47:30.534+0000] {task_command.py:426} INFO - Running <TaskInstance: spotify_final_dag.hello2 scheduled__2024-04-16T02:38:00+00:00 [running]> on host 52651c1f9987
[2024-04-16T09:47:30.613+0000] {taskinstance.py:2644} INFO - Exporting env vars: AIRFLOW_CTX_DAG_OWNER='***' AIRFLOW_CTX_DAG_ID='spotify_final_dag' AIRFLOW_CTX_TASK_ID='hello2' AIRFLOW_CTX_EXECUTION_DATE='2024-04-16T02:38:00+00:00' AIRFLOW_CTX_TRY_NUMBER='1' AIRFLOW_CTX_DAG_RUN_ID='scheduled__2024-04-16T02:38:00+00:00'
[2024-04-16T09:47:30.614+0000] {taskinstance.py:430} INFO - ::endgroup::
[2024-04-16T09:47:31.026+0000] {logging_mixin.py:188} INFO - Connection successful
[2024-04-16T09:47:31.429+0000] {logging_mixin.py:188} INFO - Connection successful
[2024-04-16T09:47:31.879+0000] {logging_mixin.py:188} INFO - Connection successful
[2024-04-16T09:47:31.883+0000] {logging_mixin.py:188} INFO - Null Not Found
[2024-04-16T09:47:31.884+0000] {logging_mixin.py:188} INFO - Null Not Found
[2024-04-16T09:47:31.893+0000] {logging_mixin.py:188} INFO - Null Not Found
[2024-04-16T09:47:31.893+0000] {logging_mixin.py:188} INFO - Null Not Found
[2024-04-16T09:47:31.894+0000] {logging_mixin.py:188} INFO - Null Not Found
[2024-04-16T09:47:31.895+0000] {logging_mixin.py:188} INFO - Null Not Found
[2024-04-16T09:47:31.896+0000] {python.py:237} INFO - Done. Returned value was: None
[2024-04-16T09:47:31.897+0000] {taskinstance.py:441} INFO - ::group::Post task execution logs
[2024-04-16T09:47:31.904+0000] {taskinstance.py:1205} INFO - Marking task as SUCCESS. dag_id=spotify_final_dag, task_id=hello2, execution_date=20240416T023800, start_date=20240416T094730, end_date=20240416T094731
[2024-04-16T09:47:31.949+0000] {local_task_job_runner.py:240} INFO - Task exited with return code 0
[2024-04-16T09:47:31.961+0000] {taskinstance.py:3482} INFO - 0 downstream tasks scheduled from follow-on schedule check
[2024-04-16T09:47:31.963+0000] {local_task_job_runner.py:222} INFO - ::endgroup::
