[2024-04-16T09:41:07.429+0000] {local_task_job_runner.py:120} INFO - ::group::Pre task execution logs
[2024-04-16T09:41:07.445+0000] {taskinstance.py:2073} INFO - Dependencies all met for dep_context=non-requeueable deps ti=<TaskInstance: spotify_final_dag.hello2 scheduled__2024-04-16T05:08:00+00:00 [queued]>
[2024-04-16T09:41:07.455+0000] {taskinstance.py:2073} INFO - Dependencies all met for dep_context=requeueable deps ti=<TaskInstance: spotify_final_dag.hello2 scheduled__2024-04-16T05:08:00+00:00 [queued]>
[2024-04-16T09:41:07.455+0000] {taskinstance.py:2303} INFO - Starting attempt 1 of 2
[2024-04-16T09:41:07.467+0000] {taskinstance.py:2327} INFO - Executing <Task(PythonOperator): hello2> on 2024-04-16 05:08:00+00:00
[2024-04-16T09:41:07.473+0000] {warnings.py:110} WARNING - /home/***/.local/lib/python3.12/site-packages/***/task/task_runner/standard_task_runner.py:61: DeprecationWarning: This process (pid=3031) is multi-threaded, use of fork() may lead to deadlocks in the child.
  pid = os.fork()

[2024-04-16T09:41:07.474+0000] {standard_task_runner.py:63} INFO - Started process 3044 to run task
[2024-04-16T09:41:07.474+0000] {standard_task_runner.py:90} INFO - Running: ['***', 'tasks', 'run', 'spotify_final_dag', 'hello2', 'scheduled__2024-04-16T05:08:00+00:00', '--job-id', '734', '--raw', '--subdir', 'DAGS_FOLDER/dag.py', '--cfg-path', '/tmp/tmpi3xg8yb4']
[2024-04-16T09:41:07.475+0000] {standard_task_runner.py:91} INFO - Job 734: Subtask hello2
[2024-04-16T09:41:07.508+0000] {task_command.py:426} INFO - Running <TaskInstance: spotify_final_dag.hello2 scheduled__2024-04-16T05:08:00+00:00 [running]> on host 52651c1f9987
[2024-04-16T09:41:07.579+0000] {taskinstance.py:2644} INFO - Exporting env vars: AIRFLOW_CTX_DAG_OWNER='***' AIRFLOW_CTX_DAG_ID='spotify_final_dag' AIRFLOW_CTX_TASK_ID='hello2' AIRFLOW_CTX_EXECUTION_DATE='2024-04-16T05:08:00+00:00' AIRFLOW_CTX_TRY_NUMBER='1' AIRFLOW_CTX_DAG_RUN_ID='scheduled__2024-04-16T05:08:00+00:00'
[2024-04-16T09:41:07.580+0000] {taskinstance.py:430} INFO - ::endgroup::
[2024-04-16T09:41:08.074+0000] {logging_mixin.py:188} INFO - Connection successful
[2024-04-16T09:41:08.519+0000] {logging_mixin.py:188} INFO - Connection successful
[2024-04-16T09:41:08.943+0000] {logging_mixin.py:188} INFO - Connection successful
[2024-04-16T09:41:08.948+0000] {logging_mixin.py:188} INFO - Null Not Found
[2024-04-16T09:41:08.949+0000] {logging_mixin.py:188} INFO - Null Not Found
[2024-04-16T09:41:08.958+0000] {logging_mixin.py:188} INFO - Null Not Found
[2024-04-16T09:41:08.958+0000] {logging_mixin.py:188} INFO - Null Not Found
[2024-04-16T09:41:08.960+0000] {logging_mixin.py:188} INFO - Null Not Found
[2024-04-16T09:41:08.960+0000] {logging_mixin.py:188} INFO - Null Not Found
[2024-04-16T09:41:08.962+0000] {python.py:237} INFO - Done. Returned value was: None
[2024-04-16T09:41:08.962+0000] {taskinstance.py:441} INFO - ::group::Post task execution logs
[2024-04-16T09:41:08.971+0000] {taskinstance.py:1205} INFO - Marking task as SUCCESS. dag_id=spotify_final_dag, task_id=hello2, execution_date=20240416T050800, start_date=20240416T094107, end_date=20240416T094108
[2024-04-16T09:41:09.012+0000] {local_task_job_runner.py:240} INFO - Task exited with return code 0
[2024-04-16T09:41:09.024+0000] {taskinstance.py:3482} INFO - 0 downstream tasks scheduled from follow-on schedule check
[2024-04-16T09:41:09.026+0000] {local_task_job_runner.py:222} INFO - ::endgroup::
[2024-04-16T09:48:20.127+0000] {local_task_job_runner.py:120} INFO - ::group::Pre task execution logs
[2024-04-16T09:48:20.148+0000] {taskinstance.py:2073} INFO - Dependencies all met for dep_context=non-requeueable deps ti=<TaskInstance: spotify_final_dag.hello2 scheduled__2024-04-16T05:08:00+00:00 [queued]>
[2024-04-16T09:48:20.155+0000] {taskinstance.py:2073} INFO - Dependencies all met for dep_context=requeueable deps ti=<TaskInstance: spotify_final_dag.hello2 scheduled__2024-04-16T05:08:00+00:00 [queued]>
[2024-04-16T09:48:20.155+0000] {taskinstance.py:2303} INFO - Starting attempt 1 of 2
[2024-04-16T09:48:20.234+0000] {taskinstance.py:2327} INFO - Executing <Task(PythonOperator): hello2> on 2024-04-16 05:08:00+00:00
[2024-04-16T09:48:20.244+0000] {warnings.py:110} WARNING - /home/***/.local/lib/python3.12/site-packages/***/task/task_runner/standard_task_runner.py:61: DeprecationWarning: This process (pid=4701) is multi-threaded, use of fork() may lead to deadlocks in the child.
  pid = os.fork()

[2024-04-16T09:48:20.245+0000] {standard_task_runner.py:63} INFO - Started process 4725 to run task
[2024-04-16T09:48:20.245+0000] {standard_task_runner.py:90} INFO - Running: ['***', 'tasks', 'run', 'spotify_final_dag', 'hello2', 'scheduled__2024-04-16T05:08:00+00:00', '--job-id', '1259', '--raw', '--subdir', 'DAGS_FOLDER/dag.py', '--cfg-path', '/tmp/tmpsbdu3d7x']
[2024-04-16T09:48:20.246+0000] {standard_task_runner.py:91} INFO - Job 1259: Subtask hello2
[2024-04-16T09:48:20.288+0000] {task_command.py:426} INFO - Running <TaskInstance: spotify_final_dag.hello2 scheduled__2024-04-16T05:08:00+00:00 [running]> on host 52651c1f9987
[2024-04-16T09:48:20.366+0000] {taskinstance.py:2644} INFO - Exporting env vars: AIRFLOW_CTX_DAG_OWNER='***' AIRFLOW_CTX_DAG_ID='spotify_final_dag' AIRFLOW_CTX_TASK_ID='hello2' AIRFLOW_CTX_EXECUTION_DATE='2024-04-16T05:08:00+00:00' AIRFLOW_CTX_TRY_NUMBER='1' AIRFLOW_CTX_DAG_RUN_ID='scheduled__2024-04-16T05:08:00+00:00'
[2024-04-16T09:48:20.367+0000] {taskinstance.py:430} INFO - ::endgroup::
[2024-04-16T09:48:20.794+0000] {logging_mixin.py:188} INFO - Connection successful
[2024-04-16T09:48:21.180+0000] {logging_mixin.py:188} INFO - Connection successful
[2024-04-16T09:48:21.601+0000] {logging_mixin.py:188} INFO - Connection successful
[2024-04-16T09:48:21.608+0000] {logging_mixin.py:188} INFO - Null Not Found
[2024-04-16T09:48:21.609+0000] {logging_mixin.py:188} INFO - Null Not Found
[2024-04-16T09:48:21.618+0000] {logging_mixin.py:188} INFO - Null Not Found
[2024-04-16T09:48:21.619+0000] {logging_mixin.py:188} INFO - Null Not Found
[2024-04-16T09:48:21.620+0000] {logging_mixin.py:188} INFO - Null Not Found
[2024-04-16T09:48:21.621+0000] {logging_mixin.py:188} INFO - Null Not Found
[2024-04-16T09:48:21.622+0000] {python.py:237} INFO - Done. Returned value was: None
[2024-04-16T09:48:21.622+0000] {taskinstance.py:441} INFO - ::group::Post task execution logs
[2024-04-16T09:48:21.630+0000] {taskinstance.py:1205} INFO - Marking task as SUCCESS. dag_id=spotify_final_dag, task_id=hello2, execution_date=20240416T050800, start_date=20240416T094820, end_date=20240416T094821
[2024-04-16T09:48:21.663+0000] {local_task_job_runner.py:240} INFO - Task exited with return code 0
[2024-04-16T09:48:21.674+0000] {taskinstance.py:3482} INFO - 0 downstream tasks scheduled from follow-on schedule check
[2024-04-16T09:48:21.676+0000] {local_task_job_runner.py:222} INFO - ::endgroup::
