[2024-04-16T09:37:57.972+0000] {local_task_job_runner.py:120} INFO - ::group::Pre task execution logs
[2024-04-16T09:37:57.994+0000] {taskinstance.py:2073} INFO - Dependencies all met for dep_context=non-requeueable deps ti=<TaskInstance: spotify_final_dag.hello2 scheduled__2024-04-16T00:18:00+00:00 [queued]>
[2024-04-16T09:37:58.004+0000] {taskinstance.py:2073} INFO - Dependencies all met for dep_context=requeueable deps ti=<TaskInstance: spotify_final_dag.hello2 scheduled__2024-04-16T00:18:00+00:00 [queued]>
[2024-04-16T09:37:58.005+0000] {taskinstance.py:2303} INFO - Starting attempt 1 of 2
[2024-04-16T09:37:58.018+0000] {taskinstance.py:2327} INFO - Executing <Task(PythonOperator): hello2> on 2024-04-16 00:18:00+00:00
[2024-04-16T09:37:58.027+0000] {warnings.py:110} WARNING - /home/***/.local/lib/python3.12/site-packages/***/task/task_runner/standard_task_runner.py:61: DeprecationWarning: This process (pid=1277) is multi-threaded, use of fork() may lead to deadlocks in the child.
  pid = os.fork()

[2024-04-16T09:37:58.029+0000] {standard_task_runner.py:63} INFO - Started process 1304 to run task
[2024-04-16T09:37:58.029+0000] {standard_task_runner.py:90} INFO - Running: ['***', 'tasks', 'run', 'spotify_final_dag', 'hello2', 'scheduled__2024-04-16T00:18:00+00:00', '--job-id', '165', '--raw', '--subdir', 'DAGS_FOLDER/dag.py', '--cfg-path', '/tmp/tmpw9vz4kza']
[2024-04-16T09:37:58.030+0000] {standard_task_runner.py:91} INFO - Job 165: Subtask hello2
[2024-04-16T09:37:58.072+0000] {task_command.py:426} INFO - Running <TaskInstance: spotify_final_dag.hello2 scheduled__2024-04-16T00:18:00+00:00 [running]> on host 52651c1f9987
[2024-04-16T09:37:58.177+0000] {taskinstance.py:2644} INFO - Exporting env vars: AIRFLOW_CTX_DAG_OWNER='***' AIRFLOW_CTX_DAG_ID='spotify_final_dag' AIRFLOW_CTX_TASK_ID='hello2' AIRFLOW_CTX_EXECUTION_DATE='2024-04-16T00:18:00+00:00' AIRFLOW_CTX_TRY_NUMBER='1' AIRFLOW_CTX_DAG_RUN_ID='scheduled__2024-04-16T00:18:00+00:00'
[2024-04-16T09:37:58.178+0000] {taskinstance.py:430} INFO - ::endgroup::
[2024-04-16T09:37:58.612+0000] {logging_mixin.py:188} INFO - Connection successful
[2024-04-16T09:37:59.028+0000] {logging_mixin.py:188} INFO - Connection successful
[2024-04-16T09:37:59.470+0000] {logging_mixin.py:188} INFO - Connection successful
[2024-04-16T09:37:59.475+0000] {logging_mixin.py:188} INFO - Null Not Found
[2024-04-16T09:37:59.477+0000] {logging_mixin.py:188} INFO - Null Not Found
[2024-04-16T09:37:59.491+0000] {logging_mixin.py:188} INFO - Null Not Found
[2024-04-16T09:37:59.492+0000] {logging_mixin.py:188} INFO - Null Not Found
[2024-04-16T09:37:59.494+0000] {logging_mixin.py:188} INFO - Null Not Found
[2024-04-16T09:37:59.495+0000] {logging_mixin.py:188} INFO - Null Not Found
[2024-04-16T09:37:59.496+0000] {python.py:237} INFO - Done. Returned value was: None
[2024-04-16T09:37:59.497+0000] {taskinstance.py:441} INFO - ::group::Post task execution logs
[2024-04-16T09:37:59.508+0000] {taskinstance.py:1205} INFO - Marking task as SUCCESS. dag_id=spotify_final_dag, task_id=hello2, execution_date=20240416T001800, start_date=20240416T093757, end_date=20240416T093759
[2024-04-16T09:37:59.650+0000] {local_task_job_runner.py:240} INFO - Task exited with return code 0
[2024-04-16T09:37:59.666+0000] {taskinstance.py:3482} INFO - 0 downstream tasks scheduled from follow-on schedule check
[2024-04-16T09:37:59.668+0000] {local_task_job_runner.py:222} INFO - ::endgroup::
[2024-04-16T09:44:32.013+0000] {local_task_job_runner.py:120} INFO - ::group::Pre task execution logs
[2024-04-16T09:44:32.037+0000] {taskinstance.py:2073} INFO - Dependencies all met for dep_context=non-requeueable deps ti=<TaskInstance: spotify_final_dag.hello2 scheduled__2024-04-16T00:18:00+00:00 [queued]>
[2024-04-16T09:44:32.044+0000] {taskinstance.py:2073} INFO - Dependencies all met for dep_context=requeueable deps ti=<TaskInstance: spotify_final_dag.hello2 scheduled__2024-04-16T00:18:00+00:00 [queued]>
[2024-04-16T09:44:32.044+0000] {taskinstance.py:2303} INFO - Starting attempt 1 of 2
[2024-04-16T09:44:32.056+0000] {taskinstance.py:2327} INFO - Executing <Task(PythonOperator): hello2> on 2024-04-16 00:18:00+00:00
[2024-04-16T09:44:32.065+0000] {warnings.py:110} WARNING - /home/***/.local/lib/python3.12/site-packages/***/task/task_runner/standard_task_runner.py:61: DeprecationWarning: This process (pid=3641) is multi-threaded, use of fork() may lead to deadlocks in the child.
  pid = os.fork()

[2024-04-16T09:44:32.067+0000] {standard_task_runner.py:63} INFO - Started process 3662 to run task
[2024-04-16T09:44:32.067+0000] {standard_task_runner.py:90} INFO - Running: ['***', 'tasks', 'run', 'spotify_final_dag', 'hello2', 'scheduled__2024-04-16T00:18:00+00:00', '--job-id', '921', '--raw', '--subdir', 'DAGS_FOLDER/dag.py', '--cfg-path', '/tmp/tmp_cwwumjh']
[2024-04-16T09:44:32.068+0000] {standard_task_runner.py:91} INFO - Job 921: Subtask hello2
[2024-04-16T09:44:32.108+0000] {task_command.py:426} INFO - Running <TaskInstance: spotify_final_dag.hello2 scheduled__2024-04-16T00:18:00+00:00 [running]> on host 52651c1f9987
[2024-04-16T09:44:32.178+0000] {taskinstance.py:2644} INFO - Exporting env vars: AIRFLOW_CTX_DAG_OWNER='***' AIRFLOW_CTX_DAG_ID='spotify_final_dag' AIRFLOW_CTX_TASK_ID='hello2' AIRFLOW_CTX_EXECUTION_DATE='2024-04-16T00:18:00+00:00' AIRFLOW_CTX_TRY_NUMBER='1' AIRFLOW_CTX_DAG_RUN_ID='scheduled__2024-04-16T00:18:00+00:00'
[2024-04-16T09:44:32.179+0000] {taskinstance.py:430} INFO - ::endgroup::
[2024-04-16T09:44:35.743+0000] {logging_mixin.py:188} INFO - There was a problem with the connection. Trial number 1, Status Code: 401
[2024-04-16T09:44:39.009+0000] {logging_mixin.py:188} INFO - There was a problem with the connection. Trial number 2, Status Code: 401
[2024-04-16T09:44:39.011+0000] {taskinstance.py:441} INFO - ::group::Post task execution logs
[2024-04-16T09:44:39.012+0000] {taskinstance.py:2890} ERROR - Task failed with exception
Traceback (most recent call last):
  File "/home/airflow/.local/lib/python3.12/site-packages/airflow/models/taskinstance.py", line 465, in _execute_task
    result = _execute_callable(context=context, **execute_callable_kwargs)
             ^^^^^^^^^^^^^^^^^^^^^^^^^^^^^^^^^^^^^^^^^^^^^^^^^^^^^^^^^^^^^
  File "/home/airflow/.local/lib/python3.12/site-packages/airflow/models/taskinstance.py", line 432, in _execute_callable
    return execute_callable(context=context, **execute_callable_kwargs)
           ^^^^^^^^^^^^^^^^^^^^^^^^^^^^^^^^^^^^^^^^^^^^^^^^^^^^^^^^^^^^
  File "/home/airflow/.local/lib/python3.12/site-packages/airflow/models/baseoperator.py", line 400, in wrapper
    return func(self, *args, **kwargs)
           ^^^^^^^^^^^^^^^^^^^^^^^^^^^
  File "/home/airflow/.local/lib/python3.12/site-packages/airflow/operators/python.py", line 235, in execute
    return_value = self.execute_callable()
                   ^^^^^^^^^^^^^^^^^^^^^^^
  File "/home/airflow/.local/lib/python3.12/site-packages/airflow/operators/python.py", line 252, in execute_callable
    return self.python_callable(*self.op_args, **self.op_kwargs)
           ^^^^^^^^^^^^^^^^^^^^^^^^^^^^^^^^^^^^^^^^^^^^^^^^^^^^^
  File "/opt/airflow/dags/get_data.py", line 95, in processes
    album_data = get_album(connection())
                 ^^^^^^^^^^^^^^^^^^^^^^^
  File "/opt/airflow/dags/get_data.py", line 11, in get_album
    for album in data["items"]:
                 ~~~~^^^^^^^^^
TypeError: 'NoneType' object is not subscriptable
[2024-04-16T09:44:39.022+0000] {taskinstance.py:1205} INFO - Marking task as UP_FOR_RETRY. dag_id=spotify_final_dag, task_id=hello2, execution_date=20240416T001800, start_date=20240416T094432, end_date=20240416T094439
[2024-04-16T09:44:39.034+0000] {standard_task_runner.py:110} ERROR - Failed to execute job 921 for task hello2 ('NoneType' object is not subscriptable; 3662)
[2024-04-16T09:44:39.057+0000] {local_task_job_runner.py:240} INFO - Task exited with return code 1
[2024-04-16T09:44:39.068+0000] {taskinstance.py:3482} INFO - 0 downstream tasks scheduled from follow-on schedule check
[2024-04-16T09:44:39.069+0000] {local_task_job_runner.py:222} INFO - ::endgroup::
[2024-04-16T09:46:47.079+0000] {local_task_job_runner.py:120} INFO - ::group::Pre task execution logs
[2024-04-16T09:46:47.105+0000] {taskinstance.py:2073} INFO - Dependencies all met for dep_context=non-requeueable deps ti=<TaskInstance: spotify_final_dag.hello2 scheduled__2024-04-16T00:18:00+00:00 [queued]>
[2024-04-16T09:46:47.113+0000] {taskinstance.py:2073} INFO - Dependencies all met for dep_context=requeueable deps ti=<TaskInstance: spotify_final_dag.hello2 scheduled__2024-04-16T00:18:00+00:00 [queued]>
[2024-04-16T09:46:47.114+0000] {taskinstance.py:2303} INFO - Starting attempt 1 of 2
[2024-04-16T09:46:47.133+0000] {taskinstance.py:2327} INFO - Executing <Task(PythonOperator): hello2> on 2024-04-16 00:18:00+00:00
[2024-04-16T09:46:47.141+0000] {warnings.py:110} WARNING - /home/***/.local/lib/python3.12/site-packages/***/task/task_runner/standard_task_runner.py:61: DeprecationWarning: This process (pid=3812) is multi-threaded, use of fork() may lead to deadlocks in the child.
  pid = os.fork()

[2024-04-16T09:46:47.143+0000] {standard_task_runner.py:63} INFO - Started process 3837 to run task
[2024-04-16T09:46:47.144+0000] {standard_task_runner.py:90} INFO - Running: ['***', 'tasks', 'run', 'spotify_final_dag', 'hello2', 'scheduled__2024-04-16T00:18:00+00:00', '--job-id', '970', '--raw', '--subdir', 'DAGS_FOLDER/dag.py', '--cfg-path', '/tmp/tmpopve92wi']
[2024-04-16T09:46:47.146+0000] {standard_task_runner.py:91} INFO - Job 970: Subtask hello2
[2024-04-16T09:46:47.198+0000] {task_command.py:426} INFO - Running <TaskInstance: spotify_final_dag.hello2 scheduled__2024-04-16T00:18:00+00:00 [running]> on host 52651c1f9987
[2024-04-16T09:46:47.298+0000] {taskinstance.py:2644} INFO - Exporting env vars: AIRFLOW_CTX_DAG_OWNER='***' AIRFLOW_CTX_DAG_ID='spotify_final_dag' AIRFLOW_CTX_TASK_ID='hello2' AIRFLOW_CTX_EXECUTION_DATE='2024-04-16T00:18:00+00:00' AIRFLOW_CTX_TRY_NUMBER='1' AIRFLOW_CTX_DAG_RUN_ID='scheduled__2024-04-16T00:18:00+00:00'
[2024-04-16T09:46:47.299+0000] {taskinstance.py:430} INFO - ::endgroup::
[2024-04-16T09:46:47.748+0000] {logging_mixin.py:188} INFO - Connection successful
[2024-04-16T09:46:48.140+0000] {logging_mixin.py:188} INFO - Connection successful
[2024-04-16T09:46:48.536+0000] {logging_mixin.py:188} INFO - Connection successful
[2024-04-16T09:46:48.541+0000] {logging_mixin.py:188} INFO - Null Not Found
[2024-04-16T09:46:48.542+0000] {logging_mixin.py:188} INFO - Null Not Found
[2024-04-16T09:46:48.553+0000] {logging_mixin.py:188} INFO - Null Not Found
[2024-04-16T09:46:48.554+0000] {logging_mixin.py:188} INFO - Null Not Found
[2024-04-16T09:46:48.555+0000] {logging_mixin.py:188} INFO - Null Not Found
[2024-04-16T09:46:48.556+0000] {logging_mixin.py:188} INFO - Null Not Found
[2024-04-16T09:46:48.557+0000] {python.py:237} INFO - Done. Returned value was: None
[2024-04-16T09:46:48.558+0000] {taskinstance.py:441} INFO - ::group::Post task execution logs
[2024-04-16T09:46:48.567+0000] {taskinstance.py:1205} INFO - Marking task as SUCCESS. dag_id=spotify_final_dag, task_id=hello2, execution_date=20240416T001800, start_date=20240416T094647, end_date=20240416T094648
[2024-04-16T09:46:48.600+0000] {local_task_job_runner.py:240} INFO - Task exited with return code 0
[2024-04-16T09:46:48.613+0000] {taskinstance.py:3482} INFO - 0 downstream tasks scheduled from follow-on schedule check
[2024-04-16T09:46:48.615+0000] {local_task_job_runner.py:222} INFO - ::endgroup::
