[2024-04-17T07:29:46.967+0000] {local_task_job_runner.py:120} INFO - ::group::Pre task execution logs
[2024-04-17T07:29:46.997+0000] {taskinstance.py:2073} INFO - Dependencies all met for dep_context=non-requeueable deps ti=<TaskInstance: etl_for_spotify.hello2 scheduled__2024-04-16T01:42:00+00:00 [queued]>
[2024-04-17T07:29:47.015+0000] {taskinstance.py:2073} INFO - Dependencies all met for dep_context=requeueable deps ti=<TaskInstance: etl_for_spotify.hello2 scheduled__2024-04-16T01:42:00+00:00 [queued]>
[2024-04-17T07:29:47.016+0000] {taskinstance.py:2303} INFO - Starting attempt 1 of 2
[2024-04-17T07:29:47.039+0000] {taskinstance.py:2327} INFO - Executing <Task(PythonOperator): hello2> on 2024-04-16 01:42:00+00:00
[2024-04-17T07:29:47.052+0000] {warnings.py:110} WARNING - /home/***/.local/lib/python3.12/site-packages/***/task/task_runner/standard_task_runner.py:61: DeprecationWarning: This process (pid=5708) is multi-threaded, use of fork() may lead to deadlocks in the child.
  pid = os.fork()

[2024-04-17T07:29:47.054+0000] {standard_task_runner.py:63} INFO - Started process 5745 to run task
[2024-04-17T07:29:47.056+0000] {standard_task_runner.py:90} INFO - Running: ['***', 'tasks', 'run', 'etl_for_spotify', 'hello2', 'scheduled__2024-04-16T01:42:00+00:00', '--job-id', '2885', '--raw', '--subdir', 'DAGS_FOLDER/dag.py', '--cfg-path', '/tmp/tmpy6vgki_u']
[2024-04-17T07:29:47.059+0000] {standard_task_runner.py:91} INFO - Job 2885: Subtask hello2
[2024-04-17T07:29:47.134+0000] {task_command.py:426} INFO - Running <TaskInstance: etl_for_spotify.hello2 scheduled__2024-04-16T01:42:00+00:00 [running]> on host 52651c1f9987
[2024-04-17T07:29:47.309+0000] {taskinstance.py:2644} INFO - Exporting env vars: AIRFLOW_CTX_DAG_OWNER='***' AIRFLOW_CTX_DAG_ID='etl_for_spotify' AIRFLOW_CTX_TASK_ID='hello2' AIRFLOW_CTX_EXECUTION_DATE='2024-04-16T01:42:00+00:00' AIRFLOW_CTX_TRY_NUMBER='1' AIRFLOW_CTX_DAG_RUN_ID='scheduled__2024-04-16T01:42:00+00:00'
[2024-04-17T07:29:47.314+0000] {taskinstance.py:430} INFO - ::endgroup::
[2024-04-17T07:29:47.786+0000] {logging_mixin.py:188} INFO - Connection successful
[2024-04-17T07:29:48.263+0000] {logging_mixin.py:188} INFO - Connection successful
[2024-04-17T07:29:48.741+0000] {logging_mixin.py:188} INFO - Connection successful
[2024-04-17T07:29:48.747+0000] {logging_mixin.py:188} INFO - Null Not Found
[2024-04-17T07:29:48.748+0000] {logging_mixin.py:188} INFO - Null Not Found
[2024-04-17T07:29:48.758+0000] {logging_mixin.py:188} INFO - Null Not Found
[2024-04-17T07:29:48.759+0000] {logging_mixin.py:188} INFO - Null Not Found
[2024-04-17T07:29:48.761+0000] {logging_mixin.py:188} INFO - Null Not Found
[2024-04-17T07:29:48.762+0000] {logging_mixin.py:188} INFO - Null Not Found
[2024-04-17T07:29:48.763+0000] {python.py:237} INFO - Done. Returned value was: None
[2024-04-17T07:29:48.764+0000] {taskinstance.py:441} INFO - ::group::Post task execution logs
[2024-04-17T07:29:48.773+0000] {taskinstance.py:1205} INFO - Marking task as SUCCESS. dag_id=etl_for_spotify, task_id=hello2, execution_date=20240416T014200, start_date=20240417T072947, end_date=20240417T072948
[2024-04-17T07:29:48.806+0000] {local_task_job_runner.py:240} INFO - Task exited with return code 0
[2024-04-17T07:29:48.822+0000] {taskinstance.py:3482} INFO - 0 downstream tasks scheduled from follow-on schedule check
[2024-04-17T07:29:48.824+0000] {local_task_job_runner.py:222} INFO - ::endgroup::
