[2024-04-16T09:40:07.061+0000] {local_task_job_runner.py:120} INFO - ::group::Pre task execution logs
[2024-04-16T09:40:07.081+0000] {taskinstance.py:2073} INFO - Dependencies all met for dep_context=non-requeueable deps ti=<TaskInstance: spotify_final_dag.hello2 scheduled__2024-04-16T03:30:00+00:00 [queued]>
[2024-04-16T09:40:07.091+0000] {taskinstance.py:2073} INFO - Dependencies all met for dep_context=requeueable deps ti=<TaskInstance: spotify_final_dag.hello2 scheduled__2024-04-16T03:30:00+00:00 [queued]>
[2024-04-16T09:40:07.092+0000] {taskinstance.py:2303} INFO - Starting attempt 1 of 2
[2024-04-16T09:40:07.179+0000] {taskinstance.py:2327} INFO - Executing <Task(PythonOperator): hello2> on 2024-04-16 03:30:00+00:00
[2024-04-16T09:40:07.190+0000] {warnings.py:110} WARNING - /home/***/.local/lib/python3.12/site-packages/***/task/task_runner/standard_task_runner.py:61: DeprecationWarning: This process (pid=2437) is multi-threaded, use of fork() may lead to deadlocks in the child.
  pid = os.fork()

[2024-04-16T09:40:07.192+0000] {standard_task_runner.py:63} INFO - Started process 2465 to run task
[2024-04-16T09:40:07.192+0000] {standard_task_runner.py:90} INFO - Running: ['***', 'tasks', 'run', 'spotify_final_dag', 'hello2', 'scheduled__2024-04-16T03:30:00+00:00', '--job-id', '542', '--raw', '--subdir', 'DAGS_FOLDER/dag.py', '--cfg-path', '/tmp/tmpoop10oe5']
[2024-04-16T09:40:07.194+0000] {standard_task_runner.py:91} INFO - Job 542: Subtask hello2
[2024-04-16T09:40:07.245+0000] {task_command.py:426} INFO - Running <TaskInstance: spotify_final_dag.hello2 scheduled__2024-04-16T03:30:00+00:00 [running]> on host 52651c1f9987
[2024-04-16T09:40:07.349+0000] {taskinstance.py:2644} INFO - Exporting env vars: AIRFLOW_CTX_DAG_OWNER='***' AIRFLOW_CTX_DAG_ID='spotify_final_dag' AIRFLOW_CTX_TASK_ID='hello2' AIRFLOW_CTX_EXECUTION_DATE='2024-04-16T03:30:00+00:00' AIRFLOW_CTX_TRY_NUMBER='1' AIRFLOW_CTX_DAG_RUN_ID='scheduled__2024-04-16T03:30:00+00:00'
[2024-04-16T09:40:07.350+0000] {taskinstance.py:430} INFO - ::endgroup::
[2024-04-16T09:40:07.785+0000] {logging_mixin.py:188} INFO - Connection successful
[2024-04-16T09:40:08.212+0000] {logging_mixin.py:188} INFO - Connection successful
[2024-04-16T09:40:08.633+0000] {logging_mixin.py:188} INFO - Connection successful
[2024-04-16T09:40:08.636+0000] {logging_mixin.py:188} INFO - Null Not Found
[2024-04-16T09:40:08.637+0000] {logging_mixin.py:188} INFO - Null Not Found
[2024-04-16T09:40:08.646+0000] {logging_mixin.py:188} INFO - Null Not Found
[2024-04-16T09:40:08.646+0000] {logging_mixin.py:188} INFO - Null Not Found
[2024-04-16T09:40:08.647+0000] {logging_mixin.py:188} INFO - Null Not Found
[2024-04-16T09:40:08.648+0000] {logging_mixin.py:188} INFO - Null Not Found
[2024-04-16T09:40:08.649+0000] {python.py:237} INFO - Done. Returned value was: None
[2024-04-16T09:40:08.649+0000] {taskinstance.py:441} INFO - ::group::Post task execution logs
[2024-04-16T09:40:08.656+0000] {taskinstance.py:1205} INFO - Marking task as SUCCESS. dag_id=spotify_final_dag, task_id=hello2, execution_date=20240416T033000, start_date=20240416T094007, end_date=20240416T094008
[2024-04-16T09:40:08.690+0000] {local_task_job_runner.py:240} INFO - Task exited with return code 0
[2024-04-16T09:40:08.703+0000] {taskinstance.py:3482} INFO - 0 downstream tasks scheduled from follow-on schedule check
[2024-04-16T09:40:08.704+0000] {local_task_job_runner.py:222} INFO - ::endgroup::
[2024-04-16T09:47:49.791+0000] {local_task_job_runner.py:120} INFO - ::group::Pre task execution logs
[2024-04-16T09:47:49.810+0000] {taskinstance.py:2073} INFO - Dependencies all met for dep_context=non-requeueable deps ti=<TaskInstance: spotify_final_dag.hello2 scheduled__2024-04-16T03:30:00+00:00 [queued]>
[2024-04-16T09:47:49.817+0000] {taskinstance.py:2073} INFO - Dependencies all met for dep_context=requeueable deps ti=<TaskInstance: spotify_final_dag.hello2 scheduled__2024-04-16T03:30:00+00:00 [queued]>
[2024-04-16T09:47:49.818+0000] {taskinstance.py:2303} INFO - Starting attempt 1 of 2
[2024-04-16T09:47:49.830+0000] {taskinstance.py:2327} INFO - Executing <Task(PythonOperator): hello2> on 2024-04-16 03:30:00+00:00
[2024-04-16T09:47:49.838+0000] {warnings.py:110} WARNING - /home/***/.local/lib/python3.12/site-packages/***/task/task_runner/standard_task_runner.py:61: DeprecationWarning: This process (pid=4402) is multi-threaded, use of fork() may lead to deadlocks in the child.
  pid = os.fork()

[2024-04-16T09:47:49.839+0000] {standard_task_runner.py:63} INFO - Started process 4427 to run task
[2024-04-16T09:47:49.840+0000] {standard_task_runner.py:90} INFO - Running: ['***', 'tasks', 'run', 'spotify_final_dag', 'hello2', 'scheduled__2024-04-16T03:30:00+00:00', '--job-id', '1161', '--raw', '--subdir', 'DAGS_FOLDER/dag.py', '--cfg-path', '/tmp/tmp0z4x0gl5']
[2024-04-16T09:47:49.841+0000] {standard_task_runner.py:91} INFO - Job 1161: Subtask hello2
[2024-04-16T09:47:49.884+0000] {task_command.py:426} INFO - Running <TaskInstance: spotify_final_dag.hello2 scheduled__2024-04-16T03:30:00+00:00 [running]> on host 52651c1f9987
[2024-04-16T09:47:49.973+0000] {taskinstance.py:2644} INFO - Exporting env vars: AIRFLOW_CTX_DAG_OWNER='***' AIRFLOW_CTX_DAG_ID='spotify_final_dag' AIRFLOW_CTX_TASK_ID='hello2' AIRFLOW_CTX_EXECUTION_DATE='2024-04-16T03:30:00+00:00' AIRFLOW_CTX_TRY_NUMBER='1' AIRFLOW_CTX_DAG_RUN_ID='scheduled__2024-04-16T03:30:00+00:00'
[2024-04-16T09:47:49.975+0000] {taskinstance.py:430} INFO - ::endgroup::
[2024-04-16T09:47:50.419+0000] {logging_mixin.py:188} INFO - Connection successful
[2024-04-16T09:47:50.907+0000] {logging_mixin.py:188} INFO - Connection successful
[2024-04-16T09:47:51.290+0000] {logging_mixin.py:188} INFO - Connection successful
[2024-04-16T09:47:51.294+0000] {logging_mixin.py:188} INFO - Null Not Found
[2024-04-16T09:47:51.295+0000] {logging_mixin.py:188} INFO - Null Not Found
[2024-04-16T09:47:51.305+0000] {logging_mixin.py:188} INFO - Null Not Found
[2024-04-16T09:47:51.306+0000] {logging_mixin.py:188} INFO - Null Not Found
[2024-04-16T09:47:51.307+0000] {logging_mixin.py:188} INFO - Null Not Found
[2024-04-16T09:47:51.308+0000] {logging_mixin.py:188} INFO - Null Not Found
[2024-04-16T09:47:51.309+0000] {python.py:237} INFO - Done. Returned value was: None
[2024-04-16T09:47:51.309+0000] {taskinstance.py:441} INFO - ::group::Post task execution logs
[2024-04-16T09:47:51.318+0000] {taskinstance.py:1205} INFO - Marking task as SUCCESS. dag_id=spotify_final_dag, task_id=hello2, execution_date=20240416T033000, start_date=20240416T094749, end_date=20240416T094751
[2024-04-16T09:47:51.337+0000] {local_task_job_runner.py:240} INFO - Task exited with return code 0
[2024-04-16T09:47:51.349+0000] {taskinstance.py:3482} INFO - 0 downstream tasks scheduled from follow-on schedule check
[2024-04-16T09:47:51.351+0000] {local_task_job_runner.py:222} INFO - ::endgroup::
