[2024-04-16T09:38:10.233+0000] {local_task_job_runner.py:120} INFO - ::group::Pre task execution logs
[2024-04-16T09:38:10.256+0000] {taskinstance.py:2073} INFO - Dependencies all met for dep_context=non-requeueable deps ti=<TaskInstance: spotify_final_dag.hello2 scheduled__2024-04-16T00:42:00+00:00 [queued]>
[2024-04-16T09:38:10.265+0000] {taskinstance.py:2073} INFO - Dependencies all met for dep_context=requeueable deps ti=<TaskInstance: spotify_final_dag.hello2 scheduled__2024-04-16T00:42:00+00:00 [queued]>
[2024-04-16T09:38:10.266+0000] {taskinstance.py:2303} INFO - Starting attempt 1 of 2
[2024-04-16T09:38:10.280+0000] {taskinstance.py:2327} INFO - Executing <Task(PythonOperator): hello2> on 2024-04-16 00:42:00+00:00
[2024-04-16T09:38:10.289+0000] {warnings.py:110} WARNING - /home/***/.local/lib/python3.12/site-packages/***/task/task_runner/standard_task_runner.py:61: DeprecationWarning: This process (pid=1405) is multi-threaded, use of fork() may lead to deadlocks in the child.
  pid = os.fork()

[2024-04-16T09:38:10.291+0000] {standard_task_runner.py:63} INFO - Started process 1429 to run task
[2024-04-16T09:38:10.290+0000] {standard_task_runner.py:90} INFO - Running: ['***', 'tasks', 'run', 'spotify_final_dag', 'hello2', 'scheduled__2024-04-16T00:42:00+00:00', '--job-id', '205', '--raw', '--subdir', 'DAGS_FOLDER/dag.py', '--cfg-path', '/tmp/tmp2qky8p7l']
[2024-04-16T09:38:10.292+0000] {standard_task_runner.py:91} INFO - Job 205: Subtask hello2
[2024-04-16T09:38:10.334+0000] {task_command.py:426} INFO - Running <TaskInstance: spotify_final_dag.hello2 scheduled__2024-04-16T00:42:00+00:00 [running]> on host 52651c1f9987
[2024-04-16T09:38:10.477+0000] {taskinstance.py:2644} INFO - Exporting env vars: AIRFLOW_CTX_DAG_OWNER='***' AIRFLOW_CTX_DAG_ID='spotify_final_dag' AIRFLOW_CTX_TASK_ID='hello2' AIRFLOW_CTX_EXECUTION_DATE='2024-04-16T00:42:00+00:00' AIRFLOW_CTX_TRY_NUMBER='1' AIRFLOW_CTX_DAG_RUN_ID='scheduled__2024-04-16T00:42:00+00:00'
[2024-04-16T09:38:10.479+0000] {taskinstance.py:430} INFO - ::endgroup::
[2024-04-16T09:38:10.999+0000] {logging_mixin.py:188} INFO - Connection successful
[2024-04-16T09:38:11.440+0000] {logging_mixin.py:188} INFO - Connection successful
[2024-04-16T09:38:11.843+0000] {logging_mixin.py:188} INFO - Connection successful
[2024-04-16T09:38:11.847+0000] {logging_mixin.py:188} INFO - Null Not Found
[2024-04-16T09:38:11.848+0000] {logging_mixin.py:188} INFO - Null Not Found
[2024-04-16T09:38:11.857+0000] {logging_mixin.py:188} INFO - Null Not Found
[2024-04-16T09:38:11.857+0000] {logging_mixin.py:188} INFO - Null Not Found
[2024-04-16T09:38:11.858+0000] {logging_mixin.py:188} INFO - Null Not Found
[2024-04-16T09:38:11.859+0000] {logging_mixin.py:188} INFO - Null Not Found
[2024-04-16T09:38:11.860+0000] {python.py:237} INFO - Done. Returned value was: None
[2024-04-16T09:38:11.860+0000] {taskinstance.py:441} INFO - ::group::Post task execution logs
[2024-04-16T09:38:11.867+0000] {taskinstance.py:1205} INFO - Marking task as SUCCESS. dag_id=spotify_final_dag, task_id=hello2, execution_date=20240416T004200, start_date=20240416T093810, end_date=20240416T093811
[2024-04-16T09:38:11.909+0000] {local_task_job_runner.py:240} INFO - Task exited with return code 0
[2024-04-16T09:38:11.921+0000] {taskinstance.py:3482} INFO - 0 downstream tasks scheduled from follow-on schedule check
[2024-04-16T09:38:11.923+0000] {local_task_job_runner.py:222} INFO - ::endgroup::
[2024-04-16T09:46:57.600+0000] {local_task_job_runner.py:120} INFO - ::group::Pre task execution logs
[2024-04-16T09:46:57.625+0000] {taskinstance.py:2073} INFO - Dependencies all met for dep_context=non-requeueable deps ti=<TaskInstance: spotify_final_dag.hello2 scheduled__2024-04-16T00:42:00+00:00 [queued]>
[2024-04-16T09:46:57.637+0000] {taskinstance.py:2073} INFO - Dependencies all met for dep_context=requeueable deps ti=<TaskInstance: spotify_final_dag.hello2 scheduled__2024-04-16T00:42:00+00:00 [queued]>
[2024-04-16T09:46:57.638+0000] {taskinstance.py:2303} INFO - Starting attempt 1 of 2
[2024-04-16T09:46:57.652+0000] {taskinstance.py:2327} INFO - Executing <Task(PythonOperator): hello2> on 2024-04-16 00:42:00+00:00
[2024-04-16T09:46:57.663+0000] {warnings.py:110} WARNING - /home/***/.local/lib/python3.12/site-packages/***/task/task_runner/standard_task_runner.py:61: DeprecationWarning: This process (pid=3898) is multi-threaded, use of fork() may lead to deadlocks in the child.
  pid = os.fork()

[2024-04-16T09:46:57.664+0000] {standard_task_runner.py:63} INFO - Started process 3926 to run task
[2024-04-16T09:46:57.665+0000] {standard_task_runner.py:90} INFO - Running: ['***', 'tasks', 'run', 'spotify_final_dag', 'hello2', 'scheduled__2024-04-16T00:42:00+00:00', '--job-id', '998', '--raw', '--subdir', 'DAGS_FOLDER/dag.py', '--cfg-path', '/tmp/tmp82raixt_']
[2024-04-16T09:46:57.667+0000] {standard_task_runner.py:91} INFO - Job 998: Subtask hello2
[2024-04-16T09:46:57.713+0000] {task_command.py:426} INFO - Running <TaskInstance: spotify_final_dag.hello2 scheduled__2024-04-16T00:42:00+00:00 [running]> on host 52651c1f9987
[2024-04-16T09:46:57.804+0000] {taskinstance.py:2644} INFO - Exporting env vars: AIRFLOW_CTX_DAG_OWNER='***' AIRFLOW_CTX_DAG_ID='spotify_final_dag' AIRFLOW_CTX_TASK_ID='hello2' AIRFLOW_CTX_EXECUTION_DATE='2024-04-16T00:42:00+00:00' AIRFLOW_CTX_TRY_NUMBER='1' AIRFLOW_CTX_DAG_RUN_ID='scheduled__2024-04-16T00:42:00+00:00'
[2024-04-16T09:46:57.806+0000] {taskinstance.py:430} INFO - ::endgroup::
[2024-04-16T09:46:58.235+0000] {logging_mixin.py:188} INFO - Connection successful
[2024-04-16T09:46:58.670+0000] {logging_mixin.py:188} INFO - Connection successful
[2024-04-16T09:46:59.174+0000] {logging_mixin.py:188} INFO - Connection successful
[2024-04-16T09:46:59.178+0000] {logging_mixin.py:188} INFO - Null Not Found
[2024-04-16T09:46:59.179+0000] {logging_mixin.py:188} INFO - Null Not Found
[2024-04-16T09:46:59.188+0000] {logging_mixin.py:188} INFO - Null Not Found
[2024-04-16T09:46:59.189+0000] {logging_mixin.py:188} INFO - Null Not Found
[2024-04-16T09:46:59.190+0000] {logging_mixin.py:188} INFO - Null Not Found
[2024-04-16T09:46:59.190+0000] {logging_mixin.py:188} INFO - Null Not Found
[2024-04-16T09:46:59.191+0000] {python.py:237} INFO - Done. Returned value was: None
[2024-04-16T09:46:59.192+0000] {taskinstance.py:441} INFO - ::group::Post task execution logs
[2024-04-16T09:46:59.200+0000] {taskinstance.py:1205} INFO - Marking task as SUCCESS. dag_id=spotify_final_dag, task_id=hello2, execution_date=20240416T004200, start_date=20240416T094657, end_date=20240416T094659
[2024-04-16T09:46:59.243+0000] {local_task_job_runner.py:240} INFO - Task exited with return code 0
[2024-04-16T09:46:59.257+0000] {taskinstance.py:3482} INFO - 0 downstream tasks scheduled from follow-on schedule check
[2024-04-16T09:46:59.259+0000] {local_task_job_runner.py:222} INFO - ::endgroup::
