[2024-04-17T07:38:45.137+0000] {local_task_job_runner.py:120} INFO - ::group::Pre task execution logs
[2024-04-17T07:38:45.178+0000] {taskinstance.py:2073} INFO - Dependencies all met for dep_context=non-requeueable deps ti=<TaskInstance: etl_for_spotify.processes scheduled__2024-04-17T04:32:00+00:00 [queued]>
[2024-04-17T07:38:45.197+0000] {taskinstance.py:2073} INFO - Dependencies all met for dep_context=requeueable deps ti=<TaskInstance: etl_for_spotify.processes scheduled__2024-04-17T04:32:00+00:00 [queued]>
[2024-04-17T07:38:45.198+0000] {taskinstance.py:2303} INFO - Starting attempt 1 of 2
[2024-04-17T07:38:45.231+0000] {taskinstance.py:2327} INFO - Executing <Task(PythonOperator): processes> on 2024-04-17 04:32:00+00:00
[2024-04-17T07:38:45.244+0000] {warnings.py:110} WARNING - /home/***/.local/lib/python3.12/site-packages/***/task/task_runner/standard_task_runner.py:61: DeprecationWarning: This process (pid=10728) is multi-threaded, use of fork() may lead to deadlocks in the child.
  pid = os.fork()

[2024-04-17T07:38:45.246+0000] {standard_task_runner.py:63} INFO - Started process 10756 to run task
[2024-04-17T07:38:45.246+0000] {standard_task_runner.py:90} INFO - Running: ['***', 'tasks', 'run', 'etl_for_spotify', 'processes', 'scheduled__2024-04-17T04:32:00+00:00', '--job-id', '4509', '--raw', '--subdir', 'DAGS_FOLDER/dag.py', '--cfg-path', '/tmp/tmp9q_22708']
[2024-04-17T07:38:45.249+0000] {standard_task_runner.py:91} INFO - Job 4509: Subtask processes
[2024-04-17T07:38:45.304+0000] {task_command.py:426} INFO - Running <TaskInstance: etl_for_spotify.processes scheduled__2024-04-17T04:32:00+00:00 [running]> on host 52651c1f9987
[2024-04-17T07:38:45.410+0000] {taskinstance.py:2644} INFO - Exporting env vars: AIRFLOW_CTX_DAG_OWNER='***' AIRFLOW_CTX_DAG_ID='etl_for_spotify' AIRFLOW_CTX_TASK_ID='processes' AIRFLOW_CTX_EXECUTION_DATE='2024-04-17T04:32:00+00:00' AIRFLOW_CTX_TRY_NUMBER='1' AIRFLOW_CTX_DAG_RUN_ID='scheduled__2024-04-17T04:32:00+00:00'
[2024-04-17T07:38:45.412+0000] {taskinstance.py:430} INFO - ::endgroup::
[2024-04-17T07:38:45.856+0000] {logging_mixin.py:188} INFO - Connection successful
[2024-04-17T07:38:46.540+0000] {logging_mixin.py:188} INFO - Connection successful
[2024-04-17T07:38:47.031+0000] {logging_mixin.py:188} INFO - Connection successful
[2024-04-17T07:38:47.035+0000] {logging_mixin.py:188} INFO - Null Not Found
[2024-04-17T07:38:47.037+0000] {logging_mixin.py:188} INFO - Null Not Found
[2024-04-17T07:38:47.053+0000] {logging_mixin.py:188} INFO - Null Not Found
[2024-04-17T07:38:47.054+0000] {logging_mixin.py:188} INFO - Null Not Found
[2024-04-17T07:38:47.055+0000] {logging_mixin.py:188} INFO - Null Not Found
[2024-04-17T07:38:47.056+0000] {logging_mixin.py:188} INFO - Null Not Found
[2024-04-17T07:38:47.057+0000] {python.py:237} INFO - Done. Returned value was: None
[2024-04-17T07:38:47.058+0000] {taskinstance.py:441} INFO - ::group::Post task execution logs
[2024-04-17T07:38:47.069+0000] {taskinstance.py:1205} INFO - Marking task as SUCCESS. dag_id=etl_for_spotify, task_id=processes, execution_date=20240417T043200, start_date=20240417T073845, end_date=20240417T073847
[2024-04-17T07:38:47.269+0000] {local_task_job_runner.py:240} INFO - Task exited with return code 0
[2024-04-17T07:38:47.285+0000] {taskinstance.py:3482} INFO - 0 downstream tasks scheduled from follow-on schedule check
[2024-04-17T07:38:47.287+0000] {local_task_job_runner.py:222} INFO - ::endgroup::
