[2024-04-17T07:39:36.386+0000] {local_task_job_runner.py:120} INFO - ::group::Pre task execution logs
[2024-04-17T07:39:36.407+0000] {taskinstance.py:2073} INFO - Dependencies all met for dep_context=non-requeueable deps ti=<TaskInstance: etl_for_spotify.processes scheduled__2024-04-17T07:12:00+00:00 [queued]>
[2024-04-17T07:39:36.415+0000] {taskinstance.py:2073} INFO - Dependencies all met for dep_context=requeueable deps ti=<TaskInstance: etl_for_spotify.processes scheduled__2024-04-17T07:12:00+00:00 [queued]>
[2024-04-17T07:39:36.416+0000] {taskinstance.py:2303} INFO - Starting attempt 1 of 2
[2024-04-17T07:39:36.431+0000] {taskinstance.py:2327} INFO - Executing <Task(PythonOperator): processes> on 2024-04-17 07:12:00+00:00
[2024-04-17T07:39:36.441+0000] {warnings.py:110} WARNING - /home/***/.local/lib/python3.12/site-packages/***/task/task_runner/standard_task_runner.py:61: DeprecationWarning: This process (pid=11215) is multi-threaded, use of fork() may lead to deadlocks in the child.
  pid = os.fork()

[2024-04-17T07:39:36.443+0000] {standard_task_runner.py:63} INFO - Started process 11242 to run task
[2024-04-17T07:39:36.443+0000] {standard_task_runner.py:90} INFO - Running: ['***', 'tasks', 'run', 'etl_for_spotify', 'processes', 'scheduled__2024-04-17T07:12:00+00:00', '--job-id', '4668', '--raw', '--subdir', 'DAGS_FOLDER/dag.py', '--cfg-path', '/tmp/tmp39lgm6zl']
[2024-04-17T07:39:36.444+0000] {standard_task_runner.py:91} INFO - Job 4668: Subtask processes
[2024-04-17T07:39:36.496+0000] {task_command.py:426} INFO - Running <TaskInstance: etl_for_spotify.processes scheduled__2024-04-17T07:12:00+00:00 [running]> on host 52651c1f9987
[2024-04-17T07:39:36.604+0000] {taskinstance.py:2644} INFO - Exporting env vars: AIRFLOW_CTX_DAG_OWNER='***' AIRFLOW_CTX_DAG_ID='etl_for_spotify' AIRFLOW_CTX_TASK_ID='processes' AIRFLOW_CTX_EXECUTION_DATE='2024-04-17T07:12:00+00:00' AIRFLOW_CTX_TRY_NUMBER='1' AIRFLOW_CTX_DAG_RUN_ID='scheduled__2024-04-17T07:12:00+00:00'
[2024-04-17T07:39:36.607+0000] {taskinstance.py:430} INFO - ::endgroup::
[2024-04-17T07:39:37.015+0000] {logging_mixin.py:188} INFO - Connection successful
[2024-04-17T07:39:37.520+0000] {logging_mixin.py:188} INFO - Connection successful
[2024-04-17T07:39:37.932+0000] {logging_mixin.py:188} INFO - Connection successful
[2024-04-17T07:39:37.939+0000] {logging_mixin.py:188} INFO - Null Not Found
[2024-04-17T07:39:37.941+0000] {logging_mixin.py:188} INFO - Null Not Found
[2024-04-17T07:39:37.952+0000] {logging_mixin.py:188} INFO - Null Not Found
[2024-04-17T07:39:37.952+0000] {logging_mixin.py:188} INFO - Null Not Found
[2024-04-17T07:39:37.955+0000] {logging_mixin.py:188} INFO - Null Not Found
[2024-04-17T07:39:37.956+0000] {logging_mixin.py:188} INFO - Null Not Found
[2024-04-17T07:39:37.958+0000] {python.py:237} INFO - Done. Returned value was: None
[2024-04-17T07:39:37.959+0000] {taskinstance.py:441} INFO - ::group::Post task execution logs
[2024-04-17T07:39:37.973+0000] {taskinstance.py:1205} INFO - Marking task as SUCCESS. dag_id=etl_for_spotify, task_id=processes, execution_date=20240417T071200, start_date=20240417T073936, end_date=20240417T073937
[2024-04-17T07:39:38.021+0000] {local_task_job_runner.py:240} INFO - Task exited with return code 0
[2024-04-17T07:39:38.039+0000] {taskinstance.py:3482} INFO - 0 downstream tasks scheduled from follow-on schedule check
[2024-04-17T07:39:38.041+0000] {local_task_job_runner.py:222} INFO - ::endgroup::
