[2024-04-16T09:40:17.273+0000] {local_task_job_runner.py:120} INFO - ::group::Pre task execution logs
[2024-04-16T09:40:17.293+0000] {taskinstance.py:2073} INFO - Dependencies all met for dep_context=non-requeueable deps ti=<TaskInstance: spotify_final_dag.hello2 scheduled__2024-04-16T03:46:00+00:00 [queued]>
[2024-04-16T09:40:17.303+0000] {taskinstance.py:2073} INFO - Dependencies all met for dep_context=requeueable deps ti=<TaskInstance: spotify_final_dag.hello2 scheduled__2024-04-16T03:46:00+00:00 [queued]>
[2024-04-16T09:40:17.303+0000] {taskinstance.py:2303} INFO - Starting attempt 1 of 2
[2024-04-16T09:40:17.391+0000] {taskinstance.py:2327} INFO - Executing <Task(PythonOperator): hello2> on 2024-04-16 03:46:00+00:00
[2024-04-16T09:40:17.401+0000] {warnings.py:110} WARNING - /home/***/.local/lib/python3.12/site-packages/***/task/task_runner/standard_task_runner.py:61: DeprecationWarning: This process (pid=2539) is multi-threaded, use of fork() may lead to deadlocks in the child.
  pid = os.fork()

[2024-04-16T09:40:17.403+0000] {standard_task_runner.py:63} INFO - Started process 2568 to run task
[2024-04-16T09:40:17.404+0000] {standard_task_runner.py:90} INFO - Running: ['***', 'tasks', 'run', 'spotify_final_dag', 'hello2', 'scheduled__2024-04-16T03:46:00+00:00', '--job-id', '574', '--raw', '--subdir', 'DAGS_FOLDER/dag.py', '--cfg-path', '/tmp/tmplern_tvc']
[2024-04-16T09:40:17.405+0000] {standard_task_runner.py:91} INFO - Job 574: Subtask hello2
[2024-04-16T09:40:17.464+0000] {task_command.py:426} INFO - Running <TaskInstance: spotify_final_dag.hello2 scheduled__2024-04-16T03:46:00+00:00 [running]> on host 52651c1f9987
[2024-04-16T09:40:17.564+0000] {taskinstance.py:2644} INFO - Exporting env vars: AIRFLOW_CTX_DAG_OWNER='***' AIRFLOW_CTX_DAG_ID='spotify_final_dag' AIRFLOW_CTX_TASK_ID='hello2' AIRFLOW_CTX_EXECUTION_DATE='2024-04-16T03:46:00+00:00' AIRFLOW_CTX_TRY_NUMBER='1' AIRFLOW_CTX_DAG_RUN_ID='scheduled__2024-04-16T03:46:00+00:00'
[2024-04-16T09:40:17.566+0000] {taskinstance.py:430} INFO - ::endgroup::
[2024-04-16T09:40:18.130+0000] {logging_mixin.py:188} INFO - Connection successful
[2024-04-16T09:40:18.555+0000] {logging_mixin.py:188} INFO - Connection successful
[2024-04-16T09:40:18.977+0000] {logging_mixin.py:188} INFO - Connection successful
[2024-04-16T09:40:18.982+0000] {logging_mixin.py:188} INFO - Null Not Found
[2024-04-16T09:40:18.983+0000] {logging_mixin.py:188} INFO - Null Not Found
[2024-04-16T09:40:18.992+0000] {logging_mixin.py:188} INFO - Null Not Found
[2024-04-16T09:40:18.993+0000] {logging_mixin.py:188} INFO - Null Not Found
[2024-04-16T09:40:18.995+0000] {logging_mixin.py:188} INFO - Null Not Found
[2024-04-16T09:40:18.995+0000] {logging_mixin.py:188} INFO - Null Not Found
[2024-04-16T09:40:18.996+0000] {python.py:237} INFO - Done. Returned value was: None
[2024-04-16T09:40:18.997+0000] {taskinstance.py:441} INFO - ::group::Post task execution logs
[2024-04-16T09:40:19.006+0000] {taskinstance.py:1205} INFO - Marking task as SUCCESS. dag_id=spotify_final_dag, task_id=hello2, execution_date=20240416T034600, start_date=20240416T094017, end_date=20240416T094019
[2024-04-16T09:40:19.061+0000] {local_task_job_runner.py:240} INFO - Task exited with return code 0
[2024-04-16T09:40:19.073+0000] {taskinstance.py:3482} INFO - 0 downstream tasks scheduled from follow-on schedule check
[2024-04-16T09:40:19.075+0000] {local_task_job_runner.py:222} INFO - ::endgroup::
[2024-04-16T09:47:58.397+0000] {local_task_job_runner.py:120} INFO - ::group::Pre task execution logs
[2024-04-16T09:47:58.428+0000] {taskinstance.py:2073} INFO - Dependencies all met for dep_context=non-requeueable deps ti=<TaskInstance: spotify_final_dag.hello2 scheduled__2024-04-16T03:46:00+00:00 [queued]>
[2024-04-16T09:47:58.441+0000] {taskinstance.py:2073} INFO - Dependencies all met for dep_context=requeueable deps ti=<TaskInstance: spotify_final_dag.hello2 scheduled__2024-04-16T03:46:00+00:00 [queued]>
[2024-04-16T09:47:58.442+0000] {taskinstance.py:2303} INFO - Starting attempt 1 of 2
[2024-04-16T09:47:58.459+0000] {taskinstance.py:2327} INFO - Executing <Task(PythonOperator): hello2> on 2024-04-16 03:46:00+00:00
[2024-04-16T09:47:58.469+0000] {warnings.py:110} WARNING - /home/***/.local/lib/python3.12/site-packages/***/task/task_runner/standard_task_runner.py:61: DeprecationWarning: This process (pid=4473) is multi-threaded, use of fork() may lead to deadlocks in the child.
  pid = os.fork()

[2024-04-16T09:47:58.471+0000] {standard_task_runner.py:63} INFO - Started process 4505 to run task
[2024-04-16T09:47:58.471+0000] {standard_task_runner.py:90} INFO - Running: ['***', 'tasks', 'run', 'spotify_final_dag', 'hello2', 'scheduled__2024-04-16T03:46:00+00:00', '--job-id', '1185', '--raw', '--subdir', 'DAGS_FOLDER/dag.py', '--cfg-path', '/tmp/tmpdc4_54ag']
[2024-04-16T09:47:58.472+0000] {standard_task_runner.py:91} INFO - Job 1185: Subtask hello2
[2024-04-16T09:47:58.525+0000] {task_command.py:426} INFO - Running <TaskInstance: spotify_final_dag.hello2 scheduled__2024-04-16T03:46:00+00:00 [running]> on host 52651c1f9987
[2024-04-16T09:47:58.639+0000] {taskinstance.py:2644} INFO - Exporting env vars: AIRFLOW_CTX_DAG_OWNER='***' AIRFLOW_CTX_DAG_ID='spotify_final_dag' AIRFLOW_CTX_TASK_ID='hello2' AIRFLOW_CTX_EXECUTION_DATE='2024-04-16T03:46:00+00:00' AIRFLOW_CTX_TRY_NUMBER='1' AIRFLOW_CTX_DAG_RUN_ID='scheduled__2024-04-16T03:46:00+00:00'
[2024-04-16T09:47:58.641+0000] {taskinstance.py:430} INFO - ::endgroup::
[2024-04-16T09:47:59.060+0000] {logging_mixin.py:188} INFO - Connection successful
[2024-04-16T09:47:59.538+0000] {logging_mixin.py:188} INFO - Connection successful
[2024-04-16T09:47:59.928+0000] {logging_mixin.py:188} INFO - Connection successful
[2024-04-16T09:47:59.933+0000] {logging_mixin.py:188} INFO - Null Not Found
[2024-04-16T09:47:59.934+0000] {logging_mixin.py:188} INFO - Null Not Found
[2024-04-16T09:47:59.946+0000] {logging_mixin.py:188} INFO - Null Not Found
[2024-04-16T09:47:59.947+0000] {logging_mixin.py:188} INFO - Null Not Found
[2024-04-16T09:47:59.949+0000] {logging_mixin.py:188} INFO - Null Not Found
[2024-04-16T09:47:59.950+0000] {logging_mixin.py:188} INFO - Null Not Found
[2024-04-16T09:47:59.951+0000] {python.py:237} INFO - Done. Returned value was: None
[2024-04-16T09:47:59.951+0000] {taskinstance.py:441} INFO - ::group::Post task execution logs
[2024-04-16T09:47:59.960+0000] {taskinstance.py:1205} INFO - Marking task as SUCCESS. dag_id=spotify_final_dag, task_id=hello2, execution_date=20240416T034600, start_date=20240416T094758, end_date=20240416T094759
[2024-04-16T09:48:00.014+0000] {local_task_job_runner.py:240} INFO - Task exited with return code 0
[2024-04-16T09:48:00.030+0000] {taskinstance.py:3482} INFO - 0 downstream tasks scheduled from follow-on schedule check
[2024-04-16T09:48:00.032+0000] {local_task_job_runner.py:222} INFO - ::endgroup::
