[2024-04-17T07:29:59.241+0000] {local_task_job_runner.py:120} INFO - ::group::Pre task execution logs
[2024-04-17T07:29:59.257+0000] {taskinstance.py:2073} INFO - Dependencies all met for dep_context=non-requeueable deps ti=<TaskInstance: etl_for_spotify.hello2 scheduled__2024-04-16T02:34:00+00:00 [queued]>
[2024-04-17T07:29:59.267+0000] {taskinstance.py:2073} INFO - Dependencies all met for dep_context=requeueable deps ti=<TaskInstance: etl_for_spotify.hello2 scheduled__2024-04-16T02:34:00+00:00 [queued]>
[2024-04-17T07:29:59.268+0000] {taskinstance.py:2303} INFO - Starting attempt 1 of 2
[2024-04-17T07:29:59.284+0000] {taskinstance.py:2327} INFO - Executing <Task(PythonOperator): hello2> on 2024-04-16 02:34:00+00:00
[2024-04-17T07:29:59.293+0000] {warnings.py:110} WARNING - /home/***/.local/lib/python3.12/site-packages/***/task/task_runner/standard_task_runner.py:61: DeprecationWarning: This process (pid=5845) is multi-threaded, use of fork() may lead to deadlocks in the child.
  pid = os.fork()

[2024-04-17T07:29:59.295+0000] {standard_task_runner.py:63} INFO - Started process 5859 to run task
[2024-04-17T07:29:59.295+0000] {standard_task_runner.py:90} INFO - Running: ['***', 'tasks', 'run', 'etl_for_spotify', 'hello2', 'scheduled__2024-04-16T02:34:00+00:00', '--job-id', '2927', '--raw', '--subdir', 'DAGS_FOLDER/dag.py', '--cfg-path', '/tmp/tmpmelhz1wd']
[2024-04-17T07:29:59.297+0000] {standard_task_runner.py:91} INFO - Job 2927: Subtask hello2
[2024-04-17T07:29:59.346+0000] {task_command.py:426} INFO - Running <TaskInstance: etl_for_spotify.hello2 scheduled__2024-04-16T02:34:00+00:00 [running]> on host 52651c1f9987
[2024-04-17T07:29:59.432+0000] {taskinstance.py:2644} INFO - Exporting env vars: AIRFLOW_CTX_DAG_OWNER='***' AIRFLOW_CTX_DAG_ID='etl_for_spotify' AIRFLOW_CTX_TASK_ID='hello2' AIRFLOW_CTX_EXECUTION_DATE='2024-04-16T02:34:00+00:00' AIRFLOW_CTX_TRY_NUMBER='1' AIRFLOW_CTX_DAG_RUN_ID='scheduled__2024-04-16T02:34:00+00:00'
[2024-04-17T07:29:59.434+0000] {taskinstance.py:430} INFO - ::endgroup::
[2024-04-17T07:29:59.892+0000] {logging_mixin.py:188} INFO - Connection successful
[2024-04-17T07:30:00.480+0000] {logging_mixin.py:188} INFO - Connection successful
[2024-04-17T07:30:00.953+0000] {logging_mixin.py:188} INFO - Connection successful
[2024-04-17T07:30:00.957+0000] {logging_mixin.py:188} INFO - Null Not Found
[2024-04-17T07:30:00.958+0000] {logging_mixin.py:188} INFO - Null Not Found
[2024-04-17T07:30:00.966+0000] {logging_mixin.py:188} INFO - Null Not Found
[2024-04-17T07:30:00.967+0000] {logging_mixin.py:188} INFO - Null Not Found
[2024-04-17T07:30:00.968+0000] {logging_mixin.py:188} INFO - Null Not Found
[2024-04-17T07:30:00.969+0000] {logging_mixin.py:188} INFO - Null Not Found
[2024-04-17T07:30:00.970+0000] {python.py:237} INFO - Done. Returned value was: None
[2024-04-17T07:30:00.970+0000] {taskinstance.py:441} INFO - ::group::Post task execution logs
[2024-04-17T07:30:00.976+0000] {taskinstance.py:1205} INFO - Marking task as SUCCESS. dag_id=etl_for_spotify, task_id=hello2, execution_date=20240416T023400, start_date=20240417T072959, end_date=20240417T073000
[2024-04-17T07:30:00.995+0000] {local_task_job_runner.py:240} INFO - Task exited with return code 0
[2024-04-17T07:30:01.006+0000] {taskinstance.py:3482} INFO - 0 downstream tasks scheduled from follow-on schedule check
[2024-04-17T07:30:01.009+0000] {local_task_job_runner.py:222} INFO - ::endgroup::
