[2024-04-17T07:37:06.585+0000] {local_task_job_runner.py:120} INFO - ::group::Pre task execution logs
[2024-04-17T07:37:06.604+0000] {taskinstance.py:2073} INFO - Dependencies all met for dep_context=non-requeueable deps ti=<TaskInstance: etl_for_spotify.processes scheduled__2024-04-16T23:30:00+00:00 [queued]>
[2024-04-17T07:37:06.616+0000] {taskinstance.py:2073} INFO - Dependencies all met for dep_context=requeueable deps ti=<TaskInstance: etl_for_spotify.processes scheduled__2024-04-16T23:30:00+00:00 [queued]>
[2024-04-17T07:37:06.616+0000] {taskinstance.py:2303} INFO - Starting attempt 1 of 2
[2024-04-17T07:37:06.629+0000] {taskinstance.py:2327} INFO - Executing <Task(PythonOperator): processes> on 2024-04-16 23:30:00+00:00
[2024-04-17T07:37:06.636+0000] {warnings.py:110} WARNING - /home/***/.local/lib/python3.12/site-packages/***/task/task_runner/standard_task_runner.py:61: DeprecationWarning: This process (pid=9776) is multi-threaded, use of fork() may lead to deadlocks in the child.
  pid = os.fork()

[2024-04-17T07:37:06.637+0000] {standard_task_runner.py:63} INFO - Started process 9791 to run task
[2024-04-17T07:37:06.638+0000] {standard_task_runner.py:90} INFO - Running: ['***', 'tasks', 'run', 'etl_for_spotify', 'processes', 'scheduled__2024-04-16T23:30:00+00:00', '--job-id', '4200', '--raw', '--subdir', 'DAGS_FOLDER/dag.py', '--cfg-path', '/tmp/tmpbrrbbk3f']
[2024-04-17T07:37:06.639+0000] {standard_task_runner.py:91} INFO - Job 4200: Subtask processes
[2024-04-17T07:37:06.679+0000] {task_command.py:426} INFO - Running <TaskInstance: etl_for_spotify.processes scheduled__2024-04-16T23:30:00+00:00 [running]> on host 52651c1f9987
[2024-04-17T07:37:06.763+0000] {taskinstance.py:2644} INFO - Exporting env vars: AIRFLOW_CTX_DAG_OWNER='***' AIRFLOW_CTX_DAG_ID='etl_for_spotify' AIRFLOW_CTX_TASK_ID='processes' AIRFLOW_CTX_EXECUTION_DATE='2024-04-16T23:30:00+00:00' AIRFLOW_CTX_TRY_NUMBER='1' AIRFLOW_CTX_DAG_RUN_ID='scheduled__2024-04-16T23:30:00+00:00'
[2024-04-17T07:37:06.764+0000] {taskinstance.py:430} INFO - ::endgroup::
[2024-04-17T07:37:07.364+0000] {logging_mixin.py:188} INFO - Connection successful
[2024-04-17T07:37:07.799+0000] {logging_mixin.py:188} INFO - Connection successful
[2024-04-17T07:37:08.265+0000] {logging_mixin.py:188} INFO - Connection successful
[2024-04-17T07:37:08.269+0000] {logging_mixin.py:188} INFO - Null Not Found
[2024-04-17T07:37:08.270+0000] {logging_mixin.py:188} INFO - Null Not Found
[2024-04-17T07:37:08.278+0000] {logging_mixin.py:188} INFO - Null Not Found
[2024-04-17T07:37:08.279+0000] {logging_mixin.py:188} INFO - Null Not Found
[2024-04-17T07:37:08.280+0000] {logging_mixin.py:188} INFO - Null Not Found
[2024-04-17T07:37:08.280+0000] {logging_mixin.py:188} INFO - Null Not Found
[2024-04-17T07:37:08.281+0000] {python.py:237} INFO - Done. Returned value was: None
[2024-04-17T07:37:08.282+0000] {taskinstance.py:441} INFO - ::group::Post task execution logs
[2024-04-17T07:37:08.288+0000] {taskinstance.py:1205} INFO - Marking task as SUCCESS. dag_id=etl_for_spotify, task_id=processes, execution_date=20240416T233000, start_date=20240417T073706, end_date=20240417T073708
[2024-04-17T07:37:08.336+0000] {local_task_job_runner.py:240} INFO - Task exited with return code 0
[2024-04-17T07:37:08.347+0000] {taskinstance.py:3482} INFO - 0 downstream tasks scheduled from follow-on schedule check
[2024-04-17T07:37:08.349+0000] {local_task_job_runner.py:222} INFO - ::endgroup::
