[2024-04-17T07:30:39.953+0000] {local_task_job_runner.py:120} INFO - ::group::Pre task execution logs
[2024-04-17T07:30:39.979+0000] {taskinstance.py:2073} INFO - Dependencies all met for dep_context=non-requeueable deps ti=<TaskInstance: etl_for_spotify.hello2 scheduled__2024-04-16T04:28:00+00:00 [queued]>
[2024-04-17T07:30:39.991+0000] {taskinstance.py:2073} INFO - Dependencies all met for dep_context=requeueable deps ti=<TaskInstance: etl_for_spotify.hello2 scheduled__2024-04-16T04:28:00+00:00 [queued]>
[2024-04-17T07:30:39.992+0000] {taskinstance.py:2303} INFO - Starting attempt 1 of 2
[2024-04-17T07:30:40.014+0000] {taskinstance.py:2327} INFO - Executing <Task(PythonOperator): hello2> on 2024-04-16 04:28:00+00:00
[2024-04-17T07:30:40.024+0000] {warnings.py:110} WARNING - /home/***/.local/lib/python3.12/site-packages/***/task/task_runner/standard_task_runner.py:61: DeprecationWarning: This process (pid=6206) is multi-threaded, use of fork() may lead to deadlocks in the child.
  pid = os.fork()

[2024-04-17T07:30:40.027+0000] {standard_task_runner.py:63} INFO - Started process 6233 to run task
[2024-04-17T07:30:40.035+0000] {standard_task_runner.py:90} INFO - Running: ['***', 'tasks', 'run', 'etl_for_spotify', 'hello2', 'scheduled__2024-04-16T04:28:00+00:00', '--job-id', '3045', '--raw', '--subdir', 'DAGS_FOLDER/dag.py', '--cfg-path', '/tmp/tmp9gux6ty9']
[2024-04-17T07:30:40.050+0000] {standard_task_runner.py:91} INFO - Job 3045: Subtask hello2
[2024-04-17T07:30:40.131+0000] {task_command.py:426} INFO - Running <TaskInstance: etl_for_spotify.hello2 scheduled__2024-04-16T04:28:00+00:00 [running]> on host 52651c1f9987
[2024-04-17T07:30:40.255+0000] {taskinstance.py:2644} INFO - Exporting env vars: AIRFLOW_CTX_DAG_OWNER='***' AIRFLOW_CTX_DAG_ID='etl_for_spotify' AIRFLOW_CTX_TASK_ID='hello2' AIRFLOW_CTX_EXECUTION_DATE='2024-04-16T04:28:00+00:00' AIRFLOW_CTX_TRY_NUMBER='1' AIRFLOW_CTX_DAG_RUN_ID='scheduled__2024-04-16T04:28:00+00:00'
[2024-04-17T07:30:40.257+0000] {taskinstance.py:430} INFO - ::endgroup::
[2024-04-17T07:30:40.698+0000] {logging_mixin.py:188} INFO - Connection successful
[2024-04-17T07:30:41.238+0000] {logging_mixin.py:188} INFO - Connection successful
[2024-04-17T07:30:42.001+0000] {logging_mixin.py:188} INFO - Connection successful
[2024-04-17T07:30:42.005+0000] {logging_mixin.py:188} INFO - Null Not Found
[2024-04-17T07:30:42.006+0000] {logging_mixin.py:188} INFO - Null Not Found
[2024-04-17T07:30:42.014+0000] {logging_mixin.py:188} INFO - Null Not Found
[2024-04-17T07:30:42.014+0000] {logging_mixin.py:188} INFO - Null Not Found
[2024-04-17T07:30:42.016+0000] {logging_mixin.py:188} INFO - Null Not Found
[2024-04-17T07:30:42.016+0000] {logging_mixin.py:188} INFO - Null Not Found
[2024-04-17T07:30:42.018+0000] {python.py:237} INFO - Done. Returned value was: None
[2024-04-17T07:30:42.018+0000] {taskinstance.py:441} INFO - ::group::Post task execution logs
[2024-04-17T07:30:42.025+0000] {taskinstance.py:1205} INFO - Marking task as SUCCESS. dag_id=etl_for_spotify, task_id=hello2, execution_date=20240416T042800, start_date=20240417T073039, end_date=20240417T073042
[2024-04-17T07:30:42.073+0000] {local_task_job_runner.py:240} INFO - Task exited with return code 0
[2024-04-17T07:30:42.086+0000] {taskinstance.py:3482} INFO - 0 downstream tasks scheduled from follow-on schedule check
[2024-04-17T07:30:42.087+0000] {local_task_job_runner.py:222} INFO - ::endgroup::
