[2024-04-16T09:39:57.271+0000] {local_task_job_runner.py:120} INFO - ::group::Pre task execution logs
[2024-04-16T09:39:57.296+0000] {taskinstance.py:2073} INFO - Dependencies all met for dep_context=non-requeueable deps ti=<TaskInstance: spotify_final_dag.hello2 scheduled__2024-04-16T03:12:00+00:00 [queued]>
[2024-04-16T09:39:57.308+0000] {taskinstance.py:2073} INFO - Dependencies all met for dep_context=requeueable deps ti=<TaskInstance: spotify_final_dag.hello2 scheduled__2024-04-16T03:12:00+00:00 [queued]>
[2024-04-16T09:39:57.309+0000] {taskinstance.py:2303} INFO - Starting attempt 1 of 2
[2024-04-16T09:39:57.327+0000] {taskinstance.py:2327} INFO - Executing <Task(PythonOperator): hello2> on 2024-04-16 03:12:00+00:00
[2024-04-16T09:39:57.339+0000] {warnings.py:110} WARNING - /home/***/.local/lib/python3.12/site-packages/***/task/task_runner/standard_task_runner.py:61: DeprecationWarning: This process (pid=2338) is multi-threaded, use of fork() may lead to deadlocks in the child.
  pid = os.fork()

[2024-04-16T09:39:57.341+0000] {standard_task_runner.py:63} INFO - Started process 2364 to run task
[2024-04-16T09:39:57.341+0000] {standard_task_runner.py:90} INFO - Running: ['***', 'tasks', 'run', 'spotify_final_dag', 'hello2', 'scheduled__2024-04-16T03:12:00+00:00', '--job-id', '509', '--raw', '--subdir', 'DAGS_FOLDER/dag.py', '--cfg-path', '/tmp/tmp1h8qf2f7']
[2024-04-16T09:39:57.343+0000] {standard_task_runner.py:91} INFO - Job 509: Subtask hello2
[2024-04-16T09:39:57.401+0000] {task_command.py:426} INFO - Running <TaskInstance: spotify_final_dag.hello2 scheduled__2024-04-16T03:12:00+00:00 [running]> on host 52651c1f9987
[2024-04-16T09:39:57.502+0000] {taskinstance.py:2644} INFO - Exporting env vars: AIRFLOW_CTX_DAG_OWNER='***' AIRFLOW_CTX_DAG_ID='spotify_final_dag' AIRFLOW_CTX_TASK_ID='hello2' AIRFLOW_CTX_EXECUTION_DATE='2024-04-16T03:12:00+00:00' AIRFLOW_CTX_TRY_NUMBER='1' AIRFLOW_CTX_DAG_RUN_ID='scheduled__2024-04-16T03:12:00+00:00'
[2024-04-16T09:39:57.504+0000] {taskinstance.py:430} INFO - ::endgroup::
[2024-04-16T09:39:57.933+0000] {logging_mixin.py:188} INFO - Connection successful
[2024-04-16T09:39:58.354+0000] {logging_mixin.py:188} INFO - Connection successful
[2024-04-16T09:39:58.800+0000] {logging_mixin.py:188} INFO - Connection successful
[2024-04-16T09:39:58.805+0000] {logging_mixin.py:188} INFO - Null Not Found
[2024-04-16T09:39:58.806+0000] {logging_mixin.py:188} INFO - Null Not Found
[2024-04-16T09:39:58.814+0000] {logging_mixin.py:188} INFO - Null Not Found
[2024-04-16T09:39:58.814+0000] {logging_mixin.py:188} INFO - Null Not Found
[2024-04-16T09:39:58.816+0000] {logging_mixin.py:188} INFO - Null Not Found
[2024-04-16T09:39:58.816+0000] {logging_mixin.py:188} INFO - Null Not Found
[2024-04-16T09:39:58.818+0000] {python.py:237} INFO - Done. Returned value was: None
[2024-04-16T09:39:58.818+0000] {taskinstance.py:441} INFO - ::group::Post task execution logs
[2024-04-16T09:39:58.826+0000] {taskinstance.py:1205} INFO - Marking task as SUCCESS. dag_id=spotify_final_dag, task_id=hello2, execution_date=20240416T031200, start_date=20240416T093957, end_date=20240416T093958
[2024-04-16T09:39:58.879+0000] {local_task_job_runner.py:240} INFO - Task exited with return code 0
[2024-04-16T09:39:58.893+0000] {taskinstance.py:3482} INFO - 0 downstream tasks scheduled from follow-on schedule check
[2024-04-16T09:39:58.894+0000] {local_task_job_runner.py:222} INFO - ::endgroup::
[2024-04-16T09:47:48.480+0000] {local_task_job_runner.py:120} INFO - ::group::Pre task execution logs
[2024-04-16T09:47:48.509+0000] {taskinstance.py:2073} INFO - Dependencies all met for dep_context=non-requeueable deps ti=<TaskInstance: spotify_final_dag.hello2 scheduled__2024-04-16T03:12:00+00:00 [queued]>
[2024-04-16T09:47:48.525+0000] {taskinstance.py:2073} INFO - Dependencies all met for dep_context=requeueable deps ti=<TaskInstance: spotify_final_dag.hello2 scheduled__2024-04-16T03:12:00+00:00 [queued]>
[2024-04-16T09:47:48.527+0000] {taskinstance.py:2303} INFO - Starting attempt 1 of 2
[2024-04-16T09:47:48.558+0000] {taskinstance.py:2327} INFO - Executing <Task(PythonOperator): hello2> on 2024-04-16 03:12:00+00:00
[2024-04-16T09:47:48.571+0000] {warnings.py:110} WARNING - /home/***/.local/lib/python3.12/site-packages/***/task/task_runner/standard_task_runner.py:61: DeprecationWarning: This process (pid=4377) is multi-threaded, use of fork() may lead to deadlocks in the child.
  pid = os.fork()

[2024-04-16T09:47:48.579+0000] {standard_task_runner.py:63} INFO - Started process 4407 to run task
[2024-04-16T09:47:48.586+0000] {standard_task_runner.py:90} INFO - Running: ['***', 'tasks', 'run', 'spotify_final_dag', 'hello2', 'scheduled__2024-04-16T03:12:00+00:00', '--job-id', '1152', '--raw', '--subdir', 'DAGS_FOLDER/dag.py', '--cfg-path', '/tmp/tmpjim3hoa2']
[2024-04-16T09:47:48.588+0000] {standard_task_runner.py:91} INFO - Job 1152: Subtask hello2
[2024-04-16T09:47:48.645+0000] {task_command.py:426} INFO - Running <TaskInstance: spotify_final_dag.hello2 scheduled__2024-04-16T03:12:00+00:00 [running]> on host 52651c1f9987
[2024-04-16T09:47:48.767+0000] {taskinstance.py:2644} INFO - Exporting env vars: AIRFLOW_CTX_DAG_OWNER='***' AIRFLOW_CTX_DAG_ID='spotify_final_dag' AIRFLOW_CTX_TASK_ID='hello2' AIRFLOW_CTX_EXECUTION_DATE='2024-04-16T03:12:00+00:00' AIRFLOW_CTX_TRY_NUMBER='1' AIRFLOW_CTX_DAG_RUN_ID='scheduled__2024-04-16T03:12:00+00:00'
[2024-04-16T09:47:48.768+0000] {taskinstance.py:430} INFO - ::endgroup::
[2024-04-16T09:47:49.211+0000] {logging_mixin.py:188} INFO - Connection successful
[2024-04-16T09:47:49.640+0000] {logging_mixin.py:188} INFO - Connection successful
[2024-04-16T09:47:50.070+0000] {logging_mixin.py:188} INFO - Connection successful
[2024-04-16T09:47:50.074+0000] {logging_mixin.py:188} INFO - Null Not Found
[2024-04-16T09:47:50.075+0000] {logging_mixin.py:188} INFO - Null Not Found
[2024-04-16T09:47:50.085+0000] {logging_mixin.py:188} INFO - Null Not Found
[2024-04-16T09:47:50.086+0000] {logging_mixin.py:188} INFO - Null Not Found
[2024-04-16T09:47:50.087+0000] {logging_mixin.py:188} INFO - Null Not Found
[2024-04-16T09:47:50.088+0000] {logging_mixin.py:188} INFO - Null Not Found
[2024-04-16T09:47:50.089+0000] {python.py:237} INFO - Done. Returned value was: None
[2024-04-16T09:47:50.089+0000] {taskinstance.py:441} INFO - ::group::Post task execution logs
[2024-04-16T09:47:50.098+0000] {taskinstance.py:1205} INFO - Marking task as SUCCESS. dag_id=spotify_final_dag, task_id=hello2, execution_date=20240416T031200, start_date=20240416T094748, end_date=20240416T094750
[2024-04-16T09:47:50.133+0000] {local_task_job_runner.py:240} INFO - Task exited with return code 0
[2024-04-16T09:47:50.146+0000] {taskinstance.py:3482} INFO - 0 downstream tasks scheduled from follow-on schedule check
[2024-04-16T09:47:50.148+0000] {local_task_job_runner.py:222} INFO - ::endgroup::
