[2024-04-16T09:40:29.745+0000] {local_task_job_runner.py:120} INFO - ::group::Pre task execution logs
[2024-04-16T09:40:29.762+0000] {taskinstance.py:2073} INFO - Dependencies all met for dep_context=non-requeueable deps ti=<TaskInstance: spotify_final_dag.hello2 scheduled__2024-04-16T04:08:00+00:00 [queued]>
[2024-04-16T09:40:29.769+0000] {taskinstance.py:2073} INFO - Dependencies all met for dep_context=requeueable deps ti=<TaskInstance: spotify_final_dag.hello2 scheduled__2024-04-16T04:08:00+00:00 [queued]>
[2024-04-16T09:40:29.770+0000] {taskinstance.py:2303} INFO - Starting attempt 1 of 2
[2024-04-16T09:40:29.780+0000] {taskinstance.py:2327} INFO - Executing <Task(PythonOperator): hello2> on 2024-04-16 04:08:00+00:00
[2024-04-16T09:40:29.787+0000] {warnings.py:110} WARNING - /home/***/.local/lib/python3.12/site-packages/***/task/task_runner/standard_task_runner.py:61: DeprecationWarning: This process (pid=2671) is multi-threaded, use of fork() may lead to deadlocks in the child.
  pid = os.fork()

[2024-04-16T09:40:29.789+0000] {standard_task_runner.py:63} INFO - Started process 2674 to run task
[2024-04-16T09:40:29.789+0000] {standard_task_runner.py:90} INFO - Running: ['***', 'tasks', 'run', 'spotify_final_dag', 'hello2', 'scheduled__2024-04-16T04:08:00+00:00', '--job-id', '613', '--raw', '--subdir', 'DAGS_FOLDER/dag.py', '--cfg-path', '/tmp/tmp8d30w3m0']
[2024-04-16T09:40:29.790+0000] {standard_task_runner.py:91} INFO - Job 613: Subtask hello2
[2024-04-16T09:40:29.826+0000] {task_command.py:426} INFO - Running <TaskInstance: spotify_final_dag.hello2 scheduled__2024-04-16T04:08:00+00:00 [running]> on host 52651c1f9987
[2024-04-16T09:40:29.897+0000] {taskinstance.py:2644} INFO - Exporting env vars: AIRFLOW_CTX_DAG_OWNER='***' AIRFLOW_CTX_DAG_ID='spotify_final_dag' AIRFLOW_CTX_TASK_ID='hello2' AIRFLOW_CTX_EXECUTION_DATE='2024-04-16T04:08:00+00:00' AIRFLOW_CTX_TRY_NUMBER='1' AIRFLOW_CTX_DAG_RUN_ID='scheduled__2024-04-16T04:08:00+00:00'
[2024-04-16T09:40:29.898+0000] {taskinstance.py:430} INFO - ::endgroup::
[2024-04-16T09:40:30.357+0000] {logging_mixin.py:188} INFO - Connection successful
[2024-04-16T09:40:30.759+0000] {logging_mixin.py:188} INFO - Connection successful
[2024-04-16T09:40:31.182+0000] {logging_mixin.py:188} INFO - Connection successful
[2024-04-16T09:40:31.186+0000] {logging_mixin.py:188} INFO - Null Not Found
[2024-04-16T09:40:31.187+0000] {logging_mixin.py:188} INFO - Null Not Found
[2024-04-16T09:40:31.196+0000] {logging_mixin.py:188} INFO - Null Not Found
[2024-04-16T09:40:31.197+0000] {logging_mixin.py:188} INFO - Null Not Found
[2024-04-16T09:40:31.198+0000] {logging_mixin.py:188} INFO - Null Not Found
[2024-04-16T09:40:31.198+0000] {logging_mixin.py:188} INFO - Null Not Found
[2024-04-16T09:40:31.199+0000] {python.py:237} INFO - Done. Returned value was: None
[2024-04-16T09:40:31.200+0000] {taskinstance.py:441} INFO - ::group::Post task execution logs
[2024-04-16T09:40:31.207+0000] {taskinstance.py:1205} INFO - Marking task as SUCCESS. dag_id=spotify_final_dag, task_id=hello2, execution_date=20240416T040800, start_date=20240416T094029, end_date=20240416T094031
[2024-04-16T09:40:31.249+0000] {local_task_job_runner.py:240} INFO - Task exited with return code 0
[2024-04-16T09:40:31.267+0000] {taskinstance.py:3482} INFO - 0 downstream tasks scheduled from follow-on schedule check
[2024-04-16T09:40:31.269+0000] {local_task_job_runner.py:222} INFO - ::endgroup::
[2024-04-16T09:48:00.208+0000] {local_task_job_runner.py:120} INFO - ::group::Pre task execution logs
[2024-04-16T09:48:00.229+0000] {taskinstance.py:2073} INFO - Dependencies all met for dep_context=non-requeueable deps ti=<TaskInstance: spotify_final_dag.hello2 scheduled__2024-04-16T04:08:00+00:00 [queued]>
[2024-04-16T09:48:00.237+0000] {taskinstance.py:2073} INFO - Dependencies all met for dep_context=requeueable deps ti=<TaskInstance: spotify_final_dag.hello2 scheduled__2024-04-16T04:08:00+00:00 [queued]>
[2024-04-16T09:48:00.238+0000] {taskinstance.py:2303} INFO - Starting attempt 1 of 2
[2024-04-16T09:48:00.249+0000] {taskinstance.py:2327} INFO - Executing <Task(PythonOperator): hello2> on 2024-04-16 04:08:00+00:00
[2024-04-16T09:48:00.255+0000] {warnings.py:110} WARNING - /home/***/.local/lib/python3.12/site-packages/***/task/task_runner/standard_task_runner.py:61: DeprecationWarning: This process (pid=4513) is multi-threaded, use of fork() may lead to deadlocks in the child.
  pid = os.fork()

[2024-04-16T09:48:00.256+0000] {standard_task_runner.py:63} INFO - Started process 4529 to run task
[2024-04-16T09:48:00.257+0000] {standard_task_runner.py:90} INFO - Running: ['***', 'tasks', 'run', 'spotify_final_dag', 'hello2', 'scheduled__2024-04-16T04:08:00+00:00', '--job-id', '1197', '--raw', '--subdir', 'DAGS_FOLDER/dag.py', '--cfg-path', '/tmp/tmparc935g7']
[2024-04-16T09:48:00.257+0000] {standard_task_runner.py:91} INFO - Job 1197: Subtask hello2
[2024-04-16T09:48:00.298+0000] {task_command.py:426} INFO - Running <TaskInstance: spotify_final_dag.hello2 scheduled__2024-04-16T04:08:00+00:00 [running]> on host 52651c1f9987
[2024-04-16T09:48:00.375+0000] {taskinstance.py:2644} INFO - Exporting env vars: AIRFLOW_CTX_DAG_OWNER='***' AIRFLOW_CTX_DAG_ID='spotify_final_dag' AIRFLOW_CTX_TASK_ID='hello2' AIRFLOW_CTX_EXECUTION_DATE='2024-04-16T04:08:00+00:00' AIRFLOW_CTX_TRY_NUMBER='1' AIRFLOW_CTX_DAG_RUN_ID='scheduled__2024-04-16T04:08:00+00:00'
[2024-04-16T09:48:00.377+0000] {taskinstance.py:430} INFO - ::endgroup::
[2024-04-16T09:48:00.790+0000] {logging_mixin.py:188} INFO - Connection successful
[2024-04-16T09:48:01.229+0000] {logging_mixin.py:188} INFO - Connection successful
[2024-04-16T09:48:01.730+0000] {logging_mixin.py:188} INFO - Connection successful
[2024-04-16T09:48:01.734+0000] {logging_mixin.py:188} INFO - Null Not Found
[2024-04-16T09:48:01.736+0000] {logging_mixin.py:188} INFO - Null Not Found
[2024-04-16T09:48:01.745+0000] {logging_mixin.py:188} INFO - Null Not Found
[2024-04-16T09:48:01.746+0000] {logging_mixin.py:188} INFO - Null Not Found
[2024-04-16T09:48:01.747+0000] {logging_mixin.py:188} INFO - Null Not Found
[2024-04-16T09:48:01.748+0000] {logging_mixin.py:188} INFO - Null Not Found
[2024-04-16T09:48:01.749+0000] {python.py:237} INFO - Done. Returned value was: None
[2024-04-16T09:48:01.750+0000] {taskinstance.py:441} INFO - ::group::Post task execution logs
[2024-04-16T09:48:01.757+0000] {taskinstance.py:1205} INFO - Marking task as SUCCESS. dag_id=spotify_final_dag, task_id=hello2, execution_date=20240416T040800, start_date=20240416T094800, end_date=20240416T094801
[2024-04-16T09:48:01.794+0000] {local_task_job_runner.py:240} INFO - Task exited with return code 0
[2024-04-16T09:48:01.806+0000] {taskinstance.py:3482} INFO - 0 downstream tasks scheduled from follow-on schedule check
[2024-04-16T09:48:01.808+0000] {local_task_job_runner.py:222} INFO - ::endgroup::
