[2024-04-16T09:39:48.189+0000] {local_task_job_runner.py:120} INFO - ::group::Pre task execution logs
[2024-04-16T09:39:48.207+0000] {taskinstance.py:2073} INFO - Dependencies all met for dep_context=non-requeueable deps ti=<TaskInstance: spotify_final_dag.hello2 scheduled__2024-04-16T03:04:00+00:00 [queued]>
[2024-04-16T09:39:48.214+0000] {taskinstance.py:2073} INFO - Dependencies all met for dep_context=requeueable deps ti=<TaskInstance: spotify_final_dag.hello2 scheduled__2024-04-16T03:04:00+00:00 [queued]>
[2024-04-16T09:39:48.214+0000] {taskinstance.py:2303} INFO - Starting attempt 1 of 2
[2024-04-16T09:39:48.226+0000] {taskinstance.py:2327} INFO - Executing <Task(PythonOperator): hello2> on 2024-04-16 03:04:00+00:00
[2024-04-16T09:39:48.234+0000] {warnings.py:110} WARNING - /home/***/.local/lib/python3.12/site-packages/***/task/task_runner/standard_task_runner.py:61: DeprecationWarning: This process (pid=2271) is multi-threaded, use of fork() may lead to deadlocks in the child.
  pid = os.fork()

[2024-04-16T09:39:48.236+0000] {standard_task_runner.py:63} INFO - Started process 2281 to run task
[2024-04-16T09:39:48.237+0000] {standard_task_runner.py:90} INFO - Running: ['***', 'tasks', 'run', 'spotify_final_dag', 'hello2', 'scheduled__2024-04-16T03:04:00+00:00', '--job-id', '485', '--raw', '--subdir', 'DAGS_FOLDER/dag.py', '--cfg-path', '/tmp/tmpp89icfcw']
[2024-04-16T09:39:48.238+0000] {standard_task_runner.py:91} INFO - Job 485: Subtask hello2
[2024-04-16T09:39:48.276+0000] {task_command.py:426} INFO - Running <TaskInstance: spotify_final_dag.hello2 scheduled__2024-04-16T03:04:00+00:00 [running]> on host 52651c1f9987
[2024-04-16T09:39:48.349+0000] {taskinstance.py:2644} INFO - Exporting env vars: AIRFLOW_CTX_DAG_OWNER='***' AIRFLOW_CTX_DAG_ID='spotify_final_dag' AIRFLOW_CTX_TASK_ID='hello2' AIRFLOW_CTX_EXECUTION_DATE='2024-04-16T03:04:00+00:00' AIRFLOW_CTX_TRY_NUMBER='1' AIRFLOW_CTX_DAG_RUN_ID='scheduled__2024-04-16T03:04:00+00:00'
[2024-04-16T09:39:48.350+0000] {taskinstance.py:430} INFO - ::endgroup::
[2024-04-16T09:39:48.732+0000] {logging_mixin.py:188} INFO - Connection successful
[2024-04-16T09:39:49.119+0000] {logging_mixin.py:188} INFO - Connection successful
[2024-04-16T09:39:49.555+0000] {logging_mixin.py:188} INFO - Connection successful
[2024-04-16T09:39:49.559+0000] {logging_mixin.py:188} INFO - Null Not Found
[2024-04-16T09:39:49.561+0000] {logging_mixin.py:188} INFO - Null Not Found
[2024-04-16T09:39:49.569+0000] {logging_mixin.py:188} INFO - Null Not Found
[2024-04-16T09:39:49.569+0000] {logging_mixin.py:188} INFO - Null Not Found
[2024-04-16T09:39:49.570+0000] {logging_mixin.py:188} INFO - Null Not Found
[2024-04-16T09:39:49.571+0000] {logging_mixin.py:188} INFO - Null Not Found
[2024-04-16T09:39:49.572+0000] {python.py:237} INFO - Done. Returned value was: None
[2024-04-16T09:39:49.572+0000] {taskinstance.py:441} INFO - ::group::Post task execution logs
[2024-04-16T09:39:49.578+0000] {taskinstance.py:1205} INFO - Marking task as SUCCESS. dag_id=spotify_final_dag, task_id=hello2, execution_date=20240416T030400, start_date=20240416T093948, end_date=20240416T093949
[2024-04-16T09:39:49.614+0000] {local_task_job_runner.py:240} INFO - Task exited with return code 0
[2024-04-16T09:39:49.625+0000] {taskinstance.py:3482} INFO - 0 downstream tasks scheduled from follow-on schedule check
[2024-04-16T09:39:49.628+0000] {local_task_job_runner.py:222} INFO - ::endgroup::
[2024-04-16T09:47:39.591+0000] {local_task_job_runner.py:120} INFO - ::group::Pre task execution logs
[2024-04-16T09:47:39.613+0000] {taskinstance.py:2073} INFO - Dependencies all met for dep_context=non-requeueable deps ti=<TaskInstance: spotify_final_dag.hello2 scheduled__2024-04-16T03:04:00+00:00 [queued]>
[2024-04-16T09:47:39.623+0000] {taskinstance.py:2073} INFO - Dependencies all met for dep_context=requeueable deps ti=<TaskInstance: spotify_final_dag.hello2 scheduled__2024-04-16T03:04:00+00:00 [queued]>
[2024-04-16T09:47:39.624+0000] {taskinstance.py:2303} INFO - Starting attempt 1 of 2
[2024-04-16T09:47:39.636+0000] {taskinstance.py:2327} INFO - Executing <Task(PythonOperator): hello2> on 2024-04-16 03:04:00+00:00
[2024-04-16T09:47:39.644+0000] {warnings.py:110} WARNING - /home/***/.local/lib/python3.12/site-packages/***/task/task_runner/standard_task_runner.py:61: DeprecationWarning: This process (pid=4310) is multi-threaded, use of fork() may lead to deadlocks in the child.
  pid = os.fork()

[2024-04-16T09:47:39.645+0000] {standard_task_runner.py:63} INFO - Started process 4335 to run task
[2024-04-16T09:47:39.645+0000] {standard_task_runner.py:90} INFO - Running: ['***', 'tasks', 'run', 'spotify_final_dag', 'hello2', 'scheduled__2024-04-16T03:04:00+00:00', '--job-id', '1131', '--raw', '--subdir', 'DAGS_FOLDER/dag.py', '--cfg-path', '/tmp/tmpuh1ug56m']
[2024-04-16T09:47:39.647+0000] {standard_task_runner.py:91} INFO - Job 1131: Subtask hello2
[2024-04-16T09:47:39.693+0000] {task_command.py:426} INFO - Running <TaskInstance: spotify_final_dag.hello2 scheduled__2024-04-16T03:04:00+00:00 [running]> on host 52651c1f9987
[2024-04-16T09:47:39.775+0000] {taskinstance.py:2644} INFO - Exporting env vars: AIRFLOW_CTX_DAG_OWNER='***' AIRFLOW_CTX_DAG_ID='spotify_final_dag' AIRFLOW_CTX_TASK_ID='hello2' AIRFLOW_CTX_EXECUTION_DATE='2024-04-16T03:04:00+00:00' AIRFLOW_CTX_TRY_NUMBER='1' AIRFLOW_CTX_DAG_RUN_ID='scheduled__2024-04-16T03:04:00+00:00'
[2024-04-16T09:47:39.777+0000] {taskinstance.py:430} INFO - ::endgroup::
[2024-04-16T09:47:40.196+0000] {logging_mixin.py:188} INFO - Connection successful
[2024-04-16T09:47:40.663+0000] {logging_mixin.py:188} INFO - Connection successful
[2024-04-16T09:47:41.043+0000] {logging_mixin.py:188} INFO - Connection successful
[2024-04-16T09:47:41.047+0000] {logging_mixin.py:188} INFO - Null Not Found
[2024-04-16T09:47:41.048+0000] {logging_mixin.py:188} INFO - Null Not Found
[2024-04-16T09:47:41.057+0000] {logging_mixin.py:188} INFO - Null Not Found
[2024-04-16T09:47:41.057+0000] {logging_mixin.py:188} INFO - Null Not Found
[2024-04-16T09:47:41.059+0000] {logging_mixin.py:188} INFO - Null Not Found
[2024-04-16T09:47:41.059+0000] {logging_mixin.py:188} INFO - Null Not Found
[2024-04-16T09:47:41.061+0000] {python.py:237} INFO - Done. Returned value was: None
[2024-04-16T09:47:41.061+0000] {taskinstance.py:441} INFO - ::group::Post task execution logs
[2024-04-16T09:47:41.068+0000] {taskinstance.py:1205} INFO - Marking task as SUCCESS. dag_id=spotify_final_dag, task_id=hello2, execution_date=20240416T030400, start_date=20240416T094739, end_date=20240416T094741
[2024-04-16T09:47:41.103+0000] {local_task_job_runner.py:240} INFO - Task exited with return code 0
[2024-04-16T09:47:41.115+0000] {taskinstance.py:3482} INFO - 0 downstream tasks scheduled from follow-on schedule check
[2024-04-16T09:47:41.117+0000] {local_task_job_runner.py:222} INFO - ::endgroup::
