[2024-04-16T09:38:00.063+0000] {local_task_job_runner.py:120} INFO - ::group::Pre task execution logs
[2024-04-16T09:38:00.084+0000] {taskinstance.py:2073} INFO - Dependencies all met for dep_context=non-requeueable deps ti=<TaskInstance: spotify_final_dag.hello2 scheduled__2024-04-16T00:24:00+00:00 [queued]>
[2024-04-16T09:38:00.094+0000] {taskinstance.py:2073} INFO - Dependencies all met for dep_context=requeueable deps ti=<TaskInstance: spotify_final_dag.hello2 scheduled__2024-04-16T00:24:00+00:00 [queued]>
[2024-04-16T09:38:00.094+0000] {taskinstance.py:2303} INFO - Starting attempt 1 of 2
[2024-04-16T09:38:00.108+0000] {taskinstance.py:2327} INFO - Executing <Task(PythonOperator): hello2> on 2024-04-16 00:24:00+00:00
[2024-04-16T09:38:00.118+0000] {warnings.py:110} WARNING - /home/***/.local/lib/python3.12/site-packages/***/task/task_runner/standard_task_runner.py:61: DeprecationWarning: This process (pid=1318) is multi-threaded, use of fork() may lead to deadlocks in the child.
  pid = os.fork()

[2024-04-16T09:38:00.120+0000] {standard_task_runner.py:63} INFO - Started process 1335 to run task
[2024-04-16T09:38:00.120+0000] {standard_task_runner.py:90} INFO - Running: ['***', 'tasks', 'run', 'spotify_final_dag', 'hello2', 'scheduled__2024-04-16T00:24:00+00:00', '--job-id', '173', '--raw', '--subdir', 'DAGS_FOLDER/dag.py', '--cfg-path', '/tmp/tmpie62kbsk']
[2024-04-16T09:38:00.121+0000] {standard_task_runner.py:91} INFO - Job 173: Subtask hello2
[2024-04-16T09:38:00.169+0000] {task_command.py:426} INFO - Running <TaskInstance: spotify_final_dag.hello2 scheduled__2024-04-16T00:24:00+00:00 [running]> on host 52651c1f9987
[2024-04-16T09:38:00.282+0000] {taskinstance.py:2644} INFO - Exporting env vars: AIRFLOW_CTX_DAG_OWNER='***' AIRFLOW_CTX_DAG_ID='spotify_final_dag' AIRFLOW_CTX_TASK_ID='hello2' AIRFLOW_CTX_EXECUTION_DATE='2024-04-16T00:24:00+00:00' AIRFLOW_CTX_TRY_NUMBER='1' AIRFLOW_CTX_DAG_RUN_ID='scheduled__2024-04-16T00:24:00+00:00'
[2024-04-16T09:38:00.283+0000] {taskinstance.py:430} INFO - ::endgroup::
[2024-04-16T09:38:00.747+0000] {logging_mixin.py:188} INFO - Connection successful
[2024-04-16T09:38:01.139+0000] {logging_mixin.py:188} INFO - Connection successful
[2024-04-16T09:38:01.534+0000] {logging_mixin.py:188} INFO - Connection successful
[2024-04-16T09:38:01.538+0000] {logging_mixin.py:188} INFO - Null Not Found
[2024-04-16T09:38:01.539+0000] {logging_mixin.py:188} INFO - Null Not Found
[2024-04-16T09:38:01.547+0000] {logging_mixin.py:188} INFO - Null Not Found
[2024-04-16T09:38:01.548+0000] {logging_mixin.py:188} INFO - Null Not Found
[2024-04-16T09:38:01.549+0000] {logging_mixin.py:188} INFO - Null Not Found
[2024-04-16T09:38:01.550+0000] {logging_mixin.py:188} INFO - Null Not Found
[2024-04-16T09:38:01.551+0000] {python.py:237} INFO - Done. Returned value was: None
[2024-04-16T09:38:01.551+0000] {taskinstance.py:441} INFO - ::group::Post task execution logs
[2024-04-16T09:38:01.558+0000] {taskinstance.py:1205} INFO - Marking task as SUCCESS. dag_id=spotify_final_dag, task_id=hello2, execution_date=20240416T002400, start_date=20240416T093800, end_date=20240416T093801
[2024-04-16T09:38:01.578+0000] {local_task_job_runner.py:240} INFO - Task exited with return code 0
[2024-04-16T09:38:01.589+0000] {taskinstance.py:3482} INFO - 0 downstream tasks scheduled from follow-on schedule check
[2024-04-16T09:38:01.591+0000] {local_task_job_runner.py:222} INFO - ::endgroup::
[2024-04-16T09:44:32.438+0000] {local_task_job_runner.py:120} INFO - ::group::Pre task execution logs
[2024-04-16T09:44:32.461+0000] {taskinstance.py:2073} INFO - Dependencies all met for dep_context=non-requeueable deps ti=<TaskInstance: spotify_final_dag.hello2 scheduled__2024-04-16T00:24:00+00:00 [queued]>
[2024-04-16T09:44:32.469+0000] {taskinstance.py:2073} INFO - Dependencies all met for dep_context=requeueable deps ti=<TaskInstance: spotify_final_dag.hello2 scheduled__2024-04-16T00:24:00+00:00 [queued]>
[2024-04-16T09:44:32.470+0000] {taskinstance.py:2303} INFO - Starting attempt 1 of 2
[2024-04-16T09:44:32.482+0000] {taskinstance.py:2327} INFO - Executing <Task(PythonOperator): hello2> on 2024-04-16 00:24:00+00:00
[2024-04-16T09:44:32.489+0000] {warnings.py:110} WARNING - /home/***/.local/lib/python3.12/site-packages/***/task/task_runner/standard_task_runner.py:61: DeprecationWarning: This process (pid=3649) is multi-threaded, use of fork() may lead to deadlocks in the child.
  pid = os.fork()

[2024-04-16T09:44:32.491+0000] {standard_task_runner.py:63} INFO - Started process 3669 to run task
[2024-04-16T09:44:32.491+0000] {standard_task_runner.py:90} INFO - Running: ['***', 'tasks', 'run', 'spotify_final_dag', 'hello2', 'scheduled__2024-04-16T00:24:00+00:00', '--job-id', '926', '--raw', '--subdir', 'DAGS_FOLDER/dag.py', '--cfg-path', '/tmp/tmpxqk5dziy']
[2024-04-16T09:44:32.492+0000] {standard_task_runner.py:91} INFO - Job 926: Subtask hello2
[2024-04-16T09:44:32.527+0000] {task_command.py:426} INFO - Running <TaskInstance: spotify_final_dag.hello2 scheduled__2024-04-16T00:24:00+00:00 [running]> on host 52651c1f9987
[2024-04-16T09:44:32.589+0000] {taskinstance.py:2644} INFO - Exporting env vars: AIRFLOW_CTX_DAG_OWNER='***' AIRFLOW_CTX_DAG_ID='spotify_final_dag' AIRFLOW_CTX_TASK_ID='hello2' AIRFLOW_CTX_EXECUTION_DATE='2024-04-16T00:24:00+00:00' AIRFLOW_CTX_TRY_NUMBER='1' AIRFLOW_CTX_DAG_RUN_ID='scheduled__2024-04-16T00:24:00+00:00'
[2024-04-16T09:44:32.590+0000] {taskinstance.py:430} INFO - ::endgroup::
[2024-04-16T09:44:36.142+0000] {logging_mixin.py:188} INFO - There was a problem with the connection. Trial number 1, Status Code: 401
[2024-04-16T09:44:39.407+0000] {logging_mixin.py:188} INFO - There was a problem with the connection. Trial number 2, Status Code: 401
[2024-04-16T09:44:39.409+0000] {taskinstance.py:441} INFO - ::group::Post task execution logs
[2024-04-16T09:44:39.410+0000] {taskinstance.py:2890} ERROR - Task failed with exception
Traceback (most recent call last):
  File "/home/airflow/.local/lib/python3.12/site-packages/airflow/models/taskinstance.py", line 465, in _execute_task
    result = _execute_callable(context=context, **execute_callable_kwargs)
             ^^^^^^^^^^^^^^^^^^^^^^^^^^^^^^^^^^^^^^^^^^^^^^^^^^^^^^^^^^^^^
  File "/home/airflow/.local/lib/python3.12/site-packages/airflow/models/taskinstance.py", line 432, in _execute_callable
    return execute_callable(context=context, **execute_callable_kwargs)
           ^^^^^^^^^^^^^^^^^^^^^^^^^^^^^^^^^^^^^^^^^^^^^^^^^^^^^^^^^^^^
  File "/home/airflow/.local/lib/python3.12/site-packages/airflow/models/baseoperator.py", line 400, in wrapper
    return func(self, *args, **kwargs)
           ^^^^^^^^^^^^^^^^^^^^^^^^^^^
  File "/home/airflow/.local/lib/python3.12/site-packages/airflow/operators/python.py", line 235, in execute
    return_value = self.execute_callable()
                   ^^^^^^^^^^^^^^^^^^^^^^^
  File "/home/airflow/.local/lib/python3.12/site-packages/airflow/operators/python.py", line 252, in execute_callable
    return self.python_callable(*self.op_args, **self.op_kwargs)
           ^^^^^^^^^^^^^^^^^^^^^^^^^^^^^^^^^^^^^^^^^^^^^^^^^^^^^
  File "/opt/airflow/dags/get_data.py", line 95, in processes
    album_data = get_album(connection())
                 ^^^^^^^^^^^^^^^^^^^^^^^
  File "/opt/airflow/dags/get_data.py", line 11, in get_album
    for album in data["items"]:
                 ~~~~^^^^^^^^^
TypeError: 'NoneType' object is not subscriptable
[2024-04-16T09:44:39.418+0000] {taskinstance.py:1205} INFO - Marking task as UP_FOR_RETRY. dag_id=spotify_final_dag, task_id=hello2, execution_date=20240416T002400, start_date=20240416T094432, end_date=20240416T094439
[2024-04-16T09:44:39.428+0000] {standard_task_runner.py:110} ERROR - Failed to execute job 926 for task hello2 ('NoneType' object is not subscriptable; 3669)
[2024-04-16T09:44:39.443+0000] {local_task_job_runner.py:240} INFO - Task exited with return code 1
[2024-04-16T09:44:39.453+0000] {taskinstance.py:3482} INFO - 0 downstream tasks scheduled from follow-on schedule check
[2024-04-16T09:44:39.455+0000] {local_task_job_runner.py:222} INFO - ::endgroup::
[2024-04-16T09:46:47.831+0000] {local_task_job_runner.py:120} INFO - ::group::Pre task execution logs
[2024-04-16T09:46:47.849+0000] {taskinstance.py:2073} INFO - Dependencies all met for dep_context=non-requeueable deps ti=<TaskInstance: spotify_final_dag.hello2 scheduled__2024-04-16T00:24:00+00:00 [queued]>
[2024-04-16T09:46:47.856+0000] {taskinstance.py:2073} INFO - Dependencies all met for dep_context=requeueable deps ti=<TaskInstance: spotify_final_dag.hello2 scheduled__2024-04-16T00:24:00+00:00 [queued]>
[2024-04-16T09:46:47.857+0000] {taskinstance.py:2303} INFO - Starting attempt 1 of 2
[2024-04-16T09:46:47.868+0000] {taskinstance.py:2327} INFO - Executing <Task(PythonOperator): hello2> on 2024-04-16 00:24:00+00:00
[2024-04-16T09:46:47.875+0000] {warnings.py:110} WARNING - /home/***/.local/lib/python3.12/site-packages/***/task/task_runner/standard_task_runner.py:61: DeprecationWarning: This process (pid=3825) is multi-threaded, use of fork() may lead to deadlocks in the child.
  pid = os.fork()

[2024-04-16T09:46:47.876+0000] {standard_task_runner.py:63} INFO - Started process 3840 to run task
[2024-04-16T09:46:47.876+0000] {standard_task_runner.py:90} INFO - Running: ['***', 'tasks', 'run', 'spotify_final_dag', 'hello2', 'scheduled__2024-04-16T00:24:00+00:00', '--job-id', '973', '--raw', '--subdir', 'DAGS_FOLDER/dag.py', '--cfg-path', '/tmp/tmpx8j5jndz']
[2024-04-16T09:46:47.877+0000] {standard_task_runner.py:91} INFO - Job 973: Subtask hello2
[2024-04-16T09:46:47.912+0000] {task_command.py:426} INFO - Running <TaskInstance: spotify_final_dag.hello2 scheduled__2024-04-16T00:24:00+00:00 [running]> on host 52651c1f9987
[2024-04-16T09:46:47.979+0000] {taskinstance.py:2644} INFO - Exporting env vars: AIRFLOW_CTX_DAG_OWNER='***' AIRFLOW_CTX_DAG_ID='spotify_final_dag' AIRFLOW_CTX_TASK_ID='hello2' AIRFLOW_CTX_EXECUTION_DATE='2024-04-16T00:24:00+00:00' AIRFLOW_CTX_TRY_NUMBER='1' AIRFLOW_CTX_DAG_RUN_ID='scheduled__2024-04-16T00:24:00+00:00'
[2024-04-16T09:46:47.980+0000] {taskinstance.py:430} INFO - ::endgroup::
[2024-04-16T09:46:48.441+0000] {logging_mixin.py:188} INFO - Connection successful
[2024-04-16T09:46:48.843+0000] {logging_mixin.py:188} INFO - Connection successful
[2024-04-16T09:46:49.281+0000] {logging_mixin.py:188} INFO - Connection successful
[2024-04-16T09:46:49.285+0000] {logging_mixin.py:188} INFO - Null Not Found
[2024-04-16T09:46:49.286+0000] {logging_mixin.py:188} INFO - Null Not Found
[2024-04-16T09:46:49.295+0000] {logging_mixin.py:188} INFO - Null Not Found
[2024-04-16T09:46:49.296+0000] {logging_mixin.py:188} INFO - Null Not Found
[2024-04-16T09:46:49.297+0000] {logging_mixin.py:188} INFO - Null Not Found
[2024-04-16T09:46:49.298+0000] {logging_mixin.py:188} INFO - Null Not Found
[2024-04-16T09:46:49.299+0000] {python.py:237} INFO - Done. Returned value was: None
[2024-04-16T09:46:49.299+0000] {taskinstance.py:441} INFO - ::group::Post task execution logs
[2024-04-16T09:46:49.306+0000] {taskinstance.py:1205} INFO - Marking task as SUCCESS. dag_id=spotify_final_dag, task_id=hello2, execution_date=20240416T002400, start_date=20240416T094647, end_date=20240416T094649
[2024-04-16T09:46:49.333+0000] {local_task_job_runner.py:240} INFO - Task exited with return code 0
[2024-04-16T09:46:49.345+0000] {taskinstance.py:3482} INFO - 0 downstream tasks scheduled from follow-on schedule check
[2024-04-16T09:46:49.347+0000] {local_task_job_runner.py:222} INFO - ::endgroup::
