[2024-04-16T09:41:15.963+0000] {local_task_job_runner.py:120} INFO - ::group::Pre task execution logs
[2024-04-16T09:41:15.994+0000] {taskinstance.py:2073} INFO - Dependencies all met for dep_context=non-requeueable deps ti=<TaskInstance: spotify_final_dag.hello2 scheduled__2024-04-16T05:14:00+00:00 [queued]>
[2024-04-16T09:41:16.014+0000] {taskinstance.py:2073} INFO - Dependencies all met for dep_context=requeueable deps ti=<TaskInstance: spotify_final_dag.hello2 scheduled__2024-04-16T05:14:00+00:00 [queued]>
[2024-04-16T09:41:16.016+0000] {taskinstance.py:2303} INFO - Starting attempt 1 of 2
[2024-04-16T09:41:16.045+0000] {taskinstance.py:2327} INFO - Executing <Task(PythonOperator): hello2> on 2024-04-16 05:14:00+00:00
[2024-04-16T09:41:16.057+0000] {warnings.py:110} WARNING - /home/***/.local/lib/python3.12/site-packages/***/task/task_runner/standard_task_runner.py:61: DeprecationWarning: This process (pid=3102) is multi-threaded, use of fork() may lead to deadlocks in the child.
  pid = os.fork()

[2024-04-16T09:41:16.058+0000] {standard_task_runner.py:63} INFO - Started process 3131 to run task
[2024-04-16T09:41:16.059+0000] {standard_task_runner.py:90} INFO - Running: ['***', 'tasks', 'run', 'spotify_final_dag', 'hello2', 'scheduled__2024-04-16T05:14:00+00:00', '--job-id', '757', '--raw', '--subdir', 'DAGS_FOLDER/dag.py', '--cfg-path', '/tmp/tmp50v_nuf4']
[2024-04-16T09:41:16.061+0000] {standard_task_runner.py:91} INFO - Job 757: Subtask hello2
[2024-04-16T09:41:16.127+0000] {task_command.py:426} INFO - Running <TaskInstance: spotify_final_dag.hello2 scheduled__2024-04-16T05:14:00+00:00 [running]> on host 52651c1f9987
[2024-04-16T09:41:16.249+0000] {taskinstance.py:2644} INFO - Exporting env vars: AIRFLOW_CTX_DAG_OWNER='***' AIRFLOW_CTX_DAG_ID='spotify_final_dag' AIRFLOW_CTX_TASK_ID='hello2' AIRFLOW_CTX_EXECUTION_DATE='2024-04-16T05:14:00+00:00' AIRFLOW_CTX_TRY_NUMBER='1' AIRFLOW_CTX_DAG_RUN_ID='scheduled__2024-04-16T05:14:00+00:00'
[2024-04-16T09:41:16.251+0000] {taskinstance.py:430} INFO - ::endgroup::
[2024-04-16T09:41:16.716+0000] {logging_mixin.py:188} INFO - Connection successful
[2024-04-16T09:41:17.153+0000] {logging_mixin.py:188} INFO - Connection successful
[2024-04-16T09:41:17.638+0000] {logging_mixin.py:188} INFO - Connection successful
[2024-04-16T09:41:17.642+0000] {logging_mixin.py:188} INFO - Null Not Found
[2024-04-16T09:41:17.644+0000] {logging_mixin.py:188} INFO - Null Not Found
[2024-04-16T09:41:17.653+0000] {logging_mixin.py:188} INFO - Null Not Found
[2024-04-16T09:41:17.654+0000] {logging_mixin.py:188} INFO - Null Not Found
[2024-04-16T09:41:17.656+0000] {logging_mixin.py:188} INFO - Null Not Found
[2024-04-16T09:41:17.656+0000] {logging_mixin.py:188} INFO - Null Not Found
[2024-04-16T09:41:17.657+0000] {python.py:237} INFO - Done. Returned value was: None
[2024-04-16T09:41:17.658+0000] {taskinstance.py:441} INFO - ::group::Post task execution logs
[2024-04-16T09:41:17.666+0000] {taskinstance.py:1205} INFO - Marking task as SUCCESS. dag_id=spotify_final_dag, task_id=hello2, execution_date=20240416T051400, start_date=20240416T094115, end_date=20240416T094117
[2024-04-16T09:41:17.724+0000] {local_task_job_runner.py:240} INFO - Task exited with return code 0
[2024-04-16T09:41:17.736+0000] {taskinstance.py:3482} INFO - 0 downstream tasks scheduled from follow-on schedule check
[2024-04-16T09:41:17.737+0000] {local_task_job_runner.py:222} INFO - ::endgroup::
[2024-04-16T09:48:20.609+0000] {local_task_job_runner.py:120} INFO - ::group::Pre task execution logs
[2024-04-16T09:48:20.628+0000] {taskinstance.py:2073} INFO - Dependencies all met for dep_context=non-requeueable deps ti=<TaskInstance: spotify_final_dag.hello2 scheduled__2024-04-16T05:14:00+00:00 [queued]>
[2024-04-16T09:48:20.637+0000] {taskinstance.py:2073} INFO - Dependencies all met for dep_context=requeueable deps ti=<TaskInstance: spotify_final_dag.hello2 scheduled__2024-04-16T05:14:00+00:00 [queued]>
[2024-04-16T09:48:20.637+0000] {taskinstance.py:2303} INFO - Starting attempt 1 of 2
[2024-04-16T09:48:20.652+0000] {taskinstance.py:2327} INFO - Executing <Task(PythonOperator): hello2> on 2024-04-16 05:14:00+00:00
[2024-04-16T09:48:20.660+0000] {warnings.py:110} WARNING - /home/***/.local/lib/python3.12/site-packages/***/task/task_runner/standard_task_runner.py:61: DeprecationWarning: This process (pid=4713) is multi-threaded, use of fork() may lead to deadlocks in the child.
  pid = os.fork()

[2024-04-16T09:48:20.661+0000] {standard_task_runner.py:63} INFO - Started process 4729 to run task
[2024-04-16T09:48:20.662+0000] {standard_task_runner.py:90} INFO - Running: ['***', 'tasks', 'run', 'spotify_final_dag', 'hello2', 'scheduled__2024-04-16T05:14:00+00:00', '--job-id', '1262', '--raw', '--subdir', 'DAGS_FOLDER/dag.py', '--cfg-path', '/tmp/tmpt7svfkqf']
[2024-04-16T09:48:20.663+0000] {standard_task_runner.py:91} INFO - Job 1262: Subtask hello2
[2024-04-16T09:48:20.705+0000] {task_command.py:426} INFO - Running <TaskInstance: spotify_final_dag.hello2 scheduled__2024-04-16T05:14:00+00:00 [running]> on host 52651c1f9987
[2024-04-16T09:48:20.783+0000] {taskinstance.py:2644} INFO - Exporting env vars: AIRFLOW_CTX_DAG_OWNER='***' AIRFLOW_CTX_DAG_ID='spotify_final_dag' AIRFLOW_CTX_TASK_ID='hello2' AIRFLOW_CTX_EXECUTION_DATE='2024-04-16T05:14:00+00:00' AIRFLOW_CTX_TRY_NUMBER='1' AIRFLOW_CTX_DAG_RUN_ID='scheduled__2024-04-16T05:14:00+00:00'
[2024-04-16T09:48:20.785+0000] {taskinstance.py:430} INFO - ::endgroup::
[2024-04-16T09:48:21.229+0000] {logging_mixin.py:188} INFO - Connection successful
[2024-04-16T09:48:21.628+0000] {logging_mixin.py:188} INFO - Connection successful
[2024-04-16T09:48:22.089+0000] {logging_mixin.py:188} INFO - Connection successful
[2024-04-16T09:48:22.093+0000] {logging_mixin.py:188} INFO - Null Not Found
[2024-04-16T09:48:22.094+0000] {logging_mixin.py:188} INFO - Null Not Found
[2024-04-16T09:48:22.102+0000] {logging_mixin.py:188} INFO - Null Not Found
[2024-04-16T09:48:22.103+0000] {logging_mixin.py:188} INFO - Null Not Found
[2024-04-16T09:48:22.104+0000] {logging_mixin.py:188} INFO - Null Not Found
[2024-04-16T09:48:22.104+0000] {logging_mixin.py:188} INFO - Null Not Found
[2024-04-16T09:48:22.105+0000] {python.py:237} INFO - Done. Returned value was: None
[2024-04-16T09:48:22.106+0000] {taskinstance.py:441} INFO - ::group::Post task execution logs
[2024-04-16T09:48:22.112+0000] {taskinstance.py:1205} INFO - Marking task as SUCCESS. dag_id=spotify_final_dag, task_id=hello2, execution_date=20240416T051400, start_date=20240416T094820, end_date=20240416T094822
[2024-04-16T09:48:22.161+0000] {local_task_job_runner.py:240} INFO - Task exited with return code 0
[2024-04-16T09:48:22.181+0000] {taskinstance.py:3482} INFO - 0 downstream tasks scheduled from follow-on schedule check
[2024-04-16T09:48:22.182+0000] {local_task_job_runner.py:222} INFO - ::endgroup::
