[2024-04-16T08:57:04.308+0000] {local_task_job_runner.py:120} INFO - ::group::Pre task execution logs
[2024-04-16T08:57:04.332+0000] {taskinstance.py:2073} INFO - Dependencies all met for dep_context=non-requeueable deps ti=<TaskInstance: spotify_final_dag.hello2 scheduled__2024-04-16T01:40:00+00:00 [queued]>
[2024-04-16T08:57:04.342+0000] {taskinstance.py:2073} INFO - Dependencies all met for dep_context=requeueable deps ti=<TaskInstance: spotify_final_dag.hello2 scheduled__2024-04-16T01:40:00+00:00 [queued]>
[2024-04-16T08:57:04.343+0000] {taskinstance.py:2303} INFO - Starting attempt 1 of 2
[2024-04-16T08:57:04.361+0000] {taskinstance.py:2327} INFO - Executing <Task(PythonOperator): hello2> on 2024-04-16 01:40:00+00:00
[2024-04-16T08:57:04.370+0000] {warnings.py:110} WARNING - /home/***/.local/lib/python3.12/site-packages/***/task/task_runner/standard_task_runner.py:61: DeprecationWarning: This process (pid=422) is multi-threaded, use of fork() may lead to deadlocks in the child.
  pid = os.fork()

[2024-04-16T08:57:04.371+0000] {standard_task_runner.py:63} INFO - Started process 445 to run task
[2024-04-16T08:57:04.374+0000] {standard_task_runner.py:90} INFO - Running: ['***', 'tasks', 'run', 'spotify_final_dag', 'hello2', 'scheduled__2024-04-16T01:40:00+00:00', '--job-id', '58', '--raw', '--subdir', 'DAGS_FOLDER/dag.py', '--cfg-path', '/tmp/tmp931eyczl']
[2024-04-16T08:57:04.376+0000] {standard_task_runner.py:91} INFO - Job 58: Subtask hello2
[2024-04-16T08:57:04.423+0000] {task_command.py:426} INFO - Running <TaskInstance: spotify_final_dag.hello2 scheduled__2024-04-16T01:40:00+00:00 [running]> on host 52651c1f9987
[2024-04-16T08:57:04.513+0000] {taskinstance.py:2644} INFO - Exporting env vars: AIRFLOW_CTX_DAG_OWNER='***' AIRFLOW_CTX_DAG_ID='spotify_final_dag' AIRFLOW_CTX_TASK_ID='hello2' AIRFLOW_CTX_EXECUTION_DATE='2024-04-16T01:40:00+00:00' AIRFLOW_CTX_TRY_NUMBER='1' AIRFLOW_CTX_DAG_RUN_ID='scheduled__2024-04-16T01:40:00+00:00'
[2024-04-16T08:57:04.515+0000] {taskinstance.py:430} INFO - ::endgroup::
[2024-04-16T08:57:04.924+0000] {logging_mixin.py:188} INFO - Connection successful
[2024-04-16T08:57:05.357+0000] {logging_mixin.py:188} INFO - Connection successful
[2024-04-16T08:57:05.767+0000] {logging_mixin.py:188} INFO - Connection successful
[2024-04-16T08:57:05.770+0000] {logging_mixin.py:188} INFO - Null Not Found
[2024-04-16T08:57:05.772+0000] {logging_mixin.py:188} INFO - Null Not Found
[2024-04-16T08:57:05.786+0000] {logging_mixin.py:188} INFO - Null Not Found
[2024-04-16T08:57:05.787+0000] {logging_mixin.py:188} INFO - Null Not Found
[2024-04-16T08:57:05.788+0000] {logging_mixin.py:188} INFO - Null Not Found
[2024-04-16T08:57:05.789+0000] {logging_mixin.py:188} INFO - Null Not Found
[2024-04-16T08:57:05.790+0000] {python.py:237} INFO - Done. Returned value was: None
[2024-04-16T08:57:05.790+0000] {taskinstance.py:441} INFO - ::group::Post task execution logs
[2024-04-16T08:57:05.796+0000] {taskinstance.py:1205} INFO - Marking task as SUCCESS. dag_id=spotify_final_dag, task_id=hello2, execution_date=20240416T014000, start_date=20240416T085704, end_date=20240416T085705
[2024-04-16T08:57:05.833+0000] {local_task_job_runner.py:240} INFO - Task exited with return code 0
[2024-04-16T08:57:05.848+0000] {taskinstance.py:3482} INFO - 0 downstream tasks scheduled from follow-on schedule check
[2024-04-16T08:57:05.850+0000] {local_task_job_runner.py:222} INFO - ::endgroup::
[2024-04-16T09:21:42.676+0000] {local_task_job_runner.py:120} INFO - ::group::Pre task execution logs
[2024-04-16T09:21:42.717+0000] {taskinstance.py:2073} INFO - Dependencies all met for dep_context=non-requeueable deps ti=<TaskInstance: spotify_final_dag.hello2 scheduled__2024-04-16T01:40:00+00:00 [queued]>
[2024-04-16T09:21:42.735+0000] {taskinstance.py:2073} INFO - Dependencies all met for dep_context=requeueable deps ti=<TaskInstance: spotify_final_dag.hello2 scheduled__2024-04-16T01:40:00+00:00 [queued]>
[2024-04-16T09:21:42.735+0000] {taskinstance.py:2303} INFO - Starting attempt 1 of 2
[2024-04-16T09:21:42.769+0000] {taskinstance.py:2327} INFO - Executing <Task(PythonOperator): hello2> on 2024-04-16 01:40:00+00:00
[2024-04-16T09:21:42.784+0000] {warnings.py:110} WARNING - /home/***/.local/lib/python3.12/site-packages/***/task/task_runner/standard_task_runner.py:61: DeprecationWarning: This process (pid=837) is multi-threaded, use of fork() may lead to deadlocks in the child.
  pid = os.fork()

[2024-04-16T09:21:42.788+0000] {standard_task_runner.py:63} INFO - Started process 858 to run task
[2024-04-16T09:21:42.789+0000] {standard_task_runner.py:90} INFO - Running: ['***', 'tasks', 'run', 'spotify_final_dag', 'hello2', 'scheduled__2024-04-16T01:40:00+00:00', '--job-id', '83', '--raw', '--subdir', 'DAGS_FOLDER/dag.py', '--cfg-path', '/tmp/tmpdgnzyd1o']
[2024-04-16T09:21:42.792+0000] {standard_task_runner.py:91} INFO - Job 83: Subtask hello2
[2024-04-16T09:21:42.875+0000] {task_command.py:426} INFO - Running <TaskInstance: spotify_final_dag.hello2 scheduled__2024-04-16T01:40:00+00:00 [running]> on host 52651c1f9987
[2024-04-16T09:21:43.000+0000] {taskinstance.py:2644} INFO - Exporting env vars: AIRFLOW_CTX_DAG_OWNER='***' AIRFLOW_CTX_DAG_ID='spotify_final_dag' AIRFLOW_CTX_TASK_ID='hello2' AIRFLOW_CTX_EXECUTION_DATE='2024-04-16T01:40:00+00:00' AIRFLOW_CTX_TRY_NUMBER='1' AIRFLOW_CTX_DAG_RUN_ID='scheduled__2024-04-16T01:40:00+00:00'
[2024-04-16T09:21:43.003+0000] {taskinstance.py:430} INFO - ::endgroup::
[2024-04-16T09:21:43.428+0000] {logging_mixin.py:188} INFO - Connection successful
[2024-04-16T09:21:43.854+0000] {logging_mixin.py:188} INFO - Connection successful
[2024-04-16T09:21:44.270+0000] {logging_mixin.py:188} INFO - Connection successful
[2024-04-16T09:21:44.274+0000] {logging_mixin.py:188} INFO - Null Not Found
[2024-04-16T09:21:44.276+0000] {logging_mixin.py:188} INFO - Null Not Found
[2024-04-16T09:21:44.288+0000] {logging_mixin.py:188} INFO - Null Not Found
[2024-04-16T09:21:44.289+0000] {logging_mixin.py:188} INFO - Null Not Found
[2024-04-16T09:21:44.290+0000] {logging_mixin.py:188} INFO - Null Not Found
[2024-04-16T09:21:44.291+0000] {logging_mixin.py:188} INFO - Null Not Found
[2024-04-16T09:21:44.292+0000] {python.py:237} INFO - Done. Returned value was: None
[2024-04-16T09:21:44.293+0000] {taskinstance.py:441} INFO - ::group::Post task execution logs
[2024-04-16T09:21:44.302+0000] {taskinstance.py:1205} INFO - Marking task as SUCCESS. dag_id=spotify_final_dag, task_id=hello2, execution_date=20240416T014000, start_date=20240416T092142, end_date=20240416T092144
[2024-04-16T09:21:44.327+0000] {local_task_job_runner.py:240} INFO - Task exited with return code 0
[2024-04-16T09:21:44.342+0000] {taskinstance.py:3482} INFO - 0 downstream tasks scheduled from follow-on schedule check
[2024-04-16T09:21:44.345+0000] {local_task_job_runner.py:222} INFO - ::endgroup::
[2024-04-16T09:32:57.302+0000] {local_task_job_runner.py:120} INFO - ::group::Pre task execution logs
[2024-04-16T09:32:57.321+0000] {taskinstance.py:2073} INFO - Dependencies all met for dep_context=non-requeueable deps ti=<TaskInstance: spotify_final_dag.hello2 scheduled__2024-04-16T01:40:00+00:00 [queued]>
[2024-04-16T09:32:57.329+0000] {taskinstance.py:2073} INFO - Dependencies all met for dep_context=requeueable deps ti=<TaskInstance: spotify_final_dag.hello2 scheduled__2024-04-16T01:40:00+00:00 [queued]>
[2024-04-16T09:32:57.330+0000] {taskinstance.py:2303} INFO - Starting attempt 1 of 2
[2024-04-16T09:32:57.341+0000] {taskinstance.py:2327} INFO - Executing <Task(PythonOperator): hello2> on 2024-04-16 01:40:00+00:00
[2024-04-16T09:32:57.348+0000] {warnings.py:110} WARNING - /home/***/.local/lib/python3.12/site-packages/***/task/task_runner/standard_task_runner.py:61: DeprecationWarning: This process (pid=1047) is multi-threaded, use of fork() may lead to deadlocks in the child.
  pid = os.fork()

[2024-04-16T09:32:57.350+0000] {standard_task_runner.py:63} INFO - Started process 1060 to run task
[2024-04-16T09:32:57.350+0000] {standard_task_runner.py:90} INFO - Running: ['***', 'tasks', 'run', 'spotify_final_dag', 'hello2', 'scheduled__2024-04-16T01:40:00+00:00', '--job-id', '108', '--raw', '--subdir', 'DAGS_FOLDER/dag.py', '--cfg-path', '/tmp/tmpa3ao97ov']
[2024-04-16T09:32:57.351+0000] {standard_task_runner.py:91} INFO - Job 108: Subtask hello2
[2024-04-16T09:32:57.387+0000] {task_command.py:426} INFO - Running <TaskInstance: spotify_final_dag.hello2 scheduled__2024-04-16T01:40:00+00:00 [running]> on host 52651c1f9987
[2024-04-16T09:32:57.452+0000] {taskinstance.py:2644} INFO - Exporting env vars: AIRFLOW_CTX_DAG_OWNER='***' AIRFLOW_CTX_DAG_ID='spotify_final_dag' AIRFLOW_CTX_TASK_ID='hello2' AIRFLOW_CTX_EXECUTION_DATE='2024-04-16T01:40:00+00:00' AIRFLOW_CTX_TRY_NUMBER='1' AIRFLOW_CTX_DAG_RUN_ID='scheduled__2024-04-16T01:40:00+00:00'
[2024-04-16T09:32:57.454+0000] {taskinstance.py:430} INFO - ::endgroup::
[2024-04-16T09:32:57.959+0000] {logging_mixin.py:188} INFO - Connection successful
[2024-04-16T09:32:58.378+0000] {logging_mixin.py:188} INFO - Connection successful
[2024-04-16T09:32:58.849+0000] {logging_mixin.py:188} INFO - Connection successful
[2024-04-16T09:32:58.854+0000] {logging_mixin.py:188} INFO - Null Not Found
[2024-04-16T09:32:58.855+0000] {logging_mixin.py:188} INFO - Null Not Found
[2024-04-16T09:32:58.869+0000] {logging_mixin.py:188} INFO - Null Not Found
[2024-04-16T09:32:58.870+0000] {logging_mixin.py:188} INFO - Null Not Found
[2024-04-16T09:32:58.872+0000] {logging_mixin.py:188} INFO - Null Not Found
[2024-04-16T09:32:58.873+0000] {logging_mixin.py:188} INFO - Null Not Found
[2024-04-16T09:32:58.875+0000] {python.py:237} INFO - Done. Returned value was: None
[2024-04-16T09:32:58.876+0000] {taskinstance.py:441} INFO - ::group::Post task execution logs
[2024-04-16T09:32:58.885+0000] {taskinstance.py:1205} INFO - Marking task as SUCCESS. dag_id=spotify_final_dag, task_id=hello2, execution_date=20240416T014000, start_date=20240416T093257, end_date=20240416T093258
[2024-04-16T09:32:58.929+0000] {local_task_job_runner.py:240} INFO - Task exited with return code 0
[2024-04-16T09:32:58.946+0000] {taskinstance.py:3482} INFO - 0 downstream tasks scheduled from follow-on schedule check
[2024-04-16T09:32:58.948+0000] {local_task_job_runner.py:222} INFO - ::endgroup::
[2024-04-16T09:38:51.426+0000] {local_task_job_runner.py:120} INFO - ::group::Pre task execution logs
[2024-04-16T09:38:51.454+0000] {taskinstance.py:2073} INFO - Dependencies all met for dep_context=non-requeueable deps ti=<TaskInstance: spotify_final_dag.hello2 scheduled__2024-04-16T01:40:00+00:00 [queued]>
[2024-04-16T09:38:51.465+0000] {taskinstance.py:2073} INFO - Dependencies all met for dep_context=requeueable deps ti=<TaskInstance: spotify_final_dag.hello2 scheduled__2024-04-16T01:40:00+00:00 [queued]>
[2024-04-16T09:38:51.466+0000] {taskinstance.py:2303} INFO - Starting attempt 1 of 2
[2024-04-16T09:38:51.483+0000] {taskinstance.py:2327} INFO - Executing <Task(PythonOperator): hello2> on 2024-04-16 01:40:00+00:00
[2024-04-16T09:38:51.495+0000] {warnings.py:110} WARNING - /home/***/.local/lib/python3.12/site-packages/***/task/task_runner/standard_task_runner.py:61: DeprecationWarning: This process (pid=1779) is multi-threaded, use of fork() may lead to deadlocks in the child.
  pid = os.fork()

[2024-04-16T09:38:51.496+0000] {standard_task_runner.py:63} INFO - Started process 1806 to run task
[2024-04-16T09:38:51.497+0000] {standard_task_runner.py:90} INFO - Running: ['***', 'tasks', 'run', 'spotify_final_dag', 'hello2', 'scheduled__2024-04-16T01:40:00+00:00', '--job-id', '325', '--raw', '--subdir', 'DAGS_FOLDER/dag.py', '--cfg-path', '/tmp/tmpi872lp2s']
[2024-04-16T09:38:51.498+0000] {standard_task_runner.py:91} INFO - Job 325: Subtask hello2
[2024-04-16T09:38:51.557+0000] {task_command.py:426} INFO - Running <TaskInstance: spotify_final_dag.hello2 scheduled__2024-04-16T01:40:00+00:00 [running]> on host 52651c1f9987
[2024-04-16T09:38:51.659+0000] {taskinstance.py:2644} INFO - Exporting env vars: AIRFLOW_CTX_DAG_OWNER='***' AIRFLOW_CTX_DAG_ID='spotify_final_dag' AIRFLOW_CTX_TASK_ID='hello2' AIRFLOW_CTX_EXECUTION_DATE='2024-04-16T01:40:00+00:00' AIRFLOW_CTX_TRY_NUMBER='1' AIRFLOW_CTX_DAG_RUN_ID='scheduled__2024-04-16T01:40:00+00:00'
[2024-04-16T09:38:51.661+0000] {taskinstance.py:430} INFO - ::endgroup::
[2024-04-16T09:38:52.172+0000] {logging_mixin.py:188} INFO - Connection successful
[2024-04-16T09:38:52.589+0000] {logging_mixin.py:188} INFO - Connection successful
[2024-04-16T09:38:53.014+0000] {logging_mixin.py:188} INFO - Connection successful
[2024-04-16T09:38:53.020+0000] {logging_mixin.py:188} INFO - Null Not Found
[2024-04-16T09:38:53.022+0000] {logging_mixin.py:188} INFO - Null Not Found
[2024-04-16T09:38:53.033+0000] {logging_mixin.py:188} INFO - Null Not Found
[2024-04-16T09:38:53.034+0000] {logging_mixin.py:188} INFO - Null Not Found
[2024-04-16T09:38:53.036+0000] {logging_mixin.py:188} INFO - Null Not Found
[2024-04-16T09:38:53.037+0000] {logging_mixin.py:188} INFO - Null Not Found
[2024-04-16T09:38:53.039+0000] {python.py:237} INFO - Done. Returned value was: None
[2024-04-16T09:38:53.040+0000] {taskinstance.py:441} INFO - ::group::Post task execution logs
[2024-04-16T09:38:53.051+0000] {taskinstance.py:1205} INFO - Marking task as SUCCESS. dag_id=spotify_final_dag, task_id=hello2, execution_date=20240416T014000, start_date=20240416T093851, end_date=20240416T093853
[2024-04-16T09:38:53.115+0000] {local_task_job_runner.py:240} INFO - Task exited with return code 0
[2024-04-16T09:38:53.136+0000] {taskinstance.py:3482} INFO - 0 downstream tasks scheduled from follow-on schedule check
[2024-04-16T09:38:53.138+0000] {local_task_job_runner.py:222} INFO - ::endgroup::
[2024-04-16T09:47:17.499+0000] {local_task_job_runner.py:120} INFO - ::group::Pre task execution logs
[2024-04-16T09:47:17.522+0000] {taskinstance.py:2073} INFO - Dependencies all met for dep_context=non-requeueable deps ti=<TaskInstance: spotify_final_dag.hello2 scheduled__2024-04-16T01:40:00+00:00 [queued]>
[2024-04-16T09:47:17.533+0000] {taskinstance.py:2073} INFO - Dependencies all met for dep_context=requeueable deps ti=<TaskInstance: spotify_final_dag.hello2 scheduled__2024-04-16T01:40:00+00:00 [queued]>
[2024-04-16T09:47:17.534+0000] {taskinstance.py:2303} INFO - Starting attempt 1 of 2
[2024-04-16T09:47:17.550+0000] {taskinstance.py:2327} INFO - Executing <Task(PythonOperator): hello2> on 2024-04-16 01:40:00+00:00
[2024-04-16T09:47:17.562+0000] {warnings.py:110} WARNING - /home/***/.local/lib/python3.12/site-packages/***/task/task_runner/standard_task_runner.py:61: DeprecationWarning: This process (pid=4090) is multi-threaded, use of fork() may lead to deadlocks in the child.
  pid = os.fork()

[2024-04-16T09:47:17.564+0000] {standard_task_runner.py:63} INFO - Started process 4120 to run task
[2024-04-16T09:47:17.566+0000] {standard_task_runner.py:90} INFO - Running: ['***', 'tasks', 'run', 'spotify_final_dag', 'hello2', 'scheduled__2024-04-16T01:40:00+00:00', '--job-id', '1061', '--raw', '--subdir', 'DAGS_FOLDER/dag.py', '--cfg-path', '/tmp/tmpd1g6ryd2']
[2024-04-16T09:47:17.568+0000] {standard_task_runner.py:91} INFO - Job 1061: Subtask hello2
[2024-04-16T09:47:17.626+0000] {task_command.py:426} INFO - Running <TaskInstance: spotify_final_dag.hello2 scheduled__2024-04-16T01:40:00+00:00 [running]> on host 52651c1f9987
[2024-04-16T09:47:17.739+0000] {taskinstance.py:2644} INFO - Exporting env vars: AIRFLOW_CTX_DAG_OWNER='***' AIRFLOW_CTX_DAG_ID='spotify_final_dag' AIRFLOW_CTX_TASK_ID='hello2' AIRFLOW_CTX_EXECUTION_DATE='2024-04-16T01:40:00+00:00' AIRFLOW_CTX_TRY_NUMBER='1' AIRFLOW_CTX_DAG_RUN_ID='scheduled__2024-04-16T01:40:00+00:00'
[2024-04-16T09:47:17.740+0000] {taskinstance.py:430} INFO - ::endgroup::
[2024-04-16T09:47:18.189+0000] {logging_mixin.py:188} INFO - Connection successful
[2024-04-16T09:47:18.643+0000] {logging_mixin.py:188} INFO - Connection successful
[2024-04-16T09:47:19.255+0000] {logging_mixin.py:188} INFO - Connection successful
[2024-04-16T09:47:19.261+0000] {logging_mixin.py:188} INFO - Null Not Found
[2024-04-16T09:47:19.263+0000] {logging_mixin.py:188} INFO - Null Not Found
[2024-04-16T09:47:19.272+0000] {logging_mixin.py:188} INFO - Null Not Found
[2024-04-16T09:47:19.273+0000] {logging_mixin.py:188} INFO - Null Not Found
[2024-04-16T09:47:19.274+0000] {logging_mixin.py:188} INFO - Null Not Found
[2024-04-16T09:47:19.275+0000] {logging_mixin.py:188} INFO - Null Not Found
[2024-04-16T09:47:19.276+0000] {python.py:237} INFO - Done. Returned value was: None
[2024-04-16T09:47:19.276+0000] {taskinstance.py:441} INFO - ::group::Post task execution logs
[2024-04-16T09:47:19.283+0000] {taskinstance.py:1205} INFO - Marking task as SUCCESS. dag_id=spotify_final_dag, task_id=hello2, execution_date=20240416T014000, start_date=20240416T094717, end_date=20240416T094719
[2024-04-16T09:47:19.308+0000] {local_task_job_runner.py:240} INFO - Task exited with return code 0
[2024-04-16T09:47:19.321+0000] {taskinstance.py:3482} INFO - 0 downstream tasks scheduled from follow-on schedule check
[2024-04-16T09:47:19.322+0000] {local_task_job_runner.py:222} INFO - ::endgroup::
