[2024-04-16T09:40:46.979+0000] {local_task_job_runner.py:120} INFO - ::group::Pre task execution logs
[2024-04-16T09:40:47.002+0000] {taskinstance.py:2073} INFO - Dependencies all met for dep_context=non-requeueable deps ti=<TaskInstance: spotify_final_dag.hello2 scheduled__2024-04-16T04:36:00+00:00 [queued]>
[2024-04-16T09:40:47.011+0000] {taskinstance.py:2073} INFO - Dependencies all met for dep_context=requeueable deps ti=<TaskInstance: spotify_final_dag.hello2 scheduled__2024-04-16T04:36:00+00:00 [queued]>
[2024-04-16T09:40:47.012+0000] {taskinstance.py:2303} INFO - Starting attempt 1 of 2
[2024-04-16T09:40:47.028+0000] {taskinstance.py:2327} INFO - Executing <Task(PythonOperator): hello2> on 2024-04-16 04:36:00+00:00
[2024-04-16T09:40:47.038+0000] {warnings.py:110} WARNING - /home/***/.local/lib/python3.12/site-packages/***/task/task_runner/standard_task_runner.py:61: DeprecationWarning: This process (pid=2831) is multi-threaded, use of fork() may lead to deadlocks in the child.
  pid = os.fork()

[2024-04-16T09:40:47.039+0000] {standard_task_runner.py:63} INFO - Started process 2852 to run task
[2024-04-16T09:40:47.039+0000] {standard_task_runner.py:90} INFO - Running: ['***', 'tasks', 'run', 'spotify_final_dag', 'hello2', 'scheduled__2024-04-16T04:36:00+00:00', '--job-id', '670', '--raw', '--subdir', 'DAGS_FOLDER/dag.py', '--cfg-path', '/tmp/tmpja7hi61b']
[2024-04-16T09:40:47.040+0000] {standard_task_runner.py:91} INFO - Job 670: Subtask hello2
[2024-04-16T09:40:47.076+0000] {task_command.py:426} INFO - Running <TaskInstance: spotify_final_dag.hello2 scheduled__2024-04-16T04:36:00+00:00 [running]> on host 52651c1f9987
[2024-04-16T09:40:47.147+0000] {taskinstance.py:2644} INFO - Exporting env vars: AIRFLOW_CTX_DAG_OWNER='***' AIRFLOW_CTX_DAG_ID='spotify_final_dag' AIRFLOW_CTX_TASK_ID='hello2' AIRFLOW_CTX_EXECUTION_DATE='2024-04-16T04:36:00+00:00' AIRFLOW_CTX_TRY_NUMBER='1' AIRFLOW_CTX_DAG_RUN_ID='scheduled__2024-04-16T04:36:00+00:00'
[2024-04-16T09:40:47.148+0000] {taskinstance.py:430} INFO - ::endgroup::
[2024-04-16T09:40:47.594+0000] {logging_mixin.py:188} INFO - Connection successful
[2024-04-16T09:40:48.064+0000] {logging_mixin.py:188} INFO - Connection successful
[2024-04-16T09:40:48.489+0000] {logging_mixin.py:188} INFO - Connection successful
[2024-04-16T09:40:48.493+0000] {logging_mixin.py:188} INFO - Null Not Found
[2024-04-16T09:40:48.494+0000] {logging_mixin.py:188} INFO - Null Not Found
[2024-04-16T09:40:48.502+0000] {logging_mixin.py:188} INFO - Null Not Found
[2024-04-16T09:40:48.503+0000] {logging_mixin.py:188} INFO - Null Not Found
[2024-04-16T09:40:48.504+0000] {logging_mixin.py:188} INFO - Null Not Found
[2024-04-16T09:40:48.504+0000] {logging_mixin.py:188} INFO - Null Not Found
[2024-04-16T09:40:48.505+0000] {python.py:237} INFO - Done. Returned value was: None
[2024-04-16T09:40:48.506+0000] {taskinstance.py:441} INFO - ::group::Post task execution logs
[2024-04-16T09:40:48.512+0000] {taskinstance.py:1205} INFO - Marking task as SUCCESS. dag_id=spotify_final_dag, task_id=hello2, execution_date=20240416T043600, start_date=20240416T094047, end_date=20240416T094048
[2024-04-16T09:40:48.537+0000] {local_task_job_runner.py:240} INFO - Task exited with return code 0
[2024-04-16T09:40:48.550+0000] {taskinstance.py:3482} INFO - 0 downstream tasks scheduled from follow-on schedule check
[2024-04-16T09:40:48.552+0000] {local_task_job_runner.py:222} INFO - ::endgroup::
[2024-04-16T09:48:10.931+0000] {local_task_job_runner.py:120} INFO - ::group::Pre task execution logs
[2024-04-16T09:48:10.954+0000] {taskinstance.py:2073} INFO - Dependencies all met for dep_context=non-requeueable deps ti=<TaskInstance: spotify_final_dag.hello2 scheduled__2024-04-16T04:36:00+00:00 [queued]>
[2024-04-16T09:48:10.961+0000] {taskinstance.py:2073} INFO - Dependencies all met for dep_context=requeueable deps ti=<TaskInstance: spotify_final_dag.hello2 scheduled__2024-04-16T04:36:00+00:00 [queued]>
[2024-04-16T09:48:10.962+0000] {taskinstance.py:2303} INFO - Starting attempt 1 of 2
[2024-04-16T09:48:10.977+0000] {taskinstance.py:2327} INFO - Executing <Task(PythonOperator): hello2> on 2024-04-16 04:36:00+00:00
[2024-04-16T09:48:10.986+0000] {warnings.py:110} WARNING - /home/***/.local/lib/python3.12/site-packages/***/task/task_runner/standard_task_runner.py:61: DeprecationWarning: This process (pid=4608) is multi-threaded, use of fork() may lead to deadlocks in the child.
  pid = os.fork()

[2024-04-16T09:48:10.988+0000] {standard_task_runner.py:63} INFO - Started process 4624 to run task
[2024-04-16T09:48:10.988+0000] {standard_task_runner.py:90} INFO - Running: ['***', 'tasks', 'run', 'spotify_final_dag', 'hello2', 'scheduled__2024-04-16T04:36:00+00:00', '--job-id', '1228', '--raw', '--subdir', 'DAGS_FOLDER/dag.py', '--cfg-path', '/tmp/tmpb6txia8a']
[2024-04-16T09:48:10.990+0000] {standard_task_runner.py:91} INFO - Job 1228: Subtask hello2
[2024-04-16T09:48:11.039+0000] {task_command.py:426} INFO - Running <TaskInstance: spotify_final_dag.hello2 scheduled__2024-04-16T04:36:00+00:00 [running]> on host 52651c1f9987
[2024-04-16T09:48:11.130+0000] {taskinstance.py:2644} INFO - Exporting env vars: AIRFLOW_CTX_DAG_OWNER='***' AIRFLOW_CTX_DAG_ID='spotify_final_dag' AIRFLOW_CTX_TASK_ID='hello2' AIRFLOW_CTX_EXECUTION_DATE='2024-04-16T04:36:00+00:00' AIRFLOW_CTX_TRY_NUMBER='1' AIRFLOW_CTX_DAG_RUN_ID='scheduled__2024-04-16T04:36:00+00:00'
[2024-04-16T09:48:11.131+0000] {taskinstance.py:430} INFO - ::endgroup::
[2024-04-16T09:48:11.548+0000] {logging_mixin.py:188} INFO - Connection successful
[2024-04-16T09:48:11.977+0000] {logging_mixin.py:188} INFO - Connection successful
[2024-04-16T09:48:12.360+0000] {logging_mixin.py:188} INFO - Connection successful
[2024-04-16T09:48:12.363+0000] {logging_mixin.py:188} INFO - Null Not Found
[2024-04-16T09:48:12.364+0000] {logging_mixin.py:188} INFO - Null Not Found
[2024-04-16T09:48:12.372+0000] {logging_mixin.py:188} INFO - Null Not Found
[2024-04-16T09:48:12.373+0000] {logging_mixin.py:188} INFO - Null Not Found
[2024-04-16T09:48:12.374+0000] {logging_mixin.py:188} INFO - Null Not Found
[2024-04-16T09:48:12.374+0000] {logging_mixin.py:188} INFO - Null Not Found
[2024-04-16T09:48:12.376+0000] {python.py:237} INFO - Done. Returned value was: None
[2024-04-16T09:48:12.376+0000] {taskinstance.py:441} INFO - ::group::Post task execution logs
[2024-04-16T09:48:12.383+0000] {taskinstance.py:1205} INFO - Marking task as SUCCESS. dag_id=spotify_final_dag, task_id=hello2, execution_date=20240416T043600, start_date=20240416T094810, end_date=20240416T094812
[2024-04-16T09:48:12.406+0000] {local_task_job_runner.py:240} INFO - Task exited with return code 0
[2024-04-16T09:48:12.421+0000] {taskinstance.py:3482} INFO - 0 downstream tasks scheduled from follow-on schedule check
[2024-04-16T09:48:12.423+0000] {local_task_job_runner.py:222} INFO - ::endgroup::
