[2024-04-16T09:40:06.802+0000] {local_task_job_runner.py:120} INFO - ::group::Pre task execution logs
[2024-04-16T09:40:06.826+0000] {taskinstance.py:2073} INFO - Dependencies all met for dep_context=non-requeueable deps ti=<TaskInstance: spotify_final_dag.hello2 scheduled__2024-04-16T03:28:00+00:00 [queued]>
[2024-04-16T09:40:06.837+0000] {taskinstance.py:2073} INFO - Dependencies all met for dep_context=requeueable deps ti=<TaskInstance: spotify_final_dag.hello2 scheduled__2024-04-16T03:28:00+00:00 [queued]>
[2024-04-16T09:40:06.838+0000] {taskinstance.py:2303} INFO - Starting attempt 1 of 2
[2024-04-16T09:40:06.855+0000] {taskinstance.py:2327} INFO - Executing <Task(PythonOperator): hello2> on 2024-04-16 03:28:00+00:00
[2024-04-16T09:40:06.863+0000] {warnings.py:110} WARNING - /home/***/.local/lib/python3.12/site-packages/***/task/task_runner/standard_task_runner.py:61: DeprecationWarning: This process (pid=2435) is multi-threaded, use of fork() may lead to deadlocks in the child.
  pid = os.fork()

[2024-04-16T09:40:06.864+0000] {standard_task_runner.py:63} INFO - Started process 2460 to run task
[2024-04-16T09:40:06.865+0000] {standard_task_runner.py:90} INFO - Running: ['***', 'tasks', 'run', 'spotify_final_dag', 'hello2', 'scheduled__2024-04-16T03:28:00+00:00', '--job-id', '540', '--raw', '--subdir', 'DAGS_FOLDER/dag.py', '--cfg-path', '/tmp/tmptv77gdu1']
[2024-04-16T09:40:06.866+0000] {standard_task_runner.py:91} INFO - Job 540: Subtask hello2
[2024-04-16T09:40:06.910+0000] {task_command.py:426} INFO - Running <TaskInstance: spotify_final_dag.hello2 scheduled__2024-04-16T03:28:00+00:00 [running]> on host 52651c1f9987
[2024-04-16T09:40:07.006+0000] {taskinstance.py:2644} INFO - Exporting env vars: AIRFLOW_CTX_DAG_OWNER='***' AIRFLOW_CTX_DAG_ID='spotify_final_dag' AIRFLOW_CTX_TASK_ID='hello2' AIRFLOW_CTX_EXECUTION_DATE='2024-04-16T03:28:00+00:00' AIRFLOW_CTX_TRY_NUMBER='1' AIRFLOW_CTX_DAG_RUN_ID='scheduled__2024-04-16T03:28:00+00:00'
[2024-04-16T09:40:07.008+0000] {taskinstance.py:430} INFO - ::endgroup::
[2024-04-16T09:40:07.453+0000] {logging_mixin.py:188} INFO - Connection successful
[2024-04-16T09:40:07.896+0000] {logging_mixin.py:188} INFO - Connection successful
[2024-04-16T09:40:08.337+0000] {logging_mixin.py:188} INFO - Connection successful
[2024-04-16T09:40:08.342+0000] {logging_mixin.py:188} INFO - Null Not Found
[2024-04-16T09:40:08.343+0000] {logging_mixin.py:188} INFO - Null Not Found
[2024-04-16T09:40:08.354+0000] {logging_mixin.py:188} INFO - Null Not Found
[2024-04-16T09:40:08.355+0000] {logging_mixin.py:188} INFO - Null Not Found
[2024-04-16T09:40:08.356+0000] {logging_mixin.py:188} INFO - Null Not Found
[2024-04-16T09:40:08.357+0000] {logging_mixin.py:188} INFO - Null Not Found
[2024-04-16T09:40:08.359+0000] {python.py:237} INFO - Done. Returned value was: None
[2024-04-16T09:40:08.359+0000] {taskinstance.py:441} INFO - ::group::Post task execution logs
[2024-04-16T09:40:08.370+0000] {taskinstance.py:1205} INFO - Marking task as SUCCESS. dag_id=spotify_final_dag, task_id=hello2, execution_date=20240416T032800, start_date=20240416T094006, end_date=20240416T094008
[2024-04-16T09:40:08.402+0000] {local_task_job_runner.py:240} INFO - Task exited with return code 0
[2024-04-16T09:40:08.415+0000] {taskinstance.py:3482} INFO - 0 downstream tasks scheduled from follow-on schedule check
[2024-04-16T09:40:08.417+0000] {local_task_job_runner.py:222} INFO - ::endgroup::
[2024-04-16T09:47:49.808+0000] {local_task_job_runner.py:120} INFO - ::group::Pre task execution logs
[2024-04-16T09:47:49.825+0000] {taskinstance.py:2073} INFO - Dependencies all met for dep_context=non-requeueable deps ti=<TaskInstance: spotify_final_dag.hello2 scheduled__2024-04-16T03:28:00+00:00 [queued]>
[2024-04-16T09:47:49.833+0000] {taskinstance.py:2073} INFO - Dependencies all met for dep_context=requeueable deps ti=<TaskInstance: spotify_final_dag.hello2 scheduled__2024-04-16T03:28:00+00:00 [queued]>
[2024-04-16T09:47:49.834+0000] {taskinstance.py:2303} INFO - Starting attempt 1 of 2
[2024-04-16T09:47:49.846+0000] {taskinstance.py:2327} INFO - Executing <Task(PythonOperator): hello2> on 2024-04-16 03:28:00+00:00
[2024-04-16T09:47:49.854+0000] {warnings.py:110} WARNING - /home/***/.local/lib/python3.12/site-packages/***/task/task_runner/standard_task_runner.py:61: DeprecationWarning: This process (pid=4403) is multi-threaded, use of fork() may lead to deadlocks in the child.
  pid = os.fork()

[2024-04-16T09:47:49.856+0000] {standard_task_runner.py:63} INFO - Started process 4428 to run task
[2024-04-16T09:47:49.855+0000] {standard_task_runner.py:90} INFO - Running: ['***', 'tasks', 'run', 'spotify_final_dag', 'hello2', 'scheduled__2024-04-16T03:28:00+00:00', '--job-id', '1162', '--raw', '--subdir', 'DAGS_FOLDER/dag.py', '--cfg-path', '/tmp/tmpz2921mut']
[2024-04-16T09:47:49.856+0000] {standard_task_runner.py:91} INFO - Job 1162: Subtask hello2
[2024-04-16T09:47:49.896+0000] {task_command.py:426} INFO - Running <TaskInstance: spotify_final_dag.hello2 scheduled__2024-04-16T03:28:00+00:00 [running]> on host 52651c1f9987
[2024-04-16T09:47:49.980+0000] {taskinstance.py:2644} INFO - Exporting env vars: AIRFLOW_CTX_DAG_OWNER='***' AIRFLOW_CTX_DAG_ID='spotify_final_dag' AIRFLOW_CTX_TASK_ID='hello2' AIRFLOW_CTX_EXECUTION_DATE='2024-04-16T03:28:00+00:00' AIRFLOW_CTX_TRY_NUMBER='1' AIRFLOW_CTX_DAG_RUN_ID='scheduled__2024-04-16T03:28:00+00:00'
[2024-04-16T09:47:49.982+0000] {taskinstance.py:430} INFO - ::endgroup::
[2024-04-16T09:47:50.407+0000] {logging_mixin.py:188} INFO - Connection successful
[2024-04-16T09:47:50.890+0000] {logging_mixin.py:188} INFO - Connection successful
[2024-04-16T09:47:51.276+0000] {logging_mixin.py:188} INFO - Connection successful
[2024-04-16T09:47:51.279+0000] {logging_mixin.py:188} INFO - Null Not Found
[2024-04-16T09:47:51.280+0000] {logging_mixin.py:188} INFO - Null Not Found
[2024-04-16T09:47:51.290+0000] {logging_mixin.py:188} INFO - Null Not Found
[2024-04-16T09:47:51.290+0000] {logging_mixin.py:188} INFO - Null Not Found
[2024-04-16T09:47:51.292+0000] {logging_mixin.py:188} INFO - Null Not Found
[2024-04-16T09:47:51.292+0000] {logging_mixin.py:188} INFO - Null Not Found
[2024-04-16T09:47:51.294+0000] {python.py:237} INFO - Done. Returned value was: None
[2024-04-16T09:47:51.295+0000] {taskinstance.py:441} INFO - ::group::Post task execution logs
[2024-04-16T09:47:51.303+0000] {taskinstance.py:1205} INFO - Marking task as SUCCESS. dag_id=spotify_final_dag, task_id=hello2, execution_date=20240416T032800, start_date=20240416T094749, end_date=20240416T094751
[2024-04-16T09:47:51.353+0000] {local_task_job_runner.py:240} INFO - Task exited with return code 0
[2024-04-16T09:47:51.365+0000] {taskinstance.py:3482} INFO - 0 downstream tasks scheduled from follow-on schedule check
[2024-04-16T09:47:51.367+0000] {local_task_job_runner.py:222} INFO - ::endgroup::
