[2024-04-17T07:31:43.292+0000] {local_task_job_runner.py:120} INFO - ::group::Pre task execution logs
[2024-04-17T07:31:43.312+0000] {taskinstance.py:2073} INFO - Dependencies all met for dep_context=non-requeueable deps ti=<TaskInstance: etl_for_spotify.processes scheduled__2024-04-16T07:10:00+00:00 [queued]>
[2024-04-17T07:31:43.320+0000] {taskinstance.py:2073} INFO - Dependencies all met for dep_context=requeueable deps ti=<TaskInstance: etl_for_spotify.processes scheduled__2024-04-16T07:10:00+00:00 [queued]>
[2024-04-17T07:31:43.321+0000] {taskinstance.py:2303} INFO - Starting attempt 1 of 2
[2024-04-17T07:31:43.334+0000] {taskinstance.py:2327} INFO - Executing <Task(PythonOperator): processes> on 2024-04-16 07:10:00+00:00
[2024-04-17T07:31:43.342+0000] {warnings.py:110} WARNING - /home/***/.local/lib/python3.12/site-packages/***/task/task_runner/standard_task_runner.py:61: DeprecationWarning: This process (pid=6781) is multi-threaded, use of fork() may lead to deadlocks in the child.
  pid = os.fork()

[2024-04-17T07:31:43.343+0000] {standard_task_runner.py:63} INFO - Started process 6804 to run task
[2024-04-17T07:31:43.344+0000] {standard_task_runner.py:90} INFO - Running: ['***', 'tasks', 'run', 'etl_for_spotify', 'processes', 'scheduled__2024-04-16T07:10:00+00:00', '--job-id', '3226', '--raw', '--subdir', 'DAGS_FOLDER/dag.py', '--cfg-path', '/tmp/tmptkx29v4c']
[2024-04-17T07:31:43.345+0000] {standard_task_runner.py:91} INFO - Job 3226: Subtask processes
[2024-04-17T07:31:43.393+0000] {task_command.py:426} INFO - Running <TaskInstance: etl_for_spotify.processes scheduled__2024-04-16T07:10:00+00:00 [running]> on host 52651c1f9987
[2024-04-17T07:31:43.478+0000] {taskinstance.py:2644} INFO - Exporting env vars: AIRFLOW_CTX_DAG_OWNER='***' AIRFLOW_CTX_DAG_ID='etl_for_spotify' AIRFLOW_CTX_TASK_ID='processes' AIRFLOW_CTX_EXECUTION_DATE='2024-04-16T07:10:00+00:00' AIRFLOW_CTX_TRY_NUMBER='1' AIRFLOW_CTX_DAG_RUN_ID='scheduled__2024-04-16T07:10:00+00:00'
[2024-04-17T07:31:43.480+0000] {taskinstance.py:430} INFO - ::endgroup::
[2024-04-17T07:31:43.960+0000] {logging_mixin.py:188} INFO - Connection successful
[2024-04-17T07:31:44.495+0000] {logging_mixin.py:188} INFO - Connection successful
[2024-04-17T07:31:44.894+0000] {logging_mixin.py:188} INFO - Connection successful
[2024-04-17T07:31:44.898+0000] {logging_mixin.py:188} INFO - Null Not Found
[2024-04-17T07:31:44.900+0000] {logging_mixin.py:188} INFO - Null Not Found
[2024-04-17T07:31:44.909+0000] {logging_mixin.py:188} INFO - Null Not Found
[2024-04-17T07:31:44.910+0000] {logging_mixin.py:188} INFO - Null Not Found
[2024-04-17T07:31:44.911+0000] {logging_mixin.py:188} INFO - Null Not Found
[2024-04-17T07:31:44.912+0000] {logging_mixin.py:188} INFO - Null Not Found
[2024-04-17T07:31:44.913+0000] {python.py:237} INFO - Done. Returned value was: None
[2024-04-17T07:31:44.913+0000] {taskinstance.py:441} INFO - ::group::Post task execution logs
[2024-04-17T07:31:44.921+0000] {taskinstance.py:1205} INFO - Marking task as SUCCESS. dag_id=etl_for_spotify, task_id=processes, execution_date=20240416T071000, start_date=20240417T073143, end_date=20240417T073144
[2024-04-17T07:31:44.961+0000] {local_task_job_runner.py:240} INFO - Task exited with return code 0
[2024-04-17T07:31:44.975+0000] {taskinstance.py:3482} INFO - 0 downstream tasks scheduled from follow-on schedule check
[2024-04-17T07:31:44.977+0000] {local_task_job_runner.py:222} INFO - ::endgroup::
