[2024-04-16T09:41:45.518+0000] {local_task_job_runner.py:120} INFO - ::group::Pre task execution logs
[2024-04-16T09:41:45.557+0000] {taskinstance.py:2073} INFO - Dependencies all met for dep_context=non-requeueable deps ti=<TaskInstance: spotify_final_dag.hello2 scheduled__2024-04-16T06:00:00+00:00 [queued]>
[2024-04-16T09:41:45.572+0000] {taskinstance.py:2073} INFO - Dependencies all met for dep_context=requeueable deps ti=<TaskInstance: spotify_final_dag.hello2 scheduled__2024-04-16T06:00:00+00:00 [queued]>
[2024-04-16T09:41:45.573+0000] {taskinstance.py:2303} INFO - Starting attempt 1 of 2
[2024-04-16T09:41:45.601+0000] {taskinstance.py:2327} INFO - Executing <Task(PythonOperator): hello2> on 2024-04-16 06:00:00+00:00
[2024-04-16T09:41:45.612+0000] {warnings.py:110} WARNING - /home/***/.local/lib/python3.12/site-packages/***/task/task_runner/standard_task_runner.py:61: DeprecationWarning: This process (pid=3381) is multi-threaded, use of fork() may lead to deadlocks in the child.
  pid = os.fork()

[2024-04-16T09:41:45.615+0000] {standard_task_runner.py:63} INFO - Started process 3412 to run task
[2024-04-16T09:41:45.615+0000] {standard_task_runner.py:90} INFO - Running: ['***', 'tasks', 'run', 'spotify_final_dag', 'hello2', 'scheduled__2024-04-16T06:00:00+00:00', '--job-id', '849', '--raw', '--subdir', 'DAGS_FOLDER/dag.py', '--cfg-path', '/tmp/tmp1x18k9ss']
[2024-04-16T09:41:45.616+0000] {standard_task_runner.py:91} INFO - Job 849: Subtask hello2
[2024-04-16T09:41:45.675+0000] {task_command.py:426} INFO - Running <TaskInstance: spotify_final_dag.hello2 scheduled__2024-04-16T06:00:00+00:00 [running]> on host 52651c1f9987
[2024-04-16T09:41:45.781+0000] {taskinstance.py:2644} INFO - Exporting env vars: AIRFLOW_CTX_DAG_OWNER='***' AIRFLOW_CTX_DAG_ID='spotify_final_dag' AIRFLOW_CTX_TASK_ID='hello2' AIRFLOW_CTX_EXECUTION_DATE='2024-04-16T06:00:00+00:00' AIRFLOW_CTX_TRY_NUMBER='1' AIRFLOW_CTX_DAG_RUN_ID='scheduled__2024-04-16T06:00:00+00:00'
[2024-04-16T09:41:45.784+0000] {taskinstance.py:430} INFO - ::endgroup::
[2024-04-16T09:41:46.232+0000] {logging_mixin.py:188} INFO - Connection successful
[2024-04-16T09:41:46.646+0000] {logging_mixin.py:188} INFO - Connection successful
[2024-04-16T09:41:47.090+0000] {logging_mixin.py:188} INFO - Connection successful
[2024-04-16T09:41:47.095+0000] {logging_mixin.py:188} INFO - Null Not Found
[2024-04-16T09:41:47.096+0000] {logging_mixin.py:188} INFO - Null Not Found
[2024-04-16T09:41:47.105+0000] {logging_mixin.py:188} INFO - Null Not Found
[2024-04-16T09:41:47.106+0000] {logging_mixin.py:188} INFO - Null Not Found
[2024-04-16T09:41:47.107+0000] {logging_mixin.py:188} INFO - Null Not Found
[2024-04-16T09:41:47.108+0000] {logging_mixin.py:188} INFO - Null Not Found
[2024-04-16T09:41:47.109+0000] {python.py:237} INFO - Done. Returned value was: None
[2024-04-16T09:41:47.109+0000] {taskinstance.py:441} INFO - ::group::Post task execution logs
[2024-04-16T09:41:47.118+0000] {taskinstance.py:1205} INFO - Marking task as SUCCESS. dag_id=spotify_final_dag, task_id=hello2, execution_date=20240416T060000, start_date=20240416T094145, end_date=20240416T094147
[2024-04-16T09:41:47.155+0000] {local_task_job_runner.py:240} INFO - Task exited with return code 0
[2024-04-16T09:41:47.169+0000] {taskinstance.py:3482} INFO - 0 downstream tasks scheduled from follow-on schedule check
[2024-04-16T09:41:47.171+0000] {local_task_job_runner.py:222} INFO - ::endgroup::
[2024-04-16T09:48:39.011+0000] {local_task_job_runner.py:120} INFO - ::group::Pre task execution logs
[2024-04-16T09:48:39.038+0000] {taskinstance.py:2073} INFO - Dependencies all met for dep_context=non-requeueable deps ti=<TaskInstance: spotify_final_dag.hello2 scheduled__2024-04-16T06:00:00+00:00 [queued]>
[2024-04-16T09:48:39.047+0000] {taskinstance.py:2073} INFO - Dependencies all met for dep_context=requeueable deps ti=<TaskInstance: spotify_final_dag.hello2 scheduled__2024-04-16T06:00:00+00:00 [queued]>
[2024-04-16T09:48:39.048+0000] {taskinstance.py:2303} INFO - Starting attempt 1 of 2
[2024-04-16T09:48:39.059+0000] {taskinstance.py:2327} INFO - Executing <Task(PythonOperator): hello2> on 2024-04-16 06:00:00+00:00
[2024-04-16T09:48:39.070+0000] {warnings.py:110} WARNING - /home/***/.local/lib/python3.12/site-packages/***/task/task_runner/standard_task_runner.py:61: DeprecationWarning: This process (pid=4873) is multi-threaded, use of fork() may lead to deadlocks in the child.
  pid = os.fork()

[2024-04-16T09:48:39.071+0000] {standard_task_runner.py:90} INFO - Running: ['***', 'tasks', 'run', 'spotify_final_dag', 'hello2', 'scheduled__2024-04-16T06:00:00+00:00', '--job-id', '1314', '--raw', '--subdir', 'DAGS_FOLDER/dag.py', '--cfg-path', '/tmp/tmp9q41y1zd']
[2024-04-16T09:48:39.073+0000] {standard_task_runner.py:63} INFO - Started process 4900 to run task
[2024-04-16T09:48:39.073+0000] {standard_task_runner.py:91} INFO - Job 1314: Subtask hello2
[2024-04-16T09:48:39.130+0000] {task_command.py:426} INFO - Running <TaskInstance: spotify_final_dag.hello2 scheduled__2024-04-16T06:00:00+00:00 [running]> on host 52651c1f9987
[2024-04-16T09:48:39.240+0000] {taskinstance.py:2644} INFO - Exporting env vars: AIRFLOW_CTX_DAG_OWNER='***' AIRFLOW_CTX_DAG_ID='spotify_final_dag' AIRFLOW_CTX_TASK_ID='hello2' AIRFLOW_CTX_EXECUTION_DATE='2024-04-16T06:00:00+00:00' AIRFLOW_CTX_TRY_NUMBER='1' AIRFLOW_CTX_DAG_RUN_ID='scheduled__2024-04-16T06:00:00+00:00'
[2024-04-16T09:48:39.242+0000] {taskinstance.py:430} INFO - ::endgroup::
[2024-04-16T09:48:39.740+0000] {logging_mixin.py:188} INFO - Connection successful
[2024-04-16T09:48:40.284+0000] {logging_mixin.py:188} INFO - Connection successful
[2024-04-16T09:48:40.699+0000] {logging_mixin.py:188} INFO - Connection successful
[2024-04-16T09:48:40.703+0000] {logging_mixin.py:188} INFO - Null Not Found
[2024-04-16T09:48:40.704+0000] {logging_mixin.py:188} INFO - Null Not Found
[2024-04-16T09:48:40.714+0000] {logging_mixin.py:188} INFO - Null Not Found
[2024-04-16T09:48:40.715+0000] {logging_mixin.py:188} INFO - Null Not Found
[2024-04-16T09:48:40.716+0000] {logging_mixin.py:188} INFO - Null Not Found
[2024-04-16T09:48:40.717+0000] {logging_mixin.py:188} INFO - Null Not Found
[2024-04-16T09:48:40.718+0000] {python.py:237} INFO - Done. Returned value was: None
[2024-04-16T09:48:40.718+0000] {taskinstance.py:441} INFO - ::group::Post task execution logs
[2024-04-16T09:48:40.725+0000] {taskinstance.py:1205} INFO - Marking task as SUCCESS. dag_id=spotify_final_dag, task_id=hello2, execution_date=20240416T060000, start_date=20240416T094839, end_date=20240416T094840
[2024-04-16T09:48:40.776+0000] {local_task_job_runner.py:240} INFO - Task exited with return code 0
[2024-04-16T09:48:40.789+0000] {taskinstance.py:3482} INFO - 0 downstream tasks scheduled from follow-on schedule check
[2024-04-16T09:48:40.791+0000] {local_task_job_runner.py:222} INFO - ::endgroup::
