[2024-04-16T09:38:54.200+0000] {local_task_job_runner.py:120} INFO - ::group::Pre task execution logs
[2024-04-16T09:38:54.217+0000] {taskinstance.py:2073} INFO - Dependencies all met for dep_context=non-requeueable deps ti=<TaskInstance: spotify_final_dag.hello2 scheduled__2024-04-16T01:50:00+00:00 [queued]>
[2024-04-16T09:38:54.224+0000] {taskinstance.py:2073} INFO - Dependencies all met for dep_context=requeueable deps ti=<TaskInstance: spotify_final_dag.hello2 scheduled__2024-04-16T01:50:00+00:00 [queued]>
[2024-04-16T09:38:54.225+0000] {taskinstance.py:2303} INFO - Starting attempt 1 of 2
[2024-04-16T09:38:54.235+0000] {taskinstance.py:2327} INFO - Executing <Task(PythonOperator): hello2> on 2024-04-16 01:50:00+00:00
[2024-04-16T09:38:54.244+0000] {warnings.py:110} WARNING - /home/***/.local/lib/python3.12/site-packages/***/task/task_runner/standard_task_runner.py:61: DeprecationWarning: This process (pid=1821) is multi-threaded, use of fork() may lead to deadlocks in the child.
  pid = os.fork()

[2024-04-16T09:38:54.245+0000] {standard_task_runner.py:63} INFO - Started process 1827 to run task
[2024-04-16T09:38:54.245+0000] {standard_task_runner.py:90} INFO - Running: ['***', 'tasks', 'run', 'spotify_final_dag', 'hello2', 'scheduled__2024-04-16T01:50:00+00:00', '--job-id', '338', '--raw', '--subdir', 'DAGS_FOLDER/dag.py', '--cfg-path', '/tmp/tmph6ssh15q']
[2024-04-16T09:38:54.246+0000] {standard_task_runner.py:91} INFO - Job 338: Subtask hello2
[2024-04-16T09:38:54.286+0000] {task_command.py:426} INFO - Running <TaskInstance: spotify_final_dag.hello2 scheduled__2024-04-16T01:50:00+00:00 [running]> on host 52651c1f9987
[2024-04-16T09:38:54.362+0000] {taskinstance.py:2644} INFO - Exporting env vars: AIRFLOW_CTX_DAG_OWNER='***' AIRFLOW_CTX_DAG_ID='spotify_final_dag' AIRFLOW_CTX_TASK_ID='hello2' AIRFLOW_CTX_EXECUTION_DATE='2024-04-16T01:50:00+00:00' AIRFLOW_CTX_TRY_NUMBER='1' AIRFLOW_CTX_DAG_RUN_ID='scheduled__2024-04-16T01:50:00+00:00'
[2024-04-16T09:38:54.363+0000] {taskinstance.py:430} INFO - ::endgroup::
[2024-04-16T09:38:54.779+0000] {logging_mixin.py:188} INFO - Connection successful
[2024-04-16T09:38:55.275+0000] {logging_mixin.py:188} INFO - Connection successful
[2024-04-16T09:38:55.655+0000] {logging_mixin.py:188} INFO - Connection successful
[2024-04-16T09:38:55.659+0000] {logging_mixin.py:188} INFO - Null Not Found
[2024-04-16T09:38:55.660+0000] {logging_mixin.py:188} INFO - Null Not Found
[2024-04-16T09:38:55.669+0000] {logging_mixin.py:188} INFO - Null Not Found
[2024-04-16T09:38:55.670+0000] {logging_mixin.py:188} INFO - Null Not Found
[2024-04-16T09:38:55.671+0000] {logging_mixin.py:188} INFO - Null Not Found
[2024-04-16T09:38:55.672+0000] {logging_mixin.py:188} INFO - Null Not Found
[2024-04-16T09:38:55.673+0000] {python.py:237} INFO - Done. Returned value was: None
[2024-04-16T09:38:55.674+0000] {taskinstance.py:441} INFO - ::group::Post task execution logs
[2024-04-16T09:38:55.681+0000] {taskinstance.py:1205} INFO - Marking task as SUCCESS. dag_id=spotify_final_dag, task_id=hello2, execution_date=20240416T015000, start_date=20240416T093854, end_date=20240416T093855
[2024-04-16T09:38:55.705+0000] {local_task_job_runner.py:240} INFO - Task exited with return code 0
[2024-04-16T09:38:55.716+0000] {taskinstance.py:3482} INFO - 0 downstream tasks scheduled from follow-on schedule check
[2024-04-16T09:38:55.719+0000] {local_task_job_runner.py:222} INFO - ::endgroup::
[2024-04-16T09:47:18.075+0000] {local_task_job_runner.py:120} INFO - ::group::Pre task execution logs
[2024-04-16T09:47:18.092+0000] {taskinstance.py:2073} INFO - Dependencies all met for dep_context=non-requeueable deps ti=<TaskInstance: spotify_final_dag.hello2 scheduled__2024-04-16T01:50:00+00:00 [queued]>
[2024-04-16T09:47:18.100+0000] {taskinstance.py:2073} INFO - Dependencies all met for dep_context=requeueable deps ti=<TaskInstance: spotify_final_dag.hello2 scheduled__2024-04-16T01:50:00+00:00 [queued]>
[2024-04-16T09:47:18.101+0000] {taskinstance.py:2303} INFO - Starting attempt 1 of 2
[2024-04-16T09:47:18.112+0000] {taskinstance.py:2327} INFO - Executing <Task(PythonOperator): hello2> on 2024-04-16 01:50:00+00:00
[2024-04-16T09:47:18.118+0000] {warnings.py:110} WARNING - /home/***/.local/lib/python3.12/site-packages/***/task/task_runner/standard_task_runner.py:61: DeprecationWarning: This process (pid=4102) is multi-threaded, use of fork() may lead to deadlocks in the child.
  pid = os.fork()

[2024-04-16T09:47:18.120+0000] {standard_task_runner.py:63} INFO - Started process 4123 to run task
[2024-04-16T09:47:18.120+0000] {standard_task_runner.py:90} INFO - Running: ['***', 'tasks', 'run', 'spotify_final_dag', 'hello2', 'scheduled__2024-04-16T01:50:00+00:00', '--job-id', '1064', '--raw', '--subdir', 'DAGS_FOLDER/dag.py', '--cfg-path', '/tmp/tmpccx8eu7m']
[2024-04-16T09:47:18.121+0000] {standard_task_runner.py:91} INFO - Job 1064: Subtask hello2
[2024-04-16T09:47:18.163+0000] {task_command.py:426} INFO - Running <TaskInstance: spotify_final_dag.hello2 scheduled__2024-04-16T01:50:00+00:00 [running]> on host 52651c1f9987
[2024-04-16T09:47:18.254+0000] {taskinstance.py:2644} INFO - Exporting env vars: AIRFLOW_CTX_DAG_OWNER='***' AIRFLOW_CTX_DAG_ID='spotify_final_dag' AIRFLOW_CTX_TASK_ID='hello2' AIRFLOW_CTX_EXECUTION_DATE='2024-04-16T01:50:00+00:00' AIRFLOW_CTX_TRY_NUMBER='1' AIRFLOW_CTX_DAG_RUN_ID='scheduled__2024-04-16T01:50:00+00:00'
[2024-04-16T09:47:18.255+0000] {taskinstance.py:430} INFO - ::endgroup::
[2024-04-16T09:47:18.672+0000] {logging_mixin.py:188} INFO - Connection successful
[2024-04-16T09:47:19.102+0000] {logging_mixin.py:188} INFO - Connection successful
[2024-04-16T09:47:19.552+0000] {logging_mixin.py:188} INFO - Connection successful
[2024-04-16T09:47:19.557+0000] {logging_mixin.py:188} INFO - Null Not Found
[2024-04-16T09:47:19.558+0000] {logging_mixin.py:188} INFO - Null Not Found
[2024-04-16T09:47:19.567+0000] {logging_mixin.py:188} INFO - Null Not Found
[2024-04-16T09:47:19.567+0000] {logging_mixin.py:188} INFO - Null Not Found
[2024-04-16T09:47:19.569+0000] {logging_mixin.py:188} INFO - Null Not Found
[2024-04-16T09:47:19.569+0000] {logging_mixin.py:188} INFO - Null Not Found
[2024-04-16T09:47:19.570+0000] {python.py:237} INFO - Done. Returned value was: None
[2024-04-16T09:47:19.571+0000] {taskinstance.py:441} INFO - ::group::Post task execution logs
[2024-04-16T09:47:19.578+0000] {taskinstance.py:1205} INFO - Marking task as SUCCESS. dag_id=spotify_final_dag, task_id=hello2, execution_date=20240416T015000, start_date=20240416T094718, end_date=20240416T094719
[2024-04-16T09:47:19.617+0000] {local_task_job_runner.py:240} INFO - Task exited with return code 0
[2024-04-16T09:47:19.629+0000] {taskinstance.py:3482} INFO - 0 downstream tasks scheduled from follow-on schedule check
[2024-04-16T09:47:19.631+0000] {local_task_job_runner.py:222} INFO - ::endgroup::
