[2024-04-17T07:38:57.338+0000] {local_task_job_runner.py:120} INFO - ::group::Pre task execution logs
[2024-04-17T07:38:57.356+0000] {taskinstance.py:2073} INFO - Dependencies all met for dep_context=non-requeueable deps ti=<TaskInstance: etl_for_spotify.processes scheduled__2024-04-17T05:24:00+00:00 [queued]>
[2024-04-17T07:38:57.363+0000] {taskinstance.py:2073} INFO - Dependencies all met for dep_context=requeueable deps ti=<TaskInstance: etl_for_spotify.processes scheduled__2024-04-17T05:24:00+00:00 [queued]>
[2024-04-17T07:38:57.363+0000] {taskinstance.py:2303} INFO - Starting attempt 1 of 2
[2024-04-17T07:38:57.374+0000] {taskinstance.py:2327} INFO - Executing <Task(PythonOperator): processes> on 2024-04-17 05:24:00+00:00
[2024-04-17T07:38:57.380+0000] {warnings.py:110} WARNING - /home/***/.local/lib/python3.12/site-packages/***/task/task_runner/standard_task_runner.py:61: DeprecationWarning: This process (pid=10857) is multi-threaded, use of fork() may lead to deadlocks in the child.
  pid = os.fork()

[2024-04-17T07:38:57.382+0000] {standard_task_runner.py:63} INFO - Started process 10871 to run task
[2024-04-17T07:38:57.382+0000] {standard_task_runner.py:90} INFO - Running: ['***', 'tasks', 'run', 'etl_for_spotify', 'processes', 'scheduled__2024-04-17T05:24:00+00:00', '--job-id', '4553', '--raw', '--subdir', 'DAGS_FOLDER/dag.py', '--cfg-path', '/tmp/tmp87h8tpq7']
[2024-04-17T07:38:57.383+0000] {standard_task_runner.py:91} INFO - Job 4553: Subtask processes
[2024-04-17T07:38:57.417+0000] {task_command.py:426} INFO - Running <TaskInstance: etl_for_spotify.processes scheduled__2024-04-17T05:24:00+00:00 [running]> on host 52651c1f9987
[2024-04-17T07:38:57.485+0000] {taskinstance.py:2644} INFO - Exporting env vars: AIRFLOW_CTX_DAG_OWNER='***' AIRFLOW_CTX_DAG_ID='etl_for_spotify' AIRFLOW_CTX_TASK_ID='processes' AIRFLOW_CTX_EXECUTION_DATE='2024-04-17T05:24:00+00:00' AIRFLOW_CTX_TRY_NUMBER='1' AIRFLOW_CTX_DAG_RUN_ID='scheduled__2024-04-17T05:24:00+00:00'
[2024-04-17T07:38:57.487+0000] {taskinstance.py:430} INFO - ::endgroup::
[2024-04-17T07:38:57.910+0000] {logging_mixin.py:188} INFO - Connection successful
[2024-04-17T07:38:58.390+0000] {logging_mixin.py:188} INFO - Connection successful
[2024-04-17T07:38:58.844+0000] {logging_mixin.py:188} INFO - Connection successful
[2024-04-17T07:38:58.848+0000] {logging_mixin.py:188} INFO - Null Not Found
[2024-04-17T07:38:58.849+0000] {logging_mixin.py:188} INFO - Null Not Found
[2024-04-17T07:38:58.857+0000] {logging_mixin.py:188} INFO - Null Not Found
[2024-04-17T07:38:58.858+0000] {logging_mixin.py:188} INFO - Null Not Found
[2024-04-17T07:38:58.859+0000] {logging_mixin.py:188} INFO - Null Not Found
[2024-04-17T07:38:58.860+0000] {logging_mixin.py:188} INFO - Null Not Found
[2024-04-17T07:38:58.861+0000] {python.py:237} INFO - Done. Returned value was: None
[2024-04-17T07:38:58.861+0000] {taskinstance.py:441} INFO - ::group::Post task execution logs
[2024-04-17T07:38:58.868+0000] {taskinstance.py:1205} INFO - Marking task as SUCCESS. dag_id=etl_for_spotify, task_id=processes, execution_date=20240417T052400, start_date=20240417T073857, end_date=20240417T073858
[2024-04-17T07:38:58.920+0000] {local_task_job_runner.py:240} INFO - Task exited with return code 0
[2024-04-17T07:38:58.937+0000] {taskinstance.py:3482} INFO - 0 downstream tasks scheduled from follow-on schedule check
[2024-04-17T07:38:58.939+0000] {local_task_job_runner.py:222} INFO - ::endgroup::
