[2024-04-17T07:29:26.491+0000] {local_task_job_runner.py:120} INFO - ::group::Pre task execution logs
[2024-04-17T07:29:26.512+0000] {taskinstance.py:2073} INFO - Dependencies all met for dep_context=non-requeueable deps ti=<TaskInstance: etl_for_spotify.hello2 scheduled__2024-04-16T00:38:00+00:00 [queued]>
[2024-04-17T07:29:26.521+0000] {taskinstance.py:2073} INFO - Dependencies all met for dep_context=requeueable deps ti=<TaskInstance: etl_for_spotify.hello2 scheduled__2024-04-16T00:38:00+00:00 [queued]>
[2024-04-17T07:29:26.522+0000] {taskinstance.py:2303} INFO - Starting attempt 1 of 2
[2024-04-17T07:29:26.538+0000] {taskinstance.py:2327} INFO - Executing <Task(PythonOperator): hello2> on 2024-04-16 00:38:00+00:00
[2024-04-17T07:29:26.547+0000] {warnings.py:110} WARNING - /home/***/.local/lib/python3.12/site-packages/***/task/task_runner/standard_task_runner.py:61: DeprecationWarning: This process (pid=5515) is multi-threaded, use of fork() may lead to deadlocks in the child.
  pid = os.fork()

[2024-04-17T07:29:26.549+0000] {standard_task_runner.py:63} INFO - Started process 5542 to run task
[2024-04-17T07:29:26.549+0000] {standard_task_runner.py:90} INFO - Running: ['***', 'tasks', 'run', 'etl_for_spotify', 'hello2', 'scheduled__2024-04-16T00:38:00+00:00', '--job-id', '2819', '--raw', '--subdir', 'DAGS_FOLDER/dag.py', '--cfg-path', '/tmp/tmpyfeokkke']
[2024-04-17T07:29:26.551+0000] {standard_task_runner.py:91} INFO - Job 2819: Subtask hello2
[2024-04-17T07:29:26.609+0000] {task_command.py:426} INFO - Running <TaskInstance: etl_for_spotify.hello2 scheduled__2024-04-16T00:38:00+00:00 [running]> on host 52651c1f9987
[2024-04-17T07:29:26.713+0000] {taskinstance.py:2644} INFO - Exporting env vars: AIRFLOW_CTX_DAG_OWNER='***' AIRFLOW_CTX_DAG_ID='etl_for_spotify' AIRFLOW_CTX_TASK_ID='hello2' AIRFLOW_CTX_EXECUTION_DATE='2024-04-16T00:38:00+00:00' AIRFLOW_CTX_TRY_NUMBER='1' AIRFLOW_CTX_DAG_RUN_ID='scheduled__2024-04-16T00:38:00+00:00'
[2024-04-17T07:29:26.715+0000] {taskinstance.py:430} INFO - ::endgroup::
[2024-04-17T07:29:27.240+0000] {logging_mixin.py:188} INFO - Connection successful
[2024-04-17T07:29:27.743+0000] {logging_mixin.py:188} INFO - Connection successful
[2024-04-17T07:29:28.226+0000] {logging_mixin.py:188} INFO - Connection successful
[2024-04-17T07:29:28.234+0000] {logging_mixin.py:188} INFO - Null Not Found
[2024-04-17T07:29:28.236+0000] {logging_mixin.py:188} INFO - Null Not Found
[2024-04-17T07:29:28.247+0000] {logging_mixin.py:188} INFO - Null Not Found
[2024-04-17T07:29:28.248+0000] {logging_mixin.py:188} INFO - Null Not Found
[2024-04-17T07:29:28.250+0000] {logging_mixin.py:188} INFO - Null Not Found
[2024-04-17T07:29:28.251+0000] {logging_mixin.py:188} INFO - Null Not Found
[2024-04-17T07:29:28.252+0000] {python.py:237} INFO - Done. Returned value was: None
[2024-04-17T07:29:28.253+0000] {taskinstance.py:441} INFO - ::group::Post task execution logs
[2024-04-17T07:29:28.264+0000] {taskinstance.py:1205} INFO - Marking task as SUCCESS. dag_id=etl_for_spotify, task_id=hello2, execution_date=20240416T003800, start_date=20240417T072926, end_date=20240417T072928
[2024-04-17T07:29:28.328+0000] {local_task_job_runner.py:240} INFO - Task exited with return code 0
[2024-04-17T07:29:28.345+0000] {taskinstance.py:3482} INFO - 0 downstream tasks scheduled from follow-on schedule check
[2024-04-17T07:29:28.347+0000] {local_task_job_runner.py:222} INFO - ::endgroup::
