[2024-04-16T09:38:22.286+0000] {local_task_job_runner.py:120} INFO - ::group::Pre task execution logs
[2024-04-16T09:38:22.305+0000] {taskinstance.py:2073} INFO - Dependencies all met for dep_context=non-requeueable deps ti=<TaskInstance: spotify_final_dag.hello2 scheduled__2024-04-16T01:02:00+00:00 [queued]>
[2024-04-16T09:38:22.314+0000] {taskinstance.py:2073} INFO - Dependencies all met for dep_context=requeueable deps ti=<TaskInstance: spotify_final_dag.hello2 scheduled__2024-04-16T01:02:00+00:00 [queued]>
[2024-04-16T09:38:22.315+0000] {taskinstance.py:2303} INFO - Starting attempt 1 of 2
[2024-04-16T09:38:22.327+0000] {taskinstance.py:2327} INFO - Executing <Task(PythonOperator): hello2> on 2024-04-16 01:02:00+00:00
[2024-04-16T09:38:22.336+0000] {warnings.py:110} WARNING - /home/***/.local/lib/python3.12/site-packages/***/task/task_runner/standard_task_runner.py:61: DeprecationWarning: This process (pid=1521) is multi-threaded, use of fork() may lead to deadlocks in the child.
  pid = os.fork()

[2024-04-16T09:38:22.338+0000] {standard_task_runner.py:63} INFO - Started process 1529 to run task
[2024-04-16T09:38:22.338+0000] {standard_task_runner.py:90} INFO - Running: ['***', 'tasks', 'run', 'spotify_final_dag', 'hello2', 'scheduled__2024-04-16T01:02:00+00:00', '--job-id', '239', '--raw', '--subdir', 'DAGS_FOLDER/dag.py', '--cfg-path', '/tmp/tmpppds62t6']
[2024-04-16T09:38:22.339+0000] {standard_task_runner.py:91} INFO - Job 239: Subtask hello2
[2024-04-16T09:38:22.379+0000] {task_command.py:426} INFO - Running <TaskInstance: spotify_final_dag.hello2 scheduled__2024-04-16T01:02:00+00:00 [running]> on host 52651c1f9987
[2024-04-16T09:38:22.468+0000] {taskinstance.py:2644} INFO - Exporting env vars: AIRFLOW_CTX_DAG_OWNER='***' AIRFLOW_CTX_DAG_ID='spotify_final_dag' AIRFLOW_CTX_TASK_ID='hello2' AIRFLOW_CTX_EXECUTION_DATE='2024-04-16T01:02:00+00:00' AIRFLOW_CTX_TRY_NUMBER='1' AIRFLOW_CTX_DAG_RUN_ID='scheduled__2024-04-16T01:02:00+00:00'
[2024-04-16T09:38:22.469+0000] {taskinstance.py:430} INFO - ::endgroup::
[2024-04-16T09:38:22.895+0000] {logging_mixin.py:188} INFO - Connection successful
[2024-04-16T09:38:23.309+0000] {logging_mixin.py:188} INFO - Connection successful
[2024-04-16T09:38:23.694+0000] {logging_mixin.py:188} INFO - Connection successful
[2024-04-16T09:38:23.698+0000] {logging_mixin.py:188} INFO - Null Not Found
[2024-04-16T09:38:23.699+0000] {logging_mixin.py:188} INFO - Null Not Found
[2024-04-16T09:38:23.707+0000] {logging_mixin.py:188} INFO - Null Not Found
[2024-04-16T09:38:23.708+0000] {logging_mixin.py:188} INFO - Null Not Found
[2024-04-16T09:38:23.709+0000] {logging_mixin.py:188} INFO - Null Not Found
[2024-04-16T09:38:23.709+0000] {logging_mixin.py:188} INFO - Null Not Found
[2024-04-16T09:38:23.710+0000] {python.py:237} INFO - Done. Returned value was: None
[2024-04-16T09:38:23.711+0000] {taskinstance.py:441} INFO - ::group::Post task execution logs
[2024-04-16T09:38:23.717+0000] {taskinstance.py:1205} INFO - Marking task as SUCCESS. dag_id=spotify_final_dag, task_id=hello2, execution_date=20240416T010200, start_date=20240416T093822, end_date=20240416T093823
[2024-04-16T09:38:23.756+0000] {local_task_job_runner.py:240} INFO - Task exited with return code 0
[2024-04-16T09:38:23.768+0000] {taskinstance.py:3482} INFO - 0 downstream tasks scheduled from follow-on schedule check
[2024-04-16T09:38:23.770+0000] {local_task_job_runner.py:222} INFO - ::endgroup::
[2024-04-16T09:46:59.696+0000] {local_task_job_runner.py:120} INFO - ::group::Pre task execution logs
[2024-04-16T09:46:59.717+0000] {taskinstance.py:2073} INFO - Dependencies all met for dep_context=non-requeueable deps ti=<TaskInstance: spotify_final_dag.hello2 scheduled__2024-04-16T01:02:00+00:00 [queued]>
[2024-04-16T09:46:59.726+0000] {taskinstance.py:2073} INFO - Dependencies all met for dep_context=requeueable deps ti=<TaskInstance: spotify_final_dag.hello2 scheduled__2024-04-16T01:02:00+00:00 [queued]>
[2024-04-16T09:46:59.727+0000] {taskinstance.py:2303} INFO - Starting attempt 1 of 2
[2024-04-16T09:46:59.738+0000] {taskinstance.py:2327} INFO - Executing <Task(PythonOperator): hello2> on 2024-04-16 01:02:00+00:00
[2024-04-16T09:46:59.746+0000] {warnings.py:110} WARNING - /home/***/.local/lib/python3.12/site-packages/***/task/task_runner/standard_task_runner.py:61: DeprecationWarning: This process (pid=3937) is multi-threaded, use of fork() may lead to deadlocks in the child.
  pid = os.fork()

[2024-04-16T09:46:59.747+0000] {standard_task_runner.py:63} INFO - Started process 3941 to run task
[2024-04-16T09:46:59.747+0000] {standard_task_runner.py:90} INFO - Running: ['***', 'tasks', 'run', 'spotify_final_dag', 'hello2', 'scheduled__2024-04-16T01:02:00+00:00', '--job-id', '1008', '--raw', '--subdir', 'DAGS_FOLDER/dag.py', '--cfg-path', '/tmp/tmpwk01o1jf']
[2024-04-16T09:46:59.748+0000] {standard_task_runner.py:91} INFO - Job 1008: Subtask hello2
[2024-04-16T09:46:59.781+0000] {task_command.py:426} INFO - Running <TaskInstance: spotify_final_dag.hello2 scheduled__2024-04-16T01:02:00+00:00 [running]> on host 52651c1f9987
[2024-04-16T09:46:59.847+0000] {taskinstance.py:2644} INFO - Exporting env vars: AIRFLOW_CTX_DAG_OWNER='***' AIRFLOW_CTX_DAG_ID='spotify_final_dag' AIRFLOW_CTX_TASK_ID='hello2' AIRFLOW_CTX_EXECUTION_DATE='2024-04-16T01:02:00+00:00' AIRFLOW_CTX_TRY_NUMBER='1' AIRFLOW_CTX_DAG_RUN_ID='scheduled__2024-04-16T01:02:00+00:00'
[2024-04-16T09:46:59.849+0000] {taskinstance.py:430} INFO - ::endgroup::
[2024-04-16T09:47:00.603+0000] {logging_mixin.py:188} INFO - Connection successful
[2024-04-16T09:47:01.034+0000] {logging_mixin.py:188} INFO - Connection successful
[2024-04-16T09:47:01.450+0000] {logging_mixin.py:188} INFO - Connection successful
[2024-04-16T09:47:01.453+0000] {logging_mixin.py:188} INFO - Null Not Found
[2024-04-16T09:47:01.454+0000] {logging_mixin.py:188} INFO - Null Not Found
[2024-04-16T09:47:01.462+0000] {logging_mixin.py:188} INFO - Null Not Found
[2024-04-16T09:47:01.463+0000] {logging_mixin.py:188} INFO - Null Not Found
[2024-04-16T09:47:01.464+0000] {logging_mixin.py:188} INFO - Null Not Found
[2024-04-16T09:47:01.464+0000] {logging_mixin.py:188} INFO - Null Not Found
[2024-04-16T09:47:01.465+0000] {python.py:237} INFO - Done. Returned value was: None
[2024-04-16T09:47:01.466+0000] {taskinstance.py:441} INFO - ::group::Post task execution logs
[2024-04-16T09:47:01.472+0000] {taskinstance.py:1205} INFO - Marking task as SUCCESS. dag_id=spotify_final_dag, task_id=hello2, execution_date=20240416T010200, start_date=20240416T094659, end_date=20240416T094701
[2024-04-16T09:47:01.489+0000] {local_task_job_runner.py:240} INFO - Task exited with return code 0
[2024-04-16T09:47:01.499+0000] {taskinstance.py:3482} INFO - 0 downstream tasks scheduled from follow-on schedule check
[2024-04-16T09:47:01.502+0000] {local_task_job_runner.py:222} INFO - ::endgroup::
