[2024-04-16T09:38:19.418+0000] {local_task_job_runner.py:120} INFO - ::group::Pre task execution logs
[2024-04-16T09:38:19.443+0000] {taskinstance.py:2073} INFO - Dependencies all met for dep_context=non-requeueable deps ti=<TaskInstance: spotify_final_dag.hello2 scheduled__2024-04-16T00:48:00+00:00 [queued]>
[2024-04-16T09:38:19.453+0000] {taskinstance.py:2073} INFO - Dependencies all met for dep_context=requeueable deps ti=<TaskInstance: spotify_final_dag.hello2 scheduled__2024-04-16T00:48:00+00:00 [queued]>
[2024-04-16T09:38:19.454+0000] {taskinstance.py:2303} INFO - Starting attempt 1 of 2
[2024-04-16T09:38:19.471+0000] {taskinstance.py:2327} INFO - Executing <Task(PythonOperator): hello2> on 2024-04-16 00:48:00+00:00
[2024-04-16T09:38:19.484+0000] {warnings.py:110} WARNING - /home/***/.local/lib/python3.12/site-packages/***/task/task_runner/standard_task_runner.py:61: DeprecationWarning: This process (pid=1472) is multi-threaded, use of fork() may lead to deadlocks in the child.
  pid = os.fork()

[2024-04-16T09:38:19.487+0000] {standard_task_runner.py:63} INFO - Started process 1503 to run task
[2024-04-16T09:38:19.491+0000] {standard_task_runner.py:90} INFO - Running: ['***', 'tasks', 'run', 'spotify_final_dag', 'hello2', 'scheduled__2024-04-16T00:48:00+00:00', '--job-id', '226', '--raw', '--subdir', 'DAGS_FOLDER/dag.py', '--cfg-path', '/tmp/tmp8728bhby']
[2024-04-16T09:38:19.492+0000] {standard_task_runner.py:91} INFO - Job 226: Subtask hello2
[2024-04-16T09:38:19.573+0000] {task_command.py:426} INFO - Running <TaskInstance: spotify_final_dag.hello2 scheduled__2024-04-16T00:48:00+00:00 [running]> on host 52651c1f9987
[2024-04-16T09:38:19.695+0000] {taskinstance.py:2644} INFO - Exporting env vars: AIRFLOW_CTX_DAG_OWNER='***' AIRFLOW_CTX_DAG_ID='spotify_final_dag' AIRFLOW_CTX_TASK_ID='hello2' AIRFLOW_CTX_EXECUTION_DATE='2024-04-16T00:48:00+00:00' AIRFLOW_CTX_TRY_NUMBER='1' AIRFLOW_CTX_DAG_RUN_ID='scheduled__2024-04-16T00:48:00+00:00'
[2024-04-16T09:38:19.696+0000] {taskinstance.py:430} INFO - ::endgroup::
[2024-04-16T09:38:20.104+0000] {logging_mixin.py:188} INFO - Connection successful
[2024-04-16T09:38:20.558+0000] {logging_mixin.py:188} INFO - Connection successful
[2024-04-16T09:38:21.006+0000] {logging_mixin.py:188} INFO - Connection successful
[2024-04-16T09:38:21.011+0000] {logging_mixin.py:188} INFO - Null Not Found
[2024-04-16T09:38:21.013+0000] {logging_mixin.py:188} INFO - Null Not Found
[2024-04-16T09:38:21.029+0000] {logging_mixin.py:188} INFO - Null Not Found
[2024-04-16T09:38:21.031+0000] {logging_mixin.py:188} INFO - Null Not Found
[2024-04-16T09:38:21.033+0000] {logging_mixin.py:188} INFO - Null Not Found
[2024-04-16T09:38:21.034+0000] {logging_mixin.py:188} INFO - Null Not Found
[2024-04-16T09:38:21.037+0000] {python.py:237} INFO - Done. Returned value was: None
[2024-04-16T09:38:21.038+0000] {taskinstance.py:441} INFO - ::group::Post task execution logs
[2024-04-16T09:38:21.051+0000] {taskinstance.py:1205} INFO - Marking task as SUCCESS. dag_id=spotify_final_dag, task_id=hello2, execution_date=20240416T004800, start_date=20240416T093819, end_date=20240416T093821
[2024-04-16T09:38:21.116+0000] {local_task_job_runner.py:240} INFO - Task exited with return code 0
[2024-04-16T09:38:21.136+0000] {taskinstance.py:3482} INFO - 0 downstream tasks scheduled from follow-on schedule check
[2024-04-16T09:38:21.139+0000] {local_task_job_runner.py:222} INFO - ::endgroup::
[2024-04-16T09:46:57.922+0000] {local_task_job_runner.py:120} INFO - ::group::Pre task execution logs
[2024-04-16T09:46:57.944+0000] {taskinstance.py:2073} INFO - Dependencies all met for dep_context=non-requeueable deps ti=<TaskInstance: spotify_final_dag.hello2 scheduled__2024-04-16T00:48:00+00:00 [queued]>
[2024-04-16T09:46:57.952+0000] {taskinstance.py:2073} INFO - Dependencies all met for dep_context=requeueable deps ti=<TaskInstance: spotify_final_dag.hello2 scheduled__2024-04-16T00:48:00+00:00 [queued]>
[2024-04-16T09:46:57.953+0000] {taskinstance.py:2303} INFO - Starting attempt 1 of 2
[2024-04-16T09:46:57.967+0000] {taskinstance.py:2327} INFO - Executing <Task(PythonOperator): hello2> on 2024-04-16 00:48:00+00:00
[2024-04-16T09:46:57.977+0000] {warnings.py:110} WARNING - /home/***/.local/lib/python3.12/site-packages/***/task/task_runner/standard_task_runner.py:61: DeprecationWarning: This process (pid=3904) is multi-threaded, use of fork() may lead to deadlocks in the child.
  pid = os.fork()

[2024-04-16T09:46:57.979+0000] {standard_task_runner.py:63} INFO - Started process 3931 to run task
[2024-04-16T09:46:57.979+0000] {standard_task_runner.py:90} INFO - Running: ['***', 'tasks', 'run', 'spotify_final_dag', 'hello2', 'scheduled__2024-04-16T00:48:00+00:00', '--job-id', '1000', '--raw', '--subdir', 'DAGS_FOLDER/dag.py', '--cfg-path', '/tmp/tmpt96o_ae7']
[2024-04-16T09:46:57.980+0000] {standard_task_runner.py:91} INFO - Job 1000: Subtask hello2
[2024-04-16T09:46:58.027+0000] {task_command.py:426} INFO - Running <TaskInstance: spotify_final_dag.hello2 scheduled__2024-04-16T00:48:00+00:00 [running]> on host 52651c1f9987
[2024-04-16T09:46:58.105+0000] {taskinstance.py:2644} INFO - Exporting env vars: AIRFLOW_CTX_DAG_OWNER='***' AIRFLOW_CTX_DAG_ID='spotify_final_dag' AIRFLOW_CTX_TASK_ID='hello2' AIRFLOW_CTX_EXECUTION_DATE='2024-04-16T00:48:00+00:00' AIRFLOW_CTX_TRY_NUMBER='1' AIRFLOW_CTX_DAG_RUN_ID='scheduled__2024-04-16T00:48:00+00:00'
[2024-04-16T09:46:58.107+0000] {taskinstance.py:430} INFO - ::endgroup::
[2024-04-16T09:46:58.795+0000] {logging_mixin.py:188} INFO - Connection successful
[2024-04-16T09:46:59.215+0000] {logging_mixin.py:188} INFO - Connection successful
[2024-04-16T09:46:59.597+0000] {logging_mixin.py:188} INFO - Connection successful
[2024-04-16T09:46:59.600+0000] {logging_mixin.py:188} INFO - Null Not Found
[2024-04-16T09:46:59.602+0000] {logging_mixin.py:188} INFO - Null Not Found
[2024-04-16T09:46:59.610+0000] {logging_mixin.py:188} INFO - Null Not Found
[2024-04-16T09:46:59.611+0000] {logging_mixin.py:188} INFO - Null Not Found
[2024-04-16T09:46:59.612+0000] {logging_mixin.py:188} INFO - Null Not Found
[2024-04-16T09:46:59.612+0000] {logging_mixin.py:188} INFO - Null Not Found
[2024-04-16T09:46:59.613+0000] {python.py:237} INFO - Done. Returned value was: None
[2024-04-16T09:46:59.614+0000] {taskinstance.py:441} INFO - ::group::Post task execution logs
[2024-04-16T09:46:59.621+0000] {taskinstance.py:1205} INFO - Marking task as SUCCESS. dag_id=spotify_final_dag, task_id=hello2, execution_date=20240416T004800, start_date=20240416T094657, end_date=20240416T094659
[2024-04-16T09:46:59.678+0000] {local_task_job_runner.py:240} INFO - Task exited with return code 0
[2024-04-16T09:46:59.689+0000] {taskinstance.py:3482} INFO - 0 downstream tasks scheduled from follow-on schedule check
[2024-04-16T09:46:59.691+0000] {local_task_job_runner.py:222} INFO - ::endgroup::
