[2024-04-16T09:39:27.612+0000] {local_task_job_runner.py:120} INFO - ::group::Pre task execution logs
[2024-04-16T09:39:27.630+0000] {taskinstance.py:2073} INFO - Dependencies all met for dep_context=non-requeueable deps ti=<TaskInstance: spotify_final_dag.hello2 scheduled__2024-04-16T02:32:00+00:00 [queued]>
[2024-04-16T09:39:27.637+0000] {taskinstance.py:2073} INFO - Dependencies all met for dep_context=requeueable deps ti=<TaskInstance: spotify_final_dag.hello2 scheduled__2024-04-16T02:32:00+00:00 [queued]>
[2024-04-16T09:39:27.638+0000] {taskinstance.py:2303} INFO - Starting attempt 1 of 2
[2024-04-16T09:39:27.648+0000] {taskinstance.py:2327} INFO - Executing <Task(PythonOperator): hello2> on 2024-04-16 02:32:00+00:00
[2024-04-16T09:39:27.657+0000] {warnings.py:110} WARNING - /home/***/.local/lib/python3.12/site-packages/***/task/task_runner/standard_task_runner.py:61: DeprecationWarning: This process (pid=2074) is multi-threaded, use of fork() may lead to deadlocks in the child.
  pid = os.fork()

[2024-04-16T09:39:27.658+0000] {standard_task_runner.py:63} INFO - Started process 2085 to run task
[2024-04-16T09:39:27.659+0000] {standard_task_runner.py:90} INFO - Running: ['***', 'tasks', 'run', 'spotify_final_dag', 'hello2', 'scheduled__2024-04-16T02:32:00+00:00', '--job-id', '421', '--raw', '--subdir', 'DAGS_FOLDER/dag.py', '--cfg-path', '/tmp/tmphvqddpnf']
[2024-04-16T09:39:27.660+0000] {standard_task_runner.py:91} INFO - Job 421: Subtask hello2
[2024-04-16T09:39:27.702+0000] {task_command.py:426} INFO - Running <TaskInstance: spotify_final_dag.hello2 scheduled__2024-04-16T02:32:00+00:00 [running]> on host 52651c1f9987
[2024-04-16T09:39:27.772+0000] {taskinstance.py:2644} INFO - Exporting env vars: AIRFLOW_CTX_DAG_OWNER='***' AIRFLOW_CTX_DAG_ID='spotify_final_dag' AIRFLOW_CTX_TASK_ID='hello2' AIRFLOW_CTX_EXECUTION_DATE='2024-04-16T02:32:00+00:00' AIRFLOW_CTX_TRY_NUMBER='1' AIRFLOW_CTX_DAG_RUN_ID='scheduled__2024-04-16T02:32:00+00:00'
[2024-04-16T09:39:27.773+0000] {taskinstance.py:430} INFO - ::endgroup::
[2024-04-16T09:39:28.191+0000] {logging_mixin.py:188} INFO - Connection successful
[2024-04-16T09:39:28.643+0000] {logging_mixin.py:188} INFO - Connection successful
[2024-04-16T09:39:29.081+0000] {logging_mixin.py:188} INFO - Connection successful
[2024-04-16T09:39:29.085+0000] {logging_mixin.py:188} INFO - Null Not Found
[2024-04-16T09:39:29.087+0000] {logging_mixin.py:188} INFO - Null Not Found
[2024-04-16T09:39:29.095+0000] {logging_mixin.py:188} INFO - Null Not Found
[2024-04-16T09:39:29.095+0000] {logging_mixin.py:188} INFO - Null Not Found
[2024-04-16T09:39:29.096+0000] {logging_mixin.py:188} INFO - Null Not Found
[2024-04-16T09:39:29.097+0000] {logging_mixin.py:188} INFO - Null Not Found
[2024-04-16T09:39:29.098+0000] {python.py:237} INFO - Done. Returned value was: None
[2024-04-16T09:39:29.098+0000] {taskinstance.py:441} INFO - ::group::Post task execution logs
[2024-04-16T09:39:29.105+0000] {taskinstance.py:1205} INFO - Marking task as SUCCESS. dag_id=spotify_final_dag, task_id=hello2, execution_date=20240416T023200, start_date=20240416T093927, end_date=20240416T093929
[2024-04-16T09:39:29.158+0000] {local_task_job_runner.py:240} INFO - Task exited with return code 0
[2024-04-16T09:39:29.169+0000] {taskinstance.py:3482} INFO - 0 downstream tasks scheduled from follow-on schedule check
[2024-04-16T09:39:29.172+0000] {local_task_job_runner.py:222} INFO - ::endgroup::
[2024-04-16T09:47:29.447+0000] {local_task_job_runner.py:120} INFO - ::group::Pre task execution logs
[2024-04-16T09:47:29.468+0000] {taskinstance.py:2073} INFO - Dependencies all met for dep_context=non-requeueable deps ti=<TaskInstance: spotify_final_dag.hello2 scheduled__2024-04-16T02:32:00+00:00 [queued]>
[2024-04-16T09:47:29.476+0000] {taskinstance.py:2073} INFO - Dependencies all met for dep_context=requeueable deps ti=<TaskInstance: spotify_final_dag.hello2 scheduled__2024-04-16T02:32:00+00:00 [queued]>
[2024-04-16T09:47:29.476+0000] {taskinstance.py:2303} INFO - Starting attempt 1 of 2
[2024-04-16T09:47:29.488+0000] {taskinstance.py:2327} INFO - Executing <Task(PythonOperator): hello2> on 2024-04-16 02:32:00+00:00
[2024-04-16T09:47:29.494+0000] {warnings.py:110} WARNING - /home/***/.local/lib/python3.12/site-packages/***/task/task_runner/standard_task_runner.py:61: DeprecationWarning: This process (pid=4212) is multi-threaded, use of fork() may lead to deadlocks in the child.
  pid = os.fork()

[2024-04-16T09:47:29.495+0000] {standard_task_runner.py:63} INFO - Started process 4231 to run task
[2024-04-16T09:47:29.496+0000] {standard_task_runner.py:90} INFO - Running: ['***', 'tasks', 'run', 'spotify_final_dag', 'hello2', 'scheduled__2024-04-16T02:32:00+00:00', '--job-id', '1100', '--raw', '--subdir', 'DAGS_FOLDER/dag.py', '--cfg-path', '/tmp/tmpu2pjtn2h']
[2024-04-16T09:47:29.497+0000] {standard_task_runner.py:91} INFO - Job 1100: Subtask hello2
[2024-04-16T09:47:29.532+0000] {task_command.py:426} INFO - Running <TaskInstance: spotify_final_dag.hello2 scheduled__2024-04-16T02:32:00+00:00 [running]> on host 52651c1f9987
[2024-04-16T09:47:29.615+0000] {taskinstance.py:2644} INFO - Exporting env vars: AIRFLOW_CTX_DAG_OWNER='***' AIRFLOW_CTX_DAG_ID='spotify_final_dag' AIRFLOW_CTX_TASK_ID='hello2' AIRFLOW_CTX_EXECUTION_DATE='2024-04-16T02:32:00+00:00' AIRFLOW_CTX_TRY_NUMBER='1' AIRFLOW_CTX_DAG_RUN_ID='scheduled__2024-04-16T02:32:00+00:00'
[2024-04-16T09:47:29.617+0000] {taskinstance.py:430} INFO - ::endgroup::
[2024-04-16T09:47:30.035+0000] {logging_mixin.py:188} INFO - Connection successful
[2024-04-16T09:47:30.438+0000] {logging_mixin.py:188} INFO - Connection successful
[2024-04-16T09:47:31.205+0000] {logging_mixin.py:188} INFO - Connection successful
[2024-04-16T09:47:31.209+0000] {logging_mixin.py:188} INFO - Null Not Found
[2024-04-16T09:47:31.210+0000] {logging_mixin.py:188} INFO - Null Not Found
[2024-04-16T09:47:31.217+0000] {logging_mixin.py:188} INFO - Null Not Found
[2024-04-16T09:47:31.218+0000] {logging_mixin.py:188} INFO - Null Not Found
[2024-04-16T09:47:31.219+0000] {logging_mixin.py:188} INFO - Null Not Found
[2024-04-16T09:47:31.220+0000] {logging_mixin.py:188} INFO - Null Not Found
[2024-04-16T09:47:31.221+0000] {python.py:237} INFO - Done. Returned value was: None
[2024-04-16T09:47:31.221+0000] {taskinstance.py:441} INFO - ::group::Post task execution logs
[2024-04-16T09:47:31.227+0000] {taskinstance.py:1205} INFO - Marking task as SUCCESS. dag_id=spotify_final_dag, task_id=hello2, execution_date=20240416T023200, start_date=20240416T094729, end_date=20240416T094731
[2024-04-16T09:47:31.274+0000] {local_task_job_runner.py:240} INFO - Task exited with return code 0
[2024-04-16T09:47:31.287+0000] {taskinstance.py:3482} INFO - 0 downstream tasks scheduled from follow-on schedule check
[2024-04-16T09:47:31.289+0000] {local_task_job_runner.py:222} INFO - ::endgroup::
