[2024-04-17T07:38:14.555+0000] {local_task_job_runner.py:120} INFO - ::group::Pre task execution logs
[2024-04-17T07:38:14.579+0000] {taskinstance.py:2073} INFO - Dependencies all met for dep_context=non-requeueable deps ti=<TaskInstance: etl_for_spotify.processes scheduled__2024-04-17T02:58:00+00:00 [queued]>
[2024-04-17T07:38:14.590+0000] {taskinstance.py:2073} INFO - Dependencies all met for dep_context=requeueable deps ti=<TaskInstance: etl_for_spotify.processes scheduled__2024-04-17T02:58:00+00:00 [queued]>
[2024-04-17T07:38:14.591+0000] {taskinstance.py:2303} INFO - Starting attempt 1 of 2
[2024-04-17T07:38:14.608+0000] {taskinstance.py:2327} INFO - Executing <Task(PythonOperator): processes> on 2024-04-17 02:58:00+00:00
[2024-04-17T07:38:14.618+0000] {warnings.py:110} WARNING - /home/***/.local/lib/python3.12/site-packages/***/task/task_runner/standard_task_runner.py:61: DeprecationWarning: This process (pid=10437) is multi-threaded, use of fork() may lead to deadlocks in the child.
  pid = os.fork()

[2024-04-17T07:38:14.619+0000] {standard_task_runner.py:63} INFO - Started process 10461 to run task
[2024-04-17T07:38:14.619+0000] {standard_task_runner.py:90} INFO - Running: ['***', 'tasks', 'run', 'etl_for_spotify', 'processes', 'scheduled__2024-04-17T02:58:00+00:00', '--job-id', '4414', '--raw', '--subdir', 'DAGS_FOLDER/dag.py', '--cfg-path', '/tmp/tmpe74iwup_']
[2024-04-17T07:38:14.621+0000] {standard_task_runner.py:91} INFO - Job 4414: Subtask processes
[2024-04-17T07:38:14.667+0000] {task_command.py:426} INFO - Running <TaskInstance: etl_for_spotify.processes scheduled__2024-04-17T02:58:00+00:00 [running]> on host 52651c1f9987
[2024-04-17T07:38:14.767+0000] {taskinstance.py:2644} INFO - Exporting env vars: AIRFLOW_CTX_DAG_OWNER='***' AIRFLOW_CTX_DAG_ID='etl_for_spotify' AIRFLOW_CTX_TASK_ID='processes' AIRFLOW_CTX_EXECUTION_DATE='2024-04-17T02:58:00+00:00' AIRFLOW_CTX_TRY_NUMBER='1' AIRFLOW_CTX_DAG_RUN_ID='scheduled__2024-04-17T02:58:00+00:00'
[2024-04-17T07:38:14.768+0000] {taskinstance.py:430} INFO - ::endgroup::
[2024-04-17T07:38:15.240+0000] {logging_mixin.py:188} INFO - Connection successful
[2024-04-17T07:38:15.720+0000] {logging_mixin.py:188} INFO - Connection successful
[2024-04-17T07:38:16.185+0000] {logging_mixin.py:188} INFO - Connection successful
[2024-04-17T07:38:16.189+0000] {logging_mixin.py:188} INFO - Null Not Found
[2024-04-17T07:38:16.190+0000] {logging_mixin.py:188} INFO - Null Not Found
[2024-04-17T07:38:16.201+0000] {logging_mixin.py:188} INFO - Null Not Found
[2024-04-17T07:38:16.201+0000] {logging_mixin.py:188} INFO - Null Not Found
[2024-04-17T07:38:16.202+0000] {logging_mixin.py:188} INFO - Null Not Found
[2024-04-17T07:38:16.203+0000] {logging_mixin.py:188} INFO - Null Not Found
[2024-04-17T07:38:16.204+0000] {python.py:237} INFO - Done. Returned value was: None
[2024-04-17T07:38:16.204+0000] {taskinstance.py:441} INFO - ::group::Post task execution logs
[2024-04-17T07:38:16.211+0000] {taskinstance.py:1205} INFO - Marking task as SUCCESS. dag_id=etl_for_spotify, task_id=processes, execution_date=20240417T025800, start_date=20240417T073814, end_date=20240417T073816
[2024-04-17T07:38:16.238+0000] {local_task_job_runner.py:240} INFO - Task exited with return code 0
[2024-04-17T07:38:16.251+0000] {taskinstance.py:3482} INFO - 0 downstream tasks scheduled from follow-on schedule check
[2024-04-17T07:38:16.253+0000] {local_task_job_runner.py:222} INFO - ::endgroup::
