[2024-04-17T07:33:25.076+0000] {local_task_job_runner.py:120} INFO - ::group::Pre task execution logs
[2024-04-17T07:33:25.106+0000] {taskinstance.py:2073} INFO - Dependencies all met for dep_context=non-requeueable deps ti=<TaskInstance: etl_for_spotify.processes scheduled__2024-04-16T11:54:00+00:00 [queued]>
[2024-04-17T07:33:25.120+0000] {taskinstance.py:2073} INFO - Dependencies all met for dep_context=requeueable deps ti=<TaskInstance: etl_for_spotify.processes scheduled__2024-04-16T11:54:00+00:00 [queued]>
[2024-04-17T07:33:25.121+0000] {taskinstance.py:2303} INFO - Starting attempt 1 of 2
[2024-04-17T07:33:25.139+0000] {taskinstance.py:2327} INFO - Executing <Task(PythonOperator): processes> on 2024-04-16 11:54:00+00:00
[2024-04-17T07:33:25.150+0000] {warnings.py:110} WARNING - /home/***/.local/lib/python3.12/site-packages/***/task/task_runner/standard_task_runner.py:61: DeprecationWarning: This process (pid=7669) is multi-threaded, use of fork() may lead to deadlocks in the child.
  pid = os.fork()

[2024-04-17T07:33:25.151+0000] {standard_task_runner.py:63} INFO - Started process 7699 to run task
[2024-04-17T07:33:25.151+0000] {standard_task_runner.py:90} INFO - Running: ['***', 'tasks', 'run', 'etl_for_spotify', 'processes', 'scheduled__2024-04-16T11:54:00+00:00', '--job-id', '3513', '--raw', '--subdir', 'DAGS_FOLDER/dag.py', '--cfg-path', '/tmp/tmpdyrgbb1_']
[2024-04-17T07:33:25.153+0000] {standard_task_runner.py:91} INFO - Job 3513: Subtask processes
[2024-04-17T07:33:25.215+0000] {task_command.py:426} INFO - Running <TaskInstance: etl_for_spotify.processes scheduled__2024-04-16T11:54:00+00:00 [running]> on host 52651c1f9987
[2024-04-17T07:33:25.331+0000] {taskinstance.py:2644} INFO - Exporting env vars: AIRFLOW_CTX_DAG_OWNER='***' AIRFLOW_CTX_DAG_ID='etl_for_spotify' AIRFLOW_CTX_TASK_ID='processes' AIRFLOW_CTX_EXECUTION_DATE='2024-04-16T11:54:00+00:00' AIRFLOW_CTX_TRY_NUMBER='1' AIRFLOW_CTX_DAG_RUN_ID='scheduled__2024-04-16T11:54:00+00:00'
[2024-04-17T07:33:25.334+0000] {taskinstance.py:430} INFO - ::endgroup::
[2024-04-17T07:33:25.770+0000] {logging_mixin.py:188} INFO - Connection successful
[2024-04-17T07:33:26.195+0000] {logging_mixin.py:188} INFO - Connection successful
[2024-04-17T07:33:26.611+0000] {logging_mixin.py:188} INFO - Connection successful
[2024-04-17T07:33:26.617+0000] {logging_mixin.py:188} INFO - Null Not Found
[2024-04-17T07:33:26.618+0000] {logging_mixin.py:188} INFO - Null Not Found
[2024-04-17T07:33:26.630+0000] {logging_mixin.py:188} INFO - Null Not Found
[2024-04-17T07:33:26.631+0000] {logging_mixin.py:188} INFO - Null Not Found
[2024-04-17T07:33:26.633+0000] {logging_mixin.py:188} INFO - Null Not Found
[2024-04-17T07:33:26.634+0000] {logging_mixin.py:188} INFO - Null Not Found
[2024-04-17T07:33:26.637+0000] {python.py:237} INFO - Done. Returned value was: None
[2024-04-17T07:33:26.637+0000] {taskinstance.py:441} INFO - ::group::Post task execution logs
[2024-04-17T07:33:26.648+0000] {taskinstance.py:1205} INFO - Marking task as SUCCESS. dag_id=etl_for_spotify, task_id=processes, execution_date=20240416T115400, start_date=20240417T073325, end_date=20240417T073326
[2024-04-17T07:33:26.696+0000] {local_task_job_runner.py:240} INFO - Task exited with return code 0
[2024-04-17T07:33:26.712+0000] {taskinstance.py:3482} INFO - 0 downstream tasks scheduled from follow-on schedule check
[2024-04-17T07:33:26.714+0000] {local_task_job_runner.py:222} INFO - ::endgroup::
