[2024-04-16T09:40:27.046+0000] {local_task_job_runner.py:120} INFO - ::group::Pre task execution logs
[2024-04-16T09:40:27.072+0000] {taskinstance.py:2073} INFO - Dependencies all met for dep_context=non-requeueable deps ti=<TaskInstance: spotify_final_dag.hello2 scheduled__2024-04-16T03:58:00+00:00 [queued]>
[2024-04-16T09:40:27.086+0000] {taskinstance.py:2073} INFO - Dependencies all met for dep_context=requeueable deps ti=<TaskInstance: spotify_final_dag.hello2 scheduled__2024-04-16T03:58:00+00:00 [queued]>
[2024-04-16T09:40:27.087+0000] {taskinstance.py:2303} INFO - Starting attempt 1 of 2
[2024-04-16T09:40:27.106+0000] {taskinstance.py:2327} INFO - Executing <Task(PythonOperator): hello2> on 2024-04-16 03:58:00+00:00
[2024-04-16T09:40:27.120+0000] {warnings.py:110} WARNING - /home/***/.local/lib/python3.12/site-packages/***/task/task_runner/standard_task_runner.py:61: DeprecationWarning: This process (pid=2628) is multi-threaded, use of fork() may lead to deadlocks in the child.
  pid = os.fork()

[2024-04-16T09:40:27.122+0000] {standard_task_runner.py:90} INFO - Running: ['***', 'tasks', 'run', 'spotify_final_dag', 'hello2', 'scheduled__2024-04-16T03:58:00+00:00', '--job-id', '604', '--raw', '--subdir', 'DAGS_FOLDER/dag.py', '--cfg-path', '/tmp/tmp1lnr01rq']
[2024-04-16T09:40:27.124+0000] {standard_task_runner.py:91} INFO - Job 604: Subtask hello2
[2024-04-16T09:40:27.123+0000] {standard_task_runner.py:63} INFO - Started process 2657 to run task
[2024-04-16T09:40:27.178+0000] {task_command.py:426} INFO - Running <TaskInstance: spotify_final_dag.hello2 scheduled__2024-04-16T03:58:00+00:00 [running]> on host 52651c1f9987
[2024-04-16T09:40:27.286+0000] {taskinstance.py:2644} INFO - Exporting env vars: AIRFLOW_CTX_DAG_OWNER='***' AIRFLOW_CTX_DAG_ID='spotify_final_dag' AIRFLOW_CTX_TASK_ID='hello2' AIRFLOW_CTX_EXECUTION_DATE='2024-04-16T03:58:00+00:00' AIRFLOW_CTX_TRY_NUMBER='1' AIRFLOW_CTX_DAG_RUN_ID='scheduled__2024-04-16T03:58:00+00:00'
[2024-04-16T09:40:27.287+0000] {taskinstance.py:430} INFO - ::endgroup::
[2024-04-16T09:40:27.722+0000] {logging_mixin.py:188} INFO - Connection successful
[2024-04-16T09:40:28.144+0000] {logging_mixin.py:188} INFO - Connection successful
[2024-04-16T09:40:28.538+0000] {logging_mixin.py:188} INFO - Connection successful
[2024-04-16T09:40:28.542+0000] {logging_mixin.py:188} INFO - Null Not Found
[2024-04-16T09:40:28.544+0000] {logging_mixin.py:188} INFO - Null Not Found
[2024-04-16T09:40:28.553+0000] {logging_mixin.py:188} INFO - Null Not Found
[2024-04-16T09:40:28.553+0000] {logging_mixin.py:188} INFO - Null Not Found
[2024-04-16T09:40:28.555+0000] {logging_mixin.py:188} INFO - Null Not Found
[2024-04-16T09:40:28.555+0000] {logging_mixin.py:188} INFO - Null Not Found
[2024-04-16T09:40:28.556+0000] {python.py:237} INFO - Done. Returned value was: None
[2024-04-16T09:40:28.557+0000] {taskinstance.py:441} INFO - ::group::Post task execution logs
[2024-04-16T09:40:28.563+0000] {taskinstance.py:1205} INFO - Marking task as SUCCESS. dag_id=spotify_final_dag, task_id=hello2, execution_date=20240416T035800, start_date=20240416T094027, end_date=20240416T094028
[2024-04-16T09:40:28.624+0000] {local_task_job_runner.py:240} INFO - Task exited with return code 0
[2024-04-16T09:40:28.639+0000] {taskinstance.py:3482} INFO - 0 downstream tasks scheduled from follow-on schedule check
[2024-04-16T09:40:28.642+0000] {local_task_job_runner.py:222} INFO - ::endgroup::
[2024-04-16T09:47:59.387+0000] {local_task_job_runner.py:120} INFO - ::group::Pre task execution logs
[2024-04-16T09:47:59.406+0000] {taskinstance.py:2073} INFO - Dependencies all met for dep_context=non-requeueable deps ti=<TaskInstance: spotify_final_dag.hello2 scheduled__2024-04-16T03:58:00+00:00 [queued]>
[2024-04-16T09:47:59.415+0000] {taskinstance.py:2073} INFO - Dependencies all met for dep_context=requeueable deps ti=<TaskInstance: spotify_final_dag.hello2 scheduled__2024-04-16T03:58:00+00:00 [queued]>
[2024-04-16T09:47:59.416+0000] {taskinstance.py:2303} INFO - Starting attempt 1 of 2
[2024-04-16T09:47:59.428+0000] {taskinstance.py:2327} INFO - Executing <Task(PythonOperator): hello2> on 2024-04-16 03:58:00+00:00
[2024-04-16T09:47:59.435+0000] {warnings.py:110} WARNING - /home/***/.local/lib/python3.12/site-packages/***/task/task_runner/standard_task_runner.py:61: DeprecationWarning: This process (pid=4494) is multi-threaded, use of fork() may lead to deadlocks in the child.
  pid = os.fork()

[2024-04-16T09:47:59.437+0000] {standard_task_runner.py:63} INFO - Started process 4520 to run task
[2024-04-16T09:47:59.437+0000] {standard_task_runner.py:90} INFO - Running: ['***', 'tasks', 'run', 'spotify_final_dag', 'hello2', 'scheduled__2024-04-16T03:58:00+00:00', '--job-id', '1193', '--raw', '--subdir', 'DAGS_FOLDER/dag.py', '--cfg-path', '/tmp/tmpuska5n8d']
[2024-04-16T09:47:59.438+0000] {standard_task_runner.py:91} INFO - Job 1193: Subtask hello2
[2024-04-16T09:47:59.486+0000] {task_command.py:426} INFO - Running <TaskInstance: spotify_final_dag.hello2 scheduled__2024-04-16T03:58:00+00:00 [running]> on host 52651c1f9987
[2024-04-16T09:47:59.587+0000] {taskinstance.py:2644} INFO - Exporting env vars: AIRFLOW_CTX_DAG_OWNER='***' AIRFLOW_CTX_DAG_ID='spotify_final_dag' AIRFLOW_CTX_TASK_ID='hello2' AIRFLOW_CTX_EXECUTION_DATE='2024-04-16T03:58:00+00:00' AIRFLOW_CTX_TRY_NUMBER='1' AIRFLOW_CTX_DAG_RUN_ID='scheduled__2024-04-16T03:58:00+00:00'
[2024-04-16T09:47:59.589+0000] {taskinstance.py:430} INFO - ::endgroup::
[2024-04-16T09:47:59.992+0000] {logging_mixin.py:188} INFO - Connection successful
[2024-04-16T09:48:00.396+0000] {logging_mixin.py:188} INFO - Connection successful
[2024-04-16T09:48:00.811+0000] {logging_mixin.py:188} INFO - Connection successful
[2024-04-16T09:48:00.815+0000] {logging_mixin.py:188} INFO - Null Not Found
[2024-04-16T09:48:00.816+0000] {logging_mixin.py:188} INFO - Null Not Found
[2024-04-16T09:48:00.824+0000] {logging_mixin.py:188} INFO - Null Not Found
[2024-04-16T09:48:00.825+0000] {logging_mixin.py:188} INFO - Null Not Found
[2024-04-16T09:48:00.826+0000] {logging_mixin.py:188} INFO - Null Not Found
[2024-04-16T09:48:00.826+0000] {logging_mixin.py:188} INFO - Null Not Found
[2024-04-16T09:48:00.827+0000] {python.py:237} INFO - Done. Returned value was: None
[2024-04-16T09:48:00.828+0000] {taskinstance.py:441} INFO - ::group::Post task execution logs
[2024-04-16T09:48:00.834+0000] {taskinstance.py:1205} INFO - Marking task as SUCCESS. dag_id=spotify_final_dag, task_id=hello2, execution_date=20240416T035800, start_date=20240416T094759, end_date=20240416T094800
[2024-04-16T09:48:00.854+0000] {local_task_job_runner.py:240} INFO - Task exited with return code 0
[2024-04-16T09:48:00.868+0000] {taskinstance.py:3482} INFO - 0 downstream tasks scheduled from follow-on schedule check
[2024-04-16T09:48:00.870+0000] {local_task_job_runner.py:222} INFO - ::endgroup::
