[2024-04-17T07:32:46.258+0000] {local_task_job_runner.py:120} INFO - ::group::Pre task execution logs
[2024-04-17T07:32:46.275+0000] {taskinstance.py:2073} INFO - Dependencies all met for dep_context=non-requeueable deps ti=<TaskInstance: etl_for_spotify.processes scheduled__2024-04-16T10:16:00+00:00 [queued]>
[2024-04-17T07:32:46.281+0000] {taskinstance.py:2073} INFO - Dependencies all met for dep_context=requeueable deps ti=<TaskInstance: etl_for_spotify.processes scheduled__2024-04-16T10:16:00+00:00 [queued]>
[2024-04-17T07:32:46.282+0000] {taskinstance.py:2303} INFO - Starting attempt 1 of 2
[2024-04-17T07:32:46.292+0000] {taskinstance.py:2327} INFO - Executing <Task(PythonOperator): processes> on 2024-04-16 10:16:00+00:00
[2024-04-17T07:32:46.299+0000] {warnings.py:110} WARNING - /home/***/.local/lib/python3.12/site-packages/***/task/task_runner/standard_task_runner.py:61: DeprecationWarning: This process (pid=7336) is multi-threaded, use of fork() may lead to deadlocks in the child.
  pid = os.fork()

[2024-04-17T07:32:46.301+0000] {standard_task_runner.py:63} INFO - Started process 7340 to run task
[2024-04-17T07:32:46.300+0000] {standard_task_runner.py:90} INFO - Running: ['***', 'tasks', 'run', 'etl_for_spotify', 'processes', 'scheduled__2024-04-16T10:16:00+00:00', '--job-id', '3402', '--raw', '--subdir', 'DAGS_FOLDER/dag.py', '--cfg-path', '/tmp/tmp1tt7l47g']
[2024-04-17T07:32:46.301+0000] {standard_task_runner.py:91} INFO - Job 3402: Subtask processes
[2024-04-17T07:32:46.335+0000] {task_command.py:426} INFO - Running <TaskInstance: etl_for_spotify.processes scheduled__2024-04-16T10:16:00+00:00 [running]> on host 52651c1f9987
[2024-04-17T07:32:46.405+0000] {taskinstance.py:2644} INFO - Exporting env vars: AIRFLOW_CTX_DAG_OWNER='***' AIRFLOW_CTX_DAG_ID='etl_for_spotify' AIRFLOW_CTX_TASK_ID='processes' AIRFLOW_CTX_EXECUTION_DATE='2024-04-16T10:16:00+00:00' AIRFLOW_CTX_TRY_NUMBER='1' AIRFLOW_CTX_DAG_RUN_ID='scheduled__2024-04-16T10:16:00+00:00'
[2024-04-17T07:32:46.406+0000] {taskinstance.py:430} INFO - ::endgroup::
[2024-04-17T07:32:46.893+0000] {logging_mixin.py:188} INFO - Connection successful
[2024-04-17T07:32:47.313+0000] {logging_mixin.py:188} INFO - Connection successful
[2024-04-17T07:32:47.741+0000] {logging_mixin.py:188} INFO - Connection successful
[2024-04-17T07:32:47.746+0000] {logging_mixin.py:188} INFO - Null Not Found
[2024-04-17T07:32:47.747+0000] {logging_mixin.py:188} INFO - Null Not Found
[2024-04-17T07:32:47.756+0000] {logging_mixin.py:188} INFO - Null Not Found
[2024-04-17T07:32:47.756+0000] {logging_mixin.py:188} INFO - Null Not Found
[2024-04-17T07:32:47.758+0000] {logging_mixin.py:188} INFO - Null Not Found
[2024-04-17T07:32:47.759+0000] {logging_mixin.py:188} INFO - Null Not Found
[2024-04-17T07:32:47.761+0000] {python.py:237} INFO - Done. Returned value was: None
[2024-04-17T07:32:47.761+0000] {taskinstance.py:441} INFO - ::group::Post task execution logs
[2024-04-17T07:32:47.769+0000] {taskinstance.py:1205} INFO - Marking task as SUCCESS. dag_id=etl_for_spotify, task_id=processes, execution_date=20240416T101600, start_date=20240417T073246, end_date=20240417T073247
[2024-04-17T07:32:47.800+0000] {local_task_job_runner.py:240} INFO - Task exited with return code 0
[2024-04-17T07:32:47.812+0000] {taskinstance.py:3482} INFO - 0 downstream tasks scheduled from follow-on schedule check
[2024-04-17T07:32:47.814+0000] {local_task_job_runner.py:222} INFO - ::endgroup::
