[2024-04-16T09:41:37.778+0000] {local_task_job_runner.py:120} INFO - ::group::Pre task execution logs
[2024-04-16T09:41:37.795+0000] {taskinstance.py:2073} INFO - Dependencies all met for dep_context=non-requeueable deps ti=<TaskInstance: spotify_final_dag.hello2 scheduled__2024-04-16T05:56:00+00:00 [queued]>
[2024-04-16T09:41:37.803+0000] {taskinstance.py:2073} INFO - Dependencies all met for dep_context=requeueable deps ti=<TaskInstance: spotify_final_dag.hello2 scheduled__2024-04-16T05:56:00+00:00 [queued]>
[2024-04-16T09:41:37.804+0000] {taskinstance.py:2303} INFO - Starting attempt 1 of 2
[2024-04-16T09:41:37.815+0000] {taskinstance.py:2327} INFO - Executing <Task(PythonOperator): hello2> on 2024-04-16 05:56:00+00:00
[2024-04-16T09:41:37.823+0000] {warnings.py:110} WARNING - /home/***/.local/lib/python3.12/site-packages/***/task/task_runner/standard_task_runner.py:61: DeprecationWarning: This process (pid=3327) is multi-threaded, use of fork() may lead to deadlocks in the child.
  pid = os.fork()

[2024-04-16T09:41:37.825+0000] {standard_task_runner.py:63} INFO - Started process 3339 to run task
[2024-04-16T09:41:37.825+0000] {standard_task_runner.py:90} INFO - Running: ['***', 'tasks', 'run', 'spotify_final_dag', 'hello2', 'scheduled__2024-04-16T05:56:00+00:00', '--job-id', '830', '--raw', '--subdir', 'DAGS_FOLDER/dag.py', '--cfg-path', '/tmp/tmp3ki_807s']
[2024-04-16T09:41:37.826+0000] {standard_task_runner.py:91} INFO - Job 830: Subtask hello2
[2024-04-16T09:41:37.869+0000] {task_command.py:426} INFO - Running <TaskInstance: spotify_final_dag.hello2 scheduled__2024-04-16T05:56:00+00:00 [running]> on host 52651c1f9987
[2024-04-16T09:41:37.955+0000] {taskinstance.py:2644} INFO - Exporting env vars: AIRFLOW_CTX_DAG_OWNER='***' AIRFLOW_CTX_DAG_ID='spotify_final_dag' AIRFLOW_CTX_TASK_ID='hello2' AIRFLOW_CTX_EXECUTION_DATE='2024-04-16T05:56:00+00:00' AIRFLOW_CTX_TRY_NUMBER='1' AIRFLOW_CTX_DAG_RUN_ID='scheduled__2024-04-16T05:56:00+00:00'
[2024-04-16T09:41:37.957+0000] {taskinstance.py:430} INFO - ::endgroup::
[2024-04-16T09:41:38.358+0000] {logging_mixin.py:188} INFO - Connection successful
[2024-04-16T09:41:38.802+0000] {logging_mixin.py:188} INFO - Connection successful
[2024-04-16T09:41:39.214+0000] {logging_mixin.py:188} INFO - Connection successful
[2024-04-16T09:41:39.218+0000] {logging_mixin.py:188} INFO - Null Not Found
[2024-04-16T09:41:39.219+0000] {logging_mixin.py:188} INFO - Null Not Found
[2024-04-16T09:41:39.228+0000] {logging_mixin.py:188} INFO - Null Not Found
[2024-04-16T09:41:39.229+0000] {logging_mixin.py:188} INFO - Null Not Found
[2024-04-16T09:41:39.230+0000] {logging_mixin.py:188} INFO - Null Not Found
[2024-04-16T09:41:39.230+0000] {logging_mixin.py:188} INFO - Null Not Found
[2024-04-16T09:41:39.231+0000] {python.py:237} INFO - Done. Returned value was: None
[2024-04-16T09:41:39.231+0000] {taskinstance.py:441} INFO - ::group::Post task execution logs
[2024-04-16T09:41:39.238+0000] {taskinstance.py:1205} INFO - Marking task as SUCCESS. dag_id=spotify_final_dag, task_id=hello2, execution_date=20240416T055600, start_date=20240416T094137, end_date=20240416T094139
[2024-04-16T09:41:39.283+0000] {local_task_job_runner.py:240} INFO - Task exited with return code 0
[2024-04-16T09:41:39.296+0000] {taskinstance.py:3482} INFO - 0 downstream tasks scheduled from follow-on schedule check
[2024-04-16T09:41:39.298+0000] {local_task_job_runner.py:222} INFO - ::endgroup::
[2024-04-16T09:48:39.033+0000] {local_task_job_runner.py:120} INFO - ::group::Pre task execution logs
[2024-04-16T09:48:39.056+0000] {taskinstance.py:2073} INFO - Dependencies all met for dep_context=non-requeueable deps ti=<TaskInstance: spotify_final_dag.hello2 scheduled__2024-04-16T05:56:00+00:00 [queued]>
[2024-04-16T09:48:39.065+0000] {taskinstance.py:2073} INFO - Dependencies all met for dep_context=requeueable deps ti=<TaskInstance: spotify_final_dag.hello2 scheduled__2024-04-16T05:56:00+00:00 [queued]>
[2024-04-16T09:48:39.065+0000] {taskinstance.py:2303} INFO - Starting attempt 1 of 2
[2024-04-16T09:48:39.083+0000] {taskinstance.py:2327} INFO - Executing <Task(PythonOperator): hello2> on 2024-04-16 05:56:00+00:00
[2024-04-16T09:48:39.093+0000] {warnings.py:110} WARNING - /home/***/.local/lib/python3.12/site-packages/***/task/task_runner/standard_task_runner.py:61: DeprecationWarning: This process (pid=4875) is multi-threaded, use of fork() may lead to deadlocks in the child.
  pid = os.fork()

[2024-04-16T09:48:39.094+0000] {standard_task_runner.py:63} INFO - Started process 4903 to run task
[2024-04-16T09:48:39.095+0000] {standard_task_runner.py:90} INFO - Running: ['***', 'tasks', 'run', 'spotify_final_dag', 'hello2', 'scheduled__2024-04-16T05:56:00+00:00', '--job-id', '1317', '--raw', '--subdir', 'DAGS_FOLDER/dag.py', '--cfg-path', '/tmp/tmp6q66zgo7']
[2024-04-16T09:48:39.096+0000] {standard_task_runner.py:91} INFO - Job 1317: Subtask hello2
[2024-04-16T09:48:39.153+0000] {task_command.py:426} INFO - Running <TaskInstance: spotify_final_dag.hello2 scheduled__2024-04-16T05:56:00+00:00 [running]> on host 52651c1f9987
[2024-04-16T09:48:39.264+0000] {taskinstance.py:2644} INFO - Exporting env vars: AIRFLOW_CTX_DAG_OWNER='***' AIRFLOW_CTX_DAG_ID='spotify_final_dag' AIRFLOW_CTX_TASK_ID='hello2' AIRFLOW_CTX_EXECUTION_DATE='2024-04-16T05:56:00+00:00' AIRFLOW_CTX_TRY_NUMBER='1' AIRFLOW_CTX_DAG_RUN_ID='scheduled__2024-04-16T05:56:00+00:00'
[2024-04-16T09:48:39.265+0000] {taskinstance.py:430} INFO - ::endgroup::
[2024-04-16T09:48:39.689+0000] {logging_mixin.py:188} INFO - Connection successful
[2024-04-16T09:48:40.149+0000] {logging_mixin.py:188} INFO - Connection successful
[2024-04-16T09:48:40.563+0000] {logging_mixin.py:188} INFO - Connection successful
[2024-04-16T09:48:40.566+0000] {logging_mixin.py:188} INFO - Null Not Found
[2024-04-16T09:48:40.567+0000] {logging_mixin.py:188} INFO - Null Not Found
[2024-04-16T09:48:40.576+0000] {logging_mixin.py:188} INFO - Null Not Found
[2024-04-16T09:48:40.577+0000] {logging_mixin.py:188} INFO - Null Not Found
[2024-04-16T09:48:40.579+0000] {logging_mixin.py:188} INFO - Null Not Found
[2024-04-16T09:48:40.580+0000] {logging_mixin.py:188} INFO - Null Not Found
[2024-04-16T09:48:40.582+0000] {python.py:237} INFO - Done. Returned value was: None
[2024-04-16T09:48:40.582+0000] {taskinstance.py:441} INFO - ::group::Post task execution logs
[2024-04-16T09:48:40.592+0000] {taskinstance.py:1205} INFO - Marking task as SUCCESS. dag_id=spotify_final_dag, task_id=hello2, execution_date=20240416T055600, start_date=20240416T094839, end_date=20240416T094840
[2024-04-16T09:48:40.675+0000] {local_task_job_runner.py:240} INFO - Task exited with return code 0
[2024-04-16T09:48:40.692+0000] {taskinstance.py:3482} INFO - 0 downstream tasks scheduled from follow-on schedule check
[2024-04-16T09:48:40.694+0000] {local_task_job_runner.py:222} INFO - ::endgroup::
