[2024-04-16T09:39:01.711+0000] {local_task_job_runner.py:120} INFO - ::group::Pre task execution logs
[2024-04-16T09:39:01.735+0000] {taskinstance.py:2073} INFO - Dependencies all met for dep_context=non-requeueable deps ti=<TaskInstance: spotify_final_dag.hello2 scheduled__2024-04-16T01:52:00+00:00 [queued]>
[2024-04-16T09:39:01.746+0000] {taskinstance.py:2073} INFO - Dependencies all met for dep_context=requeueable deps ti=<TaskInstance: spotify_final_dag.hello2 scheduled__2024-04-16T01:52:00+00:00 [queued]>
[2024-04-16T09:39:01.747+0000] {taskinstance.py:2303} INFO - Starting attempt 1 of 2
[2024-04-16T09:39:01.766+0000] {taskinstance.py:2327} INFO - Executing <Task(PythonOperator): hello2> on 2024-04-16 01:52:00+00:00
[2024-04-16T09:39:01.778+0000] {warnings.py:110} WARNING - /home/***/.local/lib/python3.12/site-packages/***/task/task_runner/standard_task_runner.py:61: DeprecationWarning: This process (pid=1865) is multi-threaded, use of fork() may lead to deadlocks in the child.
  pid = os.fork()

[2024-04-16T09:39:01.780+0000] {standard_task_runner.py:63} INFO - Started process 1894 to run task
[2024-04-16T09:39:01.780+0000] {standard_task_runner.py:90} INFO - Running: ['***', 'tasks', 'run', 'spotify_final_dag', 'hello2', 'scheduled__2024-04-16T01:52:00+00:00', '--job-id', '355', '--raw', '--subdir', 'DAGS_FOLDER/dag.py', '--cfg-path', '/tmp/tmp4ik0yage']
[2024-04-16T09:39:01.782+0000] {standard_task_runner.py:91} INFO - Job 355: Subtask hello2
[2024-04-16T09:39:01.841+0000] {task_command.py:426} INFO - Running <TaskInstance: spotify_final_dag.hello2 scheduled__2024-04-16T01:52:00+00:00 [running]> on host 52651c1f9987
[2024-04-16T09:39:01.975+0000] {taskinstance.py:2644} INFO - Exporting env vars: AIRFLOW_CTX_DAG_OWNER='***' AIRFLOW_CTX_DAG_ID='spotify_final_dag' AIRFLOW_CTX_TASK_ID='hello2' AIRFLOW_CTX_EXECUTION_DATE='2024-04-16T01:52:00+00:00' AIRFLOW_CTX_TRY_NUMBER='1' AIRFLOW_CTX_DAG_RUN_ID='scheduled__2024-04-16T01:52:00+00:00'
[2024-04-16T09:39:01.977+0000] {taskinstance.py:430} INFO - ::endgroup::
[2024-04-16T09:39:02.422+0000] {logging_mixin.py:188} INFO - Connection successful
[2024-04-16T09:39:02.887+0000] {logging_mixin.py:188} INFO - Connection successful
[2024-04-16T09:39:03.453+0000] {logging_mixin.py:188} INFO - Connection successful
[2024-04-16T09:39:03.457+0000] {logging_mixin.py:188} INFO - Null Not Found
[2024-04-16T09:39:03.458+0000] {logging_mixin.py:188} INFO - Null Not Found
[2024-04-16T09:39:03.466+0000] {logging_mixin.py:188} INFO - Null Not Found
[2024-04-16T09:39:03.466+0000] {logging_mixin.py:188} INFO - Null Not Found
[2024-04-16T09:39:03.467+0000] {logging_mixin.py:188} INFO - Null Not Found
[2024-04-16T09:39:03.468+0000] {logging_mixin.py:188} INFO - Null Not Found
[2024-04-16T09:39:03.469+0000] {python.py:237} INFO - Done. Returned value was: None
[2024-04-16T09:39:03.469+0000] {taskinstance.py:441} INFO - ::group::Post task execution logs
[2024-04-16T09:39:03.476+0000] {taskinstance.py:1205} INFO - Marking task as SUCCESS. dag_id=spotify_final_dag, task_id=hello2, execution_date=20240416T015200, start_date=20240416T093901, end_date=20240416T093903
[2024-04-16T09:39:03.526+0000] {local_task_job_runner.py:240} INFO - Task exited with return code 0
[2024-04-16T09:39:03.540+0000] {taskinstance.py:3482} INFO - 0 downstream tasks scheduled from follow-on schedule check
[2024-04-16T09:39:03.541+0000] {local_task_job_runner.py:222} INFO - ::endgroup::
[2024-04-16T09:47:18.301+0000] {local_task_job_runner.py:120} INFO - ::group::Pre task execution logs
[2024-04-16T09:47:18.315+0000] {taskinstance.py:2073} INFO - Dependencies all met for dep_context=non-requeueable deps ti=<TaskInstance: spotify_final_dag.hello2 scheduled__2024-04-16T01:52:00+00:00 [queued]>
[2024-04-16T09:47:18.321+0000] {taskinstance.py:2073} INFO - Dependencies all met for dep_context=requeueable deps ti=<TaskInstance: spotify_final_dag.hello2 scheduled__2024-04-16T01:52:00+00:00 [queued]>
[2024-04-16T09:47:18.321+0000] {taskinstance.py:2303} INFO - Starting attempt 1 of 2
[2024-04-16T09:47:18.331+0000] {taskinstance.py:2327} INFO - Executing <Task(PythonOperator): hello2> on 2024-04-16 01:52:00+00:00
[2024-04-16T09:47:18.337+0000] {warnings.py:110} WARNING - /home/***/.local/lib/python3.12/site-packages/***/task/task_runner/standard_task_runner.py:61: DeprecationWarning: This process (pid=4106) is multi-threaded, use of fork() may lead to deadlocks in the child.
  pid = os.fork()

[2024-04-16T09:47:18.338+0000] {standard_task_runner.py:63} INFO - Started process 4124 to run task
[2024-04-16T09:47:18.338+0000] {standard_task_runner.py:90} INFO - Running: ['***', 'tasks', 'run', 'spotify_final_dag', 'hello2', 'scheduled__2024-04-16T01:52:00+00:00', '--job-id', '1065', '--raw', '--subdir', 'DAGS_FOLDER/dag.py', '--cfg-path', '/tmp/tmp_x3qtucd']
[2024-04-16T09:47:18.339+0000] {standard_task_runner.py:91} INFO - Job 1065: Subtask hello2
[2024-04-16T09:47:18.373+0000] {task_command.py:426} INFO - Running <TaskInstance: spotify_final_dag.hello2 scheduled__2024-04-16T01:52:00+00:00 [running]> on host 52651c1f9987
[2024-04-16T09:47:18.446+0000] {taskinstance.py:2644} INFO - Exporting env vars: AIRFLOW_CTX_DAG_OWNER='***' AIRFLOW_CTX_DAG_ID='spotify_final_dag' AIRFLOW_CTX_TASK_ID='hello2' AIRFLOW_CTX_EXECUTION_DATE='2024-04-16T01:52:00+00:00' AIRFLOW_CTX_TRY_NUMBER='1' AIRFLOW_CTX_DAG_RUN_ID='scheduled__2024-04-16T01:52:00+00:00'
[2024-04-16T09:47:18.447+0000] {taskinstance.py:430} INFO - ::endgroup::
[2024-04-16T09:47:18.907+0000] {logging_mixin.py:188} INFO - Connection successful
[2024-04-16T09:47:19.299+0000] {logging_mixin.py:188} INFO - Connection successful
[2024-04-16T09:47:19.735+0000] {logging_mixin.py:188} INFO - Connection successful
[2024-04-16T09:47:19.740+0000] {logging_mixin.py:188} INFO - Null Not Found
[2024-04-16T09:47:19.742+0000] {logging_mixin.py:188} INFO - Null Not Found
[2024-04-16T09:47:19.752+0000] {logging_mixin.py:188} INFO - Null Not Found
[2024-04-16T09:47:19.753+0000] {logging_mixin.py:188} INFO - Null Not Found
[2024-04-16T09:47:19.755+0000] {logging_mixin.py:188} INFO - Null Not Found
[2024-04-16T09:47:19.756+0000] {logging_mixin.py:188} INFO - Null Not Found
[2024-04-16T09:47:19.757+0000] {python.py:237} INFO - Done. Returned value was: None
[2024-04-16T09:47:19.757+0000] {taskinstance.py:441} INFO - ::group::Post task execution logs
[2024-04-16T09:47:19.767+0000] {taskinstance.py:1205} INFO - Marking task as SUCCESS. dag_id=spotify_final_dag, task_id=hello2, execution_date=20240416T015200, start_date=20240416T094718, end_date=20240416T094719
[2024-04-16T09:47:19.795+0000] {local_task_job_runner.py:240} INFO - Task exited with return code 0
[2024-04-16T09:47:19.808+0000] {taskinstance.py:3482} INFO - 0 downstream tasks scheduled from follow-on schedule check
[2024-04-16T09:47:19.809+0000] {local_task_job_runner.py:222} INFO - ::endgroup::
