[2024-04-17T05:24:02.578+0000] {local_task_job_runner.py:120} INFO - ::group::Pre task execution logs
[2024-04-17T05:24:02.601+0000] {taskinstance.py:2073} INFO - Dependencies all met for dep_context=non-requeueable deps ti=<TaskInstance: spotify_final_dag.hello2 scheduled__2024-04-16T12:02:00+00:00 [queued]>
[2024-04-17T05:24:02.611+0000] {taskinstance.py:2073} INFO - Dependencies all met for dep_context=requeueable deps ti=<TaskInstance: spotify_final_dag.hello2 scheduled__2024-04-16T12:02:00+00:00 [queued]>
[2024-04-17T05:24:02.612+0000] {taskinstance.py:2303} INFO - Starting attempt 1 of 2
[2024-04-17T05:24:02.629+0000] {taskinstance.py:2327} INFO - Executing <Task(PythonOperator): hello2> on 2024-04-16 12:02:00+00:00
[2024-04-17T05:24:02.638+0000] {warnings.py:110} WARNING - /home/***/.local/lib/python3.12/site-packages/***/task/task_runner/standard_task_runner.py:61: DeprecationWarning: This process (pid=527) is multi-threaded, use of fork() may lead to deadlocks in the child.
  pid = os.fork()

[2024-04-17T05:24:02.639+0000] {standard_task_runner.py:63} INFO - Started process 557 to run task
[2024-04-17T05:24:02.642+0000] {standard_task_runner.py:90} INFO - Running: ['***', 'tasks', 'run', 'spotify_final_dag', 'hello2', 'scheduled__2024-04-16T12:02:00+00:00', '--job-id', '1711', '--raw', '--subdir', 'DAGS_FOLDER/dag.py', '--cfg-path', '/tmp/tmpfukrsmo_']
[2024-04-17T05:24:02.643+0000] {standard_task_runner.py:91} INFO - Job 1711: Subtask hello2
[2024-04-17T05:24:02.694+0000] {task_command.py:426} INFO - Running <TaskInstance: spotify_final_dag.hello2 scheduled__2024-04-16T12:02:00+00:00 [running]> on host 52651c1f9987
[2024-04-17T05:24:02.788+0000] {taskinstance.py:2644} INFO - Exporting env vars: AIRFLOW_CTX_DAG_OWNER='***' AIRFLOW_CTX_DAG_ID='spotify_final_dag' AIRFLOW_CTX_TASK_ID='hello2' AIRFLOW_CTX_EXECUTION_DATE='2024-04-16T12:02:00+00:00' AIRFLOW_CTX_TRY_NUMBER='1' AIRFLOW_CTX_DAG_RUN_ID='scheduled__2024-04-16T12:02:00+00:00'
[2024-04-17T05:24:02.791+0000] {taskinstance.py:430} INFO - ::endgroup::
[2024-04-17T05:24:03.259+0000] {logging_mixin.py:188} INFO - Connection successful
[2024-04-17T05:24:03.764+0000] {logging_mixin.py:188} INFO - Connection successful
[2024-04-17T05:24:04.171+0000] {logging_mixin.py:188} INFO - Connection successful
[2024-04-17T05:24:04.176+0000] {logging_mixin.py:188} INFO - Null Not Found
[2024-04-17T05:24:04.177+0000] {logging_mixin.py:188} INFO - Null Not Found
[2024-04-17T05:24:04.185+0000] {logging_mixin.py:188} INFO - Null Not Found
[2024-04-17T05:24:04.186+0000] {logging_mixin.py:188} INFO - Null Not Found
[2024-04-17T05:24:04.187+0000] {logging_mixin.py:188} INFO - Null Not Found
[2024-04-17T05:24:04.187+0000] {logging_mixin.py:188} INFO - Null Not Found
[2024-04-17T05:24:04.189+0000] {python.py:237} INFO - Done. Returned value was: None
[2024-04-17T05:24:04.189+0000] {taskinstance.py:441} INFO - ::group::Post task execution logs
[2024-04-17T05:24:04.197+0000] {taskinstance.py:1205} INFO - Marking task as SUCCESS. dag_id=spotify_final_dag, task_id=hello2, execution_date=20240416T120200, start_date=20240417T052402, end_date=20240417T052404
[2024-04-17T05:24:04.217+0000] {local_task_job_runner.py:240} INFO - Task exited with return code 0
[2024-04-17T05:24:04.230+0000] {taskinstance.py:3482} INFO - 0 downstream tasks scheduled from follow-on schedule check
[2024-04-17T05:24:04.231+0000] {local_task_job_runner.py:222} INFO - ::endgroup::
