[2024-04-16T09:38:29.839+0000] {local_task_job_runner.py:120} INFO - ::group::Pre task execution logs
[2024-04-16T09:38:29.861+0000] {taskinstance.py:2073} INFO - Dependencies all met for dep_context=non-requeueable deps ti=<TaskInstance: spotify_final_dag.hello2 scheduled__2024-04-16T01:12:00+00:00 [queued]>
[2024-04-16T09:38:29.871+0000] {taskinstance.py:2073} INFO - Dependencies all met for dep_context=requeueable deps ti=<TaskInstance: spotify_final_dag.hello2 scheduled__2024-04-16T01:12:00+00:00 [queued]>
[2024-04-16T09:38:29.872+0000] {taskinstance.py:2303} INFO - Starting attempt 1 of 2
[2024-04-16T09:38:29.888+0000] {taskinstance.py:2327} INFO - Executing <Task(PythonOperator): hello2> on 2024-04-16 01:12:00+00:00
[2024-04-16T09:38:29.898+0000] {warnings.py:110} WARNING - /home/***/.local/lib/python3.12/site-packages/***/task/task_runner/standard_task_runner.py:61: DeprecationWarning: This process (pid=1590) is multi-threaded, use of fork() may lead to deadlocks in the child.
  pid = os.fork()

[2024-04-16T09:38:29.899+0000] {standard_task_runner.py:63} INFO - Started process 1611 to run task
[2024-04-16T09:38:29.899+0000] {standard_task_runner.py:90} INFO - Running: ['***', 'tasks', 'run', 'spotify_final_dag', 'hello2', 'scheduled__2024-04-16T01:12:00+00:00', '--job-id', '267', '--raw', '--subdir', 'DAGS_FOLDER/dag.py', '--cfg-path', '/tmp/tmpf1r_rm91']
[2024-04-16T09:38:29.900+0000] {standard_task_runner.py:91} INFO - Job 267: Subtask hello2
[2024-04-16T09:38:29.949+0000] {task_command.py:426} INFO - Running <TaskInstance: spotify_final_dag.hello2 scheduled__2024-04-16T01:12:00+00:00 [running]> on host 52651c1f9987
[2024-04-16T09:38:30.068+0000] {taskinstance.py:2644} INFO - Exporting env vars: AIRFLOW_CTX_DAG_OWNER='***' AIRFLOW_CTX_DAG_ID='spotify_final_dag' AIRFLOW_CTX_TASK_ID='hello2' AIRFLOW_CTX_EXECUTION_DATE='2024-04-16T01:12:00+00:00' AIRFLOW_CTX_TRY_NUMBER='1' AIRFLOW_CTX_DAG_RUN_ID='scheduled__2024-04-16T01:12:00+00:00'
[2024-04-16T09:38:30.069+0000] {taskinstance.py:430} INFO - ::endgroup::
[2024-04-16T09:38:30.511+0000] {logging_mixin.py:188} INFO - Connection successful
[2024-04-16T09:38:30.975+0000] {logging_mixin.py:188} INFO - Connection successful
[2024-04-16T09:38:31.394+0000] {logging_mixin.py:188} INFO - Connection successful
[2024-04-16T09:38:31.400+0000] {logging_mixin.py:188} INFO - Null Not Found
[2024-04-16T09:38:31.401+0000] {logging_mixin.py:188} INFO - Null Not Found
[2024-04-16T09:38:31.414+0000] {logging_mixin.py:188} INFO - Null Not Found
[2024-04-16T09:38:31.415+0000] {logging_mixin.py:188} INFO - Null Not Found
[2024-04-16T09:38:31.417+0000] {logging_mixin.py:188} INFO - Null Not Found
[2024-04-16T09:38:31.417+0000] {logging_mixin.py:188} INFO - Null Not Found
[2024-04-16T09:38:31.420+0000] {python.py:237} INFO - Done. Returned value was: None
[2024-04-16T09:38:31.420+0000] {taskinstance.py:441} INFO - ::group::Post task execution logs
[2024-04-16T09:38:31.430+0000] {taskinstance.py:1205} INFO - Marking task as SUCCESS. dag_id=spotify_final_dag, task_id=hello2, execution_date=20240416T011200, start_date=20240416T093829, end_date=20240416T093831
[2024-04-16T09:38:31.557+0000] {local_task_job_runner.py:240} INFO - Task exited with return code 0
[2024-04-16T09:38:31.571+0000] {taskinstance.py:3482} INFO - 0 downstream tasks scheduled from follow-on schedule check
[2024-04-16T09:38:31.573+0000] {local_task_job_runner.py:222} INFO - ::endgroup::
[2024-04-16T09:47:07.117+0000] {local_task_job_runner.py:120} INFO - ::group::Pre task execution logs
[2024-04-16T09:47:07.142+0000] {taskinstance.py:2073} INFO - Dependencies all met for dep_context=non-requeueable deps ti=<TaskInstance: spotify_final_dag.hello2 scheduled__2024-04-16T01:12:00+00:00 [queued]>
[2024-04-16T09:47:07.151+0000] {taskinstance.py:2073} INFO - Dependencies all met for dep_context=requeueable deps ti=<TaskInstance: spotify_final_dag.hello2 scheduled__2024-04-16T01:12:00+00:00 [queued]>
[2024-04-16T09:47:07.152+0000] {taskinstance.py:2303} INFO - Starting attempt 1 of 2
[2024-04-16T09:47:07.170+0000] {taskinstance.py:2327} INFO - Executing <Task(PythonOperator): hello2> on 2024-04-16 01:12:00+00:00
[2024-04-16T09:47:07.181+0000] {warnings.py:110} WARNING - /home/***/.local/lib/python3.12/site-packages/***/task/task_runner/standard_task_runner.py:61: DeprecationWarning: This process (pid=3987) is multi-threaded, use of fork() may lead to deadlocks in the child.
  pid = os.fork()

[2024-04-16T09:47:07.183+0000] {standard_task_runner.py:63} INFO - Started process 4023 to run task
[2024-04-16T09:47:07.189+0000] {standard_task_runner.py:90} INFO - Running: ['***', 'tasks', 'run', 'spotify_final_dag', 'hello2', 'scheduled__2024-04-16T01:12:00+00:00', '--job-id', '1028', '--raw', '--subdir', 'DAGS_FOLDER/dag.py', '--cfg-path', '/tmp/tmpwh6_trss']
[2024-04-16T09:47:07.190+0000] {standard_task_runner.py:91} INFO - Job 1028: Subtask hello2
[2024-04-16T09:47:07.245+0000] {task_command.py:426} INFO - Running <TaskInstance: spotify_final_dag.hello2 scheduled__2024-04-16T01:12:00+00:00 [running]> on host 52651c1f9987
[2024-04-16T09:47:07.352+0000] {taskinstance.py:2644} INFO - Exporting env vars: AIRFLOW_CTX_DAG_OWNER='***' AIRFLOW_CTX_DAG_ID='spotify_final_dag' AIRFLOW_CTX_TASK_ID='hello2' AIRFLOW_CTX_EXECUTION_DATE='2024-04-16T01:12:00+00:00' AIRFLOW_CTX_TRY_NUMBER='1' AIRFLOW_CTX_DAG_RUN_ID='scheduled__2024-04-16T01:12:00+00:00'
[2024-04-16T09:47:07.356+0000] {taskinstance.py:430} INFO - ::endgroup::
[2024-04-16T09:47:07.770+0000] {logging_mixin.py:188} INFO - Connection successful
[2024-04-16T09:47:08.177+0000] {logging_mixin.py:188} INFO - Connection successful
[2024-04-16T09:47:08.660+0000] {logging_mixin.py:188} INFO - Connection successful
[2024-04-16T09:47:08.664+0000] {logging_mixin.py:188} INFO - Null Not Found
[2024-04-16T09:47:08.665+0000] {logging_mixin.py:188} INFO - Null Not Found
[2024-04-16T09:47:08.676+0000] {logging_mixin.py:188} INFO - Null Not Found
[2024-04-16T09:47:08.676+0000] {logging_mixin.py:188} INFO - Null Not Found
[2024-04-16T09:47:08.677+0000] {logging_mixin.py:188} INFO - Null Not Found
[2024-04-16T09:47:08.678+0000] {logging_mixin.py:188} INFO - Null Not Found
[2024-04-16T09:47:08.679+0000] {python.py:237} INFO - Done. Returned value was: None
[2024-04-16T09:47:08.679+0000] {taskinstance.py:441} INFO - ::group::Post task execution logs
[2024-04-16T09:47:08.689+0000] {taskinstance.py:1205} INFO - Marking task as SUCCESS. dag_id=spotify_final_dag, task_id=hello2, execution_date=20240416T011200, start_date=20240416T094707, end_date=20240416T094708
[2024-04-16T09:47:08.723+0000] {local_task_job_runner.py:240} INFO - Task exited with return code 0
[2024-04-16T09:47:08.736+0000] {taskinstance.py:3482} INFO - 0 downstream tasks scheduled from follow-on schedule check
[2024-04-16T09:47:08.737+0000] {local_task_job_runner.py:222} INFO - ::endgroup::
