[2024-04-16T09:49:29.903+0000] {local_task_job_runner.py:120} INFO - ::group::Pre task execution logs
[2024-04-16T09:49:29.929+0000] {taskinstance.py:2073} INFO - Dependencies all met for dep_context=non-requeueable deps ti=<TaskInstance: spotify_final_dag.hello2 scheduled__2024-04-16T08:48:00+00:00 [queued]>
[2024-04-16T09:49:29.940+0000] {taskinstance.py:2073} INFO - Dependencies all met for dep_context=requeueable deps ti=<TaskInstance: spotify_final_dag.hello2 scheduled__2024-04-16T08:48:00+00:00 [queued]>
[2024-04-16T09:49:29.941+0000] {taskinstance.py:2303} INFO - Starting attempt 1 of 2
[2024-04-16T09:49:29.957+0000] {taskinstance.py:2327} INFO - Executing <Task(PythonOperator): hello2> on 2024-04-16 08:48:00+00:00
[2024-04-16T09:49:29.966+0000] {warnings.py:110} WARNING - /home/***/.local/lib/python3.12/site-packages/***/task/task_runner/standard_task_runner.py:61: DeprecationWarning: This process (pid=5381) is multi-threaded, use of fork() may lead to deadlocks in the child.
  pid = os.fork()

[2024-04-16T09:49:29.968+0000] {standard_task_runner.py:63} INFO - Started process 5407 to run task
[2024-04-16T09:49:29.968+0000] {standard_task_runner.py:90} INFO - Running: ['***', 'tasks', 'run', 'spotify_final_dag', 'hello2', 'scheduled__2024-04-16T08:48:00+00:00', '--job-id', '1481', '--raw', '--subdir', 'DAGS_FOLDER/dag.py', '--cfg-path', '/tmp/tmpa4sww3zd']
[2024-04-16T09:49:29.969+0000] {standard_task_runner.py:91} INFO - Job 1481: Subtask hello2
[2024-04-16T09:49:30.016+0000] {task_command.py:426} INFO - Running <TaskInstance: spotify_final_dag.hello2 scheduled__2024-04-16T08:48:00+00:00 [running]> on host 52651c1f9987
[2024-04-16T09:49:30.104+0000] {taskinstance.py:2644} INFO - Exporting env vars: AIRFLOW_CTX_DAG_OWNER='***' AIRFLOW_CTX_DAG_ID='spotify_final_dag' AIRFLOW_CTX_TASK_ID='hello2' AIRFLOW_CTX_EXECUTION_DATE='2024-04-16T08:48:00+00:00' AIRFLOW_CTX_TRY_NUMBER='1' AIRFLOW_CTX_DAG_RUN_ID='scheduled__2024-04-16T08:48:00+00:00'
[2024-04-16T09:49:30.105+0000] {taskinstance.py:430} INFO - ::endgroup::
[2024-04-16T09:49:30.551+0000] {logging_mixin.py:188} INFO - Connection successful
[2024-04-16T09:49:30.944+0000] {logging_mixin.py:188} INFO - Connection successful
[2024-04-16T09:49:31.400+0000] {logging_mixin.py:188} INFO - Connection successful
[2024-04-16T09:49:31.404+0000] {logging_mixin.py:188} INFO - Null Not Found
[2024-04-16T09:49:31.405+0000] {logging_mixin.py:188} INFO - Null Not Found
[2024-04-16T09:49:31.414+0000] {logging_mixin.py:188} INFO - Null Not Found
[2024-04-16T09:49:31.415+0000] {logging_mixin.py:188} INFO - Null Not Found
[2024-04-16T09:49:31.416+0000] {logging_mixin.py:188} INFO - Null Not Found
[2024-04-16T09:49:31.417+0000] {logging_mixin.py:188} INFO - Null Not Found
[2024-04-16T09:49:31.418+0000] {python.py:237} INFO - Done. Returned value was: None
[2024-04-16T09:49:31.419+0000] {taskinstance.py:441} INFO - ::group::Post task execution logs
[2024-04-16T09:49:31.427+0000] {taskinstance.py:1205} INFO - Marking task as SUCCESS. dag_id=spotify_final_dag, task_id=hello2, execution_date=20240416T084800, start_date=20240416T094929, end_date=20240416T094931
[2024-04-16T09:49:31.467+0000] {local_task_job_runner.py:240} INFO - Task exited with return code 0
[2024-04-16T09:49:31.479+0000] {taskinstance.py:3482} INFO - 0 downstream tasks scheduled from follow-on schedule check
[2024-04-16T09:49:31.481+0000] {local_task_job_runner.py:222} INFO - ::endgroup::
