[2024-04-16T09:40:17.751+0000] {local_task_job_runner.py:120} INFO - ::group::Pre task execution logs
[2024-04-16T09:40:17.770+0000] {taskinstance.py:2073} INFO - Dependencies all met for dep_context=non-requeueable deps ti=<TaskInstance: spotify_final_dag.hello2 scheduled__2024-04-16T03:48:00+00:00 [queued]>
[2024-04-16T09:40:17.781+0000] {taskinstance.py:2073} INFO - Dependencies all met for dep_context=requeueable deps ti=<TaskInstance: spotify_final_dag.hello2 scheduled__2024-04-16T03:48:00+00:00 [queued]>
[2024-04-16T09:40:17.782+0000] {taskinstance.py:2303} INFO - Starting attempt 1 of 2
[2024-04-16T09:40:17.794+0000] {taskinstance.py:2327} INFO - Executing <Task(PythonOperator): hello2> on 2024-04-16 03:48:00+00:00
[2024-04-16T09:40:17.802+0000] {warnings.py:110} WARNING - /home/***/.local/lib/python3.12/site-packages/***/task/task_runner/standard_task_runner.py:61: DeprecationWarning: This process (pid=2550) is multi-threaded, use of fork() may lead to deadlocks in the child.
  pid = os.fork()

[2024-04-16T09:40:17.804+0000] {standard_task_runner.py:63} INFO - Started process 2574 to run task
[2024-04-16T09:40:17.804+0000] {standard_task_runner.py:90} INFO - Running: ['***', 'tasks', 'run', 'spotify_final_dag', 'hello2', 'scheduled__2024-04-16T03:48:00+00:00', '--job-id', '577', '--raw', '--subdir', 'DAGS_FOLDER/dag.py', '--cfg-path', '/tmp/tmp_khawic9']
[2024-04-16T09:40:17.805+0000] {standard_task_runner.py:91} INFO - Job 577: Subtask hello2
[2024-04-16T09:40:17.848+0000] {task_command.py:426} INFO - Running <TaskInstance: spotify_final_dag.hello2 scheduled__2024-04-16T03:48:00+00:00 [running]> on host 52651c1f9987
[2024-04-16T09:40:17.926+0000] {taskinstance.py:2644} INFO - Exporting env vars: AIRFLOW_CTX_DAG_OWNER='***' AIRFLOW_CTX_DAG_ID='spotify_final_dag' AIRFLOW_CTX_TASK_ID='hello2' AIRFLOW_CTX_EXECUTION_DATE='2024-04-16T03:48:00+00:00' AIRFLOW_CTX_TRY_NUMBER='1' AIRFLOW_CTX_DAG_RUN_ID='scheduled__2024-04-16T03:48:00+00:00'
[2024-04-16T09:40:17.927+0000] {taskinstance.py:430} INFO - ::endgroup::
[2024-04-16T09:40:18.342+0000] {logging_mixin.py:188} INFO - Connection successful
[2024-04-16T09:40:18.801+0000] {logging_mixin.py:188} INFO - Connection successful
[2024-04-16T09:40:19.229+0000] {logging_mixin.py:188} INFO - Connection successful
[2024-04-16T09:40:19.233+0000] {logging_mixin.py:188} INFO - Null Not Found
[2024-04-16T09:40:19.234+0000] {logging_mixin.py:188} INFO - Null Not Found
[2024-04-16T09:40:19.242+0000] {logging_mixin.py:188} INFO - Null Not Found
[2024-04-16T09:40:19.243+0000] {logging_mixin.py:188} INFO - Null Not Found
[2024-04-16T09:40:19.244+0000] {logging_mixin.py:188} INFO - Null Not Found
[2024-04-16T09:40:19.245+0000] {logging_mixin.py:188} INFO - Null Not Found
[2024-04-16T09:40:19.246+0000] {python.py:237} INFO - Done. Returned value was: None
[2024-04-16T09:40:19.246+0000] {taskinstance.py:441} INFO - ::group::Post task execution logs
[2024-04-16T09:40:19.254+0000] {taskinstance.py:1205} INFO - Marking task as SUCCESS. dag_id=spotify_final_dag, task_id=hello2, execution_date=20240416T034800, start_date=20240416T094017, end_date=20240416T094019
[2024-04-16T09:40:19.301+0000] {local_task_job_runner.py:240} INFO - Task exited with return code 0
[2024-04-16T09:40:19.313+0000] {taskinstance.py:3482} INFO - 0 downstream tasks scheduled from follow-on schedule check
[2024-04-16T09:40:19.315+0000] {local_task_job_runner.py:222} INFO - ::endgroup::
[2024-04-16T09:47:58.712+0000] {local_task_job_runner.py:120} INFO - ::group::Pre task execution logs
[2024-04-16T09:47:58.738+0000] {taskinstance.py:2073} INFO - Dependencies all met for dep_context=non-requeueable deps ti=<TaskInstance: spotify_final_dag.hello2 scheduled__2024-04-16T03:48:00+00:00 [queued]>
[2024-04-16T09:47:58.749+0000] {taskinstance.py:2073} INFO - Dependencies all met for dep_context=requeueable deps ti=<TaskInstance: spotify_final_dag.hello2 scheduled__2024-04-16T03:48:00+00:00 [queued]>
[2024-04-16T09:47:58.750+0000] {taskinstance.py:2303} INFO - Starting attempt 1 of 2
[2024-04-16T09:47:58.856+0000] {taskinstance.py:2327} INFO - Executing <Task(PythonOperator): hello2> on 2024-04-16 03:48:00+00:00
[2024-04-16T09:47:58.866+0000] {warnings.py:110} WARNING - /home/***/.local/lib/python3.12/site-packages/***/task/task_runner/standard_task_runner.py:61: DeprecationWarning: This process (pid=4481) is multi-threaded, use of fork() may lead to deadlocks in the child.
  pid = os.fork()

[2024-04-16T09:47:58.868+0000] {standard_task_runner.py:63} INFO - Started process 4510 to run task
[2024-04-16T09:47:58.870+0000] {standard_task_runner.py:90} INFO - Running: ['***', 'tasks', 'run', 'spotify_final_dag', 'hello2', 'scheduled__2024-04-16T03:48:00+00:00', '--job-id', '1188', '--raw', '--subdir', 'DAGS_FOLDER/dag.py', '--cfg-path', '/tmp/tmpzratywde']
[2024-04-16T09:47:58.871+0000] {standard_task_runner.py:91} INFO - Job 1188: Subtask hello2
[2024-04-16T09:47:58.930+0000] {task_command.py:426} INFO - Running <TaskInstance: spotify_final_dag.hello2 scheduled__2024-04-16T03:48:00+00:00 [running]> on host 52651c1f9987
[2024-04-16T09:47:59.043+0000] {taskinstance.py:2644} INFO - Exporting env vars: AIRFLOW_CTX_DAG_OWNER='***' AIRFLOW_CTX_DAG_ID='spotify_final_dag' AIRFLOW_CTX_TASK_ID='hello2' AIRFLOW_CTX_EXECUTION_DATE='2024-04-16T03:48:00+00:00' AIRFLOW_CTX_TRY_NUMBER='1' AIRFLOW_CTX_DAG_RUN_ID='scheduled__2024-04-16T03:48:00+00:00'
[2024-04-16T09:47:59.045+0000] {taskinstance.py:430} INFO - ::endgroup::
[2024-04-16T09:47:59.501+0000] {logging_mixin.py:188} INFO - Connection successful
[2024-04-16T09:47:59.933+0000] {logging_mixin.py:188} INFO - Connection successful
[2024-04-16T09:48:00.347+0000] {logging_mixin.py:188} INFO - Connection successful
[2024-04-16T09:48:00.350+0000] {logging_mixin.py:188} INFO - Null Not Found
[2024-04-16T09:48:00.351+0000] {logging_mixin.py:188} INFO - Null Not Found
[2024-04-16T09:48:00.361+0000] {logging_mixin.py:188} INFO - Null Not Found
[2024-04-16T09:48:00.362+0000] {logging_mixin.py:188} INFO - Null Not Found
[2024-04-16T09:48:00.363+0000] {logging_mixin.py:188} INFO - Null Not Found
[2024-04-16T09:48:00.363+0000] {logging_mixin.py:188} INFO - Null Not Found
[2024-04-16T09:48:00.365+0000] {python.py:237} INFO - Done. Returned value was: None
[2024-04-16T09:48:00.365+0000] {taskinstance.py:441} INFO - ::group::Post task execution logs
[2024-04-16T09:48:00.374+0000] {taskinstance.py:1205} INFO - Marking task as SUCCESS. dag_id=spotify_final_dag, task_id=hello2, execution_date=20240416T034800, start_date=20240416T094758, end_date=20240416T094800
[2024-04-16T09:48:00.408+0000] {local_task_job_runner.py:240} INFO - Task exited with return code 0
[2024-04-16T09:48:00.424+0000] {taskinstance.py:3482} INFO - 0 downstream tasks scheduled from follow-on schedule check
[2024-04-16T09:48:00.426+0000] {local_task_job_runner.py:222} INFO - ::endgroup::
