[2024-04-16T08:57:04.295+0000] {local_task_job_runner.py:120} INFO - ::group::Pre task execution logs
[2024-04-16T08:57:04.319+0000] {taskinstance.py:2073} INFO - Dependencies all met for dep_context=non-requeueable deps ti=<TaskInstance: spotify_final_dag.hello2 scheduled__2024-04-16T00:50:00+00:00 [queued]>
[2024-04-16T08:57:04.330+0000] {taskinstance.py:2073} INFO - Dependencies all met for dep_context=requeueable deps ti=<TaskInstance: spotify_final_dag.hello2 scheduled__2024-04-16T00:50:00+00:00 [queued]>
[2024-04-16T08:57:04.331+0000] {taskinstance.py:2303} INFO - Starting attempt 1 of 2
[2024-04-16T08:57:04.346+0000] {taskinstance.py:2327} INFO - Executing <Task(PythonOperator): hello2> on 2024-04-16 00:50:00+00:00
[2024-04-16T08:57:04.358+0000] {warnings.py:110} WARNING - /home/***/.local/lib/python3.12/site-packages/***/task/task_runner/standard_task_runner.py:61: DeprecationWarning: This process (pid=423) is multi-threaded, use of fork() may lead to deadlocks in the child.
  pid = os.fork()

[2024-04-16T08:57:04.360+0000] {standard_task_runner.py:63} INFO - Started process 444 to run task
[2024-04-16T08:57:04.360+0000] {standard_task_runner.py:90} INFO - Running: ['***', 'tasks', 'run', 'spotify_final_dag', 'hello2', 'scheduled__2024-04-16T00:50:00+00:00', '--job-id', '56', '--raw', '--subdir', 'DAGS_FOLDER/dag.py', '--cfg-path', '/tmp/tmpeb21gfn7']
[2024-04-16T08:57:04.361+0000] {standard_task_runner.py:91} INFO - Job 56: Subtask hello2
[2024-04-16T08:57:04.409+0000] {task_command.py:426} INFO - Running <TaskInstance: spotify_final_dag.hello2 scheduled__2024-04-16T00:50:00+00:00 [running]> on host 52651c1f9987
[2024-04-16T08:57:04.496+0000] {taskinstance.py:2644} INFO - Exporting env vars: AIRFLOW_CTX_DAG_OWNER='***' AIRFLOW_CTX_DAG_ID='spotify_final_dag' AIRFLOW_CTX_TASK_ID='hello2' AIRFLOW_CTX_EXECUTION_DATE='2024-04-16T00:50:00+00:00' AIRFLOW_CTX_TRY_NUMBER='1' AIRFLOW_CTX_DAG_RUN_ID='scheduled__2024-04-16T00:50:00+00:00'
[2024-04-16T08:57:04.498+0000] {taskinstance.py:430} INFO - ::endgroup::
[2024-04-16T08:57:04.920+0000] {logging_mixin.py:188} INFO - Connection successful
[2024-04-16T08:57:05.422+0000] {logging_mixin.py:188} INFO - Connection successful
[2024-04-16T08:57:05.842+0000] {logging_mixin.py:188} INFO - Connection successful
[2024-04-16T08:57:05.846+0000] {logging_mixin.py:188} INFO - Null Not Found
[2024-04-16T08:57:05.847+0000] {logging_mixin.py:188} INFO - Null Not Found
[2024-04-16T08:57:05.856+0000] {logging_mixin.py:188} INFO - Null Not Found
[2024-04-16T08:57:05.857+0000] {logging_mixin.py:188} INFO - Null Not Found
[2024-04-16T08:57:05.858+0000] {logging_mixin.py:188} INFO - Null Not Found
[2024-04-16T08:57:05.859+0000] {logging_mixin.py:188} INFO - Null Not Found
[2024-04-16T08:57:05.861+0000] {python.py:237} INFO - Done. Returned value was: None
[2024-04-16T08:57:05.861+0000] {taskinstance.py:441} INFO - ::group::Post task execution logs
[2024-04-16T08:57:05.869+0000] {taskinstance.py:1205} INFO - Marking task as SUCCESS. dag_id=spotify_final_dag, task_id=hello2, execution_date=20240416T005000, start_date=20240416T085704, end_date=20240416T085705
[2024-04-16T08:57:05.898+0000] {local_task_job_runner.py:240} INFO - Task exited with return code 0
[2024-04-16T08:57:05.909+0000] {taskinstance.py:3482} INFO - 0 downstream tasks scheduled from follow-on schedule check
[2024-04-16T08:57:05.912+0000] {local_task_job_runner.py:222} INFO - ::endgroup::
[2024-04-16T09:21:42.676+0000] {local_task_job_runner.py:120} INFO - ::group::Pre task execution logs
[2024-04-16T09:21:42.720+0000] {taskinstance.py:2073} INFO - Dependencies all met for dep_context=non-requeueable deps ti=<TaskInstance: spotify_final_dag.hello2 scheduled__2024-04-16T00:50:00+00:00 [queued]>
[2024-04-16T09:21:42.732+0000] {taskinstance.py:2073} INFO - Dependencies all met for dep_context=requeueable deps ti=<TaskInstance: spotify_final_dag.hello2 scheduled__2024-04-16T00:50:00+00:00 [queued]>
[2024-04-16T09:21:42.732+0000] {taskinstance.py:2303} INFO - Starting attempt 1 of 2
[2024-04-16T09:21:42.753+0000] {taskinstance.py:2327} INFO - Executing <Task(PythonOperator): hello2> on 2024-04-16 00:50:00+00:00
[2024-04-16T09:21:42.765+0000] {warnings.py:110} WARNING - /home/***/.local/lib/python3.12/site-packages/***/task/task_runner/standard_task_runner.py:61: DeprecationWarning: This process (pid=838) is multi-threaded, use of fork() may lead to deadlocks in the child.
  pid = os.fork()

[2024-04-16T09:21:42.769+0000] {standard_task_runner.py:63} INFO - Started process 857 to run task
[2024-04-16T09:21:42.769+0000] {standard_task_runner.py:90} INFO - Running: ['***', 'tasks', 'run', 'spotify_final_dag', 'hello2', 'scheduled__2024-04-16T00:50:00+00:00', '--job-id', '84', '--raw', '--subdir', 'DAGS_FOLDER/dag.py', '--cfg-path', '/tmp/tmpt7gaayd5']
[2024-04-16T09:21:42.771+0000] {standard_task_runner.py:91} INFO - Job 84: Subtask hello2
[2024-04-16T09:21:42.859+0000] {task_command.py:426} INFO - Running <TaskInstance: spotify_final_dag.hello2 scheduled__2024-04-16T00:50:00+00:00 [running]> on host 52651c1f9987
[2024-04-16T09:21:42.969+0000] {taskinstance.py:2644} INFO - Exporting env vars: AIRFLOW_CTX_DAG_OWNER='***' AIRFLOW_CTX_DAG_ID='spotify_final_dag' AIRFLOW_CTX_TASK_ID='hello2' AIRFLOW_CTX_EXECUTION_DATE='2024-04-16T00:50:00+00:00' AIRFLOW_CTX_TRY_NUMBER='1' AIRFLOW_CTX_DAG_RUN_ID='scheduled__2024-04-16T00:50:00+00:00'
[2024-04-16T09:21:42.973+0000] {taskinstance.py:430} INFO - ::endgroup::
[2024-04-16T09:21:43.384+0000] {logging_mixin.py:188} INFO - Connection successful
[2024-04-16T09:21:43.985+0000] {logging_mixin.py:188} INFO - Connection successful
[2024-04-16T09:21:44.904+0000] {logging_mixin.py:188} INFO - Connection successful
[2024-04-16T09:21:44.908+0000] {logging_mixin.py:188} INFO - Null Not Found
[2024-04-16T09:21:44.909+0000] {logging_mixin.py:188} INFO - Null Not Found
[2024-04-16T09:21:44.917+0000] {logging_mixin.py:188} INFO - Null Not Found
[2024-04-16T09:21:44.918+0000] {logging_mixin.py:188} INFO - Null Not Found
[2024-04-16T09:21:44.919+0000] {logging_mixin.py:188} INFO - Null Not Found
[2024-04-16T09:21:44.919+0000] {logging_mixin.py:188} INFO - Null Not Found
[2024-04-16T09:21:44.920+0000] {python.py:237} INFO - Done. Returned value was: None
[2024-04-16T09:21:44.921+0000] {taskinstance.py:441} INFO - ::group::Post task execution logs
[2024-04-16T09:21:44.927+0000] {taskinstance.py:1205} INFO - Marking task as SUCCESS. dag_id=spotify_final_dag, task_id=hello2, execution_date=20240416T005000, start_date=20240416T092142, end_date=20240416T092144
[2024-04-16T09:21:44.952+0000] {local_task_job_runner.py:240} INFO - Task exited with return code 0
[2024-04-16T09:21:44.962+0000] {taskinstance.py:3482} INFO - 0 downstream tasks scheduled from follow-on schedule check
[2024-04-16T09:21:44.964+0000] {local_task_job_runner.py:222} INFO - ::endgroup::
[2024-04-16T09:32:57.272+0000] {local_task_job_runner.py:120} INFO - ::group::Pre task execution logs
[2024-04-16T09:32:57.290+0000] {taskinstance.py:2073} INFO - Dependencies all met for dep_context=non-requeueable deps ti=<TaskInstance: spotify_final_dag.hello2 scheduled__2024-04-16T00:50:00+00:00 [queued]>
[2024-04-16T09:32:57.296+0000] {taskinstance.py:2073} INFO - Dependencies all met for dep_context=requeueable deps ti=<TaskInstance: spotify_final_dag.hello2 scheduled__2024-04-16T00:50:00+00:00 [queued]>
[2024-04-16T09:32:57.297+0000] {taskinstance.py:2303} INFO - Starting attempt 1 of 2
[2024-04-16T09:32:57.308+0000] {taskinstance.py:2327} INFO - Executing <Task(PythonOperator): hello2> on 2024-04-16 00:50:00+00:00
[2024-04-16T09:32:57.314+0000] {warnings.py:110} WARNING - /home/***/.local/lib/python3.12/site-packages/***/task/task_runner/standard_task_runner.py:61: DeprecationWarning: This process (pid=1044) is multi-threaded, use of fork() may lead to deadlocks in the child.
  pid = os.fork()

[2024-04-16T09:32:57.316+0000] {standard_task_runner.py:63} INFO - Started process 1058 to run task
[2024-04-16T09:32:57.316+0000] {standard_task_runner.py:90} INFO - Running: ['***', 'tasks', 'run', 'spotify_final_dag', 'hello2', 'scheduled__2024-04-16T00:50:00+00:00', '--job-id', '104', '--raw', '--subdir', 'DAGS_FOLDER/dag.py', '--cfg-path', '/tmp/tmp6892j9zk']
[2024-04-16T09:32:57.317+0000] {standard_task_runner.py:91} INFO - Job 104: Subtask hello2
[2024-04-16T09:32:57.354+0000] {task_command.py:426} INFO - Running <TaskInstance: spotify_final_dag.hello2 scheduled__2024-04-16T00:50:00+00:00 [running]> on host 52651c1f9987
[2024-04-16T09:32:57.419+0000] {taskinstance.py:2644} INFO - Exporting env vars: AIRFLOW_CTX_DAG_OWNER='***' AIRFLOW_CTX_DAG_ID='spotify_final_dag' AIRFLOW_CTX_TASK_ID='hello2' AIRFLOW_CTX_EXECUTION_DATE='2024-04-16T00:50:00+00:00' AIRFLOW_CTX_TRY_NUMBER='1' AIRFLOW_CTX_DAG_RUN_ID='scheduled__2024-04-16T00:50:00+00:00'
[2024-04-16T09:32:57.420+0000] {taskinstance.py:430} INFO - ::endgroup::
[2024-04-16T09:32:58.047+0000] {logging_mixin.py:188} INFO - Connection successful
[2024-04-16T09:32:58.551+0000] {logging_mixin.py:188} INFO - Connection successful
[2024-04-16T09:32:58.944+0000] {logging_mixin.py:188} INFO - Connection successful
[2024-04-16T09:32:58.950+0000] {logging_mixin.py:188} INFO - Null Not Found
[2024-04-16T09:32:58.951+0000] {logging_mixin.py:188} INFO - Null Not Found
[2024-04-16T09:32:58.961+0000] {logging_mixin.py:188} INFO - Null Not Found
[2024-04-16T09:32:58.962+0000] {logging_mixin.py:188} INFO - Null Not Found
[2024-04-16T09:32:58.963+0000] {logging_mixin.py:188} INFO - Null Not Found
[2024-04-16T09:32:58.964+0000] {logging_mixin.py:188} INFO - Null Not Found
[2024-04-16T09:32:58.965+0000] {python.py:237} INFO - Done. Returned value was: None
[2024-04-16T09:32:58.965+0000] {taskinstance.py:441} INFO - ::group::Post task execution logs
[2024-04-16T09:32:58.973+0000] {taskinstance.py:1205} INFO - Marking task as SUCCESS. dag_id=spotify_final_dag, task_id=hello2, execution_date=20240416T005000, start_date=20240416T093257, end_date=20240416T093258
[2024-04-16T09:32:59.014+0000] {local_task_job_runner.py:240} INFO - Task exited with return code 0
[2024-04-16T09:32:59.027+0000] {taskinstance.py:3482} INFO - 0 downstream tasks scheduled from follow-on schedule check
[2024-04-16T09:32:59.028+0000] {local_task_job_runner.py:222} INFO - ::endgroup::
[2024-04-16T09:38:19.698+0000] {local_task_job_runner.py:120} INFO - ::group::Pre task execution logs
[2024-04-16T09:38:19.724+0000] {taskinstance.py:2073} INFO - Dependencies all met for dep_context=non-requeueable deps ti=<TaskInstance: spotify_final_dag.hello2 scheduled__2024-04-16T00:50:00+00:00 [queued]>
[2024-04-16T09:38:19.734+0000] {taskinstance.py:2073} INFO - Dependencies all met for dep_context=requeueable deps ti=<TaskInstance: spotify_final_dag.hello2 scheduled__2024-04-16T00:50:00+00:00 [queued]>
[2024-04-16T09:38:19.734+0000] {taskinstance.py:2303} INFO - Starting attempt 1 of 2
[2024-04-16T09:38:19.751+0000] {taskinstance.py:2327} INFO - Executing <Task(PythonOperator): hello2> on 2024-04-16 00:50:00+00:00
[2024-04-16T09:38:19.761+0000] {warnings.py:110} WARNING - /home/***/.local/lib/python3.12/site-packages/***/task/task_runner/standard_task_runner.py:61: DeprecationWarning: This process (pid=1482) is multi-threaded, use of fork() may lead to deadlocks in the child.
  pid = os.fork()

[2024-04-16T09:38:19.763+0000] {standard_task_runner.py:63} INFO - Started process 1510 to run task
[2024-04-16T09:38:19.763+0000] {standard_task_runner.py:90} INFO - Running: ['***', 'tasks', 'run', 'spotify_final_dag', 'hello2', 'scheduled__2024-04-16T00:50:00+00:00', '--job-id', '229', '--raw', '--subdir', 'DAGS_FOLDER/dag.py', '--cfg-path', '/tmp/tmpdk0b5xd9']
[2024-04-16T09:38:19.765+0000] {standard_task_runner.py:91} INFO - Job 229: Subtask hello2
[2024-04-16T09:38:19.815+0000] {task_command.py:426} INFO - Running <TaskInstance: spotify_final_dag.hello2 scheduled__2024-04-16T00:50:00+00:00 [running]> on host 52651c1f9987
[2024-04-16T09:38:19.917+0000] {taskinstance.py:2644} INFO - Exporting env vars: AIRFLOW_CTX_DAG_OWNER='***' AIRFLOW_CTX_DAG_ID='spotify_final_dag' AIRFLOW_CTX_TASK_ID='hello2' AIRFLOW_CTX_EXECUTION_DATE='2024-04-16T00:50:00+00:00' AIRFLOW_CTX_TRY_NUMBER='1' AIRFLOW_CTX_DAG_RUN_ID='scheduled__2024-04-16T00:50:00+00:00'
[2024-04-16T09:38:19.920+0000] {taskinstance.py:430} INFO - ::endgroup::
[2024-04-16T09:38:20.366+0000] {logging_mixin.py:188} INFO - Connection successful
[2024-04-16T09:38:20.825+0000] {logging_mixin.py:188} INFO - Connection successful
[2024-04-16T09:38:21.258+0000] {logging_mixin.py:188} INFO - Connection successful
[2024-04-16T09:38:21.262+0000] {logging_mixin.py:188} INFO - Null Not Found
[2024-04-16T09:38:21.263+0000] {logging_mixin.py:188} INFO - Null Not Found
[2024-04-16T09:38:21.273+0000] {logging_mixin.py:188} INFO - Null Not Found
[2024-04-16T09:38:21.274+0000] {logging_mixin.py:188} INFO - Null Not Found
[2024-04-16T09:38:21.275+0000] {logging_mixin.py:188} INFO - Null Not Found
[2024-04-16T09:38:21.276+0000] {logging_mixin.py:188} INFO - Null Not Found
[2024-04-16T09:38:21.278+0000] {python.py:237} INFO - Done. Returned value was: None
[2024-04-16T09:38:21.278+0000] {taskinstance.py:441} INFO - ::group::Post task execution logs
[2024-04-16T09:38:21.288+0000] {taskinstance.py:1205} INFO - Marking task as SUCCESS. dag_id=spotify_final_dag, task_id=hello2, execution_date=20240416T005000, start_date=20240416T093819, end_date=20240416T093821
[2024-04-16T09:38:21.341+0000] {local_task_job_runner.py:240} INFO - Task exited with return code 0
[2024-04-16T09:38:21.357+0000] {taskinstance.py:3482} INFO - 0 downstream tasks scheduled from follow-on schedule check
[2024-04-16T09:38:21.360+0000] {local_task_job_runner.py:222} INFO - ::endgroup::
[2024-04-16T09:46:58.217+0000] {local_task_job_runner.py:120} INFO - ::group::Pre task execution logs
[2024-04-16T09:46:58.236+0000] {taskinstance.py:2073} INFO - Dependencies all met for dep_context=non-requeueable deps ti=<TaskInstance: spotify_final_dag.hello2 scheduled__2024-04-16T00:50:00+00:00 [queued]>
[2024-04-16T09:46:58.244+0000] {taskinstance.py:2073} INFO - Dependencies all met for dep_context=requeueable deps ti=<TaskInstance: spotify_final_dag.hello2 scheduled__2024-04-16T00:50:00+00:00 [queued]>
[2024-04-16T09:46:58.244+0000] {taskinstance.py:2303} INFO - Starting attempt 1 of 2
[2024-04-16T09:46:58.258+0000] {taskinstance.py:2327} INFO - Executing <Task(PythonOperator): hello2> on 2024-04-16 00:50:00+00:00
[2024-04-16T09:46:58.267+0000] {warnings.py:110} WARNING - /home/***/.local/lib/python3.12/site-packages/***/task/task_runner/standard_task_runner.py:61: DeprecationWarning: This process (pid=3909) is multi-threaded, use of fork() may lead to deadlocks in the child.
  pid = os.fork()

[2024-04-16T09:46:58.269+0000] {standard_task_runner.py:63} INFO - Started process 3933 to run task
[2024-04-16T09:46:58.269+0000] {standard_task_runner.py:90} INFO - Running: ['***', 'tasks', 'run', 'spotify_final_dag', 'hello2', 'scheduled__2024-04-16T00:50:00+00:00', '--job-id', '1003', '--raw', '--subdir', 'DAGS_FOLDER/dag.py', '--cfg-path', '/tmp/tmpjsqs03fh']
[2024-04-16T09:46:58.270+0000] {standard_task_runner.py:91} INFO - Job 1003: Subtask hello2
[2024-04-16T09:46:58.315+0000] {task_command.py:426} INFO - Running <TaskInstance: spotify_final_dag.hello2 scheduled__2024-04-16T00:50:00+00:00 [running]> on host 52651c1f9987
[2024-04-16T09:46:58.395+0000] {taskinstance.py:2644} INFO - Exporting env vars: AIRFLOW_CTX_DAG_OWNER='***' AIRFLOW_CTX_DAG_ID='spotify_final_dag' AIRFLOW_CTX_TASK_ID='hello2' AIRFLOW_CTX_EXECUTION_DATE='2024-04-16T00:50:00+00:00' AIRFLOW_CTX_TRY_NUMBER='1' AIRFLOW_CTX_DAG_RUN_ID='scheduled__2024-04-16T00:50:00+00:00'
[2024-04-16T09:46:58.396+0000] {taskinstance.py:430} INFO - ::endgroup::
[2024-04-16T09:46:58.836+0000] {logging_mixin.py:188} INFO - Connection successful
[2024-04-16T09:46:59.225+0000] {logging_mixin.py:188} INFO - Connection successful
[2024-04-16T09:46:59.615+0000] {logging_mixin.py:188} INFO - Connection successful
[2024-04-16T09:46:59.619+0000] {logging_mixin.py:188} INFO - Null Not Found
[2024-04-16T09:46:59.620+0000] {logging_mixin.py:188} INFO - Null Not Found
[2024-04-16T09:46:59.629+0000] {logging_mixin.py:188} INFO - Null Not Found
[2024-04-16T09:46:59.629+0000] {logging_mixin.py:188} INFO - Null Not Found
[2024-04-16T09:46:59.631+0000] {logging_mixin.py:188} INFO - Null Not Found
[2024-04-16T09:46:59.631+0000] {logging_mixin.py:188} INFO - Null Not Found
[2024-04-16T09:46:59.633+0000] {python.py:237} INFO - Done. Returned value was: None
[2024-04-16T09:46:59.634+0000] {taskinstance.py:441} INFO - ::group::Post task execution logs
[2024-04-16T09:46:59.641+0000] {taskinstance.py:1205} INFO - Marking task as SUCCESS. dag_id=spotify_final_dag, task_id=hello2, execution_date=20240416T005000, start_date=20240416T094658, end_date=20240416T094659
[2024-04-16T09:46:59.687+0000] {local_task_job_runner.py:240} INFO - Task exited with return code 0
[2024-04-16T09:46:59.699+0000] {taskinstance.py:3482} INFO - 0 downstream tasks scheduled from follow-on schedule check
[2024-04-16T09:46:59.701+0000] {local_task_job_runner.py:222} INFO - ::endgroup::
