[2024-04-16T09:40:06.438+0000] {local_task_job_runner.py:120} INFO - ::group::Pre task execution logs
[2024-04-16T09:40:06.463+0000] {taskinstance.py:2073} INFO - Dependencies all met for dep_context=non-requeueable deps ti=<TaskInstance: spotify_final_dag.hello2 scheduled__2024-04-16T03:26:00+00:00 [queued]>
[2024-04-16T09:40:06.477+0000] {taskinstance.py:2073} INFO - Dependencies all met for dep_context=requeueable deps ti=<TaskInstance: spotify_final_dag.hello2 scheduled__2024-04-16T03:26:00+00:00 [queued]>
[2024-04-16T09:40:06.478+0000] {taskinstance.py:2303} INFO - Starting attempt 1 of 2
[2024-04-16T09:40:06.543+0000] {taskinstance.py:2327} INFO - Executing <Task(PythonOperator): hello2> on 2024-04-16 03:26:00+00:00
[2024-04-16T09:40:06.554+0000] {warnings.py:110} WARNING - /home/***/.local/lib/python3.12/site-packages/***/task/task_runner/standard_task_runner.py:61: DeprecationWarning: This process (pid=2425) is multi-threaded, use of fork() may lead to deadlocks in the child.
  pid = os.fork()

[2024-04-16T09:40:06.556+0000] {standard_task_runner.py:63} INFO - Started process 2454 to run task
[2024-04-16T09:40:06.556+0000] {standard_task_runner.py:90} INFO - Running: ['***', 'tasks', 'run', 'spotify_final_dag', 'hello2', 'scheduled__2024-04-16T03:26:00+00:00', '--job-id', '537', '--raw', '--subdir', 'DAGS_FOLDER/dag.py', '--cfg-path', '/tmp/tmp132t4e5c']
[2024-04-16T09:40:06.557+0000] {standard_task_runner.py:91} INFO - Job 537: Subtask hello2
[2024-04-16T09:40:06.611+0000] {task_command.py:426} INFO - Running <TaskInstance: spotify_final_dag.hello2 scheduled__2024-04-16T03:26:00+00:00 [running]> on host 52651c1f9987
[2024-04-16T09:40:06.730+0000] {taskinstance.py:2644} INFO - Exporting env vars: AIRFLOW_CTX_DAG_OWNER='***' AIRFLOW_CTX_DAG_ID='spotify_final_dag' AIRFLOW_CTX_TASK_ID='hello2' AIRFLOW_CTX_EXECUTION_DATE='2024-04-16T03:26:00+00:00' AIRFLOW_CTX_TRY_NUMBER='1' AIRFLOW_CTX_DAG_RUN_ID='scheduled__2024-04-16T03:26:00+00:00'
[2024-04-16T09:40:06.732+0000] {taskinstance.py:430} INFO - ::endgroup::
[2024-04-16T09:40:07.188+0000] {logging_mixin.py:188} INFO - Connection successful
[2024-04-16T09:40:07.607+0000] {logging_mixin.py:188} INFO - Connection successful
[2024-04-16T09:40:08.077+0000] {logging_mixin.py:188} INFO - Connection successful
[2024-04-16T09:40:08.082+0000] {logging_mixin.py:188} INFO - Null Not Found
[2024-04-16T09:40:08.083+0000] {logging_mixin.py:188} INFO - Null Not Found
[2024-04-16T09:40:08.095+0000] {logging_mixin.py:188} INFO - Null Not Found
[2024-04-16T09:40:08.096+0000] {logging_mixin.py:188} INFO - Null Not Found
[2024-04-16T09:40:08.097+0000] {logging_mixin.py:188} INFO - Null Not Found
[2024-04-16T09:40:08.098+0000] {logging_mixin.py:188} INFO - Null Not Found
[2024-04-16T09:40:08.100+0000] {python.py:237} INFO - Done. Returned value was: None
[2024-04-16T09:40:08.101+0000] {taskinstance.py:441} INFO - ::group::Post task execution logs
[2024-04-16T09:40:08.109+0000] {taskinstance.py:1205} INFO - Marking task as SUCCESS. dag_id=spotify_final_dag, task_id=hello2, execution_date=20240416T032600, start_date=20240416T094006, end_date=20240416T094008
[2024-04-16T09:40:08.138+0000] {local_task_job_runner.py:240} INFO - Task exited with return code 0
[2024-04-16T09:40:08.150+0000] {taskinstance.py:3482} INFO - 0 downstream tasks scheduled from follow-on schedule check
[2024-04-16T09:40:08.152+0000] {local_task_job_runner.py:222} INFO - ::endgroup::
[2024-04-16T09:47:49.493+0000] {local_task_job_runner.py:120} INFO - ::group::Pre task execution logs
[2024-04-16T09:47:49.513+0000] {taskinstance.py:2073} INFO - Dependencies all met for dep_context=non-requeueable deps ti=<TaskInstance: spotify_final_dag.hello2 scheduled__2024-04-16T03:26:00+00:00 [queued]>
[2024-04-16T09:47:49.521+0000] {taskinstance.py:2073} INFO - Dependencies all met for dep_context=requeueable deps ti=<TaskInstance: spotify_final_dag.hello2 scheduled__2024-04-16T03:26:00+00:00 [queued]>
[2024-04-16T09:47:49.522+0000] {taskinstance.py:2303} INFO - Starting attempt 1 of 2
[2024-04-16T09:47:49.605+0000] {taskinstance.py:2327} INFO - Executing <Task(PythonOperator): hello2> on 2024-04-16 03:26:00+00:00
[2024-04-16T09:47:49.617+0000] {standard_task_runner.py:90} INFO - Running: ['***', 'tasks', 'run', 'spotify_final_dag', 'hello2', 'scheduled__2024-04-16T03:26:00+00:00', '--job-id', '1160', '--raw', '--subdir', 'DAGS_FOLDER/dag.py', '--cfg-path', '/tmp/tmp5qh6oked']
[2024-04-16T09:47:49.620+0000] {warnings.py:110} WARNING - /home/***/.local/lib/python3.12/site-packages/***/task/task_runner/standard_task_runner.py:61: DeprecationWarning: This process (pid=4397) is multi-threaded, use of fork() may lead to deadlocks in the child.
  pid = os.fork()

[2024-04-16T09:47:49.620+0000] {standard_task_runner.py:91} INFO - Job 1160: Subtask hello2
[2024-04-16T09:47:49.621+0000] {standard_task_runner.py:63} INFO - Started process 4425 to run task
[2024-04-16T09:47:49.664+0000] {task_command.py:426} INFO - Running <TaskInstance: spotify_final_dag.hello2 scheduled__2024-04-16T03:26:00+00:00 [running]> on host 52651c1f9987
[2024-04-16T09:47:49.749+0000] {taskinstance.py:2644} INFO - Exporting env vars: AIRFLOW_CTX_DAG_OWNER='***' AIRFLOW_CTX_DAG_ID='spotify_final_dag' AIRFLOW_CTX_TASK_ID='hello2' AIRFLOW_CTX_EXECUTION_DATE='2024-04-16T03:26:00+00:00' AIRFLOW_CTX_TRY_NUMBER='1' AIRFLOW_CTX_DAG_RUN_ID='scheduled__2024-04-16T03:26:00+00:00'
[2024-04-16T09:47:49.750+0000] {taskinstance.py:430} INFO - ::endgroup::
[2024-04-16T09:47:50.208+0000] {logging_mixin.py:188} INFO - Connection successful
[2024-04-16T09:47:50.623+0000] {logging_mixin.py:188} INFO - Connection successful
[2024-04-16T09:47:51.000+0000] {logging_mixin.py:188} INFO - Connection successful
[2024-04-16T09:47:51.004+0000] {logging_mixin.py:188} INFO - Null Not Found
[2024-04-16T09:47:51.005+0000] {logging_mixin.py:188} INFO - Null Not Found
[2024-04-16T09:47:51.014+0000] {logging_mixin.py:188} INFO - Null Not Found
[2024-04-16T09:47:51.014+0000] {logging_mixin.py:188} INFO - Null Not Found
[2024-04-16T09:47:51.015+0000] {logging_mixin.py:188} INFO - Null Not Found
[2024-04-16T09:47:51.016+0000] {logging_mixin.py:188} INFO - Null Not Found
[2024-04-16T09:47:51.017+0000] {python.py:237} INFO - Done. Returned value was: None
[2024-04-16T09:47:51.017+0000] {taskinstance.py:441} INFO - ::group::Post task execution logs
[2024-04-16T09:47:51.024+0000] {taskinstance.py:1205} INFO - Marking task as SUCCESS. dag_id=spotify_final_dag, task_id=hello2, execution_date=20240416T032600, start_date=20240416T094749, end_date=20240416T094751
[2024-04-16T09:47:51.039+0000] {local_task_job_runner.py:240} INFO - Task exited with return code 0
[2024-04-16T09:47:51.050+0000] {taskinstance.py:3482} INFO - 0 downstream tasks scheduled from follow-on schedule check
[2024-04-16T09:47:51.052+0000] {local_task_job_runner.py:222} INFO - ::endgroup::
