[2024-04-16T08:57:04.721+0000] {local_task_job_runner.py:120} INFO - ::group::Pre task execution logs
[2024-04-16T08:57:04.738+0000] {taskinstance.py:2073} INFO - Dependencies all met for dep_context=non-requeueable deps ti=<TaskInstance: spotify_final_dag.hello2 scheduled__2024-04-16T05:00:00+00:00 [queued]>
[2024-04-16T08:57:04.745+0000] {taskinstance.py:2073} INFO - Dependencies all met for dep_context=requeueable deps ti=<TaskInstance: spotify_final_dag.hello2 scheduled__2024-04-16T05:00:00+00:00 [queued]>
[2024-04-16T08:57:04.745+0000] {taskinstance.py:2303} INFO - Starting attempt 1 of 2
[2024-04-16T08:57:04.756+0000] {taskinstance.py:2327} INFO - Executing <Task(PythonOperator): hello2> on 2024-04-16 05:00:00+00:00
[2024-04-16T08:57:04.762+0000] {warnings.py:110} WARNING - /home/***/.local/lib/python3.12/site-packages/***/task/task_runner/standard_task_runner.py:61: DeprecationWarning: This process (pid=432) is multi-threaded, use of fork() may lead to deadlocks in the child.
  pid = os.fork()

[2024-04-16T08:57:04.764+0000] {standard_task_runner.py:63} INFO - Started process 448 to run task
[2024-04-16T08:57:04.764+0000] {standard_task_runner.py:90} INFO - Running: ['***', 'tasks', 'run', 'spotify_final_dag', 'hello2', 'scheduled__2024-04-16T05:00:00+00:00', '--job-id', '61', '--raw', '--subdir', 'DAGS_FOLDER/dag.py', '--cfg-path', '/tmp/tmpp6f3pw2p']
[2024-04-16T08:57:04.765+0000] {standard_task_runner.py:91} INFO - Job 61: Subtask hello2
[2024-04-16T08:57:04.803+0000] {task_command.py:426} INFO - Running <TaskInstance: spotify_final_dag.hello2 scheduled__2024-04-16T05:00:00+00:00 [running]> on host 52651c1f9987
[2024-04-16T08:57:04.868+0000] {taskinstance.py:2644} INFO - Exporting env vars: AIRFLOW_CTX_DAG_OWNER='***' AIRFLOW_CTX_DAG_ID='spotify_final_dag' AIRFLOW_CTX_TASK_ID='hello2' AIRFLOW_CTX_EXECUTION_DATE='2024-04-16T05:00:00+00:00' AIRFLOW_CTX_TRY_NUMBER='1' AIRFLOW_CTX_DAG_RUN_ID='scheduled__2024-04-16T05:00:00+00:00'
[2024-04-16T08:57:04.869+0000] {taskinstance.py:430} INFO - ::endgroup::
[2024-04-16T08:57:05.345+0000] {logging_mixin.py:188} INFO - Connection successful
[2024-04-16T08:57:05.743+0000] {logging_mixin.py:188} INFO - Connection successful
[2024-04-16T08:57:06.130+0000] {logging_mixin.py:188} INFO - Connection successful
[2024-04-16T08:57:06.133+0000] {logging_mixin.py:188} INFO - Null Not Found
[2024-04-16T08:57:06.134+0000] {logging_mixin.py:188} INFO - Null Not Found
[2024-04-16T08:57:06.142+0000] {logging_mixin.py:188} INFO - Null Not Found
[2024-04-16T08:57:06.143+0000] {logging_mixin.py:188} INFO - Null Not Found
[2024-04-16T08:57:06.145+0000] {logging_mixin.py:188} INFO - Null Not Found
[2024-04-16T08:57:06.145+0000] {logging_mixin.py:188} INFO - Null Not Found
[2024-04-16T08:57:06.146+0000] {python.py:237} INFO - Done. Returned value was: None
[2024-04-16T08:57:06.147+0000] {taskinstance.py:441} INFO - ::group::Post task execution logs
[2024-04-16T08:57:06.152+0000] {taskinstance.py:1205} INFO - Marking task as SUCCESS. dag_id=spotify_final_dag, task_id=hello2, execution_date=20240416T050000, start_date=20240416T085704, end_date=20240416T085706
[2024-04-16T08:57:06.181+0000] {local_task_job_runner.py:240} INFO - Task exited with return code 0
[2024-04-16T08:57:06.193+0000] {taskinstance.py:3482} INFO - 0 downstream tasks scheduled from follow-on schedule check
[2024-04-16T08:57:06.195+0000] {local_task_job_runner.py:222} INFO - ::endgroup::
[2024-04-16T09:21:42.680+0000] {local_task_job_runner.py:120} INFO - ::group::Pre task execution logs
[2024-04-16T09:21:42.712+0000] {taskinstance.py:2073} INFO - Dependencies all met for dep_context=non-requeueable deps ti=<TaskInstance: spotify_final_dag.hello2 scheduled__2024-04-16T05:00:00+00:00 [queued]>
[2024-04-16T09:21:42.727+0000] {taskinstance.py:2073} INFO - Dependencies all met for dep_context=requeueable deps ti=<TaskInstance: spotify_final_dag.hello2 scheduled__2024-04-16T05:00:00+00:00 [queued]>
[2024-04-16T09:21:42.727+0000] {taskinstance.py:2303} INFO - Starting attempt 1 of 2
[2024-04-16T09:21:42.746+0000] {taskinstance.py:2327} INFO - Executing <Task(PythonOperator): hello2> on 2024-04-16 05:00:00+00:00
[2024-04-16T09:21:42.760+0000] {warnings.py:110} WARNING - /home/***/.local/lib/python3.12/site-packages/***/task/task_runner/standard_task_runner.py:61: DeprecationWarning: This process (pid=835) is multi-threaded, use of fork() may lead to deadlocks in the child.
  pid = os.fork()

[2024-04-16T09:21:42.763+0000] {standard_task_runner.py:63} INFO - Started process 856 to run task
[2024-04-16T09:21:42.764+0000] {standard_task_runner.py:90} INFO - Running: ['***', 'tasks', 'run', 'spotify_final_dag', 'hello2', 'scheduled__2024-04-16T05:00:00+00:00', '--job-id', '86', '--raw', '--subdir', 'DAGS_FOLDER/dag.py', '--cfg-path', '/tmp/tmp_t54bn3f']
[2024-04-16T09:21:42.765+0000] {standard_task_runner.py:91} INFO - Job 86: Subtask hello2
[2024-04-16T09:21:42.858+0000] {task_command.py:426} INFO - Running <TaskInstance: spotify_final_dag.hello2 scheduled__2024-04-16T05:00:00+00:00 [running]> on host 52651c1f9987
[2024-04-16T09:21:42.973+0000] {taskinstance.py:2644} INFO - Exporting env vars: AIRFLOW_CTX_DAG_OWNER='***' AIRFLOW_CTX_DAG_ID='spotify_final_dag' AIRFLOW_CTX_TASK_ID='hello2' AIRFLOW_CTX_EXECUTION_DATE='2024-04-16T05:00:00+00:00' AIRFLOW_CTX_TRY_NUMBER='1' AIRFLOW_CTX_DAG_RUN_ID='scheduled__2024-04-16T05:00:00+00:00'
[2024-04-16T09:21:42.976+0000] {taskinstance.py:430} INFO - ::endgroup::
[2024-04-16T09:21:43.403+0000] {logging_mixin.py:188} INFO - Connection successful
[2024-04-16T09:21:43.827+0000] {logging_mixin.py:188} INFO - Connection successful
[2024-04-16T09:21:44.277+0000] {logging_mixin.py:188} INFO - Connection successful
[2024-04-16T09:21:44.282+0000] {logging_mixin.py:188} INFO - Null Not Found
[2024-04-16T09:21:44.284+0000] {logging_mixin.py:188} INFO - Null Not Found
[2024-04-16T09:21:44.293+0000] {logging_mixin.py:188} INFO - Null Not Found
[2024-04-16T09:21:44.294+0000] {logging_mixin.py:188} INFO - Null Not Found
[2024-04-16T09:21:44.295+0000] {logging_mixin.py:188} INFO - Null Not Found
[2024-04-16T09:21:44.296+0000] {logging_mixin.py:188} INFO - Null Not Found
[2024-04-16T09:21:44.297+0000] {python.py:237} INFO - Done. Returned value was: None
[2024-04-16T09:21:44.298+0000] {taskinstance.py:441} INFO - ::group::Post task execution logs
[2024-04-16T09:21:44.305+0000] {taskinstance.py:1205} INFO - Marking task as SUCCESS. dag_id=spotify_final_dag, task_id=hello2, execution_date=20240416T050000, start_date=20240416T092142, end_date=20240416T092144
[2024-04-16T09:21:44.354+0000] {local_task_job_runner.py:240} INFO - Task exited with return code 0
[2024-04-16T09:21:44.366+0000] {taskinstance.py:3482} INFO - 0 downstream tasks scheduled from follow-on schedule check
[2024-04-16T09:21:44.368+0000] {local_task_job_runner.py:222} INFO - ::endgroup::
[2024-04-16T09:32:58.676+0000] {local_task_job_runner.py:120} INFO - ::group::Pre task execution logs
[2024-04-16T09:32:58.694+0000] {taskinstance.py:2073} INFO - Dependencies all met for dep_context=non-requeueable deps ti=<TaskInstance: spotify_final_dag.hello2 scheduled__2024-04-16T05:00:00+00:00 [queued]>
[2024-04-16T09:32:58.701+0000] {taskinstance.py:2073} INFO - Dependencies all met for dep_context=requeueable deps ti=<TaskInstance: spotify_final_dag.hello2 scheduled__2024-04-16T05:00:00+00:00 [queued]>
[2024-04-16T09:32:58.701+0000] {taskinstance.py:2303} INFO - Starting attempt 1 of 2
[2024-04-16T09:32:58.714+0000] {taskinstance.py:2327} INFO - Executing <Task(PythonOperator): hello2> on 2024-04-16 05:00:00+00:00
[2024-04-16T09:32:58.721+0000] {warnings.py:110} WARNING - /home/***/.local/lib/python3.12/site-packages/***/task/task_runner/standard_task_runner.py:61: DeprecationWarning: This process (pid=1064) is multi-threaded, use of fork() may lead to deadlocks in the child.
  pid = os.fork()

[2024-04-16T09:32:58.724+0000] {standard_task_runner.py:63} INFO - Started process 1074 to run task
[2024-04-16T09:32:58.725+0000] {standard_task_runner.py:90} INFO - Running: ['***', 'tasks', 'run', 'spotify_final_dag', 'hello2', 'scheduled__2024-04-16T05:00:00+00:00', '--job-id', '110', '--raw', '--subdir', 'DAGS_FOLDER/dag.py', '--cfg-path', '/tmp/tmpd_ebum2u']
[2024-04-16T09:32:58.727+0000] {standard_task_runner.py:91} INFO - Job 110: Subtask hello2
[2024-04-16T09:32:58.772+0000] {task_command.py:426} INFO - Running <TaskInstance: spotify_final_dag.hello2 scheduled__2024-04-16T05:00:00+00:00 [running]> on host 52651c1f9987
[2024-04-16T09:32:58.860+0000] {taskinstance.py:2644} INFO - Exporting env vars: AIRFLOW_CTX_DAG_OWNER='***' AIRFLOW_CTX_DAG_ID='spotify_final_dag' AIRFLOW_CTX_TASK_ID='hello2' AIRFLOW_CTX_EXECUTION_DATE='2024-04-16T05:00:00+00:00' AIRFLOW_CTX_TRY_NUMBER='1' AIRFLOW_CTX_DAG_RUN_ID='scheduled__2024-04-16T05:00:00+00:00'
[2024-04-16T09:32:58.862+0000] {taskinstance.py:430} INFO - ::endgroup::
[2024-04-16T09:32:59.373+0000] {logging_mixin.py:188} INFO - Connection successful
[2024-04-16T09:32:59.895+0000] {logging_mixin.py:188} INFO - Connection successful
[2024-04-16T09:33:00.279+0000] {logging_mixin.py:188} INFO - Connection successful
[2024-04-16T09:33:00.283+0000] {logging_mixin.py:188} INFO - Null Not Found
[2024-04-16T09:33:00.284+0000] {logging_mixin.py:188} INFO - Null Not Found
[2024-04-16T09:33:00.297+0000] {logging_mixin.py:188} INFO - Null Not Found
[2024-04-16T09:33:00.298+0000] {logging_mixin.py:188} INFO - Null Not Found
[2024-04-16T09:33:00.300+0000] {logging_mixin.py:188} INFO - Null Not Found
[2024-04-16T09:33:00.300+0000] {logging_mixin.py:188} INFO - Null Not Found
[2024-04-16T09:33:00.302+0000] {python.py:237} INFO - Done. Returned value was: None
[2024-04-16T09:33:00.303+0000] {taskinstance.py:441} INFO - ::group::Post task execution logs
[2024-04-16T09:33:00.311+0000] {taskinstance.py:1205} INFO - Marking task as SUCCESS. dag_id=spotify_final_dag, task_id=hello2, execution_date=20240416T050000, start_date=20240416T093258, end_date=20240416T093300
[2024-04-16T09:33:00.344+0000] {local_task_job_runner.py:240} INFO - Task exited with return code 0
[2024-04-16T09:33:00.356+0000] {taskinstance.py:3482} INFO - 0 downstream tasks scheduled from follow-on schedule check
[2024-04-16T09:33:00.359+0000] {local_task_job_runner.py:222} INFO - ::endgroup::
[2024-04-16T09:41:06.110+0000] {local_task_job_runner.py:120} INFO - ::group::Pre task execution logs
[2024-04-16T09:41:06.130+0000] {taskinstance.py:2073} INFO - Dependencies all met for dep_context=non-requeueable deps ti=<TaskInstance: spotify_final_dag.hello2 scheduled__2024-04-16T05:00:00+00:00 [queued]>
[2024-04-16T09:41:06.138+0000] {taskinstance.py:2073} INFO - Dependencies all met for dep_context=requeueable deps ti=<TaskInstance: spotify_final_dag.hello2 scheduled__2024-04-16T05:00:00+00:00 [queued]>
[2024-04-16T09:41:06.139+0000] {taskinstance.py:2303} INFO - Starting attempt 1 of 2
[2024-04-16T09:41:06.250+0000] {taskinstance.py:2327} INFO - Executing <Task(PythonOperator): hello2> on 2024-04-16 05:00:00+00:00
[2024-04-16T09:41:06.261+0000] {warnings.py:110} WARNING - /home/***/.local/lib/python3.12/site-packages/***/task/task_runner/standard_task_runner.py:61: DeprecationWarning: This process (pid=3004) is multi-threaded, use of fork() may lead to deadlocks in the child.
  pid = os.fork()

[2024-04-16T09:41:06.263+0000] {standard_task_runner.py:63} INFO - Started process 3034 to run task
[2024-04-16T09:41:06.267+0000] {standard_task_runner.py:90} INFO - Running: ['***', 'tasks', 'run', 'spotify_final_dag', 'hello2', 'scheduled__2024-04-16T05:00:00+00:00', '--job-id', '726', '--raw', '--subdir', 'DAGS_FOLDER/dag.py', '--cfg-path', '/tmp/tmpchgj4nyy']
[2024-04-16T09:41:06.269+0000] {standard_task_runner.py:91} INFO - Job 726: Subtask hello2
[2024-04-16T09:41:06.325+0000] {task_command.py:426} INFO - Running <TaskInstance: spotify_final_dag.hello2 scheduled__2024-04-16T05:00:00+00:00 [running]> on host 52651c1f9987
[2024-04-16T09:41:06.430+0000] {taskinstance.py:2644} INFO - Exporting env vars: AIRFLOW_CTX_DAG_OWNER='***' AIRFLOW_CTX_DAG_ID='spotify_final_dag' AIRFLOW_CTX_TASK_ID='hello2' AIRFLOW_CTX_EXECUTION_DATE='2024-04-16T05:00:00+00:00' AIRFLOW_CTX_TRY_NUMBER='1' AIRFLOW_CTX_DAG_RUN_ID='scheduled__2024-04-16T05:00:00+00:00'
[2024-04-16T09:41:06.431+0000] {taskinstance.py:430} INFO - ::endgroup::
[2024-04-16T09:41:06.830+0000] {logging_mixin.py:188} INFO - Connection successful
[2024-04-16T09:41:07.262+0000] {logging_mixin.py:188} INFO - Connection successful
[2024-04-16T09:41:07.671+0000] {logging_mixin.py:188} INFO - Connection successful
[2024-04-16T09:41:07.675+0000] {logging_mixin.py:188} INFO - Null Not Found
[2024-04-16T09:41:07.676+0000] {logging_mixin.py:188} INFO - Null Not Found
[2024-04-16T09:41:07.686+0000] {logging_mixin.py:188} INFO - Null Not Found
[2024-04-16T09:41:07.686+0000] {logging_mixin.py:188} INFO - Null Not Found
[2024-04-16T09:41:07.688+0000] {logging_mixin.py:188} INFO - Null Not Found
[2024-04-16T09:41:07.689+0000] {logging_mixin.py:188} INFO - Null Not Found
[2024-04-16T09:41:07.691+0000] {python.py:237} INFO - Done. Returned value was: None
[2024-04-16T09:41:07.691+0000] {taskinstance.py:441} INFO - ::group::Post task execution logs
[2024-04-16T09:41:07.699+0000] {taskinstance.py:1205} INFO - Marking task as SUCCESS. dag_id=spotify_final_dag, task_id=hello2, execution_date=20240416T050000, start_date=20240416T094106, end_date=20240416T094107
[2024-04-16T09:41:07.764+0000] {local_task_job_runner.py:240} INFO - Task exited with return code 0
[2024-04-16T09:41:07.777+0000] {taskinstance.py:3482} INFO - 0 downstream tasks scheduled from follow-on schedule check
[2024-04-16T09:41:07.779+0000] {local_task_job_runner.py:222} INFO - ::endgroup::
[2024-04-16T09:48:19.583+0000] {local_task_job_runner.py:120} INFO - ::group::Pre task execution logs
[2024-04-16T09:48:19.602+0000] {taskinstance.py:2073} INFO - Dependencies all met for dep_context=non-requeueable deps ti=<TaskInstance: spotify_final_dag.hello2 scheduled__2024-04-16T05:00:00+00:00 [queued]>
[2024-04-16T09:48:19.609+0000] {taskinstance.py:2073} INFO - Dependencies all met for dep_context=requeueable deps ti=<TaskInstance: spotify_final_dag.hello2 scheduled__2024-04-16T05:00:00+00:00 [queued]>
[2024-04-16T09:48:19.610+0000] {taskinstance.py:2303} INFO - Starting attempt 1 of 2
[2024-04-16T09:48:19.727+0000] {taskinstance.py:2327} INFO - Executing <Task(PythonOperator): hello2> on 2024-04-16 05:00:00+00:00
[2024-04-16T09:48:19.735+0000] {warnings.py:110} WARNING - /home/***/.local/lib/python3.12/site-packages/***/task/task_runner/standard_task_runner.py:61: DeprecationWarning: This process (pid=4690) is multi-threaded, use of fork() may lead to deadlocks in the child.
  pid = os.fork()

[2024-04-16T09:48:19.737+0000] {standard_task_runner.py:63} INFO - Started process 4719 to run task
[2024-04-16T09:48:19.740+0000] {standard_task_runner.py:90} INFO - Running: ['***', 'tasks', 'run', 'spotify_final_dag', 'hello2', 'scheduled__2024-04-16T05:00:00+00:00', '--job-id', '1255', '--raw', '--subdir', 'DAGS_FOLDER/dag.py', '--cfg-path', '/tmp/tmpoit2ehbj']
[2024-04-16T09:48:19.741+0000] {standard_task_runner.py:91} INFO - Job 1255: Subtask hello2
[2024-04-16T09:48:19.790+0000] {task_command.py:426} INFO - Running <TaskInstance: spotify_final_dag.hello2 scheduled__2024-04-16T05:00:00+00:00 [running]> on host 52651c1f9987
[2024-04-16T09:48:19.893+0000] {taskinstance.py:2644} INFO - Exporting env vars: AIRFLOW_CTX_DAG_OWNER='***' AIRFLOW_CTX_DAG_ID='spotify_final_dag' AIRFLOW_CTX_TASK_ID='hello2' AIRFLOW_CTX_EXECUTION_DATE='2024-04-16T05:00:00+00:00' AIRFLOW_CTX_TRY_NUMBER='1' AIRFLOW_CTX_DAG_RUN_ID='scheduled__2024-04-16T05:00:00+00:00'
[2024-04-16T09:48:19.894+0000] {taskinstance.py:430} INFO - ::endgroup::
[2024-04-16T09:48:20.369+0000] {logging_mixin.py:188} INFO - Connection successful
[2024-04-16T09:48:20.854+0000] {logging_mixin.py:188} INFO - Connection successful
[2024-04-16T09:48:21.305+0000] {logging_mixin.py:188} INFO - Connection successful
[2024-04-16T09:48:21.309+0000] {logging_mixin.py:188} INFO - Null Not Found
[2024-04-16T09:48:21.310+0000] {logging_mixin.py:188} INFO - Null Not Found
[2024-04-16T09:48:21.318+0000] {logging_mixin.py:188} INFO - Null Not Found
[2024-04-16T09:48:21.319+0000] {logging_mixin.py:188} INFO - Null Not Found
[2024-04-16T09:48:21.321+0000] {logging_mixin.py:188} INFO - Null Not Found
[2024-04-16T09:48:21.322+0000] {logging_mixin.py:188} INFO - Null Not Found
[2024-04-16T09:48:21.323+0000] {python.py:237} INFO - Done. Returned value was: None
[2024-04-16T09:48:21.324+0000] {taskinstance.py:441} INFO - ::group::Post task execution logs
[2024-04-16T09:48:21.332+0000] {taskinstance.py:1205} INFO - Marking task as SUCCESS. dag_id=spotify_final_dag, task_id=hello2, execution_date=20240416T050000, start_date=20240416T094819, end_date=20240416T094821
[2024-04-16T09:48:21.399+0000] {local_task_job_runner.py:240} INFO - Task exited with return code 0
[2024-04-16T09:48:21.413+0000] {taskinstance.py:3482} INFO - 0 downstream tasks scheduled from follow-on schedule check
[2024-04-16T09:48:21.415+0000] {local_task_job_runner.py:222} INFO - ::endgroup::
