[2024-04-16T09:38:20.098+0000] {local_task_job_runner.py:120} INFO - ::group::Pre task execution logs
[2024-04-16T09:38:20.124+0000] {taskinstance.py:2073} INFO - Dependencies all met for dep_context=non-requeueable deps ti=<TaskInstance: spotify_final_dag.hello2 scheduled__2024-04-16T00:54:00+00:00 [queued]>
[2024-04-16T09:38:20.136+0000] {taskinstance.py:2073} INFO - Dependencies all met for dep_context=requeueable deps ti=<TaskInstance: spotify_final_dag.hello2 scheduled__2024-04-16T00:54:00+00:00 [queued]>
[2024-04-16T09:38:20.137+0000] {taskinstance.py:2303} INFO - Starting attempt 1 of 2
[2024-04-16T09:38:20.156+0000] {taskinstance.py:2327} INFO - Executing <Task(PythonOperator): hello2> on 2024-04-16 00:54:00+00:00
[2024-04-16T09:38:20.167+0000] {warnings.py:110} WARNING - /home/***/.local/lib/python3.12/site-packages/***/task/task_runner/standard_task_runner.py:61: DeprecationWarning: This process (pid=1490) is multi-threaded, use of fork() may lead to deadlocks in the child.
  pid = os.fork()

[2024-04-16T09:38:20.169+0000] {standard_task_runner.py:90} INFO - Running: ['***', 'tasks', 'run', 'spotify_final_dag', 'hello2', 'scheduled__2024-04-16T00:54:00+00:00', '--job-id', '233', '--raw', '--subdir', 'DAGS_FOLDER/dag.py', '--cfg-path', '/tmp/tmpmz4v4slv']
[2024-04-16T09:38:20.170+0000] {standard_task_runner.py:63} INFO - Started process 1515 to run task
[2024-04-16T09:38:20.170+0000] {standard_task_runner.py:91} INFO - Job 233: Subtask hello2
[2024-04-16T09:38:20.232+0000] {task_command.py:426} INFO - Running <TaskInstance: spotify_final_dag.hello2 scheduled__2024-04-16T00:54:00+00:00 [running]> on host 52651c1f9987
[2024-04-16T09:38:20.370+0000] {taskinstance.py:2644} INFO - Exporting env vars: AIRFLOW_CTX_DAG_OWNER='***' AIRFLOW_CTX_DAG_ID='spotify_final_dag' AIRFLOW_CTX_TASK_ID='hello2' AIRFLOW_CTX_EXECUTION_DATE='2024-04-16T00:54:00+00:00' AIRFLOW_CTX_TRY_NUMBER='1' AIRFLOW_CTX_DAG_RUN_ID='scheduled__2024-04-16T00:54:00+00:00'
[2024-04-16T09:38:20.372+0000] {taskinstance.py:430} INFO - ::endgroup::
[2024-04-16T09:38:20.845+0000] {logging_mixin.py:188} INFO - Connection successful
[2024-04-16T09:38:21.260+0000] {logging_mixin.py:188} INFO - Connection successful
[2024-04-16T09:38:21.671+0000] {logging_mixin.py:188} INFO - Connection successful
[2024-04-16T09:38:21.675+0000] {logging_mixin.py:188} INFO - Null Not Found
[2024-04-16T09:38:21.677+0000] {logging_mixin.py:188} INFO - Null Not Found
[2024-04-16T09:38:21.686+0000] {logging_mixin.py:188} INFO - Null Not Found
[2024-04-16T09:38:21.687+0000] {logging_mixin.py:188} INFO - Null Not Found
[2024-04-16T09:38:21.689+0000] {logging_mixin.py:188} INFO - Null Not Found
[2024-04-16T09:38:21.689+0000] {logging_mixin.py:188} INFO - Null Not Found
[2024-04-16T09:38:21.691+0000] {python.py:237} INFO - Done. Returned value was: None
[2024-04-16T09:38:21.691+0000] {taskinstance.py:441} INFO - ::group::Post task execution logs
[2024-04-16T09:38:21.699+0000] {taskinstance.py:1205} INFO - Marking task as SUCCESS. dag_id=spotify_final_dag, task_id=hello2, execution_date=20240416T005400, start_date=20240416T093820, end_date=20240416T093821
[2024-04-16T09:38:21.749+0000] {local_task_job_runner.py:240} INFO - Task exited with return code 0
[2024-04-16T09:38:21.766+0000] {taskinstance.py:3482} INFO - 0 downstream tasks scheduled from follow-on schedule check
[2024-04-16T09:38:21.768+0000] {local_task_job_runner.py:222} INFO - ::endgroup::
[2024-04-16T09:46:58.440+0000] {local_task_job_runner.py:120} INFO - ::group::Pre task execution logs
[2024-04-16T09:46:58.457+0000] {taskinstance.py:2073} INFO - Dependencies all met for dep_context=non-requeueable deps ti=<TaskInstance: spotify_final_dag.hello2 scheduled__2024-04-16T00:54:00+00:00 [queued]>
[2024-04-16T09:46:58.464+0000] {taskinstance.py:2073} INFO - Dependencies all met for dep_context=requeueable deps ti=<TaskInstance: spotify_final_dag.hello2 scheduled__2024-04-16T00:54:00+00:00 [queued]>
[2024-04-16T09:46:58.464+0000] {taskinstance.py:2303} INFO - Starting attempt 1 of 2
[2024-04-16T09:46:58.475+0000] {taskinstance.py:2327} INFO - Executing <Task(PythonOperator): hello2> on 2024-04-16 00:54:00+00:00
[2024-04-16T09:46:58.483+0000] {warnings.py:110} WARNING - /home/***/.local/lib/python3.12/site-packages/***/task/task_runner/standard_task_runner.py:61: DeprecationWarning: This process (pid=3915) is multi-threaded, use of fork() may lead to deadlocks in the child.
  pid = os.fork()

[2024-04-16T09:46:58.484+0000] {standard_task_runner.py:63} INFO - Started process 3935 to run task
[2024-04-16T09:46:58.484+0000] {standard_task_runner.py:90} INFO - Running: ['***', 'tasks', 'run', 'spotify_final_dag', 'hello2', 'scheduled__2024-04-16T00:54:00+00:00', '--job-id', '1004', '--raw', '--subdir', 'DAGS_FOLDER/dag.py', '--cfg-path', '/tmp/tmpsry8ku3x']
[2024-04-16T09:46:58.485+0000] {standard_task_runner.py:91} INFO - Job 1004: Subtask hello2
[2024-04-16T09:46:58.518+0000] {task_command.py:426} INFO - Running <TaskInstance: spotify_final_dag.hello2 scheduled__2024-04-16T00:54:00+00:00 [running]> on host 52651c1f9987
[2024-04-16T09:46:58.593+0000] {taskinstance.py:2644} INFO - Exporting env vars: AIRFLOW_CTX_DAG_OWNER='***' AIRFLOW_CTX_DAG_ID='spotify_final_dag' AIRFLOW_CTX_TASK_ID='hello2' AIRFLOW_CTX_EXECUTION_DATE='2024-04-16T00:54:00+00:00' AIRFLOW_CTX_TRY_NUMBER='1' AIRFLOW_CTX_DAG_RUN_ID='scheduled__2024-04-16T00:54:00+00:00'
[2024-04-16T09:46:58.594+0000] {taskinstance.py:430} INFO - ::endgroup::
[2024-04-16T09:46:59.007+0000] {logging_mixin.py:188} INFO - Connection successful
[2024-04-16T09:46:59.710+0000] {logging_mixin.py:188} INFO - Connection successful
[2024-04-16T09:47:00.189+0000] {logging_mixin.py:188} INFO - Connection successful
[2024-04-16T09:47:00.193+0000] {logging_mixin.py:188} INFO - Null Not Found
[2024-04-16T09:47:00.194+0000] {logging_mixin.py:188} INFO - Null Not Found
[2024-04-16T09:47:00.202+0000] {logging_mixin.py:188} INFO - Null Not Found
[2024-04-16T09:47:00.203+0000] {logging_mixin.py:188} INFO - Null Not Found
[2024-04-16T09:47:00.204+0000] {logging_mixin.py:188} INFO - Null Not Found
[2024-04-16T09:47:00.204+0000] {logging_mixin.py:188} INFO - Null Not Found
[2024-04-16T09:47:00.206+0000] {python.py:237} INFO - Done. Returned value was: None
[2024-04-16T09:47:00.206+0000] {taskinstance.py:441} INFO - ::group::Post task execution logs
[2024-04-16T09:47:00.212+0000] {taskinstance.py:1205} INFO - Marking task as SUCCESS. dag_id=spotify_final_dag, task_id=hello2, execution_date=20240416T005400, start_date=20240416T094658, end_date=20240416T094700
[2024-04-16T09:47:00.264+0000] {local_task_job_runner.py:240} INFO - Task exited with return code 0
[2024-04-16T09:47:00.280+0000] {taskinstance.py:3482} INFO - 0 downstream tasks scheduled from follow-on schedule check
[2024-04-16T09:47:00.282+0000] {local_task_job_runner.py:222} INFO - ::endgroup::
