[2024-04-16T09:40:55.594+0000] {local_task_job_runner.py:120} INFO - ::group::Pre task execution logs
[2024-04-16T09:40:55.617+0000] {taskinstance.py:2073} INFO - Dependencies all met for dep_context=non-requeueable deps ti=<TaskInstance: spotify_final_dag.hello2 scheduled__2024-04-16T04:40:00+00:00 [queued]>
[2024-04-16T09:40:55.627+0000] {taskinstance.py:2073} INFO - Dependencies all met for dep_context=requeueable deps ti=<TaskInstance: spotify_final_dag.hello2 scheduled__2024-04-16T04:40:00+00:00 [queued]>
[2024-04-16T09:40:55.630+0000] {taskinstance.py:2303} INFO - Starting attempt 1 of 2
[2024-04-16T09:40:55.649+0000] {taskinstance.py:2327} INFO - Executing <Task(PythonOperator): hello2> on 2024-04-16 04:40:00+00:00
[2024-04-16T09:40:55.662+0000] {warnings.py:110} WARNING - /home/***/.local/lib/python3.12/site-packages/***/task/task_runner/standard_task_runner.py:61: DeprecationWarning: This process (pid=2896) is multi-threaded, use of fork() may lead to deadlocks in the child.
  pid = os.fork()

[2024-04-16T09:40:55.664+0000] {standard_task_runner.py:63} INFO - Started process 2925 to run task
[2024-04-16T09:40:55.664+0000] {standard_task_runner.py:90} INFO - Running: ['***', 'tasks', 'run', 'spotify_final_dag', 'hello2', 'scheduled__2024-04-16T04:40:00+00:00', '--job-id', '687', '--raw', '--subdir', 'DAGS_FOLDER/dag.py', '--cfg-path', '/tmp/tmp2y95nb3y']
[2024-04-16T09:40:55.665+0000] {standard_task_runner.py:91} INFO - Job 687: Subtask hello2
[2024-04-16T09:40:55.719+0000] {task_command.py:426} INFO - Running <TaskInstance: spotify_final_dag.hello2 scheduled__2024-04-16T04:40:00+00:00 [running]> on host 52651c1f9987
[2024-04-16T09:40:55.826+0000] {taskinstance.py:2644} INFO - Exporting env vars: AIRFLOW_CTX_DAG_OWNER='***' AIRFLOW_CTX_DAG_ID='spotify_final_dag' AIRFLOW_CTX_TASK_ID='hello2' AIRFLOW_CTX_EXECUTION_DATE='2024-04-16T04:40:00+00:00' AIRFLOW_CTX_TRY_NUMBER='1' AIRFLOW_CTX_DAG_RUN_ID='scheduled__2024-04-16T04:40:00+00:00'
[2024-04-16T09:40:55.828+0000] {taskinstance.py:430} INFO - ::endgroup::
[2024-04-16T09:40:56.288+0000] {logging_mixin.py:188} INFO - Connection successful
[2024-04-16T09:40:56.702+0000] {logging_mixin.py:188} INFO - Connection successful
[2024-04-16T09:40:57.110+0000] {logging_mixin.py:188} INFO - Connection successful
[2024-04-16T09:40:57.115+0000] {logging_mixin.py:188} INFO - Null Not Found
[2024-04-16T09:40:57.116+0000] {logging_mixin.py:188} INFO - Null Not Found
[2024-04-16T09:40:57.126+0000] {logging_mixin.py:188} INFO - Null Not Found
[2024-04-16T09:40:57.126+0000] {logging_mixin.py:188} INFO - Null Not Found
[2024-04-16T09:40:57.128+0000] {logging_mixin.py:188} INFO - Null Not Found
[2024-04-16T09:40:57.129+0000] {logging_mixin.py:188} INFO - Null Not Found
[2024-04-16T09:40:57.130+0000] {python.py:237} INFO - Done. Returned value was: None
[2024-04-16T09:40:57.131+0000] {taskinstance.py:441} INFO - ::group::Post task execution logs
[2024-04-16T09:40:57.140+0000] {taskinstance.py:1205} INFO - Marking task as SUCCESS. dag_id=spotify_final_dag, task_id=hello2, execution_date=20240416T044000, start_date=20240416T094055, end_date=20240416T094057
[2024-04-16T09:40:57.245+0000] {local_task_job_runner.py:240} INFO - Task exited with return code 0
[2024-04-16T09:40:57.262+0000] {taskinstance.py:3482} INFO - 0 downstream tasks scheduled from follow-on schedule check
[2024-04-16T09:40:57.264+0000] {local_task_job_runner.py:222} INFO - ::endgroup::
[2024-04-16T09:48:10.969+0000] {local_task_job_runner.py:120} INFO - ::group::Pre task execution logs
[2024-04-16T09:48:10.993+0000] {taskinstance.py:2073} INFO - Dependencies all met for dep_context=non-requeueable deps ti=<TaskInstance: spotify_final_dag.hello2 scheduled__2024-04-16T04:40:00+00:00 [queued]>
[2024-04-16T09:48:11.005+0000] {taskinstance.py:2073} INFO - Dependencies all met for dep_context=requeueable deps ti=<TaskInstance: spotify_final_dag.hello2 scheduled__2024-04-16T04:40:00+00:00 [queued]>
[2024-04-16T09:48:11.006+0000] {taskinstance.py:2303} INFO - Starting attempt 1 of 2
[2024-04-16T09:48:11.022+0000] {taskinstance.py:2327} INFO - Executing <Task(PythonOperator): hello2> on 2024-04-16 04:40:00+00:00
[2024-04-16T09:48:11.032+0000] {warnings.py:110} WARNING - /home/***/.local/lib/python3.12/site-packages/***/task/task_runner/standard_task_runner.py:61: DeprecationWarning: This process (pid=4612) is multi-threaded, use of fork() may lead to deadlocks in the child.
  pid = os.fork()

[2024-04-16T09:48:11.033+0000] {standard_task_runner.py:63} INFO - Started process 4626 to run task
[2024-04-16T09:48:11.033+0000] {standard_task_runner.py:90} INFO - Running: ['***', 'tasks', 'run', 'spotify_final_dag', 'hello2', 'scheduled__2024-04-16T04:40:00+00:00', '--job-id', '1230', '--raw', '--subdir', 'DAGS_FOLDER/dag.py', '--cfg-path', '/tmp/tmppum8zmix']
[2024-04-16T09:48:11.034+0000] {standard_task_runner.py:91} INFO - Job 1230: Subtask hello2
[2024-04-16T09:48:11.077+0000] {task_command.py:426} INFO - Running <TaskInstance: spotify_final_dag.hello2 scheduled__2024-04-16T04:40:00+00:00 [running]> on host 52651c1f9987
[2024-04-16T09:48:11.166+0000] {taskinstance.py:2644} INFO - Exporting env vars: AIRFLOW_CTX_DAG_OWNER='***' AIRFLOW_CTX_DAG_ID='spotify_final_dag' AIRFLOW_CTX_TASK_ID='hello2' AIRFLOW_CTX_EXECUTION_DATE='2024-04-16T04:40:00+00:00' AIRFLOW_CTX_TRY_NUMBER='1' AIRFLOW_CTX_DAG_RUN_ID='scheduled__2024-04-16T04:40:00+00:00'
[2024-04-16T09:48:11.167+0000] {taskinstance.py:430} INFO - ::endgroup::
[2024-04-16T09:48:11.602+0000] {logging_mixin.py:188} INFO - Connection successful
[2024-04-16T09:48:12.006+0000] {logging_mixin.py:188} INFO - Connection successful
[2024-04-16T09:48:12.383+0000] {logging_mixin.py:188} INFO - Connection successful
[2024-04-16T09:48:12.387+0000] {logging_mixin.py:188} INFO - Null Not Found
[2024-04-16T09:48:12.388+0000] {logging_mixin.py:188} INFO - Null Not Found
[2024-04-16T09:48:12.396+0000] {logging_mixin.py:188} INFO - Null Not Found
[2024-04-16T09:48:12.397+0000] {logging_mixin.py:188} INFO - Null Not Found
[2024-04-16T09:48:12.398+0000] {logging_mixin.py:188} INFO - Null Not Found
[2024-04-16T09:48:12.399+0000] {logging_mixin.py:188} INFO - Null Not Found
[2024-04-16T09:48:12.400+0000] {python.py:237} INFO - Done. Returned value was: None
[2024-04-16T09:48:12.401+0000] {taskinstance.py:441} INFO - ::group::Post task execution logs
[2024-04-16T09:48:12.407+0000] {taskinstance.py:1205} INFO - Marking task as SUCCESS. dag_id=spotify_final_dag, task_id=hello2, execution_date=20240416T044000, start_date=20240416T094810, end_date=20240416T094812
[2024-04-16T09:48:12.451+0000] {local_task_job_runner.py:240} INFO - Task exited with return code 0
[2024-04-16T09:48:12.469+0000] {taskinstance.py:3482} INFO - 0 downstream tasks scheduled from follow-on schedule check
[2024-04-16T09:48:12.471+0000] {local_task_job_runner.py:222} INFO - ::endgroup::
