[2024-04-16T09:40:46.717+0000] {local_task_job_runner.py:120} INFO - ::group::Pre task execution logs
[2024-04-16T09:40:46.738+0000] {taskinstance.py:2073} INFO - Dependencies all met for dep_context=non-requeueable deps ti=<TaskInstance: spotify_final_dag.hello2 scheduled__2024-04-16T04:30:00+00:00 [queued]>
[2024-04-16T09:40:46.751+0000] {taskinstance.py:2073} INFO - Dependencies all met for dep_context=requeueable deps ti=<TaskInstance: spotify_final_dag.hello2 scheduled__2024-04-16T04:30:00+00:00 [queued]>
[2024-04-16T09:40:46.752+0000] {taskinstance.py:2303} INFO - Starting attempt 1 of 2
[2024-04-16T09:40:46.769+0000] {taskinstance.py:2327} INFO - Executing <Task(PythonOperator): hello2> on 2024-04-16 04:30:00+00:00
[2024-04-16T09:40:46.780+0000] {warnings.py:110} WARNING - /home/***/.local/lib/python3.12/site-packages/***/task/task_runner/standard_task_runner.py:61: DeprecationWarning: This process (pid=2825) is multi-threaded, use of fork() may lead to deadlocks in the child.
  pid = os.fork()

[2024-04-16T09:40:46.782+0000] {standard_task_runner.py:63} INFO - Started process 2846 to run task
[2024-04-16T09:40:46.782+0000] {standard_task_runner.py:90} INFO - Running: ['***', 'tasks', 'run', 'spotify_final_dag', 'hello2', 'scheduled__2024-04-16T04:30:00+00:00', '--job-id', '665', '--raw', '--subdir', 'DAGS_FOLDER/dag.py', '--cfg-path', '/tmp/tmpwmwl18dw']
[2024-04-16T09:40:46.784+0000] {standard_task_runner.py:91} INFO - Job 665: Subtask hello2
[2024-04-16T09:40:46.832+0000] {task_command.py:426} INFO - Running <TaskInstance: spotify_final_dag.hello2 scheduled__2024-04-16T04:30:00+00:00 [running]> on host 52651c1f9987
[2024-04-16T09:40:46.937+0000] {taskinstance.py:2644} INFO - Exporting env vars: AIRFLOW_CTX_DAG_OWNER='***' AIRFLOW_CTX_DAG_ID='spotify_final_dag' AIRFLOW_CTX_TASK_ID='hello2' AIRFLOW_CTX_EXECUTION_DATE='2024-04-16T04:30:00+00:00' AIRFLOW_CTX_TRY_NUMBER='1' AIRFLOW_CTX_DAG_RUN_ID='scheduled__2024-04-16T04:30:00+00:00'
[2024-04-16T09:40:46.939+0000] {taskinstance.py:430} INFO - ::endgroup::
[2024-04-16T09:40:47.348+0000] {logging_mixin.py:188} INFO - Connection successful
[2024-04-16T09:40:47.767+0000] {logging_mixin.py:188} INFO - Connection successful
[2024-04-16T09:40:48.201+0000] {logging_mixin.py:188} INFO - Connection successful
[2024-04-16T09:40:48.206+0000] {logging_mixin.py:188} INFO - Null Not Found
[2024-04-16T09:40:48.207+0000] {logging_mixin.py:188} INFO - Null Not Found
[2024-04-16T09:40:48.217+0000] {logging_mixin.py:188} INFO - Null Not Found
[2024-04-16T09:40:48.218+0000] {logging_mixin.py:188} INFO - Null Not Found
[2024-04-16T09:40:48.220+0000] {logging_mixin.py:188} INFO - Null Not Found
[2024-04-16T09:40:48.221+0000] {logging_mixin.py:188} INFO - Null Not Found
[2024-04-16T09:40:48.223+0000] {python.py:237} INFO - Done. Returned value was: None
[2024-04-16T09:40:48.223+0000] {taskinstance.py:441} INFO - ::group::Post task execution logs
[2024-04-16T09:40:48.233+0000] {taskinstance.py:1205} INFO - Marking task as SUCCESS. dag_id=spotify_final_dag, task_id=hello2, execution_date=20240416T043000, start_date=20240416T094046, end_date=20240416T094048
[2024-04-16T09:40:48.280+0000] {local_task_job_runner.py:240} INFO - Task exited with return code 0
[2024-04-16T09:40:48.292+0000] {taskinstance.py:3482} INFO - 0 downstream tasks scheduled from follow-on schedule check
[2024-04-16T09:40:48.294+0000] {local_task_job_runner.py:222} INFO - ::endgroup::
[2024-04-16T09:48:09.486+0000] {local_task_job_runner.py:120} INFO - ::group::Pre task execution logs
[2024-04-16T09:48:09.503+0000] {taskinstance.py:2073} INFO - Dependencies all met for dep_context=non-requeueable deps ti=<TaskInstance: spotify_final_dag.hello2 scheduled__2024-04-16T04:30:00+00:00 [queued]>
[2024-04-16T09:48:09.511+0000] {taskinstance.py:2073} INFO - Dependencies all met for dep_context=requeueable deps ti=<TaskInstance: spotify_final_dag.hello2 scheduled__2024-04-16T04:30:00+00:00 [queued]>
[2024-04-16T09:48:09.511+0000] {taskinstance.py:2303} INFO - Starting attempt 1 of 2
[2024-04-16T09:48:09.521+0000] {taskinstance.py:2327} INFO - Executing <Task(PythonOperator): hello2> on 2024-04-16 04:30:00+00:00
[2024-04-16T09:48:09.528+0000] {warnings.py:110} WARNING - /home/***/.local/lib/python3.12/site-packages/***/task/task_runner/standard_task_runner.py:61: DeprecationWarning: This process (pid=4590) is multi-threaded, use of fork() may lead to deadlocks in the child.
  pid = os.fork()

[2024-04-16T09:48:09.529+0000] {standard_task_runner.py:63} INFO - Started process 4606 to run task
[2024-04-16T09:48:09.529+0000] {standard_task_runner.py:90} INFO - Running: ['***', 'tasks', 'run', 'spotify_final_dag', 'hello2', 'scheduled__2024-04-16T04:30:00+00:00', '--job-id', '1224', '--raw', '--subdir', 'DAGS_FOLDER/dag.py', '--cfg-path', '/tmp/tmp6f7e8l8c']
[2024-04-16T09:48:09.530+0000] {standard_task_runner.py:91} INFO - Job 1224: Subtask hello2
[2024-04-16T09:48:09.566+0000] {task_command.py:426} INFO - Running <TaskInstance: spotify_final_dag.hello2 scheduled__2024-04-16T04:30:00+00:00 [running]> on host 52651c1f9987
[2024-04-16T09:48:09.674+0000] {taskinstance.py:2644} INFO - Exporting env vars: AIRFLOW_CTX_DAG_OWNER='***' AIRFLOW_CTX_DAG_ID='spotify_final_dag' AIRFLOW_CTX_TASK_ID='hello2' AIRFLOW_CTX_EXECUTION_DATE='2024-04-16T04:30:00+00:00' AIRFLOW_CTX_TRY_NUMBER='1' AIRFLOW_CTX_DAG_RUN_ID='scheduled__2024-04-16T04:30:00+00:00'
[2024-04-16T09:48:09.676+0000] {taskinstance.py:430} INFO - ::endgroup::
[2024-04-16T09:48:10.083+0000] {logging_mixin.py:188} INFO - Connection successful
[2024-04-16T09:48:10.514+0000] {logging_mixin.py:188} INFO - Connection successful
[2024-04-16T09:48:10.967+0000] {logging_mixin.py:188} INFO - Connection successful
[2024-04-16T09:48:10.973+0000] {logging_mixin.py:188} INFO - Null Not Found
[2024-04-16T09:48:10.974+0000] {logging_mixin.py:188} INFO - Null Not Found
[2024-04-16T09:48:10.986+0000] {logging_mixin.py:188} INFO - Null Not Found
[2024-04-16T09:48:10.987+0000] {logging_mixin.py:188} INFO - Null Not Found
[2024-04-16T09:48:10.989+0000] {logging_mixin.py:188} INFO - Null Not Found
[2024-04-16T09:48:10.990+0000] {logging_mixin.py:188} INFO - Null Not Found
[2024-04-16T09:48:10.992+0000] {python.py:237} INFO - Done. Returned value was: None
[2024-04-16T09:48:10.992+0000] {taskinstance.py:441} INFO - ::group::Post task execution logs
[2024-04-16T09:48:11.003+0000] {taskinstance.py:1205} INFO - Marking task as SUCCESS. dag_id=spotify_final_dag, task_id=hello2, execution_date=20240416T043000, start_date=20240416T094809, end_date=20240416T094811
[2024-04-16T09:48:11.035+0000] {local_task_job_runner.py:240} INFO - Task exited with return code 0
[2024-04-16T09:48:11.049+0000] {taskinstance.py:3482} INFO - 0 downstream tasks scheduled from follow-on schedule check
[2024-04-16T09:48:11.051+0000] {local_task_job_runner.py:222} INFO - ::endgroup::
