[2024-04-16T09:40:27.674+0000] {local_task_job_runner.py:120} INFO - ::group::Pre task execution logs
[2024-04-16T09:40:27.696+0000] {taskinstance.py:2073} INFO - Dependencies all met for dep_context=non-requeueable deps ti=<TaskInstance: spotify_final_dag.hello2 scheduled__2024-04-16T04:02:00+00:00 [queued]>
[2024-04-16T09:40:27.706+0000] {taskinstance.py:2073} INFO - Dependencies all met for dep_context=requeueable deps ti=<TaskInstance: spotify_final_dag.hello2 scheduled__2024-04-16T04:02:00+00:00 [queued]>
[2024-04-16T09:40:27.707+0000] {taskinstance.py:2303} INFO - Starting attempt 1 of 2
[2024-04-16T09:40:27.723+0000] {taskinstance.py:2327} INFO - Executing <Task(PythonOperator): hello2> on 2024-04-16 04:02:00+00:00
[2024-04-16T09:40:27.733+0000] {warnings.py:110} WARNING - /home/***/.local/lib/python3.12/site-packages/***/task/task_runner/standard_task_runner.py:61: DeprecationWarning: This process (pid=2639) is multi-threaded, use of fork() may lead to deadlocks in the child.
  pid = os.fork()

[2024-04-16T09:40:27.735+0000] {standard_task_runner.py:63} INFO - Started process 2664 to run task
[2024-04-16T09:40:27.735+0000] {standard_task_runner.py:90} INFO - Running: ['***', 'tasks', 'run', 'spotify_final_dag', 'hello2', 'scheduled__2024-04-16T04:02:00+00:00', '--job-id', '607', '--raw', '--subdir', 'DAGS_FOLDER/dag.py', '--cfg-path', '/tmp/tmpq1bygbj8']
[2024-04-16T09:40:27.736+0000] {standard_task_runner.py:91} INFO - Job 607: Subtask hello2
[2024-04-16T09:40:27.788+0000] {task_command.py:426} INFO - Running <TaskInstance: spotify_final_dag.hello2 scheduled__2024-04-16T04:02:00+00:00 [running]> on host 52651c1f9987
[2024-04-16T09:40:27.876+0000] {taskinstance.py:2644} INFO - Exporting env vars: AIRFLOW_CTX_DAG_OWNER='***' AIRFLOW_CTX_DAG_ID='spotify_final_dag' AIRFLOW_CTX_TASK_ID='hello2' AIRFLOW_CTX_EXECUTION_DATE='2024-04-16T04:02:00+00:00' AIRFLOW_CTX_TRY_NUMBER='1' AIRFLOW_CTX_DAG_RUN_ID='scheduled__2024-04-16T04:02:00+00:00'
[2024-04-16T09:40:27.878+0000] {taskinstance.py:430} INFO - ::endgroup::
[2024-04-16T09:40:28.275+0000] {logging_mixin.py:188} INFO - Connection successful
[2024-04-16T09:40:28.674+0000] {logging_mixin.py:188} INFO - Connection successful
[2024-04-16T09:40:29.093+0000] {logging_mixin.py:188} INFO - Connection successful
[2024-04-16T09:40:29.097+0000] {logging_mixin.py:188} INFO - Null Not Found
[2024-04-16T09:40:29.098+0000] {logging_mixin.py:188} INFO - Null Not Found
[2024-04-16T09:40:29.107+0000] {logging_mixin.py:188} INFO - Null Not Found
[2024-04-16T09:40:29.108+0000] {logging_mixin.py:188} INFO - Null Not Found
[2024-04-16T09:40:29.109+0000] {logging_mixin.py:188} INFO - Null Not Found
[2024-04-16T09:40:29.110+0000] {logging_mixin.py:188} INFO - Null Not Found
[2024-04-16T09:40:29.111+0000] {python.py:237} INFO - Done. Returned value was: None
[2024-04-16T09:40:29.112+0000] {taskinstance.py:441} INFO - ::group::Post task execution logs
[2024-04-16T09:40:29.121+0000] {taskinstance.py:1205} INFO - Marking task as SUCCESS. dag_id=spotify_final_dag, task_id=hello2, execution_date=20240416T040200, start_date=20240416T094027, end_date=20240416T094029
[2024-04-16T09:40:29.153+0000] {local_task_job_runner.py:240} INFO - Task exited with return code 0
[2024-04-16T09:40:29.165+0000] {taskinstance.py:3482} INFO - 0 downstream tasks scheduled from follow-on schedule check
[2024-04-16T09:40:29.167+0000] {local_task_job_runner.py:222} INFO - ::endgroup::
[2024-04-16T09:47:59.644+0000] {local_task_job_runner.py:120} INFO - ::group::Pre task execution logs
[2024-04-16T09:47:59.666+0000] {taskinstance.py:2073} INFO - Dependencies all met for dep_context=non-requeueable deps ti=<TaskInstance: spotify_final_dag.hello2 scheduled__2024-04-16T04:02:00+00:00 [queued]>
[2024-04-16T09:47:59.674+0000] {taskinstance.py:2073} INFO - Dependencies all met for dep_context=requeueable deps ti=<TaskInstance: spotify_final_dag.hello2 scheduled__2024-04-16T04:02:00+00:00 [queued]>
[2024-04-16T09:47:59.675+0000] {taskinstance.py:2303} INFO - Starting attempt 1 of 2
[2024-04-16T09:47:59.687+0000] {taskinstance.py:2327} INFO - Executing <Task(PythonOperator): hello2> on 2024-04-16 04:02:00+00:00
[2024-04-16T09:47:59.694+0000] {warnings.py:110} WARNING - /home/***/.local/lib/python3.12/site-packages/***/task/task_runner/standard_task_runner.py:61: DeprecationWarning: This process (pid=4500) is multi-threaded, use of fork() may lead to deadlocks in the child.
  pid = os.fork()

[2024-04-16T09:47:59.695+0000] {standard_task_runner.py:63} INFO - Started process 4524 to run task
[2024-04-16T09:47:59.696+0000] {standard_task_runner.py:90} INFO - Running: ['***', 'tasks', 'run', 'spotify_final_dag', 'hello2', 'scheduled__2024-04-16T04:02:00+00:00', '--job-id', '1194', '--raw', '--subdir', 'DAGS_FOLDER/dag.py', '--cfg-path', '/tmp/tmpee2ep6q9']
[2024-04-16T09:47:59.697+0000] {standard_task_runner.py:91} INFO - Job 1194: Subtask hello2
[2024-04-16T09:47:59.734+0000] {task_command.py:426} INFO - Running <TaskInstance: spotify_final_dag.hello2 scheduled__2024-04-16T04:02:00+00:00 [running]> on host 52651c1f9987
[2024-04-16T09:47:59.830+0000] {taskinstance.py:2644} INFO - Exporting env vars: AIRFLOW_CTX_DAG_OWNER='***' AIRFLOW_CTX_DAG_ID='spotify_final_dag' AIRFLOW_CTX_TASK_ID='hello2' AIRFLOW_CTX_EXECUTION_DATE='2024-04-16T04:02:00+00:00' AIRFLOW_CTX_TRY_NUMBER='1' AIRFLOW_CTX_DAG_RUN_ID='scheduled__2024-04-16T04:02:00+00:00'
[2024-04-16T09:47:59.832+0000] {taskinstance.py:430} INFO - ::endgroup::
[2024-04-16T09:48:00.273+0000] {logging_mixin.py:188} INFO - Connection successful
[2024-04-16T09:48:00.690+0000] {logging_mixin.py:188} INFO - Connection successful
[2024-04-16T09:48:01.092+0000] {logging_mixin.py:188} INFO - Connection successful
[2024-04-16T09:48:01.096+0000] {logging_mixin.py:188} INFO - Null Not Found
[2024-04-16T09:48:01.097+0000] {logging_mixin.py:188} INFO - Null Not Found
[2024-04-16T09:48:01.105+0000] {logging_mixin.py:188} INFO - Null Not Found
[2024-04-16T09:48:01.106+0000] {logging_mixin.py:188} INFO - Null Not Found
[2024-04-16T09:48:01.107+0000] {logging_mixin.py:188} INFO - Null Not Found
[2024-04-16T09:48:01.107+0000] {logging_mixin.py:188} INFO - Null Not Found
[2024-04-16T09:48:01.108+0000] {python.py:237} INFO - Done. Returned value was: None
[2024-04-16T09:48:01.108+0000] {taskinstance.py:441} INFO - ::group::Post task execution logs
[2024-04-16T09:48:01.115+0000] {taskinstance.py:1205} INFO - Marking task as SUCCESS. dag_id=spotify_final_dag, task_id=hello2, execution_date=20240416T040200, start_date=20240416T094759, end_date=20240416T094801
[2024-04-16T09:48:01.153+0000] {local_task_job_runner.py:240} INFO - Task exited with return code 0
[2024-04-16T09:48:01.163+0000] {taskinstance.py:3482} INFO - 0 downstream tasks scheduled from follow-on schedule check
[2024-04-16T09:48:01.165+0000] {local_task_job_runner.py:222} INFO - ::endgroup::
