[2024-04-16T09:39:26.024+0000] {local_task_job_runner.py:120} INFO - ::group::Pre task execution logs
[2024-04-16T09:39:26.047+0000] {taskinstance.py:2073} INFO - Dependencies all met for dep_context=non-requeueable deps ti=<TaskInstance: spotify_final_dag.hello2 scheduled__2024-04-16T02:24:00+00:00 [queued]>
[2024-04-16T09:39:26.058+0000] {taskinstance.py:2073} INFO - Dependencies all met for dep_context=requeueable deps ti=<TaskInstance: spotify_final_dag.hello2 scheduled__2024-04-16T02:24:00+00:00 [queued]>
[2024-04-16T09:39:26.059+0000] {taskinstance.py:2303} INFO - Starting attempt 1 of 2
[2024-04-16T09:39:26.075+0000] {taskinstance.py:2327} INFO - Executing <Task(PythonOperator): hello2> on 2024-04-16 02:24:00+00:00
[2024-04-16T09:39:26.084+0000] {warnings.py:110} WARNING - /home/***/.local/lib/python3.12/site-packages/***/task/task_runner/standard_task_runner.py:61: DeprecationWarning: This process (pid=2044) is multi-threaded, use of fork() may lead to deadlocks in the child.
  pid = os.fork()

[2024-04-16T09:39:26.086+0000] {standard_task_runner.py:63} INFO - Started process 2070 to run task
[2024-04-16T09:39:26.086+0000] {standard_task_runner.py:90} INFO - Running: ['***', 'tasks', 'run', 'spotify_final_dag', 'hello2', 'scheduled__2024-04-16T02:24:00+00:00', '--job-id', '413', '--raw', '--subdir', 'DAGS_FOLDER/dag.py', '--cfg-path', '/tmp/tmpfy48luxx']
[2024-04-16T09:39:26.087+0000] {standard_task_runner.py:91} INFO - Job 413: Subtask hello2
[2024-04-16T09:39:26.146+0000] {task_command.py:426} INFO - Running <TaskInstance: spotify_final_dag.hello2 scheduled__2024-04-16T02:24:00+00:00 [running]> on host 52651c1f9987
[2024-04-16T09:39:26.264+0000] {taskinstance.py:2644} INFO - Exporting env vars: AIRFLOW_CTX_DAG_OWNER='***' AIRFLOW_CTX_DAG_ID='spotify_final_dag' AIRFLOW_CTX_TASK_ID='hello2' AIRFLOW_CTX_EXECUTION_DATE='2024-04-16T02:24:00+00:00' AIRFLOW_CTX_TRY_NUMBER='1' AIRFLOW_CTX_DAG_RUN_ID='scheduled__2024-04-16T02:24:00+00:00'
[2024-04-16T09:39:26.266+0000] {taskinstance.py:430} INFO - ::endgroup::
[2024-04-16T09:39:26.771+0000] {logging_mixin.py:188} INFO - Connection successful
[2024-04-16T09:39:27.210+0000] {logging_mixin.py:188} INFO - Connection successful
[2024-04-16T09:39:27.619+0000] {logging_mixin.py:188} INFO - Connection successful
[2024-04-16T09:39:27.623+0000] {logging_mixin.py:188} INFO - Null Not Found
[2024-04-16T09:39:27.624+0000] {logging_mixin.py:188} INFO - Null Not Found
[2024-04-16T09:39:27.632+0000] {logging_mixin.py:188} INFO - Null Not Found
[2024-04-16T09:39:27.633+0000] {logging_mixin.py:188} INFO - Null Not Found
[2024-04-16T09:39:27.634+0000] {logging_mixin.py:188} INFO - Null Not Found
[2024-04-16T09:39:27.635+0000] {logging_mixin.py:188} INFO - Null Not Found
[2024-04-16T09:39:27.636+0000] {python.py:237} INFO - Done. Returned value was: None
[2024-04-16T09:39:27.636+0000] {taskinstance.py:441} INFO - ::group::Post task execution logs
[2024-04-16T09:39:27.643+0000] {taskinstance.py:1205} INFO - Marking task as SUCCESS. dag_id=spotify_final_dag, task_id=hello2, execution_date=20240416T022400, start_date=20240416T093926, end_date=20240416T093927
[2024-04-16T09:39:27.664+0000] {local_task_job_runner.py:240} INFO - Task exited with return code 0
[2024-04-16T09:39:27.677+0000] {taskinstance.py:3482} INFO - 0 downstream tasks scheduled from follow-on schedule check
[2024-04-16T09:39:27.679+0000] {local_task_job_runner.py:222} INFO - ::endgroup::
[2024-04-16T09:47:28.845+0000] {local_task_job_runner.py:120} INFO - ::group::Pre task execution logs
[2024-04-16T09:47:28.869+0000] {taskinstance.py:2073} INFO - Dependencies all met for dep_context=non-requeueable deps ti=<TaskInstance: spotify_final_dag.hello2 scheduled__2024-04-16T02:24:00+00:00 [queued]>
[2024-04-16T09:47:28.882+0000] {taskinstance.py:2073} INFO - Dependencies all met for dep_context=requeueable deps ti=<TaskInstance: spotify_final_dag.hello2 scheduled__2024-04-16T02:24:00+00:00 [queued]>
[2024-04-16T09:47:28.883+0000] {taskinstance.py:2303} INFO - Starting attempt 1 of 2
[2024-04-16T09:47:28.902+0000] {taskinstance.py:2327} INFO - Executing <Task(PythonOperator): hello2> on 2024-04-16 02:24:00+00:00
[2024-04-16T09:47:28.913+0000] {warnings.py:110} WARNING - /home/***/.local/lib/python3.12/site-packages/***/task/task_runner/standard_task_runner.py:61: DeprecationWarning: This process (pid=4200) is multi-threaded, use of fork() may lead to deadlocks in the child.
  pid = os.fork()

[2024-04-16T09:47:28.915+0000] {standard_task_runner.py:63} INFO - Started process 4226 to run task
[2024-04-16T09:47:28.915+0000] {standard_task_runner.py:90} INFO - Running: ['***', 'tasks', 'run', 'spotify_final_dag', 'hello2', 'scheduled__2024-04-16T02:24:00+00:00', '--job-id', '1097', '--raw', '--subdir', 'DAGS_FOLDER/dag.py', '--cfg-path', '/tmp/tmp_uc0doef']
[2024-04-16T09:47:28.916+0000] {standard_task_runner.py:91} INFO - Job 1097: Subtask hello2
[2024-04-16T09:47:28.963+0000] {task_command.py:426} INFO - Running <TaskInstance: spotify_final_dag.hello2 scheduled__2024-04-16T02:24:00+00:00 [running]> on host 52651c1f9987
[2024-04-16T09:47:29.054+0000] {taskinstance.py:2644} INFO - Exporting env vars: AIRFLOW_CTX_DAG_OWNER='***' AIRFLOW_CTX_DAG_ID='spotify_final_dag' AIRFLOW_CTX_TASK_ID='hello2' AIRFLOW_CTX_EXECUTION_DATE='2024-04-16T02:24:00+00:00' AIRFLOW_CTX_TRY_NUMBER='1' AIRFLOW_CTX_DAG_RUN_ID='scheduled__2024-04-16T02:24:00+00:00'
[2024-04-16T09:47:29.055+0000] {taskinstance.py:430} INFO - ::endgroup::
[2024-04-16T09:47:29.527+0000] {logging_mixin.py:188} INFO - Connection successful
[2024-04-16T09:47:29.945+0000] {logging_mixin.py:188} INFO - Connection successful
[2024-04-16T09:47:30.322+0000] {logging_mixin.py:188} INFO - Connection successful
[2024-04-16T09:47:30.326+0000] {logging_mixin.py:188} INFO - Null Not Found
[2024-04-16T09:47:30.328+0000] {logging_mixin.py:188} INFO - Null Not Found
[2024-04-16T09:47:30.336+0000] {logging_mixin.py:188} INFO - Null Not Found
[2024-04-16T09:47:30.337+0000] {logging_mixin.py:188} INFO - Null Not Found
[2024-04-16T09:47:30.338+0000] {logging_mixin.py:188} INFO - Null Not Found
[2024-04-16T09:47:30.339+0000] {logging_mixin.py:188} INFO - Null Not Found
[2024-04-16T09:47:30.341+0000] {python.py:237} INFO - Done. Returned value was: None
[2024-04-16T09:47:30.342+0000] {taskinstance.py:441} INFO - ::group::Post task execution logs
[2024-04-16T09:47:30.354+0000] {taskinstance.py:1205} INFO - Marking task as SUCCESS. dag_id=spotify_final_dag, task_id=hello2, execution_date=20240416T022400, start_date=20240416T094728, end_date=20240416T094730
[2024-04-16T09:47:30.412+0000] {local_task_job_runner.py:240} INFO - Task exited with return code 0
[2024-04-16T09:47:30.425+0000] {taskinstance.py:3482} INFO - 0 downstream tasks scheduled from follow-on schedule check
[2024-04-16T09:47:30.427+0000] {local_task_job_runner.py:222} INFO - ::endgroup::
