[2024-04-16T09:41:25.844+0000] {local_task_job_runner.py:120} INFO - ::group::Pre task execution logs
[2024-04-16T09:41:25.867+0000] {taskinstance.py:2073} INFO - Dependencies all met for dep_context=non-requeueable deps ti=<TaskInstance: spotify_final_dag.hello2 scheduled__2024-04-16T05:32:00+00:00 [queued]>
[2024-04-16T09:41:25.879+0000] {taskinstance.py:2073} INFO - Dependencies all met for dep_context=requeueable deps ti=<TaskInstance: spotify_final_dag.hello2 scheduled__2024-04-16T05:32:00+00:00 [queued]>
[2024-04-16T09:41:25.880+0000] {taskinstance.py:2303} INFO - Starting attempt 1 of 2
[2024-04-16T09:41:25.994+0000] {taskinstance.py:2327} INFO - Executing <Task(PythonOperator): hello2> on 2024-04-16 05:32:00+00:00
[2024-04-16T09:41:26.003+0000] {warnings.py:110} WARNING - /home/***/.local/lib/python3.12/site-packages/***/task/task_runner/standard_task_runner.py:61: DeprecationWarning: This process (pid=3204) is multi-threaded, use of fork() may lead to deadlocks in the child.
  pid = os.fork()

[2024-04-16T09:41:26.005+0000] {standard_task_runner.py:63} INFO - Started process 3233 to run task
[2024-04-16T09:41:26.006+0000] {standard_task_runner.py:90} INFO - Running: ['***', 'tasks', 'run', 'spotify_final_dag', 'hello2', 'scheduled__2024-04-16T05:32:00+00:00', '--job-id', '790', '--raw', '--subdir', 'DAGS_FOLDER/dag.py', '--cfg-path', '/tmp/tmpa12u7_e9']
[2024-04-16T09:41:26.007+0000] {standard_task_runner.py:91} INFO - Job 790: Subtask hello2
[2024-04-16T09:41:26.053+0000] {task_command.py:426} INFO - Running <TaskInstance: spotify_final_dag.hello2 scheduled__2024-04-16T05:32:00+00:00 [running]> on host 52651c1f9987
[2024-04-16T09:41:26.150+0000] {taskinstance.py:2644} INFO - Exporting env vars: AIRFLOW_CTX_DAG_OWNER='***' AIRFLOW_CTX_DAG_ID='spotify_final_dag' AIRFLOW_CTX_TASK_ID='hello2' AIRFLOW_CTX_EXECUTION_DATE='2024-04-16T05:32:00+00:00' AIRFLOW_CTX_TRY_NUMBER='1' AIRFLOW_CTX_DAG_RUN_ID='scheduled__2024-04-16T05:32:00+00:00'
[2024-04-16T09:41:26.153+0000] {taskinstance.py:430} INFO - ::endgroup::
[2024-04-16T09:41:26.586+0000] {logging_mixin.py:188} INFO - Connection successful
[2024-04-16T09:41:26.999+0000] {logging_mixin.py:188} INFO - Connection successful
[2024-04-16T09:41:27.406+0000] {logging_mixin.py:188} INFO - Connection successful
[2024-04-16T09:41:27.410+0000] {logging_mixin.py:188} INFO - Null Not Found
[2024-04-16T09:41:27.411+0000] {logging_mixin.py:188} INFO - Null Not Found
[2024-04-16T09:41:27.421+0000] {logging_mixin.py:188} INFO - Null Not Found
[2024-04-16T09:41:27.422+0000] {logging_mixin.py:188} INFO - Null Not Found
[2024-04-16T09:41:27.423+0000] {logging_mixin.py:188} INFO - Null Not Found
[2024-04-16T09:41:27.424+0000] {logging_mixin.py:188} INFO - Null Not Found
[2024-04-16T09:41:27.426+0000] {python.py:237} INFO - Done. Returned value was: None
[2024-04-16T09:41:27.427+0000] {taskinstance.py:441} INFO - ::group::Post task execution logs
[2024-04-16T09:41:27.435+0000] {taskinstance.py:1205} INFO - Marking task as SUCCESS. dag_id=spotify_final_dag, task_id=hello2, execution_date=20240416T053200, start_date=20240416T094125, end_date=20240416T094127
[2024-04-16T09:41:27.503+0000] {local_task_job_runner.py:240} INFO - Task exited with return code 0
[2024-04-16T09:41:27.515+0000] {taskinstance.py:3482} INFO - 0 downstream tasks scheduled from follow-on schedule check
[2024-04-16T09:41:27.517+0000] {local_task_job_runner.py:222} INFO - ::endgroup::
[2024-04-16T09:48:29.012+0000] {local_task_job_runner.py:120} INFO - ::group::Pre task execution logs
[2024-04-16T09:48:29.034+0000] {taskinstance.py:2073} INFO - Dependencies all met for dep_context=non-requeueable deps ti=<TaskInstance: spotify_final_dag.hello2 scheduled__2024-04-16T05:32:00+00:00 [queued]>
[2024-04-16T09:48:29.044+0000] {taskinstance.py:2073} INFO - Dependencies all met for dep_context=requeueable deps ti=<TaskInstance: spotify_final_dag.hello2 scheduled__2024-04-16T05:32:00+00:00 [queued]>
[2024-04-16T09:48:29.045+0000] {taskinstance.py:2303} INFO - Starting attempt 1 of 2
[2024-04-16T09:48:29.057+0000] {taskinstance.py:2327} INFO - Executing <Task(PythonOperator): hello2> on 2024-04-16 05:32:00+00:00
[2024-04-16T09:48:29.066+0000] {warnings.py:110} WARNING - /home/***/.local/lib/python3.12/site-packages/***/task/task_runner/standard_task_runner.py:61: DeprecationWarning: This process (pid=4782) is multi-threaded, use of fork() may lead to deadlocks in the child.
  pid = os.fork()

[2024-04-16T09:48:29.068+0000] {standard_task_runner.py:63} INFO - Started process 4810 to run task
[2024-04-16T09:48:29.068+0000] {standard_task_runner.py:90} INFO - Running: ['***', 'tasks', 'run', 'spotify_final_dag', 'hello2', 'scheduled__2024-04-16T05:32:00+00:00', '--job-id', '1285', '--raw', '--subdir', 'DAGS_FOLDER/dag.py', '--cfg-path', '/tmp/tmpz4gre38u']
[2024-04-16T09:48:29.069+0000] {standard_task_runner.py:91} INFO - Job 1285: Subtask hello2
[2024-04-16T09:48:29.116+0000] {task_command.py:426} INFO - Running <TaskInstance: spotify_final_dag.hello2 scheduled__2024-04-16T05:32:00+00:00 [running]> on host 52651c1f9987
[2024-04-16T09:48:29.215+0000] {taskinstance.py:2644} INFO - Exporting env vars: AIRFLOW_CTX_DAG_OWNER='***' AIRFLOW_CTX_DAG_ID='spotify_final_dag' AIRFLOW_CTX_TASK_ID='hello2' AIRFLOW_CTX_EXECUTION_DATE='2024-04-16T05:32:00+00:00' AIRFLOW_CTX_TRY_NUMBER='1' AIRFLOW_CTX_DAG_RUN_ID='scheduled__2024-04-16T05:32:00+00:00'
[2024-04-16T09:48:29.217+0000] {taskinstance.py:430} INFO - ::endgroup::
[2024-04-16T09:48:29.625+0000] {logging_mixin.py:188} INFO - Connection successful
[2024-04-16T09:48:30.074+0000] {logging_mixin.py:188} INFO - Connection successful
[2024-04-16T09:48:30.454+0000] {logging_mixin.py:188} INFO - Connection successful
[2024-04-16T09:48:30.457+0000] {logging_mixin.py:188} INFO - Null Not Found
[2024-04-16T09:48:30.458+0000] {logging_mixin.py:188} INFO - Null Not Found
[2024-04-16T09:48:30.467+0000] {logging_mixin.py:188} INFO - Null Not Found
[2024-04-16T09:48:30.468+0000] {logging_mixin.py:188} INFO - Null Not Found
[2024-04-16T09:48:30.469+0000] {logging_mixin.py:188} INFO - Null Not Found
[2024-04-16T09:48:30.470+0000] {logging_mixin.py:188} INFO - Null Not Found
[2024-04-16T09:48:30.470+0000] {python.py:237} INFO - Done. Returned value was: None
[2024-04-16T09:48:30.471+0000] {taskinstance.py:441} INFO - ::group::Post task execution logs
[2024-04-16T09:48:30.478+0000] {taskinstance.py:1205} INFO - Marking task as SUCCESS. dag_id=spotify_final_dag, task_id=hello2, execution_date=20240416T053200, start_date=20240416T094829, end_date=20240416T094830
[2024-04-16T09:48:30.526+0000] {local_task_job_runner.py:240} INFO - Task exited with return code 0
[2024-04-16T09:48:30.540+0000] {taskinstance.py:3482} INFO - 0 downstream tasks scheduled from follow-on schedule check
[2024-04-16T09:48:30.542+0000] {local_task_job_runner.py:222} INFO - ::endgroup::
