[2024-04-17T05:26:31.329+0000] {local_task_job_runner.py:120} INFO - ::group::Pre task execution logs
[2024-04-17T05:26:31.345+0000] {taskinstance.py:2073} INFO - Dependencies all met for dep_context=non-requeueable deps ti=<TaskInstance: spotify_final_dag.hello2 scheduled__2024-04-16T19:40:00+00:00 [queued]>
[2024-04-17T05:26:31.351+0000] {taskinstance.py:2073} INFO - Dependencies all met for dep_context=requeueable deps ti=<TaskInstance: spotify_final_dag.hello2 scheduled__2024-04-16T19:40:00+00:00 [queued]>
[2024-04-17T05:26:31.351+0000] {taskinstance.py:2303} INFO - Starting attempt 1 of 2
[2024-04-17T05:26:31.361+0000] {taskinstance.py:2327} INFO - Executing <Task(PythonOperator): hello2> on 2024-04-16 19:40:00+00:00
[2024-04-17T05:26:31.367+0000] {warnings.py:110} WARNING - /home/***/.local/lib/python3.12/site-packages/***/task/task_runner/standard_task_runner.py:61: DeprecationWarning: This process (pid=1929) is multi-threaded, use of fork() may lead to deadlocks in the child.
  pid = os.fork()

[2024-04-17T05:26:31.368+0000] {standard_task_runner.py:90} INFO - Running: ['***', 'tasks', 'run', 'spotify_final_dag', 'hello2', 'scheduled__2024-04-16T19:40:00+00:00', '--job-id', '2168', '--raw', '--subdir', 'DAGS_FOLDER/dag.py', '--cfg-path', '/tmp/tmpc0d9gqwm']
[2024-04-17T05:26:31.368+0000] {standard_task_runner.py:63} INFO - Started process 1950 to run task
[2024-04-17T05:26:31.369+0000] {standard_task_runner.py:91} INFO - Job 2168: Subtask hello2
[2024-04-17T05:26:31.405+0000] {task_command.py:426} INFO - Running <TaskInstance: spotify_final_dag.hello2 scheduled__2024-04-16T19:40:00+00:00 [running]> on host 52651c1f9987
[2024-04-17T05:26:31.476+0000] {taskinstance.py:2644} INFO - Exporting env vars: AIRFLOW_CTX_DAG_OWNER='***' AIRFLOW_CTX_DAG_ID='spotify_final_dag' AIRFLOW_CTX_TASK_ID='hello2' AIRFLOW_CTX_EXECUTION_DATE='2024-04-16T19:40:00+00:00' AIRFLOW_CTX_TRY_NUMBER='1' AIRFLOW_CTX_DAG_RUN_ID='scheduled__2024-04-16T19:40:00+00:00'
[2024-04-17T05:26:31.478+0000] {taskinstance.py:430} INFO - ::endgroup::
[2024-04-17T05:26:31.880+0000] {logging_mixin.py:188} INFO - Connection successful
[2024-04-17T05:26:32.310+0000] {logging_mixin.py:188} INFO - Connection successful
[2024-04-17T05:26:32.763+0000] {logging_mixin.py:188} INFO - Connection successful
[2024-04-17T05:26:32.766+0000] {logging_mixin.py:188} INFO - Null Not Found
[2024-04-17T05:26:32.767+0000] {logging_mixin.py:188} INFO - Null Not Found
[2024-04-17T05:26:32.776+0000] {logging_mixin.py:188} INFO - Null Not Found
[2024-04-17T05:26:32.777+0000] {logging_mixin.py:188} INFO - Null Not Found
[2024-04-17T05:26:32.778+0000] {logging_mixin.py:188} INFO - Null Not Found
[2024-04-17T05:26:32.779+0000] {logging_mixin.py:188} INFO - Null Not Found
[2024-04-17T05:26:32.780+0000] {python.py:237} INFO - Done. Returned value was: None
[2024-04-17T05:26:32.780+0000] {taskinstance.py:441} INFO - ::group::Post task execution logs
[2024-04-17T05:26:32.787+0000] {taskinstance.py:1205} INFO - Marking task as SUCCESS. dag_id=spotify_final_dag, task_id=hello2, execution_date=20240416T194000, start_date=20240417T052631, end_date=20240417T052632
[2024-04-17T05:26:32.826+0000] {local_task_job_runner.py:240} INFO - Task exited with return code 0
[2024-04-17T05:26:32.837+0000] {taskinstance.py:3482} INFO - 0 downstream tasks scheduled from follow-on schedule check
[2024-04-17T05:26:32.839+0000] {local_task_job_runner.py:222} INFO - ::endgroup::
