[2024-04-16T09:38:52.575+0000] {local_task_job_runner.py:120} INFO - ::group::Pre task execution logs
[2024-04-16T09:38:52.595+0000] {taskinstance.py:2073} INFO - Dependencies all met for dep_context=non-requeueable deps ti=<TaskInstance: spotify_final_dag.hello2 scheduled__2024-04-16T01:46:00+00:00 [queued]>
[2024-04-16T09:38:52.604+0000] {taskinstance.py:2073} INFO - Dependencies all met for dep_context=requeueable deps ti=<TaskInstance: spotify_final_dag.hello2 scheduled__2024-04-16T01:46:00+00:00 [queued]>
[2024-04-16T09:38:52.604+0000] {taskinstance.py:2303} INFO - Starting attempt 1 of 2
[2024-04-16T09:38:52.618+0000] {taskinstance.py:2327} INFO - Executing <Task(PythonOperator): hello2> on 2024-04-16 01:46:00+00:00
[2024-04-16T09:38:52.625+0000] {warnings.py:110} WARNING - /home/***/.local/lib/python3.12/site-packages/***/task/task_runner/standard_task_runner.py:61: DeprecationWarning: This process (pid=1798) is multi-threaded, use of fork() may lead to deadlocks in the child.
  pid = os.fork()

[2024-04-16T09:38:52.627+0000] {standard_task_runner.py:63} INFO - Started process 1818 to run task
[2024-04-16T09:38:52.627+0000] {standard_task_runner.py:90} INFO - Running: ['***', 'tasks', 'run', 'spotify_final_dag', 'hello2', 'scheduled__2024-04-16T01:46:00+00:00', '--job-id', '333', '--raw', '--subdir', 'DAGS_FOLDER/dag.py', '--cfg-path', '/tmp/tmpfrofvy7b']
[2024-04-16T09:38:52.629+0000] {standard_task_runner.py:91} INFO - Job 333: Subtask hello2
[2024-04-16T09:38:52.670+0000] {task_command.py:426} INFO - Running <TaskInstance: spotify_final_dag.hello2 scheduled__2024-04-16T01:46:00+00:00 [running]> on host 52651c1f9987
[2024-04-16T09:38:52.755+0000] {taskinstance.py:2644} INFO - Exporting env vars: AIRFLOW_CTX_DAG_OWNER='***' AIRFLOW_CTX_DAG_ID='spotify_final_dag' AIRFLOW_CTX_TASK_ID='hello2' AIRFLOW_CTX_EXECUTION_DATE='2024-04-16T01:46:00+00:00' AIRFLOW_CTX_TRY_NUMBER='1' AIRFLOW_CTX_DAG_RUN_ID='scheduled__2024-04-16T01:46:00+00:00'
[2024-04-16T09:38:52.756+0000] {taskinstance.py:430} INFO - ::endgroup::
[2024-04-16T09:38:53.186+0000] {logging_mixin.py:188} INFO - Connection successful
[2024-04-16T09:38:53.639+0000] {logging_mixin.py:188} INFO - Connection successful
[2024-04-16T09:38:54.057+0000] {logging_mixin.py:188} INFO - Connection successful
[2024-04-16T09:38:54.060+0000] {logging_mixin.py:188} INFO - Null Not Found
[2024-04-16T09:38:54.061+0000] {logging_mixin.py:188} INFO - Null Not Found
[2024-04-16T09:38:54.069+0000] {logging_mixin.py:188} INFO - Null Not Found
[2024-04-16T09:38:54.070+0000] {logging_mixin.py:188} INFO - Null Not Found
[2024-04-16T09:38:54.071+0000] {logging_mixin.py:188} INFO - Null Not Found
[2024-04-16T09:38:54.071+0000] {logging_mixin.py:188} INFO - Null Not Found
[2024-04-16T09:38:54.072+0000] {python.py:237} INFO - Done. Returned value was: None
[2024-04-16T09:38:54.072+0000] {taskinstance.py:441} INFO - ::group::Post task execution logs
[2024-04-16T09:38:54.079+0000] {taskinstance.py:1205} INFO - Marking task as SUCCESS. dag_id=spotify_final_dag, task_id=hello2, execution_date=20240416T014600, start_date=20240416T093852, end_date=20240416T093854
[2024-04-16T09:38:54.125+0000] {local_task_job_runner.py:240} INFO - Task exited with return code 0
[2024-04-16T09:38:54.139+0000] {taskinstance.py:3482} INFO - 0 downstream tasks scheduled from follow-on schedule check
[2024-04-16T09:38:54.140+0000] {local_task_job_runner.py:222} INFO - ::endgroup::
[2024-04-16T09:47:17.894+0000] {local_task_job_runner.py:120} INFO - ::group::Pre task execution logs
[2024-04-16T09:47:17.916+0000] {taskinstance.py:2073} INFO - Dependencies all met for dep_context=non-requeueable deps ti=<TaskInstance: spotify_final_dag.hello2 scheduled__2024-04-16T01:46:00+00:00 [queued]>
[2024-04-16T09:47:17.926+0000] {taskinstance.py:2073} INFO - Dependencies all met for dep_context=requeueable deps ti=<TaskInstance: spotify_final_dag.hello2 scheduled__2024-04-16T01:46:00+00:00 [queued]>
[2024-04-16T09:47:17.926+0000] {taskinstance.py:2303} INFO - Starting attempt 1 of 2
[2024-04-16T09:47:17.939+0000] {taskinstance.py:2327} INFO - Executing <Task(PythonOperator): hello2> on 2024-04-16 01:46:00+00:00
[2024-04-16T09:47:17.948+0000] {warnings.py:110} WARNING - /home/***/.local/lib/python3.12/site-packages/***/task/task_runner/standard_task_runner.py:61: DeprecationWarning: This process (pid=4095) is multi-threaded, use of fork() may lead to deadlocks in the child.
  pid = os.fork()

[2024-04-16T09:47:17.950+0000] {standard_task_runner.py:63} INFO - Started process 4122 to run task
[2024-04-16T09:47:17.950+0000] {standard_task_runner.py:90} INFO - Running: ['***', 'tasks', 'run', 'spotify_final_dag', 'hello2', 'scheduled__2024-04-16T01:46:00+00:00', '--job-id', '1063', '--raw', '--subdir', 'DAGS_FOLDER/dag.py', '--cfg-path', '/tmp/tmppo978thp']
[2024-04-16T09:47:17.951+0000] {standard_task_runner.py:91} INFO - Job 1063: Subtask hello2
[2024-04-16T09:47:18.000+0000] {task_command.py:426} INFO - Running <TaskInstance: spotify_final_dag.hello2 scheduled__2024-04-16T01:46:00+00:00 [running]> on host 52651c1f9987
[2024-04-16T09:47:18.088+0000] {taskinstance.py:2644} INFO - Exporting env vars: AIRFLOW_CTX_DAG_OWNER='***' AIRFLOW_CTX_DAG_ID='spotify_final_dag' AIRFLOW_CTX_TASK_ID='hello2' AIRFLOW_CTX_EXECUTION_DATE='2024-04-16T01:46:00+00:00' AIRFLOW_CTX_TRY_NUMBER='1' AIRFLOW_CTX_DAG_RUN_ID='scheduled__2024-04-16T01:46:00+00:00'
[2024-04-16T09:47:18.090+0000] {taskinstance.py:430} INFO - ::endgroup::
[2024-04-16T09:47:18.535+0000] {logging_mixin.py:188} INFO - Connection successful
[2024-04-16T09:47:18.965+0000] {logging_mixin.py:188} INFO - Connection successful
[2024-04-16T09:47:19.402+0000] {logging_mixin.py:188} INFO - Connection successful
[2024-04-16T09:47:19.406+0000] {logging_mixin.py:188} INFO - Null Not Found
[2024-04-16T09:47:19.407+0000] {logging_mixin.py:188} INFO - Null Not Found
[2024-04-16T09:47:19.415+0000] {logging_mixin.py:188} INFO - Null Not Found
[2024-04-16T09:47:19.416+0000] {logging_mixin.py:188} INFO - Null Not Found
[2024-04-16T09:47:19.417+0000] {logging_mixin.py:188} INFO - Null Not Found
[2024-04-16T09:47:19.417+0000] {logging_mixin.py:188} INFO - Null Not Found
[2024-04-16T09:47:19.418+0000] {python.py:237} INFO - Done. Returned value was: None
[2024-04-16T09:47:19.419+0000] {taskinstance.py:441} INFO - ::group::Post task execution logs
[2024-04-16T09:47:19.426+0000] {taskinstance.py:1205} INFO - Marking task as SUCCESS. dag_id=spotify_final_dag, task_id=hello2, execution_date=20240416T014600, start_date=20240416T094717, end_date=20240416T094719
[2024-04-16T09:47:19.447+0000] {local_task_job_runner.py:240} INFO - Task exited with return code 0
[2024-04-16T09:47:19.459+0000] {taskinstance.py:3482} INFO - 0 downstream tasks scheduled from follow-on schedule check
[2024-04-16T09:47:19.460+0000] {local_task_job_runner.py:222} INFO - ::endgroup::
