[2024-04-16T09:38:29.221+0000] {local_task_job_runner.py:120} INFO - ::group::Pre task execution logs
[2024-04-16T09:38:29.247+0000] {taskinstance.py:2073} INFO - Dependencies all met for dep_context=non-requeueable deps ti=<TaskInstance: spotify_final_dag.hello2 scheduled__2024-04-16T01:08:00+00:00 [queued]>
[2024-04-16T09:38:29.259+0000] {taskinstance.py:2073} INFO - Dependencies all met for dep_context=requeueable deps ti=<TaskInstance: spotify_final_dag.hello2 scheduled__2024-04-16T01:08:00+00:00 [queued]>
[2024-04-16T09:38:29.260+0000] {taskinstance.py:2303} INFO - Starting attempt 1 of 2
[2024-04-16T09:38:29.275+0000] {taskinstance.py:2327} INFO - Executing <Task(PythonOperator): hello2> on 2024-04-16 01:08:00+00:00
[2024-04-16T09:38:29.286+0000] {warnings.py:110} WARNING - /home/***/.local/lib/python3.12/site-packages/***/task/task_runner/standard_task_runner.py:61: DeprecationWarning: This process (pid=1578) is multi-threaded, use of fork() may lead to deadlocks in the child.
  pid = os.fork()

[2024-04-16T09:38:29.288+0000] {standard_task_runner.py:63} INFO - Started process 1604 to run task
[2024-04-16T09:38:29.288+0000] {standard_task_runner.py:90} INFO - Running: ['***', 'tasks', 'run', 'spotify_final_dag', 'hello2', 'scheduled__2024-04-16T01:08:00+00:00', '--job-id', '261', '--raw', '--subdir', 'DAGS_FOLDER/dag.py', '--cfg-path', '/tmp/tmpz0fc51lr']
[2024-04-16T09:38:29.289+0000] {standard_task_runner.py:91} INFO - Job 261: Subtask hello2
[2024-04-16T09:38:29.341+0000] {task_command.py:426} INFO - Running <TaskInstance: spotify_final_dag.hello2 scheduled__2024-04-16T01:08:00+00:00 [running]> on host 52651c1f9987
[2024-04-16T09:38:29.441+0000] {taskinstance.py:2644} INFO - Exporting env vars: AIRFLOW_CTX_DAG_OWNER='***' AIRFLOW_CTX_DAG_ID='spotify_final_dag' AIRFLOW_CTX_TASK_ID='hello2' AIRFLOW_CTX_EXECUTION_DATE='2024-04-16T01:08:00+00:00' AIRFLOW_CTX_TRY_NUMBER='1' AIRFLOW_CTX_DAG_RUN_ID='scheduled__2024-04-16T01:08:00+00:00'
[2024-04-16T09:38:29.443+0000] {taskinstance.py:430} INFO - ::endgroup::
[2024-04-16T09:38:29.871+0000] {logging_mixin.py:188} INFO - Connection successful
[2024-04-16T09:38:30.318+0000] {logging_mixin.py:188} INFO - Connection successful
[2024-04-16T09:38:30.750+0000] {logging_mixin.py:188} INFO - Connection successful
[2024-04-16T09:38:30.756+0000] {logging_mixin.py:188} INFO - Null Not Found
[2024-04-16T09:38:30.757+0000] {logging_mixin.py:188} INFO - Null Not Found
[2024-04-16T09:38:30.766+0000] {logging_mixin.py:188} INFO - Null Not Found
[2024-04-16T09:38:30.767+0000] {logging_mixin.py:188} INFO - Null Not Found
[2024-04-16T09:38:30.769+0000] {logging_mixin.py:188} INFO - Null Not Found
[2024-04-16T09:38:30.770+0000] {logging_mixin.py:188} INFO - Null Not Found
[2024-04-16T09:38:30.772+0000] {python.py:237} INFO - Done. Returned value was: None
[2024-04-16T09:38:30.773+0000] {taskinstance.py:441} INFO - ::group::Post task execution logs
[2024-04-16T09:38:30.784+0000] {taskinstance.py:1205} INFO - Marking task as SUCCESS. dag_id=spotify_final_dag, task_id=hello2, execution_date=20240416T010800, start_date=20240416T093829, end_date=20240416T093830
[2024-04-16T09:38:30.826+0000] {local_task_job_runner.py:240} INFO - Task exited with return code 0
[2024-04-16T09:38:30.844+0000] {taskinstance.py:3482} INFO - 0 downstream tasks scheduled from follow-on schedule check
[2024-04-16T09:38:30.846+0000] {local_task_job_runner.py:222} INFO - ::endgroup::
[2024-04-16T09:47:07.112+0000] {local_task_job_runner.py:120} INFO - ::group::Pre task execution logs
[2024-04-16T09:47:07.143+0000] {taskinstance.py:2073} INFO - Dependencies all met for dep_context=non-requeueable deps ti=<TaskInstance: spotify_final_dag.hello2 scheduled__2024-04-16T01:08:00+00:00 [queued]>
[2024-04-16T09:47:07.153+0000] {taskinstance.py:2073} INFO - Dependencies all met for dep_context=requeueable deps ti=<TaskInstance: spotify_final_dag.hello2 scheduled__2024-04-16T01:08:00+00:00 [queued]>
[2024-04-16T09:47:07.153+0000] {taskinstance.py:2303} INFO - Starting attempt 1 of 2
[2024-04-16T09:47:07.171+0000] {taskinstance.py:2327} INFO - Executing <Task(PythonOperator): hello2> on 2024-04-16 01:08:00+00:00
[2024-04-16T09:47:07.180+0000] {warnings.py:110} WARNING - /home/***/.local/lib/python3.12/site-packages/***/task/task_runner/standard_task_runner.py:61: DeprecationWarning: This process (pid=3984) is multi-threaded, use of fork() may lead to deadlocks in the child.
  pid = os.fork()

[2024-04-16T09:47:07.182+0000] {standard_task_runner.py:63} INFO - Started process 4022 to run task
[2024-04-16T09:47:07.183+0000] {standard_task_runner.py:90} INFO - Running: ['***', 'tasks', 'run', 'spotify_final_dag', 'hello2', 'scheduled__2024-04-16T01:08:00+00:00', '--job-id', '1027', '--raw', '--subdir', 'DAGS_FOLDER/dag.py', '--cfg-path', '/tmp/tmpg807_ffx']
[2024-04-16T09:47:07.184+0000] {standard_task_runner.py:91} INFO - Job 1027: Subtask hello2
[2024-04-16T09:47:07.241+0000] {task_command.py:426} INFO - Running <TaskInstance: spotify_final_dag.hello2 scheduled__2024-04-16T01:08:00+00:00 [running]> on host 52651c1f9987
[2024-04-16T09:47:07.345+0000] {taskinstance.py:2644} INFO - Exporting env vars: AIRFLOW_CTX_DAG_OWNER='***' AIRFLOW_CTX_DAG_ID='spotify_final_dag' AIRFLOW_CTX_TASK_ID='hello2' AIRFLOW_CTX_EXECUTION_DATE='2024-04-16T01:08:00+00:00' AIRFLOW_CTX_TRY_NUMBER='1' AIRFLOW_CTX_DAG_RUN_ID='scheduled__2024-04-16T01:08:00+00:00'
[2024-04-16T09:47:07.346+0000] {taskinstance.py:430} INFO - ::endgroup::
[2024-04-16T09:47:07.789+0000] {logging_mixin.py:188} INFO - Connection successful
[2024-04-16T09:47:08.224+0000] {logging_mixin.py:188} INFO - Connection successful
[2024-04-16T09:47:08.628+0000] {logging_mixin.py:188} INFO - Connection successful
[2024-04-16T09:47:08.633+0000] {logging_mixin.py:188} INFO - Null Not Found
[2024-04-16T09:47:08.634+0000] {logging_mixin.py:188} INFO - Null Not Found
[2024-04-16T09:47:08.647+0000] {logging_mixin.py:188} INFO - Null Not Found
[2024-04-16T09:47:08.647+0000] {logging_mixin.py:188} INFO - Null Not Found
[2024-04-16T09:47:08.648+0000] {logging_mixin.py:188} INFO - Null Not Found
[2024-04-16T09:47:08.649+0000] {logging_mixin.py:188} INFO - Null Not Found
[2024-04-16T09:47:08.650+0000] {python.py:237} INFO - Done. Returned value was: None
[2024-04-16T09:47:08.650+0000] {taskinstance.py:441} INFO - ::group::Post task execution logs
[2024-04-16T09:47:08.657+0000] {taskinstance.py:1205} INFO - Marking task as SUCCESS. dag_id=spotify_final_dag, task_id=hello2, execution_date=20240416T010800, start_date=20240416T094707, end_date=20240416T094708
[2024-04-16T09:47:08.682+0000] {local_task_job_runner.py:240} INFO - Task exited with return code 0
[2024-04-16T09:47:08.697+0000] {taskinstance.py:3482} INFO - 0 downstream tasks scheduled from follow-on schedule check
[2024-04-16T09:47:08.698+0000] {local_task_job_runner.py:222} INFO - ::endgroup::
